[2025-01-17T20:53:55.495+0000] {processor.py:157} INFO - Started process (PID=76) to work on /home/airflow/.local/lib/python3.10/site-packages/airflow/example_dags/example_branch_day_of_week_operator.py
[2025-01-17T20:53:55.496+0000] {processor.py:829} INFO - Processing file /home/airflow/.local/lib/python3.10/site-packages/airflow/example_dags/example_branch_day_of_week_operator.py for tasks to queue
[2025-01-17T20:53:55.498+0000] {logging_mixin.py:154} INFO - [2025-01-17T20:53:55.498+0000] {dagbag.py:536} INFO - Filling up the DagBag from /home/airflow/.local/lib/python3.10/site-packages/airflow/example_dags/example_branch_day_of_week_operator.py
[2025-01-17T20:53:55.508+0000] {processor.py:839} INFO - DAG(s) dict_keys(['example_weekday_branch_operator']) retrieved from /home/airflow/.local/lib/python3.10/site-packages/airflow/example_dags/example_branch_day_of_week_operator.py
[2025-01-17T20:53:55.521+0000] {logging_mixin.py:154} INFO - [2025-01-17T20:53:55.521+0000] {dag.py:2941} INFO - Sync 1 DAGs
[2025-01-17T20:53:55.551+0000] {logging_mixin.py:154} INFO - [2025-01-17T20:53:55.550+0000] {dag.py:3722} INFO - Setting next_dagrun for example_weekday_branch_operator to 2025-01-16T00:00:00+00:00, run_after=2025-01-17T00:00:00+00:00
[2025-01-17T20:53:55.569+0000] {processor.py:179} INFO - Processing /home/airflow/.local/lib/python3.10/site-packages/airflow/example_dags/example_branch_day_of_week_operator.py took 0.077 seconds
[2025-01-17T20:54:25.906+0000] {processor.py:157} INFO - Started process (PID=131) to work on /home/airflow/.local/lib/python3.10/site-packages/airflow/example_dags/example_branch_day_of_week_operator.py
[2025-01-17T20:54:25.908+0000] {processor.py:829} INFO - Processing file /home/airflow/.local/lib/python3.10/site-packages/airflow/example_dags/example_branch_day_of_week_operator.py for tasks to queue
[2025-01-17T20:54:25.910+0000] {logging_mixin.py:154} INFO - [2025-01-17T20:54:25.910+0000] {dagbag.py:536} INFO - Filling up the DagBag from /home/airflow/.local/lib/python3.10/site-packages/airflow/example_dags/example_branch_day_of_week_operator.py
[2025-01-17T20:54:25.917+0000] {processor.py:839} INFO - DAG(s) dict_keys(['example_weekday_branch_operator']) retrieved from /home/airflow/.local/lib/python3.10/site-packages/airflow/example_dags/example_branch_day_of_week_operator.py
[2025-01-17T20:54:25.936+0000] {logging_mixin.py:154} INFO - [2025-01-17T20:54:25.936+0000] {dag.py:2941} INFO - Sync 1 DAGs
[2025-01-17T20:54:25.957+0000] {logging_mixin.py:154} INFO - [2025-01-17T20:54:25.956+0000] {dag.py:3722} INFO - Setting next_dagrun for example_weekday_branch_operator to 2025-01-16T00:00:00+00:00, run_after=2025-01-17T00:00:00+00:00
[2025-01-17T20:54:25.977+0000] {processor.py:179} INFO - Processing /home/airflow/.local/lib/python3.10/site-packages/airflow/example_dags/example_branch_day_of_week_operator.py took 0.075 seconds
[2025-01-17T20:54:56.312+0000] {processor.py:157} INFO - Started process (PID=186) to work on /home/airflow/.local/lib/python3.10/site-packages/airflow/example_dags/example_branch_day_of_week_operator.py
[2025-01-17T20:54:56.313+0000] {processor.py:829} INFO - Processing file /home/airflow/.local/lib/python3.10/site-packages/airflow/example_dags/example_branch_day_of_week_operator.py for tasks to queue
[2025-01-17T20:54:56.315+0000] {logging_mixin.py:154} INFO - [2025-01-17T20:54:56.315+0000] {dagbag.py:536} INFO - Filling up the DagBag from /home/airflow/.local/lib/python3.10/site-packages/airflow/example_dags/example_branch_day_of_week_operator.py
[2025-01-17T20:54:56.322+0000] {processor.py:839} INFO - DAG(s) dict_keys(['example_weekday_branch_operator']) retrieved from /home/airflow/.local/lib/python3.10/site-packages/airflow/example_dags/example_branch_day_of_week_operator.py
[2025-01-17T20:54:56.342+0000] {logging_mixin.py:154} INFO - [2025-01-17T20:54:56.341+0000] {dag.py:2941} INFO - Sync 1 DAGs
[2025-01-17T20:54:56.365+0000] {logging_mixin.py:154} INFO - [2025-01-17T20:54:56.365+0000] {dag.py:3722} INFO - Setting next_dagrun for example_weekday_branch_operator to 2025-01-16T00:00:00+00:00, run_after=2025-01-17T00:00:00+00:00
[2025-01-17T20:54:56.385+0000] {processor.py:179} INFO - Processing /home/airflow/.local/lib/python3.10/site-packages/airflow/example_dags/example_branch_day_of_week_operator.py took 0.076 seconds
[2025-01-17T20:55:27.477+0000] {processor.py:157} INFO - Started process (PID=241) to work on /home/airflow/.local/lib/python3.10/site-packages/airflow/example_dags/example_branch_day_of_week_operator.py
[2025-01-17T20:55:27.477+0000] {processor.py:829} INFO - Processing file /home/airflow/.local/lib/python3.10/site-packages/airflow/example_dags/example_branch_day_of_week_operator.py for tasks to queue
[2025-01-17T20:55:27.479+0000] {logging_mixin.py:154} INFO - [2025-01-17T20:55:27.479+0000] {dagbag.py:536} INFO - Filling up the DagBag from /home/airflow/.local/lib/python3.10/site-packages/airflow/example_dags/example_branch_day_of_week_operator.py
[2025-01-17T20:55:27.486+0000] {processor.py:839} INFO - DAG(s) dict_keys(['example_weekday_branch_operator']) retrieved from /home/airflow/.local/lib/python3.10/site-packages/airflow/example_dags/example_branch_day_of_week_operator.py
[2025-01-17T20:55:27.504+0000] {logging_mixin.py:154} INFO - [2025-01-17T20:55:27.504+0000] {dag.py:2941} INFO - Sync 1 DAGs
[2025-01-17T20:55:27.524+0000] {logging_mixin.py:154} INFO - [2025-01-17T20:55:27.524+0000] {dag.py:3722} INFO - Setting next_dagrun for example_weekday_branch_operator to 2025-01-16T00:00:00+00:00, run_after=2025-01-17T00:00:00+00:00
[2025-01-17T20:55:27.540+0000] {processor.py:179} INFO - Processing /home/airflow/.local/lib/python3.10/site-packages/airflow/example_dags/example_branch_day_of_week_operator.py took 0.066 seconds
[2025-01-17T20:55:58.582+0000] {processor.py:157} INFO - Started process (PID=296) to work on /home/airflow/.local/lib/python3.10/site-packages/airflow/example_dags/example_branch_day_of_week_operator.py
[2025-01-17T20:55:58.583+0000] {processor.py:829} INFO - Processing file /home/airflow/.local/lib/python3.10/site-packages/airflow/example_dags/example_branch_day_of_week_operator.py for tasks to queue
[2025-01-17T20:55:58.586+0000] {logging_mixin.py:154} INFO - [2025-01-17T20:55:58.586+0000] {dagbag.py:536} INFO - Filling up the DagBag from /home/airflow/.local/lib/python3.10/site-packages/airflow/example_dags/example_branch_day_of_week_operator.py
[2025-01-17T20:55:58.594+0000] {processor.py:839} INFO - DAG(s) dict_keys(['example_weekday_branch_operator']) retrieved from /home/airflow/.local/lib/python3.10/site-packages/airflow/example_dags/example_branch_day_of_week_operator.py
[2025-01-17T20:55:58.614+0000] {logging_mixin.py:154} INFO - [2025-01-17T20:55:58.613+0000] {dag.py:2941} INFO - Sync 1 DAGs
[2025-01-17T20:55:58.635+0000] {logging_mixin.py:154} INFO - [2025-01-17T20:55:58.635+0000] {dag.py:3722} INFO - Setting next_dagrun for example_weekday_branch_operator to 2025-01-16T00:00:00+00:00, run_after=2025-01-17T00:00:00+00:00
[2025-01-17T20:55:58.651+0000] {processor.py:179} INFO - Processing /home/airflow/.local/lib/python3.10/site-packages/airflow/example_dags/example_branch_day_of_week_operator.py took 0.073 seconds
[2025-01-17T20:56:28.790+0000] {processor.py:157} INFO - Started process (PID=351) to work on /home/airflow/.local/lib/python3.10/site-packages/airflow/example_dags/example_branch_day_of_week_operator.py
[2025-01-17T20:56:28.791+0000] {processor.py:829} INFO - Processing file /home/airflow/.local/lib/python3.10/site-packages/airflow/example_dags/example_branch_day_of_week_operator.py for tasks to queue
[2025-01-17T20:56:28.792+0000] {logging_mixin.py:154} INFO - [2025-01-17T20:56:28.792+0000] {dagbag.py:536} INFO - Filling up the DagBag from /home/airflow/.local/lib/python3.10/site-packages/airflow/example_dags/example_branch_day_of_week_operator.py
[2025-01-17T20:56:28.799+0000] {processor.py:839} INFO - DAG(s) dict_keys(['example_weekday_branch_operator']) retrieved from /home/airflow/.local/lib/python3.10/site-packages/airflow/example_dags/example_branch_day_of_week_operator.py
[2025-01-17T20:56:28.817+0000] {logging_mixin.py:154} INFO - [2025-01-17T20:56:28.817+0000] {dag.py:2941} INFO - Sync 1 DAGs
[2025-01-17T20:56:28.836+0000] {logging_mixin.py:154} INFO - [2025-01-17T20:56:28.836+0000] {dag.py:3722} INFO - Setting next_dagrun for example_weekday_branch_operator to 2025-01-16T00:00:00+00:00, run_after=2025-01-17T00:00:00+00:00
[2025-01-17T20:56:28.851+0000] {processor.py:179} INFO - Processing /home/airflow/.local/lib/python3.10/site-packages/airflow/example_dags/example_branch_day_of_week_operator.py took 0.064 seconds
