[2025-01-17T20:53:55.799+0000] {processor.py:157} INFO - Started process (PID=82) to work on /home/airflow/.local/lib/python3.10/site-packages/airflow/example_dags/example_kubernetes_executor.py
[2025-01-17T20:53:55.801+0000] {processor.py:829} INFO - Processing file /home/airflow/.local/lib/python3.10/site-packages/airflow/example_dags/example_kubernetes_executor.py for tasks to queue
[2025-01-17T20:53:55.803+0000] {logging_mixin.py:154} INFO - [2025-01-17T20:53:55.802+0000] {dagbag.py:536} INFO - Filling up the DagBag from /home/airflow/.local/lib/python3.10/site-packages/airflow/example_dags/example_kubernetes_executor.py
[2025-01-17T20:53:55.822+0000] {processor.py:839} INFO - DAG(s) dict_keys(['example_kubernetes_executor']) retrieved from /home/airflow/.local/lib/python3.10/site-packages/airflow/example_dags/example_kubernetes_executor.py
[2025-01-17T20:53:55.838+0000] {logging_mixin.py:154} INFO - [2025-01-17T20:53:55.838+0000] {dag.py:2941} INFO - Sync 1 DAGs
[2025-01-17T20:53:55.857+0000] {logging_mixin.py:154} INFO - [2025-01-17T20:53:55.857+0000] {dag.py:3722} INFO - Setting next_dagrun for example_kubernetes_executor to None, run_after=None
[2025-01-17T20:53:55.882+0000] {processor.py:179} INFO - Processing /home/airflow/.local/lib/python3.10/site-packages/airflow/example_dags/example_kubernetes_executor.py took 0.085 seconds
[2025-01-17T20:54:26.196+0000] {processor.py:157} INFO - Started process (PID=137) to work on /home/airflow/.local/lib/python3.10/site-packages/airflow/example_dags/example_kubernetes_executor.py
[2025-01-17T20:54:26.197+0000] {processor.py:829} INFO - Processing file /home/airflow/.local/lib/python3.10/site-packages/airflow/example_dags/example_kubernetes_executor.py for tasks to queue
[2025-01-17T20:54:26.198+0000] {logging_mixin.py:154} INFO - [2025-01-17T20:54:26.198+0000] {dagbag.py:536} INFO - Filling up the DagBag from /home/airflow/.local/lib/python3.10/site-packages/airflow/example_dags/example_kubernetes_executor.py
[2025-01-17T20:54:26.210+0000] {processor.py:839} INFO - DAG(s) dict_keys(['example_kubernetes_executor']) retrieved from /home/airflow/.local/lib/python3.10/site-packages/airflow/example_dags/example_kubernetes_executor.py
[2025-01-17T20:54:26.255+0000] {logging_mixin.py:154} INFO - [2025-01-17T20:54:26.255+0000] {dag.py:2941} INFO - Sync 1 DAGs
[2025-01-17T20:54:26.269+0000] {logging_mixin.py:154} INFO - [2025-01-17T20:54:26.269+0000] {dag.py:3722} INFO - Setting next_dagrun for example_kubernetes_executor to None, run_after=None
[2025-01-17T20:54:26.296+0000] {processor.py:179} INFO - Processing /home/airflow/.local/lib/python3.10/site-packages/airflow/example_dags/example_kubernetes_executor.py took 0.103 seconds
[2025-01-17T20:54:56.607+0000] {processor.py:157} INFO - Started process (PID=192) to work on /home/airflow/.local/lib/python3.10/site-packages/airflow/example_dags/example_kubernetes_executor.py
[2025-01-17T20:54:56.608+0000] {processor.py:829} INFO - Processing file /home/airflow/.local/lib/python3.10/site-packages/airflow/example_dags/example_kubernetes_executor.py for tasks to queue
[2025-01-17T20:54:56.610+0000] {logging_mixin.py:154} INFO - [2025-01-17T20:54:56.610+0000] {dagbag.py:536} INFO - Filling up the DagBag from /home/airflow/.local/lib/python3.10/site-packages/airflow/example_dags/example_kubernetes_executor.py
[2025-01-17T20:54:56.622+0000] {processor.py:839} INFO - DAG(s) dict_keys(['example_kubernetes_executor']) retrieved from /home/airflow/.local/lib/python3.10/site-packages/airflow/example_dags/example_kubernetes_executor.py
[2025-01-17T20:54:56.662+0000] {logging_mixin.py:154} INFO - [2025-01-17T20:54:56.662+0000] {dag.py:2941} INFO - Sync 1 DAGs
[2025-01-17T20:54:56.676+0000] {logging_mixin.py:154} INFO - [2025-01-17T20:54:56.676+0000] {dag.py:3722} INFO - Setting next_dagrun for example_kubernetes_executor to None, run_after=None
[2025-01-17T20:54:56.695+0000] {processor.py:179} INFO - Processing /home/airflow/.local/lib/python3.10/site-packages/airflow/example_dags/example_kubernetes_executor.py took 0.091 seconds
[2025-01-17T20:55:27.745+0000] {processor.py:157} INFO - Started process (PID=247) to work on /home/airflow/.local/lib/python3.10/site-packages/airflow/example_dags/example_kubernetes_executor.py
[2025-01-17T20:55:27.745+0000] {processor.py:829} INFO - Processing file /home/airflow/.local/lib/python3.10/site-packages/airflow/example_dags/example_kubernetes_executor.py for tasks to queue
[2025-01-17T20:55:27.747+0000] {logging_mixin.py:154} INFO - [2025-01-17T20:55:27.747+0000] {dagbag.py:536} INFO - Filling up the DagBag from /home/airflow/.local/lib/python3.10/site-packages/airflow/example_dags/example_kubernetes_executor.py
[2025-01-17T20:55:27.759+0000] {processor.py:839} INFO - DAG(s) dict_keys(['example_kubernetes_executor']) retrieved from /home/airflow/.local/lib/python3.10/site-packages/airflow/example_dags/example_kubernetes_executor.py
[2025-01-17T20:55:27.793+0000] {logging_mixin.py:154} INFO - [2025-01-17T20:55:27.793+0000] {dag.py:2941} INFO - Sync 1 DAGs
[2025-01-17T20:55:27.804+0000] {logging_mixin.py:154} INFO - [2025-01-17T20:55:27.804+0000] {dag.py:3722} INFO - Setting next_dagrun for example_kubernetes_executor to None, run_after=None
[2025-01-17T20:55:27.820+0000] {processor.py:179} INFO - Processing /home/airflow/.local/lib/python3.10/site-packages/airflow/example_dags/example_kubernetes_executor.py took 0.079 seconds
[2025-01-17T20:55:58.858+0000] {processor.py:157} INFO - Started process (PID=302) to work on /home/airflow/.local/lib/python3.10/site-packages/airflow/example_dags/example_kubernetes_executor.py
[2025-01-17T20:55:58.859+0000] {processor.py:829} INFO - Processing file /home/airflow/.local/lib/python3.10/site-packages/airflow/example_dags/example_kubernetes_executor.py for tasks to queue
[2025-01-17T20:55:58.861+0000] {logging_mixin.py:154} INFO - [2025-01-17T20:55:58.860+0000] {dagbag.py:536} INFO - Filling up the DagBag from /home/airflow/.local/lib/python3.10/site-packages/airflow/example_dags/example_kubernetes_executor.py
[2025-01-17T20:55:58.873+0000] {processor.py:839} INFO - DAG(s) dict_keys(['example_kubernetes_executor']) retrieved from /home/airflow/.local/lib/python3.10/site-packages/airflow/example_dags/example_kubernetes_executor.py
[2025-01-17T20:55:58.909+0000] {logging_mixin.py:154} INFO - [2025-01-17T20:55:58.908+0000] {dag.py:2941} INFO - Sync 1 DAGs
[2025-01-17T20:55:58.920+0000] {logging_mixin.py:154} INFO - [2025-01-17T20:55:58.920+0000] {dag.py:3722} INFO - Setting next_dagrun for example_kubernetes_executor to None, run_after=None
[2025-01-17T20:55:58.936+0000] {processor.py:179} INFO - Processing /home/airflow/.local/lib/python3.10/site-packages/airflow/example_dags/example_kubernetes_executor.py took 0.081 seconds
[2025-01-17T20:56:29.204+0000] {processor.py:157} INFO - Started process (PID=357) to work on /home/airflow/.local/lib/python3.10/site-packages/airflow/example_dags/example_kubernetes_executor.py
[2025-01-17T20:56:29.204+0000] {processor.py:829} INFO - Processing file /home/airflow/.local/lib/python3.10/site-packages/airflow/example_dags/example_kubernetes_executor.py for tasks to queue
[2025-01-17T20:56:29.206+0000] {logging_mixin.py:154} INFO - [2025-01-17T20:56:29.206+0000] {dagbag.py:536} INFO - Filling up the DagBag from /home/airflow/.local/lib/python3.10/site-packages/airflow/example_dags/example_kubernetes_executor.py
[2025-01-17T20:56:29.217+0000] {processor.py:839} INFO - DAG(s) dict_keys(['example_kubernetes_executor']) retrieved from /home/airflow/.local/lib/python3.10/site-packages/airflow/example_dags/example_kubernetes_executor.py
[2025-01-17T20:56:29.252+0000] {logging_mixin.py:154} INFO - [2025-01-17T20:56:29.252+0000] {dag.py:2941} INFO - Sync 1 DAGs
[2025-01-17T20:56:29.263+0000] {logging_mixin.py:154} INFO - [2025-01-17T20:56:29.263+0000] {dag.py:3722} INFO - Setting next_dagrun for example_kubernetes_executor to None, run_after=None
[2025-01-17T20:56:29.278+0000] {processor.py:179} INFO - Processing /home/airflow/.local/lib/python3.10/site-packages/airflow/example_dags/example_kubernetes_executor.py took 0.077 seconds
