[2025-01-17T20:53:56.129+0000] {processor.py:157} INFO - Started process (PID=89) to work on /home/airflow/.local/lib/python3.10/site-packages/airflow/example_dags/example_branch_python_dop_operator_3.py
[2025-01-17T20:53:56.130+0000] {processor.py:829} INFO - Processing file /home/airflow/.local/lib/python3.10/site-packages/airflow/example_dags/example_branch_python_dop_operator_3.py for tasks to queue
[2025-01-17T20:53:56.133+0000] {logging_mixin.py:154} INFO - [2025-01-17T20:53:56.132+0000] {dagbag.py:536} INFO - Filling up the DagBag from /home/airflow/.local/lib/python3.10/site-packages/airflow/example_dags/example_branch_python_dop_operator_3.py
[2025-01-17T20:53:56.141+0000] {processor.py:839} INFO - DAG(s) dict_keys(['example_branch_dop_operator_v3']) retrieved from /home/airflow/.local/lib/python3.10/site-packages/airflow/example_dags/example_branch_python_dop_operator_3.py
[2025-01-17T20:53:56.153+0000] {logging_mixin.py:154} INFO - [2025-01-17T20:53:56.152+0000] {dag.py:2941} INFO - Sync 1 DAGs
[2025-01-17T20:53:56.181+0000] {logging_mixin.py:154} INFO - [2025-01-17T20:53:56.180+0000] {dag.py:3722} INFO - Setting next_dagrun for example_branch_dop_operator_v3 to 2025-01-17T20:52:00+00:00, run_after=2025-01-17T20:53:00+00:00
[2025-01-17T20:53:56.197+0000] {processor.py:179} INFO - Processing /home/airflow/.local/lib/python3.10/site-packages/airflow/example_dags/example_branch_python_dop_operator_3.py took 0.070 seconds
[2025-01-17T20:54:26.566+0000] {processor.py:157} INFO - Started process (PID=144) to work on /home/airflow/.local/lib/python3.10/site-packages/airflow/example_dags/example_branch_python_dop_operator_3.py
[2025-01-17T20:54:26.567+0000] {processor.py:829} INFO - Processing file /home/airflow/.local/lib/python3.10/site-packages/airflow/example_dags/example_branch_python_dop_operator_3.py for tasks to queue
[2025-01-17T20:54:26.570+0000] {logging_mixin.py:154} INFO - [2025-01-17T20:54:26.569+0000] {dagbag.py:536} INFO - Filling up the DagBag from /home/airflow/.local/lib/python3.10/site-packages/airflow/example_dags/example_branch_python_dop_operator_3.py
[2025-01-17T20:54:26.577+0000] {processor.py:839} INFO - DAG(s) dict_keys(['example_branch_dop_operator_v3']) retrieved from /home/airflow/.local/lib/python3.10/site-packages/airflow/example_dags/example_branch_python_dop_operator_3.py
[2025-01-17T20:54:26.595+0000] {logging_mixin.py:154} INFO - [2025-01-17T20:54:26.594+0000] {dag.py:2941} INFO - Sync 1 DAGs
[2025-01-17T20:54:26.618+0000] {logging_mixin.py:154} INFO - [2025-01-17T20:54:26.618+0000] {dag.py:3722} INFO - Setting next_dagrun for example_branch_dop_operator_v3 to 2025-01-17T20:53:00+00:00, run_after=2025-01-17T20:54:00+00:00
[2025-01-17T20:54:26.636+0000] {processor.py:179} INFO - Processing /home/airflow/.local/lib/python3.10/site-packages/airflow/example_dags/example_branch_python_dop_operator_3.py took 0.073 seconds
[2025-01-17T20:54:56.969+0000] {processor.py:157} INFO - Started process (PID=199) to work on /home/airflow/.local/lib/python3.10/site-packages/airflow/example_dags/example_branch_python_dop_operator_3.py
[2025-01-17T20:54:56.969+0000] {processor.py:829} INFO - Processing file /home/airflow/.local/lib/python3.10/site-packages/airflow/example_dags/example_branch_python_dop_operator_3.py for tasks to queue
[2025-01-17T20:54:56.972+0000] {logging_mixin.py:154} INFO - [2025-01-17T20:54:56.971+0000] {dagbag.py:536} INFO - Filling up the DagBag from /home/airflow/.local/lib/python3.10/site-packages/airflow/example_dags/example_branch_python_dop_operator_3.py
[2025-01-17T20:54:56.979+0000] {processor.py:839} INFO - DAG(s) dict_keys(['example_branch_dop_operator_v3']) retrieved from /home/airflow/.local/lib/python3.10/site-packages/airflow/example_dags/example_branch_python_dop_operator_3.py
[2025-01-17T20:54:56.999+0000] {logging_mixin.py:154} INFO - [2025-01-17T20:54:56.998+0000] {dag.py:2941} INFO - Sync 1 DAGs
[2025-01-17T20:54:57.022+0000] {logging_mixin.py:154} INFO - [2025-01-17T20:54:57.022+0000] {dag.py:3722} INFO - Setting next_dagrun for example_branch_dop_operator_v3 to 2025-01-17T20:53:00+00:00, run_after=2025-01-17T20:54:00+00:00
[2025-01-17T20:54:57.042+0000] {processor.py:179} INFO - Processing /home/airflow/.local/lib/python3.10/site-packages/airflow/example_dags/example_branch_python_dop_operator_3.py took 0.077 seconds
[2025-01-17T20:55:28.087+0000] {processor.py:157} INFO - Started process (PID=254) to work on /home/airflow/.local/lib/python3.10/site-packages/airflow/example_dags/example_branch_python_dop_operator_3.py
[2025-01-17T20:55:28.088+0000] {processor.py:829} INFO - Processing file /home/airflow/.local/lib/python3.10/site-packages/airflow/example_dags/example_branch_python_dop_operator_3.py for tasks to queue
[2025-01-17T20:55:28.090+0000] {logging_mixin.py:154} INFO - [2025-01-17T20:55:28.090+0000] {dagbag.py:536} INFO - Filling up the DagBag from /home/airflow/.local/lib/python3.10/site-packages/airflow/example_dags/example_branch_python_dop_operator_3.py
[2025-01-17T20:55:28.099+0000] {processor.py:839} INFO - DAG(s) dict_keys(['example_branch_dop_operator_v3']) retrieved from /home/airflow/.local/lib/python3.10/site-packages/airflow/example_dags/example_branch_python_dop_operator_3.py
[2025-01-17T20:55:28.119+0000] {logging_mixin.py:154} INFO - [2025-01-17T20:55:28.119+0000] {dag.py:2941} INFO - Sync 1 DAGs
[2025-01-17T20:55:28.146+0000] {logging_mixin.py:154} INFO - [2025-01-17T20:55:28.146+0000] {dag.py:3722} INFO - Setting next_dagrun for example_branch_dop_operator_v3 to 2025-01-17T20:54:00+00:00, run_after=2025-01-17T20:55:00+00:00
[2025-01-17T20:55:28.166+0000] {processor.py:179} INFO - Processing /home/airflow/.local/lib/python3.10/site-packages/airflow/example_dags/example_branch_python_dop_operator_3.py took 0.082 seconds
[2025-01-17T20:55:59.161+0000] {processor.py:157} INFO - Started process (PID=309) to work on /home/airflow/.local/lib/python3.10/site-packages/airflow/example_dags/example_branch_python_dop_operator_3.py
[2025-01-17T20:55:59.161+0000] {processor.py:829} INFO - Processing file /home/airflow/.local/lib/python3.10/site-packages/airflow/example_dags/example_branch_python_dop_operator_3.py for tasks to queue
[2025-01-17T20:55:59.163+0000] {logging_mixin.py:154} INFO - [2025-01-17T20:55:59.163+0000] {dagbag.py:536} INFO - Filling up the DagBag from /home/airflow/.local/lib/python3.10/site-packages/airflow/example_dags/example_branch_python_dop_operator_3.py
[2025-01-17T20:55:59.170+0000] {processor.py:839} INFO - DAG(s) dict_keys(['example_branch_dop_operator_v3']) retrieved from /home/airflow/.local/lib/python3.10/site-packages/airflow/example_dags/example_branch_python_dop_operator_3.py
[2025-01-17T20:55:59.189+0000] {logging_mixin.py:154} INFO - [2025-01-17T20:55:59.189+0000] {dag.py:2941} INFO - Sync 1 DAGs
[2025-01-17T20:55:59.213+0000] {logging_mixin.py:154} INFO - [2025-01-17T20:55:59.213+0000] {dag.py:3722} INFO - Setting next_dagrun for example_branch_dop_operator_v3 to 2025-01-17T20:54:00+00:00, run_after=2025-01-17T20:55:00+00:00
[2025-01-17T20:55:59.230+0000] {processor.py:179} INFO - Processing /home/airflow/.local/lib/python3.10/site-packages/airflow/example_dags/example_branch_python_dop_operator_3.py took 0.072 seconds
[2025-01-17T20:56:29.507+0000] {processor.py:157} INFO - Started process (PID=364) to work on /home/airflow/.local/lib/python3.10/site-packages/airflow/example_dags/example_branch_python_dop_operator_3.py
[2025-01-17T20:56:29.508+0000] {processor.py:829} INFO - Processing file /home/airflow/.local/lib/python3.10/site-packages/airflow/example_dags/example_branch_python_dop_operator_3.py for tasks to queue
[2025-01-17T20:56:29.510+0000] {logging_mixin.py:154} INFO - [2025-01-17T20:56:29.509+0000] {dagbag.py:536} INFO - Filling up the DagBag from /home/airflow/.local/lib/python3.10/site-packages/airflow/example_dags/example_branch_python_dop_operator_3.py
[2025-01-17T20:56:29.517+0000] {processor.py:839} INFO - DAG(s) dict_keys(['example_branch_dop_operator_v3']) retrieved from /home/airflow/.local/lib/python3.10/site-packages/airflow/example_dags/example_branch_python_dop_operator_3.py
[2025-01-17T20:56:29.534+0000] {logging_mixin.py:154} INFO - [2025-01-17T20:56:29.534+0000] {dag.py:2941} INFO - Sync 1 DAGs
[2025-01-17T20:56:29.555+0000] {logging_mixin.py:154} INFO - [2025-01-17T20:56:29.555+0000] {dag.py:3722} INFO - Setting next_dagrun for example_branch_dop_operator_v3 to 2025-01-17T20:55:00+00:00, run_after=2025-01-17T20:56:00+00:00
[2025-01-17T20:56:29.570+0000] {processor.py:179} INFO - Processing /home/airflow/.local/lib/python3.10/site-packages/airflow/example_dags/example_branch_python_dop_operator_3.py took 0.066 seconds
