[2025-01-17T20:53:55.467+0000] {processor.py:157} INFO - Started process (PID=75) to work on /home/airflow/.local/lib/python3.10/site-packages/airflow/example_dags/example_branch_operator.py
[2025-01-17T20:53:55.468+0000] {processor.py:829} INFO - Processing file /home/airflow/.local/lib/python3.10/site-packages/airflow/example_dags/example_branch_operator.py for tasks to queue
[2025-01-17T20:53:55.470+0000] {logging_mixin.py:154} INFO - [2025-01-17T20:53:55.470+0000] {dagbag.py:536} INFO - Filling up the DagBag from /home/airflow/.local/lib/python3.10/site-packages/airflow/example_dags/example_branch_operator.py
[2025-01-17T20:53:55.481+0000] {processor.py:839} INFO - DAG(s) dict_keys(['example_branch_operator']) retrieved from /home/airflow/.local/lib/python3.10/site-packages/airflow/example_dags/example_branch_operator.py
[2025-01-17T20:53:55.493+0000] {logging_mixin.py:154} INFO - [2025-01-17T20:53:55.493+0000] {dag.py:2941} INFO - Sync 1 DAGs
[2025-01-17T20:53:55.519+0000] {logging_mixin.py:154} INFO - [2025-01-17T20:53:55.519+0000] {dag.py:3722} INFO - Setting next_dagrun for example_branch_operator to 2025-01-16T00:00:00+00:00, run_after=2025-01-17T00:00:00+00:00
[2025-01-17T20:53:55.538+0000] {processor.py:179} INFO - Processing /home/airflow/.local/lib/python3.10/site-packages/airflow/example_dags/example_branch_operator.py took 0.075 seconds
[2025-01-17T20:54:25.870+0000] {processor.py:157} INFO - Started process (PID=130) to work on /home/airflow/.local/lib/python3.10/site-packages/airflow/example_dags/example_branch_operator.py
[2025-01-17T20:54:25.871+0000] {processor.py:829} INFO - Processing file /home/airflow/.local/lib/python3.10/site-packages/airflow/example_dags/example_branch_operator.py for tasks to queue
[2025-01-17T20:54:25.874+0000] {logging_mixin.py:154} INFO - [2025-01-17T20:54:25.873+0000] {dagbag.py:536} INFO - Filling up the DagBag from /home/airflow/.local/lib/python3.10/site-packages/airflow/example_dags/example_branch_operator.py
[2025-01-17T20:54:25.882+0000] {processor.py:839} INFO - DAG(s) dict_keys(['example_branch_operator']) retrieved from /home/airflow/.local/lib/python3.10/site-packages/airflow/example_dags/example_branch_operator.py
[2025-01-17T20:54:25.907+0000] {logging_mixin.py:154} INFO - [2025-01-17T20:54:25.907+0000] {dag.py:2941} INFO - Sync 1 DAGs
[2025-01-17T20:54:25.930+0000] {logging_mixin.py:154} INFO - [2025-01-17T20:54:25.929+0000] {dag.py:3722} INFO - Setting next_dagrun for example_branch_operator to 2025-01-16T00:00:00+00:00, run_after=2025-01-17T00:00:00+00:00
[2025-01-17T20:54:25.952+0000] {processor.py:179} INFO - Processing /home/airflow/.local/lib/python3.10/site-packages/airflow/example_dags/example_branch_operator.py took 0.085 seconds
[2025-01-17T20:54:56.297+0000] {processor.py:157} INFO - Started process (PID=185) to work on /home/airflow/.local/lib/python3.10/site-packages/airflow/example_dags/example_branch_operator.py
[2025-01-17T20:54:56.298+0000] {processor.py:829} INFO - Processing file /home/airflow/.local/lib/python3.10/site-packages/airflow/example_dags/example_branch_operator.py for tasks to queue
[2025-01-17T20:54:56.300+0000] {logging_mixin.py:154} INFO - [2025-01-17T20:54:56.300+0000] {dagbag.py:536} INFO - Filling up the DagBag from /home/airflow/.local/lib/python3.10/site-packages/airflow/example_dags/example_branch_operator.py
[2025-01-17T20:54:56.309+0000] {processor.py:839} INFO - DAG(s) dict_keys(['example_branch_operator']) retrieved from /home/airflow/.local/lib/python3.10/site-packages/airflow/example_dags/example_branch_operator.py
[2025-01-17T20:54:56.330+0000] {logging_mixin.py:154} INFO - [2025-01-17T20:54:56.330+0000] {dag.py:2941} INFO - Sync 1 DAGs
[2025-01-17T20:54:56.352+0000] {logging_mixin.py:154} INFO - [2025-01-17T20:54:56.352+0000] {dag.py:3722} INFO - Setting next_dagrun for example_branch_operator to 2025-01-16T00:00:00+00:00, run_after=2025-01-17T00:00:00+00:00
[2025-01-17T20:54:56.372+0000] {processor.py:179} INFO - Processing /home/airflow/.local/lib/python3.10/site-packages/airflow/example_dags/example_branch_operator.py took 0.077 seconds
[2025-01-17T20:55:27.448+0000] {processor.py:157} INFO - Started process (PID=240) to work on /home/airflow/.local/lib/python3.10/site-packages/airflow/example_dags/example_branch_operator.py
[2025-01-17T20:55:27.449+0000] {processor.py:829} INFO - Processing file /home/airflow/.local/lib/python3.10/site-packages/airflow/example_dags/example_branch_operator.py for tasks to queue
[2025-01-17T20:55:27.451+0000] {logging_mixin.py:154} INFO - [2025-01-17T20:55:27.451+0000] {dagbag.py:536} INFO - Filling up the DagBag from /home/airflow/.local/lib/python3.10/site-packages/airflow/example_dags/example_branch_operator.py
[2025-01-17T20:55:27.460+0000] {processor.py:839} INFO - DAG(s) dict_keys(['example_branch_operator']) retrieved from /home/airflow/.local/lib/python3.10/site-packages/airflow/example_dags/example_branch_operator.py
[2025-01-17T20:55:27.480+0000] {logging_mixin.py:154} INFO - [2025-01-17T20:55:27.480+0000] {dag.py:2941} INFO - Sync 1 DAGs
[2025-01-17T20:55:27.500+0000] {logging_mixin.py:154} INFO - [2025-01-17T20:55:27.500+0000] {dag.py:3722} INFO - Setting next_dagrun for example_branch_operator to 2025-01-16T00:00:00+00:00, run_after=2025-01-17T00:00:00+00:00
[2025-01-17T20:55:27.515+0000] {processor.py:179} INFO - Processing /home/airflow/.local/lib/python3.10/site-packages/airflow/example_dags/example_branch_operator.py took 0.070 seconds
[2025-01-17T20:55:58.531+0000] {processor.py:157} INFO - Started process (PID=295) to work on /home/airflow/.local/lib/python3.10/site-packages/airflow/example_dags/example_branch_operator.py
[2025-01-17T20:55:58.532+0000] {processor.py:829} INFO - Processing file /home/airflow/.local/lib/python3.10/site-packages/airflow/example_dags/example_branch_operator.py for tasks to queue
[2025-01-17T20:55:58.534+0000] {logging_mixin.py:154} INFO - [2025-01-17T20:55:58.534+0000] {dagbag.py:536} INFO - Filling up the DagBag from /home/airflow/.local/lib/python3.10/site-packages/airflow/example_dags/example_branch_operator.py
[2025-01-17T20:55:58.542+0000] {processor.py:839} INFO - DAG(s) dict_keys(['example_branch_operator']) retrieved from /home/airflow/.local/lib/python3.10/site-packages/airflow/example_dags/example_branch_operator.py
[2025-01-17T20:55:58.562+0000] {logging_mixin.py:154} INFO - [2025-01-17T20:55:58.562+0000] {dag.py:2941} INFO - Sync 1 DAGs
[2025-01-17T20:55:58.587+0000] {logging_mixin.py:154} INFO - [2025-01-17T20:55:58.587+0000] {dag.py:3722} INFO - Setting next_dagrun for example_branch_operator to 2025-01-16T00:00:00+00:00, run_after=2025-01-17T00:00:00+00:00
[2025-01-17T20:55:58.605+0000] {processor.py:179} INFO - Processing /home/airflow/.local/lib/python3.10/site-packages/airflow/example_dags/example_branch_operator.py took 0.077 seconds
[2025-01-17T20:56:28.695+0000] {processor.py:157} INFO - Started process (PID=350) to work on /home/airflow/.local/lib/python3.10/site-packages/airflow/example_dags/example_branch_operator.py
[2025-01-17T20:56:28.696+0000] {processor.py:829} INFO - Processing file /home/airflow/.local/lib/python3.10/site-packages/airflow/example_dags/example_branch_operator.py for tasks to queue
[2025-01-17T20:56:28.698+0000] {logging_mixin.py:154} INFO - [2025-01-17T20:56:28.698+0000] {dagbag.py:536} INFO - Filling up the DagBag from /home/airflow/.local/lib/python3.10/site-packages/airflow/example_dags/example_branch_operator.py
[2025-01-17T20:56:28.706+0000] {processor.py:839} INFO - DAG(s) dict_keys(['example_branch_operator']) retrieved from /home/airflow/.local/lib/python3.10/site-packages/airflow/example_dags/example_branch_operator.py
[2025-01-17T20:56:28.726+0000] {logging_mixin.py:154} INFO - [2025-01-17T20:56:28.726+0000] {dag.py:2941} INFO - Sync 1 DAGs
[2025-01-17T20:56:28.748+0000] {logging_mixin.py:154} INFO - [2025-01-17T20:56:28.747+0000] {dag.py:3722} INFO - Setting next_dagrun for example_branch_operator to 2025-01-16T00:00:00+00:00, run_after=2025-01-17T00:00:00+00:00
[2025-01-17T20:56:28.762+0000] {processor.py:179} INFO - Processing /home/airflow/.local/lib/python3.10/site-packages/airflow/example_dags/example_branch_operator.py took 0.070 seconds
