[2025-01-17T20:53:56.209+0000] {processor.py:157} INFO - Started process (PID=90) to work on /home/airflow/.local/lib/python3.10/site-packages/airflow/example_dags/example_external_task_marker_dag.py
[2025-01-17T20:53:56.210+0000] {processor.py:829} INFO - Processing file /home/airflow/.local/lib/python3.10/site-packages/airflow/example_dags/example_external_task_marker_dag.py for tasks to queue
[2025-01-17T20:53:56.213+0000] {logging_mixin.py:154} INFO - [2025-01-17T20:53:56.212+0000] {dagbag.py:536} INFO - Filling up the DagBag from /home/airflow/.local/lib/python3.10/site-packages/airflow/example_dags/example_external_task_marker_dag.py
[2025-01-17T20:53:56.219+0000] {processor.py:839} INFO - DAG(s) dict_keys(['example_external_task_marker_parent', 'example_external_task_marker_child']) retrieved from /home/airflow/.local/lib/python3.10/site-packages/airflow/example_dags/example_external_task_marker_dag.py
[2025-01-17T20:53:56.231+0000] {logging_mixin.py:154} INFO - [2025-01-17T20:53:56.231+0000] {dag.py:2941} INFO - Sync 2 DAGs
[2025-01-17T20:53:56.245+0000] {logging_mixin.py:154} INFO - [2025-01-17T20:53:56.244+0000] {dag.py:3722} INFO - Setting next_dagrun for example_external_task_marker_child to None, run_after=None
[2025-01-17T20:53:56.248+0000] {logging_mixin.py:154} INFO - [2025-01-17T20:53:56.248+0000] {dag.py:3722} INFO - Setting next_dagrun for example_external_task_marker_parent to None, run_after=None
[2025-01-17T20:53:56.267+0000] {processor.py:179} INFO - Processing /home/airflow/.local/lib/python3.10/site-packages/airflow/example_dags/example_external_task_marker_dag.py took 0.060 seconds
[2025-01-17T20:54:26.630+0000] {processor.py:157} INFO - Started process (PID=145) to work on /home/airflow/.local/lib/python3.10/site-packages/airflow/example_dags/example_external_task_marker_dag.py
[2025-01-17T20:54:26.631+0000] {processor.py:829} INFO - Processing file /home/airflow/.local/lib/python3.10/site-packages/airflow/example_dags/example_external_task_marker_dag.py for tasks to queue
[2025-01-17T20:54:26.633+0000] {logging_mixin.py:154} INFO - [2025-01-17T20:54:26.632+0000] {dagbag.py:536} INFO - Filling up the DagBag from /home/airflow/.local/lib/python3.10/site-packages/airflow/example_dags/example_external_task_marker_dag.py
[2025-01-17T20:54:26.638+0000] {processor.py:839} INFO - DAG(s) dict_keys(['example_external_task_marker_child', 'example_external_task_marker_parent']) retrieved from /home/airflow/.local/lib/python3.10/site-packages/airflow/example_dags/example_external_task_marker_dag.py
[2025-01-17T20:54:26.661+0000] {logging_mixin.py:154} INFO - [2025-01-17T20:54:26.660+0000] {dag.py:2941} INFO - Sync 2 DAGs
[2025-01-17T20:54:26.672+0000] {logging_mixin.py:154} INFO - [2025-01-17T20:54:26.672+0000] {dag.py:3722} INFO - Setting next_dagrun for example_external_task_marker_child to None, run_after=None
[2025-01-17T20:54:26.676+0000] {logging_mixin.py:154} INFO - [2025-01-17T20:54:26.676+0000] {dag.py:3722} INFO - Setting next_dagrun for example_external_task_marker_parent to None, run_after=None
[2025-01-17T20:54:26.690+0000] {processor.py:179} INFO - Processing /home/airflow/.local/lib/python3.10/site-packages/airflow/example_dags/example_external_task_marker_dag.py took 0.063 seconds
[2025-01-17T20:54:57.037+0000] {processor.py:157} INFO - Started process (PID=200) to work on /home/airflow/.local/lib/python3.10/site-packages/airflow/example_dags/example_external_task_marker_dag.py
[2025-01-17T20:54:57.038+0000] {processor.py:829} INFO - Processing file /home/airflow/.local/lib/python3.10/site-packages/airflow/example_dags/example_external_task_marker_dag.py for tasks to queue
[2025-01-17T20:54:57.040+0000] {logging_mixin.py:154} INFO - [2025-01-17T20:54:57.040+0000] {dagbag.py:536} INFO - Filling up the DagBag from /home/airflow/.local/lib/python3.10/site-packages/airflow/example_dags/example_external_task_marker_dag.py
[2025-01-17T20:54:57.046+0000] {processor.py:839} INFO - DAG(s) dict_keys(['example_external_task_marker_parent', 'example_external_task_marker_child']) retrieved from /home/airflow/.local/lib/python3.10/site-packages/airflow/example_dags/example_external_task_marker_dag.py
[2025-01-17T20:54:57.070+0000] {logging_mixin.py:154} INFO - [2025-01-17T20:54:57.070+0000] {dag.py:2941} INFO - Sync 2 DAGs
[2025-01-17T20:54:57.082+0000] {logging_mixin.py:154} INFO - [2025-01-17T20:54:57.082+0000] {dag.py:3722} INFO - Setting next_dagrun for example_external_task_marker_child to None, run_after=None
[2025-01-17T20:54:57.086+0000] {logging_mixin.py:154} INFO - [2025-01-17T20:54:57.086+0000] {dag.py:3722} INFO - Setting next_dagrun for example_external_task_marker_parent to None, run_after=None
[2025-01-17T20:54:57.102+0000] {processor.py:179} INFO - Processing /home/airflow/.local/lib/python3.10/site-packages/airflow/example_dags/example_external_task_marker_dag.py took 0.068 seconds
[2025-01-17T20:55:28.163+0000] {processor.py:157} INFO - Started process (PID=255) to work on /home/airflow/.local/lib/python3.10/site-packages/airflow/example_dags/example_external_task_marker_dag.py
[2025-01-17T20:55:28.164+0000] {processor.py:829} INFO - Processing file /home/airflow/.local/lib/python3.10/site-packages/airflow/example_dags/example_external_task_marker_dag.py for tasks to queue
[2025-01-17T20:55:28.166+0000] {logging_mixin.py:154} INFO - [2025-01-17T20:55:28.166+0000] {dagbag.py:536} INFO - Filling up the DagBag from /home/airflow/.local/lib/python3.10/site-packages/airflow/example_dags/example_external_task_marker_dag.py
[2025-01-17T20:55:28.173+0000] {processor.py:839} INFO - DAG(s) dict_keys(['example_external_task_marker_parent', 'example_external_task_marker_child']) retrieved from /home/airflow/.local/lib/python3.10/site-packages/airflow/example_dags/example_external_task_marker_dag.py
[2025-01-17T20:55:28.203+0000] {logging_mixin.py:154} INFO - [2025-01-17T20:55:28.203+0000] {dag.py:2941} INFO - Sync 2 DAGs
[2025-01-17T20:55:28.216+0000] {logging_mixin.py:154} INFO - [2025-01-17T20:55:28.216+0000] {dag.py:3722} INFO - Setting next_dagrun for example_external_task_marker_child to None, run_after=None
[2025-01-17T20:55:28.221+0000] {logging_mixin.py:154} INFO - [2025-01-17T20:55:28.220+0000] {dag.py:3722} INFO - Setting next_dagrun for example_external_task_marker_parent to None, run_after=None
[2025-01-17T20:55:28.241+0000] {processor.py:179} INFO - Processing /home/airflow/.local/lib/python3.10/site-packages/airflow/example_dags/example_external_task_marker_dag.py took 0.081 seconds
[2025-01-17T20:55:59.242+0000] {processor.py:157} INFO - Started process (PID=310) to work on /home/airflow/.local/lib/python3.10/site-packages/airflow/example_dags/example_external_task_marker_dag.py
[2025-01-17T20:55:59.243+0000] {processor.py:829} INFO - Processing file /home/airflow/.local/lib/python3.10/site-packages/airflow/example_dags/example_external_task_marker_dag.py for tasks to queue
[2025-01-17T20:55:59.245+0000] {logging_mixin.py:154} INFO - [2025-01-17T20:55:59.245+0000] {dagbag.py:536} INFO - Filling up the DagBag from /home/airflow/.local/lib/python3.10/site-packages/airflow/example_dags/example_external_task_marker_dag.py
[2025-01-17T20:55:59.250+0000] {processor.py:839} INFO - DAG(s) dict_keys(['example_external_task_marker_parent', 'example_external_task_marker_child']) retrieved from /home/airflow/.local/lib/python3.10/site-packages/airflow/example_dags/example_external_task_marker_dag.py
[2025-01-17T20:55:59.271+0000] {logging_mixin.py:154} INFO - [2025-01-17T20:55:59.271+0000] {dag.py:2941} INFO - Sync 2 DAGs
[2025-01-17T20:55:59.282+0000] {logging_mixin.py:154} INFO - [2025-01-17T20:55:59.282+0000] {dag.py:3722} INFO - Setting next_dagrun for example_external_task_marker_child to None, run_after=None
[2025-01-17T20:55:59.287+0000] {logging_mixin.py:154} INFO - [2025-01-17T20:55:59.287+0000] {dag.py:3722} INFO - Setting next_dagrun for example_external_task_marker_parent to None, run_after=None
[2025-01-17T20:55:59.301+0000] {processor.py:179} INFO - Processing /home/airflow/.local/lib/python3.10/site-packages/airflow/example_dags/example_external_task_marker_dag.py took 0.062 seconds
[2025-01-17T20:56:29.588+0000] {processor.py:157} INFO - Started process (PID=365) to work on /home/airflow/.local/lib/python3.10/site-packages/airflow/example_dags/example_external_task_marker_dag.py
[2025-01-17T20:56:29.589+0000] {processor.py:829} INFO - Processing file /home/airflow/.local/lib/python3.10/site-packages/airflow/example_dags/example_external_task_marker_dag.py for tasks to queue
[2025-01-17T20:56:29.591+0000] {logging_mixin.py:154} INFO - [2025-01-17T20:56:29.591+0000] {dagbag.py:536} INFO - Filling up the DagBag from /home/airflow/.local/lib/python3.10/site-packages/airflow/example_dags/example_external_task_marker_dag.py
[2025-01-17T20:56:29.596+0000] {processor.py:839} INFO - DAG(s) dict_keys(['example_external_task_marker_child', 'example_external_task_marker_parent']) retrieved from /home/airflow/.local/lib/python3.10/site-packages/airflow/example_dags/example_external_task_marker_dag.py
[2025-01-17T20:56:29.616+0000] {logging_mixin.py:154} INFO - [2025-01-17T20:56:29.616+0000] {dag.py:2941} INFO - Sync 2 DAGs
[2025-01-17T20:56:29.628+0000] {logging_mixin.py:154} INFO - [2025-01-17T20:56:29.628+0000] {dag.py:3722} INFO - Setting next_dagrun for example_external_task_marker_child to None, run_after=None
[2025-01-17T20:56:29.631+0000] {logging_mixin.py:154} INFO - [2025-01-17T20:56:29.631+0000] {dag.py:3722} INFO - Setting next_dagrun for example_external_task_marker_parent to None, run_after=None
[2025-01-17T20:56:29.643+0000] {processor.py:179} INFO - Processing /home/airflow/.local/lib/python3.10/site-packages/airflow/example_dags/example_external_task_marker_dag.py took 0.057 seconds
