[2025-01-17T20:53:55.872+0000] {processor.py:157} INFO - Started process (PID=83) to work on /home/airflow/.local/lib/python3.10/site-packages/airflow/example_dags/example_trigger_target_dag.py
[2025-01-17T20:53:55.874+0000] {processor.py:829} INFO - Processing file /home/airflow/.local/lib/python3.10/site-packages/airflow/example_dags/example_trigger_target_dag.py for tasks to queue
[2025-01-17T20:53:55.877+0000] {logging_mixin.py:154} INFO - [2025-01-17T20:53:55.877+0000] {dagbag.py:536} INFO - Filling up the DagBag from /home/airflow/.local/lib/python3.10/site-packages/airflow/example_dags/example_trigger_target_dag.py
[2025-01-17T20:53:55.886+0000] {processor.py:839} INFO - DAG(s) dict_keys(['example_trigger_target_dag']) retrieved from /home/airflow/.local/lib/python3.10/site-packages/airflow/example_dags/example_trigger_target_dag.py
[2025-01-17T20:53:55.899+0000] {logging_mixin.py:154} INFO - [2025-01-17T20:53:55.899+0000] {dag.py:2941} INFO - Sync 1 DAGs
[2025-01-17T20:53:55.913+0000] {logging_mixin.py:154} INFO - [2025-01-17T20:53:55.913+0000] {dag.py:3722} INFO - Setting next_dagrun for example_trigger_target_dag to None, run_after=None
[2025-01-17T20:53:55.934+0000] {processor.py:179} INFO - Processing /home/airflow/.local/lib/python3.10/site-packages/airflow/example_dags/example_trigger_target_dag.py took 0.065 seconds
[2025-01-17T20:54:26.283+0000] {processor.py:157} INFO - Started process (PID=138) to work on /home/airflow/.local/lib/python3.10/site-packages/airflow/example_dags/example_trigger_target_dag.py
[2025-01-17T20:54:26.284+0000] {processor.py:829} INFO - Processing file /home/airflow/.local/lib/python3.10/site-packages/airflow/example_dags/example_trigger_target_dag.py for tasks to queue
[2025-01-17T20:54:26.286+0000] {logging_mixin.py:154} INFO - [2025-01-17T20:54:26.285+0000] {dagbag.py:536} INFO - Filling up the DagBag from /home/airflow/.local/lib/python3.10/site-packages/airflow/example_dags/example_trigger_target_dag.py
[2025-01-17T20:54:26.291+0000] {processor.py:839} INFO - DAG(s) dict_keys(['example_trigger_target_dag']) retrieved from /home/airflow/.local/lib/python3.10/site-packages/airflow/example_dags/example_trigger_target_dag.py
[2025-01-17T20:54:26.309+0000] {logging_mixin.py:154} INFO - [2025-01-17T20:54:26.309+0000] {dag.py:2941} INFO - Sync 1 DAGs
[2025-01-17T20:54:26.321+0000] {logging_mixin.py:154} INFO - [2025-01-17T20:54:26.321+0000] {dag.py:3722} INFO - Setting next_dagrun for example_trigger_target_dag to None, run_after=None
[2025-01-17T20:54:26.342+0000] {processor.py:179} INFO - Processing /home/airflow/.local/lib/python3.10/site-packages/airflow/example_dags/example_trigger_target_dag.py took 0.062 seconds
[2025-01-17T20:54:56.692+0000] {processor.py:157} INFO - Started process (PID=193) to work on /home/airflow/.local/lib/python3.10/site-packages/airflow/example_dags/example_trigger_target_dag.py
[2025-01-17T20:54:56.693+0000] {processor.py:829} INFO - Processing file /home/airflow/.local/lib/python3.10/site-packages/airflow/example_dags/example_trigger_target_dag.py for tasks to queue
[2025-01-17T20:54:56.695+0000] {logging_mixin.py:154} INFO - [2025-01-17T20:54:56.695+0000] {dagbag.py:536} INFO - Filling up the DagBag from /home/airflow/.local/lib/python3.10/site-packages/airflow/example_dags/example_trigger_target_dag.py
[2025-01-17T20:54:56.701+0000] {processor.py:839} INFO - DAG(s) dict_keys(['example_trigger_target_dag']) retrieved from /home/airflow/.local/lib/python3.10/site-packages/airflow/example_dags/example_trigger_target_dag.py
[2025-01-17T20:54:56.723+0000] {logging_mixin.py:154} INFO - [2025-01-17T20:54:56.723+0000] {dag.py:2941} INFO - Sync 1 DAGs
[2025-01-17T20:54:56.735+0000] {logging_mixin.py:154} INFO - [2025-01-17T20:54:56.735+0000] {dag.py:3722} INFO - Setting next_dagrun for example_trigger_target_dag to None, run_after=None
[2025-01-17T20:54:56.753+0000] {processor.py:179} INFO - Processing /home/airflow/.local/lib/python3.10/site-packages/airflow/example_dags/example_trigger_target_dag.py took 0.064 seconds
[2025-01-17T20:55:27.813+0000] {processor.py:157} INFO - Started process (PID=248) to work on /home/airflow/.local/lib/python3.10/site-packages/airflow/example_dags/example_trigger_target_dag.py
[2025-01-17T20:55:27.814+0000] {processor.py:829} INFO - Processing file /home/airflow/.local/lib/python3.10/site-packages/airflow/example_dags/example_trigger_target_dag.py for tasks to queue
[2025-01-17T20:55:27.816+0000] {logging_mixin.py:154} INFO - [2025-01-17T20:55:27.816+0000] {dagbag.py:536} INFO - Filling up the DagBag from /home/airflow/.local/lib/python3.10/site-packages/airflow/example_dags/example_trigger_target_dag.py
[2025-01-17T20:55:27.821+0000] {processor.py:839} INFO - DAG(s) dict_keys(['example_trigger_target_dag']) retrieved from /home/airflow/.local/lib/python3.10/site-packages/airflow/example_dags/example_trigger_target_dag.py
[2025-01-17T20:55:27.840+0000] {logging_mixin.py:154} INFO - [2025-01-17T20:55:27.840+0000] {dag.py:2941} INFO - Sync 1 DAGs
[2025-01-17T20:55:27.852+0000] {logging_mixin.py:154} INFO - [2025-01-17T20:55:27.852+0000] {dag.py:3722} INFO - Setting next_dagrun for example_trigger_target_dag to None, run_after=None
[2025-01-17T20:55:27.868+0000] {processor.py:179} INFO - Processing /home/airflow/.local/lib/python3.10/site-packages/airflow/example_dags/example_trigger_target_dag.py took 0.057 seconds
[2025-01-17T20:55:58.905+0000] {processor.py:157} INFO - Started process (PID=303) to work on /home/airflow/.local/lib/python3.10/site-packages/airflow/example_dags/example_trigger_target_dag.py
[2025-01-17T20:55:58.906+0000] {processor.py:829} INFO - Processing file /home/airflow/.local/lib/python3.10/site-packages/airflow/example_dags/example_trigger_target_dag.py for tasks to queue
[2025-01-17T20:55:58.908+0000] {logging_mixin.py:154} INFO - [2025-01-17T20:55:58.908+0000] {dagbag.py:536} INFO - Filling up the DagBag from /home/airflow/.local/lib/python3.10/site-packages/airflow/example_dags/example_trigger_target_dag.py
[2025-01-17T20:55:58.913+0000] {processor.py:839} INFO - DAG(s) dict_keys(['example_trigger_target_dag']) retrieved from /home/airflow/.local/lib/python3.10/site-packages/airflow/example_dags/example_trigger_target_dag.py
[2025-01-17T20:55:58.931+0000] {logging_mixin.py:154} INFO - [2025-01-17T20:55:58.930+0000] {dag.py:2941} INFO - Sync 1 DAGs
[2025-01-17T20:55:58.943+0000] {logging_mixin.py:154} INFO - [2025-01-17T20:55:58.942+0000] {dag.py:3722} INFO - Setting next_dagrun for example_trigger_target_dag to None, run_after=None
[2025-01-17T20:55:58.960+0000] {processor.py:179} INFO - Processing /home/airflow/.local/lib/python3.10/site-packages/airflow/example_dags/example_trigger_target_dag.py took 0.057 seconds
[2025-01-17T20:56:29.250+0000] {processor.py:157} INFO - Started process (PID=358) to work on /home/airflow/.local/lib/python3.10/site-packages/airflow/example_dags/example_trigger_target_dag.py
[2025-01-17T20:56:29.251+0000] {processor.py:829} INFO - Processing file /home/airflow/.local/lib/python3.10/site-packages/airflow/example_dags/example_trigger_target_dag.py for tasks to queue
[2025-01-17T20:56:29.253+0000] {logging_mixin.py:154} INFO - [2025-01-17T20:56:29.253+0000] {dagbag.py:536} INFO - Filling up the DagBag from /home/airflow/.local/lib/python3.10/site-packages/airflow/example_dags/example_trigger_target_dag.py
[2025-01-17T20:56:29.257+0000] {processor.py:839} INFO - DAG(s) dict_keys(['example_trigger_target_dag']) retrieved from /home/airflow/.local/lib/python3.10/site-packages/airflow/example_dags/example_trigger_target_dag.py
[2025-01-17T20:56:29.274+0000] {logging_mixin.py:154} INFO - [2025-01-17T20:56:29.274+0000] {dag.py:2941} INFO - Sync 1 DAGs
[2025-01-17T20:56:29.286+0000] {logging_mixin.py:154} INFO - [2025-01-17T20:56:29.286+0000] {dag.py:3722} INFO - Setting next_dagrun for example_trigger_target_dag to None, run_after=None
[2025-01-17T20:56:29.302+0000] {processor.py:179} INFO - Processing /home/airflow/.local/lib/python3.10/site-packages/airflow/example_dags/example_trigger_target_dag.py took 0.054 seconds
