[2025-01-17T20:53:54.011+0000] {processor.py:157} INFO - Started process (PID=51) to work on /home/airflow/.local/lib/python3.10/site-packages/airflow/example_dags/example_short_circuit_decorator.py
[2025-01-17T20:53:54.012+0000] {processor.py:829} INFO - Processing file /home/airflow/.local/lib/python3.10/site-packages/airflow/example_dags/example_short_circuit_decorator.py for tasks to queue
[2025-01-17T20:53:54.016+0000] {logging_mixin.py:154} INFO - [2025-01-17T20:53:54.015+0000] {dagbag.py:536} INFO - Filling up the DagBag from /home/airflow/.local/lib/python3.10/site-packages/airflow/example_dags/example_short_circuit_decorator.py
[2025-01-17T20:53:54.036+0000] {processor.py:839} INFO - DAG(s) dict_keys(['example_short_circuit_decorator']) retrieved from /home/airflow/.local/lib/python3.10/site-packages/airflow/example_dags/example_short_circuit_decorator.py
[2025-01-17T20:53:54.052+0000] {logging_mixin.py:154} INFO - [2025-01-17T20:53:54.052+0000] {dag.py:2941} INFO - Sync 1 DAGs
[2025-01-17T20:53:54.079+0000] {logging_mixin.py:154} INFO - [2025-01-17T20:53:54.079+0000] {dag.py:3722} INFO - Setting next_dagrun for example_short_circuit_decorator to 2025-01-16T20:53:54.079322+00:00, run_after=2025-01-17T20:53:54.079322+00:00
[2025-01-17T20:53:54.104+0000] {processor.py:179} INFO - Processing /home/airflow/.local/lib/python3.10/site-packages/airflow/example_dags/example_short_circuit_decorator.py took 0.099 seconds
[2025-01-17T20:54:24.548+0000] {processor.py:157} INFO - Started process (PID=112) to work on /home/airflow/.local/lib/python3.10/site-packages/airflow/example_dags/example_short_circuit_decorator.py
[2025-01-17T20:54:24.549+0000] {processor.py:829} INFO - Processing file /home/airflow/.local/lib/python3.10/site-packages/airflow/example_dags/example_short_circuit_decorator.py for tasks to queue
[2025-01-17T20:54:24.552+0000] {logging_mixin.py:154} INFO - [2025-01-17T20:54:24.552+0000] {dagbag.py:536} INFO - Filling up the DagBag from /home/airflow/.local/lib/python3.10/site-packages/airflow/example_dags/example_short_circuit_decorator.py
[2025-01-17T20:54:24.565+0000] {processor.py:839} INFO - DAG(s) dict_keys(['example_short_circuit_decorator']) retrieved from /home/airflow/.local/lib/python3.10/site-packages/airflow/example_dags/example_short_circuit_decorator.py
[2025-01-17T20:54:24.591+0000] {logging_mixin.py:154} INFO - [2025-01-17T20:54:24.590+0000] {dag.py:2941} INFO - Sync 1 DAGs
[2025-01-17T20:54:24.613+0000] {logging_mixin.py:154} INFO - [2025-01-17T20:54:24.613+0000] {dag.py:3722} INFO - Setting next_dagrun for example_short_circuit_decorator to 2025-01-16T20:54:24.613019+00:00, run_after=2025-01-17T20:54:24.613019+00:00
[2025-01-17T20:54:24.656+0000] {processor.py:179} INFO - Processing /home/airflow/.local/lib/python3.10/site-packages/airflow/example_dags/example_short_circuit_decorator.py took 0.111 seconds
[2025-01-17T20:54:54.954+0000] {processor.py:157} INFO - Started process (PID=167) to work on /home/airflow/.local/lib/python3.10/site-packages/airflow/example_dags/example_short_circuit_decorator.py
[2025-01-17T20:54:54.955+0000] {processor.py:829} INFO - Processing file /home/airflow/.local/lib/python3.10/site-packages/airflow/example_dags/example_short_circuit_decorator.py for tasks to queue
[2025-01-17T20:54:54.958+0000] {logging_mixin.py:154} INFO - [2025-01-17T20:54:54.958+0000] {dagbag.py:536} INFO - Filling up the DagBag from /home/airflow/.local/lib/python3.10/site-packages/airflow/example_dags/example_short_circuit_decorator.py
[2025-01-17T20:54:54.969+0000] {processor.py:839} INFO - DAG(s) dict_keys(['example_short_circuit_decorator']) retrieved from /home/airflow/.local/lib/python3.10/site-packages/airflow/example_dags/example_short_circuit_decorator.py
[2025-01-17T20:54:54.995+0000] {logging_mixin.py:154} INFO - [2025-01-17T20:54:54.995+0000] {dag.py:2941} INFO - Sync 1 DAGs
[2025-01-17T20:54:55.018+0000] {logging_mixin.py:154} INFO - [2025-01-17T20:54:55.017+0000] {dag.py:3722} INFO - Setting next_dagrun for example_short_circuit_decorator to 2025-01-16T20:54:55.017700+00:00, run_after=2025-01-17T20:54:55.017700+00:00
[2025-01-17T20:54:55.036+0000] {processor.py:179} INFO - Processing /home/airflow/.local/lib/python3.10/site-packages/airflow/example_dags/example_short_circuit_decorator.py took 0.085 seconds
[2025-01-17T20:55:25.324+0000] {processor.py:157} INFO - Started process (PID=222) to work on /home/airflow/.local/lib/python3.10/site-packages/airflow/example_dags/example_short_circuit_decorator.py
[2025-01-17T20:55:25.324+0000] {processor.py:829} INFO - Processing file /home/airflow/.local/lib/python3.10/site-packages/airflow/example_dags/example_short_circuit_decorator.py for tasks to queue
[2025-01-17T20:55:25.326+0000] {logging_mixin.py:154} INFO - [2025-01-17T20:55:25.326+0000] {dagbag.py:536} INFO - Filling up the DagBag from /home/airflow/.local/lib/python3.10/site-packages/airflow/example_dags/example_short_circuit_decorator.py
[2025-01-17T20:55:25.334+0000] {processor.py:839} INFO - DAG(s) dict_keys(['example_short_circuit_decorator']) retrieved from /home/airflow/.local/lib/python3.10/site-packages/airflow/example_dags/example_short_circuit_decorator.py
[2025-01-17T20:55:25.355+0000] {logging_mixin.py:154} INFO - [2025-01-17T20:55:25.355+0000] {dag.py:2941} INFO - Sync 1 DAGs
[2025-01-17T20:55:25.374+0000] {logging_mixin.py:154} INFO - [2025-01-17T20:55:25.374+0000] {dag.py:3722} INFO - Setting next_dagrun for example_short_circuit_decorator to 2025-01-16T20:55:25.373752+00:00, run_after=2025-01-17T20:55:25.373752+00:00
[2025-01-17T20:55:25.390+0000] {processor.py:179} INFO - Processing /home/airflow/.local/lib/python3.10/site-packages/airflow/example_dags/example_short_circuit_decorator.py took 0.069 seconds
[2025-01-17T20:55:56.389+0000] {processor.py:157} INFO - Started process (PID=277) to work on /home/airflow/.local/lib/python3.10/site-packages/airflow/example_dags/example_short_circuit_decorator.py
[2025-01-17T20:55:56.389+0000] {processor.py:829} INFO - Processing file /home/airflow/.local/lib/python3.10/site-packages/airflow/example_dags/example_short_circuit_decorator.py for tasks to queue
[2025-01-17T20:55:56.391+0000] {logging_mixin.py:154} INFO - [2025-01-17T20:55:56.391+0000] {dagbag.py:536} INFO - Filling up the DagBag from /home/airflow/.local/lib/python3.10/site-packages/airflow/example_dags/example_short_circuit_decorator.py
[2025-01-17T20:55:56.400+0000] {processor.py:839} INFO - DAG(s) dict_keys(['example_short_circuit_decorator']) retrieved from /home/airflow/.local/lib/python3.10/site-packages/airflow/example_dags/example_short_circuit_decorator.py
[2025-01-17T20:55:56.420+0000] {logging_mixin.py:154} INFO - [2025-01-17T20:55:56.420+0000] {dag.py:2941} INFO - Sync 1 DAGs
[2025-01-17T20:55:56.439+0000] {logging_mixin.py:154} INFO - [2025-01-17T20:55:56.439+0000] {dag.py:3722} INFO - Setting next_dagrun for example_short_circuit_decorator to 2025-01-16T20:55:56.439426+00:00, run_after=2025-01-17T20:55:56.439426+00:00
[2025-01-17T20:55:56.455+0000] {processor.py:179} INFO - Processing /home/airflow/.local/lib/python3.10/site-packages/airflow/example_dags/example_short_circuit_decorator.py took 0.069 seconds
[2025-01-17T20:56:26.534+0000] {processor.py:157} INFO - Started process (PID=332) to work on /home/airflow/.local/lib/python3.10/site-packages/airflow/example_dags/example_short_circuit_decorator.py
[2025-01-17T20:56:26.535+0000] {processor.py:829} INFO - Processing file /home/airflow/.local/lib/python3.10/site-packages/airflow/example_dags/example_short_circuit_decorator.py for tasks to queue
[2025-01-17T20:56:26.537+0000] {logging_mixin.py:154} INFO - [2025-01-17T20:56:26.537+0000] {dagbag.py:536} INFO - Filling up the DagBag from /home/airflow/.local/lib/python3.10/site-packages/airflow/example_dags/example_short_circuit_decorator.py
[2025-01-17T20:56:26.545+0000] {processor.py:839} INFO - DAG(s) dict_keys(['example_short_circuit_decorator']) retrieved from /home/airflow/.local/lib/python3.10/site-packages/airflow/example_dags/example_short_circuit_decorator.py
[2025-01-17T20:56:26.567+0000] {logging_mixin.py:154} INFO - [2025-01-17T20:56:26.567+0000] {dag.py:2941} INFO - Sync 1 DAGs
[2025-01-17T20:56:26.586+0000] {logging_mixin.py:154} INFO - [2025-01-17T20:56:26.586+0000] {dag.py:3722} INFO - Setting next_dagrun for example_short_circuit_decorator to 2025-01-16T20:56:26.586445+00:00, run_after=2025-01-17T20:56:26.586445+00:00
[2025-01-17T20:56:26.602+0000] {processor.py:179} INFO - Processing /home/airflow/.local/lib/python3.10/site-packages/airflow/example_dags/example_short_circuit_decorator.py took 0.070 seconds
