[2025-01-17T20:53:56.319+0000] {processor.py:157} INFO - Started process (PID=93) to work on /home/airflow/.local/lib/python3.10/site-packages/airflow/example_dags/example_branch_datetime_operator.py
[2025-01-17T20:53:56.320+0000] {processor.py:829} INFO - Processing file /home/airflow/.local/lib/python3.10/site-packages/airflow/example_dags/example_branch_datetime_operator.py for tasks to queue
[2025-01-17T20:53:56.323+0000] {logging_mixin.py:154} INFO - [2025-01-17T20:53:56.322+0000] {dagbag.py:536} INFO - Filling up the DagBag from /home/airflow/.local/lib/python3.10/site-packages/airflow/example_dags/example_branch_datetime_operator.py
[2025-01-17T20:53:56.333+0000] {processor.py:839} INFO - DAG(s) dict_keys(['example_branch_datetime_operator', 'example_branch_datetime_operator_2', 'example_branch_datetime_operator_3']) retrieved from /home/airflow/.local/lib/python3.10/site-packages/airflow/example_dags/example_branch_datetime_operator.py
[2025-01-17T20:53:56.350+0000] {logging_mixin.py:154} INFO - [2025-01-17T20:53:56.350+0000] {dag.py:2941} INFO - Sync 3 DAGs
[2025-01-17T20:53:56.373+0000] {logging_mixin.py:154} INFO - [2025-01-17T20:53:56.373+0000] {dag.py:3722} INFO - Setting next_dagrun for example_branch_datetime_operator to 2025-01-16T00:00:00+00:00, run_after=2025-01-17T00:00:00+00:00
[2025-01-17T20:53:56.379+0000] {logging_mixin.py:154} INFO - [2025-01-17T20:53:56.378+0000] {dag.py:3722} INFO - Setting next_dagrun for example_branch_datetime_operator_2 to 2025-01-16T00:00:00+00:00, run_after=2025-01-17T00:00:00+00:00
[2025-01-17T20:53:56.382+0000] {logging_mixin.py:154} INFO - [2025-01-17T20:53:56.382+0000] {dag.py:3722} INFO - Setting next_dagrun for example_branch_datetime_operator_3 to 2025-01-16T00:00:00+00:00, run_after=2025-01-17T00:00:00+00:00
[2025-01-17T20:53:56.401+0000] {processor.py:179} INFO - Processing /home/airflow/.local/lib/python3.10/site-packages/airflow/example_dags/example_branch_datetime_operator.py took 0.085 seconds
[2025-01-17T20:54:26.801+0000] {processor.py:157} INFO - Started process (PID=148) to work on /home/airflow/.local/lib/python3.10/site-packages/airflow/example_dags/example_branch_datetime_operator.py
[2025-01-17T20:54:26.802+0000] {processor.py:829} INFO - Processing file /home/airflow/.local/lib/python3.10/site-packages/airflow/example_dags/example_branch_datetime_operator.py for tasks to queue
[2025-01-17T20:54:26.804+0000] {logging_mixin.py:154} INFO - [2025-01-17T20:54:26.804+0000] {dagbag.py:536} INFO - Filling up the DagBag from /home/airflow/.local/lib/python3.10/site-packages/airflow/example_dags/example_branch_datetime_operator.py
[2025-01-17T20:54:26.812+0000] {processor.py:839} INFO - DAG(s) dict_keys(['example_branch_datetime_operator', 'example_branch_datetime_operator_2', 'example_branch_datetime_operator_3']) retrieved from /home/airflow/.local/lib/python3.10/site-packages/airflow/example_dags/example_branch_datetime_operator.py
[2025-01-17T20:54:26.837+0000] {logging_mixin.py:154} INFO - [2025-01-17T20:54:26.837+0000] {dag.py:2941} INFO - Sync 3 DAGs
[2025-01-17T20:54:26.857+0000] {logging_mixin.py:154} INFO - [2025-01-17T20:54:26.857+0000] {dag.py:3722} INFO - Setting next_dagrun for example_branch_datetime_operator to 2025-01-16T00:00:00+00:00, run_after=2025-01-17T00:00:00+00:00
[2025-01-17T20:54:26.862+0000] {logging_mixin.py:154} INFO - [2025-01-17T20:54:26.861+0000] {dag.py:3722} INFO - Setting next_dagrun for example_branch_datetime_operator_2 to 2025-01-16T00:00:00+00:00, run_after=2025-01-17T00:00:00+00:00
[2025-01-17T20:54:26.864+0000] {logging_mixin.py:154} INFO - [2025-01-17T20:54:26.864+0000] {dag.py:3722} INFO - Setting next_dagrun for example_branch_datetime_operator_3 to 2025-01-16T00:00:00+00:00, run_after=2025-01-17T00:00:00+00:00
[2025-01-17T20:54:26.879+0000] {processor.py:179} INFO - Processing /home/airflow/.local/lib/python3.10/site-packages/airflow/example_dags/example_branch_datetime_operator.py took 0.081 seconds
[2025-01-17T20:54:57.166+0000] {processor.py:157} INFO - Started process (PID=203) to work on /home/airflow/.local/lib/python3.10/site-packages/airflow/example_dags/example_branch_datetime_operator.py
[2025-01-17T20:54:57.167+0000] {processor.py:829} INFO - Processing file /home/airflow/.local/lib/python3.10/site-packages/airflow/example_dags/example_branch_datetime_operator.py for tasks to queue
[2025-01-17T20:54:57.169+0000] {logging_mixin.py:154} INFO - [2025-01-17T20:54:57.169+0000] {dagbag.py:536} INFO - Filling up the DagBag from /home/airflow/.local/lib/python3.10/site-packages/airflow/example_dags/example_branch_datetime_operator.py
[2025-01-17T20:54:57.178+0000] {processor.py:839} INFO - DAG(s) dict_keys(['example_branch_datetime_operator', 'example_branch_datetime_operator_2', 'example_branch_datetime_operator_3']) retrieved from /home/airflow/.local/lib/python3.10/site-packages/airflow/example_dags/example_branch_datetime_operator.py
[2025-01-17T20:54:57.204+0000] {logging_mixin.py:154} INFO - [2025-01-17T20:54:57.204+0000] {dag.py:2941} INFO - Sync 3 DAGs
[2025-01-17T20:54:57.227+0000] {logging_mixin.py:154} INFO - [2025-01-17T20:54:57.227+0000] {dag.py:3722} INFO - Setting next_dagrun for example_branch_datetime_operator to 2025-01-16T00:00:00+00:00, run_after=2025-01-17T00:00:00+00:00
[2025-01-17T20:54:57.233+0000] {logging_mixin.py:154} INFO - [2025-01-17T20:54:57.233+0000] {dag.py:3722} INFO - Setting next_dagrun for example_branch_datetime_operator_2 to 2025-01-16T00:00:00+00:00, run_after=2025-01-17T00:00:00+00:00
[2025-01-17T20:54:57.236+0000] {logging_mixin.py:154} INFO - [2025-01-17T20:54:57.235+0000] {dag.py:3722} INFO - Setting next_dagrun for example_branch_datetime_operator_3 to 2025-01-16T00:00:00+00:00, run_after=2025-01-17T00:00:00+00:00
[2025-01-17T20:54:57.252+0000] {processor.py:179} INFO - Processing /home/airflow/.local/lib/python3.10/site-packages/airflow/example_dags/example_branch_datetime_operator.py took 0.089 seconds
[2025-01-17T20:55:28.318+0000] {processor.py:157} INFO - Started process (PID=258) to work on /home/airflow/.local/lib/python3.10/site-packages/airflow/example_dags/example_branch_datetime_operator.py
[2025-01-17T20:55:28.319+0000] {processor.py:829} INFO - Processing file /home/airflow/.local/lib/python3.10/site-packages/airflow/example_dags/example_branch_datetime_operator.py for tasks to queue
[2025-01-17T20:55:28.322+0000] {logging_mixin.py:154} INFO - [2025-01-17T20:55:28.322+0000] {dagbag.py:536} INFO - Filling up the DagBag from /home/airflow/.local/lib/python3.10/site-packages/airflow/example_dags/example_branch_datetime_operator.py
[2025-01-17T20:55:28.334+0000] {processor.py:839} INFO - DAG(s) dict_keys(['example_branch_datetime_operator_3', 'example_branch_datetime_operator_2', 'example_branch_datetime_operator']) retrieved from /home/airflow/.local/lib/python3.10/site-packages/airflow/example_dags/example_branch_datetime_operator.py
[2025-01-17T20:55:28.371+0000] {logging_mixin.py:154} INFO - [2025-01-17T20:55:28.371+0000] {dag.py:2941} INFO - Sync 3 DAGs
[2025-01-17T20:55:28.400+0000] {logging_mixin.py:154} INFO - [2025-01-17T20:55:28.400+0000] {dag.py:3722} INFO - Setting next_dagrun for example_branch_datetime_operator to 2025-01-16T00:00:00+00:00, run_after=2025-01-17T00:00:00+00:00
[2025-01-17T20:55:28.406+0000] {logging_mixin.py:154} INFO - [2025-01-17T20:55:28.406+0000] {dag.py:3722} INFO - Setting next_dagrun for example_branch_datetime_operator_2 to 2025-01-16T00:00:00+00:00, run_after=2025-01-17T00:00:00+00:00
[2025-01-17T20:55:28.409+0000] {logging_mixin.py:154} INFO - [2025-01-17T20:55:28.409+0000] {dag.py:3722} INFO - Setting next_dagrun for example_branch_datetime_operator_3 to 2025-01-16T00:00:00+00:00, run_after=2025-01-17T00:00:00+00:00
[2025-01-17T20:55:28.425+0000] {processor.py:179} INFO - Processing /home/airflow/.local/lib/python3.10/site-packages/airflow/example_dags/example_branch_datetime_operator.py took 0.110 seconds
[2025-01-17T20:55:59.355+0000] {processor.py:157} INFO - Started process (PID=313) to work on /home/airflow/.local/lib/python3.10/site-packages/airflow/example_dags/example_branch_datetime_operator.py
[2025-01-17T20:55:59.356+0000] {processor.py:829} INFO - Processing file /home/airflow/.local/lib/python3.10/site-packages/airflow/example_dags/example_branch_datetime_operator.py for tasks to queue
[2025-01-17T20:55:59.358+0000] {logging_mixin.py:154} INFO - [2025-01-17T20:55:59.358+0000] {dagbag.py:536} INFO - Filling up the DagBag from /home/airflow/.local/lib/python3.10/site-packages/airflow/example_dags/example_branch_datetime_operator.py
[2025-01-17T20:55:59.368+0000] {processor.py:839} INFO - DAG(s) dict_keys(['example_branch_datetime_operator_3', 'example_branch_datetime_operator', 'example_branch_datetime_operator_2']) retrieved from /home/airflow/.local/lib/python3.10/site-packages/airflow/example_dags/example_branch_datetime_operator.py
[2025-01-17T20:55:59.398+0000] {logging_mixin.py:154} INFO - [2025-01-17T20:55:59.398+0000] {dag.py:2941} INFO - Sync 3 DAGs
[2025-01-17T20:55:59.420+0000] {logging_mixin.py:154} INFO - [2025-01-17T20:55:59.419+0000] {dag.py:3722} INFO - Setting next_dagrun for example_branch_datetime_operator to 2025-01-16T00:00:00+00:00, run_after=2025-01-17T00:00:00+00:00
[2025-01-17T20:55:59.425+0000] {logging_mixin.py:154} INFO - [2025-01-17T20:55:59.424+0000] {dag.py:3722} INFO - Setting next_dagrun for example_branch_datetime_operator_2 to 2025-01-16T00:00:00+00:00, run_after=2025-01-17T00:00:00+00:00
[2025-01-17T20:55:59.427+0000] {logging_mixin.py:154} INFO - [2025-01-17T20:55:59.427+0000] {dag.py:3722} INFO - Setting next_dagrun for example_branch_datetime_operator_3 to 2025-01-16T00:00:00+00:00, run_after=2025-01-17T00:00:00+00:00
[2025-01-17T20:55:59.441+0000] {processor.py:179} INFO - Processing /home/airflow/.local/lib/python3.10/site-packages/airflow/example_dags/example_branch_datetime_operator.py took 0.089 seconds
[2025-01-17T20:56:29.681+0000] {processor.py:157} INFO - Started process (PID=368) to work on /home/airflow/.local/lib/python3.10/site-packages/airflow/example_dags/example_branch_datetime_operator.py
[2025-01-17T20:56:29.682+0000] {processor.py:829} INFO - Processing file /home/airflow/.local/lib/python3.10/site-packages/airflow/example_dags/example_branch_datetime_operator.py for tasks to queue
[2025-01-17T20:56:29.683+0000] {logging_mixin.py:154} INFO - [2025-01-17T20:56:29.683+0000] {dagbag.py:536} INFO - Filling up the DagBag from /home/airflow/.local/lib/python3.10/site-packages/airflow/example_dags/example_branch_datetime_operator.py
[2025-01-17T20:56:29.692+0000] {processor.py:839} INFO - DAG(s) dict_keys(['example_branch_datetime_operator_2', 'example_branch_datetime_operator', 'example_branch_datetime_operator_3']) retrieved from /home/airflow/.local/lib/python3.10/site-packages/airflow/example_dags/example_branch_datetime_operator.py
[2025-01-17T20:56:29.715+0000] {logging_mixin.py:154} INFO - [2025-01-17T20:56:29.715+0000] {dag.py:2941} INFO - Sync 3 DAGs
[2025-01-17T20:56:29.735+0000] {logging_mixin.py:154} INFO - [2025-01-17T20:56:29.735+0000] {dag.py:3722} INFO - Setting next_dagrun for example_branch_datetime_operator to 2025-01-16T00:00:00+00:00, run_after=2025-01-17T00:00:00+00:00
[2025-01-17T20:56:29.740+0000] {logging_mixin.py:154} INFO - [2025-01-17T20:56:29.739+0000] {dag.py:3722} INFO - Setting next_dagrun for example_branch_datetime_operator_2 to 2025-01-16T00:00:00+00:00, run_after=2025-01-17T00:00:00+00:00
[2025-01-17T20:56:29.742+0000] {logging_mixin.py:154} INFO - [2025-01-17T20:56:29.742+0000] {dag.py:3722} INFO - Setting next_dagrun for example_branch_datetime_operator_3 to 2025-01-16T00:00:00+00:00, run_after=2025-01-17T00:00:00+00:00
[2025-01-17T20:56:29.756+0000] {processor.py:179} INFO - Processing /home/airflow/.local/lib/python3.10/site-packages/airflow/example_dags/example_branch_datetime_operator.py took 0.078 seconds
