[2025-01-17T20:53:55.353+0000] {processor.py:157} INFO - Started process (PID=73) to work on /home/airflow/.local/lib/python3.10/site-packages/airflow/example_dags/example_task_group_decorator.py
[2025-01-17T20:53:55.354+0000] {processor.py:829} INFO - Processing file /home/airflow/.local/lib/python3.10/site-packages/airflow/example_dags/example_task_group_decorator.py for tasks to queue
[2025-01-17T20:53:55.357+0000] {logging_mixin.py:154} INFO - [2025-01-17T20:53:55.356+0000] {dagbag.py:536} INFO - Filling up the DagBag from /home/airflow/.local/lib/python3.10/site-packages/airflow/example_dags/example_task_group_decorator.py
[2025-01-17T20:53:55.375+0000] {processor.py:839} INFO - DAG(s) dict_keys(['example_task_group_decorator']) retrieved from /home/airflow/.local/lib/python3.10/site-packages/airflow/example_dags/example_task_group_decorator.py
[2025-01-17T20:53:55.388+0000] {logging_mixin.py:154} INFO - [2025-01-17T20:53:55.387+0000] {dag.py:2941} INFO - Sync 1 DAGs
[2025-01-17T20:53:55.414+0000] {logging_mixin.py:154} INFO - [2025-01-17T20:53:55.413+0000] {dag.py:3722} INFO - Setting next_dagrun for example_task_group_decorator to 2025-01-16T20:53:55.413078+00:00, run_after=2025-01-17T20:53:55.413078+00:00
[2025-01-17T20:53:55.435+0000] {processor.py:179} INFO - Processing /home/airflow/.local/lib/python3.10/site-packages/airflow/example_dags/example_task_group_decorator.py took 0.085 seconds
[2025-01-17T20:54:25.757+0000] {processor.py:157} INFO - Started process (PID=128) to work on /home/airflow/.local/lib/python3.10/site-packages/airflow/example_dags/example_task_group_decorator.py
[2025-01-17T20:54:25.758+0000] {processor.py:829} INFO - Processing file /home/airflow/.local/lib/python3.10/site-packages/airflow/example_dags/example_task_group_decorator.py for tasks to queue
[2025-01-17T20:54:25.760+0000] {logging_mixin.py:154} INFO - [2025-01-17T20:54:25.760+0000] {dagbag.py:536} INFO - Filling up the DagBag from /home/airflow/.local/lib/python3.10/site-packages/airflow/example_dags/example_task_group_decorator.py
[2025-01-17T20:54:25.774+0000] {processor.py:839} INFO - DAG(s) dict_keys(['example_task_group_decorator']) retrieved from /home/airflow/.local/lib/python3.10/site-packages/airflow/example_dags/example_task_group_decorator.py
[2025-01-17T20:54:25.797+0000] {logging_mixin.py:154} INFO - [2025-01-17T20:54:25.797+0000] {dag.py:2941} INFO - Sync 1 DAGs
[2025-01-17T20:54:25.818+0000] {logging_mixin.py:154} INFO - [2025-01-17T20:54:25.818+0000] {dag.py:3722} INFO - Setting next_dagrun for example_task_group_decorator to 2025-01-16T20:54:25.817984+00:00, run_after=2025-01-17T20:54:25.817984+00:00
[2025-01-17T20:54:25.842+0000] {processor.py:179} INFO - Processing /home/airflow/.local/lib/python3.10/site-packages/airflow/example_dags/example_task_group_decorator.py took 0.088 seconds
[2025-01-17T20:54:56.192+0000] {processor.py:157} INFO - Started process (PID=183) to work on /home/airflow/.local/lib/python3.10/site-packages/airflow/example_dags/example_task_group_decorator.py
[2025-01-17T20:54:56.193+0000] {processor.py:829} INFO - Processing file /home/airflow/.local/lib/python3.10/site-packages/airflow/example_dags/example_task_group_decorator.py for tasks to queue
[2025-01-17T20:54:56.195+0000] {logging_mixin.py:154} INFO - [2025-01-17T20:54:56.195+0000] {dagbag.py:536} INFO - Filling up the DagBag from /home/airflow/.local/lib/python3.10/site-packages/airflow/example_dags/example_task_group_decorator.py
[2025-01-17T20:54:56.208+0000] {processor.py:839} INFO - DAG(s) dict_keys(['example_task_group_decorator']) retrieved from /home/airflow/.local/lib/python3.10/site-packages/airflow/example_dags/example_task_group_decorator.py
[2025-01-17T20:54:56.231+0000] {logging_mixin.py:154} INFO - [2025-01-17T20:54:56.230+0000] {dag.py:2941} INFO - Sync 1 DAGs
[2025-01-17T20:54:56.251+0000] {logging_mixin.py:154} INFO - [2025-01-17T20:54:56.251+0000] {dag.py:3722} INFO - Setting next_dagrun for example_task_group_decorator to 2025-01-16T20:54:56.251564+00:00, run_after=2025-01-17T20:54:56.251564+00:00
[2025-01-17T20:54:56.270+0000] {processor.py:179} INFO - Processing /home/airflow/.local/lib/python3.10/site-packages/airflow/example_dags/example_task_group_decorator.py took 0.081 seconds
[2025-01-17T20:55:27.283+0000] {processor.py:157} INFO - Started process (PID=238) to work on /home/airflow/.local/lib/python3.10/site-packages/airflow/example_dags/example_task_group_decorator.py
[2025-01-17T20:55:27.284+0000] {processor.py:829} INFO - Processing file /home/airflow/.local/lib/python3.10/site-packages/airflow/example_dags/example_task_group_decorator.py for tasks to queue
[2025-01-17T20:55:27.286+0000] {logging_mixin.py:154} INFO - [2025-01-17T20:55:27.286+0000] {dagbag.py:536} INFO - Filling up the DagBag from /home/airflow/.local/lib/python3.10/site-packages/airflow/example_dags/example_task_group_decorator.py
[2025-01-17T20:55:27.299+0000] {processor.py:839} INFO - DAG(s) dict_keys(['example_task_group_decorator']) retrieved from /home/airflow/.local/lib/python3.10/site-packages/airflow/example_dags/example_task_group_decorator.py
[2025-01-17T20:55:27.320+0000] {logging_mixin.py:154} INFO - [2025-01-17T20:55:27.320+0000] {dag.py:2941} INFO - Sync 1 DAGs
[2025-01-17T20:55:27.338+0000] {logging_mixin.py:154} INFO - [2025-01-17T20:55:27.338+0000] {dag.py:3722} INFO - Setting next_dagrun for example_task_group_decorator to 2025-01-16T20:55:27.338522+00:00, run_after=2025-01-17T20:55:27.338522+00:00
[2025-01-17T20:55:27.353+0000] {processor.py:179} INFO - Processing /home/airflow/.local/lib/python3.10/site-packages/airflow/example_dags/example_task_group_decorator.py took 0.073 seconds
[2025-01-17T20:55:58.338+0000] {processor.py:157} INFO - Started process (PID=293) to work on /home/airflow/.local/lib/python3.10/site-packages/airflow/example_dags/example_task_group_decorator.py
[2025-01-17T20:55:58.339+0000] {processor.py:829} INFO - Processing file /home/airflow/.local/lib/python3.10/site-packages/airflow/example_dags/example_task_group_decorator.py for tasks to queue
[2025-01-17T20:55:58.341+0000] {logging_mixin.py:154} INFO - [2025-01-17T20:55:58.340+0000] {dagbag.py:536} INFO - Filling up the DagBag from /home/airflow/.local/lib/python3.10/site-packages/airflow/example_dags/example_task_group_decorator.py
[2025-01-17T20:55:58.354+0000] {processor.py:839} INFO - DAG(s) dict_keys(['example_task_group_decorator']) retrieved from /home/airflow/.local/lib/python3.10/site-packages/airflow/example_dags/example_task_group_decorator.py
[2025-01-17T20:55:58.376+0000] {logging_mixin.py:154} INFO - [2025-01-17T20:55:58.375+0000] {dag.py:2941} INFO - Sync 1 DAGs
[2025-01-17T20:55:58.395+0000] {logging_mixin.py:154} INFO - [2025-01-17T20:55:58.395+0000] {dag.py:3722} INFO - Setting next_dagrun for example_task_group_decorator to 2025-01-16T20:55:58.394937+00:00, run_after=2025-01-17T20:55:58.394937+00:00
[2025-01-17T20:55:58.410+0000] {processor.py:179} INFO - Processing /home/airflow/.local/lib/python3.10/site-packages/airflow/example_dags/example_task_group_decorator.py took 0.075 seconds
[2025-01-17T20:56:28.487+0000] {processor.py:157} INFO - Started process (PID=347) to work on /home/airflow/.local/lib/python3.10/site-packages/airflow/example_dags/example_task_group_decorator.py
[2025-01-17T20:56:28.488+0000] {processor.py:829} INFO - Processing file /home/airflow/.local/lib/python3.10/site-packages/airflow/example_dags/example_task_group_decorator.py for tasks to queue
[2025-01-17T20:56:28.490+0000] {logging_mixin.py:154} INFO - [2025-01-17T20:56:28.489+0000] {dagbag.py:536} INFO - Filling up the DagBag from /home/airflow/.local/lib/python3.10/site-packages/airflow/example_dags/example_task_group_decorator.py
[2025-01-17T20:56:28.502+0000] {processor.py:839} INFO - DAG(s) dict_keys(['example_task_group_decorator']) retrieved from /home/airflow/.local/lib/python3.10/site-packages/airflow/example_dags/example_task_group_decorator.py
[2025-01-17T20:56:28.526+0000] {logging_mixin.py:154} INFO - [2025-01-17T20:56:28.525+0000] {dag.py:2941} INFO - Sync 1 DAGs
[2025-01-17T20:56:28.544+0000] {logging_mixin.py:154} INFO - [2025-01-17T20:56:28.544+0000] {dag.py:3722} INFO - Setting next_dagrun for example_task_group_decorator to 2025-01-16T20:56:28.544249+00:00, run_after=2025-01-17T20:56:28.544249+00:00
[2025-01-17T20:56:28.559+0000] {processor.py:179} INFO - Processing /home/airflow/.local/lib/python3.10/site-packages/airflow/example_dags/example_task_group_decorator.py took 0.075 seconds
