[2025-01-17T20:53:55.020+0000] {processor.py:157} INFO - Started process (PID=68) to work on /home/airflow/.local/lib/python3.10/site-packages/airflow/example_dags/example_dynamic_task_mapping_with_no_taskflow_operators.py
[2025-01-17T20:53:55.021+0000] {processor.py:829} INFO - Processing file /home/airflow/.local/lib/python3.10/site-packages/airflow/example_dags/example_dynamic_task_mapping_with_no_taskflow_operators.py for tasks to queue
[2025-01-17T20:53:55.024+0000] {logging_mixin.py:154} INFO - [2025-01-17T20:53:55.024+0000] {dagbag.py:536} INFO - Filling up the DagBag from /home/airflow/.local/lib/python3.10/site-packages/airflow/example_dags/example_dynamic_task_mapping_with_no_taskflow_operators.py
[2025-01-17T20:53:55.034+0000] {processor.py:839} INFO - DAG(s) dict_keys(['example_dynamic_task_mapping_with_no_taskflow_operators']) retrieved from /home/airflow/.local/lib/python3.10/site-packages/airflow/example_dags/example_dynamic_task_mapping_with_no_taskflow_operators.py
[2025-01-17T20:53:55.046+0000] {logging_mixin.py:154} INFO - [2025-01-17T20:53:55.046+0000] {dag.py:2941} INFO - Sync 1 DAGs
[2025-01-17T20:53:55.070+0000] {logging_mixin.py:154} INFO - [2025-01-17T20:53:55.069+0000] {dag.py:3722} INFO - Setting next_dagrun for example_dynamic_task_mapping_with_no_taskflow_operators to 2025-01-16T20:53:55.069727+00:00, run_after=2025-01-17T20:53:55.069727+00:00
[2025-01-17T20:53:55.087+0000] {processor.py:179} INFO - Processing /home/airflow/.local/lib/python3.10/site-packages/airflow/example_dags/example_dynamic_task_mapping_with_no_taskflow_operators.py took 0.070 seconds
[2025-01-17T20:54:25.365+0000] {processor.py:157} INFO - Started process (PID=123) to work on /home/airflow/.local/lib/python3.10/site-packages/airflow/example_dags/example_dynamic_task_mapping_with_no_taskflow_operators.py
[2025-01-17T20:54:25.366+0000] {processor.py:829} INFO - Processing file /home/airflow/.local/lib/python3.10/site-packages/airflow/example_dags/example_dynamic_task_mapping_with_no_taskflow_operators.py for tasks to queue
[2025-01-17T20:54:25.368+0000] {logging_mixin.py:154} INFO - [2025-01-17T20:54:25.368+0000] {dagbag.py:536} INFO - Filling up the DagBag from /home/airflow/.local/lib/python3.10/site-packages/airflow/example_dags/example_dynamic_task_mapping_with_no_taskflow_operators.py
[2025-01-17T20:54:25.374+0000] {processor.py:839} INFO - DAG(s) dict_keys(['example_dynamic_task_mapping_with_no_taskflow_operators']) retrieved from /home/airflow/.local/lib/python3.10/site-packages/airflow/example_dags/example_dynamic_task_mapping_with_no_taskflow_operators.py
[2025-01-17T20:54:25.392+0000] {logging_mixin.py:154} INFO - [2025-01-17T20:54:25.392+0000] {dag.py:2941} INFO - Sync 1 DAGs
[2025-01-17T20:54:25.414+0000] {logging_mixin.py:154} INFO - [2025-01-17T20:54:25.414+0000] {dag.py:3722} INFO - Setting next_dagrun for example_dynamic_task_mapping_with_no_taskflow_operators to 2025-01-16T20:54:25.413980+00:00, run_after=2025-01-17T20:54:25.413980+00:00
[2025-01-17T20:54:25.432+0000] {processor.py:179} INFO - Processing /home/airflow/.local/lib/python3.10/site-packages/airflow/example_dags/example_dynamic_task_mapping_with_no_taskflow_operators.py took 0.070 seconds
[2025-01-17T20:54:55.581+0000] {processor.py:157} INFO - Started process (PID=178) to work on /home/airflow/.local/lib/python3.10/site-packages/airflow/example_dags/example_dynamic_task_mapping_with_no_taskflow_operators.py
[2025-01-17T20:54:55.582+0000] {processor.py:829} INFO - Processing file /home/airflow/.local/lib/python3.10/site-packages/airflow/example_dags/example_dynamic_task_mapping_with_no_taskflow_operators.py for tasks to queue
[2025-01-17T20:54:55.584+0000] {logging_mixin.py:154} INFO - [2025-01-17T20:54:55.584+0000] {dagbag.py:536} INFO - Filling up the DagBag from /home/airflow/.local/lib/python3.10/site-packages/airflow/example_dags/example_dynamic_task_mapping_with_no_taskflow_operators.py
[2025-01-17T20:54:55.590+0000] {processor.py:839} INFO - DAG(s) dict_keys(['example_dynamic_task_mapping_with_no_taskflow_operators']) retrieved from /home/airflow/.local/lib/python3.10/site-packages/airflow/example_dags/example_dynamic_task_mapping_with_no_taskflow_operators.py
[2025-01-17T20:54:55.607+0000] {logging_mixin.py:154} INFO - [2025-01-17T20:54:55.607+0000] {dag.py:2941} INFO - Sync 1 DAGs
[2025-01-17T20:54:55.627+0000] {logging_mixin.py:154} INFO - [2025-01-17T20:54:55.627+0000] {dag.py:3722} INFO - Setting next_dagrun for example_dynamic_task_mapping_with_no_taskflow_operators to 2025-01-16T20:54:55.626962+00:00, run_after=2025-01-17T20:54:55.626962+00:00
[2025-01-17T20:54:55.643+0000] {processor.py:179} INFO - Processing /home/airflow/.local/lib/python3.10/site-packages/airflow/example_dags/example_dynamic_task_mapping_with_no_taskflow_operators.py took 0.065 seconds
[2025-01-17T20:55:25.778+0000] {processor.py:157} INFO - Started process (PID=232) to work on /home/airflow/.local/lib/python3.10/site-packages/airflow/example_dags/example_dynamic_task_mapping_with_no_taskflow_operators.py
[2025-01-17T20:55:25.779+0000] {processor.py:829} INFO - Processing file /home/airflow/.local/lib/python3.10/site-packages/airflow/example_dags/example_dynamic_task_mapping_with_no_taskflow_operators.py for tasks to queue
[2025-01-17T20:55:25.781+0000] {logging_mixin.py:154} INFO - [2025-01-17T20:55:25.781+0000] {dagbag.py:536} INFO - Filling up the DagBag from /home/airflow/.local/lib/python3.10/site-packages/airflow/example_dags/example_dynamic_task_mapping_with_no_taskflow_operators.py
[2025-01-17T20:55:25.788+0000] {processor.py:839} INFO - DAG(s) dict_keys(['example_dynamic_task_mapping_with_no_taskflow_operators']) retrieved from /home/airflow/.local/lib/python3.10/site-packages/airflow/example_dags/example_dynamic_task_mapping_with_no_taskflow_operators.py
[2025-01-17T20:55:25.806+0000] {logging_mixin.py:154} INFO - [2025-01-17T20:55:25.805+0000] {dag.py:2941} INFO - Sync 1 DAGs
[2025-01-17T20:55:25.823+0000] {logging_mixin.py:154} INFO - [2025-01-17T20:55:25.823+0000] {dag.py:3722} INFO - Setting next_dagrun for example_dynamic_task_mapping_with_no_taskflow_operators to 2025-01-16T20:55:25.823592+00:00, run_after=2025-01-17T20:55:25.823592+00:00
[2025-01-17T20:55:25.837+0000] {processor.py:179} INFO - Processing /home/airflow/.local/lib/python3.10/site-packages/airflow/example_dags/example_dynamic_task_mapping_with_no_taskflow_operators.py took 0.062 seconds
[2025-01-17T20:55:56.827+0000] {processor.py:157} INFO - Started process (PID=287) to work on /home/airflow/.local/lib/python3.10/site-packages/airflow/example_dags/example_dynamic_task_mapping_with_no_taskflow_operators.py
[2025-01-17T20:55:56.828+0000] {processor.py:829} INFO - Processing file /home/airflow/.local/lib/python3.10/site-packages/airflow/example_dags/example_dynamic_task_mapping_with_no_taskflow_operators.py for tasks to queue
[2025-01-17T20:55:56.829+0000] {logging_mixin.py:154} INFO - [2025-01-17T20:55:56.829+0000] {dagbag.py:536} INFO - Filling up the DagBag from /home/airflow/.local/lib/python3.10/site-packages/airflow/example_dags/example_dynamic_task_mapping_with_no_taskflow_operators.py
[2025-01-17T20:55:56.835+0000] {processor.py:839} INFO - DAG(s) dict_keys(['example_dynamic_task_mapping_with_no_taskflow_operators']) retrieved from /home/airflow/.local/lib/python3.10/site-packages/airflow/example_dags/example_dynamic_task_mapping_with_no_taskflow_operators.py
[2025-01-17T20:55:56.852+0000] {logging_mixin.py:154} INFO - [2025-01-17T20:55:56.852+0000] {dag.py:2941} INFO - Sync 1 DAGs
[2025-01-17T20:55:56.870+0000] {logging_mixin.py:154} INFO - [2025-01-17T20:55:56.870+0000] {dag.py:3722} INFO - Setting next_dagrun for example_dynamic_task_mapping_with_no_taskflow_operators to 2025-01-16T20:55:56.870600+00:00, run_after=2025-01-17T20:55:56.870600+00:00
[2025-01-17T20:55:56.885+0000] {processor.py:179} INFO - Processing /home/airflow/.local/lib/python3.10/site-packages/airflow/example_dags/example_dynamic_task_mapping_with_no_taskflow_operators.py took 0.061 seconds
[2025-01-17T20:56:26.974+0000] {processor.py:157} INFO - Started process (PID=342) to work on /home/airflow/.local/lib/python3.10/site-packages/airflow/example_dags/example_dynamic_task_mapping_with_no_taskflow_operators.py
[2025-01-17T20:56:26.975+0000] {processor.py:829} INFO - Processing file /home/airflow/.local/lib/python3.10/site-packages/airflow/example_dags/example_dynamic_task_mapping_with_no_taskflow_operators.py for tasks to queue
[2025-01-17T20:56:26.977+0000] {logging_mixin.py:154} INFO - [2025-01-17T20:56:26.977+0000] {dagbag.py:536} INFO - Filling up the DagBag from /home/airflow/.local/lib/python3.10/site-packages/airflow/example_dags/example_dynamic_task_mapping_with_no_taskflow_operators.py
[2025-01-17T20:56:26.983+0000] {processor.py:839} INFO - DAG(s) dict_keys(['example_dynamic_task_mapping_with_no_taskflow_operators']) retrieved from /home/airflow/.local/lib/python3.10/site-packages/airflow/example_dags/example_dynamic_task_mapping_with_no_taskflow_operators.py
[2025-01-17T20:56:27.000+0000] {logging_mixin.py:154} INFO - [2025-01-17T20:56:27.000+0000] {dag.py:2941} INFO - Sync 1 DAGs
[2025-01-17T20:56:27.018+0000] {logging_mixin.py:154} INFO - [2025-01-17T20:56:27.018+0000] {dag.py:3722} INFO - Setting next_dagrun for example_dynamic_task_mapping_with_no_taskflow_operators to 2025-01-16T20:56:27.018029+00:00, run_after=2025-01-17T20:56:27.018029+00:00
[2025-01-17T20:56:27.032+0000] {processor.py:179} INFO - Processing /home/airflow/.local/lib/python3.10/site-packages/airflow/example_dags/example_dynamic_task_mapping_with_no_taskflow_operators.py took 0.060 seconds
