[2025-01-17T20:53:56.309+0000] {processor.py:157} INFO - Started process (PID=92) to work on /home/airflow/.local/lib/python3.10/site-packages/airflow/example_dags/example_sensors.py
[2025-01-17T20:53:56.310+0000] {processor.py:829} INFO - Processing file /home/airflow/.local/lib/python3.10/site-packages/airflow/example_dags/example_sensors.py for tasks to queue
[2025-01-17T20:53:56.312+0000] {logging_mixin.py:154} INFO - [2025-01-17T20:53:56.312+0000] {dagbag.py:536} INFO - Filling up the DagBag from /home/airflow/.local/lib/python3.10/site-packages/airflow/example_dags/example_sensors.py
[2025-01-17T20:53:56.324+0000] {processor.py:839} INFO - DAG(s) dict_keys(['example_sensors']) retrieved from /home/airflow/.local/lib/python3.10/site-packages/airflow/example_dags/example_sensors.py
[2025-01-17T20:53:56.336+0000] {logging_mixin.py:154} INFO - [2025-01-17T20:53:56.336+0000] {dag.py:2941} INFO - Sync 1 DAGs
[2025-01-17T20:53:56.350+0000] {logging_mixin.py:154} INFO - [2025-01-17T20:53:56.350+0000] {dag.py:3722} INFO - Setting next_dagrun for example_sensors to None, run_after=None
[2025-01-17T20:53:56.369+0000] {processor.py:179} INFO - Processing /home/airflow/.local/lib/python3.10/site-packages/airflow/example_dags/example_sensors.py took 0.063 seconds
[2025-01-17T20:54:26.716+0000] {processor.py:157} INFO - Started process (PID=147) to work on /home/airflow/.local/lib/python3.10/site-packages/airflow/example_dags/example_sensors.py
[2025-01-17T20:54:26.717+0000] {processor.py:829} INFO - Processing file /home/airflow/.local/lib/python3.10/site-packages/airflow/example_dags/example_sensors.py for tasks to queue
[2025-01-17T20:54:26.719+0000] {logging_mixin.py:154} INFO - [2025-01-17T20:54:26.719+0000] {dagbag.py:536} INFO - Filling up the DagBag from /home/airflow/.local/lib/python3.10/site-packages/airflow/example_dags/example_sensors.py
[2025-01-17T20:54:26.726+0000] {processor.py:839} INFO - DAG(s) dict_keys(['example_sensors']) retrieved from /home/airflow/.local/lib/python3.10/site-packages/airflow/example_dags/example_sensors.py
[2025-01-17T20:54:26.748+0000] {logging_mixin.py:154} INFO - [2025-01-17T20:54:26.748+0000] {dag.py:2941} INFO - Sync 1 DAGs
[2025-01-17T20:54:26.759+0000] {logging_mixin.py:154} INFO - [2025-01-17T20:54:26.759+0000] {dag.py:3722} INFO - Setting next_dagrun for example_sensors to None, run_after=None
[2025-01-17T20:54:26.776+0000] {processor.py:179} INFO - Processing /home/airflow/.local/lib/python3.10/site-packages/airflow/example_dags/example_sensors.py took 0.063 seconds
[2025-01-17T20:54:57.131+0000] {processor.py:157} INFO - Started process (PID=202) to work on /home/airflow/.local/lib/python3.10/site-packages/airflow/example_dags/example_sensors.py
[2025-01-17T20:54:57.132+0000] {processor.py:829} INFO - Processing file /home/airflow/.local/lib/python3.10/site-packages/airflow/example_dags/example_sensors.py for tasks to queue
[2025-01-17T20:54:57.134+0000] {logging_mixin.py:154} INFO - [2025-01-17T20:54:57.133+0000] {dagbag.py:536} INFO - Filling up the DagBag from /home/airflow/.local/lib/python3.10/site-packages/airflow/example_dags/example_sensors.py
[2025-01-17T20:54:57.142+0000] {processor.py:839} INFO - DAG(s) dict_keys(['example_sensors']) retrieved from /home/airflow/.local/lib/python3.10/site-packages/airflow/example_dags/example_sensors.py
[2025-01-17T20:54:57.168+0000] {logging_mixin.py:154} INFO - [2025-01-17T20:54:57.168+0000] {dag.py:2941} INFO - Sync 1 DAGs
[2025-01-17T20:54:57.181+0000] {logging_mixin.py:154} INFO - [2025-01-17T20:54:57.180+0000] {dag.py:3722} INFO - Setting next_dagrun for example_sensors to None, run_after=None
[2025-01-17T20:54:57.199+0000] {processor.py:179} INFO - Processing /home/airflow/.local/lib/python3.10/site-packages/airflow/example_dags/example_sensors.py took 0.072 seconds
[2025-01-17T20:55:28.276+0000] {processor.py:157} INFO - Started process (PID=257) to work on /home/airflow/.local/lib/python3.10/site-packages/airflow/example_dags/example_sensors.py
[2025-01-17T20:55:28.278+0000] {processor.py:829} INFO - Processing file /home/airflow/.local/lib/python3.10/site-packages/airflow/example_dags/example_sensors.py for tasks to queue
[2025-01-17T20:55:28.280+0000] {logging_mixin.py:154} INFO - [2025-01-17T20:55:28.280+0000] {dagbag.py:536} INFO - Filling up the DagBag from /home/airflow/.local/lib/python3.10/site-packages/airflow/example_dags/example_sensors.py
[2025-01-17T20:55:28.291+0000] {processor.py:839} INFO - DAG(s) dict_keys(['example_sensors']) retrieved from /home/airflow/.local/lib/python3.10/site-packages/airflow/example_dags/example_sensors.py
[2025-01-17T20:55:28.327+0000] {logging_mixin.py:154} INFO - [2025-01-17T20:55:28.326+0000] {dag.py:2941} INFO - Sync 1 DAGs
[2025-01-17T20:55:28.343+0000] {logging_mixin.py:154} INFO - [2025-01-17T20:55:28.343+0000] {dag.py:3722} INFO - Setting next_dagrun for example_sensors to None, run_after=None
[2025-01-17T20:55:28.372+0000] {processor.py:179} INFO - Processing /home/airflow/.local/lib/python3.10/site-packages/airflow/example_dags/example_sensors.py took 0.099 seconds
[2025-01-17T20:55:59.328+0000] {processor.py:157} INFO - Started process (PID=312) to work on /home/airflow/.local/lib/python3.10/site-packages/airflow/example_dags/example_sensors.py
[2025-01-17T20:55:59.329+0000] {processor.py:829} INFO - Processing file /home/airflow/.local/lib/python3.10/site-packages/airflow/example_dags/example_sensors.py for tasks to queue
[2025-01-17T20:55:59.332+0000] {logging_mixin.py:154} INFO - [2025-01-17T20:55:59.331+0000] {dagbag.py:536} INFO - Filling up the DagBag from /home/airflow/.local/lib/python3.10/site-packages/airflow/example_dags/example_sensors.py
[2025-01-17T20:55:59.340+0000] {processor.py:839} INFO - DAG(s) dict_keys(['example_sensors']) retrieved from /home/airflow/.local/lib/python3.10/site-packages/airflow/example_dags/example_sensors.py
[2025-01-17T20:55:59.372+0000] {logging_mixin.py:154} INFO - [2025-01-17T20:55:59.372+0000] {dag.py:2941} INFO - Sync 1 DAGs
[2025-01-17T20:55:59.387+0000] {logging_mixin.py:154} INFO - [2025-01-17T20:55:59.387+0000] {dag.py:3722} INFO - Setting next_dagrun for example_sensors to None, run_after=None
[2025-01-17T20:55:59.402+0000] {processor.py:179} INFO - Processing /home/airflow/.local/lib/python3.10/site-packages/airflow/example_dags/example_sensors.py took 0.077 seconds
[2025-01-17T20:56:29.672+0000] {processor.py:157} INFO - Started process (PID=367) to work on /home/airflow/.local/lib/python3.10/site-packages/airflow/example_dags/example_sensors.py
[2025-01-17T20:56:29.673+0000] {processor.py:829} INFO - Processing file /home/airflow/.local/lib/python3.10/site-packages/airflow/example_dags/example_sensors.py for tasks to queue
[2025-01-17T20:56:29.675+0000] {logging_mixin.py:154} INFO - [2025-01-17T20:56:29.675+0000] {dagbag.py:536} INFO - Filling up the DagBag from /home/airflow/.local/lib/python3.10/site-packages/airflow/example_dags/example_sensors.py
[2025-01-17T20:56:29.683+0000] {processor.py:839} INFO - DAG(s) dict_keys(['example_sensors']) retrieved from /home/airflow/.local/lib/python3.10/site-packages/airflow/example_dags/example_sensors.py
[2025-01-17T20:56:29.704+0000] {logging_mixin.py:154} INFO - [2025-01-17T20:56:29.704+0000] {dag.py:2941} INFO - Sync 1 DAGs
[2025-01-17T20:56:29.714+0000] {logging_mixin.py:154} INFO - [2025-01-17T20:56:29.714+0000] {dag.py:3722} INFO - Setting next_dagrun for example_sensors to None, run_after=None
[2025-01-17T20:56:29.729+0000] {processor.py:179} INFO - Processing /home/airflow/.local/lib/python3.10/site-packages/airflow/example_dags/example_sensors.py took 0.059 seconds
