[2025-01-17T20:53:56.499+0000] {processor.py:157} INFO - Started process (PID=96) to work on /home/airflow/.local/lib/python3.10/site-packages/airflow/example_dags/example_task_group.py
[2025-01-17T20:53:56.500+0000] {processor.py:829} INFO - Processing file /home/airflow/.local/lib/python3.10/site-packages/airflow/example_dags/example_task_group.py for tasks to queue
[2025-01-17T20:53:56.502+0000] {logging_mixin.py:154} INFO - [2025-01-17T20:53:56.502+0000] {dagbag.py:536} INFO - Filling up the DagBag from /home/airflow/.local/lib/python3.10/site-packages/airflow/example_dags/example_task_group.py
[2025-01-17T20:53:56.513+0000] {processor.py:839} INFO - DAG(s) dict_keys(['example_task_group']) retrieved from /home/airflow/.local/lib/python3.10/site-packages/airflow/example_dags/example_task_group.py
[2025-01-17T20:53:56.526+0000] {logging_mixin.py:154} INFO - [2025-01-17T20:53:56.526+0000] {dag.py:2941} INFO - Sync 1 DAGs
[2025-01-17T20:53:56.551+0000] {logging_mixin.py:154} INFO - [2025-01-17T20:53:56.551+0000] {dag.py:3722} INFO - Setting next_dagrun for example_task_group to 2025-01-16T20:53:56.551081+00:00, run_after=2025-01-17T20:53:56.551081+00:00
[2025-01-17T20:53:56.570+0000] {processor.py:179} INFO - Processing /home/airflow/.local/lib/python3.10/site-packages/airflow/example_dags/example_task_group.py took 0.074 seconds
[2025-01-17T20:54:27.003+0000] {processor.py:157} INFO - Started process (PID=151) to work on /home/airflow/.local/lib/python3.10/site-packages/airflow/example_dags/example_task_group.py
[2025-01-17T20:54:27.004+0000] {processor.py:829} INFO - Processing file /home/airflow/.local/lib/python3.10/site-packages/airflow/example_dags/example_task_group.py for tasks to queue
[2025-01-17T20:54:27.006+0000] {logging_mixin.py:154} INFO - [2025-01-17T20:54:27.006+0000] {dagbag.py:536} INFO - Filling up the DagBag from /home/airflow/.local/lib/python3.10/site-packages/airflow/example_dags/example_task_group.py
[2025-01-17T20:54:27.012+0000] {processor.py:839} INFO - DAG(s) dict_keys(['example_task_group']) retrieved from /home/airflow/.local/lib/python3.10/site-packages/airflow/example_dags/example_task_group.py
[2025-01-17T20:54:27.032+0000] {logging_mixin.py:154} INFO - [2025-01-17T20:54:27.032+0000] {dag.py:2941} INFO - Sync 1 DAGs
[2025-01-17T20:54:27.050+0000] {logging_mixin.py:154} INFO - [2025-01-17T20:54:27.050+0000] {dag.py:3722} INFO - Setting next_dagrun for example_task_group to 2025-01-16T20:54:27.050410+00:00, run_after=2025-01-17T20:54:27.050410+00:00
[2025-01-17T20:54:27.066+0000] {processor.py:179} INFO - Processing /home/airflow/.local/lib/python3.10/site-packages/airflow/example_dags/example_task_group.py took 0.066 seconds
[2025-01-17T20:54:57.324+0000] {processor.py:157} INFO - Started process (PID=206) to work on /home/airflow/.local/lib/python3.10/site-packages/airflow/example_dags/example_task_group.py
[2025-01-17T20:54:57.325+0000] {processor.py:829} INFO - Processing file /home/airflow/.local/lib/python3.10/site-packages/airflow/example_dags/example_task_group.py for tasks to queue
[2025-01-17T20:54:57.327+0000] {logging_mixin.py:154} INFO - [2025-01-17T20:54:57.326+0000] {dagbag.py:536} INFO - Filling up the DagBag from /home/airflow/.local/lib/python3.10/site-packages/airflow/example_dags/example_task_group.py
[2025-01-17T20:54:57.333+0000] {processor.py:839} INFO - DAG(s) dict_keys(['example_task_group']) retrieved from /home/airflow/.local/lib/python3.10/site-packages/airflow/example_dags/example_task_group.py
[2025-01-17T20:54:57.355+0000] {logging_mixin.py:154} INFO - [2025-01-17T20:54:57.355+0000] {dag.py:2941} INFO - Sync 1 DAGs
[2025-01-17T20:54:57.379+0000] {logging_mixin.py:154} INFO - [2025-01-17T20:54:57.379+0000] {dag.py:3722} INFO - Setting next_dagrun for example_task_group to 2025-01-16T20:54:57.378982+00:00, run_after=2025-01-17T20:54:57.378982+00:00
[2025-01-17T20:54:57.398+0000] {processor.py:179} INFO - Processing /home/airflow/.local/lib/python3.10/site-packages/airflow/example_dags/example_task_group.py took 0.077 seconds
[2025-01-17T20:55:28.496+0000] {processor.py:157} INFO - Started process (PID=261) to work on /home/airflow/.local/lib/python3.10/site-packages/airflow/example_dags/example_task_group.py
[2025-01-17T20:55:28.496+0000] {processor.py:829} INFO - Processing file /home/airflow/.local/lib/python3.10/site-packages/airflow/example_dags/example_task_group.py for tasks to queue
[2025-01-17T20:55:28.498+0000] {logging_mixin.py:154} INFO - [2025-01-17T20:55:28.498+0000] {dagbag.py:536} INFO - Filling up the DagBag from /home/airflow/.local/lib/python3.10/site-packages/airflow/example_dags/example_task_group.py
[2025-01-17T20:55:28.504+0000] {processor.py:839} INFO - DAG(s) dict_keys(['example_task_group']) retrieved from /home/airflow/.local/lib/python3.10/site-packages/airflow/example_dags/example_task_group.py
[2025-01-17T20:55:28.523+0000] {logging_mixin.py:154} INFO - [2025-01-17T20:55:28.523+0000] {dag.py:2941} INFO - Sync 1 DAGs
[2025-01-17T20:55:28.543+0000] {logging_mixin.py:154} INFO - [2025-01-17T20:55:28.542+0000] {dag.py:3722} INFO - Setting next_dagrun for example_task_group to 2025-01-16T20:55:28.542750+00:00, run_after=2025-01-17T20:55:28.542750+00:00
[2025-01-17T20:55:28.557+0000] {processor.py:179} INFO - Processing /home/airflow/.local/lib/python3.10/site-packages/airflow/example_dags/example_task_group.py took 0.064 seconds
[2025-01-17T20:55:59.518+0000] {processor.py:157} INFO - Started process (PID=316) to work on /home/airflow/.local/lib/python3.10/site-packages/airflow/example_dags/example_task_group.py
[2025-01-17T20:55:59.519+0000] {processor.py:829} INFO - Processing file /home/airflow/.local/lib/python3.10/site-packages/airflow/example_dags/example_task_group.py for tasks to queue
[2025-01-17T20:55:59.521+0000] {logging_mixin.py:154} INFO - [2025-01-17T20:55:59.521+0000] {dagbag.py:536} INFO - Filling up the DagBag from /home/airflow/.local/lib/python3.10/site-packages/airflow/example_dags/example_task_group.py
[2025-01-17T20:55:59.527+0000] {processor.py:839} INFO - DAG(s) dict_keys(['example_task_group']) retrieved from /home/airflow/.local/lib/python3.10/site-packages/airflow/example_dags/example_task_group.py
[2025-01-17T20:55:59.550+0000] {logging_mixin.py:154} INFO - [2025-01-17T20:55:59.549+0000] {dag.py:2941} INFO - Sync 1 DAGs
[2025-01-17T20:55:59.571+0000] {logging_mixin.py:154} INFO - [2025-01-17T20:55:59.571+0000] {dag.py:3722} INFO - Setting next_dagrun for example_task_group to 2025-01-16T20:55:59.571533+00:00, run_after=2025-01-17T20:55:59.571533+00:00
[2025-01-17T20:55:59.590+0000] {processor.py:179} INFO - Processing /home/airflow/.local/lib/python3.10/site-packages/airflow/example_dags/example_task_group.py took 0.075 seconds
[2025-01-17T20:56:29.839+0000] {processor.py:157} INFO - Started process (PID=371) to work on /home/airflow/.local/lib/python3.10/site-packages/airflow/example_dags/example_task_group.py
[2025-01-17T20:56:29.840+0000] {processor.py:829} INFO - Processing file /home/airflow/.local/lib/python3.10/site-packages/airflow/example_dags/example_task_group.py for tasks to queue
[2025-01-17T20:56:29.842+0000] {logging_mixin.py:154} INFO - [2025-01-17T20:56:29.842+0000] {dagbag.py:536} INFO - Filling up the DagBag from /home/airflow/.local/lib/python3.10/site-packages/airflow/example_dags/example_task_group.py
[2025-01-17T20:56:29.848+0000] {processor.py:839} INFO - DAG(s) dict_keys(['example_task_group']) retrieved from /home/airflow/.local/lib/python3.10/site-packages/airflow/example_dags/example_task_group.py
[2025-01-17T20:56:29.868+0000] {logging_mixin.py:154} INFO - [2025-01-17T20:56:29.867+0000] {dag.py:2941} INFO - Sync 1 DAGs
[2025-01-17T20:56:29.887+0000] {logging_mixin.py:154} INFO - [2025-01-17T20:56:29.887+0000] {dag.py:3722} INFO - Setting next_dagrun for example_task_group to 2025-01-16T20:56:29.887132+00:00, run_after=2025-01-17T20:56:29.887132+00:00
[2025-01-17T20:56:29.901+0000] {processor.py:179} INFO - Processing /home/airflow/.local/lib/python3.10/site-packages/airflow/example_dags/example_task_group.py took 0.065 seconds
