[2025-01-17T20:53:55.054+0000] {processor.py:157} INFO - Started process (PID=69) to work on /home/airflow/.local/lib/python3.10/site-packages/airflow/example_dags/example_dag_decorator.py
[2025-01-17T20:53:55.055+0000] {processor.py:829} INFO - Processing file /home/airflow/.local/lib/python3.10/site-packages/airflow/example_dags/example_dag_decorator.py for tasks to queue
[2025-01-17T20:53:55.058+0000] {logging_mixin.py:154} INFO - [2025-01-17T20:53:55.057+0000] {dagbag.py:536} INFO - Filling up the DagBag from /home/airflow/.local/lib/python3.10/site-packages/airflow/example_dags/example_dag_decorator.py
[2025-01-17T20:53:55.204+0000] {processor.py:839} INFO - DAG(s) dict_keys(['example_dag_decorator']) retrieved from /home/airflow/.local/lib/python3.10/site-packages/airflow/example_dags/example_dag_decorator.py
[2025-01-17T20:53:55.217+0000] {logging_mixin.py:154} INFO - [2025-01-17T20:53:55.217+0000] {dag.py:2941} INFO - Sync 1 DAGs
[2025-01-17T20:53:55.231+0000] {logging_mixin.py:154} INFO - [2025-01-17T20:53:55.231+0000] {dag.py:3722} INFO - Setting next_dagrun for example_dag_decorator to None, run_after=None
[2025-01-17T20:53:55.250+0000] {processor.py:179} INFO - Processing /home/airflow/.local/lib/python3.10/site-packages/airflow/example_dags/example_dag_decorator.py took 0.198 seconds
[2025-01-17T20:54:25.464+0000] {processor.py:157} INFO - Started process (PID=124) to work on /home/airflow/.local/lib/python3.10/site-packages/airflow/example_dags/example_dag_decorator.py
[2025-01-17T20:54:25.465+0000] {processor.py:829} INFO - Processing file /home/airflow/.local/lib/python3.10/site-packages/airflow/example_dags/example_dag_decorator.py for tasks to queue
[2025-01-17T20:54:25.467+0000] {logging_mixin.py:154} INFO - [2025-01-17T20:54:25.467+0000] {dagbag.py:536} INFO - Filling up the DagBag from /home/airflow/.local/lib/python3.10/site-packages/airflow/example_dags/example_dag_decorator.py
[2025-01-17T20:54:25.528+0000] {processor.py:839} INFO - DAG(s) dict_keys(['example_dag_decorator']) retrieved from /home/airflow/.local/lib/python3.10/site-packages/airflow/example_dags/example_dag_decorator.py
[2025-01-17T20:54:25.624+0000] {logging_mixin.py:154} INFO - [2025-01-17T20:54:25.624+0000] {dag.py:2941} INFO - Sync 1 DAGs
[2025-01-17T20:54:25.635+0000] {logging_mixin.py:154} INFO - [2025-01-17T20:54:25.635+0000] {dag.py:3722} INFO - Setting next_dagrun for example_dag_decorator to None, run_after=None
[2025-01-17T20:54:25.660+0000] {processor.py:179} INFO - Processing /home/airflow/.local/lib/python3.10/site-packages/airflow/example_dags/example_dag_decorator.py took 0.199 seconds
[2025-01-17T20:54:55.805+0000] {processor.py:157} INFO - Started process (PID=180) to work on /home/airflow/.local/lib/python3.10/site-packages/airflow/example_dags/example_dag_decorator.py
[2025-01-17T20:54:55.806+0000] {processor.py:829} INFO - Processing file /home/airflow/.local/lib/python3.10/site-packages/airflow/example_dags/example_dag_decorator.py for tasks to queue
[2025-01-17T20:54:55.808+0000] {logging_mixin.py:154} INFO - [2025-01-17T20:54:55.808+0000] {dagbag.py:536} INFO - Filling up the DagBag from /home/airflow/.local/lib/python3.10/site-packages/airflow/example_dags/example_dag_decorator.py
[2025-01-17T20:54:55.868+0000] {processor.py:839} INFO - DAG(s) dict_keys(['example_dag_decorator']) retrieved from /home/airflow/.local/lib/python3.10/site-packages/airflow/example_dags/example_dag_decorator.py
[2025-01-17T20:54:55.966+0000] {logging_mixin.py:154} INFO - [2025-01-17T20:54:55.966+0000] {dag.py:2941} INFO - Sync 1 DAGs
[2025-01-17T20:54:55.977+0000] {logging_mixin.py:154} INFO - [2025-01-17T20:54:55.977+0000] {dag.py:3722} INFO - Setting next_dagrun for example_dag_decorator to None, run_after=None
[2025-01-17T20:54:55.998+0000] {processor.py:179} INFO - Processing /home/airflow/.local/lib/python3.10/site-packages/airflow/example_dags/example_dag_decorator.py took 0.196 seconds
[2025-01-17T20:55:26.904+0000] {processor.py:157} INFO - Started process (PID=235) to work on /home/airflow/.local/lib/python3.10/site-packages/airflow/example_dags/example_dag_decorator.py
[2025-01-17T20:55:26.905+0000] {processor.py:829} INFO - Processing file /home/airflow/.local/lib/python3.10/site-packages/airflow/example_dags/example_dag_decorator.py for tasks to queue
[2025-01-17T20:55:26.907+0000] {logging_mixin.py:154} INFO - [2025-01-17T20:55:26.907+0000] {dagbag.py:536} INFO - Filling up the DagBag from /home/airflow/.local/lib/python3.10/site-packages/airflow/example_dags/example_dag_decorator.py
[2025-01-17T20:55:26.966+0000] {processor.py:839} INFO - DAG(s) dict_keys(['example_dag_decorator']) retrieved from /home/airflow/.local/lib/python3.10/site-packages/airflow/example_dags/example_dag_decorator.py
[2025-01-17T20:55:27.056+0000] {logging_mixin.py:154} INFO - [2025-01-17T20:55:27.056+0000] {dag.py:2941} INFO - Sync 1 DAGs
[2025-01-17T20:55:27.066+0000] {logging_mixin.py:154} INFO - [2025-01-17T20:55:27.066+0000] {dag.py:3722} INFO - Setting next_dagrun for example_dag_decorator to None, run_after=None
[2025-01-17T20:55:27.093+0000] {processor.py:179} INFO - Processing /home/airflow/.local/lib/python3.10/site-packages/airflow/example_dags/example_dag_decorator.py took 0.193 seconds
[2025-01-17T20:55:57.964+0000] {processor.py:157} INFO - Started process (PID=290) to work on /home/airflow/.local/lib/python3.10/site-packages/airflow/example_dags/example_dag_decorator.py
[2025-01-17T20:55:57.965+0000] {processor.py:829} INFO - Processing file /home/airflow/.local/lib/python3.10/site-packages/airflow/example_dags/example_dag_decorator.py for tasks to queue
[2025-01-17T20:55:57.967+0000] {logging_mixin.py:154} INFO - [2025-01-17T20:55:57.967+0000] {dagbag.py:536} INFO - Filling up the DagBag from /home/airflow/.local/lib/python3.10/site-packages/airflow/example_dags/example_dag_decorator.py
[2025-01-17T20:55:58.023+0000] {processor.py:839} INFO - DAG(s) dict_keys(['example_dag_decorator']) retrieved from /home/airflow/.local/lib/python3.10/site-packages/airflow/example_dags/example_dag_decorator.py
[2025-01-17T20:55:58.108+0000] {logging_mixin.py:154} INFO - [2025-01-17T20:55:58.108+0000] {dag.py:2941} INFO - Sync 1 DAGs
[2025-01-17T20:55:58.119+0000] {logging_mixin.py:154} INFO - [2025-01-17T20:55:58.119+0000] {dag.py:3722} INFO - Setting next_dagrun for example_dag_decorator to None, run_after=None
[2025-01-17T20:55:58.136+0000] {processor.py:179} INFO - Processing /home/airflow/.local/lib/python3.10/site-packages/airflow/example_dags/example_dag_decorator.py took 0.174 seconds
[2025-01-17T20:56:28.187+0000] {processor.py:157} INFO - Started process (PID=344) to work on /home/airflow/.local/lib/python3.10/site-packages/airflow/example_dags/example_dag_decorator.py
[2025-01-17T20:56:28.188+0000] {processor.py:829} INFO - Processing file /home/airflow/.local/lib/python3.10/site-packages/airflow/example_dags/example_dag_decorator.py for tasks to queue
[2025-01-17T20:56:28.190+0000] {logging_mixin.py:154} INFO - [2025-01-17T20:56:28.190+0000] {dagbag.py:536} INFO - Filling up the DagBag from /home/airflow/.local/lib/python3.10/site-packages/airflow/example_dags/example_dag_decorator.py
[2025-01-17T20:56:28.251+0000] {processor.py:839} INFO - DAG(s) dict_keys(['example_dag_decorator']) retrieved from /home/airflow/.local/lib/python3.10/site-packages/airflow/example_dags/example_dag_decorator.py
[2025-01-17T20:56:28.344+0000] {logging_mixin.py:154} INFO - [2025-01-17T20:56:28.344+0000] {dag.py:2941} INFO - Sync 1 DAGs
[2025-01-17T20:56:28.354+0000] {logging_mixin.py:154} INFO - [2025-01-17T20:56:28.353+0000] {dag.py:3722} INFO - Setting next_dagrun for example_dag_decorator to None, run_after=None
[2025-01-17T20:56:28.371+0000] {processor.py:179} INFO - Processing /home/airflow/.local/lib/python3.10/site-packages/airflow/example_dags/example_dag_decorator.py took 0.186 seconds
