[2025-01-17T20:53:56.634+0000] {processor.py:157} INFO - Started process (PID=99) to work on /home/airflow/.local/lib/python3.10/site-packages/airflow/example_dags/tutorial.py
[2025-01-17T20:53:56.635+0000] {processor.py:829} INFO - Processing file /home/airflow/.local/lib/python3.10/site-packages/airflow/example_dags/tutorial.py for tasks to queue
[2025-01-17T20:53:56.638+0000] {logging_mixin.py:154} INFO - [2025-01-17T20:53:56.637+0000] {dagbag.py:536} INFO - Filling up the DagBag from /home/airflow/.local/lib/python3.10/site-packages/airflow/example_dags/tutorial.py
[2025-01-17T20:53:56.645+0000] {processor.py:839} INFO - DAG(s) dict_keys(['tutorial']) retrieved from /home/airflow/.local/lib/python3.10/site-packages/airflow/example_dags/tutorial.py
[2025-01-17T20:53:56.658+0000] {logging_mixin.py:154} INFO - [2025-01-17T20:53:56.658+0000] {dag.py:2941} INFO - Sync 1 DAGs
[2025-01-17T20:53:56.681+0000] {logging_mixin.py:154} INFO - [2025-01-17T20:53:56.681+0000] {dag.py:3722} INFO - Setting next_dagrun for tutorial to 2025-01-16T20:53:56.681005+00:00, run_after=2025-01-17T20:53:56.681005+00:00
[2025-01-17T20:53:56.698+0000] {processor.py:179} INFO - Processing /home/airflow/.local/lib/python3.10/site-packages/airflow/example_dags/tutorial.py took 0.066 seconds
[2025-01-17T20:54:27.118+0000] {processor.py:157} INFO - Started process (PID=154) to work on /home/airflow/.local/lib/python3.10/site-packages/airflow/example_dags/tutorial.py
[2025-01-17T20:54:27.118+0000] {processor.py:829} INFO - Processing file /home/airflow/.local/lib/python3.10/site-packages/airflow/example_dags/tutorial.py for tasks to queue
[2025-01-17T20:54:27.120+0000] {logging_mixin.py:154} INFO - [2025-01-17T20:54:27.120+0000] {dagbag.py:536} INFO - Filling up the DagBag from /home/airflow/.local/lib/python3.10/site-packages/airflow/example_dags/tutorial.py
[2025-01-17T20:54:27.125+0000] {processor.py:839} INFO - DAG(s) dict_keys(['tutorial']) retrieved from /home/airflow/.local/lib/python3.10/site-packages/airflow/example_dags/tutorial.py
[2025-01-17T20:54:27.143+0000] {logging_mixin.py:154} INFO - [2025-01-17T20:54:27.143+0000] {dag.py:2941} INFO - Sync 1 DAGs
[2025-01-17T20:54:27.161+0000] {logging_mixin.py:154} INFO - [2025-01-17T20:54:27.161+0000] {dag.py:3722} INFO - Setting next_dagrun for tutorial to 2025-01-16T20:54:27.161315+00:00, run_after=2025-01-17T20:54:27.161315+00:00
[2025-01-17T20:54:27.179+0000] {processor.py:179} INFO - Processing /home/airflow/.local/lib/python3.10/site-packages/airflow/example_dags/tutorial.py took 0.064 seconds
[2025-01-17T20:54:57.512+0000] {processor.py:157} INFO - Started process (PID=209) to work on /home/airflow/.local/lib/python3.10/site-packages/airflow/example_dags/tutorial.py
[2025-01-17T20:54:57.513+0000] {processor.py:829} INFO - Processing file /home/airflow/.local/lib/python3.10/site-packages/airflow/example_dags/tutorial.py for tasks to queue
[2025-01-17T20:54:57.516+0000] {logging_mixin.py:154} INFO - [2025-01-17T20:54:57.516+0000] {dagbag.py:536} INFO - Filling up the DagBag from /home/airflow/.local/lib/python3.10/site-packages/airflow/example_dags/tutorial.py
[2025-01-17T20:54:57.522+0000] {processor.py:839} INFO - DAG(s) dict_keys(['tutorial']) retrieved from /home/airflow/.local/lib/python3.10/site-packages/airflow/example_dags/tutorial.py
[2025-01-17T20:54:57.542+0000] {logging_mixin.py:154} INFO - [2025-01-17T20:54:57.542+0000] {dag.py:2941} INFO - Sync 1 DAGs
[2025-01-17T20:54:57.564+0000] {logging_mixin.py:154} INFO - [2025-01-17T20:54:57.563+0000] {dag.py:3722} INFO - Setting next_dagrun for tutorial to 2025-01-16T20:54:57.563510+00:00, run_after=2025-01-17T20:54:57.563510+00:00
[2025-01-17T20:54:57.586+0000] {processor.py:179} INFO - Processing /home/airflow/.local/lib/python3.10/site-packages/airflow/example_dags/tutorial.py took 0.077 seconds
[2025-01-17T20:55:28.661+0000] {processor.py:157} INFO - Started process (PID=264) to work on /home/airflow/.local/lib/python3.10/site-packages/airflow/example_dags/tutorial.py
[2025-01-17T20:55:28.662+0000] {processor.py:829} INFO - Processing file /home/airflow/.local/lib/python3.10/site-packages/airflow/example_dags/tutorial.py for tasks to queue
[2025-01-17T20:55:28.664+0000] {logging_mixin.py:154} INFO - [2025-01-17T20:55:28.664+0000] {dagbag.py:536} INFO - Filling up the DagBag from /home/airflow/.local/lib/python3.10/site-packages/airflow/example_dags/tutorial.py
[2025-01-17T20:55:28.671+0000] {processor.py:839} INFO - DAG(s) dict_keys(['tutorial']) retrieved from /home/airflow/.local/lib/python3.10/site-packages/airflow/example_dags/tutorial.py
[2025-01-17T20:55:28.691+0000] {logging_mixin.py:154} INFO - [2025-01-17T20:55:28.691+0000] {dag.py:2941} INFO - Sync 1 DAGs
[2025-01-17T20:55:28.710+0000] {logging_mixin.py:154} INFO - [2025-01-17T20:55:28.710+0000] {dag.py:3722} INFO - Setting next_dagrun for tutorial to 2025-01-16T20:55:28.710246+00:00, run_after=2025-01-17T20:55:28.710246+00:00
[2025-01-17T20:55:28.727+0000] {processor.py:179} INFO - Processing /home/airflow/.local/lib/python3.10/site-packages/airflow/example_dags/tutorial.py took 0.069 seconds
[2025-01-17T20:55:59.685+0000] {processor.py:157} INFO - Started process (PID=319) to work on /home/airflow/.local/lib/python3.10/site-packages/airflow/example_dags/tutorial.py
[2025-01-17T20:55:59.686+0000] {processor.py:829} INFO - Processing file /home/airflow/.local/lib/python3.10/site-packages/airflow/example_dags/tutorial.py for tasks to queue
[2025-01-17T20:55:59.688+0000] {logging_mixin.py:154} INFO - [2025-01-17T20:55:59.688+0000] {dagbag.py:536} INFO - Filling up the DagBag from /home/airflow/.local/lib/python3.10/site-packages/airflow/example_dags/tutorial.py
[2025-01-17T20:55:59.693+0000] {processor.py:839} INFO - DAG(s) dict_keys(['tutorial']) retrieved from /home/airflow/.local/lib/python3.10/site-packages/airflow/example_dags/tutorial.py
[2025-01-17T20:55:59.712+0000] {logging_mixin.py:154} INFO - [2025-01-17T20:55:59.712+0000] {dag.py:2941} INFO - Sync 1 DAGs
[2025-01-17T20:55:59.732+0000] {logging_mixin.py:154} INFO - [2025-01-17T20:55:59.731+0000] {dag.py:3722} INFO - Setting next_dagrun for tutorial to 2025-01-16T20:55:59.731633+00:00, run_after=2025-01-17T20:55:59.731633+00:00
[2025-01-17T20:55:59.748+0000] {processor.py:179} INFO - Processing /home/airflow/.local/lib/python3.10/site-packages/airflow/example_dags/tutorial.py took 0.066 seconds
[2025-01-17T20:56:29.873+0000] {processor.py:157} INFO - Started process (PID=374) to work on /home/airflow/.local/lib/python3.10/site-packages/airflow/example_dags/tutorial.py
[2025-01-17T20:56:29.874+0000] {processor.py:829} INFO - Processing file /home/airflow/.local/lib/python3.10/site-packages/airflow/example_dags/tutorial.py for tasks to queue
[2025-01-17T20:56:29.876+0000] {logging_mixin.py:154} INFO - [2025-01-17T20:56:29.875+0000] {dagbag.py:536} INFO - Filling up the DagBag from /home/airflow/.local/lib/python3.10/site-packages/airflow/example_dags/tutorial.py
[2025-01-17T20:56:29.389+0000] {processor.py:839} INFO - DAG(s) dict_keys(['tutorial']) retrieved from /home/airflow/.local/lib/python3.10/site-packages/airflow/example_dags/tutorial.py
[2025-01-17T20:56:29.409+0000] {logging_mixin.py:154} INFO - [2025-01-17T20:56:29.409+0000] {dag.py:2941} INFO - Sync 1 DAGs
[2025-01-17T20:56:29.432+0000] {logging_mixin.py:154} INFO - [2025-01-17T20:56:29.431+0000] {dag.py:3722} INFO - Setting next_dagrun for tutorial to 2025-01-16T20:56:29.431790+00:00, run_after=2025-01-17T20:56:29.431790+00:00
[2025-01-17T20:56:29.447+0000] {processor.py:179} INFO - Processing /home/airflow/.local/lib/python3.10/site-packages/airflow/example_dags/tutorial.py took 0.069 seconds
