[2025-01-20T13:31:44.518+0000] {processor.py:157} INFO - Started process (PID=62) to work on /home/airflow/.local/lib/python3.10/site-packages/airflow/example_dags/example_datasets.py
[2025-01-20T13:31:44.519+0000] {processor.py:829} INFO - Processing file /home/airflow/.local/lib/python3.10/site-packages/airflow/example_dags/example_datasets.py for tasks to queue
[2025-01-20T13:31:44.521+0000] {logging_mixin.py:154} INFO - [2025-01-20T13:31:44.521+0000] {dagbag.py:536} INFO - Filling up the DagBag from /home/airflow/.local/lib/python3.10/site-packages/airflow/example_dags/example_datasets.py
[2025-01-20T13:31:44.533+0000] {processor.py:839} INFO - DAG(s) dict_keys(['dataset_produces_2', 'dataset_consumes_1_and_2', 'dataset_consumes_1_never_scheduled', 'dataset_produces_1', 'dataset_consumes_unknown_never_scheduled', 'dataset_consumes_1']) retrieved from /home/airflow/.local/lib/python3.10/site-packages/airflow/example_dags/example_datasets.py
[2025-01-20T13:31:44.574+0000] {logging_mixin.py:154} INFO - [2025-01-20T13:31:44.573+0000] {dag.py:2941} INFO - Sync 6 DAGs
[2025-01-20T13:31:44.598+0000] {logging_mixin.py:154} INFO - [2025-01-20T13:31:44.597+0000] {dag.py:3722} INFO - Setting next_dagrun for dataset_consumes_1 to None, run_after=None
[2025-01-20T13:31:44.602+0000] {logging_mixin.py:154} INFO - [2025-01-20T13:31:44.602+0000] {dag.py:3722} INFO - Setting next_dagrun for dataset_consumes_1_and_2 to None, run_after=None
[2025-01-20T13:31:44.604+0000] {logging_mixin.py:154} INFO - [2025-01-20T13:31:44.603+0000] {dag.py:3722} INFO - Setting next_dagrun for dataset_consumes_1_never_scheduled to None, run_after=None
[2025-01-20T13:31:44.605+0000] {logging_mixin.py:154} INFO - [2025-01-20T13:31:44.605+0000] {dag.py:3722} INFO - Setting next_dagrun for dataset_consumes_unknown_never_scheduled to None, run_after=None
[2025-01-20T13:31:44.608+0000] {logging_mixin.py:154} INFO - [2025-01-20T13:31:44.607+0000] {dag.py:3722} INFO - Setting next_dagrun for dataset_produces_1 to 2025-01-19T00:00:00+00:00, run_after=2025-01-20T00:00:00+00:00
[2025-01-20T13:31:44.609+0000] {logging_mixin.py:154} INFO - [2025-01-20T13:31:44.609+0000] {dag.py:3722} INFO - Setting next_dagrun for dataset_produces_2 to None, run_after=None
[2025-01-20T13:31:44.638+0000] {processor.py:179} INFO - Processing /home/airflow/.local/lib/python3.10/site-packages/airflow/example_dags/example_datasets.py took 0.123 seconds
[2025-01-20T13:32:14.687+0000] {processor.py:157} INFO - Started process (PID=117) to work on /home/airflow/.local/lib/python3.10/site-packages/airflow/example_dags/example_datasets.py
[2025-01-20T13:32:14.689+0000] {processor.py:829} INFO - Processing file /home/airflow/.local/lib/python3.10/site-packages/airflow/example_dags/example_datasets.py for tasks to queue
[2025-01-20T13:32:14.692+0000] {logging_mixin.py:154} INFO - [2025-01-20T13:32:14.692+0000] {dagbag.py:536} INFO - Filling up the DagBag from /home/airflow/.local/lib/python3.10/site-packages/airflow/example_dags/example_datasets.py
[2025-01-20T13:32:14.704+0000] {processor.py:839} INFO - DAG(s) dict_keys(['dataset_consumes_1', 'dataset_consumes_1_never_scheduled', 'dataset_consumes_1_and_2', 'dataset_consumes_unknown_never_scheduled', 'dataset_produces_1', 'dataset_produces_2']) retrieved from /home/airflow/.local/lib/python3.10/site-packages/airflow/example_dags/example_datasets.py
[2025-01-20T13:32:14.736+0000] {logging_mixin.py:154} INFO - [2025-01-20T13:32:14.736+0000] {dag.py:2941} INFO - Sync 6 DAGs
[2025-01-20T13:32:14.764+0000] {logging_mixin.py:154} INFO - [2025-01-20T13:32:14.764+0000] {dag.py:3722} INFO - Setting next_dagrun for dataset_consumes_1 to None, run_after=None
[2025-01-20T13:32:14.769+0000] {logging_mixin.py:154} INFO - [2025-01-20T13:32:14.769+0000] {dag.py:3722} INFO - Setting next_dagrun for dataset_consumes_1_and_2 to None, run_after=None
[2025-01-20T13:32:14.772+0000] {logging_mixin.py:154} INFO - [2025-01-20T13:32:14.772+0000] {dag.py:3722} INFO - Setting next_dagrun for dataset_consumes_1_never_scheduled to None, run_after=None
[2025-01-20T13:32:14.775+0000] {logging_mixin.py:154} INFO - [2025-01-20T13:32:14.775+0000] {dag.py:3722} INFO - Setting next_dagrun for dataset_consumes_unknown_never_scheduled to None, run_after=None
[2025-01-20T13:32:14.780+0000] {logging_mixin.py:154} INFO - [2025-01-20T13:32:14.780+0000] {dag.py:3722} INFO - Setting next_dagrun for dataset_produces_1 to 2025-01-19T00:00:00+00:00, run_after=2025-01-20T00:00:00+00:00
[2025-01-20T13:32:14.783+0000] {logging_mixin.py:154} INFO - [2025-01-20T13:32:14.782+0000] {dag.py:3722} INFO - Setting next_dagrun for dataset_produces_2 to None, run_after=None
[2025-01-20T13:32:14.822+0000] {processor.py:179} INFO - Processing /home/airflow/.local/lib/python3.10/site-packages/airflow/example_dags/example_datasets.py took 0.139 seconds
