[2025-01-29T14:54:58.804+0000] {processor.py:186} INFO - Started process (PID=104) to work on /home/airflow/.local/lib/python3.10/site-packages/airflow/example_dags/example_branch_python_dop_operator_3.py
[2025-01-29T14:54:58.805+0000] {processor.py:914} INFO - Processing file /home/airflow/.local/lib/python3.10/site-packages/airflow/example_dags/example_branch_python_dop_operator_3.py for tasks to queue
[2025-01-29T14:54:58.808+0000] {logging_mixin.py:190} INFO - [2025-01-29T14:54:58.808+0000] {dagbag.py:588} INFO - Filling up the DagBag from /home/airflow/.local/lib/python3.10/site-packages/airflow/example_dags/example_branch_python_dop_operator_3.py
[2025-01-29T14:54:58.818+0000] {processor.py:925} INFO - DAG(s) 'example_branch_dop_operator_v3' retrieved from /home/airflow/.local/lib/python3.10/site-packages/airflow/example_dags/example_branch_python_dop_operator_3.py
[2025-01-29T14:54:58.838+0000] {logging_mixin.py:190} INFO - [2025-01-29T14:54:58.837+0000] {dag.py:3239} INFO - Sync 1 DAGs
[2025-01-29T14:54:58.867+0000] {logging_mixin.py:190} INFO - [2025-01-29T14:54:58.867+0000] {dag.py:4180} INFO - Setting next_dagrun for example_branch_dop_operator_v3 to 2025-01-29T14:53:00+00:00, run_after=2025-01-29T14:54:00+00:00
[2025-01-29T14:54:58.884+0000] {processor.py:208} INFO - Processing /home/airflow/.local/lib/python3.10/site-packages/airflow/example_dags/example_branch_python_dop_operator_3.py took 0.085 seconds
[2025-01-29T14:55:28.979+0000] {processor.py:186} INFO - Started process (PID=170) to work on /home/airflow/.local/lib/python3.10/site-packages/airflow/example_dags/example_branch_python_dop_operator_3.py
[2025-01-29T14:55:28.980+0000] {processor.py:914} INFO - Processing file /home/airflow/.local/lib/python3.10/site-packages/airflow/example_dags/example_branch_python_dop_operator_3.py for tasks to queue
[2025-01-29T14:55:28.982+0000] {logging_mixin.py:190} INFO - [2025-01-29T14:55:28.982+0000] {dagbag.py:588} INFO - Filling up the DagBag from /home/airflow/.local/lib/python3.10/site-packages/airflow/example_dags/example_branch_python_dop_operator_3.py
[2025-01-29T14:55:28.991+0000] {processor.py:925} INFO - DAG(s) 'example_branch_dop_operator_v3' retrieved from /home/airflow/.local/lib/python3.10/site-packages/airflow/example_dags/example_branch_python_dop_operator_3.py
[2025-01-29T14:55:29.008+0000] {logging_mixin.py:190} INFO - [2025-01-29T14:55:29.008+0000] {dag.py:3239} INFO - Sync 1 DAGs
[2025-01-29T14:55:29.032+0000] {logging_mixin.py:190} INFO - [2025-01-29T14:55:29.031+0000] {dag.py:4180} INFO - Setting next_dagrun for example_branch_dop_operator_v3 to 2025-01-29T14:54:00+00:00, run_after=2025-01-29T14:55:00+00:00
[2025-01-29T14:55:29.048+0000] {processor.py:208} INFO - Processing /home/airflow/.local/lib/python3.10/site-packages/airflow/example_dags/example_branch_python_dop_operator_3.py took 0.074 seconds
[2025-01-29T14:55:59.120+0000] {processor.py:186} INFO - Started process (PID=236) to work on /home/airflow/.local/lib/python3.10/site-packages/airflow/example_dags/example_branch_python_dop_operator_3.py
[2025-01-29T14:55:59.121+0000] {processor.py:914} INFO - Processing file /home/airflow/.local/lib/python3.10/site-packages/airflow/example_dags/example_branch_python_dop_operator_3.py for tasks to queue
[2025-01-29T14:55:59.124+0000] {logging_mixin.py:190} INFO - [2025-01-29T14:55:59.123+0000] {dagbag.py:588} INFO - Filling up the DagBag from /home/airflow/.local/lib/python3.10/site-packages/airflow/example_dags/example_branch_python_dop_operator_3.py
[2025-01-29T14:55:59.132+0000] {processor.py:925} INFO - DAG(s) 'example_branch_dop_operator_v3' retrieved from /home/airflow/.local/lib/python3.10/site-packages/airflow/example_dags/example_branch_python_dop_operator_3.py
[2025-01-29T14:55:59.149+0000] {logging_mixin.py:190} INFO - [2025-01-29T14:55:59.149+0000] {dag.py:3239} INFO - Sync 1 DAGs
[2025-01-29T14:55:59.173+0000] {logging_mixin.py:190} INFO - [2025-01-29T14:55:59.173+0000] {dag.py:4180} INFO - Setting next_dagrun for example_branch_dop_operator_v3 to 2025-01-29T14:54:00+00:00, run_after=2025-01-29T14:55:00+00:00
[2025-01-29T14:55:59.190+0000] {processor.py:208} INFO - Processing /home/airflow/.local/lib/python3.10/site-packages/airflow/example_dags/example_branch_python_dop_operator_3.py took 0.076 seconds
[2025-01-29T14:56:29.340+0000] {processor.py:186} INFO - Started process (PID=302) to work on /home/airflow/.local/lib/python3.10/site-packages/airflow/example_dags/example_branch_python_dop_operator_3.py
[2025-01-29T14:56:29.341+0000] {processor.py:914} INFO - Processing file /home/airflow/.local/lib/python3.10/site-packages/airflow/example_dags/example_branch_python_dop_operator_3.py for tasks to queue
[2025-01-29T14:56:29.344+0000] {logging_mixin.py:190} INFO - [2025-01-29T14:56:29.344+0000] {dagbag.py:588} INFO - Filling up the DagBag from /home/airflow/.local/lib/python3.10/site-packages/airflow/example_dags/example_branch_python_dop_operator_3.py
[2025-01-29T14:56:29.353+0000] {processor.py:925} INFO - DAG(s) 'example_branch_dop_operator_v3' retrieved from /home/airflow/.local/lib/python3.10/site-packages/airflow/example_dags/example_branch_python_dop_operator_3.py
[2025-01-29T14:56:29.371+0000] {logging_mixin.py:190} INFO - [2025-01-29T14:56:29.370+0000] {dag.py:3239} INFO - Sync 1 DAGs
[2025-01-29T14:56:29.395+0000] {logging_mixin.py:190} INFO - [2025-01-29T14:56:29.395+0000] {dag.py:4180} INFO - Setting next_dagrun for example_branch_dop_operator_v3 to 2025-01-29T14:55:00+00:00, run_after=2025-01-29T14:56:00+00:00
[2025-01-29T14:56:29.412+0000] {processor.py:208} INFO - Processing /home/airflow/.local/lib/python3.10/site-packages/airflow/example_dags/example_branch_python_dop_operator_3.py took 0.077 seconds
[2025-01-29T14:56:59.711+0000] {processor.py:186} INFO - Started process (PID=368) to work on /home/airflow/.local/lib/python3.10/site-packages/airflow/example_dags/example_branch_python_dop_operator_3.py
[2025-01-29T14:56:59.712+0000] {processor.py:914} INFO - Processing file /home/airflow/.local/lib/python3.10/site-packages/airflow/example_dags/example_branch_python_dop_operator_3.py for tasks to queue
[2025-01-29T14:56:59.714+0000] {logging_mixin.py:190} INFO - [2025-01-29T14:56:59.714+0000] {dagbag.py:588} INFO - Filling up the DagBag from /home/airflow/.local/lib/python3.10/site-packages/airflow/example_dags/example_branch_python_dop_operator_3.py
[2025-01-29T14:56:59.723+0000] {processor.py:925} INFO - DAG(s) 'example_branch_dop_operator_v3' retrieved from /home/airflow/.local/lib/python3.10/site-packages/airflow/example_dags/example_branch_python_dop_operator_3.py
[2025-01-29T14:56:59.740+0000] {logging_mixin.py:190} INFO - [2025-01-29T14:56:59.740+0000] {dag.py:3239} INFO - Sync 1 DAGs
[2025-01-29T14:56:59.765+0000] {logging_mixin.py:190} INFO - [2025-01-29T14:56:59.764+0000] {dag.py:4180} INFO - Setting next_dagrun for example_branch_dop_operator_v3 to 2025-01-29T14:55:00+00:00, run_after=2025-01-29T14:56:00+00:00
[2025-01-29T14:56:59.780+0000] {processor.py:208} INFO - Processing /home/airflow/.local/lib/python3.10/site-packages/airflow/example_dags/example_branch_python_dop_operator_3.py took 0.075 seconds
[2025-01-29T14:57:30.136+0000] {processor.py:186} INFO - Started process (PID=434) to work on /home/airflow/.local/lib/python3.10/site-packages/airflow/example_dags/example_branch_python_dop_operator_3.py
[2025-01-29T14:57:30.136+0000] {processor.py:914} INFO - Processing file /home/airflow/.local/lib/python3.10/site-packages/airflow/example_dags/example_branch_python_dop_operator_3.py for tasks to queue
[2025-01-29T14:57:30.139+0000] {logging_mixin.py:190} INFO - [2025-01-29T14:57:30.139+0000] {dagbag.py:588} INFO - Filling up the DagBag from /home/airflow/.local/lib/python3.10/site-packages/airflow/example_dags/example_branch_python_dop_operator_3.py
[2025-01-29T14:57:30.148+0000] {processor.py:925} INFO - DAG(s) 'example_branch_dop_operator_v3' retrieved from /home/airflow/.local/lib/python3.10/site-packages/airflow/example_dags/example_branch_python_dop_operator_3.py
[2025-01-29T14:57:30.166+0000] {logging_mixin.py:190} INFO - [2025-01-29T14:57:30.166+0000] {dag.py:3239} INFO - Sync 1 DAGs
[2025-01-29T14:57:30.192+0000] {logging_mixin.py:190} INFO - [2025-01-29T14:57:30.191+0000] {dag.py:4180} INFO - Setting next_dagrun for example_branch_dop_operator_v3 to 2025-01-29T14:56:00+00:00, run_after=2025-01-29T14:57:00+00:00
[2025-01-29T14:57:30.208+0000] {processor.py:208} INFO - Processing /home/airflow/.local/lib/python3.10/site-packages/airflow/example_dags/example_branch_python_dop_operator_3.py took 0.078 seconds
[2025-01-29T14:58:00.456+0000] {processor.py:186} INFO - Started process (PID=500) to work on /home/airflow/.local/lib/python3.10/site-packages/airflow/example_dags/example_branch_python_dop_operator_3.py
[2025-01-29T14:58:00.457+0000] {processor.py:914} INFO - Processing file /home/airflow/.local/lib/python3.10/site-packages/airflow/example_dags/example_branch_python_dop_operator_3.py for tasks to queue
[2025-01-29T14:58:00.459+0000] {logging_mixin.py:190} INFO - [2025-01-29T14:58:00.459+0000] {dagbag.py:588} INFO - Filling up the DagBag from /home/airflow/.local/lib/python3.10/site-packages/airflow/example_dags/example_branch_python_dop_operator_3.py
[2025-01-29T14:58:00.469+0000] {processor.py:925} INFO - DAG(s) 'example_branch_dop_operator_v3' retrieved from /home/airflow/.local/lib/python3.10/site-packages/airflow/example_dags/example_branch_python_dop_operator_3.py
[2025-01-29T14:58:00.486+0000] {logging_mixin.py:190} INFO - [2025-01-29T14:58:00.486+0000] {dag.py:3239} INFO - Sync 1 DAGs
[2025-01-29T14:58:00.511+0000] {logging_mixin.py:190} INFO - [2025-01-29T14:58:00.511+0000] {dag.py:4180} INFO - Setting next_dagrun for example_branch_dop_operator_v3 to 2025-01-29T14:57:00+00:00, run_after=2025-01-29T14:58:00+00:00
[2025-01-29T14:58:00.527+0000] {processor.py:208} INFO - Processing /home/airflow/.local/lib/python3.10/site-packages/airflow/example_dags/example_branch_python_dop_operator_3.py took 0.077 seconds
[2025-01-29T14:58:30.977+0000] {processor.py:186} INFO - Started process (PID=566) to work on /home/airflow/.local/lib/python3.10/site-packages/airflow/example_dags/example_branch_python_dop_operator_3.py
[2025-01-29T14:58:30.978+0000] {processor.py:914} INFO - Processing file /home/airflow/.local/lib/python3.10/site-packages/airflow/example_dags/example_branch_python_dop_operator_3.py for tasks to queue
[2025-01-29T14:58:30.981+0000] {logging_mixin.py:190} INFO - [2025-01-29T14:58:30.981+0000] {dagbag.py:588} INFO - Filling up the DagBag from /home/airflow/.local/lib/python3.10/site-packages/airflow/example_dags/example_branch_python_dop_operator_3.py
[2025-01-29T14:58:30.991+0000] {processor.py:925} INFO - DAG(s) 'example_branch_dop_operator_v3' retrieved from /home/airflow/.local/lib/python3.10/site-packages/airflow/example_dags/example_branch_python_dop_operator_3.py
[2025-01-29T14:58:31.011+0000] {logging_mixin.py:190} INFO - [2025-01-29T14:58:31.011+0000] {dag.py:3239} INFO - Sync 1 DAGs
[2025-01-29T14:58:31.051+0000] {logging_mixin.py:190} INFO - [2025-01-29T14:58:31.051+0000] {dag.py:4180} INFO - Setting next_dagrun for example_branch_dop_operator_v3 to 2025-01-29T14:57:00+00:00, run_after=2025-01-29T14:58:00+00:00
[2025-01-29T14:58:31.072+0000] {processor.py:208} INFO - Processing /home/airflow/.local/lib/python3.10/site-packages/airflow/example_dags/example_branch_python_dop_operator_3.py took 0.100 seconds
[2025-01-29T14:59:01.221+0000] {processor.py:186} INFO - Started process (PID=632) to work on /home/airflow/.local/lib/python3.10/site-packages/airflow/example_dags/example_branch_python_dop_operator_3.py
[2025-01-29T14:59:01.222+0000] {processor.py:914} INFO - Processing file /home/airflow/.local/lib/python3.10/site-packages/airflow/example_dags/example_branch_python_dop_operator_3.py for tasks to queue
[2025-01-29T14:59:01.226+0000] {logging_mixin.py:190} INFO - [2025-01-29T14:59:01.225+0000] {dagbag.py:588} INFO - Filling up the DagBag from /home/airflow/.local/lib/python3.10/site-packages/airflow/example_dags/example_branch_python_dop_operator_3.py
[2025-01-29T14:59:01.237+0000] {processor.py:925} INFO - DAG(s) 'example_branch_dop_operator_v3' retrieved from /home/airflow/.local/lib/python3.10/site-packages/airflow/example_dags/example_branch_python_dop_operator_3.py
[2025-01-29T14:59:01.256+0000] {logging_mixin.py:190} INFO - [2025-01-29T14:59:01.256+0000] {dag.py:3239} INFO - Sync 1 DAGs
[2025-01-29T14:59:01.282+0000] {logging_mixin.py:190} INFO - [2025-01-29T14:59:01.282+0000] {dag.py:4180} INFO - Setting next_dagrun for example_branch_dop_operator_v3 to 2025-01-29T14:58:00+00:00, run_after=2025-01-29T14:59:00+00:00
[2025-01-29T14:59:01.300+0000] {processor.py:208} INFO - Processing /home/airflow/.local/lib/python3.10/site-packages/airflow/example_dags/example_branch_python_dop_operator_3.py took 0.085 seconds
[2025-01-29T14:59:31.451+0000] {processor.py:186} INFO - Started process (PID=698) to work on /home/airflow/.local/lib/python3.10/site-packages/airflow/example_dags/example_branch_python_dop_operator_3.py
[2025-01-29T14:59:31.452+0000] {processor.py:914} INFO - Processing file /home/airflow/.local/lib/python3.10/site-packages/airflow/example_dags/example_branch_python_dop_operator_3.py for tasks to queue
[2025-01-29T14:59:31.454+0000] {logging_mixin.py:190} INFO - [2025-01-29T14:59:31.454+0000] {dagbag.py:588} INFO - Filling up the DagBag from /home/airflow/.local/lib/python3.10/site-packages/airflow/example_dags/example_branch_python_dop_operator_3.py
[2025-01-29T14:59:31.463+0000] {processor.py:925} INFO - DAG(s) 'example_branch_dop_operator_v3' retrieved from /home/airflow/.local/lib/python3.10/site-packages/airflow/example_dags/example_branch_python_dop_operator_3.py
[2025-01-29T14:59:31.480+0000] {logging_mixin.py:190} INFO - [2025-01-29T14:59:31.480+0000] {dag.py:3239} INFO - Sync 1 DAGs
[2025-01-29T14:59:31.504+0000] {logging_mixin.py:190} INFO - [2025-01-29T14:59:31.504+0000] {dag.py:4180} INFO - Setting next_dagrun for example_branch_dop_operator_v3 to 2025-01-29T14:58:00+00:00, run_after=2025-01-29T14:59:00+00:00
[2025-01-29T14:59:31.521+0000] {processor.py:208} INFO - Processing /home/airflow/.local/lib/python3.10/site-packages/airflow/example_dags/example_branch_python_dop_operator_3.py took 0.075 seconds
[2025-01-29T15:00:01.798+0000] {processor.py:186} INFO - Started process (PID=764) to work on /home/airflow/.local/lib/python3.10/site-packages/airflow/example_dags/example_branch_python_dop_operator_3.py
[2025-01-29T15:00:01.799+0000] {processor.py:914} INFO - Processing file /home/airflow/.local/lib/python3.10/site-packages/airflow/example_dags/example_branch_python_dop_operator_3.py for tasks to queue
[2025-01-29T15:00:01.802+0000] {logging_mixin.py:190} INFO - [2025-01-29T15:00:01.802+0000] {dagbag.py:588} INFO - Filling up the DagBag from /home/airflow/.local/lib/python3.10/site-packages/airflow/example_dags/example_branch_python_dop_operator_3.py
[2025-01-29T15:00:01.811+0000] {processor.py:925} INFO - DAG(s) 'example_branch_dop_operator_v3' retrieved from /home/airflow/.local/lib/python3.10/site-packages/airflow/example_dags/example_branch_python_dop_operator_3.py
[2025-01-29T15:00:01.828+0000] {logging_mixin.py:190} INFO - [2025-01-29T15:00:01.828+0000] {dag.py:3239} INFO - Sync 1 DAGs
[2025-01-29T15:00:01.851+0000] {logging_mixin.py:190} INFO - [2025-01-29T15:00:01.851+0000] {dag.py:4180} INFO - Setting next_dagrun for example_branch_dop_operator_v3 to 2025-01-29T14:59:00+00:00, run_after=2025-01-29T15:00:00+00:00
[2025-01-29T15:00:01.866+0000] {processor.py:208} INFO - Processing /home/airflow/.local/lib/python3.10/site-packages/airflow/example_dags/example_branch_python_dop_operator_3.py took 0.073 seconds
[2025-01-29T15:00:32.912+0000] {processor.py:186} INFO - Started process (PID=830) to work on /home/airflow/.local/lib/python3.10/site-packages/airflow/example_dags/example_branch_python_dop_operator_3.py
[2025-01-29T15:00:32.913+0000] {processor.py:914} INFO - Processing file /home/airflow/.local/lib/python3.10/site-packages/airflow/example_dags/example_branch_python_dop_operator_3.py for tasks to queue
[2025-01-29T15:00:32.916+0000] {logging_mixin.py:190} INFO - [2025-01-29T15:00:32.916+0000] {dagbag.py:588} INFO - Filling up the DagBag from /home/airflow/.local/lib/python3.10/site-packages/airflow/example_dags/example_branch_python_dop_operator_3.py
[2025-01-29T15:00:32.925+0000] {processor.py:925} INFO - DAG(s) 'example_branch_dop_operator_v3' retrieved from /home/airflow/.local/lib/python3.10/site-packages/airflow/example_dags/example_branch_python_dop_operator_3.py
[2025-01-29T15:00:32.941+0000] {logging_mixin.py:190} INFO - [2025-01-29T15:00:32.941+0000] {dag.py:3239} INFO - Sync 1 DAGs
[2025-01-29T15:00:32.965+0000] {logging_mixin.py:190} INFO - [2025-01-29T15:00:32.965+0000] {dag.py:4180} INFO - Setting next_dagrun for example_branch_dop_operator_v3 to 2025-01-29T14:59:00+00:00, run_after=2025-01-29T15:00:00+00:00
[2025-01-29T15:00:32.980+0000] {processor.py:208} INFO - Processing /home/airflow/.local/lib/python3.10/site-packages/airflow/example_dags/example_branch_python_dop_operator_3.py took 0.073 seconds
[2025-01-29T15:01:04.051+0000] {processor.py:186} INFO - Started process (PID=896) to work on /home/airflow/.local/lib/python3.10/site-packages/airflow/example_dags/example_branch_python_dop_operator_3.py
[2025-01-29T15:01:04.052+0000] {processor.py:914} INFO - Processing file /home/airflow/.local/lib/python3.10/site-packages/airflow/example_dags/example_branch_python_dop_operator_3.py for tasks to queue
[2025-01-29T15:01:04.055+0000] {logging_mixin.py:190} INFO - [2025-01-29T15:01:04.054+0000] {dagbag.py:588} INFO - Filling up the DagBag from /home/airflow/.local/lib/python3.10/site-packages/airflow/example_dags/example_branch_python_dop_operator_3.py
[2025-01-29T15:01:04.063+0000] {processor.py:925} INFO - DAG(s) 'example_branch_dop_operator_v3' retrieved from /home/airflow/.local/lib/python3.10/site-packages/airflow/example_dags/example_branch_python_dop_operator_3.py
[2025-01-29T15:01:04.080+0000] {logging_mixin.py:190} INFO - [2025-01-29T15:01:04.080+0000] {dag.py:3239} INFO - Sync 1 DAGs
[2025-01-29T15:01:04.104+0000] {logging_mixin.py:190} INFO - [2025-01-29T15:01:04.104+0000] {dag.py:4180} INFO - Setting next_dagrun for example_branch_dop_operator_v3 to 2025-01-29T15:00:00+00:00, run_after=2025-01-29T15:01:00+00:00
[2025-01-29T15:01:04.120+0000] {processor.py:208} INFO - Processing /home/airflow/.local/lib/python3.10/site-packages/airflow/example_dags/example_branch_python_dop_operator_3.py took 0.074 seconds
[2025-01-29T15:01:34.237+0000] {processor.py:186} INFO - Started process (PID=962) to work on /home/airflow/.local/lib/python3.10/site-packages/airflow/example_dags/example_branch_python_dop_operator_3.py
[2025-01-29T15:01:34.238+0000] {processor.py:914} INFO - Processing file /home/airflow/.local/lib/python3.10/site-packages/airflow/example_dags/example_branch_python_dop_operator_3.py for tasks to queue
[2025-01-29T15:01:34.240+0000] {logging_mixin.py:190} INFO - [2025-01-29T15:01:34.240+0000] {dagbag.py:588} INFO - Filling up the DagBag from /home/airflow/.local/lib/python3.10/site-packages/airflow/example_dags/example_branch_python_dop_operator_3.py
[2025-01-29T15:01:34.249+0000] {processor.py:925} INFO - DAG(s) 'example_branch_dop_operator_v3' retrieved from /home/airflow/.local/lib/python3.10/site-packages/airflow/example_dags/example_branch_python_dop_operator_3.py
[2025-01-29T15:01:34.266+0000] {logging_mixin.py:190} INFO - [2025-01-29T15:01:34.266+0000] {dag.py:3239} INFO - Sync 1 DAGs
[2025-01-29T15:01:34.290+0000] {logging_mixin.py:190} INFO - [2025-01-29T15:01:34.290+0000] {dag.py:4180} INFO - Setting next_dagrun for example_branch_dop_operator_v3 to 2025-01-29T15:00:00+00:00, run_after=2025-01-29T15:01:00+00:00
[2025-01-29T15:01:34.306+0000] {processor.py:208} INFO - Processing /home/airflow/.local/lib/python3.10/site-packages/airflow/example_dags/example_branch_python_dop_operator_3.py took 0.074 seconds
[2025-01-29T15:02:04.738+0000] {processor.py:186} INFO - Started process (PID=1028) to work on /home/airflow/.local/lib/python3.10/site-packages/airflow/example_dags/example_branch_python_dop_operator_3.py
[2025-01-29T15:02:04.739+0000] {processor.py:914} INFO - Processing file /home/airflow/.local/lib/python3.10/site-packages/airflow/example_dags/example_branch_python_dop_operator_3.py for tasks to queue
[2025-01-29T15:02:04.742+0000] {logging_mixin.py:190} INFO - [2025-01-29T15:02:04.741+0000] {dagbag.py:588} INFO - Filling up the DagBag from /home/airflow/.local/lib/python3.10/site-packages/airflow/example_dags/example_branch_python_dop_operator_3.py
[2025-01-29T15:02:04.750+0000] {processor.py:925} INFO - DAG(s) 'example_branch_dop_operator_v3' retrieved from /home/airflow/.local/lib/python3.10/site-packages/airflow/example_dags/example_branch_python_dop_operator_3.py
[2025-01-29T15:02:04.767+0000] {logging_mixin.py:190} INFO - [2025-01-29T15:02:04.767+0000] {dag.py:3239} INFO - Sync 1 DAGs
[2025-01-29T15:02:04.792+0000] {logging_mixin.py:190} INFO - [2025-01-29T15:02:04.792+0000] {dag.py:4180} INFO - Setting next_dagrun for example_branch_dop_operator_v3 to 2025-01-29T15:01:00+00:00, run_after=2025-01-29T15:02:00+00:00
[2025-01-29T15:02:04.808+0000] {processor.py:208} INFO - Processing /home/airflow/.local/lib/python3.10/site-packages/airflow/example_dags/example_branch_python_dop_operator_3.py took 0.075 seconds
[2025-01-29T15:02:34.864+0000] {processor.py:186} INFO - Started process (PID=1094) to work on /home/airflow/.local/lib/python3.10/site-packages/airflow/example_dags/example_branch_python_dop_operator_3.py
[2025-01-29T15:02:34.865+0000] {processor.py:914} INFO - Processing file /home/airflow/.local/lib/python3.10/site-packages/airflow/example_dags/example_branch_python_dop_operator_3.py for tasks to queue
[2025-01-29T15:02:34.867+0000] {logging_mixin.py:190} INFO - [2025-01-29T15:02:34.867+0000] {dagbag.py:588} INFO - Filling up the DagBag from /home/airflow/.local/lib/python3.10/site-packages/airflow/example_dags/example_branch_python_dop_operator_3.py
[2025-01-29T15:02:34.876+0000] {processor.py:925} INFO - DAG(s) 'example_branch_dop_operator_v3' retrieved from /home/airflow/.local/lib/python3.10/site-packages/airflow/example_dags/example_branch_python_dop_operator_3.py
[2025-01-29T15:02:34.894+0000] {logging_mixin.py:190} INFO - [2025-01-29T15:02:34.894+0000] {dag.py:3239} INFO - Sync 1 DAGs
[2025-01-29T15:02:34.918+0000] {logging_mixin.py:190} INFO - [2025-01-29T15:02:34.917+0000] {dag.py:4180} INFO - Setting next_dagrun for example_branch_dop_operator_v3 to 2025-01-29T15:01:00+00:00, run_after=2025-01-29T15:02:00+00:00
[2025-01-29T15:02:34.934+0000] {processor.py:208} INFO - Processing /home/airflow/.local/lib/python3.10/site-packages/airflow/example_dags/example_branch_python_dop_operator_3.py took 0.075 seconds
[2025-01-29T15:03:05.123+0000] {processor.py:186} INFO - Started process (PID=1160) to work on /home/airflow/.local/lib/python3.10/site-packages/airflow/example_dags/example_branch_python_dop_operator_3.py
[2025-01-29T15:03:05.124+0000] {processor.py:914} INFO - Processing file /home/airflow/.local/lib/python3.10/site-packages/airflow/example_dags/example_branch_python_dop_operator_3.py for tasks to queue
[2025-01-29T15:03:05.126+0000] {logging_mixin.py:190} INFO - [2025-01-29T15:03:05.126+0000] {dagbag.py:588} INFO - Filling up the DagBag from /home/airflow/.local/lib/python3.10/site-packages/airflow/example_dags/example_branch_python_dop_operator_3.py
[2025-01-29T15:03:05.135+0000] {processor.py:925} INFO - DAG(s) 'example_branch_dop_operator_v3' retrieved from /home/airflow/.local/lib/python3.10/site-packages/airflow/example_dags/example_branch_python_dop_operator_3.py
[2025-01-29T15:03:05.153+0000] {logging_mixin.py:190} INFO - [2025-01-29T15:03:05.153+0000] {dag.py:3239} INFO - Sync 1 DAGs
[2025-01-29T15:03:05.177+0000] {logging_mixin.py:190} INFO - [2025-01-29T15:03:05.177+0000] {dag.py:4180} INFO - Setting next_dagrun for example_branch_dop_operator_v3 to 2025-01-29T15:02:00+00:00, run_after=2025-01-29T15:03:00+00:00
[2025-01-29T15:03:05.193+0000] {processor.py:208} INFO - Processing /home/airflow/.local/lib/python3.10/site-packages/airflow/example_dags/example_branch_python_dop_operator_3.py took 0.076 seconds
[2025-01-29T15:03:35.580+0000] {processor.py:186} INFO - Started process (PID=1226) to work on /home/airflow/.local/lib/python3.10/site-packages/airflow/example_dags/example_branch_python_dop_operator_3.py
[2025-01-29T15:03:35.581+0000] {processor.py:914} INFO - Processing file /home/airflow/.local/lib/python3.10/site-packages/airflow/example_dags/example_branch_python_dop_operator_3.py for tasks to queue
[2025-01-29T15:03:35.584+0000] {logging_mixin.py:190} INFO - [2025-01-29T15:03:35.583+0000] {dagbag.py:588} INFO - Filling up the DagBag from /home/airflow/.local/lib/python3.10/site-packages/airflow/example_dags/example_branch_python_dop_operator_3.py
[2025-01-29T15:03:35.592+0000] {processor.py:925} INFO - DAG(s) 'example_branch_dop_operator_v3' retrieved from /home/airflow/.local/lib/python3.10/site-packages/airflow/example_dags/example_branch_python_dop_operator_3.py
[2025-01-29T15:03:35.609+0000] {logging_mixin.py:190} INFO - [2025-01-29T15:03:35.609+0000] {dag.py:3239} INFO - Sync 1 DAGs
[2025-01-29T15:03:35.633+0000] {logging_mixin.py:190} INFO - [2025-01-29T15:03:35.633+0000] {dag.py:4180} INFO - Setting next_dagrun for example_branch_dop_operator_v3 to 2025-01-29T15:02:00+00:00, run_after=2025-01-29T15:03:00+00:00
[2025-01-29T15:03:35.648+0000] {processor.py:208} INFO - Processing /home/airflow/.local/lib/python3.10/site-packages/airflow/example_dags/example_branch_python_dop_operator_3.py took 0.073 seconds
[2025-01-29T15:04:05.886+0000] {processor.py:186} INFO - Started process (PID=1292) to work on /home/airflow/.local/lib/python3.10/site-packages/airflow/example_dags/example_branch_python_dop_operator_3.py
[2025-01-29T15:04:05.887+0000] {processor.py:914} INFO - Processing file /home/airflow/.local/lib/python3.10/site-packages/airflow/example_dags/example_branch_python_dop_operator_3.py for tasks to queue
[2025-01-29T15:04:05.889+0000] {logging_mixin.py:190} INFO - [2025-01-29T15:04:05.889+0000] {dagbag.py:588} INFO - Filling up the DagBag from /home/airflow/.local/lib/python3.10/site-packages/airflow/example_dags/example_branch_python_dop_operator_3.py
[2025-01-29T15:04:05.898+0000] {processor.py:925} INFO - DAG(s) 'example_branch_dop_operator_v3' retrieved from /home/airflow/.local/lib/python3.10/site-packages/airflow/example_dags/example_branch_python_dop_operator_3.py
[2025-01-29T15:04:05.914+0000] {logging_mixin.py:190} INFO - [2025-01-29T15:04:05.914+0000] {dag.py:3239} INFO - Sync 1 DAGs
[2025-01-29T15:04:05.937+0000] {logging_mixin.py:190} INFO - [2025-01-29T15:04:05.937+0000] {dag.py:4180} INFO - Setting next_dagrun for example_branch_dop_operator_v3 to 2025-01-29T15:03:00+00:00, run_after=2025-01-29T15:04:00+00:00
[2025-01-29T15:04:05.954+0000] {processor.py:208} INFO - Processing /home/airflow/.local/lib/python3.10/site-packages/airflow/example_dags/example_branch_python_dop_operator_3.py took 0.073 seconds
[2025-01-29T15:04:36.278+0000] {processor.py:186} INFO - Started process (PID=1358) to work on /home/airflow/.local/lib/python3.10/site-packages/airflow/example_dags/example_branch_python_dop_operator_3.py
[2025-01-29T15:04:36.278+0000] {processor.py:914} INFO - Processing file /home/airflow/.local/lib/python3.10/site-packages/airflow/example_dags/example_branch_python_dop_operator_3.py for tasks to queue
[2025-01-29T15:04:36.281+0000] {logging_mixin.py:190} INFO - [2025-01-29T15:04:36.281+0000] {dagbag.py:588} INFO - Filling up the DagBag from /home/airflow/.local/lib/python3.10/site-packages/airflow/example_dags/example_branch_python_dop_operator_3.py
[2025-01-29T15:04:36.290+0000] {processor.py:925} INFO - DAG(s) 'example_branch_dop_operator_v3' retrieved from /home/airflow/.local/lib/python3.10/site-packages/airflow/example_dags/example_branch_python_dop_operator_3.py
[2025-01-29T15:04:36.307+0000] {logging_mixin.py:190} INFO - [2025-01-29T15:04:36.307+0000] {dag.py:3239} INFO - Sync 1 DAGs
[2025-01-29T15:04:36.331+0000] {logging_mixin.py:190} INFO - [2025-01-29T15:04:36.331+0000] {dag.py:4180} INFO - Setting next_dagrun for example_branch_dop_operator_v3 to 2025-01-29T15:03:00+00:00, run_after=2025-01-29T15:04:00+00:00
[2025-01-29T15:04:36.346+0000] {processor.py:208} INFO - Processing /home/airflow/.local/lib/python3.10/site-packages/airflow/example_dags/example_branch_python_dop_operator_3.py took 0.074 seconds
[2025-01-29T15:05:06.635+0000] {processor.py:186} INFO - Started process (PID=1424) to work on /home/airflow/.local/lib/python3.10/site-packages/airflow/example_dags/example_branch_python_dop_operator_3.py
[2025-01-29T15:05:06.636+0000] {processor.py:914} INFO - Processing file /home/airflow/.local/lib/python3.10/site-packages/airflow/example_dags/example_branch_python_dop_operator_3.py for tasks to queue
[2025-01-29T15:05:06.639+0000] {logging_mixin.py:190} INFO - [2025-01-29T15:05:06.638+0000] {dagbag.py:588} INFO - Filling up the DagBag from /home/airflow/.local/lib/python3.10/site-packages/airflow/example_dags/example_branch_python_dop_operator_3.py
[2025-01-29T15:05:06.648+0000] {processor.py:925} INFO - DAG(s) 'example_branch_dop_operator_v3' retrieved from /home/airflow/.local/lib/python3.10/site-packages/airflow/example_dags/example_branch_python_dop_operator_3.py
[2025-01-29T15:05:06.665+0000] {logging_mixin.py:190} INFO - [2025-01-29T15:05:06.665+0000] {dag.py:3239} INFO - Sync 1 DAGs
[2025-01-29T15:05:06.689+0000] {logging_mixin.py:190} INFO - [2025-01-29T15:05:06.689+0000] {dag.py:4180} INFO - Setting next_dagrun for example_branch_dop_operator_v3 to 2025-01-29T15:04:00+00:00, run_after=2025-01-29T15:05:00+00:00
[2025-01-29T15:05:06.705+0000] {processor.py:208} INFO - Processing /home/airflow/.local/lib/python3.10/site-packages/airflow/example_dags/example_branch_python_dop_operator_3.py took 0.075 seconds
[2025-01-29T15:05:37.615+0000] {processor.py:186} INFO - Started process (PID=1490) to work on /home/airflow/.local/lib/python3.10/site-packages/airflow/example_dags/example_branch_python_dop_operator_3.py
[2025-01-29T15:05:37.615+0000] {processor.py:914} INFO - Processing file /home/airflow/.local/lib/python3.10/site-packages/airflow/example_dags/example_branch_python_dop_operator_3.py for tasks to queue
[2025-01-29T15:05:37.618+0000] {logging_mixin.py:190} INFO - [2025-01-29T15:05:37.618+0000] {dagbag.py:588} INFO - Filling up the DagBag from /home/airflow/.local/lib/python3.10/site-packages/airflow/example_dags/example_branch_python_dop_operator_3.py
[2025-01-29T15:05:37.626+0000] {processor.py:925} INFO - DAG(s) 'example_branch_dop_operator_v3' retrieved from /home/airflow/.local/lib/python3.10/site-packages/airflow/example_dags/example_branch_python_dop_operator_3.py
[2025-01-29T15:05:37.644+0000] {logging_mixin.py:190} INFO - [2025-01-29T15:05:37.644+0000] {dag.py:3239} INFO - Sync 1 DAGs
[2025-01-29T15:05:37.668+0000] {logging_mixin.py:190} INFO - [2025-01-29T15:05:37.668+0000] {dag.py:4180} INFO - Setting next_dagrun for example_branch_dop_operator_v3 to 2025-01-29T15:04:00+00:00, run_after=2025-01-29T15:05:00+00:00
[2025-01-29T15:05:37.683+0000] {processor.py:208} INFO - Processing /home/airflow/.local/lib/python3.10/site-packages/airflow/example_dags/example_branch_python_dop_operator_3.py took 0.074 seconds
[2025-01-29T15:06:08.034+0000] {processor.py:186} INFO - Started process (PID=1556) to work on /home/airflow/.local/lib/python3.10/site-packages/airflow/example_dags/example_branch_python_dop_operator_3.py
[2025-01-29T15:06:08.035+0000] {processor.py:914} INFO - Processing file /home/airflow/.local/lib/python3.10/site-packages/airflow/example_dags/example_branch_python_dop_operator_3.py for tasks to queue
[2025-01-29T15:06:08.038+0000] {logging_mixin.py:190} INFO - [2025-01-29T15:06:08.038+0000] {dagbag.py:588} INFO - Filling up the DagBag from /home/airflow/.local/lib/python3.10/site-packages/airflow/example_dags/example_branch_python_dop_operator_3.py
[2025-01-29T15:06:08.047+0000] {processor.py:925} INFO - DAG(s) 'example_branch_dop_operator_v3' retrieved from /home/airflow/.local/lib/python3.10/site-packages/airflow/example_dags/example_branch_python_dop_operator_3.py
[2025-01-29T15:06:08.064+0000] {logging_mixin.py:190} INFO - [2025-01-29T15:06:08.064+0000] {dag.py:3239} INFO - Sync 1 DAGs
[2025-01-29T15:06:08.088+0000] {logging_mixin.py:190} INFO - [2025-01-29T15:06:08.088+0000] {dag.py:4180} INFO - Setting next_dagrun for example_branch_dop_operator_v3 to 2025-01-29T15:05:00+00:00, run_after=2025-01-29T15:06:00+00:00
[2025-01-29T15:06:08.103+0000] {processor.py:208} INFO - Processing /home/airflow/.local/lib/python3.10/site-packages/airflow/example_dags/example_branch_python_dop_operator_3.py took 0.074 seconds
[2025-01-29T15:06:38.294+0000] {processor.py:186} INFO - Started process (PID=1622) to work on /home/airflow/.local/lib/python3.10/site-packages/airflow/example_dags/example_branch_python_dop_operator_3.py
[2025-01-29T15:06:38.295+0000] {processor.py:914} INFO - Processing file /home/airflow/.local/lib/python3.10/site-packages/airflow/example_dags/example_branch_python_dop_operator_3.py for tasks to queue
[2025-01-29T15:06:38.297+0000] {logging_mixin.py:190} INFO - [2025-01-29T15:06:38.297+0000] {dagbag.py:588} INFO - Filling up the DagBag from /home/airflow/.local/lib/python3.10/site-packages/airflow/example_dags/example_branch_python_dop_operator_3.py
[2025-01-29T15:06:38.306+0000] {processor.py:925} INFO - DAG(s) 'example_branch_dop_operator_v3' retrieved from /home/airflow/.local/lib/python3.10/site-packages/airflow/example_dags/example_branch_python_dop_operator_3.py
[2025-01-29T15:06:38.323+0000] {logging_mixin.py:190} INFO - [2025-01-29T15:06:38.323+0000] {dag.py:3239} INFO - Sync 1 DAGs
[2025-01-29T15:06:38.347+0000] {logging_mixin.py:190} INFO - [2025-01-29T15:06:38.347+0000] {dag.py:4180} INFO - Setting next_dagrun for example_branch_dop_operator_v3 to 2025-01-29T15:05:00+00:00, run_after=2025-01-29T15:06:00+00:00
[2025-01-29T15:06:38.362+0000] {processor.py:208} INFO - Processing /home/airflow/.local/lib/python3.10/site-packages/airflow/example_dags/example_branch_python_dop_operator_3.py took 0.073 seconds
[2025-01-29T15:07:08.643+0000] {processor.py:186} INFO - Started process (PID=1688) to work on /home/airflow/.local/lib/python3.10/site-packages/airflow/example_dags/example_branch_python_dop_operator_3.py
[2025-01-29T15:07:08.644+0000] {processor.py:914} INFO - Processing file /home/airflow/.local/lib/python3.10/site-packages/airflow/example_dags/example_branch_python_dop_operator_3.py for tasks to queue
[2025-01-29T15:07:08.647+0000] {logging_mixin.py:190} INFO - [2025-01-29T15:07:08.646+0000] {dagbag.py:588} INFO - Filling up the DagBag from /home/airflow/.local/lib/python3.10/site-packages/airflow/example_dags/example_branch_python_dop_operator_3.py
[2025-01-29T15:07:08.655+0000] {processor.py:925} INFO - DAG(s) 'example_branch_dop_operator_v3' retrieved from /home/airflow/.local/lib/python3.10/site-packages/airflow/example_dags/example_branch_python_dop_operator_3.py
[2025-01-29T15:07:08.672+0000] {logging_mixin.py:190} INFO - [2025-01-29T15:07:08.672+0000] {dag.py:3239} INFO - Sync 1 DAGs
[2025-01-29T15:07:08.697+0000] {logging_mixin.py:190} INFO - [2025-01-29T15:07:08.697+0000] {dag.py:4180} INFO - Setting next_dagrun for example_branch_dop_operator_v3 to 2025-01-29T15:06:00+00:00, run_after=2025-01-29T15:07:00+00:00
[2025-01-29T15:07:08.712+0000] {processor.py:208} INFO - Processing /home/airflow/.local/lib/python3.10/site-packages/airflow/example_dags/example_branch_python_dop_operator_3.py took 0.074 seconds
[2025-01-29T15:07:39.580+0000] {processor.py:186} INFO - Started process (PID=1754) to work on /home/airflow/.local/lib/python3.10/site-packages/airflow/example_dags/example_branch_python_dop_operator_3.py
[2025-01-29T15:07:39.580+0000] {processor.py:914} INFO - Processing file /home/airflow/.local/lib/python3.10/site-packages/airflow/example_dags/example_branch_python_dop_operator_3.py for tasks to queue
[2025-01-29T15:07:39.583+0000] {logging_mixin.py:190} INFO - [2025-01-29T15:07:39.583+0000] {dagbag.py:588} INFO - Filling up the DagBag from /home/airflow/.local/lib/python3.10/site-packages/airflow/example_dags/example_branch_python_dop_operator_3.py
[2025-01-29T15:07:39.591+0000] {processor.py:925} INFO - DAG(s) 'example_branch_dop_operator_v3' retrieved from /home/airflow/.local/lib/python3.10/site-packages/airflow/example_dags/example_branch_python_dop_operator_3.py
[2025-01-29T15:07:39.608+0000] {logging_mixin.py:190} INFO - [2025-01-29T15:07:39.608+0000] {dag.py:3239} INFO - Sync 1 DAGs
[2025-01-29T15:07:39.631+0000] {logging_mixin.py:190} INFO - [2025-01-29T15:07:39.631+0000] {dag.py:4180} INFO - Setting next_dagrun for example_branch_dop_operator_v3 to 2025-01-29T15:06:00+00:00, run_after=2025-01-29T15:07:00+00:00
[2025-01-29T15:07:39.646+0000] {processor.py:208} INFO - Processing /home/airflow/.local/lib/python3.10/site-packages/airflow/example_dags/example_branch_python_dop_operator_3.py took 0.072 seconds
[2025-01-29T15:08:10.770+0000] {processor.py:186} INFO - Started process (PID=1820) to work on /home/airflow/.local/lib/python3.10/site-packages/airflow/example_dags/example_branch_python_dop_operator_3.py
[2025-01-29T15:08:10.770+0000] {processor.py:914} INFO - Processing file /home/airflow/.local/lib/python3.10/site-packages/airflow/example_dags/example_branch_python_dop_operator_3.py for tasks to queue
[2025-01-29T15:08:10.773+0000] {logging_mixin.py:190} INFO - [2025-01-29T15:08:10.773+0000] {dagbag.py:588} INFO - Filling up the DagBag from /home/airflow/.local/lib/python3.10/site-packages/airflow/example_dags/example_branch_python_dop_operator_3.py
[2025-01-29T15:08:10.782+0000] {processor.py:925} INFO - DAG(s) 'example_branch_dop_operator_v3' retrieved from /home/airflow/.local/lib/python3.10/site-packages/airflow/example_dags/example_branch_python_dop_operator_3.py
[2025-01-29T15:08:10.799+0000] {logging_mixin.py:190} INFO - [2025-01-29T15:08:10.799+0000] {dag.py:3239} INFO - Sync 1 DAGs
[2025-01-29T15:08:10.977+0000] {logging_mixin.py:190} INFO - [2025-01-29T15:08:10.977+0000] {dag.py:4180} INFO - Setting next_dagrun for example_branch_dop_operator_v3 to 2025-01-29T15:07:00+00:00, run_after=2025-01-29T15:08:00+00:00
[2025-01-29T15:08:10.992+0000] {processor.py:208} INFO - Processing /home/airflow/.local/lib/python3.10/site-packages/airflow/example_dags/example_branch_python_dop_operator_3.py took 0.228 seconds
[2025-01-29T15:08:41.479+0000] {processor.py:186} INFO - Started process (PID=1886) to work on /home/airflow/.local/lib/python3.10/site-packages/airflow/example_dags/example_branch_python_dop_operator_3.py
[2025-01-29T15:08:41.480+0000] {processor.py:914} INFO - Processing file /home/airflow/.local/lib/python3.10/site-packages/airflow/example_dags/example_branch_python_dop_operator_3.py for tasks to queue
[2025-01-29T15:08:41.483+0000] {logging_mixin.py:190} INFO - [2025-01-29T15:08:41.482+0000] {dagbag.py:588} INFO - Filling up the DagBag from /home/airflow/.local/lib/python3.10/site-packages/airflow/example_dags/example_branch_python_dop_operator_3.py
[2025-01-29T15:08:41.491+0000] {processor.py:925} INFO - DAG(s) 'example_branch_dop_operator_v3' retrieved from /home/airflow/.local/lib/python3.10/site-packages/airflow/example_dags/example_branch_python_dop_operator_3.py
[2025-01-29T15:08:41.507+0000] {logging_mixin.py:190} INFO - [2025-01-29T15:08:41.507+0000] {dag.py:3239} INFO - Sync 1 DAGs
[2025-01-29T15:08:41.719+0000] {logging_mixin.py:190} INFO - [2025-01-29T15:08:41.719+0000] {dag.py:4180} INFO - Setting next_dagrun for example_branch_dop_operator_v3 to 2025-01-29T15:07:00+00:00, run_after=2025-01-29T15:08:00+00:00
[2025-01-29T15:08:41.733+0000] {processor.py:208} INFO - Processing /home/airflow/.local/lib/python3.10/site-packages/airflow/example_dags/example_branch_python_dop_operator_3.py took 0.259 seconds
[2025-01-29T15:09:12.705+0000] {processor.py:186} INFO - Started process (PID=1952) to work on /home/airflow/.local/lib/python3.10/site-packages/airflow/example_dags/example_branch_python_dop_operator_3.py
[2025-01-29T15:09:12.706+0000] {processor.py:914} INFO - Processing file /home/airflow/.local/lib/python3.10/site-packages/airflow/example_dags/example_branch_python_dop_operator_3.py for tasks to queue
[2025-01-29T15:09:12.708+0000] {logging_mixin.py:190} INFO - [2025-01-29T15:09:12.708+0000] {dagbag.py:588} INFO - Filling up the DagBag from /home/airflow/.local/lib/python3.10/site-packages/airflow/example_dags/example_branch_python_dop_operator_3.py
[2025-01-29T15:09:12.717+0000] {processor.py:925} INFO - DAG(s) 'example_branch_dop_operator_v3' retrieved from /home/airflow/.local/lib/python3.10/site-packages/airflow/example_dags/example_branch_python_dop_operator_3.py
[2025-01-29T15:09:12.735+0000] {logging_mixin.py:190} INFO - [2025-01-29T15:09:12.735+0000] {dag.py:3239} INFO - Sync 1 DAGs
[2025-01-29T15:09:12.919+0000] {logging_mixin.py:190} INFO - [2025-01-29T15:09:12.919+0000] {dag.py:4180} INFO - Setting next_dagrun for example_branch_dop_operator_v3 to 2025-01-29T15:08:00+00:00, run_after=2025-01-29T15:09:00+00:00
[2025-01-29T15:09:12.933+0000] {processor.py:208} INFO - Processing /home/airflow/.local/lib/python3.10/site-packages/airflow/example_dags/example_branch_python_dop_operator_3.py took 0.233 seconds
[2025-01-29T15:09:43.445+0000] {processor.py:186} INFO - Started process (PID=2018) to work on /home/airflow/.local/lib/python3.10/site-packages/airflow/example_dags/example_branch_python_dop_operator_3.py
[2025-01-29T15:09:43.446+0000] {processor.py:914} INFO - Processing file /home/airflow/.local/lib/python3.10/site-packages/airflow/example_dags/example_branch_python_dop_operator_3.py for tasks to queue
[2025-01-29T15:09:43.449+0000] {logging_mixin.py:190} INFO - [2025-01-29T15:09:43.449+0000] {dagbag.py:588} INFO - Filling up the DagBag from /home/airflow/.local/lib/python3.10/site-packages/airflow/example_dags/example_branch_python_dop_operator_3.py
[2025-01-29T15:09:43.458+0000] {processor.py:925} INFO - DAG(s) 'example_branch_dop_operator_v3' retrieved from /home/airflow/.local/lib/python3.10/site-packages/airflow/example_dags/example_branch_python_dop_operator_3.py
[2025-01-29T15:09:43.475+0000] {logging_mixin.py:190} INFO - [2025-01-29T15:09:43.475+0000] {dag.py:3239} INFO - Sync 1 DAGs
[2025-01-29T15:09:43.663+0000] {logging_mixin.py:190} INFO - [2025-01-29T15:09:43.663+0000] {dag.py:4180} INFO - Setting next_dagrun for example_branch_dop_operator_v3 to 2025-01-29T15:08:00+00:00, run_after=2025-01-29T15:09:00+00:00
[2025-01-29T15:09:43.678+0000] {processor.py:208} INFO - Processing /home/airflow/.local/lib/python3.10/site-packages/airflow/example_dags/example_branch_python_dop_operator_3.py took 0.239 seconds
[2025-01-29T15:10:14.169+0000] {processor.py:186} INFO - Started process (PID=2084) to work on /home/airflow/.local/lib/python3.10/site-packages/airflow/example_dags/example_branch_python_dop_operator_3.py
[2025-01-29T15:10:14.170+0000] {processor.py:914} INFO - Processing file /home/airflow/.local/lib/python3.10/site-packages/airflow/example_dags/example_branch_python_dop_operator_3.py for tasks to queue
[2025-01-29T15:10:14.172+0000] {logging_mixin.py:190} INFO - [2025-01-29T15:10:14.172+0000] {dagbag.py:588} INFO - Filling up the DagBag from /home/airflow/.local/lib/python3.10/site-packages/airflow/example_dags/example_branch_python_dop_operator_3.py
[2025-01-29T15:10:14.181+0000] {processor.py:925} INFO - DAG(s) 'example_branch_dop_operator_v3' retrieved from /home/airflow/.local/lib/python3.10/site-packages/airflow/example_dags/example_branch_python_dop_operator_3.py
[2025-01-29T15:10:14.199+0000] {logging_mixin.py:190} INFO - [2025-01-29T15:10:14.199+0000] {dag.py:3239} INFO - Sync 1 DAGs
[2025-01-29T15:10:14.410+0000] {logging_mixin.py:190} INFO - [2025-01-29T15:10:14.410+0000] {dag.py:4180} INFO - Setting next_dagrun for example_branch_dop_operator_v3 to 2025-01-29T15:09:00+00:00, run_after=2025-01-29T15:10:00+00:00
[2025-01-29T15:10:14.425+0000] {processor.py:208} INFO - Processing /home/airflow/.local/lib/python3.10/site-packages/airflow/example_dags/example_branch_python_dop_operator_3.py took 0.262 seconds
[2025-01-29T15:10:45.221+0000] {processor.py:186} INFO - Started process (PID=2150) to work on /home/airflow/.local/lib/python3.10/site-packages/airflow/example_dags/example_branch_python_dop_operator_3.py
[2025-01-29T15:10:45.222+0000] {processor.py:914} INFO - Processing file /home/airflow/.local/lib/python3.10/site-packages/airflow/example_dags/example_branch_python_dop_operator_3.py for tasks to queue
[2025-01-29T15:10:45.224+0000] {logging_mixin.py:190} INFO - [2025-01-29T15:10:45.224+0000] {dagbag.py:588} INFO - Filling up the DagBag from /home/airflow/.local/lib/python3.10/site-packages/airflow/example_dags/example_branch_python_dop_operator_3.py
[2025-01-29T15:10:45.233+0000] {processor.py:925} INFO - DAG(s) 'example_branch_dop_operator_v3' retrieved from /home/airflow/.local/lib/python3.10/site-packages/airflow/example_dags/example_branch_python_dop_operator_3.py
[2025-01-29T15:10:45.249+0000] {logging_mixin.py:190} INFO - [2025-01-29T15:10:45.249+0000] {dag.py:3239} INFO - Sync 1 DAGs
[2025-01-29T15:10:45.274+0000] {logging_mixin.py:190} INFO - [2025-01-29T15:10:45.274+0000] {dag.py:4180} INFO - Setting next_dagrun for example_branch_dop_operator_v3 to 2025-01-29T15:09:00+00:00, run_after=2025-01-29T15:10:00+00:00
[2025-01-29T15:10:45.459+0000] {processor.py:208} INFO - Processing /home/airflow/.local/lib/python3.10/site-packages/airflow/example_dags/example_branch_python_dop_operator_3.py took 0.243 seconds
[2025-01-29T15:11:15.589+0000] {processor.py:186} INFO - Started process (PID=2216) to work on /home/airflow/.local/lib/python3.10/site-packages/airflow/example_dags/example_branch_python_dop_operator_3.py
[2025-01-29T15:11:15.591+0000] {processor.py:914} INFO - Processing file /home/airflow/.local/lib/python3.10/site-packages/airflow/example_dags/example_branch_python_dop_operator_3.py for tasks to queue
[2025-01-29T15:11:15.597+0000] {logging_mixin.py:190} INFO - [2025-01-29T15:11:15.597+0000] {dagbag.py:588} INFO - Filling up the DagBag from /home/airflow/.local/lib/python3.10/site-packages/airflow/example_dags/example_branch_python_dop_operator_3.py
[2025-01-29T15:11:15.619+0000] {processor.py:925} INFO - DAG(s) 'example_branch_dop_operator_v3' retrieved from /home/airflow/.local/lib/python3.10/site-packages/airflow/example_dags/example_branch_python_dop_operator_3.py
[2025-01-29T15:11:15.659+0000] {logging_mixin.py:190} INFO - [2025-01-29T15:11:15.654+0000] {dag.py:3239} INFO - Sync 1 DAGs
[2025-01-29T15:11:15.707+0000] {logging_mixin.py:190} INFO - [2025-01-29T15:11:15.707+0000] {dag.py:4180} INFO - Setting next_dagrun for example_branch_dop_operator_v3 to 2025-01-29T15:10:00+00:00, run_after=2025-01-29T15:11:00+00:00
[2025-01-29T15:11:15.728+0000] {processor.py:208} INFO - Processing /home/airflow/.local/lib/python3.10/site-packages/airflow/example_dags/example_branch_python_dop_operator_3.py took 0.149 seconds
[2025-01-29T15:11:46.312+0000] {processor.py:186} INFO - Started process (PID=2282) to work on /home/airflow/.local/lib/python3.10/site-packages/airflow/example_dags/example_branch_python_dop_operator_3.py
[2025-01-29T15:11:46.312+0000] {processor.py:914} INFO - Processing file /home/airflow/.local/lib/python3.10/site-packages/airflow/example_dags/example_branch_python_dop_operator_3.py for tasks to queue
[2025-01-29T15:11:46.315+0000] {logging_mixin.py:190} INFO - [2025-01-29T15:11:46.315+0000] {dagbag.py:588} INFO - Filling up the DagBag from /home/airflow/.local/lib/python3.10/site-packages/airflow/example_dags/example_branch_python_dop_operator_3.py
[2025-01-29T15:11:46.323+0000] {processor.py:925} INFO - DAG(s) 'example_branch_dop_operator_v3' retrieved from /home/airflow/.local/lib/python3.10/site-packages/airflow/example_dags/example_branch_python_dop_operator_3.py
[2025-01-29T15:11:46.340+0000] {logging_mixin.py:190} INFO - [2025-01-29T15:11:46.339+0000] {dag.py:3239} INFO - Sync 1 DAGs
[2025-01-29T15:11:46.362+0000] {logging_mixin.py:190} INFO - [2025-01-29T15:11:46.362+0000] {dag.py:4180} INFO - Setting next_dagrun for example_branch_dop_operator_v3 to 2025-01-29T15:10:00+00:00, run_after=2025-01-29T15:11:00+00:00
[2025-01-29T15:11:46.383+0000] {processor.py:208} INFO - Processing /home/airflow/.local/lib/python3.10/site-packages/airflow/example_dags/example_branch_python_dop_operator_3.py took 0.076 seconds
[2025-01-29T15:12:16.500+0000] {processor.py:186} INFO - Started process (PID=2348) to work on /home/airflow/.local/lib/python3.10/site-packages/airflow/example_dags/example_branch_python_dop_operator_3.py
[2025-01-29T15:12:16.501+0000] {processor.py:914} INFO - Processing file /home/airflow/.local/lib/python3.10/site-packages/airflow/example_dags/example_branch_python_dop_operator_3.py for tasks to queue
[2025-01-29T15:12:16.504+0000] {logging_mixin.py:190} INFO - [2025-01-29T15:12:16.503+0000] {dagbag.py:588} INFO - Filling up the DagBag from /home/airflow/.local/lib/python3.10/site-packages/airflow/example_dags/example_branch_python_dop_operator_3.py
[2025-01-29T15:12:16.512+0000] {processor.py:925} INFO - DAG(s) 'example_branch_dop_operator_v3' retrieved from /home/airflow/.local/lib/python3.10/site-packages/airflow/example_dags/example_branch_python_dop_operator_3.py
[2025-01-29T15:12:16.529+0000] {logging_mixin.py:190} INFO - [2025-01-29T15:12:16.529+0000] {dag.py:3239} INFO - Sync 1 DAGs
[2025-01-29T15:12:16.551+0000] {logging_mixin.py:190} INFO - [2025-01-29T15:12:16.551+0000] {dag.py:4180} INFO - Setting next_dagrun for example_branch_dop_operator_v3 to 2025-01-29T15:11:00+00:00, run_after=2025-01-29T15:12:00+00:00
[2025-01-29T15:12:16.567+0000] {processor.py:208} INFO - Processing /home/airflow/.local/lib/python3.10/site-packages/airflow/example_dags/example_branch_python_dop_operator_3.py took 0.071 seconds
[2025-01-29T15:12:46.999+0000] {processor.py:186} INFO - Started process (PID=2413) to work on /home/airflow/.local/lib/python3.10/site-packages/airflow/example_dags/example_branch_python_dop_operator_3.py
[2025-01-29T15:12:46.999+0000] {processor.py:914} INFO - Processing file /home/airflow/.local/lib/python3.10/site-packages/airflow/example_dags/example_branch_python_dop_operator_3.py for tasks to queue
[2025-01-29T15:12:47.002+0000] {logging_mixin.py:190} INFO - [2025-01-29T15:12:47.002+0000] {dagbag.py:588} INFO - Filling up the DagBag from /home/airflow/.local/lib/python3.10/site-packages/airflow/example_dags/example_branch_python_dop_operator_3.py
[2025-01-29T15:12:47.010+0000] {processor.py:925} INFO - DAG(s) 'example_branch_dop_operator_v3' retrieved from /home/airflow/.local/lib/python3.10/site-packages/airflow/example_dags/example_branch_python_dop_operator_3.py
[2025-01-29T15:12:47.026+0000] {logging_mixin.py:190} INFO - [2025-01-29T15:12:47.026+0000] {dag.py:3239} INFO - Sync 1 DAGs
[2025-01-29T15:12:47.049+0000] {logging_mixin.py:190} INFO - [2025-01-29T15:12:47.049+0000] {dag.py:4180} INFO - Setting next_dagrun for example_branch_dop_operator_v3 to 2025-01-29T15:11:00+00:00, run_after=2025-01-29T15:12:00+00:00
[2025-01-29T15:12:47.070+0000] {processor.py:208} INFO - Processing /home/airflow/.local/lib/python3.10/site-packages/airflow/example_dags/example_branch_python_dop_operator_3.py took 0.076 seconds
[2025-01-29T15:13:17.136+0000] {processor.py:186} INFO - Started process (PID=2479) to work on /home/airflow/.local/lib/python3.10/site-packages/airflow/example_dags/example_branch_python_dop_operator_3.py
[2025-01-29T15:13:17.136+0000] {processor.py:914} INFO - Processing file /home/airflow/.local/lib/python3.10/site-packages/airflow/example_dags/example_branch_python_dop_operator_3.py for tasks to queue
[2025-01-29T15:13:17.139+0000] {logging_mixin.py:190} INFO - [2025-01-29T15:13:17.138+0000] {dagbag.py:588} INFO - Filling up the DagBag from /home/airflow/.local/lib/python3.10/site-packages/airflow/example_dags/example_branch_python_dop_operator_3.py
[2025-01-29T15:13:17.147+0000] {processor.py:925} INFO - DAG(s) 'example_branch_dop_operator_v3' retrieved from /home/airflow/.local/lib/python3.10/site-packages/airflow/example_dags/example_branch_python_dop_operator_3.py
[2025-01-29T15:13:17.164+0000] {logging_mixin.py:190} INFO - [2025-01-29T15:13:17.163+0000] {dag.py:3239} INFO - Sync 1 DAGs
[2025-01-29T15:13:17.186+0000] {logging_mixin.py:190} INFO - [2025-01-29T15:13:17.186+0000] {dag.py:4180} INFO - Setting next_dagrun for example_branch_dop_operator_v3 to 2025-01-29T15:12:00+00:00, run_after=2025-01-29T15:13:00+00:00
[2025-01-29T15:13:17.206+0000] {processor.py:208} INFO - Processing /home/airflow/.local/lib/python3.10/site-packages/airflow/example_dags/example_branch_python_dop_operator_3.py took 0.076 seconds
[2025-01-29T15:13:47.332+0000] {processor.py:186} INFO - Started process (PID=2545) to work on /home/airflow/.local/lib/python3.10/site-packages/airflow/example_dags/example_branch_python_dop_operator_3.py
[2025-01-29T15:13:47.333+0000] {processor.py:914} INFO - Processing file /home/airflow/.local/lib/python3.10/site-packages/airflow/example_dags/example_branch_python_dop_operator_3.py for tasks to queue
[2025-01-29T15:13:47.335+0000] {logging_mixin.py:190} INFO - [2025-01-29T15:13:47.335+0000] {dagbag.py:588} INFO - Filling up the DagBag from /home/airflow/.local/lib/python3.10/site-packages/airflow/example_dags/example_branch_python_dop_operator_3.py
[2025-01-29T15:13:47.344+0000] {processor.py:925} INFO - DAG(s) 'example_branch_dop_operator_v3' retrieved from /home/airflow/.local/lib/python3.10/site-packages/airflow/example_dags/example_branch_python_dop_operator_3.py
[2025-01-29T15:13:47.360+0000] {logging_mixin.py:190} INFO - [2025-01-29T15:13:47.360+0000] {dag.py:3239} INFO - Sync 1 DAGs
[2025-01-29T15:13:47.382+0000] {logging_mixin.py:190} INFO - [2025-01-29T15:13:47.382+0000] {dag.py:4180} INFO - Setting next_dagrun for example_branch_dop_operator_v3 to 2025-01-29T15:12:00+00:00, run_after=2025-01-29T15:13:00+00:00
[2025-01-29T15:13:47.403+0000] {processor.py:208} INFO - Processing /home/airflow/.local/lib/python3.10/site-packages/airflow/example_dags/example_branch_python_dop_operator_3.py took 0.076 seconds
[2025-01-29T15:14:17.608+0000] {processor.py:186} INFO - Started process (PID=2611) to work on /home/airflow/.local/lib/python3.10/site-packages/airflow/example_dags/example_branch_python_dop_operator_3.py
[2025-01-29T15:14:17.609+0000] {processor.py:914} INFO - Processing file /home/airflow/.local/lib/python3.10/site-packages/airflow/example_dags/example_branch_python_dop_operator_3.py for tasks to queue
[2025-01-29T15:14:17.611+0000] {logging_mixin.py:190} INFO - [2025-01-29T15:14:17.611+0000] {dagbag.py:588} INFO - Filling up the DagBag from /home/airflow/.local/lib/python3.10/site-packages/airflow/example_dags/example_branch_python_dop_operator_3.py
[2025-01-29T15:14:17.620+0000] {processor.py:925} INFO - DAG(s) 'example_branch_dop_operator_v3' retrieved from /home/airflow/.local/lib/python3.10/site-packages/airflow/example_dags/example_branch_python_dop_operator_3.py
[2025-01-29T15:14:17.636+0000] {logging_mixin.py:190} INFO - [2025-01-29T15:14:17.636+0000] {dag.py:3239} INFO - Sync 1 DAGs
[2025-01-29T15:14:17.660+0000] {logging_mixin.py:190} INFO - [2025-01-29T15:14:17.660+0000] {dag.py:4180} INFO - Setting next_dagrun for example_branch_dop_operator_v3 to 2025-01-29T15:13:00+00:00, run_after=2025-01-29T15:14:00+00:00
[2025-01-29T15:14:17.675+0000] {processor.py:208} INFO - Processing /home/airflow/.local/lib/python3.10/site-packages/airflow/example_dags/example_branch_python_dop_operator_3.py took 0.072 seconds
[2025-01-29T15:14:47.804+0000] {processor.py:186} INFO - Started process (PID=2677) to work on /home/airflow/.local/lib/python3.10/site-packages/airflow/example_dags/example_branch_python_dop_operator_3.py
[2025-01-29T15:14:47.805+0000] {processor.py:914} INFO - Processing file /home/airflow/.local/lib/python3.10/site-packages/airflow/example_dags/example_branch_python_dop_operator_3.py for tasks to queue
[2025-01-29T15:14:47.808+0000] {logging_mixin.py:190} INFO - [2025-01-29T15:14:47.807+0000] {dagbag.py:588} INFO - Filling up the DagBag from /home/airflow/.local/lib/python3.10/site-packages/airflow/example_dags/example_branch_python_dop_operator_3.py
[2025-01-29T15:14:47.816+0000] {processor.py:925} INFO - DAG(s) 'example_branch_dop_operator_v3' retrieved from /home/airflow/.local/lib/python3.10/site-packages/airflow/example_dags/example_branch_python_dop_operator_3.py
[2025-01-29T15:14:47.833+0000] {logging_mixin.py:190} INFO - [2025-01-29T15:14:47.833+0000] {dag.py:3239} INFO - Sync 1 DAGs
[2025-01-29T15:14:47.856+0000] {logging_mixin.py:190} INFO - [2025-01-29T15:14:47.856+0000] {dag.py:4180} INFO - Setting next_dagrun for example_branch_dop_operator_v3 to 2025-01-29T15:13:00+00:00, run_after=2025-01-29T15:14:00+00:00
[2025-01-29T15:14:47.870+0000] {processor.py:208} INFO - Processing /home/airflow/.local/lib/python3.10/site-packages/airflow/example_dags/example_branch_python_dop_operator_3.py took 0.072 seconds
[2025-01-29T15:15:18.214+0000] {processor.py:186} INFO - Started process (PID=2743) to work on /home/airflow/.local/lib/python3.10/site-packages/airflow/example_dags/example_branch_python_dop_operator_3.py
[2025-01-29T15:15:18.215+0000] {processor.py:914} INFO - Processing file /home/airflow/.local/lib/python3.10/site-packages/airflow/example_dags/example_branch_python_dop_operator_3.py for tasks to queue
[2025-01-29T15:15:18.217+0000] {logging_mixin.py:190} INFO - [2025-01-29T15:15:18.217+0000] {dagbag.py:588} INFO - Filling up the DagBag from /home/airflow/.local/lib/python3.10/site-packages/airflow/example_dags/example_branch_python_dop_operator_3.py
[2025-01-29T15:15:18.226+0000] {processor.py:925} INFO - DAG(s) 'example_branch_dop_operator_v3' retrieved from /home/airflow/.local/lib/python3.10/site-packages/airflow/example_dags/example_branch_python_dop_operator_3.py
[2025-01-29T15:15:18.242+0000] {logging_mixin.py:190} INFO - [2025-01-29T15:15:18.242+0000] {dag.py:3239} INFO - Sync 1 DAGs
[2025-01-29T15:15:18.264+0000] {logging_mixin.py:190} INFO - [2025-01-29T15:15:18.263+0000] {dag.py:4180} INFO - Setting next_dagrun for example_branch_dop_operator_v3 to 2025-01-29T15:14:00+00:00, run_after=2025-01-29T15:15:00+00:00
[2025-01-29T15:15:18.279+0000] {processor.py:208} INFO - Processing /home/airflow/.local/lib/python3.10/site-packages/airflow/example_dags/example_branch_python_dop_operator_3.py took 0.069 seconds
[2025-01-29T15:15:49.018+0000] {processor.py:186} INFO - Started process (PID=2809) to work on /home/airflow/.local/lib/python3.10/site-packages/airflow/example_dags/example_branch_python_dop_operator_3.py
[2025-01-29T15:15:49.019+0000] {processor.py:914} INFO - Processing file /home/airflow/.local/lib/python3.10/site-packages/airflow/example_dags/example_branch_python_dop_operator_3.py for tasks to queue
[2025-01-29T15:15:49.021+0000] {logging_mixin.py:190} INFO - [2025-01-29T15:15:49.021+0000] {dagbag.py:588} INFO - Filling up the DagBag from /home/airflow/.local/lib/python3.10/site-packages/airflow/example_dags/example_branch_python_dop_operator_3.py
[2025-01-29T15:15:49.030+0000] {processor.py:925} INFO - DAG(s) 'example_branch_dop_operator_v3' retrieved from /home/airflow/.local/lib/python3.10/site-packages/airflow/example_dags/example_branch_python_dop_operator_3.py
[2025-01-29T15:15:49.045+0000] {logging_mixin.py:190} INFO - [2025-01-29T15:15:49.045+0000] {dag.py:3239} INFO - Sync 1 DAGs
[2025-01-29T15:15:49.067+0000] {logging_mixin.py:190} INFO - [2025-01-29T15:15:49.067+0000] {dag.py:4180} INFO - Setting next_dagrun for example_branch_dop_operator_v3 to 2025-01-29T15:14:00+00:00, run_after=2025-01-29T15:15:00+00:00
[2025-01-29T15:15:49.082+0000] {processor.py:208} INFO - Processing /home/airflow/.local/lib/python3.10/site-packages/airflow/example_dags/example_branch_python_dop_operator_3.py took 0.070 seconds
[2025-01-29T15:16:19.323+0000] {processor.py:186} INFO - Started process (PID=2875) to work on /home/airflow/.local/lib/python3.10/site-packages/airflow/example_dags/example_branch_python_dop_operator_3.py
[2025-01-29T15:16:19.323+0000] {processor.py:914} INFO - Processing file /home/airflow/.local/lib/python3.10/site-packages/airflow/example_dags/example_branch_python_dop_operator_3.py for tasks to queue
[2025-01-29T15:16:19.327+0000] {logging_mixin.py:190} INFO - [2025-01-29T15:16:19.326+0000] {dagbag.py:588} INFO - Filling up the DagBag from /home/airflow/.local/lib/python3.10/site-packages/airflow/example_dags/example_branch_python_dop_operator_3.py
[2025-01-29T15:16:19.337+0000] {processor.py:925} INFO - DAG(s) 'example_branch_dop_operator_v3' retrieved from /home/airflow/.local/lib/python3.10/site-packages/airflow/example_dags/example_branch_python_dop_operator_3.py
[2025-01-29T15:16:19.355+0000] {logging_mixin.py:190} INFO - [2025-01-29T15:16:19.355+0000] {dag.py:3239} INFO - Sync 1 DAGs
[2025-01-29T15:16:19.382+0000] {logging_mixin.py:190} INFO - [2025-01-29T15:16:19.382+0000] {dag.py:4180} INFO - Setting next_dagrun for example_branch_dop_operator_v3 to 2025-01-29T15:15:00+00:00, run_after=2025-01-29T15:16:00+00:00
[2025-01-29T15:16:19.398+0000] {processor.py:208} INFO - Processing /home/airflow/.local/lib/python3.10/site-packages/airflow/example_dags/example_branch_python_dop_operator_3.py took 0.081 seconds
[2025-01-29T15:16:49.485+0000] {processor.py:186} INFO - Started process (PID=2941) to work on /home/airflow/.local/lib/python3.10/site-packages/airflow/example_dags/example_branch_python_dop_operator_3.py
[2025-01-29T15:16:49.486+0000] {processor.py:914} INFO - Processing file /home/airflow/.local/lib/python3.10/site-packages/airflow/example_dags/example_branch_python_dop_operator_3.py for tasks to queue
[2025-01-29T15:16:49.489+0000] {logging_mixin.py:190} INFO - [2025-01-29T15:16:49.489+0000] {dagbag.py:588} INFO - Filling up the DagBag from /home/airflow/.local/lib/python3.10/site-packages/airflow/example_dags/example_branch_python_dop_operator_3.py
[2025-01-29T15:16:49.499+0000] {processor.py:925} INFO - DAG(s) 'example_branch_dop_operator_v3' retrieved from /home/airflow/.local/lib/python3.10/site-packages/airflow/example_dags/example_branch_python_dop_operator_3.py
[2025-01-29T15:16:49.514+0000] {logging_mixin.py:190} INFO - [2025-01-29T15:16:49.514+0000] {dag.py:3239} INFO - Sync 1 DAGs
[2025-01-29T15:16:49.537+0000] {logging_mixin.py:190} INFO - [2025-01-29T15:16:49.537+0000] {dag.py:4180} INFO - Setting next_dagrun for example_branch_dop_operator_v3 to 2025-01-29T15:15:00+00:00, run_after=2025-01-29T15:16:00+00:00
[2025-01-29T15:16:49.558+0000] {processor.py:208} INFO - Processing /home/airflow/.local/lib/python3.10/site-packages/airflow/example_dags/example_branch_python_dop_operator_3.py took 0.077 seconds
[2025-01-29T15:17:19.776+0000] {processor.py:186} INFO - Started process (PID=3007) to work on /home/airflow/.local/lib/python3.10/site-packages/airflow/example_dags/example_branch_python_dop_operator_3.py
[2025-01-29T15:17:19.777+0000] {processor.py:914} INFO - Processing file /home/airflow/.local/lib/python3.10/site-packages/airflow/example_dags/example_branch_python_dop_operator_3.py for tasks to queue
[2025-01-29T15:17:19.780+0000] {logging_mixin.py:190} INFO - [2025-01-29T15:17:19.779+0000] {dagbag.py:588} INFO - Filling up the DagBag from /home/airflow/.local/lib/python3.10/site-packages/airflow/example_dags/example_branch_python_dop_operator_3.py
[2025-01-29T15:17:19.788+0000] {processor.py:925} INFO - DAG(s) 'example_branch_dop_operator_v3' retrieved from /home/airflow/.local/lib/python3.10/site-packages/airflow/example_dags/example_branch_python_dop_operator_3.py
[2025-01-29T15:17:19.804+0000] {logging_mixin.py:190} INFO - [2025-01-29T15:17:19.804+0000] {dag.py:3239} INFO - Sync 1 DAGs
[2025-01-29T15:17:19.827+0000] {logging_mixin.py:190} INFO - [2025-01-29T15:17:19.827+0000] {dag.py:4180} INFO - Setting next_dagrun for example_branch_dop_operator_v3 to 2025-01-29T15:16:00+00:00, run_after=2025-01-29T15:17:00+00:00
[2025-01-29T15:17:19.842+0000] {processor.py:208} INFO - Processing /home/airflow/.local/lib/python3.10/site-packages/airflow/example_dags/example_branch_python_dop_operator_3.py took 0.071 seconds
[2025-01-29T15:17:49.993+0000] {processor.py:186} INFO - Started process (PID=3073) to work on /home/airflow/.local/lib/python3.10/site-packages/airflow/example_dags/example_branch_python_dop_operator_3.py
[2025-01-29T15:17:49.994+0000] {processor.py:914} INFO - Processing file /home/airflow/.local/lib/python3.10/site-packages/airflow/example_dags/example_branch_python_dop_operator_3.py for tasks to queue
[2025-01-29T15:17:49.996+0000] {logging_mixin.py:190} INFO - [2025-01-29T15:17:49.996+0000] {dagbag.py:588} INFO - Filling up the DagBag from /home/airflow/.local/lib/python3.10/site-packages/airflow/example_dags/example_branch_python_dop_operator_3.py
[2025-01-29T15:17:50.005+0000] {processor.py:925} INFO - DAG(s) 'example_branch_dop_operator_v3' retrieved from /home/airflow/.local/lib/python3.10/site-packages/airflow/example_dags/example_branch_python_dop_operator_3.py
[2025-01-29T15:17:50.021+0000] {logging_mixin.py:190} INFO - [2025-01-29T15:17:50.021+0000] {dag.py:3239} INFO - Sync 1 DAGs
[2025-01-29T15:17:50.045+0000] {logging_mixin.py:190} INFO - [2025-01-29T15:17:50.044+0000] {dag.py:4180} INFO - Setting next_dagrun for example_branch_dop_operator_v3 to 2025-01-29T15:16:00+00:00, run_after=2025-01-29T15:17:00+00:00
[2025-01-29T15:17:50.066+0000] {processor.py:208} INFO - Processing /home/airflow/.local/lib/python3.10/site-packages/airflow/example_dags/example_branch_python_dop_operator_3.py took 0.077 seconds
[2025-01-29T15:18:20.306+0000] {processor.py:186} INFO - Started process (PID=3139) to work on /home/airflow/.local/lib/python3.10/site-packages/airflow/example_dags/example_branch_python_dop_operator_3.py
[2025-01-29T15:18:20.307+0000] {processor.py:914} INFO - Processing file /home/airflow/.local/lib/python3.10/site-packages/airflow/example_dags/example_branch_python_dop_operator_3.py for tasks to queue
[2025-01-29T15:18:20.311+0000] {logging_mixin.py:190} INFO - [2025-01-29T15:18:20.311+0000] {dagbag.py:588} INFO - Filling up the DagBag from /home/airflow/.local/lib/python3.10/site-packages/airflow/example_dags/example_branch_python_dop_operator_3.py
[2025-01-29T15:18:20.325+0000] {processor.py:925} INFO - DAG(s) 'example_branch_dop_operator_v3' retrieved from /home/airflow/.local/lib/python3.10/site-packages/airflow/example_dags/example_branch_python_dop_operator_3.py
[2025-01-29T15:18:20.366+0000] {logging_mixin.py:190} INFO - [2025-01-29T15:18:20.365+0000] {dag.py:3239} INFO - Sync 1 DAGs
[2025-01-29T15:18:20.414+0000] {logging_mixin.py:190} INFO - [2025-01-29T15:18:20.414+0000] {dag.py:4180} INFO - Setting next_dagrun for example_branch_dop_operator_v3 to 2025-01-29T15:17:00+00:00, run_after=2025-01-29T15:18:00+00:00
[2025-01-29T15:18:20.444+0000] {processor.py:208} INFO - Processing /home/airflow/.local/lib/python3.10/site-packages/airflow/example_dags/example_branch_python_dop_operator_3.py took 0.147 seconds
