[2025-01-29T14:54:59.221+0000] {processor.py:186} INFO - Started process (PID=109) to work on /home/airflow/.local/lib/python3.10/site-packages/airflow/example_dags/example_dynamic_task_mapping.py
[2025-01-29T14:54:59.222+0000] {processor.py:914} INFO - Processing file /home/airflow/.local/lib/python3.10/site-packages/airflow/example_dags/example_dynamic_task_mapping.py for tasks to queue
[2025-01-29T14:54:59.225+0000] {logging_mixin.py:190} INFO - [2025-01-29T14:54:59.225+0000] {dagbag.py:588} INFO - Filling up the DagBag from /home/airflow/.local/lib/python3.10/site-packages/airflow/example_dags/example_dynamic_task_mapping.py
[2025-01-29T14:54:59.234+0000] {processor.py:925} INFO - DAG(s) 'example_dynamic_task_mapping' retrieved from /home/airflow/.local/lib/python3.10/site-packages/airflow/example_dags/example_dynamic_task_mapping.py
[2025-01-29T14:54:59.252+0000] {logging_mixin.py:190} INFO - [2025-01-29T14:54:59.252+0000] {dag.py:3239} INFO - Sync 1 DAGs
[2025-01-29T14:54:59.265+0000] {logging_mixin.py:190} INFO - [2025-01-29T14:54:59.265+0000] {dag.py:4180} INFO - Setting next_dagrun for example_dynamic_task_mapping to None, run_after=None
[2025-01-29T14:54:59.282+0000] {processor.py:208} INFO - Processing /home/airflow/.local/lib/python3.10/site-packages/airflow/example_dags/example_dynamic_task_mapping.py took 0.067 seconds
[2025-01-29T14:55:30.298+0000] {processor.py:186} INFO - Started process (PID=175) to work on /home/airflow/.local/lib/python3.10/site-packages/airflow/example_dags/example_dynamic_task_mapping.py
[2025-01-29T14:55:30.299+0000] {processor.py:914} INFO - Processing file /home/airflow/.local/lib/python3.10/site-packages/airflow/example_dags/example_dynamic_task_mapping.py for tasks to queue
[2025-01-29T14:55:30.301+0000] {logging_mixin.py:190} INFO - [2025-01-29T14:55:30.301+0000] {dagbag.py:588} INFO - Filling up the DagBag from /home/airflow/.local/lib/python3.10/site-packages/airflow/example_dags/example_dynamic_task_mapping.py
[2025-01-29T14:55:30.309+0000] {processor.py:925} INFO - DAG(s) 'example_dynamic_task_mapping' retrieved from /home/airflow/.local/lib/python3.10/site-packages/airflow/example_dags/example_dynamic_task_mapping.py
[2025-01-29T14:55:30.331+0000] {logging_mixin.py:190} INFO - [2025-01-29T14:55:30.331+0000] {dag.py:3239} INFO - Sync 1 DAGs
[2025-01-29T14:55:30.347+0000] {logging_mixin.py:190} INFO - [2025-01-29T14:55:30.347+0000] {dag.py:4180} INFO - Setting next_dagrun for example_dynamic_task_mapping to None, run_after=None
[2025-01-29T14:55:30.365+0000] {processor.py:208} INFO - Processing /home/airflow/.local/lib/python3.10/site-packages/airflow/example_dags/example_dynamic_task_mapping.py took 0.073 seconds
[2025-01-29T14:56:00.463+0000] {processor.py:186} INFO - Started process (PID=241) to work on /home/airflow/.local/lib/python3.10/site-packages/airflow/example_dags/example_dynamic_task_mapping.py
[2025-01-29T14:56:00.464+0000] {processor.py:914} INFO - Processing file /home/airflow/.local/lib/python3.10/site-packages/airflow/example_dags/example_dynamic_task_mapping.py for tasks to queue
[2025-01-29T14:56:00.466+0000] {logging_mixin.py:190} INFO - [2025-01-29T14:56:00.466+0000] {dagbag.py:588} INFO - Filling up the DagBag from /home/airflow/.local/lib/python3.10/site-packages/airflow/example_dags/example_dynamic_task_mapping.py
[2025-01-29T14:56:00.475+0000] {processor.py:925} INFO - DAG(s) 'example_dynamic_task_mapping' retrieved from /home/airflow/.local/lib/python3.10/site-packages/airflow/example_dags/example_dynamic_task_mapping.py
[2025-01-29T14:56:00.495+0000] {logging_mixin.py:190} INFO - [2025-01-29T14:56:00.495+0000] {dag.py:3239} INFO - Sync 1 DAGs
[2025-01-29T14:56:00.509+0000] {logging_mixin.py:190} INFO - [2025-01-29T14:56:00.509+0000] {dag.py:4180} INFO - Setting next_dagrun for example_dynamic_task_mapping to None, run_after=None
[2025-01-29T14:56:00.524+0000] {processor.py:208} INFO - Processing /home/airflow/.local/lib/python3.10/site-packages/airflow/example_dags/example_dynamic_task_mapping.py took 0.068 seconds
[2025-01-29T14:56:30.718+0000] {processor.py:186} INFO - Started process (PID=307) to work on /home/airflow/.local/lib/python3.10/site-packages/airflow/example_dags/example_dynamic_task_mapping.py
[2025-01-29T14:56:30.719+0000] {processor.py:914} INFO - Processing file /home/airflow/.local/lib/python3.10/site-packages/airflow/example_dags/example_dynamic_task_mapping.py for tasks to queue
[2025-01-29T14:56:30.722+0000] {logging_mixin.py:190} INFO - [2025-01-29T14:56:30.721+0000] {dagbag.py:588} INFO - Filling up the DagBag from /home/airflow/.local/lib/python3.10/site-packages/airflow/example_dags/example_dynamic_task_mapping.py
[2025-01-29T14:56:30.730+0000] {processor.py:925} INFO - DAG(s) 'example_dynamic_task_mapping' retrieved from /home/airflow/.local/lib/python3.10/site-packages/airflow/example_dags/example_dynamic_task_mapping.py
[2025-01-29T14:56:30.748+0000] {logging_mixin.py:190} INFO - [2025-01-29T14:56:30.748+0000] {dag.py:3239} INFO - Sync 1 DAGs
[2025-01-29T14:56:30.761+0000] {logging_mixin.py:190} INFO - [2025-01-29T14:56:30.761+0000] {dag.py:4180} INFO - Setting next_dagrun for example_dynamic_task_mapping to None, run_after=None
[2025-01-29T14:56:30.776+0000] {processor.py:208} INFO - Processing /home/airflow/.local/lib/python3.10/site-packages/airflow/example_dags/example_dynamic_task_mapping.py took 0.063 seconds
[2025-01-29T14:57:01.062+0000] {processor.py:186} INFO - Started process (PID=373) to work on /home/airflow/.local/lib/python3.10/site-packages/airflow/example_dags/example_dynamic_task_mapping.py
[2025-01-29T14:57:01.062+0000] {processor.py:914} INFO - Processing file /home/airflow/.local/lib/python3.10/site-packages/airflow/example_dags/example_dynamic_task_mapping.py for tasks to queue
[2025-01-29T14:57:01.065+0000] {logging_mixin.py:190} INFO - [2025-01-29T14:57:01.065+0000] {dagbag.py:588} INFO - Filling up the DagBag from /home/airflow/.local/lib/python3.10/site-packages/airflow/example_dags/example_dynamic_task_mapping.py
[2025-01-29T14:57:01.072+0000] {processor.py:925} INFO - DAG(s) 'example_dynamic_task_mapping' retrieved from /home/airflow/.local/lib/python3.10/site-packages/airflow/example_dags/example_dynamic_task_mapping.py
[2025-01-29T14:57:01.089+0000] {logging_mixin.py:190} INFO - [2025-01-29T14:57:01.089+0000] {dag.py:3239} INFO - Sync 1 DAGs
[2025-01-29T14:57:01.103+0000] {logging_mixin.py:190} INFO - [2025-01-29T14:57:01.102+0000] {dag.py:4180} INFO - Setting next_dagrun for example_dynamic_task_mapping to None, run_after=None
[2025-01-29T14:57:01.121+0000] {processor.py:208} INFO - Processing /home/airflow/.local/lib/python3.10/site-packages/airflow/example_dags/example_dynamic_task_mapping.py took 0.065 seconds
[2025-01-29T14:57:31.358+0000] {processor.py:186} INFO - Started process (PID=439) to work on /home/airflow/.local/lib/python3.10/site-packages/airflow/example_dags/example_dynamic_task_mapping.py
[2025-01-29T14:57:31.359+0000] {processor.py:914} INFO - Processing file /home/airflow/.local/lib/python3.10/site-packages/airflow/example_dags/example_dynamic_task_mapping.py for tasks to queue
[2025-01-29T14:57:31.361+0000] {logging_mixin.py:190} INFO - [2025-01-29T14:57:31.361+0000] {dagbag.py:588} INFO - Filling up the DagBag from /home/airflow/.local/lib/python3.10/site-packages/airflow/example_dags/example_dynamic_task_mapping.py
[2025-01-29T14:57:31.368+0000] {processor.py:925} INFO - DAG(s) 'example_dynamic_task_mapping' retrieved from /home/airflow/.local/lib/python3.10/site-packages/airflow/example_dags/example_dynamic_task_mapping.py
[2025-01-29T14:57:31.385+0000] {logging_mixin.py:190} INFO - [2025-01-29T14:57:31.384+0000] {dag.py:3239} INFO - Sync 1 DAGs
[2025-01-29T14:57:31.397+0000] {logging_mixin.py:190} INFO - [2025-01-29T14:57:31.397+0000] {dag.py:4180} INFO - Setting next_dagrun for example_dynamic_task_mapping to None, run_after=None
[2025-01-29T14:57:31.412+0000] {processor.py:208} INFO - Processing /home/airflow/.local/lib/python3.10/site-packages/airflow/example_dags/example_dynamic_task_mapping.py took 0.059 seconds
[2025-01-29T14:58:01.812+0000] {processor.py:186} INFO - Started process (PID=505) to work on /home/airflow/.local/lib/python3.10/site-packages/airflow/example_dags/example_dynamic_task_mapping.py
[2025-01-29T14:58:01.813+0000] {processor.py:914} INFO - Processing file /home/airflow/.local/lib/python3.10/site-packages/airflow/example_dags/example_dynamic_task_mapping.py for tasks to queue
[2025-01-29T14:58:01.816+0000] {logging_mixin.py:190} INFO - [2025-01-29T14:58:01.815+0000] {dagbag.py:588} INFO - Filling up the DagBag from /home/airflow/.local/lib/python3.10/site-packages/airflow/example_dags/example_dynamic_task_mapping.py
[2025-01-29T14:58:01.823+0000] {processor.py:925} INFO - DAG(s) 'example_dynamic_task_mapping' retrieved from /home/airflow/.local/lib/python3.10/site-packages/airflow/example_dags/example_dynamic_task_mapping.py
[2025-01-29T14:58:01.841+0000] {logging_mixin.py:190} INFO - [2025-01-29T14:58:01.840+0000] {dag.py:3239} INFO - Sync 1 DAGs
[2025-01-29T14:58:01.854+0000] {logging_mixin.py:190} INFO - [2025-01-29T14:58:01.853+0000] {dag.py:4180} INFO - Setting next_dagrun for example_dynamic_task_mapping to None, run_after=None
[2025-01-29T14:58:01.869+0000] {processor.py:208} INFO - Processing /home/airflow/.local/lib/python3.10/site-packages/airflow/example_dags/example_dynamic_task_mapping.py took 0.064 seconds
[2025-01-29T14:58:32.402+0000] {processor.py:186} INFO - Started process (PID=571) to work on /home/airflow/.local/lib/python3.10/site-packages/airflow/example_dags/example_dynamic_task_mapping.py
[2025-01-29T14:58:32.403+0000] {processor.py:914} INFO - Processing file /home/airflow/.local/lib/python3.10/site-packages/airflow/example_dags/example_dynamic_task_mapping.py for tasks to queue
[2025-01-29T14:58:32.405+0000] {logging_mixin.py:190} INFO - [2025-01-29T14:58:32.405+0000] {dagbag.py:588} INFO - Filling up the DagBag from /home/airflow/.local/lib/python3.10/site-packages/airflow/example_dags/example_dynamic_task_mapping.py
[2025-01-29T14:58:32.412+0000] {processor.py:925} INFO - DAG(s) 'example_dynamic_task_mapping' retrieved from /home/airflow/.local/lib/python3.10/site-packages/airflow/example_dags/example_dynamic_task_mapping.py
[2025-01-29T14:58:32.428+0000] {logging_mixin.py:190} INFO - [2025-01-29T14:58:32.428+0000] {dag.py:3239} INFO - Sync 1 DAGs
[2025-01-29T14:58:32.441+0000] {logging_mixin.py:190} INFO - [2025-01-29T14:58:32.440+0000] {dag.py:4180} INFO - Setting next_dagrun for example_dynamic_task_mapping to None, run_after=None
[2025-01-29T14:58:32.455+0000] {processor.py:208} INFO - Processing /home/airflow/.local/lib/python3.10/site-packages/airflow/example_dags/example_dynamic_task_mapping.py took 0.059 seconds
[2025-01-29T14:59:02.629+0000] {processor.py:186} INFO - Started process (PID=637) to work on /home/airflow/.local/lib/python3.10/site-packages/airflow/example_dags/example_dynamic_task_mapping.py
[2025-01-29T14:59:02.631+0000] {processor.py:914} INFO - Processing file /home/airflow/.local/lib/python3.10/site-packages/airflow/example_dags/example_dynamic_task_mapping.py for tasks to queue
[2025-01-29T14:59:02.633+0000] {logging_mixin.py:190} INFO - [2025-01-29T14:59:02.633+0000] {dagbag.py:588} INFO - Filling up the DagBag from /home/airflow/.local/lib/python3.10/site-packages/airflow/example_dags/example_dynamic_task_mapping.py
[2025-01-29T14:59:02.641+0000] {processor.py:925} INFO - DAG(s) 'example_dynamic_task_mapping' retrieved from /home/airflow/.local/lib/python3.10/site-packages/airflow/example_dags/example_dynamic_task_mapping.py
[2025-01-29T14:59:02.657+0000] {logging_mixin.py:190} INFO - [2025-01-29T14:59:02.657+0000] {dag.py:3239} INFO - Sync 1 DAGs
[2025-01-29T14:59:02.670+0000] {logging_mixin.py:190} INFO - [2025-01-29T14:59:02.670+0000] {dag.py:4180} INFO - Setting next_dagrun for example_dynamic_task_mapping to None, run_after=None
[2025-01-29T14:59:02.685+0000] {processor.py:208} INFO - Processing /home/airflow/.local/lib/python3.10/site-packages/airflow/example_dags/example_dynamic_task_mapping.py took 0.062 seconds
[2025-01-29T14:59:32.848+0000] {processor.py:186} INFO - Started process (PID=703) to work on /home/airflow/.local/lib/python3.10/site-packages/airflow/example_dags/example_dynamic_task_mapping.py
[2025-01-29T14:59:32.849+0000] {processor.py:914} INFO - Processing file /home/airflow/.local/lib/python3.10/site-packages/airflow/example_dags/example_dynamic_task_mapping.py for tasks to queue
[2025-01-29T14:59:32.851+0000] {logging_mixin.py:190} INFO - [2025-01-29T14:59:32.851+0000] {dagbag.py:588} INFO - Filling up the DagBag from /home/airflow/.local/lib/python3.10/site-packages/airflow/example_dags/example_dynamic_task_mapping.py
[2025-01-29T14:59:32.858+0000] {processor.py:925} INFO - DAG(s) 'example_dynamic_task_mapping' retrieved from /home/airflow/.local/lib/python3.10/site-packages/airflow/example_dags/example_dynamic_task_mapping.py
[2025-01-29T14:59:32.874+0000] {logging_mixin.py:190} INFO - [2025-01-29T14:59:32.874+0000] {dag.py:3239} INFO - Sync 1 DAGs
[2025-01-29T14:59:32.886+0000] {logging_mixin.py:190} INFO - [2025-01-29T14:59:32.886+0000] {dag.py:4180} INFO - Setting next_dagrun for example_dynamic_task_mapping to None, run_after=None
[2025-01-29T14:59:32.900+0000] {processor.py:208} INFO - Processing /home/airflow/.local/lib/python3.10/site-packages/airflow/example_dags/example_dynamic_task_mapping.py took 0.058 seconds
[2025-01-29T15:00:03.184+0000] {processor.py:186} INFO - Started process (PID=769) to work on /home/airflow/.local/lib/python3.10/site-packages/airflow/example_dags/example_dynamic_task_mapping.py
[2025-01-29T15:00:03.185+0000] {processor.py:914} INFO - Processing file /home/airflow/.local/lib/python3.10/site-packages/airflow/example_dags/example_dynamic_task_mapping.py for tasks to queue
[2025-01-29T15:00:03.187+0000] {logging_mixin.py:190} INFO - [2025-01-29T15:00:03.187+0000] {dagbag.py:588} INFO - Filling up the DagBag from /home/airflow/.local/lib/python3.10/site-packages/airflow/example_dags/example_dynamic_task_mapping.py
[2025-01-29T15:00:03.195+0000] {processor.py:925} INFO - DAG(s) 'example_dynamic_task_mapping' retrieved from /home/airflow/.local/lib/python3.10/site-packages/airflow/example_dags/example_dynamic_task_mapping.py
[2025-01-29T15:00:03.212+0000] {logging_mixin.py:190} INFO - [2025-01-29T15:00:03.212+0000] {dag.py:3239} INFO - Sync 1 DAGs
[2025-01-29T15:00:03.224+0000] {logging_mixin.py:190} INFO - [2025-01-29T15:00:03.224+0000] {dag.py:4180} INFO - Setting next_dagrun for example_dynamic_task_mapping to None, run_after=None
[2025-01-29T15:00:03.239+0000] {processor.py:208} INFO - Processing /home/airflow/.local/lib/python3.10/site-packages/airflow/example_dags/example_dynamic_task_mapping.py took 0.059 seconds
[2025-01-29T15:00:34.237+0000] {processor.py:186} INFO - Started process (PID=835) to work on /home/airflow/.local/lib/python3.10/site-packages/airflow/example_dags/example_dynamic_task_mapping.py
[2025-01-29T15:00:34.238+0000] {processor.py:914} INFO - Processing file /home/airflow/.local/lib/python3.10/site-packages/airflow/example_dags/example_dynamic_task_mapping.py for tasks to queue
[2025-01-29T15:00:34.240+0000] {logging_mixin.py:190} INFO - [2025-01-29T15:00:34.240+0000] {dagbag.py:588} INFO - Filling up the DagBag from /home/airflow/.local/lib/python3.10/site-packages/airflow/example_dags/example_dynamic_task_mapping.py
[2025-01-29T15:00:34.247+0000] {processor.py:925} INFO - DAG(s) 'example_dynamic_task_mapping' retrieved from /home/airflow/.local/lib/python3.10/site-packages/airflow/example_dags/example_dynamic_task_mapping.py
[2025-01-29T15:00:34.264+0000] {logging_mixin.py:190} INFO - [2025-01-29T15:00:34.264+0000] {dag.py:3239} INFO - Sync 1 DAGs
[2025-01-29T15:00:34.277+0000] {logging_mixin.py:190} INFO - [2025-01-29T15:00:34.276+0000] {dag.py:4180} INFO - Setting next_dagrun for example_dynamic_task_mapping to None, run_after=None
[2025-01-29T15:00:34.290+0000] {processor.py:208} INFO - Processing /home/airflow/.local/lib/python3.10/site-packages/airflow/example_dags/example_dynamic_task_mapping.py took 0.059 seconds
[2025-01-29T15:01:04.366+0000] {processor.py:186} INFO - Started process (PID=901) to work on /home/airflow/.local/lib/python3.10/site-packages/airflow/example_dags/example_dynamic_task_mapping.py
[2025-01-29T15:01:04.367+0000] {processor.py:914} INFO - Processing file /home/airflow/.local/lib/python3.10/site-packages/airflow/example_dags/example_dynamic_task_mapping.py for tasks to queue
[2025-01-29T15:01:04.369+0000] {logging_mixin.py:190} INFO - [2025-01-29T15:01:04.369+0000] {dagbag.py:588} INFO - Filling up the DagBag from /home/airflow/.local/lib/python3.10/site-packages/airflow/example_dags/example_dynamic_task_mapping.py
[2025-01-29T15:01:04.376+0000] {processor.py:925} INFO - DAG(s) 'example_dynamic_task_mapping' retrieved from /home/airflow/.local/lib/python3.10/site-packages/airflow/example_dags/example_dynamic_task_mapping.py
[2025-01-29T15:01:04.393+0000] {logging_mixin.py:190} INFO - [2025-01-29T15:01:04.393+0000] {dag.py:3239} INFO - Sync 1 DAGs
[2025-01-29T15:01:04.405+0000] {logging_mixin.py:190} INFO - [2025-01-29T15:01:04.405+0000] {dag.py:4180} INFO - Setting next_dagrun for example_dynamic_task_mapping to None, run_after=None
[2025-01-29T15:01:04.419+0000] {processor.py:208} INFO - Processing /home/airflow/.local/lib/python3.10/site-packages/airflow/example_dags/example_dynamic_task_mapping.py took 0.059 seconds
[2025-01-29T15:01:34.479+0000] {processor.py:186} INFO - Started process (PID=967) to work on /home/airflow/.local/lib/python3.10/site-packages/airflow/example_dags/example_dynamic_task_mapping.py
[2025-01-29T15:01:34.480+0000] {processor.py:914} INFO - Processing file /home/airflow/.local/lib/python3.10/site-packages/airflow/example_dags/example_dynamic_task_mapping.py for tasks to queue
[2025-01-29T15:01:34.482+0000] {logging_mixin.py:190} INFO - [2025-01-29T15:01:34.482+0000] {dagbag.py:588} INFO - Filling up the DagBag from /home/airflow/.local/lib/python3.10/site-packages/airflow/example_dags/example_dynamic_task_mapping.py
[2025-01-29T15:01:34.490+0000] {processor.py:925} INFO - DAG(s) 'example_dynamic_task_mapping' retrieved from /home/airflow/.local/lib/python3.10/site-packages/airflow/example_dags/example_dynamic_task_mapping.py
[2025-01-29T15:01:34.507+0000] {logging_mixin.py:190} INFO - [2025-01-29T15:01:34.506+0000] {dag.py:3239} INFO - Sync 1 DAGs
[2025-01-29T15:01:34.519+0000] {logging_mixin.py:190} INFO - [2025-01-29T15:01:34.519+0000] {dag.py:4180} INFO - Setting next_dagrun for example_dynamic_task_mapping to None, run_after=None
[2025-01-29T15:01:34.534+0000] {processor.py:208} INFO - Processing /home/airflow/.local/lib/python3.10/site-packages/airflow/example_dags/example_dynamic_task_mapping.py took 0.060 seconds
[2025-01-29T15:02:05.007+0000] {processor.py:186} INFO - Started process (PID=1033) to work on /home/airflow/.local/lib/python3.10/site-packages/airflow/example_dags/example_dynamic_task_mapping.py
[2025-01-29T15:02:05.008+0000] {processor.py:914} INFO - Processing file /home/airflow/.local/lib/python3.10/site-packages/airflow/example_dags/example_dynamic_task_mapping.py for tasks to queue
[2025-01-29T15:02:05.010+0000] {logging_mixin.py:190} INFO - [2025-01-29T15:02:05.010+0000] {dagbag.py:588} INFO - Filling up the DagBag from /home/airflow/.local/lib/python3.10/site-packages/airflow/example_dags/example_dynamic_task_mapping.py
[2025-01-29T15:02:05.018+0000] {processor.py:925} INFO - DAG(s) 'example_dynamic_task_mapping' retrieved from /home/airflow/.local/lib/python3.10/site-packages/airflow/example_dags/example_dynamic_task_mapping.py
[2025-01-29T15:02:05.036+0000] {logging_mixin.py:190} INFO - [2025-01-29T15:02:05.036+0000] {dag.py:3239} INFO - Sync 1 DAGs
[2025-01-29T15:02:05.050+0000] {logging_mixin.py:190} INFO - [2025-01-29T15:02:05.050+0000] {dag.py:4180} INFO - Setting next_dagrun for example_dynamic_task_mapping to None, run_after=None
[2025-01-29T15:02:05.069+0000] {processor.py:208} INFO - Processing /home/airflow/.local/lib/python3.10/site-packages/airflow/example_dags/example_dynamic_task_mapping.py took 0.067 seconds
[2025-01-29T15:02:35.131+0000] {processor.py:186} INFO - Started process (PID=1099) to work on /home/airflow/.local/lib/python3.10/site-packages/airflow/example_dags/example_dynamic_task_mapping.py
[2025-01-29T15:02:35.132+0000] {processor.py:914} INFO - Processing file /home/airflow/.local/lib/python3.10/site-packages/airflow/example_dags/example_dynamic_task_mapping.py for tasks to queue
[2025-01-29T15:02:35.134+0000] {logging_mixin.py:190} INFO - [2025-01-29T15:02:35.134+0000] {dagbag.py:588} INFO - Filling up the DagBag from /home/airflow/.local/lib/python3.10/site-packages/airflow/example_dags/example_dynamic_task_mapping.py
[2025-01-29T15:02:35.141+0000] {processor.py:925} INFO - DAG(s) 'example_dynamic_task_mapping' retrieved from /home/airflow/.local/lib/python3.10/site-packages/airflow/example_dags/example_dynamic_task_mapping.py
[2025-01-29T15:02:35.159+0000] {logging_mixin.py:190} INFO - [2025-01-29T15:02:35.159+0000] {dag.py:3239} INFO - Sync 1 DAGs
[2025-01-29T15:02:35.172+0000] {logging_mixin.py:190} INFO - [2025-01-29T15:02:35.171+0000] {dag.py:4180} INFO - Setting next_dagrun for example_dynamic_task_mapping to None, run_after=None
[2025-01-29T15:02:35.186+0000] {processor.py:208} INFO - Processing /home/airflow/.local/lib/python3.10/site-packages/airflow/example_dags/example_dynamic_task_mapping.py took 0.061 seconds
[2025-01-29T15:03:05.357+0000] {processor.py:186} INFO - Started process (PID=1165) to work on /home/airflow/.local/lib/python3.10/site-packages/airflow/example_dags/example_dynamic_task_mapping.py
[2025-01-29T15:03:05.358+0000] {processor.py:914} INFO - Processing file /home/airflow/.local/lib/python3.10/site-packages/airflow/example_dags/example_dynamic_task_mapping.py for tasks to queue
[2025-01-29T15:03:05.360+0000] {logging_mixin.py:190} INFO - [2025-01-29T15:03:05.360+0000] {dagbag.py:588} INFO - Filling up the DagBag from /home/airflow/.local/lib/python3.10/site-packages/airflow/example_dags/example_dynamic_task_mapping.py
[2025-01-29T15:03:05.367+0000] {processor.py:925} INFO - DAG(s) 'example_dynamic_task_mapping' retrieved from /home/airflow/.local/lib/python3.10/site-packages/airflow/example_dags/example_dynamic_task_mapping.py
[2025-01-29T15:03:05.384+0000] {logging_mixin.py:190} INFO - [2025-01-29T15:03:05.384+0000] {dag.py:3239} INFO - Sync 1 DAGs
[2025-01-29T15:03:05.396+0000] {logging_mixin.py:190} INFO - [2025-01-29T15:03:05.396+0000] {dag.py:4180} INFO - Setting next_dagrun for example_dynamic_task_mapping to None, run_after=None
[2025-01-29T15:03:05.412+0000] {processor.py:208} INFO - Processing /home/airflow/.local/lib/python3.10/site-packages/airflow/example_dags/example_dynamic_task_mapping.py took 0.060 seconds
[2025-01-29T15:03:35.831+0000] {processor.py:186} INFO - Started process (PID=1231) to work on /home/airflow/.local/lib/python3.10/site-packages/airflow/example_dags/example_dynamic_task_mapping.py
[2025-01-29T15:03:35.832+0000] {processor.py:914} INFO - Processing file /home/airflow/.local/lib/python3.10/site-packages/airflow/example_dags/example_dynamic_task_mapping.py for tasks to queue
[2025-01-29T15:03:35.834+0000] {logging_mixin.py:190} INFO - [2025-01-29T15:03:35.834+0000] {dagbag.py:588} INFO - Filling up the DagBag from /home/airflow/.local/lib/python3.10/site-packages/airflow/example_dags/example_dynamic_task_mapping.py
[2025-01-29T15:03:35.841+0000] {processor.py:925} INFO - DAG(s) 'example_dynamic_task_mapping' retrieved from /home/airflow/.local/lib/python3.10/site-packages/airflow/example_dags/example_dynamic_task_mapping.py
[2025-01-29T15:03:35.858+0000] {logging_mixin.py:190} INFO - [2025-01-29T15:03:35.858+0000] {dag.py:3239} INFO - Sync 1 DAGs
[2025-01-29T15:03:35.870+0000] {logging_mixin.py:190} INFO - [2025-01-29T15:03:35.870+0000] {dag.py:4180} INFO - Setting next_dagrun for example_dynamic_task_mapping to None, run_after=None
[2025-01-29T15:03:35.885+0000] {processor.py:208} INFO - Processing /home/airflow/.local/lib/python3.10/site-packages/airflow/example_dags/example_dynamic_task_mapping.py took 0.060 seconds
[2025-01-29T15:04:06.154+0000] {processor.py:186} INFO - Started process (PID=1297) to work on /home/airflow/.local/lib/python3.10/site-packages/airflow/example_dags/example_dynamic_task_mapping.py
[2025-01-29T15:04:06.155+0000] {processor.py:914} INFO - Processing file /home/airflow/.local/lib/python3.10/site-packages/airflow/example_dags/example_dynamic_task_mapping.py for tasks to queue
[2025-01-29T15:04:06.157+0000] {logging_mixin.py:190} INFO - [2025-01-29T15:04:06.157+0000] {dagbag.py:588} INFO - Filling up the DagBag from /home/airflow/.local/lib/python3.10/site-packages/airflow/example_dags/example_dynamic_task_mapping.py
[2025-01-29T15:04:06.164+0000] {processor.py:925} INFO - DAG(s) 'example_dynamic_task_mapping' retrieved from /home/airflow/.local/lib/python3.10/site-packages/airflow/example_dags/example_dynamic_task_mapping.py
[2025-01-29T15:04:06.181+0000] {logging_mixin.py:190} INFO - [2025-01-29T15:04:06.181+0000] {dag.py:3239} INFO - Sync 1 DAGs
[2025-01-29T15:04:06.193+0000] {logging_mixin.py:190} INFO - [2025-01-29T15:04:06.193+0000] {dag.py:4180} INFO - Setting next_dagrun for example_dynamic_task_mapping to None, run_after=None
[2025-01-29T15:04:06.208+0000] {processor.py:208} INFO - Processing /home/airflow/.local/lib/python3.10/site-packages/airflow/example_dags/example_dynamic_task_mapping.py took 0.059 seconds
[2025-01-29T15:04:36.536+0000] {processor.py:186} INFO - Started process (PID=1363) to work on /home/airflow/.local/lib/python3.10/site-packages/airflow/example_dags/example_dynamic_task_mapping.py
[2025-01-29T15:04:36.536+0000] {processor.py:914} INFO - Processing file /home/airflow/.local/lib/python3.10/site-packages/airflow/example_dags/example_dynamic_task_mapping.py for tasks to queue
[2025-01-29T15:04:36.539+0000] {logging_mixin.py:190} INFO - [2025-01-29T15:04:36.538+0000] {dagbag.py:588} INFO - Filling up the DagBag from /home/airflow/.local/lib/python3.10/site-packages/airflow/example_dags/example_dynamic_task_mapping.py
[2025-01-29T15:04:36.546+0000] {processor.py:925} INFO - DAG(s) 'example_dynamic_task_mapping' retrieved from /home/airflow/.local/lib/python3.10/site-packages/airflow/example_dags/example_dynamic_task_mapping.py
[2025-01-29T15:04:36.563+0000] {logging_mixin.py:190} INFO - [2025-01-29T15:04:36.563+0000] {dag.py:3239} INFO - Sync 1 DAGs
[2025-01-29T15:04:36.576+0000] {logging_mixin.py:190} INFO - [2025-01-29T15:04:36.576+0000] {dag.py:4180} INFO - Setting next_dagrun for example_dynamic_task_mapping to None, run_after=None
[2025-01-29T15:04:36.591+0000] {processor.py:208} INFO - Processing /home/airflow/.local/lib/python3.10/site-packages/airflow/example_dags/example_dynamic_task_mapping.py took 0.060 seconds
[2025-01-29T15:05:06.895+0000] {processor.py:186} INFO - Started process (PID=1429) to work on /home/airflow/.local/lib/python3.10/site-packages/airflow/example_dags/example_dynamic_task_mapping.py
[2025-01-29T15:05:06.895+0000] {processor.py:914} INFO - Processing file /home/airflow/.local/lib/python3.10/site-packages/airflow/example_dags/example_dynamic_task_mapping.py for tasks to queue
[2025-01-29T15:05:06.898+0000] {logging_mixin.py:190} INFO - [2025-01-29T15:05:06.898+0000] {dagbag.py:588} INFO - Filling up the DagBag from /home/airflow/.local/lib/python3.10/site-packages/airflow/example_dags/example_dynamic_task_mapping.py
[2025-01-29T15:05:06.905+0000] {processor.py:925} INFO - DAG(s) 'example_dynamic_task_mapping' retrieved from /home/airflow/.local/lib/python3.10/site-packages/airflow/example_dags/example_dynamic_task_mapping.py
[2025-01-29T15:05:06.924+0000] {logging_mixin.py:190} INFO - [2025-01-29T15:05:06.924+0000] {dag.py:3239} INFO - Sync 1 DAGs
[2025-01-29T15:05:06.938+0000] {logging_mixin.py:190} INFO - [2025-01-29T15:05:06.938+0000] {dag.py:4180} INFO - Setting next_dagrun for example_dynamic_task_mapping to None, run_after=None
[2025-01-29T15:05:06.953+0000] {processor.py:208} INFO - Processing /home/airflow/.local/lib/python3.10/site-packages/airflow/example_dags/example_dynamic_task_mapping.py took 0.064 seconds
[2025-01-29T15:05:37.893+0000] {processor.py:186} INFO - Started process (PID=1495) to work on /home/airflow/.local/lib/python3.10/site-packages/airflow/example_dags/example_dynamic_task_mapping.py
[2025-01-29T15:05:37.894+0000] {processor.py:914} INFO - Processing file /home/airflow/.local/lib/python3.10/site-packages/airflow/example_dags/example_dynamic_task_mapping.py for tasks to queue
[2025-01-29T15:05:37.896+0000] {logging_mixin.py:190} INFO - [2025-01-29T15:05:37.896+0000] {dagbag.py:588} INFO - Filling up the DagBag from /home/airflow/.local/lib/python3.10/site-packages/airflow/example_dags/example_dynamic_task_mapping.py
[2025-01-29T15:05:37.903+0000] {processor.py:925} INFO - DAG(s) 'example_dynamic_task_mapping' retrieved from /home/airflow/.local/lib/python3.10/site-packages/airflow/example_dags/example_dynamic_task_mapping.py
[2025-01-29T15:05:37.920+0000] {logging_mixin.py:190} INFO - [2025-01-29T15:05:37.920+0000] {dag.py:3239} INFO - Sync 1 DAGs
[2025-01-29T15:05:37.933+0000] {logging_mixin.py:190} INFO - [2025-01-29T15:05:37.932+0000] {dag.py:4180} INFO - Setting next_dagrun for example_dynamic_task_mapping to None, run_after=None
[2025-01-29T15:05:37.947+0000] {processor.py:208} INFO - Processing /home/airflow/.local/lib/python3.10/site-packages/airflow/example_dags/example_dynamic_task_mapping.py took 0.060 seconds
[2025-01-29T15:06:08.274+0000] {processor.py:186} INFO - Started process (PID=1561) to work on /home/airflow/.local/lib/python3.10/site-packages/airflow/example_dags/example_dynamic_task_mapping.py
[2025-01-29T15:06:08.275+0000] {processor.py:914} INFO - Processing file /home/airflow/.local/lib/python3.10/site-packages/airflow/example_dags/example_dynamic_task_mapping.py for tasks to queue
[2025-01-29T15:06:08.277+0000] {logging_mixin.py:190} INFO - [2025-01-29T15:06:08.277+0000] {dagbag.py:588} INFO - Filling up the DagBag from /home/airflow/.local/lib/python3.10/site-packages/airflow/example_dags/example_dynamic_task_mapping.py
[2025-01-29T15:06:08.284+0000] {processor.py:925} INFO - DAG(s) 'example_dynamic_task_mapping' retrieved from /home/airflow/.local/lib/python3.10/site-packages/airflow/example_dags/example_dynamic_task_mapping.py
[2025-01-29T15:06:08.301+0000] {logging_mixin.py:190} INFO - [2025-01-29T15:06:08.301+0000] {dag.py:3239} INFO - Sync 1 DAGs
[2025-01-29T15:06:08.313+0000] {logging_mixin.py:190} INFO - [2025-01-29T15:06:08.313+0000] {dag.py:4180} INFO - Setting next_dagrun for example_dynamic_task_mapping to None, run_after=None
[2025-01-29T15:06:08.328+0000] {processor.py:208} INFO - Processing /home/airflow/.local/lib/python3.10/site-packages/airflow/example_dags/example_dynamic_task_mapping.py took 0.059 seconds
[2025-01-29T15:06:38.527+0000] {processor.py:186} INFO - Started process (PID=1627) to work on /home/airflow/.local/lib/python3.10/site-packages/airflow/example_dags/example_dynamic_task_mapping.py
[2025-01-29T15:06:38.528+0000] {processor.py:914} INFO - Processing file /home/airflow/.local/lib/python3.10/site-packages/airflow/example_dags/example_dynamic_task_mapping.py for tasks to queue
[2025-01-29T15:06:38.531+0000] {logging_mixin.py:190} INFO - [2025-01-29T15:06:38.530+0000] {dagbag.py:588} INFO - Filling up the DagBag from /home/airflow/.local/lib/python3.10/site-packages/airflow/example_dags/example_dynamic_task_mapping.py
[2025-01-29T15:06:38.538+0000] {processor.py:925} INFO - DAG(s) 'example_dynamic_task_mapping' retrieved from /home/airflow/.local/lib/python3.10/site-packages/airflow/example_dags/example_dynamic_task_mapping.py
[2025-01-29T15:06:38.554+0000] {logging_mixin.py:190} INFO - [2025-01-29T15:06:38.554+0000] {dag.py:3239} INFO - Sync 1 DAGs
[2025-01-29T15:06:38.566+0000] {logging_mixin.py:190} INFO - [2025-01-29T15:06:38.566+0000] {dag.py:4180} INFO - Setting next_dagrun for example_dynamic_task_mapping to None, run_after=None
[2025-01-29T15:06:38.581+0000] {processor.py:208} INFO - Processing /home/airflow/.local/lib/python3.10/site-packages/airflow/example_dags/example_dynamic_task_mapping.py took 0.059 seconds
[2025-01-29T15:07:08.888+0000] {processor.py:186} INFO - Started process (PID=1693) to work on /home/airflow/.local/lib/python3.10/site-packages/airflow/example_dags/example_dynamic_task_mapping.py
[2025-01-29T15:07:08.889+0000] {processor.py:914} INFO - Processing file /home/airflow/.local/lib/python3.10/site-packages/airflow/example_dags/example_dynamic_task_mapping.py for tasks to queue
[2025-01-29T15:07:08.892+0000] {logging_mixin.py:190} INFO - [2025-01-29T15:07:08.891+0000] {dagbag.py:588} INFO - Filling up the DagBag from /home/airflow/.local/lib/python3.10/site-packages/airflow/example_dags/example_dynamic_task_mapping.py
[2025-01-29T15:07:08.899+0000] {processor.py:925} INFO - DAG(s) 'example_dynamic_task_mapping' retrieved from /home/airflow/.local/lib/python3.10/site-packages/airflow/example_dags/example_dynamic_task_mapping.py
[2025-01-29T15:07:08.922+0000] {logging_mixin.py:190} INFO - [2025-01-29T15:07:08.922+0000] {dag.py:3239} INFO - Sync 1 DAGs
[2025-01-29T15:07:08.942+0000] {logging_mixin.py:190} INFO - [2025-01-29T15:07:08.942+0000] {dag.py:4180} INFO - Setting next_dagrun for example_dynamic_task_mapping to None, run_after=None
[2025-01-29T15:07:08.960+0000] {processor.py:208} INFO - Processing /home/airflow/.local/lib/python3.10/site-packages/airflow/example_dags/example_dynamic_task_mapping.py took 0.077 seconds
[2025-01-29T15:07:39.860+0000] {processor.py:186} INFO - Started process (PID=1759) to work on /home/airflow/.local/lib/python3.10/site-packages/airflow/example_dags/example_dynamic_task_mapping.py
[2025-01-29T15:07:39.861+0000] {processor.py:914} INFO - Processing file /home/airflow/.local/lib/python3.10/site-packages/airflow/example_dags/example_dynamic_task_mapping.py for tasks to queue
[2025-01-29T15:07:39.863+0000] {logging_mixin.py:190} INFO - [2025-01-29T15:07:39.863+0000] {dagbag.py:588} INFO - Filling up the DagBag from /home/airflow/.local/lib/python3.10/site-packages/airflow/example_dags/example_dynamic_task_mapping.py
[2025-01-29T15:07:39.870+0000] {processor.py:925} INFO - DAG(s) 'example_dynamic_task_mapping' retrieved from /home/airflow/.local/lib/python3.10/site-packages/airflow/example_dags/example_dynamic_task_mapping.py
[2025-01-29T15:07:39.888+0000] {logging_mixin.py:190} INFO - [2025-01-29T15:07:39.888+0000] {dag.py:3239} INFO - Sync 1 DAGs
[2025-01-29T15:07:39.901+0000] {logging_mixin.py:190} INFO - [2025-01-29T15:07:39.901+0000] {dag.py:4180} INFO - Setting next_dagrun for example_dynamic_task_mapping to None, run_after=None
[2025-01-29T15:07:39.915+0000] {processor.py:208} INFO - Processing /home/airflow/.local/lib/python3.10/site-packages/airflow/example_dags/example_dynamic_task_mapping.py took 0.061 seconds
[2025-01-29T15:08:11.494+0000] {processor.py:186} INFO - Started process (PID=1825) to work on /home/airflow/.local/lib/python3.10/site-packages/airflow/example_dags/example_dynamic_task_mapping.py
[2025-01-29T15:08:11.495+0000] {processor.py:914} INFO - Processing file /home/airflow/.local/lib/python3.10/site-packages/airflow/example_dags/example_dynamic_task_mapping.py for tasks to queue
[2025-01-29T15:08:11.497+0000] {logging_mixin.py:190} INFO - [2025-01-29T15:08:11.497+0000] {dagbag.py:588} INFO - Filling up the DagBag from /home/airflow/.local/lib/python3.10/site-packages/airflow/example_dags/example_dynamic_task_mapping.py
[2025-01-29T15:08:11.505+0000] {processor.py:925} INFO - DAG(s) 'example_dynamic_task_mapping' retrieved from /home/airflow/.local/lib/python3.10/site-packages/airflow/example_dags/example_dynamic_task_mapping.py
[2025-01-29T15:08:11.521+0000] {logging_mixin.py:190} INFO - [2025-01-29T15:08:11.521+0000] {dag.py:3239} INFO - Sync 1 DAGs
[2025-01-29T15:08:11.534+0000] {logging_mixin.py:190} INFO - [2025-01-29T15:08:11.534+0000] {dag.py:4180} INFO - Setting next_dagrun for example_dynamic_task_mapping to None, run_after=None
[2025-01-29T15:08:11.548+0000] {processor.py:208} INFO - Processing /home/airflow/.local/lib/python3.10/site-packages/airflow/example_dags/example_dynamic_task_mapping.py took 0.060 seconds
[2025-01-29T15:08:42.289+0000] {processor.py:186} INFO - Started process (PID=1891) to work on /home/airflow/.local/lib/python3.10/site-packages/airflow/example_dags/example_dynamic_task_mapping.py
[2025-01-29T15:08:42.290+0000] {processor.py:914} INFO - Processing file /home/airflow/.local/lib/python3.10/site-packages/airflow/example_dags/example_dynamic_task_mapping.py for tasks to queue
[2025-01-29T15:08:42.292+0000] {logging_mixin.py:190} INFO - [2025-01-29T15:08:42.292+0000] {dagbag.py:588} INFO - Filling up the DagBag from /home/airflow/.local/lib/python3.10/site-packages/airflow/example_dags/example_dynamic_task_mapping.py
[2025-01-29T15:08:42.299+0000] {processor.py:925} INFO - DAG(s) 'example_dynamic_task_mapping' retrieved from /home/airflow/.local/lib/python3.10/site-packages/airflow/example_dags/example_dynamic_task_mapping.py
[2025-01-29T15:08:42.315+0000] {logging_mixin.py:190} INFO - [2025-01-29T15:08:42.315+0000] {dag.py:3239} INFO - Sync 1 DAGs
[2025-01-29T15:08:42.492+0000] {logging_mixin.py:190} INFO - [2025-01-29T15:08:42.492+0000] {dag.py:4180} INFO - Setting next_dagrun for example_dynamic_task_mapping to None, run_after=None
[2025-01-29T15:08:42.512+0000] {processor.py:208} INFO - Processing /home/airflow/.local/lib/python3.10/site-packages/airflow/example_dags/example_dynamic_task_mapping.py took 0.228 seconds
[2025-01-29T15:09:13.529+0000] {processor.py:186} INFO - Started process (PID=1957) to work on /home/airflow/.local/lib/python3.10/site-packages/airflow/example_dags/example_dynamic_task_mapping.py
[2025-01-29T15:09:13.530+0000] {processor.py:914} INFO - Processing file /home/airflow/.local/lib/python3.10/site-packages/airflow/example_dags/example_dynamic_task_mapping.py for tasks to queue
[2025-01-29T15:09:13.532+0000] {logging_mixin.py:190} INFO - [2025-01-29T15:09:13.532+0000] {dagbag.py:588} INFO - Filling up the DagBag from /home/airflow/.local/lib/python3.10/site-packages/airflow/example_dags/example_dynamic_task_mapping.py
[2025-01-29T15:09:13.539+0000] {processor.py:925} INFO - DAG(s) 'example_dynamic_task_mapping' retrieved from /home/airflow/.local/lib/python3.10/site-packages/airflow/example_dags/example_dynamic_task_mapping.py
[2025-01-29T15:09:13.555+0000] {logging_mixin.py:190} INFO - [2025-01-29T15:09:13.555+0000] {dag.py:3239} INFO - Sync 1 DAGs
[2025-01-29T15:09:13.727+0000] {logging_mixin.py:190} INFO - [2025-01-29T15:09:13.727+0000] {dag.py:4180} INFO - Setting next_dagrun for example_dynamic_task_mapping to None, run_after=None
[2025-01-29T15:09:13.741+0000] {processor.py:208} INFO - Processing /home/airflow/.local/lib/python3.10/site-packages/airflow/example_dags/example_dynamic_task_mapping.py took 0.217 seconds
[2025-01-29T15:09:44.225+0000] {processor.py:186} INFO - Started process (PID=2023) to work on /home/airflow/.local/lib/python3.10/site-packages/airflow/example_dags/example_dynamic_task_mapping.py
[2025-01-29T15:09:44.226+0000] {processor.py:914} INFO - Processing file /home/airflow/.local/lib/python3.10/site-packages/airflow/example_dags/example_dynamic_task_mapping.py for tasks to queue
[2025-01-29T15:09:44.228+0000] {logging_mixin.py:190} INFO - [2025-01-29T15:09:44.228+0000] {dagbag.py:588} INFO - Filling up the DagBag from /home/airflow/.local/lib/python3.10/site-packages/airflow/example_dags/example_dynamic_task_mapping.py
[2025-01-29T15:09:44.235+0000] {processor.py:925} INFO - DAG(s) 'example_dynamic_task_mapping' retrieved from /home/airflow/.local/lib/python3.10/site-packages/airflow/example_dags/example_dynamic_task_mapping.py
[2025-01-29T15:09:44.252+0000] {logging_mixin.py:190} INFO - [2025-01-29T15:09:44.252+0000] {dag.py:3239} INFO - Sync 1 DAGs
[2025-01-29T15:09:44.440+0000] {logging_mixin.py:190} INFO - [2025-01-29T15:09:44.440+0000] {dag.py:4180} INFO - Setting next_dagrun for example_dynamic_task_mapping to None, run_after=None
[2025-01-29T15:09:44.455+0000] {processor.py:208} INFO - Processing /home/airflow/.local/lib/python3.10/site-packages/airflow/example_dags/example_dynamic_task_mapping.py took 0.236 seconds
[2025-01-29T15:10:15.278+0000] {processor.py:186} INFO - Started process (PID=2089) to work on /home/airflow/.local/lib/python3.10/site-packages/airflow/example_dags/example_dynamic_task_mapping.py
[2025-01-29T15:10:15.278+0000] {processor.py:914} INFO - Processing file /home/airflow/.local/lib/python3.10/site-packages/airflow/example_dags/example_dynamic_task_mapping.py for tasks to queue
[2025-01-29T15:10:15.281+0000] {logging_mixin.py:190} INFO - [2025-01-29T15:10:15.280+0000] {dagbag.py:588} INFO - Filling up the DagBag from /home/airflow/.local/lib/python3.10/site-packages/airflow/example_dags/example_dynamic_task_mapping.py
[2025-01-29T15:10:15.288+0000] {processor.py:925} INFO - DAG(s) 'example_dynamic_task_mapping' retrieved from /home/airflow/.local/lib/python3.10/site-packages/airflow/example_dags/example_dynamic_task_mapping.py
[2025-01-29T15:10:15.304+0000] {logging_mixin.py:190} INFO - [2025-01-29T15:10:15.304+0000] {dag.py:3239} INFO - Sync 1 DAGs
[2025-01-29T15:10:15.472+0000] {logging_mixin.py:190} INFO - [2025-01-29T15:10:15.472+0000] {dag.py:4180} INFO - Setting next_dagrun for example_dynamic_task_mapping to None, run_after=None
[2025-01-29T15:10:15.492+0000] {processor.py:208} INFO - Processing /home/airflow/.local/lib/python3.10/site-packages/airflow/example_dags/example_dynamic_task_mapping.py took 0.219 seconds
[2025-01-29T15:10:45.850+0000] {processor.py:186} INFO - Started process (PID=2155) to work on /home/airflow/.local/lib/python3.10/site-packages/airflow/example_dags/example_dynamic_task_mapping.py
[2025-01-29T15:10:45.851+0000] {processor.py:914} INFO - Processing file /home/airflow/.local/lib/python3.10/site-packages/airflow/example_dags/example_dynamic_task_mapping.py for tasks to queue
[2025-01-29T15:10:45.853+0000] {logging_mixin.py:190} INFO - [2025-01-29T15:10:45.853+0000] {dagbag.py:588} INFO - Filling up the DagBag from /home/airflow/.local/lib/python3.10/site-packages/airflow/example_dags/example_dynamic_task_mapping.py
[2025-01-29T15:10:45.860+0000] {processor.py:925} INFO - DAG(s) 'example_dynamic_task_mapping' retrieved from /home/airflow/.local/lib/python3.10/site-packages/airflow/example_dags/example_dynamic_task_mapping.py
[2025-01-29T15:10:45.879+0000] {logging_mixin.py:190} INFO - [2025-01-29T15:10:45.878+0000] {dag.py:3239} INFO - Sync 1 DAGs
[2025-01-29T15:10:45.893+0000] {logging_mixin.py:190} INFO - [2025-01-29T15:10:45.893+0000] {dag.py:4180} INFO - Setting next_dagrun for example_dynamic_task_mapping to None, run_after=None
[2025-01-29T15:10:46.080+0000] {processor.py:208} INFO - Processing /home/airflow/.local/lib/python3.10/site-packages/airflow/example_dags/example_dynamic_task_mapping.py took 0.236 seconds
[2025-01-29T15:11:16.904+0000] {processor.py:186} INFO - Started process (PID=2221) to work on /home/airflow/.local/lib/python3.10/site-packages/airflow/example_dags/example_dynamic_task_mapping.py
[2025-01-29T15:11:16.905+0000] {processor.py:914} INFO - Processing file /home/airflow/.local/lib/python3.10/site-packages/airflow/example_dags/example_dynamic_task_mapping.py for tasks to queue
[2025-01-29T15:11:16.909+0000] {logging_mixin.py:190} INFO - [2025-01-29T15:11:16.908+0000] {dagbag.py:588} INFO - Filling up the DagBag from /home/airflow/.local/lib/python3.10/site-packages/airflow/example_dags/example_dynamic_task_mapping.py
[2025-01-29T15:11:16.922+0000] {processor.py:925} INFO - DAG(s) 'example_dynamic_task_mapping' retrieved from /home/airflow/.local/lib/python3.10/site-packages/airflow/example_dags/example_dynamic_task_mapping.py
[2025-01-29T15:11:16.951+0000] {logging_mixin.py:190} INFO - [2025-01-29T15:11:16.951+0000] {dag.py:3239} INFO - Sync 1 DAGs
[2025-01-29T15:11:16.973+0000] {logging_mixin.py:190} INFO - [2025-01-29T15:11:16.973+0000] {dag.py:4180} INFO - Setting next_dagrun for example_dynamic_task_mapping to None, run_after=None
[2025-01-29T15:11:17.021+0000] {processor.py:208} INFO - Processing /home/airflow/.local/lib/python3.10/site-packages/airflow/example_dags/example_dynamic_task_mapping.py took 0.127 seconds
[2025-01-29T15:11:47.625+0000] {processor.py:186} INFO - Started process (PID=2287) to work on /home/airflow/.local/lib/python3.10/site-packages/airflow/example_dags/example_dynamic_task_mapping.py
[2025-01-29T15:11:47.626+0000] {processor.py:914} INFO - Processing file /home/airflow/.local/lib/python3.10/site-packages/airflow/example_dags/example_dynamic_task_mapping.py for tasks to queue
[2025-01-29T15:11:47.628+0000] {logging_mixin.py:190} INFO - [2025-01-29T15:11:47.628+0000] {dagbag.py:588} INFO - Filling up the DagBag from /home/airflow/.local/lib/python3.10/site-packages/airflow/example_dags/example_dynamic_task_mapping.py
[2025-01-29T15:11:47.634+0000] {processor.py:925} INFO - DAG(s) 'example_dynamic_task_mapping' retrieved from /home/airflow/.local/lib/python3.10/site-packages/airflow/example_dags/example_dynamic_task_mapping.py
[2025-01-29T15:11:47.651+0000] {logging_mixin.py:190} INFO - [2025-01-29T15:11:47.651+0000] {dag.py:3239} INFO - Sync 1 DAGs
[2025-01-29T15:11:47.664+0000] {logging_mixin.py:190} INFO - [2025-01-29T15:11:47.664+0000] {dag.py:4180} INFO - Setting next_dagrun for example_dynamic_task_mapping to None, run_after=None
[2025-01-29T15:11:47.684+0000] {processor.py:208} INFO - Processing /home/airflow/.local/lib/python3.10/site-packages/airflow/example_dags/example_dynamic_task_mapping.py took 0.063 seconds
[2025-01-29T15:12:17.808+0000] {processor.py:186} INFO - Started process (PID=2353) to work on /home/airflow/.local/lib/python3.10/site-packages/airflow/example_dags/example_dynamic_task_mapping.py
[2025-01-29T15:12:17.809+0000] {processor.py:914} INFO - Processing file /home/airflow/.local/lib/python3.10/site-packages/airflow/example_dags/example_dynamic_task_mapping.py for tasks to queue
[2025-01-29T15:12:17.812+0000] {logging_mixin.py:190} INFO - [2025-01-29T15:12:17.811+0000] {dagbag.py:588} INFO - Filling up the DagBag from /home/airflow/.local/lib/python3.10/site-packages/airflow/example_dags/example_dynamic_task_mapping.py
[2025-01-29T15:12:17.818+0000] {processor.py:925} INFO - DAG(s) 'example_dynamic_task_mapping' retrieved from /home/airflow/.local/lib/python3.10/site-packages/airflow/example_dags/example_dynamic_task_mapping.py
[2025-01-29T15:12:17.833+0000] {logging_mixin.py:190} INFO - [2025-01-29T15:12:17.833+0000] {dag.py:3239} INFO - Sync 1 DAGs
[2025-01-29T15:12:17.846+0000] {logging_mixin.py:190} INFO - [2025-01-29T15:12:17.845+0000] {dag.py:4180} INFO - Setting next_dagrun for example_dynamic_task_mapping to None, run_after=None
[2025-01-29T15:12:17.859+0000] {processor.py:208} INFO - Processing /home/airflow/.local/lib/python3.10/site-packages/airflow/example_dags/example_dynamic_task_mapping.py took 0.056 seconds
[2025-01-29T15:12:47.929+0000] {processor.py:186} INFO - Started process (PID=2419) to work on /home/airflow/.local/lib/python3.10/site-packages/airflow/example_dags/example_dynamic_task_mapping.py
[2025-01-29T15:12:47.930+0000] {processor.py:914} INFO - Processing file /home/airflow/.local/lib/python3.10/site-packages/airflow/example_dags/example_dynamic_task_mapping.py for tasks to queue
[2025-01-29T15:12:47.932+0000] {logging_mixin.py:190} INFO - [2025-01-29T15:12:47.932+0000] {dagbag.py:588} INFO - Filling up the DagBag from /home/airflow/.local/lib/python3.10/site-packages/airflow/example_dags/example_dynamic_task_mapping.py
[2025-01-29T15:12:47.939+0000] {processor.py:925} INFO - DAG(s) 'example_dynamic_task_mapping' retrieved from /home/airflow/.local/lib/python3.10/site-packages/airflow/example_dags/example_dynamic_task_mapping.py
[2025-01-29T15:12:47.955+0000] {logging_mixin.py:190} INFO - [2025-01-29T15:12:47.955+0000] {dag.py:3239} INFO - Sync 1 DAGs
[2025-01-29T15:12:47.968+0000] {logging_mixin.py:190} INFO - [2025-01-29T15:12:47.967+0000] {dag.py:4180} INFO - Setting next_dagrun for example_dynamic_task_mapping to None, run_after=None
[2025-01-29T15:12:47.982+0000] {processor.py:208} INFO - Processing /home/airflow/.local/lib/python3.10/site-packages/airflow/example_dags/example_dynamic_task_mapping.py took 0.058 seconds
[2025-01-29T15:13:18.451+0000] {processor.py:186} INFO - Started process (PID=2484) to work on /home/airflow/.local/lib/python3.10/site-packages/airflow/example_dags/example_dynamic_task_mapping.py
[2025-01-29T15:13:18.452+0000] {processor.py:914} INFO - Processing file /home/airflow/.local/lib/python3.10/site-packages/airflow/example_dags/example_dynamic_task_mapping.py for tasks to queue
[2025-01-29T15:13:18.454+0000] {logging_mixin.py:190} INFO - [2025-01-29T15:13:18.454+0000] {dagbag.py:588} INFO - Filling up the DagBag from /home/airflow/.local/lib/python3.10/site-packages/airflow/example_dags/example_dynamic_task_mapping.py
[2025-01-29T15:13:18.461+0000] {processor.py:925} INFO - DAG(s) 'example_dynamic_task_mapping' retrieved from /home/airflow/.local/lib/python3.10/site-packages/airflow/example_dags/example_dynamic_task_mapping.py
[2025-01-29T15:13:18.477+0000] {logging_mixin.py:190} INFO - [2025-01-29T15:13:18.477+0000] {dag.py:3239} INFO - Sync 1 DAGs
[2025-01-29T15:13:18.489+0000] {logging_mixin.py:190} INFO - [2025-01-29T15:13:18.489+0000] {dag.py:4180} INFO - Setting next_dagrun for example_dynamic_task_mapping to None, run_after=None
[2025-01-29T15:13:18.503+0000] {processor.py:208} INFO - Processing /home/airflow/.local/lib/python3.10/site-packages/airflow/example_dags/example_dynamic_task_mapping.py took 0.057 seconds
[2025-01-29T15:13:48.565+0000] {processor.py:186} INFO - Started process (PID=2550) to work on /home/airflow/.local/lib/python3.10/site-packages/airflow/example_dags/example_dynamic_task_mapping.py
[2025-01-29T15:13:48.565+0000] {processor.py:914} INFO - Processing file /home/airflow/.local/lib/python3.10/site-packages/airflow/example_dags/example_dynamic_task_mapping.py for tasks to queue
[2025-01-29T15:13:48.567+0000] {logging_mixin.py:190} INFO - [2025-01-29T15:13:48.567+0000] {dagbag.py:588} INFO - Filling up the DagBag from /home/airflow/.local/lib/python3.10/site-packages/airflow/example_dags/example_dynamic_task_mapping.py
[2025-01-29T15:13:48.574+0000] {processor.py:925} INFO - DAG(s) 'example_dynamic_task_mapping' retrieved from /home/airflow/.local/lib/python3.10/site-packages/airflow/example_dags/example_dynamic_task_mapping.py
[2025-01-29T15:13:48.591+0000] {logging_mixin.py:190} INFO - [2025-01-29T15:13:48.591+0000] {dag.py:3239} INFO - Sync 1 DAGs
[2025-01-29T15:13:48.603+0000] {logging_mixin.py:190} INFO - [2025-01-29T15:13:48.603+0000] {dag.py:4180} INFO - Setting next_dagrun for example_dynamic_task_mapping to None, run_after=None
[2025-01-29T15:13:48.623+0000] {processor.py:208} INFO - Processing /home/airflow/.local/lib/python3.10/site-packages/airflow/example_dags/example_dynamic_task_mapping.py took 0.064 seconds
[2025-01-29T15:14:18.835+0000] {processor.py:186} INFO - Started process (PID=2616) to work on /home/airflow/.local/lib/python3.10/site-packages/airflow/example_dags/example_dynamic_task_mapping.py
[2025-01-29T15:14:18.836+0000] {processor.py:914} INFO - Processing file /home/airflow/.local/lib/python3.10/site-packages/airflow/example_dags/example_dynamic_task_mapping.py for tasks to queue
[2025-01-29T15:14:18.838+0000] {logging_mixin.py:190} INFO - [2025-01-29T15:14:18.838+0000] {dagbag.py:588} INFO - Filling up the DagBag from /home/airflow/.local/lib/python3.10/site-packages/airflow/example_dags/example_dynamic_task_mapping.py
[2025-01-29T15:14:18.845+0000] {processor.py:925} INFO - DAG(s) 'example_dynamic_task_mapping' retrieved from /home/airflow/.local/lib/python3.10/site-packages/airflow/example_dags/example_dynamic_task_mapping.py
[2025-01-29T15:14:18.862+0000] {logging_mixin.py:190} INFO - [2025-01-29T15:14:18.862+0000] {dag.py:3239} INFO - Sync 1 DAGs
[2025-01-29T15:14:18.874+0000] {logging_mixin.py:190} INFO - [2025-01-29T15:14:18.874+0000] {dag.py:4180} INFO - Setting next_dagrun for example_dynamic_task_mapping to None, run_after=None
[2025-01-29T15:14:18.894+0000] {processor.py:208} INFO - Processing /home/airflow/.local/lib/python3.10/site-packages/airflow/example_dags/example_dynamic_task_mapping.py took 0.065 seconds
[2025-01-29T15:14:49.030+0000] {processor.py:186} INFO - Started process (PID=2682) to work on /home/airflow/.local/lib/python3.10/site-packages/airflow/example_dags/example_dynamic_task_mapping.py
[2025-01-29T15:14:49.031+0000] {processor.py:914} INFO - Processing file /home/airflow/.local/lib/python3.10/site-packages/airflow/example_dags/example_dynamic_task_mapping.py for tasks to queue
[2025-01-29T15:14:49.033+0000] {logging_mixin.py:190} INFO - [2025-01-29T15:14:49.033+0000] {dagbag.py:588} INFO - Filling up the DagBag from /home/airflow/.local/lib/python3.10/site-packages/airflow/example_dags/example_dynamic_task_mapping.py
[2025-01-29T15:14:49.040+0000] {processor.py:925} INFO - DAG(s) 'example_dynamic_task_mapping' retrieved from /home/airflow/.local/lib/python3.10/site-packages/airflow/example_dags/example_dynamic_task_mapping.py
[2025-01-29T15:14:49.057+0000] {logging_mixin.py:190} INFO - [2025-01-29T15:14:49.057+0000] {dag.py:3239} INFO - Sync 1 DAGs
[2025-01-29T15:14:49.069+0000] {logging_mixin.py:190} INFO - [2025-01-29T15:14:49.069+0000] {dag.py:4180} INFO - Setting next_dagrun for example_dynamic_task_mapping to None, run_after=None
[2025-01-29T15:14:49.089+0000] {processor.py:208} INFO - Processing /home/airflow/.local/lib/python3.10/site-packages/airflow/example_dags/example_dynamic_task_mapping.py took 0.064 seconds
[2025-01-29T15:15:19.443+0000] {processor.py:186} INFO - Started process (PID=2748) to work on /home/airflow/.local/lib/python3.10/site-packages/airflow/example_dags/example_dynamic_task_mapping.py
[2025-01-29T15:15:19.444+0000] {processor.py:914} INFO - Processing file /home/airflow/.local/lib/python3.10/site-packages/airflow/example_dags/example_dynamic_task_mapping.py for tasks to queue
[2025-01-29T15:15:19.446+0000] {logging_mixin.py:190} INFO - [2025-01-29T15:15:19.446+0000] {dagbag.py:588} INFO - Filling up the DagBag from /home/airflow/.local/lib/python3.10/site-packages/airflow/example_dags/example_dynamic_task_mapping.py
[2025-01-29T15:15:19.453+0000] {processor.py:925} INFO - DAG(s) 'example_dynamic_task_mapping' retrieved from /home/airflow/.local/lib/python3.10/site-packages/airflow/example_dags/example_dynamic_task_mapping.py
[2025-01-29T15:15:19.469+0000] {logging_mixin.py:190} INFO - [2025-01-29T15:15:19.469+0000] {dag.py:3239} INFO - Sync 1 DAGs
[2025-01-29T15:15:19.481+0000] {logging_mixin.py:190} INFO - [2025-01-29T15:15:19.481+0000] {dag.py:4180} INFO - Setting next_dagrun for example_dynamic_task_mapping to None, run_after=None
[2025-01-29T15:15:19.501+0000] {processor.py:208} INFO - Processing /home/airflow/.local/lib/python3.10/site-packages/airflow/example_dags/example_dynamic_task_mapping.py took 0.064 seconds
[2025-01-29T15:15:50.250+0000] {processor.py:186} INFO - Started process (PID=2814) to work on /home/airflow/.local/lib/python3.10/site-packages/airflow/example_dags/example_dynamic_task_mapping.py
[2025-01-29T15:15:50.251+0000] {processor.py:914} INFO - Processing file /home/airflow/.local/lib/python3.10/site-packages/airflow/example_dags/example_dynamic_task_mapping.py for tasks to queue
[2025-01-29T15:15:50.253+0000] {logging_mixin.py:190} INFO - [2025-01-29T15:15:50.253+0000] {dagbag.py:588} INFO - Filling up the DagBag from /home/airflow/.local/lib/python3.10/site-packages/airflow/example_dags/example_dynamic_task_mapping.py
[2025-01-29T15:15:50.260+0000] {processor.py:925} INFO - DAG(s) 'example_dynamic_task_mapping' retrieved from /home/airflow/.local/lib/python3.10/site-packages/airflow/example_dags/example_dynamic_task_mapping.py
[2025-01-29T15:15:50.277+0000] {logging_mixin.py:190} INFO - [2025-01-29T15:15:50.277+0000] {dag.py:3239} INFO - Sync 1 DAGs
[2025-01-29T15:15:50.289+0000] {logging_mixin.py:190} INFO - [2025-01-29T15:15:50.289+0000] {dag.py:4180} INFO - Setting next_dagrun for example_dynamic_task_mapping to None, run_after=None
[2025-01-29T15:15:50.310+0000] {processor.py:208} INFO - Processing /home/airflow/.local/lib/python3.10/site-packages/airflow/example_dags/example_dynamic_task_mapping.py took 0.065 seconds
[2025-01-29T15:16:20.566+0000] {processor.py:186} INFO - Started process (PID=2880) to work on /home/airflow/.local/lib/python3.10/site-packages/airflow/example_dags/example_dynamic_task_mapping.py
[2025-01-29T15:16:20.567+0000] {processor.py:914} INFO - Processing file /home/airflow/.local/lib/python3.10/site-packages/airflow/example_dags/example_dynamic_task_mapping.py for tasks to queue
[2025-01-29T15:16:20.569+0000] {logging_mixin.py:190} INFO - [2025-01-29T15:16:20.569+0000] {dagbag.py:588} INFO - Filling up the DagBag from /home/airflow/.local/lib/python3.10/site-packages/airflow/example_dags/example_dynamic_task_mapping.py
[2025-01-29T15:16:20.576+0000] {processor.py:925} INFO - DAG(s) 'example_dynamic_task_mapping' retrieved from /home/airflow/.local/lib/python3.10/site-packages/airflow/example_dags/example_dynamic_task_mapping.py
[2025-01-29T15:16:20.593+0000] {logging_mixin.py:190} INFO - [2025-01-29T15:16:20.593+0000] {dag.py:3239} INFO - Sync 1 DAGs
[2025-01-29T15:16:20.606+0000] {logging_mixin.py:190} INFO - [2025-01-29T15:16:20.605+0000] {dag.py:4180} INFO - Setting next_dagrun for example_dynamic_task_mapping to None, run_after=None
[2025-01-29T15:16:20.626+0000] {processor.py:208} INFO - Processing /home/airflow/.local/lib/python3.10/site-packages/airflow/example_dags/example_dynamic_task_mapping.py took 0.065 seconds
[2025-01-29T15:16:50.806+0000] {processor.py:186} INFO - Started process (PID=2946) to work on /home/airflow/.local/lib/python3.10/site-packages/airflow/example_dags/example_dynamic_task_mapping.py
[2025-01-29T15:16:50.807+0000] {processor.py:914} INFO - Processing file /home/airflow/.local/lib/python3.10/site-packages/airflow/example_dags/example_dynamic_task_mapping.py for tasks to queue
[2025-01-29T15:16:50.809+0000] {logging_mixin.py:190} INFO - [2025-01-29T15:16:50.809+0000] {dagbag.py:588} INFO - Filling up the DagBag from /home/airflow/.local/lib/python3.10/site-packages/airflow/example_dags/example_dynamic_task_mapping.py
[2025-01-29T15:16:50.816+0000] {processor.py:925} INFO - DAG(s) 'example_dynamic_task_mapping' retrieved from /home/airflow/.local/lib/python3.10/site-packages/airflow/example_dags/example_dynamic_task_mapping.py
[2025-01-29T15:16:50.833+0000] {logging_mixin.py:190} INFO - [2025-01-29T15:16:50.832+0000] {dag.py:3239} INFO - Sync 1 DAGs
[2025-01-29T15:16:50.845+0000] {logging_mixin.py:190} INFO - [2025-01-29T15:16:50.845+0000] {dag.py:4180} INFO - Setting next_dagrun for example_dynamic_task_mapping to None, run_after=None
[2025-01-29T15:16:50.865+0000] {processor.py:208} INFO - Processing /home/airflow/.local/lib/python3.10/site-packages/airflow/example_dags/example_dynamic_task_mapping.py took 0.065 seconds
[2025-01-29T15:17:21.007+0000] {processor.py:186} INFO - Started process (PID=3012) to work on /home/airflow/.local/lib/python3.10/site-packages/airflow/example_dags/example_dynamic_task_mapping.py
[2025-01-29T15:17:21.008+0000] {processor.py:914} INFO - Processing file /home/airflow/.local/lib/python3.10/site-packages/airflow/example_dags/example_dynamic_task_mapping.py for tasks to queue
[2025-01-29T15:17:21.010+0000] {logging_mixin.py:190} INFO - [2025-01-29T15:17:21.010+0000] {dagbag.py:588} INFO - Filling up the DagBag from /home/airflow/.local/lib/python3.10/site-packages/airflow/example_dags/example_dynamic_task_mapping.py
[2025-01-29T15:17:21.017+0000] {processor.py:925} INFO - DAG(s) 'example_dynamic_task_mapping' retrieved from /home/airflow/.local/lib/python3.10/site-packages/airflow/example_dags/example_dynamic_task_mapping.py
[2025-01-29T15:17:21.038+0000] {logging_mixin.py:190} INFO - [2025-01-29T15:17:21.037+0000] {dag.py:3239} INFO - Sync 1 DAGs
[2025-01-29T15:17:21.054+0000] {logging_mixin.py:190} INFO - [2025-01-29T15:17:21.054+0000] {dag.py:4180} INFO - Setting next_dagrun for example_dynamic_task_mapping to None, run_after=None
[2025-01-29T15:17:21.071+0000] {processor.py:208} INFO - Processing /home/airflow/.local/lib/python3.10/site-packages/airflow/example_dags/example_dynamic_task_mapping.py took 0.070 seconds
[2025-01-29T15:17:51.316+0000] {processor.py:186} INFO - Started process (PID=3078) to work on /home/airflow/.local/lib/python3.10/site-packages/airflow/example_dags/example_dynamic_task_mapping.py
[2025-01-29T15:17:51.317+0000] {processor.py:914} INFO - Processing file /home/airflow/.local/lib/python3.10/site-packages/airflow/example_dags/example_dynamic_task_mapping.py for tasks to queue
[2025-01-29T15:17:51.319+0000] {logging_mixin.py:190} INFO - [2025-01-29T15:17:51.318+0000] {dagbag.py:588} INFO - Filling up the DagBag from /home/airflow/.local/lib/python3.10/site-packages/airflow/example_dags/example_dynamic_task_mapping.py
[2025-01-29T15:17:51.326+0000] {processor.py:925} INFO - DAG(s) 'example_dynamic_task_mapping' retrieved from /home/airflow/.local/lib/python3.10/site-packages/airflow/example_dags/example_dynamic_task_mapping.py
[2025-01-29T15:17:51.343+0000] {logging_mixin.py:190} INFO - [2025-01-29T15:17:51.342+0000] {dag.py:3239} INFO - Sync 1 DAGs
[2025-01-29T15:17:51.355+0000] {logging_mixin.py:190} INFO - [2025-01-29T15:17:51.355+0000] {dag.py:4180} INFO - Setting next_dagrun for example_dynamic_task_mapping to None, run_after=None
[2025-01-29T15:17:51.369+0000] {processor.py:208} INFO - Processing /home/airflow/.local/lib/python3.10/site-packages/airflow/example_dags/example_dynamic_task_mapping.py took 0.059 seconds
