[2025-01-29T14:54:59.519+0000] {processor.py:186} INFO - Started process (PID=115) to work on /home/airflow/.local/lib/python3.10/site-packages/airflow/example_dags/example_python_decorator.py
[2025-01-29T14:54:59.520+0000] {processor.py:914} INFO - Processing file /home/airflow/.local/lib/python3.10/site-packages/airflow/example_dags/example_python_decorator.py for tasks to queue
[2025-01-29T14:54:59.523+0000] {logging_mixin.py:190} INFO - [2025-01-29T14:54:59.523+0000] {dagbag.py:588} INFO - Filling up the DagBag from /home/airflow/.local/lib/python3.10/site-packages/airflow/example_dags/example_python_decorator.py
[2025-01-29T14:54:59.536+0000] {processor.py:925} INFO - DAG(s) 'example_python_decorator' retrieved from /home/airflow/.local/lib/python3.10/site-packages/airflow/example_dags/example_python_decorator.py
[2025-01-29T14:54:59.632+0000] {logging_mixin.py:190} INFO - [2025-01-29T14:54:59.632+0000] {dag.py:3239} INFO - Sync 1 DAGs
[2025-01-29T14:54:59.645+0000] {logging_mixin.py:190} INFO - [2025-01-29T14:54:59.645+0000] {dag.py:4180} INFO - Setting next_dagrun for example_python_decorator to None, run_after=None
[2025-01-29T14:54:59.663+0000] {processor.py:208} INFO - Processing /home/airflow/.local/lib/python3.10/site-packages/airflow/example_dags/example_python_decorator.py took 0.150 seconds
[2025-01-29T14:55:30.608+0000] {processor.py:186} INFO - Started process (PID=181) to work on /home/airflow/.local/lib/python3.10/site-packages/airflow/example_dags/example_python_decorator.py
[2025-01-29T14:55:30.609+0000] {processor.py:914} INFO - Processing file /home/airflow/.local/lib/python3.10/site-packages/airflow/example_dags/example_python_decorator.py for tasks to queue
[2025-01-29T14:55:30.612+0000] {logging_mixin.py:190} INFO - [2025-01-29T14:55:30.612+0000] {dagbag.py:588} INFO - Filling up the DagBag from /home/airflow/.local/lib/python3.10/site-packages/airflow/example_dags/example_python_decorator.py
[2025-01-29T14:55:30.625+0000] {processor.py:925} INFO - DAG(s) 'example_python_decorator' retrieved from /home/airflow/.local/lib/python3.10/site-packages/airflow/example_dags/example_python_decorator.py
[2025-01-29T14:55:30.646+0000] {logging_mixin.py:190} INFO - [2025-01-29T14:55:30.646+0000] {dag.py:3239} INFO - Sync 1 DAGs
[2025-01-29T14:55:30.659+0000] {logging_mixin.py:190} INFO - [2025-01-29T14:55:30.659+0000] {dag.py:4180} INFO - Setting next_dagrun for example_python_decorator to None, run_after=None
[2025-01-29T14:55:30.678+0000] {processor.py:208} INFO - Processing /home/airflow/.local/lib/python3.10/site-packages/airflow/example_dags/example_python_decorator.py took 0.075 seconds
[2025-01-29T14:56:00.752+0000] {processor.py:186} INFO - Started process (PID=247) to work on /home/airflow/.local/lib/python3.10/site-packages/airflow/example_dags/example_python_decorator.py
[2025-01-29T14:56:00.753+0000] {processor.py:914} INFO - Processing file /home/airflow/.local/lib/python3.10/site-packages/airflow/example_dags/example_python_decorator.py for tasks to queue
[2025-01-29T14:56:00.755+0000] {logging_mixin.py:190} INFO - [2025-01-29T14:56:00.755+0000] {dagbag.py:588} INFO - Filling up the DagBag from /home/airflow/.local/lib/python3.10/site-packages/airflow/example_dags/example_python_decorator.py
[2025-01-29T14:56:00.768+0000] {processor.py:925} INFO - DAG(s) 'example_python_decorator' retrieved from /home/airflow/.local/lib/python3.10/site-packages/airflow/example_dags/example_python_decorator.py
[2025-01-29T14:56:00.788+0000] {logging_mixin.py:190} INFO - [2025-01-29T14:56:00.787+0000] {dag.py:3239} INFO - Sync 1 DAGs
[2025-01-29T14:56:00.801+0000] {logging_mixin.py:190} INFO - [2025-01-29T14:56:00.801+0000] {dag.py:4180} INFO - Setting next_dagrun for example_python_decorator to None, run_after=None
[2025-01-29T14:56:00.818+0000] {processor.py:208} INFO - Processing /home/airflow/.local/lib/python3.10/site-packages/airflow/example_dags/example_python_decorator.py took 0.071 seconds
[2025-01-29T14:56:31.018+0000] {processor.py:186} INFO - Started process (PID=313) to work on /home/airflow/.local/lib/python3.10/site-packages/airflow/example_dags/example_python_decorator.py
[2025-01-29T14:56:31.019+0000] {processor.py:914} INFO - Processing file /home/airflow/.local/lib/python3.10/site-packages/airflow/example_dags/example_python_decorator.py for tasks to queue
[2025-01-29T14:56:31.022+0000] {logging_mixin.py:190} INFO - [2025-01-29T14:56:31.021+0000] {dagbag.py:588} INFO - Filling up the DagBag from /home/airflow/.local/lib/python3.10/site-packages/airflow/example_dags/example_python_decorator.py
[2025-01-29T14:56:31.035+0000] {processor.py:925} INFO - DAG(s) 'example_python_decorator' retrieved from /home/airflow/.local/lib/python3.10/site-packages/airflow/example_dags/example_python_decorator.py
[2025-01-29T14:56:31.060+0000] {logging_mixin.py:190} INFO - [2025-01-29T14:56:31.060+0000] {dag.py:3239} INFO - Sync 1 DAGs
[2025-01-29T14:56:31.073+0000] {logging_mixin.py:190} INFO - [2025-01-29T14:56:31.072+0000] {dag.py:4180} INFO - Setting next_dagrun for example_python_decorator to None, run_after=None
[2025-01-29T14:56:31.090+0000] {processor.py:208} INFO - Processing /home/airflow/.local/lib/python3.10/site-packages/airflow/example_dags/example_python_decorator.py took 0.078 seconds
[2025-01-29T14:57:01.491+0000] {processor.py:186} INFO - Started process (PID=379) to work on /home/airflow/.local/lib/python3.10/site-packages/airflow/example_dags/example_python_decorator.py
[2025-01-29T14:57:01.492+0000] {processor.py:914} INFO - Processing file /home/airflow/.local/lib/python3.10/site-packages/airflow/example_dags/example_python_decorator.py for tasks to queue
[2025-01-29T14:57:01.495+0000] {logging_mixin.py:190} INFO - [2025-01-29T14:57:01.494+0000] {dagbag.py:588} INFO - Filling up the DagBag from /home/airflow/.local/lib/python3.10/site-packages/airflow/example_dags/example_python_decorator.py
[2025-01-29T14:57:01.507+0000] {processor.py:925} INFO - DAG(s) 'example_python_decorator' retrieved from /home/airflow/.local/lib/python3.10/site-packages/airflow/example_dags/example_python_decorator.py
[2025-01-29T14:57:01.527+0000] {logging_mixin.py:190} INFO - [2025-01-29T14:57:01.527+0000] {dag.py:3239} INFO - Sync 1 DAGs
[2025-01-29T14:57:01.540+0000] {logging_mixin.py:190} INFO - [2025-01-29T14:57:01.540+0000] {dag.py:4180} INFO - Setting next_dagrun for example_python_decorator to None, run_after=None
[2025-01-29T14:57:01.557+0000] {processor.py:208} INFO - Processing /home/airflow/.local/lib/python3.10/site-packages/airflow/example_dags/example_python_decorator.py took 0.071 seconds
[2025-01-29T14:57:31.760+0000] {processor.py:186} INFO - Started process (PID=445) to work on /home/airflow/.local/lib/python3.10/site-packages/airflow/example_dags/example_python_decorator.py
[2025-01-29T14:57:31.761+0000] {processor.py:914} INFO - Processing file /home/airflow/.local/lib/python3.10/site-packages/airflow/example_dags/example_python_decorator.py for tasks to queue
[2025-01-29T14:57:31.763+0000] {logging_mixin.py:190} INFO - [2025-01-29T14:57:31.763+0000] {dagbag.py:588} INFO - Filling up the DagBag from /home/airflow/.local/lib/python3.10/site-packages/airflow/example_dags/example_python_decorator.py
[2025-01-29T14:57:31.775+0000] {processor.py:925} INFO - DAG(s) 'example_python_decorator' retrieved from /home/airflow/.local/lib/python3.10/site-packages/airflow/example_dags/example_python_decorator.py
[2025-01-29T14:57:31.795+0000] {logging_mixin.py:190} INFO - [2025-01-29T14:57:31.794+0000] {dag.py:3239} INFO - Sync 1 DAGs
[2025-01-29T14:57:31.807+0000] {logging_mixin.py:190} INFO - [2025-01-29T14:57:31.806+0000] {dag.py:4180} INFO - Setting next_dagrun for example_python_decorator to None, run_after=None
[2025-01-29T14:57:31.897+0000] {processor.py:208} INFO - Processing /home/airflow/.local/lib/python3.10/site-packages/airflow/example_dags/example_python_decorator.py took 0.068 seconds
[2025-01-29T14:58:02.192+0000] {processor.py:186} INFO - Started process (PID=511) to work on /home/airflow/.local/lib/python3.10/site-packages/airflow/example_dags/example_python_decorator.py
[2025-01-29T14:58:02.193+0000] {processor.py:914} INFO - Processing file /home/airflow/.local/lib/python3.10/site-packages/airflow/example_dags/example_python_decorator.py for tasks to queue
[2025-01-29T14:58:02.196+0000] {logging_mixin.py:190} INFO - [2025-01-29T14:58:02.195+0000] {dagbag.py:588} INFO - Filling up the DagBag from /home/airflow/.local/lib/python3.10/site-packages/airflow/example_dags/example_python_decorator.py
[2025-01-29T14:58:02.208+0000] {processor.py:925} INFO - DAG(s) 'example_python_decorator' retrieved from /home/airflow/.local/lib/python3.10/site-packages/airflow/example_dags/example_python_decorator.py
[2025-01-29T14:58:02.230+0000] {logging_mixin.py:190} INFO - [2025-01-29T14:58:02.230+0000] {dag.py:3239} INFO - Sync 1 DAGs
[2025-01-29T14:58:02.243+0000] {logging_mixin.py:190} INFO - [2025-01-29T14:58:02.243+0000] {dag.py:4180} INFO - Setting next_dagrun for example_python_decorator to None, run_after=None
[2025-01-29T14:58:02.260+0000] {processor.py:208} INFO - Processing /home/airflow/.local/lib/python3.10/site-packages/airflow/example_dags/example_python_decorator.py took 0.073 seconds
[2025-01-29T14:58:32.691+0000] {processor.py:186} INFO - Started process (PID=577) to work on /home/airflow/.local/lib/python3.10/site-packages/airflow/example_dags/example_python_decorator.py
[2025-01-29T14:58:32.692+0000] {processor.py:914} INFO - Processing file /home/airflow/.local/lib/python3.10/site-packages/airflow/example_dags/example_python_decorator.py for tasks to queue
[2025-01-29T14:58:32.694+0000] {logging_mixin.py:190} INFO - [2025-01-29T14:58:32.694+0000] {dagbag.py:588} INFO - Filling up the DagBag from /home/airflow/.local/lib/python3.10/site-packages/airflow/example_dags/example_python_decorator.py
[2025-01-29T14:58:32.706+0000] {processor.py:925} INFO - DAG(s) 'example_python_decorator' retrieved from /home/airflow/.local/lib/python3.10/site-packages/airflow/example_dags/example_python_decorator.py
[2025-01-29T14:58:32.726+0000] {logging_mixin.py:190} INFO - [2025-01-29T14:58:32.726+0000] {dag.py:3239} INFO - Sync 1 DAGs
[2025-01-29T14:58:32.738+0000] {logging_mixin.py:190} INFO - [2025-01-29T14:58:32.738+0000] {dag.py:4180} INFO - Setting next_dagrun for example_python_decorator to None, run_after=None
[2025-01-29T14:58:32.754+0000] {processor.py:208} INFO - Processing /home/airflow/.local/lib/python3.10/site-packages/airflow/example_dags/example_python_decorator.py took 0.068 seconds
[2025-01-29T14:59:02.997+0000] {processor.py:186} INFO - Started process (PID=643) to work on /home/airflow/.local/lib/python3.10/site-packages/airflow/example_dags/example_python_decorator.py
[2025-01-29T14:59:02.997+0000] {processor.py:914} INFO - Processing file /home/airflow/.local/lib/python3.10/site-packages/airflow/example_dags/example_python_decorator.py for tasks to queue
[2025-01-29T14:59:03.000+0000] {logging_mixin.py:190} INFO - [2025-01-29T14:59:02.999+0000] {dagbag.py:588} INFO - Filling up the DagBag from /home/airflow/.local/lib/python3.10/site-packages/airflow/example_dags/example_python_decorator.py
[2025-01-29T14:59:03.011+0000] {processor.py:925} INFO - DAG(s) 'example_python_decorator' retrieved from /home/airflow/.local/lib/python3.10/site-packages/airflow/example_dags/example_python_decorator.py
[2025-01-29T14:59:03.031+0000] {logging_mixin.py:190} INFO - [2025-01-29T14:59:03.030+0000] {dag.py:3239} INFO - Sync 1 DAGs
[2025-01-29T14:59:03.043+0000] {logging_mixin.py:190} INFO - [2025-01-29T14:59:03.043+0000] {dag.py:4180} INFO - Setting next_dagrun for example_python_decorator to None, run_after=None
[2025-01-29T14:59:03.058+0000] {processor.py:208} INFO - Processing /home/airflow/.local/lib/python3.10/site-packages/airflow/example_dags/example_python_decorator.py took 0.067 seconds
[2025-01-29T14:59:33.143+0000] {processor.py:186} INFO - Started process (PID=709) to work on /home/airflow/.local/lib/python3.10/site-packages/airflow/example_dags/example_python_decorator.py
[2025-01-29T14:59:33.143+0000] {processor.py:914} INFO - Processing file /home/airflow/.local/lib/python3.10/site-packages/airflow/example_dags/example_python_decorator.py for tasks to queue
[2025-01-29T14:59:33.146+0000] {logging_mixin.py:190} INFO - [2025-01-29T14:59:33.146+0000] {dagbag.py:588} INFO - Filling up the DagBag from /home/airflow/.local/lib/python3.10/site-packages/airflow/example_dags/example_python_decorator.py
[2025-01-29T14:59:33.158+0000] {processor.py:925} INFO - DAG(s) 'example_python_decorator' retrieved from /home/airflow/.local/lib/python3.10/site-packages/airflow/example_dags/example_python_decorator.py
[2025-01-29T14:59:33.177+0000] {logging_mixin.py:190} INFO - [2025-01-29T14:59:33.177+0000] {dag.py:3239} INFO - Sync 1 DAGs
[2025-01-29T14:59:33.189+0000] {logging_mixin.py:190} INFO - [2025-01-29T14:59:33.189+0000] {dag.py:4180} INFO - Setting next_dagrun for example_python_decorator to None, run_after=None
[2025-01-29T14:59:33.203+0000] {processor.py:208} INFO - Processing /home/airflow/.local/lib/python3.10/site-packages/airflow/example_dags/example_python_decorator.py took 0.065 seconds
[2025-01-29T15:00:03.457+0000] {processor.py:186} INFO - Started process (PID=775) to work on /home/airflow/.local/lib/python3.10/site-packages/airflow/example_dags/example_python_decorator.py
[2025-01-29T15:00:03.458+0000] {processor.py:914} INFO - Processing file /home/airflow/.local/lib/python3.10/site-packages/airflow/example_dags/example_python_decorator.py for tasks to queue
[2025-01-29T15:00:03.461+0000] {logging_mixin.py:190} INFO - [2025-01-29T15:00:03.461+0000] {dagbag.py:588} INFO - Filling up the DagBag from /home/airflow/.local/lib/python3.10/site-packages/airflow/example_dags/example_python_decorator.py
[2025-01-29T15:00:03.474+0000] {processor.py:925} INFO - DAG(s) 'example_python_decorator' retrieved from /home/airflow/.local/lib/python3.10/site-packages/airflow/example_dags/example_python_decorator.py
[2025-01-29T15:00:03.493+0000] {logging_mixin.py:190} INFO - [2025-01-29T15:00:03.493+0000] {dag.py:3239} INFO - Sync 1 DAGs
[2025-01-29T15:00:03.506+0000] {logging_mixin.py:190} INFO - [2025-01-29T15:00:03.506+0000] {dag.py:4180} INFO - Setting next_dagrun for example_python_decorator to None, run_after=None
[2025-01-29T15:00:03.521+0000] {processor.py:208} INFO - Processing /home/airflow/.local/lib/python3.10/site-packages/airflow/example_dags/example_python_decorator.py took 0.069 seconds
[2025-01-29T15:00:34.509+0000] {processor.py:186} INFO - Started process (PID=841) to work on /home/airflow/.local/lib/python3.10/site-packages/airflow/example_dags/example_python_decorator.py
[2025-01-29T15:00:34.510+0000] {processor.py:914} INFO - Processing file /home/airflow/.local/lib/python3.10/site-packages/airflow/example_dags/example_python_decorator.py for tasks to queue
[2025-01-29T15:00:34.512+0000] {logging_mixin.py:190} INFO - [2025-01-29T15:00:34.512+0000] {dagbag.py:588} INFO - Filling up the DagBag from /home/airflow/.local/lib/python3.10/site-packages/airflow/example_dags/example_python_decorator.py
[2025-01-29T15:00:34.524+0000] {processor.py:925} INFO - DAG(s) 'example_python_decorator' retrieved from /home/airflow/.local/lib/python3.10/site-packages/airflow/example_dags/example_python_decorator.py
[2025-01-29T15:00:34.544+0000] {logging_mixin.py:190} INFO - [2025-01-29T15:00:34.544+0000] {dag.py:3239} INFO - Sync 1 DAGs
[2025-01-29T15:00:34.557+0000] {logging_mixin.py:190} INFO - [2025-01-29T15:00:34.556+0000] {dag.py:4180} INFO - Setting next_dagrun for example_python_decorator to None, run_after=None
[2025-01-29T15:00:34.572+0000] {processor.py:208} INFO - Processing /home/airflow/.local/lib/python3.10/site-packages/airflow/example_dags/example_python_decorator.py took 0.068 seconds
[2025-01-29T15:01:04.765+0000] {processor.py:186} INFO - Started process (PID=907) to work on /home/airflow/.local/lib/python3.10/site-packages/airflow/example_dags/example_python_decorator.py
[2025-01-29T15:01:04.765+0000] {processor.py:914} INFO - Processing file /home/airflow/.local/lib/python3.10/site-packages/airflow/example_dags/example_python_decorator.py for tasks to queue
[2025-01-29T15:01:04.768+0000] {logging_mixin.py:190} INFO - [2025-01-29T15:01:04.767+0000] {dagbag.py:588} INFO - Filling up the DagBag from /home/airflow/.local/lib/python3.10/site-packages/airflow/example_dags/example_python_decorator.py
[2025-01-29T15:01:04.780+0000] {processor.py:925} INFO - DAG(s) 'example_python_decorator' retrieved from /home/airflow/.local/lib/python3.10/site-packages/airflow/example_dags/example_python_decorator.py
[2025-01-29T15:01:04.800+0000] {logging_mixin.py:190} INFO - [2025-01-29T15:01:04.800+0000] {dag.py:3239} INFO - Sync 1 DAGs
[2025-01-29T15:01:04.812+0000] {logging_mixin.py:190} INFO - [2025-01-29T15:01:04.812+0000] {dag.py:4180} INFO - Setting next_dagrun for example_python_decorator to None, run_after=None
[2025-01-29T15:01:04.827+0000] {processor.py:208} INFO - Processing /home/airflow/.local/lib/python3.10/site-packages/airflow/example_dags/example_python_decorator.py took 0.068 seconds
[2025-01-29T15:01:35.770+0000] {processor.py:186} INFO - Started process (PID=973) to work on /home/airflow/.local/lib/python3.10/site-packages/airflow/example_dags/example_python_decorator.py
[2025-01-29T15:01:35.771+0000] {processor.py:914} INFO - Processing file /home/airflow/.local/lib/python3.10/site-packages/airflow/example_dags/example_python_decorator.py for tasks to queue
[2025-01-29T15:01:35.773+0000] {logging_mixin.py:190} INFO - [2025-01-29T15:01:35.773+0000] {dagbag.py:588} INFO - Filling up the DagBag from /home/airflow/.local/lib/python3.10/site-packages/airflow/example_dags/example_python_decorator.py
[2025-01-29T15:01:35.786+0000] {processor.py:925} INFO - DAG(s) 'example_python_decorator' retrieved from /home/airflow/.local/lib/python3.10/site-packages/airflow/example_dags/example_python_decorator.py
[2025-01-29T15:01:35.806+0000] {logging_mixin.py:190} INFO - [2025-01-29T15:01:35.805+0000] {dag.py:3239} INFO - Sync 1 DAGs
[2025-01-29T15:01:35.818+0000] {logging_mixin.py:190} INFO - [2025-01-29T15:01:35.818+0000] {dag.py:4180} INFO - Setting next_dagrun for example_python_decorator to None, run_after=None
[2025-01-29T15:01:35.834+0000] {processor.py:208} INFO - Processing /home/airflow/.local/lib/python3.10/site-packages/airflow/example_dags/example_python_decorator.py took 0.069 seconds
[2025-01-29T15:02:06.283+0000] {processor.py:186} INFO - Started process (PID=1039) to work on /home/airflow/.local/lib/python3.10/site-packages/airflow/example_dags/example_python_decorator.py
[2025-01-29T15:02:06.284+0000] {processor.py:914} INFO - Processing file /home/airflow/.local/lib/python3.10/site-packages/airflow/example_dags/example_python_decorator.py for tasks to queue
[2025-01-29T15:02:06.286+0000] {logging_mixin.py:190} INFO - [2025-01-29T15:02:06.286+0000] {dagbag.py:588} INFO - Filling up the DagBag from /home/airflow/.local/lib/python3.10/site-packages/airflow/example_dags/example_python_decorator.py
[2025-01-29T15:02:06.299+0000] {processor.py:925} INFO - DAG(s) 'example_python_decorator' retrieved from /home/airflow/.local/lib/python3.10/site-packages/airflow/example_dags/example_python_decorator.py
[2025-01-29T15:02:06.319+0000] {logging_mixin.py:190} INFO - [2025-01-29T15:02:06.318+0000] {dag.py:3239} INFO - Sync 1 DAGs
[2025-01-29T15:02:06.331+0000] {logging_mixin.py:190} INFO - [2025-01-29T15:02:06.331+0000] {dag.py:4180} INFO - Setting next_dagrun for example_python_decorator to None, run_after=None
[2025-01-29T15:02:06.348+0000] {processor.py:208} INFO - Processing /home/airflow/.local/lib/python3.10/site-packages/airflow/example_dags/example_python_decorator.py took 0.070 seconds
[2025-01-29T15:02:36.406+0000] {processor.py:186} INFO - Started process (PID=1105) to work on /home/airflow/.local/lib/python3.10/site-packages/airflow/example_dags/example_python_decorator.py
[2025-01-29T15:02:36.407+0000] {processor.py:914} INFO - Processing file /home/airflow/.local/lib/python3.10/site-packages/airflow/example_dags/example_python_decorator.py for tasks to queue
[2025-01-29T15:02:36.409+0000] {logging_mixin.py:190} INFO - [2025-01-29T15:02:36.409+0000] {dagbag.py:588} INFO - Filling up the DagBag from /home/airflow/.local/lib/python3.10/site-packages/airflow/example_dags/example_python_decorator.py
[2025-01-29T15:02:36.421+0000] {processor.py:925} INFO - DAG(s) 'example_python_decorator' retrieved from /home/airflow/.local/lib/python3.10/site-packages/airflow/example_dags/example_python_decorator.py
[2025-01-29T15:02:36.441+0000] {logging_mixin.py:190} INFO - [2025-01-29T15:02:36.440+0000] {dag.py:3239} INFO - Sync 1 DAGs
[2025-01-29T15:02:36.453+0000] {logging_mixin.py:190} INFO - [2025-01-29T15:02:36.453+0000] {dag.py:4180} INFO - Setting next_dagrun for example_python_decorator to None, run_after=None
[2025-01-29T15:02:36.470+0000] {processor.py:208} INFO - Processing /home/airflow/.local/lib/python3.10/site-packages/airflow/example_dags/example_python_decorator.py took 0.070 seconds
[2025-01-29T15:03:06.765+0000] {processor.py:186} INFO - Started process (PID=1171) to work on /home/airflow/.local/lib/python3.10/site-packages/airflow/example_dags/example_python_decorator.py
[2025-01-29T15:03:06.765+0000] {processor.py:914} INFO - Processing file /home/airflow/.local/lib/python3.10/site-packages/airflow/example_dags/example_python_decorator.py for tasks to queue
[2025-01-29T15:03:06.767+0000] {logging_mixin.py:190} INFO - [2025-01-29T15:03:06.767+0000] {dagbag.py:588} INFO - Filling up the DagBag from /home/airflow/.local/lib/python3.10/site-packages/airflow/example_dags/example_python_decorator.py
[2025-01-29T15:03:06.779+0000] {processor.py:925} INFO - DAG(s) 'example_python_decorator' retrieved from /home/airflow/.local/lib/python3.10/site-packages/airflow/example_dags/example_python_decorator.py
[2025-01-29T15:03:06.800+0000] {logging_mixin.py:190} INFO - [2025-01-29T15:03:06.800+0000] {dag.py:3239} INFO - Sync 1 DAGs
[2025-01-29T15:03:06.813+0000] {logging_mixin.py:190} INFO - [2025-01-29T15:03:06.812+0000] {dag.py:4180} INFO - Setting next_dagrun for example_python_decorator to None, run_after=None
[2025-01-29T15:03:06.827+0000] {processor.py:208} INFO - Processing /home/airflow/.local/lib/python3.10/site-packages/airflow/example_dags/example_python_decorator.py took 0.068 seconds
[2025-01-29T15:03:37.111+0000] {processor.py:186} INFO - Started process (PID=1237) to work on /home/airflow/.local/lib/python3.10/site-packages/airflow/example_dags/example_python_decorator.py
[2025-01-29T15:03:37.112+0000] {processor.py:914} INFO - Processing file /home/airflow/.local/lib/python3.10/site-packages/airflow/example_dags/example_python_decorator.py for tasks to queue
[2025-01-29T15:03:37.114+0000] {logging_mixin.py:190} INFO - [2025-01-29T15:03:37.114+0000] {dagbag.py:588} INFO - Filling up the DagBag from /home/airflow/.local/lib/python3.10/site-packages/airflow/example_dags/example_python_decorator.py
[2025-01-29T15:03:37.127+0000] {processor.py:925} INFO - DAG(s) 'example_python_decorator' retrieved from /home/airflow/.local/lib/python3.10/site-packages/airflow/example_dags/example_python_decorator.py
[2025-01-29T15:03:37.146+0000] {logging_mixin.py:190} INFO - [2025-01-29T15:03:37.146+0000] {dag.py:3239} INFO - Sync 1 DAGs
[2025-01-29T15:03:37.157+0000] {logging_mixin.py:190} INFO - [2025-01-29T15:03:37.157+0000] {dag.py:4180} INFO - Setting next_dagrun for example_python_decorator to None, run_after=None
[2025-01-29T15:03:37.173+0000] {processor.py:208} INFO - Processing /home/airflow/.local/lib/python3.10/site-packages/airflow/example_dags/example_python_decorator.py took 0.067 seconds
[2025-01-29T15:04:07.415+0000] {processor.py:186} INFO - Started process (PID=1303) to work on /home/airflow/.local/lib/python3.10/site-packages/airflow/example_dags/example_python_decorator.py
[2025-01-29T15:04:07.416+0000] {processor.py:914} INFO - Processing file /home/airflow/.local/lib/python3.10/site-packages/airflow/example_dags/example_python_decorator.py for tasks to queue
[2025-01-29T15:04:07.418+0000] {logging_mixin.py:190} INFO - [2025-01-29T15:04:07.418+0000] {dagbag.py:588} INFO - Filling up the DagBag from /home/airflow/.local/lib/python3.10/site-packages/airflow/example_dags/example_python_decorator.py
[2025-01-29T15:04:07.431+0000] {processor.py:925} INFO - DAG(s) 'example_python_decorator' retrieved from /home/airflow/.local/lib/python3.10/site-packages/airflow/example_dags/example_python_decorator.py
[2025-01-29T15:04:07.451+0000] {logging_mixin.py:190} INFO - [2025-01-29T15:04:07.450+0000] {dag.py:3239} INFO - Sync 1 DAGs
[2025-01-29T15:04:07.463+0000] {logging_mixin.py:190} INFO - [2025-01-29T15:04:07.462+0000] {dag.py:4180} INFO - Setting next_dagrun for example_python_decorator to None, run_after=None
[2025-01-29T15:04:07.483+0000] {processor.py:208} INFO - Processing /home/airflow/.local/lib/python3.10/site-packages/airflow/example_dags/example_python_decorator.py took 0.073 seconds
[2025-01-29T15:04:37.807+0000] {processor.py:186} INFO - Started process (PID=1369) to work on /home/airflow/.local/lib/python3.10/site-packages/airflow/example_dags/example_python_decorator.py
[2025-01-29T15:04:37.808+0000] {processor.py:914} INFO - Processing file /home/airflow/.local/lib/python3.10/site-packages/airflow/example_dags/example_python_decorator.py for tasks to queue
[2025-01-29T15:04:37.810+0000] {logging_mixin.py:190} INFO - [2025-01-29T15:04:37.810+0000] {dagbag.py:588} INFO - Filling up the DagBag from /home/airflow/.local/lib/python3.10/site-packages/airflow/example_dags/example_python_decorator.py
[2025-01-29T15:04:37.823+0000] {processor.py:925} INFO - DAG(s) 'example_python_decorator' retrieved from /home/airflow/.local/lib/python3.10/site-packages/airflow/example_dags/example_python_decorator.py
[2025-01-29T15:04:37.843+0000] {logging_mixin.py:190} INFO - [2025-01-29T15:04:37.843+0000] {dag.py:3239} INFO - Sync 1 DAGs
[2025-01-29T15:04:37.855+0000] {logging_mixin.py:190} INFO - [2025-01-29T15:04:37.855+0000] {dag.py:4180} INFO - Setting next_dagrun for example_python_decorator to None, run_after=None
[2025-01-29T15:04:37.871+0000] {processor.py:208} INFO - Processing /home/airflow/.local/lib/python3.10/site-packages/airflow/example_dags/example_python_decorator.py took 0.069 seconds
[2025-01-29T15:05:08.168+0000] {processor.py:186} INFO - Started process (PID=1435) to work on /home/airflow/.local/lib/python3.10/site-packages/airflow/example_dags/example_python_decorator.py
[2025-01-29T15:05:08.169+0000] {processor.py:914} INFO - Processing file /home/airflow/.local/lib/python3.10/site-packages/airflow/example_dags/example_python_decorator.py for tasks to queue
[2025-01-29T15:05:08.172+0000] {logging_mixin.py:190} INFO - [2025-01-29T15:05:08.171+0000] {dagbag.py:588} INFO - Filling up the DagBag from /home/airflow/.local/lib/python3.10/site-packages/airflow/example_dags/example_python_decorator.py
[2025-01-29T15:05:08.184+0000] {processor.py:925} INFO - DAG(s) 'example_python_decorator' retrieved from /home/airflow/.local/lib/python3.10/site-packages/airflow/example_dags/example_python_decorator.py
[2025-01-29T15:05:08.203+0000] {logging_mixin.py:190} INFO - [2025-01-29T15:05:08.203+0000] {dag.py:3239} INFO - Sync 1 DAGs
[2025-01-29T15:05:08.215+0000] {logging_mixin.py:190} INFO - [2025-01-29T15:05:08.215+0000] {dag.py:4180} INFO - Setting next_dagrun for example_python_decorator to None, run_after=None
[2025-01-29T15:05:08.231+0000] {processor.py:208} INFO - Processing /home/airflow/.local/lib/python3.10/site-packages/airflow/example_dags/example_python_decorator.py took 0.068 seconds
[2025-01-29T15:05:39.147+0000] {processor.py:186} INFO - Started process (PID=1501) to work on /home/airflow/.local/lib/python3.10/site-packages/airflow/example_dags/example_python_decorator.py
[2025-01-29T15:05:39.148+0000] {processor.py:914} INFO - Processing file /home/airflow/.local/lib/python3.10/site-packages/airflow/example_dags/example_python_decorator.py for tasks to queue
[2025-01-29T15:05:39.150+0000] {logging_mixin.py:190} INFO - [2025-01-29T15:05:39.150+0000] {dagbag.py:588} INFO - Filling up the DagBag from /home/airflow/.local/lib/python3.10/site-packages/airflow/example_dags/example_python_decorator.py
[2025-01-29T15:05:39.162+0000] {processor.py:925} INFO - DAG(s) 'example_python_decorator' retrieved from /home/airflow/.local/lib/python3.10/site-packages/airflow/example_dags/example_python_decorator.py
[2025-01-29T15:05:39.182+0000] {logging_mixin.py:190} INFO - [2025-01-29T15:05:39.182+0000] {dag.py:3239} INFO - Sync 1 DAGs
[2025-01-29T15:05:39.194+0000] {logging_mixin.py:190} INFO - [2025-01-29T15:05:39.194+0000] {dag.py:4180} INFO - Setting next_dagrun for example_python_decorator to None, run_after=None
[2025-01-29T15:05:39.210+0000] {processor.py:208} INFO - Processing /home/airflow/.local/lib/python3.10/site-packages/airflow/example_dags/example_python_decorator.py took 0.068 seconds
[2025-01-29T15:06:09.567+0000] {processor.py:186} INFO - Started process (PID=1567) to work on /home/airflow/.local/lib/python3.10/site-packages/airflow/example_dags/example_python_decorator.py
[2025-01-29T15:06:09.568+0000] {processor.py:914} INFO - Processing file /home/airflow/.local/lib/python3.10/site-packages/airflow/example_dags/example_python_decorator.py for tasks to queue
[2025-01-29T15:06:09.570+0000] {logging_mixin.py:190} INFO - [2025-01-29T15:06:09.570+0000] {dagbag.py:588} INFO - Filling up the DagBag from /home/airflow/.local/lib/python3.10/site-packages/airflow/example_dags/example_python_decorator.py
[2025-01-29T15:06:09.582+0000] {processor.py:925} INFO - DAG(s) 'example_python_decorator' retrieved from /home/airflow/.local/lib/python3.10/site-packages/airflow/example_dags/example_python_decorator.py
[2025-01-29T15:06:09.601+0000] {logging_mixin.py:190} INFO - [2025-01-29T15:06:09.601+0000] {dag.py:3239} INFO - Sync 1 DAGs
[2025-01-29T15:06:09.614+0000] {logging_mixin.py:190} INFO - [2025-01-29T15:06:09.613+0000] {dag.py:4180} INFO - Setting next_dagrun for example_python_decorator to None, run_after=None
[2025-01-29T15:06:09.630+0000] {processor.py:208} INFO - Processing /home/airflow/.local/lib/python3.10/site-packages/airflow/example_dags/example_python_decorator.py took 0.068 seconds
[2025-01-29T15:06:39.749+0000] {processor.py:186} INFO - Started process (PID=1633) to work on /home/airflow/.local/lib/python3.10/site-packages/airflow/example_dags/example_python_decorator.py
[2025-01-29T15:06:39.750+0000] {processor.py:914} INFO - Processing file /home/airflow/.local/lib/python3.10/site-packages/airflow/example_dags/example_python_decorator.py for tasks to queue
[2025-01-29T15:06:39.752+0000] {logging_mixin.py:190} INFO - [2025-01-29T15:06:39.752+0000] {dagbag.py:588} INFO - Filling up the DagBag from /home/airflow/.local/lib/python3.10/site-packages/airflow/example_dags/example_python_decorator.py
[2025-01-29T15:06:39.764+0000] {processor.py:925} INFO - DAG(s) 'example_python_decorator' retrieved from /home/airflow/.local/lib/python3.10/site-packages/airflow/example_dags/example_python_decorator.py
[2025-01-29T15:06:39.783+0000] {logging_mixin.py:190} INFO - [2025-01-29T15:06:39.783+0000] {dag.py:3239} INFO - Sync 1 DAGs
[2025-01-29T15:06:39.796+0000] {logging_mixin.py:190} INFO - [2025-01-29T15:06:39.795+0000] {dag.py:4180} INFO - Setting next_dagrun for example_python_decorator to None, run_after=None
[2025-01-29T15:06:39.812+0000] {processor.py:208} INFO - Processing /home/airflow/.local/lib/python3.10/site-packages/airflow/example_dags/example_python_decorator.py took 0.069 seconds
[2025-01-29T15:07:10.210+0000] {processor.py:186} INFO - Started process (PID=1699) to work on /home/airflow/.local/lib/python3.10/site-packages/airflow/example_dags/example_python_decorator.py
[2025-01-29T15:07:10.211+0000] {processor.py:914} INFO - Processing file /home/airflow/.local/lib/python3.10/site-packages/airflow/example_dags/example_python_decorator.py for tasks to queue
[2025-01-29T15:07:10.213+0000] {logging_mixin.py:190} INFO - [2025-01-29T15:07:10.213+0000] {dagbag.py:588} INFO - Filling up the DagBag from /home/airflow/.local/lib/python3.10/site-packages/airflow/example_dags/example_python_decorator.py
[2025-01-29T15:07:10.225+0000] {processor.py:925} INFO - DAG(s) 'example_python_decorator' retrieved from /home/airflow/.local/lib/python3.10/site-packages/airflow/example_dags/example_python_decorator.py
[2025-01-29T15:07:10.245+0000] {logging_mixin.py:190} INFO - [2025-01-29T15:07:10.245+0000] {dag.py:3239} INFO - Sync 1 DAGs
[2025-01-29T15:07:10.258+0000] {logging_mixin.py:190} INFO - [2025-01-29T15:07:10.257+0000] {dag.py:4180} INFO - Setting next_dagrun for example_python_decorator to None, run_after=None
[2025-01-29T15:07:10.273+0000] {processor.py:208} INFO - Processing /home/airflow/.local/lib/python3.10/site-packages/airflow/example_dags/example_python_decorator.py took 0.068 seconds
[2025-01-29T15:07:41.114+0000] {processor.py:186} INFO - Started process (PID=1765) to work on /home/airflow/.local/lib/python3.10/site-packages/airflow/example_dags/example_python_decorator.py
[2025-01-29T15:07:41.115+0000] {processor.py:914} INFO - Processing file /home/airflow/.local/lib/python3.10/site-packages/airflow/example_dags/example_python_decorator.py for tasks to queue
[2025-01-29T15:07:41.117+0000] {logging_mixin.py:190} INFO - [2025-01-29T15:07:41.117+0000] {dagbag.py:588} INFO - Filling up the DagBag from /home/airflow/.local/lib/python3.10/site-packages/airflow/example_dags/example_python_decorator.py
[2025-01-29T15:07:41.132+0000] {processor.py:925} INFO - DAG(s) 'example_python_decorator' retrieved from /home/airflow/.local/lib/python3.10/site-packages/airflow/example_dags/example_python_decorator.py
[2025-01-29T15:07:41.151+0000] {logging_mixin.py:190} INFO - [2025-01-29T15:07:41.151+0000] {dag.py:3239} INFO - Sync 1 DAGs
[2025-01-29T15:07:41.165+0000] {logging_mixin.py:190} INFO - [2025-01-29T15:07:41.165+0000] {dag.py:4180} INFO - Setting next_dagrun for example_python_decorator to None, run_after=None
[2025-01-29T15:07:41.183+0000] {processor.py:208} INFO - Processing /home/airflow/.local/lib/python3.10/site-packages/airflow/example_dags/example_python_decorator.py took 0.074 seconds
[2025-01-29T15:08:11.766+0000] {processor.py:186} INFO - Started process (PID=1831) to work on /home/airflow/.local/lib/python3.10/site-packages/airflow/example_dags/example_python_decorator.py
[2025-01-29T15:08:11.767+0000] {processor.py:914} INFO - Processing file /home/airflow/.local/lib/python3.10/site-packages/airflow/example_dags/example_python_decorator.py for tasks to queue
[2025-01-29T15:08:11.769+0000] {logging_mixin.py:190} INFO - [2025-01-29T15:08:11.769+0000] {dagbag.py:588} INFO - Filling up the DagBag from /home/airflow/.local/lib/python3.10/site-packages/airflow/example_dags/example_python_decorator.py
[2025-01-29T15:08:11.782+0000] {processor.py:925} INFO - DAG(s) 'example_python_decorator' retrieved from /home/airflow/.local/lib/python3.10/site-packages/airflow/example_dags/example_python_decorator.py
[2025-01-29T15:08:11.801+0000] {logging_mixin.py:190} INFO - [2025-01-29T15:08:11.801+0000] {dag.py:3239} INFO - Sync 1 DAGs
[2025-01-29T15:08:11.815+0000] {logging_mixin.py:190} INFO - [2025-01-29T15:08:11.814+0000] {dag.py:4180} INFO - Setting next_dagrun for example_python_decorator to None, run_after=None
[2025-01-29T15:08:11.830+0000] {processor.py:208} INFO - Processing /home/airflow/.local/lib/python3.10/site-packages/airflow/example_dags/example_python_decorator.py took 0.069 seconds
[2025-01-29T15:08:43.087+0000] {processor.py:186} INFO - Started process (PID=1897) to work on /home/airflow/.local/lib/python3.10/site-packages/airflow/example_dags/example_python_decorator.py
[2025-01-29T15:08:43.088+0000] {processor.py:914} INFO - Processing file /home/airflow/.local/lib/python3.10/site-packages/airflow/example_dags/example_python_decorator.py for tasks to queue
[2025-01-29T15:08:43.091+0000] {logging_mixin.py:190} INFO - [2025-01-29T15:08:43.090+0000] {dagbag.py:588} INFO - Filling up the DagBag from /home/airflow/.local/lib/python3.10/site-packages/airflow/example_dags/example_python_decorator.py
[2025-01-29T15:08:43.103+0000] {processor.py:925} INFO - DAG(s) 'example_python_decorator' retrieved from /home/airflow/.local/lib/python3.10/site-packages/airflow/example_dags/example_python_decorator.py
[2025-01-29T15:08:43.122+0000] {logging_mixin.py:190} INFO - [2025-01-29T15:08:43.122+0000] {dag.py:3239} INFO - Sync 1 DAGs
[2025-01-29T15:08:43.135+0000] {logging_mixin.py:190} INFO - [2025-01-29T15:08:43.135+0000] {dag.py:4180} INFO - Setting next_dagrun for example_python_decorator to None, run_after=None
[2025-01-29T15:08:43.151+0000] {processor.py:208} INFO - Processing /home/airflow/.local/lib/python3.10/site-packages/airflow/example_dags/example_python_decorator.py took 0.069 seconds
[2025-01-29T15:09:14.572+0000] {processor.py:186} INFO - Started process (PID=1963) to work on /home/airflow/.local/lib/python3.10/site-packages/airflow/example_dags/example_python_decorator.py
[2025-01-29T15:09:14.573+0000] {processor.py:914} INFO - Processing file /home/airflow/.local/lib/python3.10/site-packages/airflow/example_dags/example_python_decorator.py for tasks to queue
[2025-01-29T15:09:14.575+0000] {logging_mixin.py:190} INFO - [2025-01-29T15:09:14.575+0000] {dagbag.py:588} INFO - Filling up the DagBag from /home/airflow/.local/lib/python3.10/site-packages/airflow/example_dags/example_python_decorator.py
[2025-01-29T15:09:14.588+0000] {processor.py:925} INFO - DAG(s) 'example_python_decorator' retrieved from /home/airflow/.local/lib/python3.10/site-packages/airflow/example_dags/example_python_decorator.py
[2025-01-29T15:09:14.607+0000] {logging_mixin.py:190} INFO - [2025-01-29T15:09:14.607+0000] {dag.py:3239} INFO - Sync 1 DAGs
[2025-01-29T15:09:14.781+0000] {logging_mixin.py:190} INFO - [2025-01-29T15:09:14.780+0000] {dag.py:4180} INFO - Setting next_dagrun for example_python_decorator to None, run_after=None
[2025-01-29T15:09:14.800+0000] {processor.py:208} INFO - Processing /home/airflow/.local/lib/python3.10/site-packages/airflow/example_dags/example_python_decorator.py took 0.233 seconds
[2025-01-29T15:09:45.039+0000] {processor.py:186} INFO - Started process (PID=2029) to work on /home/airflow/.local/lib/python3.10/site-packages/airflow/example_dags/example_python_decorator.py
[2025-01-29T15:09:45.040+0000] {processor.py:914} INFO - Processing file /home/airflow/.local/lib/python3.10/site-packages/airflow/example_dags/example_python_decorator.py for tasks to queue
[2025-01-29T15:09:45.042+0000] {logging_mixin.py:190} INFO - [2025-01-29T15:09:45.042+0000] {dagbag.py:588} INFO - Filling up the DagBag from /home/airflow/.local/lib/python3.10/site-packages/airflow/example_dags/example_python_decorator.py
[2025-01-29T15:09:45.055+0000] {processor.py:925} INFO - DAG(s) 'example_python_decorator' retrieved from /home/airflow/.local/lib/python3.10/site-packages/airflow/example_dags/example_python_decorator.py
[2025-01-29T15:09:45.074+0000] {logging_mixin.py:190} INFO - [2025-01-29T15:09:45.073+0000] {dag.py:3239} INFO - Sync 1 DAGs
[2025-01-29T15:09:45.253+0000] {logging_mixin.py:190} INFO - [2025-01-29T15:09:45.252+0000] {dag.py:4180} INFO - Setting next_dagrun for example_python_decorator to None, run_after=None
[2025-01-29T15:09:45.266+0000] {processor.py:208} INFO - Processing /home/airflow/.local/lib/python3.10/site-packages/airflow/example_dags/example_python_decorator.py took 0.233 seconds
[2025-01-29T15:10:16.343+0000] {processor.py:186} INFO - Started process (PID=2095) to work on /home/airflow/.local/lib/python3.10/site-packages/airflow/example_dags/example_python_decorator.py
[2025-01-29T15:10:16.344+0000] {processor.py:914} INFO - Processing file /home/airflow/.local/lib/python3.10/site-packages/airflow/example_dags/example_python_decorator.py for tasks to queue
[2025-01-29T15:10:16.347+0000] {logging_mixin.py:190} INFO - [2025-01-29T15:10:16.347+0000] {dagbag.py:588} INFO - Filling up the DagBag from /home/airflow/.local/lib/python3.10/site-packages/airflow/example_dags/example_python_decorator.py
[2025-01-29T15:10:16.359+0000] {processor.py:925} INFO - DAG(s) 'example_python_decorator' retrieved from /home/airflow/.local/lib/python3.10/site-packages/airflow/example_dags/example_python_decorator.py
[2025-01-29T15:10:16.378+0000] {logging_mixin.py:190} INFO - [2025-01-29T15:10:16.378+0000] {dag.py:3239} INFO - Sync 1 DAGs
[2025-01-29T15:10:16.553+0000] {logging_mixin.py:190} INFO - [2025-01-29T15:10:16.553+0000] {dag.py:4180} INFO - Setting next_dagrun for example_python_decorator to None, run_after=None
[2025-01-29T15:10:16.570+0000] {processor.py:208} INFO - Processing /home/airflow/.local/lib/python3.10/site-packages/airflow/example_dags/example_python_decorator.py took 0.232 seconds
[2025-01-29T15:10:46.910+0000] {processor.py:186} INFO - Started process (PID=2161) to work on /home/airflow/.local/lib/python3.10/site-packages/airflow/example_dags/example_python_decorator.py
[2025-01-29T15:10:46.911+0000] {processor.py:914} INFO - Processing file /home/airflow/.local/lib/python3.10/site-packages/airflow/example_dags/example_python_decorator.py for tasks to queue
[2025-01-29T15:10:46.913+0000] {logging_mixin.py:190} INFO - [2025-01-29T15:10:46.913+0000] {dagbag.py:588} INFO - Filling up the DagBag from /home/airflow/.local/lib/python3.10/site-packages/airflow/example_dags/example_python_decorator.py
[2025-01-29T15:10:46.925+0000] {processor.py:925} INFO - DAG(s) 'example_python_decorator' retrieved from /home/airflow/.local/lib/python3.10/site-packages/airflow/example_dags/example_python_decorator.py
[2025-01-29T15:10:46.945+0000] {logging_mixin.py:190} INFO - [2025-01-29T15:10:46.945+0000] {dag.py:3239} INFO - Sync 1 DAGs
[2025-01-29T15:10:47.119+0000] {logging_mixin.py:190} INFO - [2025-01-29T15:10:47.118+0000] {dag.py:4180} INFO - Setting next_dagrun for example_python_decorator to None, run_after=None
[2025-01-29T15:10:47.134+0000] {processor.py:208} INFO - Processing /home/airflow/.local/lib/python3.10/site-packages/airflow/example_dags/example_python_decorator.py took 0.229 seconds
[2025-01-29T15:11:17.500+0000] {processor.py:186} INFO - Started process (PID=2227) to work on /home/airflow/.local/lib/python3.10/site-packages/airflow/example_dags/example_python_decorator.py
[2025-01-29T15:11:17.500+0000] {processor.py:914} INFO - Processing file /home/airflow/.local/lib/python3.10/site-packages/airflow/example_dags/example_python_decorator.py for tasks to queue
[2025-01-29T15:11:17.504+0000] {logging_mixin.py:190} INFO - [2025-01-29T15:11:17.503+0000] {dagbag.py:588} INFO - Filling up the DagBag from /home/airflow/.local/lib/python3.10/site-packages/airflow/example_dags/example_python_decorator.py
[2025-01-29T15:11:17.518+0000] {processor.py:925} INFO - DAG(s) 'example_python_decorator' retrieved from /home/airflow/.local/lib/python3.10/site-packages/airflow/example_dags/example_python_decorator.py
[2025-01-29T15:11:17.542+0000] {logging_mixin.py:190} INFO - [2025-01-29T15:11:17.542+0000] {dag.py:3239} INFO - Sync 1 DAGs
[2025-01-29T15:11:17.558+0000] {logging_mixin.py:190} INFO - [2025-01-29T15:11:17.558+0000] {dag.py:4180} INFO - Setting next_dagrun for example_python_decorator to None, run_after=None
[2025-01-29T15:11:17.578+0000] {processor.py:208} INFO - Processing /home/airflow/.local/lib/python3.10/site-packages/airflow/example_dags/example_python_decorator.py took 0.086 seconds
[2025-01-29T15:11:48.020+0000] {processor.py:186} INFO - Started process (PID=2293) to work on /home/airflow/.local/lib/python3.10/site-packages/airflow/example_dags/example_python_decorator.py
[2025-01-29T15:11:48.021+0000] {processor.py:914} INFO - Processing file /home/airflow/.local/lib/python3.10/site-packages/airflow/example_dags/example_python_decorator.py for tasks to queue
[2025-01-29T15:11:48.023+0000] {logging_mixin.py:190} INFO - [2025-01-29T15:11:48.023+0000] {dagbag.py:588} INFO - Filling up the DagBag from /home/airflow/.local/lib/python3.10/site-packages/airflow/example_dags/example_python_decorator.py
[2025-01-29T15:11:48.035+0000] {processor.py:925} INFO - DAG(s) 'example_python_decorator' retrieved from /home/airflow/.local/lib/python3.10/site-packages/airflow/example_dags/example_python_decorator.py
[2025-01-29T15:11:48.056+0000] {logging_mixin.py:190} INFO - [2025-01-29T15:11:48.056+0000] {dag.py:3239} INFO - Sync 1 DAGs
[2025-01-29T15:11:48.069+0000] {logging_mixin.py:190} INFO - [2025-01-29T15:11:48.069+0000] {dag.py:4180} INFO - Setting next_dagrun for example_python_decorator to None, run_after=None
[2025-01-29T15:11:48.083+0000] {processor.py:208} INFO - Processing /home/airflow/.local/lib/python3.10/site-packages/airflow/example_dags/example_python_decorator.py took 0.069 seconds
[2025-01-29T15:12:18.207+0000] {processor.py:186} INFO - Started process (PID=2359) to work on /home/airflow/.local/lib/python3.10/site-packages/airflow/example_dags/example_python_decorator.py
[2025-01-29T15:12:18.207+0000] {processor.py:914} INFO - Processing file /home/airflow/.local/lib/python3.10/site-packages/airflow/example_dags/example_python_decorator.py for tasks to queue
[2025-01-29T15:12:18.209+0000] {logging_mixin.py:190} INFO - [2025-01-29T15:12:18.209+0000] {dagbag.py:588} INFO - Filling up the DagBag from /home/airflow/.local/lib/python3.10/site-packages/airflow/example_dags/example_python_decorator.py
[2025-01-29T15:12:18.222+0000] {processor.py:925} INFO - DAG(s) 'example_python_decorator' retrieved from /home/airflow/.local/lib/python3.10/site-packages/airflow/example_dags/example_python_decorator.py
[2025-01-29T15:12:18.242+0000] {logging_mixin.py:190} INFO - [2025-01-29T15:12:18.241+0000] {dag.py:3239} INFO - Sync 1 DAGs
[2025-01-29T15:12:18.255+0000] {logging_mixin.py:190} INFO - [2025-01-29T15:12:18.254+0000] {dag.py:4180} INFO - Setting next_dagrun for example_python_decorator to None, run_after=None
[2025-01-29T15:12:18.269+0000] {processor.py:208} INFO - Processing /home/airflow/.local/lib/python3.10/site-packages/airflow/example_dags/example_python_decorator.py took 0.068 seconds
[2025-01-29T15:12:48.325+0000] {processor.py:186} INFO - Started process (PID=2425) to work on /home/airflow/.local/lib/python3.10/site-packages/airflow/example_dags/example_python_decorator.py
[2025-01-29T15:12:48.326+0000] {processor.py:914} INFO - Processing file /home/airflow/.local/lib/python3.10/site-packages/airflow/example_dags/example_python_decorator.py for tasks to queue
[2025-01-29T15:12:48.328+0000] {logging_mixin.py:190} INFO - [2025-01-29T15:12:48.328+0000] {dagbag.py:588} INFO - Filling up the DagBag from /home/airflow/.local/lib/python3.10/site-packages/airflow/example_dags/example_python_decorator.py
[2025-01-29T15:12:48.340+0000] {processor.py:925} INFO - DAG(s) 'example_python_decorator' retrieved from /home/airflow/.local/lib/python3.10/site-packages/airflow/example_dags/example_python_decorator.py
[2025-01-29T15:12:48.360+0000] {logging_mixin.py:190} INFO - [2025-01-29T15:12:48.360+0000] {dag.py:3239} INFO - Sync 1 DAGs
[2025-01-29T15:12:48.373+0000] {logging_mixin.py:190} INFO - [2025-01-29T15:12:48.372+0000] {dag.py:4180} INFO - Setting next_dagrun for example_python_decorator to None, run_after=None
[2025-01-29T15:12:48.387+0000] {processor.py:208} INFO - Processing /home/airflow/.local/lib/python3.10/site-packages/airflow/example_dags/example_python_decorator.py took 0.067 seconds
[2025-01-29T15:13:18.863+0000] {processor.py:186} INFO - Started process (PID=2490) to work on /home/airflow/.local/lib/python3.10/site-packages/airflow/example_dags/example_python_decorator.py
[2025-01-29T15:13:18.864+0000] {processor.py:914} INFO - Processing file /home/airflow/.local/lib/python3.10/site-packages/airflow/example_dags/example_python_decorator.py for tasks to queue
[2025-01-29T15:13:18.866+0000] {logging_mixin.py:190} INFO - [2025-01-29T15:13:18.866+0000] {dagbag.py:588} INFO - Filling up the DagBag from /home/airflow/.local/lib/python3.10/site-packages/airflow/example_dags/example_python_decorator.py
[2025-01-29T15:13:18.878+0000] {processor.py:925} INFO - DAG(s) 'example_python_decorator' retrieved from /home/airflow/.local/lib/python3.10/site-packages/airflow/example_dags/example_python_decorator.py
[2025-01-29T15:13:18.898+0000] {logging_mixin.py:190} INFO - [2025-01-29T15:13:18.897+0000] {dag.py:3239} INFO - Sync 1 DAGs
[2025-01-29T15:13:18.910+0000] {logging_mixin.py:190} INFO - [2025-01-29T15:13:18.910+0000] {dag.py:4180} INFO - Setting next_dagrun for example_python_decorator to None, run_after=None
[2025-01-29T15:13:18.925+0000] {processor.py:208} INFO - Processing /home/airflow/.local/lib/python3.10/site-packages/airflow/example_dags/example_python_decorator.py took 0.067 seconds
[2025-01-29T15:13:48.989+0000] {processor.py:186} INFO - Started process (PID=2556) to work on /home/airflow/.local/lib/python3.10/site-packages/airflow/example_dags/example_python_decorator.py
[2025-01-29T15:13:48.990+0000] {processor.py:914} INFO - Processing file /home/airflow/.local/lib/python3.10/site-packages/airflow/example_dags/example_python_decorator.py for tasks to queue
[2025-01-29T15:13:48.992+0000] {logging_mixin.py:190} INFO - [2025-01-29T15:13:48.992+0000] {dagbag.py:588} INFO - Filling up the DagBag from /home/airflow/.local/lib/python3.10/site-packages/airflow/example_dags/example_python_decorator.py
[2025-01-29T15:13:49.005+0000] {processor.py:925} INFO - DAG(s) 'example_python_decorator' retrieved from /home/airflow/.local/lib/python3.10/site-packages/airflow/example_dags/example_python_decorator.py
[2025-01-29T15:13:49.024+0000] {logging_mixin.py:190} INFO - [2025-01-29T15:13:49.024+0000] {dag.py:3239} INFO - Sync 1 DAGs
[2025-01-29T15:13:49.037+0000] {logging_mixin.py:190} INFO - [2025-01-29T15:13:49.037+0000] {dag.py:4180} INFO - Setting next_dagrun for example_python_decorator to None, run_after=None
[2025-01-29T15:13:49.052+0000] {processor.py:208} INFO - Processing /home/airflow/.local/lib/python3.10/site-packages/airflow/example_dags/example_python_decorator.py took 0.068 seconds
[2025-01-29T15:14:19.233+0000] {processor.py:186} INFO - Started process (PID=2622) to work on /home/airflow/.local/lib/python3.10/site-packages/airflow/example_dags/example_python_decorator.py
[2025-01-29T15:14:19.234+0000] {processor.py:914} INFO - Processing file /home/airflow/.local/lib/python3.10/site-packages/airflow/example_dags/example_python_decorator.py for tasks to queue
[2025-01-29T15:14:19.237+0000] {logging_mixin.py:190} INFO - [2025-01-29T15:14:19.236+0000] {dagbag.py:588} INFO - Filling up the DagBag from /home/airflow/.local/lib/python3.10/site-packages/airflow/example_dags/example_python_decorator.py
[2025-01-29T15:14:19.249+0000] {processor.py:925} INFO - DAG(s) 'example_python_decorator' retrieved from /home/airflow/.local/lib/python3.10/site-packages/airflow/example_dags/example_python_decorator.py
[2025-01-29T15:14:19.269+0000] {logging_mixin.py:190} INFO - [2025-01-29T15:14:19.269+0000] {dag.py:3239} INFO - Sync 1 DAGs
[2025-01-29T15:14:19.282+0000] {logging_mixin.py:190} INFO - [2025-01-29T15:14:19.282+0000] {dag.py:4180} INFO - Setting next_dagrun for example_python_decorator to None, run_after=None
[2025-01-29T15:14:19.297+0000] {processor.py:208} INFO - Processing /home/airflow/.local/lib/python3.10/site-packages/airflow/example_dags/example_python_decorator.py took 0.069 seconds
[2025-01-29T15:14:49.352+0000] {processor.py:186} INFO - Started process (PID=2688) to work on /home/airflow/.local/lib/python3.10/site-packages/airflow/example_dags/example_python_decorator.py
[2025-01-29T15:14:49.353+0000] {processor.py:914} INFO - Processing file /home/airflow/.local/lib/python3.10/site-packages/airflow/example_dags/example_python_decorator.py for tasks to queue
[2025-01-29T15:14:49.355+0000] {logging_mixin.py:190} INFO - [2025-01-29T15:14:49.355+0000] {dagbag.py:588} INFO - Filling up the DagBag from /home/airflow/.local/lib/python3.10/site-packages/airflow/example_dags/example_python_decorator.py
[2025-01-29T15:14:49.368+0000] {processor.py:925} INFO - DAG(s) 'example_python_decorator' retrieved from /home/airflow/.local/lib/python3.10/site-packages/airflow/example_dags/example_python_decorator.py
[2025-01-29T15:14:49.387+0000] {logging_mixin.py:190} INFO - [2025-01-29T15:14:49.387+0000] {dag.py:3239} INFO - Sync 1 DAGs
[2025-01-29T15:14:49.401+0000] {logging_mixin.py:190} INFO - [2025-01-29T15:14:49.400+0000] {dag.py:4180} INFO - Setting next_dagrun for example_python_decorator to None, run_after=None
[2025-01-29T15:14:49.422+0000] {processor.py:208} INFO - Processing /home/airflow/.local/lib/python3.10/site-packages/airflow/example_dags/example_python_decorator.py took 0.075 seconds
[2025-01-29T15:15:19.849+0000] {processor.py:186} INFO - Started process (PID=2754) to work on /home/airflow/.local/lib/python3.10/site-packages/airflow/example_dags/example_python_decorator.py
[2025-01-29T15:15:19.850+0000] {processor.py:914} INFO - Processing file /home/airflow/.local/lib/python3.10/site-packages/airflow/example_dags/example_python_decorator.py for tasks to queue
[2025-01-29T15:15:19.853+0000] {logging_mixin.py:190} INFO - [2025-01-29T15:15:19.852+0000] {dagbag.py:588} INFO - Filling up the DagBag from /home/airflow/.local/lib/python3.10/site-packages/airflow/example_dags/example_python_decorator.py
[2025-01-29T15:15:19.865+0000] {processor.py:925} INFO - DAG(s) 'example_python_decorator' retrieved from /home/airflow/.local/lib/python3.10/site-packages/airflow/example_dags/example_python_decorator.py
[2025-01-29T15:15:19.885+0000] {logging_mixin.py:190} INFO - [2025-01-29T15:15:19.885+0000] {dag.py:3239} INFO - Sync 1 DAGs
[2025-01-29T15:15:19.897+0000] {logging_mixin.py:190} INFO - [2025-01-29T15:15:19.897+0000] {dag.py:4180} INFO - Setting next_dagrun for example_python_decorator to None, run_after=None
[2025-01-29T15:15:19.911+0000] {processor.py:208} INFO - Processing /home/airflow/.local/lib/python3.10/site-packages/airflow/example_dags/example_python_decorator.py took 0.067 seconds
[2025-01-29T15:15:50.657+0000] {processor.py:186} INFO - Started process (PID=2820) to work on /home/airflow/.local/lib/python3.10/site-packages/airflow/example_dags/example_python_decorator.py
[2025-01-29T15:15:50.657+0000] {processor.py:914} INFO - Processing file /home/airflow/.local/lib/python3.10/site-packages/airflow/example_dags/example_python_decorator.py for tasks to queue
[2025-01-29T15:15:50.660+0000] {logging_mixin.py:190} INFO - [2025-01-29T15:15:50.659+0000] {dagbag.py:588} INFO - Filling up the DagBag from /home/airflow/.local/lib/python3.10/site-packages/airflow/example_dags/example_python_decorator.py
[2025-01-29T15:15:50.672+0000] {processor.py:925} INFO - DAG(s) 'example_python_decorator' retrieved from /home/airflow/.local/lib/python3.10/site-packages/airflow/example_dags/example_python_decorator.py
[2025-01-29T15:15:50.692+0000] {logging_mixin.py:190} INFO - [2025-01-29T15:15:50.692+0000] {dag.py:3239} INFO - Sync 1 DAGs
[2025-01-29T15:15:50.704+0000] {logging_mixin.py:190} INFO - [2025-01-29T15:15:50.704+0000] {dag.py:4180} INFO - Setting next_dagrun for example_python_decorator to None, run_after=None
[2025-01-29T15:15:50.718+0000] {processor.py:208} INFO - Processing /home/airflow/.local/lib/python3.10/site-packages/airflow/example_dags/example_python_decorator.py took 0.067 seconds
[2025-01-29T15:16:20.967+0000] {processor.py:186} INFO - Started process (PID=2886) to work on /home/airflow/.local/lib/python3.10/site-packages/airflow/example_dags/example_python_decorator.py
[2025-01-29T15:16:20.968+0000] {processor.py:914} INFO - Processing file /home/airflow/.local/lib/python3.10/site-packages/airflow/example_dags/example_python_decorator.py for tasks to queue
[2025-01-29T15:16:20.971+0000] {logging_mixin.py:190} INFO - [2025-01-29T15:16:20.970+0000] {dagbag.py:588} INFO - Filling up the DagBag from /home/airflow/.local/lib/python3.10/site-packages/airflow/example_dags/example_python_decorator.py
[2025-01-29T15:16:20.984+0000] {processor.py:925} INFO - DAG(s) 'example_python_decorator' retrieved from /home/airflow/.local/lib/python3.10/site-packages/airflow/example_dags/example_python_decorator.py
[2025-01-29T15:16:21.005+0000] {logging_mixin.py:190} INFO - [2025-01-29T15:16:21.005+0000] {dag.py:3239} INFO - Sync 1 DAGs
[2025-01-29T15:16:21.018+0000] {logging_mixin.py:190} INFO - [2025-01-29T15:16:21.018+0000] {dag.py:4180} INFO - Setting next_dagrun for example_python_decorator to None, run_after=None
[2025-01-29T15:16:21.033+0000] {processor.py:208} INFO - Processing /home/airflow/.local/lib/python3.10/site-packages/airflow/example_dags/example_python_decorator.py took 0.072 seconds
[2025-01-29T15:16:51.243+0000] {processor.py:186} INFO - Started process (PID=2952) to work on /home/airflow/.local/lib/python3.10/site-packages/airflow/example_dags/example_python_decorator.py
[2025-01-29T15:16:51.244+0000] {processor.py:914} INFO - Processing file /home/airflow/.local/lib/python3.10/site-packages/airflow/example_dags/example_python_decorator.py for tasks to queue
[2025-01-29T15:16:51.246+0000] {logging_mixin.py:190} INFO - [2025-01-29T15:16:51.246+0000] {dagbag.py:588} INFO - Filling up the DagBag from /home/airflow/.local/lib/python3.10/site-packages/airflow/example_dags/example_python_decorator.py
[2025-01-29T15:16:51.258+0000] {processor.py:925} INFO - DAG(s) 'example_python_decorator' retrieved from /home/airflow/.local/lib/python3.10/site-packages/airflow/example_dags/example_python_decorator.py
[2025-01-29T15:16:51.278+0000] {logging_mixin.py:190} INFO - [2025-01-29T15:16:51.278+0000] {dag.py:3239} INFO - Sync 1 DAGs
[2025-01-29T15:16:51.290+0000] {logging_mixin.py:190} INFO - [2025-01-29T15:16:51.290+0000] {dag.py:4180} INFO - Setting next_dagrun for example_python_decorator to None, run_after=None
[2025-01-29T15:16:51.305+0000] {processor.py:208} INFO - Processing /home/airflow/.local/lib/python3.10/site-packages/airflow/example_dags/example_python_decorator.py took 0.067 seconds
[2025-01-29T15:17:21.438+0000] {processor.py:186} INFO - Started process (PID=3018) to work on /home/airflow/.local/lib/python3.10/site-packages/airflow/example_dags/example_python_decorator.py
[2025-01-29T15:17:21.438+0000] {processor.py:914} INFO - Processing file /home/airflow/.local/lib/python3.10/site-packages/airflow/example_dags/example_python_decorator.py for tasks to queue
[2025-01-29T15:17:21.441+0000] {logging_mixin.py:190} INFO - [2025-01-29T15:17:21.440+0000] {dagbag.py:588} INFO - Filling up the DagBag from /home/airflow/.local/lib/python3.10/site-packages/airflow/example_dags/example_python_decorator.py
[2025-01-29T15:17:21.453+0000] {processor.py:925} INFO - DAG(s) 'example_python_decorator' retrieved from /home/airflow/.local/lib/python3.10/site-packages/airflow/example_dags/example_python_decorator.py
[2025-01-29T15:17:21.472+0000] {logging_mixin.py:190} INFO - [2025-01-29T15:17:21.472+0000] {dag.py:3239} INFO - Sync 1 DAGs
[2025-01-29T15:17:21.485+0000] {logging_mixin.py:190} INFO - [2025-01-29T15:17:21.484+0000] {dag.py:4180} INFO - Setting next_dagrun for example_python_decorator to None, run_after=None
[2025-01-29T15:17:21.500+0000] {processor.py:208} INFO - Processing /home/airflow/.local/lib/python3.10/site-packages/airflow/example_dags/example_python_decorator.py took 0.067 seconds
[2025-01-29T15:17:51.735+0000] {processor.py:186} INFO - Started process (PID=3084) to work on /home/airflow/.local/lib/python3.10/site-packages/airflow/example_dags/example_python_decorator.py
[2025-01-29T15:17:51.736+0000] {processor.py:914} INFO - Processing file /home/airflow/.local/lib/python3.10/site-packages/airflow/example_dags/example_python_decorator.py for tasks to queue
[2025-01-29T15:17:51.738+0000] {logging_mixin.py:190} INFO - [2025-01-29T15:17:51.738+0000] {dagbag.py:588} INFO - Filling up the DagBag from /home/airflow/.local/lib/python3.10/site-packages/airflow/example_dags/example_python_decorator.py
[2025-01-29T15:17:51.751+0000] {processor.py:925} INFO - DAG(s) 'example_python_decorator' retrieved from /home/airflow/.local/lib/python3.10/site-packages/airflow/example_dags/example_python_decorator.py
[2025-01-29T15:17:51.771+0000] {logging_mixin.py:190} INFO - [2025-01-29T15:17:51.770+0000] {dag.py:3239} INFO - Sync 1 DAGs
[2025-01-29T15:17:51.783+0000] {logging_mixin.py:190} INFO - [2025-01-29T15:17:51.783+0000] {dag.py:4180} INFO - Setting next_dagrun for example_python_decorator to None, run_after=None
[2025-01-29T15:17:51.798+0000] {processor.py:208} INFO - Processing /home/airflow/.local/lib/python3.10/site-packages/airflow/example_dags/example_python_decorator.py took 0.068 seconds
