[2025-01-29T14:54:58.810+0000] {processor.py:186} INFO - Started process (PID=105) to work on /home/airflow/.local/lib/python3.10/site-packages/airflow/example_dags/example_external_task_marker_dag.py
[2025-01-29T14:54:58.811+0000] {processor.py:914} INFO - Processing file /home/airflow/.local/lib/python3.10/site-packages/airflow/example_dags/example_external_task_marker_dag.py for tasks to queue
[2025-01-29T14:54:58.814+0000] {logging_mixin.py:190} INFO - [2025-01-29T14:54:58.814+0000] {dagbag.py:588} INFO - Filling up the DagBag from /home/airflow/.local/lib/python3.10/site-packages/airflow/example_dags/example_external_task_marker_dag.py
[2025-01-29T14:54:58.821+0000] {processor.py:925} INFO - DAG(s) 'example_external_task_marker_parent', 'example_external_task_marker_child' retrieved from /home/airflow/.local/lib/python3.10/site-packages/airflow/example_dags/example_external_task_marker_dag.py
[2025-01-29T14:54:58.841+0000] {logging_mixin.py:190} INFO - [2025-01-29T14:54:58.841+0000] {dag.py:3239} INFO - Sync 2 DAGs
[2025-01-29T14:54:58.858+0000] {logging_mixin.py:190} INFO - [2025-01-29T14:54:58.858+0000] {dag.py:4180} INFO - Setting next_dagrun for example_external_task_marker_child to None, run_after=None
[2025-01-29T14:54:58.862+0000] {logging_mixin.py:190} INFO - [2025-01-29T14:54:58.862+0000] {dag.py:4180} INFO - Setting next_dagrun for example_external_task_marker_parent to None, run_after=None
[2025-01-29T14:54:58.877+0000] {processor.py:208} INFO - Processing /home/airflow/.local/lib/python3.10/site-packages/airflow/example_dags/example_external_task_marker_dag.py took 0.072 seconds
[2025-01-29T14:55:28.982+0000] {processor.py:186} INFO - Started process (PID=171) to work on /home/airflow/.local/lib/python3.10/site-packages/airflow/example_dags/example_external_task_marker_dag.py
[2025-01-29T14:55:28.983+0000] {processor.py:914} INFO - Processing file /home/airflow/.local/lib/python3.10/site-packages/airflow/example_dags/example_external_task_marker_dag.py for tasks to queue
[2025-01-29T14:55:28.985+0000] {logging_mixin.py:190} INFO - [2025-01-29T14:55:28.985+0000] {dagbag.py:588} INFO - Filling up the DagBag from /home/airflow/.local/lib/python3.10/site-packages/airflow/example_dags/example_external_task_marker_dag.py
[2025-01-29T14:55:28.992+0000] {processor.py:925} INFO - DAG(s) 'example_external_task_marker_parent', 'example_external_task_marker_child' retrieved from /home/airflow/.local/lib/python3.10/site-packages/airflow/example_dags/example_external_task_marker_dag.py
[2025-01-29T14:55:29.011+0000] {logging_mixin.py:190} INFO - [2025-01-29T14:55:29.011+0000] {dag.py:3239} INFO - Sync 2 DAGs
[2025-01-29T14:55:29.024+0000] {logging_mixin.py:190} INFO - [2025-01-29T14:55:29.024+0000] {dag.py:4180} INFO - Setting next_dagrun for example_external_task_marker_child to None, run_after=None
[2025-01-29T14:55:29.028+0000] {logging_mixin.py:190} INFO - [2025-01-29T14:55:29.027+0000] {dag.py:4180} INFO - Setting next_dagrun for example_external_task_marker_parent to None, run_after=None
[2025-01-29T14:55:29.041+0000] {processor.py:208} INFO - Processing /home/airflow/.local/lib/python3.10/site-packages/airflow/example_dags/example_external_task_marker_dag.py took 0.064 seconds
[2025-01-29T14:55:59.191+0000] {processor.py:186} INFO - Started process (PID=237) to work on /home/airflow/.local/lib/python3.10/site-packages/airflow/example_dags/example_external_task_marker_dag.py
[2025-01-29T14:55:59.192+0000] {processor.py:914} INFO - Processing file /home/airflow/.local/lib/python3.10/site-packages/airflow/example_dags/example_external_task_marker_dag.py for tasks to queue
[2025-01-29T14:55:59.195+0000] {logging_mixin.py:190} INFO - [2025-01-29T14:55:59.195+0000] {dagbag.py:588} INFO - Filling up the DagBag from /home/airflow/.local/lib/python3.10/site-packages/airflow/example_dags/example_external_task_marker_dag.py
[2025-01-29T14:55:59.201+0000] {processor.py:925} INFO - DAG(s) 'example_external_task_marker_parent', 'example_external_task_marker_child' retrieved from /home/airflow/.local/lib/python3.10/site-packages/airflow/example_dags/example_external_task_marker_dag.py
[2025-01-29T14:55:59.221+0000] {logging_mixin.py:190} INFO - [2025-01-29T14:55:59.221+0000] {dag.py:3239} INFO - Sync 2 DAGs
[2025-01-29T14:55:59.234+0000] {logging_mixin.py:190} INFO - [2025-01-29T14:55:59.234+0000] {dag.py:4180} INFO - Setting next_dagrun for example_external_task_marker_child to None, run_after=None
[2025-01-29T14:55:59.238+0000] {logging_mixin.py:190} INFO - [2025-01-29T14:55:59.238+0000] {dag.py:4180} INFO - Setting next_dagrun for example_external_task_marker_parent to None, run_after=None
[2025-01-29T14:55:59.251+0000] {processor.py:208} INFO - Processing /home/airflow/.local/lib/python3.10/site-packages/airflow/example_dags/example_external_task_marker_dag.py took 0.065 seconds
[2025-01-29T14:56:29.405+0000] {processor.py:186} INFO - Started process (PID=303) to work on /home/airflow/.local/lib/python3.10/site-packages/airflow/example_dags/example_external_task_marker_dag.py
[2025-01-29T14:56:29.406+0000] {processor.py:914} INFO - Processing file /home/airflow/.local/lib/python3.10/site-packages/airflow/example_dags/example_external_task_marker_dag.py for tasks to queue
[2025-01-29T14:56:29.408+0000] {logging_mixin.py:190} INFO - [2025-01-29T14:56:29.408+0000] {dagbag.py:588} INFO - Filling up the DagBag from /home/airflow/.local/lib/python3.10/site-packages/airflow/example_dags/example_external_task_marker_dag.py
[2025-01-29T14:56:29.415+0000] {processor.py:925} INFO - DAG(s) 'example_external_task_marker_child', 'example_external_task_marker_parent' retrieved from /home/airflow/.local/lib/python3.10/site-packages/airflow/example_dags/example_external_task_marker_dag.py
[2025-01-29T14:56:29.437+0000] {logging_mixin.py:190} INFO - [2025-01-29T14:56:29.437+0000] {dag.py:3239} INFO - Sync 2 DAGs
[2025-01-29T14:56:29.451+0000] {logging_mixin.py:190} INFO - [2025-01-29T14:56:29.451+0000] {dag.py:4180} INFO - Setting next_dagrun for example_external_task_marker_child to None, run_after=None
[2025-01-29T14:56:29.455+0000] {logging_mixin.py:190} INFO - [2025-01-29T14:56:29.454+0000] {dag.py:4180} INFO - Setting next_dagrun for example_external_task_marker_parent to None, run_after=None
[2025-01-29T14:56:29.468+0000] {processor.py:208} INFO - Processing /home/airflow/.local/lib/python3.10/site-packages/airflow/example_dags/example_external_task_marker_dag.py took 0.069 seconds
[2025-01-29T14:56:59.757+0000] {processor.py:186} INFO - Started process (PID=369) to work on /home/airflow/.local/lib/python3.10/site-packages/airflow/example_dags/example_external_task_marker_dag.py
[2025-01-29T14:56:59.758+0000] {processor.py:914} INFO - Processing file /home/airflow/.local/lib/python3.10/site-packages/airflow/example_dags/example_external_task_marker_dag.py for tasks to queue
[2025-01-29T14:56:59.761+0000] {logging_mixin.py:190} INFO - [2025-01-29T14:56:59.760+0000] {dagbag.py:588} INFO - Filling up the DagBag from /home/airflow/.local/lib/python3.10/site-packages/airflow/example_dags/example_external_task_marker_dag.py
[2025-01-29T14:56:59.767+0000] {processor.py:925} INFO - DAG(s) 'example_external_task_marker_child', 'example_external_task_marker_parent' retrieved from /home/airflow/.local/lib/python3.10/site-packages/airflow/example_dags/example_external_task_marker_dag.py
[2025-01-29T14:56:59.787+0000] {logging_mixin.py:190} INFO - [2025-01-29T14:56:59.787+0000] {dag.py:3239} INFO - Sync 2 DAGs
[2025-01-29T14:56:59.801+0000] {logging_mixin.py:190} INFO - [2025-01-29T14:56:59.801+0000] {dag.py:4180} INFO - Setting next_dagrun for example_external_task_marker_child to None, run_after=None
[2025-01-29T14:56:59.805+0000] {logging_mixin.py:190} INFO - [2025-01-29T14:56:59.805+0000] {dag.py:4180} INFO - Setting next_dagrun for example_external_task_marker_parent to None, run_after=None
[2025-01-29T14:56:59.818+0000] {processor.py:208} INFO - Processing /home/airflow/.local/lib/python3.10/site-packages/airflow/example_dags/example_external_task_marker_dag.py took 0.066 seconds
[2025-01-29T14:57:30.193+0000] {processor.py:186} INFO - Started process (PID=435) to work on /home/airflow/.local/lib/python3.10/site-packages/airflow/example_dags/example_external_task_marker_dag.py
[2025-01-29T14:57:30.193+0000] {processor.py:914} INFO - Processing file /home/airflow/.local/lib/python3.10/site-packages/airflow/example_dags/example_external_task_marker_dag.py for tasks to queue
[2025-01-29T14:57:30.196+0000] {logging_mixin.py:190} INFO - [2025-01-29T14:57:30.196+0000] {dagbag.py:588} INFO - Filling up the DagBag from /home/airflow/.local/lib/python3.10/site-packages/airflow/example_dags/example_external_task_marker_dag.py
[2025-01-29T14:57:30.202+0000] {processor.py:925} INFO - DAG(s) 'example_external_task_marker_child', 'example_external_task_marker_parent' retrieved from /home/airflow/.local/lib/python3.10/site-packages/airflow/example_dags/example_external_task_marker_dag.py
[2025-01-29T14:57:30.224+0000] {logging_mixin.py:190} INFO - [2025-01-29T14:57:30.224+0000] {dag.py:3239} INFO - Sync 2 DAGs
[2025-01-29T14:57:30.237+0000] {logging_mixin.py:190} INFO - [2025-01-29T14:57:30.237+0000] {dag.py:4180} INFO - Setting next_dagrun for example_external_task_marker_child to None, run_after=None
[2025-01-29T14:57:30.241+0000] {logging_mixin.py:190} INFO - [2025-01-29T14:57:30.240+0000] {dag.py:4180} INFO - Setting next_dagrun for example_external_task_marker_parent to None, run_after=None
[2025-01-29T14:57:30.254+0000] {processor.py:208} INFO - Processing /home/airflow/.local/lib/python3.10/site-packages/airflow/example_dags/example_external_task_marker_dag.py took 0.066 seconds
[2025-01-29T14:58:00.522+0000] {processor.py:186} INFO - Started process (PID=501) to work on /home/airflow/.local/lib/python3.10/site-packages/airflow/example_dags/example_external_task_marker_dag.py
[2025-01-29T14:58:00.522+0000] {processor.py:914} INFO - Processing file /home/airflow/.local/lib/python3.10/site-packages/airflow/example_dags/example_external_task_marker_dag.py for tasks to queue
[2025-01-29T14:58:00.525+0000] {logging_mixin.py:190} INFO - [2025-01-29T14:58:00.525+0000] {dagbag.py:588} INFO - Filling up the DagBag from /home/airflow/.local/lib/python3.10/site-packages/airflow/example_dags/example_external_task_marker_dag.py
[2025-01-29T14:58:00.532+0000] {processor.py:925} INFO - DAG(s) 'example_external_task_marker_parent', 'example_external_task_marker_child' retrieved from /home/airflow/.local/lib/python3.10/site-packages/airflow/example_dags/example_external_task_marker_dag.py
[2025-01-29T14:58:00.553+0000] {logging_mixin.py:190} INFO - [2025-01-29T14:58:00.553+0000] {dag.py:3239} INFO - Sync 2 DAGs
[2025-01-29T14:58:00.567+0000] {logging_mixin.py:190} INFO - [2025-01-29T14:58:00.566+0000] {dag.py:4180} INFO - Setting next_dagrun for example_external_task_marker_child to None, run_after=None
[2025-01-29T14:58:00.570+0000] {logging_mixin.py:190} INFO - [2025-01-29T14:58:00.570+0000] {dag.py:4180} INFO - Setting next_dagrun for example_external_task_marker_parent to None, run_after=None
[2025-01-29T14:58:00.583+0000] {processor.py:208} INFO - Processing /home/airflow/.local/lib/python3.10/site-packages/airflow/example_dags/example_external_task_marker_dag.py took 0.067 seconds
[2025-01-29T14:58:31.052+0000] {processor.py:186} INFO - Started process (PID=567) to work on /home/airflow/.local/lib/python3.10/site-packages/airflow/example_dags/example_external_task_marker_dag.py
[2025-01-29T14:58:31.053+0000] {processor.py:914} INFO - Processing file /home/airflow/.local/lib/python3.10/site-packages/airflow/example_dags/example_external_task_marker_dag.py for tasks to queue
[2025-01-29T14:58:31.056+0000] {logging_mixin.py:190} INFO - [2025-01-29T14:58:31.056+0000] {dagbag.py:588} INFO - Filling up the DagBag from /home/airflow/.local/lib/python3.10/site-packages/airflow/example_dags/example_external_task_marker_dag.py
[2025-01-29T14:58:31.065+0000] {processor.py:925} INFO - DAG(s) 'example_external_task_marker_parent', 'example_external_task_marker_child' retrieved from /home/airflow/.local/lib/python3.10/site-packages/airflow/example_dags/example_external_task_marker_dag.py
[2025-01-29T14:58:31.088+0000] {logging_mixin.py:190} INFO - [2025-01-29T14:58:31.088+0000] {dag.py:3239} INFO - Sync 2 DAGs
[2025-01-29T14:58:31.102+0000] {logging_mixin.py:190} INFO - [2025-01-29T14:58:31.102+0000] {dag.py:4180} INFO - Setting next_dagrun for example_external_task_marker_child to None, run_after=None
[2025-01-29T14:58:31.106+0000] {logging_mixin.py:190} INFO - [2025-01-29T14:58:31.106+0000] {dag.py:4180} INFO - Setting next_dagrun for example_external_task_marker_parent to None, run_after=None
[2025-01-29T14:58:31.121+0000] {processor.py:208} INFO - Processing /home/airflow/.local/lib/python3.10/site-packages/airflow/example_dags/example_external_task_marker_dag.py took 0.074 seconds
[2025-01-29T14:59:01.295+0000] {processor.py:186} INFO - Started process (PID=633) to work on /home/airflow/.local/lib/python3.10/site-packages/airflow/example_dags/example_external_task_marker_dag.py
[2025-01-29T14:59:01.296+0000] {processor.py:914} INFO - Processing file /home/airflow/.local/lib/python3.10/site-packages/airflow/example_dags/example_external_task_marker_dag.py for tasks to queue
[2025-01-29T14:59:01.299+0000] {logging_mixin.py:190} INFO - [2025-01-29T14:59:01.299+0000] {dagbag.py:588} INFO - Filling up the DagBag from /home/airflow/.local/lib/python3.10/site-packages/airflow/example_dags/example_external_task_marker_dag.py
[2025-01-29T14:59:01.306+0000] {processor.py:925} INFO - DAG(s) 'example_external_task_marker_parent', 'example_external_task_marker_child' retrieved from /home/airflow/.local/lib/python3.10/site-packages/airflow/example_dags/example_external_task_marker_dag.py
[2025-01-29T14:59:01.328+0000] {logging_mixin.py:190} INFO - [2025-01-29T14:59:01.328+0000] {dag.py:3239} INFO - Sync 2 DAGs
[2025-01-29T14:59:01.342+0000] {logging_mixin.py:190} INFO - [2025-01-29T14:59:01.341+0000] {dag.py:4180} INFO - Setting next_dagrun for example_external_task_marker_child to None, run_after=None
[2025-01-29T14:59:01.345+0000] {logging_mixin.py:190} INFO - [2025-01-29T14:59:01.345+0000] {dag.py:4180} INFO - Setting next_dagrun for example_external_task_marker_parent to None, run_after=None
[2025-01-29T14:59:01.359+0000] {processor.py:208} INFO - Processing /home/airflow/.local/lib/python3.10/site-packages/airflow/example_dags/example_external_task_marker_dag.py took 0.069 seconds
[2025-01-29T14:59:31.513+0000] {processor.py:186} INFO - Started process (PID=699) to work on /home/airflow/.local/lib/python3.10/site-packages/airflow/example_dags/example_external_task_marker_dag.py
[2025-01-29T14:59:31.514+0000] {processor.py:914} INFO - Processing file /home/airflow/.local/lib/python3.10/site-packages/airflow/example_dags/example_external_task_marker_dag.py for tasks to queue
[2025-01-29T14:59:31.517+0000] {logging_mixin.py:190} INFO - [2025-01-29T14:59:31.516+0000] {dagbag.py:588} INFO - Filling up the DagBag from /home/airflow/.local/lib/python3.10/site-packages/airflow/example_dags/example_external_task_marker_dag.py
[2025-01-29T14:59:31.523+0000] {processor.py:925} INFO - DAG(s) 'example_external_task_marker_child', 'example_external_task_marker_parent' retrieved from /home/airflow/.local/lib/python3.10/site-packages/airflow/example_dags/example_external_task_marker_dag.py
[2025-01-29T14:59:31.543+0000] {logging_mixin.py:190} INFO - [2025-01-29T14:59:31.543+0000] {dag.py:3239} INFO - Sync 2 DAGs
[2025-01-29T14:59:31.557+0000] {logging_mixin.py:190} INFO - [2025-01-29T14:59:31.557+0000] {dag.py:4180} INFO - Setting next_dagrun for example_external_task_marker_child to None, run_after=None
[2025-01-29T14:59:31.561+0000] {logging_mixin.py:190} INFO - [2025-01-29T14:59:31.560+0000] {dag.py:4180} INFO - Setting next_dagrun for example_external_task_marker_parent to None, run_after=None
[2025-01-29T14:59:31.577+0000] {processor.py:208} INFO - Processing /home/airflow/.local/lib/python3.10/site-packages/airflow/example_dags/example_external_task_marker_dag.py took 0.069 seconds
[2025-01-29T15:00:01.853+0000] {processor.py:186} INFO - Started process (PID=765) to work on /home/airflow/.local/lib/python3.10/site-packages/airflow/example_dags/example_external_task_marker_dag.py
[2025-01-29T15:00:01.854+0000] {processor.py:914} INFO - Processing file /home/airflow/.local/lib/python3.10/site-packages/airflow/example_dags/example_external_task_marker_dag.py for tasks to queue
[2025-01-29T15:00:01.857+0000] {logging_mixin.py:190} INFO - [2025-01-29T15:00:01.857+0000] {dagbag.py:588} INFO - Filling up the DagBag from /home/airflow/.local/lib/python3.10/site-packages/airflow/example_dags/example_external_task_marker_dag.py
[2025-01-29T15:00:01.864+0000] {processor.py:925} INFO - DAG(s) 'example_external_task_marker_child', 'example_external_task_marker_parent' retrieved from /home/airflow/.local/lib/python3.10/site-packages/airflow/example_dags/example_external_task_marker_dag.py
[2025-01-29T15:00:01.883+0000] {logging_mixin.py:190} INFO - [2025-01-29T15:00:01.883+0000] {dag.py:3239} INFO - Sync 2 DAGs
[2025-01-29T15:00:01.896+0000] {logging_mixin.py:190} INFO - [2025-01-29T15:00:01.896+0000] {dag.py:4180} INFO - Setting next_dagrun for example_external_task_marker_child to None, run_after=None
[2025-01-29T15:00:01.899+0000] {logging_mixin.py:190} INFO - [2025-01-29T15:00:01.899+0000] {dag.py:4180} INFO - Setting next_dagrun for example_external_task_marker_parent to None, run_after=None
[2025-01-29T15:00:01.911+0000] {processor.py:208} INFO - Processing /home/airflow/.local/lib/python3.10/site-packages/airflow/example_dags/example_external_task_marker_dag.py took 0.063 seconds
[2025-01-29T15:00:32.973+0000] {processor.py:186} INFO - Started process (PID=831) to work on /home/airflow/.local/lib/python3.10/site-packages/airflow/example_dags/example_external_task_marker_dag.py
[2025-01-29T15:00:32.974+0000] {processor.py:914} INFO - Processing file /home/airflow/.local/lib/python3.10/site-packages/airflow/example_dags/example_external_task_marker_dag.py for tasks to queue
[2025-01-29T15:00:32.977+0000] {logging_mixin.py:190} INFO - [2025-01-29T15:00:32.977+0000] {dagbag.py:588} INFO - Filling up the DagBag from /home/airflow/.local/lib/python3.10/site-packages/airflow/example_dags/example_external_task_marker_dag.py
[2025-01-29T15:00:32.983+0000] {processor.py:925} INFO - DAG(s) 'example_external_task_marker_child', 'example_external_task_marker_parent' retrieved from /home/airflow/.local/lib/python3.10/site-packages/airflow/example_dags/example_external_task_marker_dag.py
[2025-01-29T15:00:33.003+0000] {logging_mixin.py:190} INFO - [2025-01-29T15:00:33.003+0000] {dag.py:3239} INFO - Sync 2 DAGs
[2025-01-29T15:00:33.016+0000] {logging_mixin.py:190} INFO - [2025-01-29T15:00:33.015+0000] {dag.py:4180} INFO - Setting next_dagrun for example_external_task_marker_child to None, run_after=None
[2025-01-29T15:00:33.018+0000] {logging_mixin.py:190} INFO - [2025-01-29T15:00:33.018+0000] {dag.py:4180} INFO - Setting next_dagrun for example_external_task_marker_parent to None, run_after=None
[2025-01-29T15:00:33.031+0000] {processor.py:208} INFO - Processing /home/airflow/.local/lib/python3.10/site-packages/airflow/example_dags/example_external_task_marker_dag.py took 0.063 seconds
[2025-01-29T15:01:04.120+0000] {processor.py:186} INFO - Started process (PID=897) to work on /home/airflow/.local/lib/python3.10/site-packages/airflow/example_dags/example_external_task_marker_dag.py
[2025-01-29T15:01:04.121+0000] {processor.py:914} INFO - Processing file /home/airflow/.local/lib/python3.10/site-packages/airflow/example_dags/example_external_task_marker_dag.py for tasks to queue
[2025-01-29T15:01:04.124+0000] {logging_mixin.py:190} INFO - [2025-01-29T15:01:04.123+0000] {dagbag.py:588} INFO - Filling up the DagBag from /home/airflow/.local/lib/python3.10/site-packages/airflow/example_dags/example_external_task_marker_dag.py
[2025-01-29T15:01:04.130+0000] {processor.py:925} INFO - DAG(s) 'example_external_task_marker_parent', 'example_external_task_marker_child' retrieved from /home/airflow/.local/lib/python3.10/site-packages/airflow/example_dags/example_external_task_marker_dag.py
[2025-01-29T15:01:04.150+0000] {logging_mixin.py:190} INFO - [2025-01-29T15:01:04.150+0000] {dag.py:3239} INFO - Sync 2 DAGs
[2025-01-29T15:01:04.163+0000] {logging_mixin.py:190} INFO - [2025-01-29T15:01:04.163+0000] {dag.py:4180} INFO - Setting next_dagrun for example_external_task_marker_child to None, run_after=None
[2025-01-29T15:01:04.167+0000] {logging_mixin.py:190} INFO - [2025-01-29T15:01:04.167+0000] {dag.py:4180} INFO - Setting next_dagrun for example_external_task_marker_parent to None, run_after=None
[2025-01-29T15:01:04.180+0000] {processor.py:208} INFO - Processing /home/airflow/.local/lib/python3.10/site-packages/airflow/example_dags/example_external_task_marker_dag.py took 0.065 seconds
[2025-01-29T15:01:34.289+0000] {processor.py:186} INFO - Started process (PID=963) to work on /home/airflow/.local/lib/python3.10/site-packages/airflow/example_dags/example_external_task_marker_dag.py
[2025-01-29T15:01:34.290+0000] {processor.py:914} INFO - Processing file /home/airflow/.local/lib/python3.10/site-packages/airflow/example_dags/example_external_task_marker_dag.py for tasks to queue
[2025-01-29T15:01:34.292+0000] {logging_mixin.py:190} INFO - [2025-01-29T15:01:34.292+0000] {dagbag.py:588} INFO - Filling up the DagBag from /home/airflow/.local/lib/python3.10/site-packages/airflow/example_dags/example_external_task_marker_dag.py
[2025-01-29T15:01:34.299+0000] {processor.py:925} INFO - DAG(s) 'example_external_task_marker_child', 'example_external_task_marker_parent' retrieved from /home/airflow/.local/lib/python3.10/site-packages/airflow/example_dags/example_external_task_marker_dag.py
[2025-01-29T15:01:34.320+0000] {logging_mixin.py:190} INFO - [2025-01-29T15:01:34.319+0000] {dag.py:3239} INFO - Sync 2 DAGs
[2025-01-29T15:01:34.333+0000] {logging_mixin.py:190} INFO - [2025-01-29T15:01:34.333+0000] {dag.py:4180} INFO - Setting next_dagrun for example_external_task_marker_child to None, run_after=None
[2025-01-29T15:01:34.336+0000] {logging_mixin.py:190} INFO - [2025-01-29T15:01:34.336+0000] {dag.py:4180} INFO - Setting next_dagrun for example_external_task_marker_parent to None, run_after=None
[2025-01-29T15:01:34.350+0000] {processor.py:208} INFO - Processing /home/airflow/.local/lib/python3.10/site-packages/airflow/example_dags/example_external_task_marker_dag.py took 0.066 seconds
[2025-01-29T15:02:04.816+0000] {processor.py:186} INFO - Started process (PID=1029) to work on /home/airflow/.local/lib/python3.10/site-packages/airflow/example_dags/example_external_task_marker_dag.py
[2025-01-29T15:02:04.817+0000] {processor.py:914} INFO - Processing file /home/airflow/.local/lib/python3.10/site-packages/airflow/example_dags/example_external_task_marker_dag.py for tasks to queue
[2025-01-29T15:02:04.820+0000] {logging_mixin.py:190} INFO - [2025-01-29T15:02:04.819+0000] {dagbag.py:588} INFO - Filling up the DagBag from /home/airflow/.local/lib/python3.10/site-packages/airflow/example_dags/example_external_task_marker_dag.py
[2025-01-29T15:02:04.826+0000] {processor.py:925} INFO - DAG(s) 'example_external_task_marker_parent', 'example_external_task_marker_child' retrieved from /home/airflow/.local/lib/python3.10/site-packages/airflow/example_dags/example_external_task_marker_dag.py
[2025-01-29T15:02:04.847+0000] {logging_mixin.py:190} INFO - [2025-01-29T15:02:04.847+0000] {dag.py:3239} INFO - Sync 2 DAGs
[2025-01-29T15:02:04.861+0000] {logging_mixin.py:190} INFO - [2025-01-29T15:02:04.861+0000] {dag.py:4180} INFO - Setting next_dagrun for example_external_task_marker_child to None, run_after=None
[2025-01-29T15:02:04.865+0000] {logging_mixin.py:190} INFO - [2025-01-29T15:02:04.864+0000] {dag.py:4180} INFO - Setting next_dagrun for example_external_task_marker_parent to None, run_after=None
[2025-01-29T15:02:04.878+0000] {processor.py:208} INFO - Processing /home/airflow/.local/lib/python3.10/site-packages/airflow/example_dags/example_external_task_marker_dag.py took 0.068 seconds
[2025-01-29T15:02:34.942+0000] {processor.py:186} INFO - Started process (PID=1095) to work on /home/airflow/.local/lib/python3.10/site-packages/airflow/example_dags/example_external_task_marker_dag.py
[2025-01-29T15:02:34.943+0000] {processor.py:914} INFO - Processing file /home/airflow/.local/lib/python3.10/site-packages/airflow/example_dags/example_external_task_marker_dag.py for tasks to queue
[2025-01-29T15:02:34.945+0000] {logging_mixin.py:190} INFO - [2025-01-29T15:02:34.945+0000] {dagbag.py:588} INFO - Filling up the DagBag from /home/airflow/.local/lib/python3.10/site-packages/airflow/example_dags/example_external_task_marker_dag.py
[2025-01-29T15:02:34.952+0000] {processor.py:925} INFO - DAG(s) 'example_external_task_marker_parent', 'example_external_task_marker_child' retrieved from /home/airflow/.local/lib/python3.10/site-packages/airflow/example_dags/example_external_task_marker_dag.py
[2025-01-29T15:02:34.972+0000] {logging_mixin.py:190} INFO - [2025-01-29T15:02:34.972+0000] {dag.py:3239} INFO - Sync 2 DAGs
[2025-01-29T15:02:34.985+0000] {logging_mixin.py:190} INFO - [2025-01-29T15:02:34.985+0000] {dag.py:4180} INFO - Setting next_dagrun for example_external_task_marker_child to None, run_after=None
[2025-01-29T15:02:34.988+0000] {logging_mixin.py:190} INFO - [2025-01-29T15:02:34.988+0000] {dag.py:4180} INFO - Setting next_dagrun for example_external_task_marker_parent to None, run_after=None
[2025-01-29T15:02:35.001+0000] {processor.py:208} INFO - Processing /home/airflow/.local/lib/python3.10/site-packages/airflow/example_dags/example_external_task_marker_dag.py took 0.064 seconds
[2025-01-29T15:03:05.161+0000] {processor.py:186} INFO - Started process (PID=1161) to work on /home/airflow/.local/lib/python3.10/site-packages/airflow/example_dags/example_external_task_marker_dag.py
[2025-01-29T15:03:05.162+0000] {processor.py:914} INFO - Processing file /home/airflow/.local/lib/python3.10/site-packages/airflow/example_dags/example_external_task_marker_dag.py for tasks to queue
[2025-01-29T15:03:05.165+0000] {logging_mixin.py:190} INFO - [2025-01-29T15:03:05.165+0000] {dagbag.py:588} INFO - Filling up the DagBag from /home/airflow/.local/lib/python3.10/site-packages/airflow/example_dags/example_external_task_marker_dag.py
[2025-01-29T15:03:05.171+0000] {processor.py:925} INFO - DAG(s) 'example_external_task_marker_child', 'example_external_task_marker_parent' retrieved from /home/airflow/.local/lib/python3.10/site-packages/airflow/example_dags/example_external_task_marker_dag.py
[2025-01-29T15:03:05.192+0000] {logging_mixin.py:190} INFO - [2025-01-29T15:03:05.192+0000] {dag.py:3239} INFO - Sync 2 DAGs
[2025-01-29T15:03:05.206+0000] {logging_mixin.py:190} INFO - [2025-01-29T15:03:05.205+0000] {dag.py:4180} INFO - Setting next_dagrun for example_external_task_marker_child to None, run_after=None
[2025-01-29T15:03:05.209+0000] {logging_mixin.py:190} INFO - [2025-01-29T15:03:05.209+0000] {dag.py:4180} INFO - Setting next_dagrun for example_external_task_marker_parent to None, run_after=None
[2025-01-29T15:03:05.223+0000] {processor.py:208} INFO - Processing /home/airflow/.local/lib/python3.10/site-packages/airflow/example_dags/example_external_task_marker_dag.py took 0.067 seconds
[2025-01-29T15:03:35.645+0000] {processor.py:186} INFO - Started process (PID=1227) to work on /home/airflow/.local/lib/python3.10/site-packages/airflow/example_dags/example_external_task_marker_dag.py
[2025-01-29T15:03:35.645+0000] {processor.py:914} INFO - Processing file /home/airflow/.local/lib/python3.10/site-packages/airflow/example_dags/example_external_task_marker_dag.py for tasks to queue
[2025-01-29T15:03:35.648+0000] {logging_mixin.py:190} INFO - [2025-01-29T15:03:35.648+0000] {dagbag.py:588} INFO - Filling up the DagBag from /home/airflow/.local/lib/python3.10/site-packages/airflow/example_dags/example_external_task_marker_dag.py
[2025-01-29T15:03:35.655+0000] {processor.py:925} INFO - DAG(s) 'example_external_task_marker_parent', 'example_external_task_marker_child' retrieved from /home/airflow/.local/lib/python3.10/site-packages/airflow/example_dags/example_external_task_marker_dag.py
[2025-01-29T15:03:35.676+0000] {logging_mixin.py:190} INFO - [2025-01-29T15:03:35.676+0000] {dag.py:3239} INFO - Sync 2 DAGs
[2025-01-29T15:03:35.689+0000] {logging_mixin.py:190} INFO - [2025-01-29T15:03:35.689+0000] {dag.py:4180} INFO - Setting next_dagrun for example_external_task_marker_child to None, run_after=None
[2025-01-29T15:03:35.692+0000] {logging_mixin.py:190} INFO - [2025-01-29T15:03:35.692+0000] {dag.py:4180} INFO - Setting next_dagrun for example_external_task_marker_parent to None, run_after=None
[2025-01-29T15:03:35.706+0000] {processor.py:208} INFO - Processing /home/airflow/.local/lib/python3.10/site-packages/airflow/example_dags/example_external_task_marker_dag.py took 0.066 seconds
[2025-01-29T15:04:05.973+0000] {processor.py:186} INFO - Started process (PID=1293) to work on /home/airflow/.local/lib/python3.10/site-packages/airflow/example_dags/example_external_task_marker_dag.py
[2025-01-29T15:04:05.973+0000] {processor.py:914} INFO - Processing file /home/airflow/.local/lib/python3.10/site-packages/airflow/example_dags/example_external_task_marker_dag.py for tasks to queue
[2025-01-29T15:04:05.976+0000] {logging_mixin.py:190} INFO - [2025-01-29T15:04:05.976+0000] {dagbag.py:588} INFO - Filling up the DagBag from /home/airflow/.local/lib/python3.10/site-packages/airflow/example_dags/example_external_task_marker_dag.py
[2025-01-29T15:04:05.982+0000] {processor.py:925} INFO - DAG(s) 'example_external_task_marker_child', 'example_external_task_marker_parent' retrieved from /home/airflow/.local/lib/python3.10/site-packages/airflow/example_dags/example_external_task_marker_dag.py
[2025-01-29T15:04:06.001+0000] {logging_mixin.py:190} INFO - [2025-01-29T15:04:06.001+0000] {dag.py:3239} INFO - Sync 2 DAGs
[2025-01-29T15:04:06.015+0000] {logging_mixin.py:190} INFO - [2025-01-29T15:04:06.014+0000] {dag.py:4180} INFO - Setting next_dagrun for example_external_task_marker_child to None, run_after=None
[2025-01-29T15:04:06.018+0000] {logging_mixin.py:190} INFO - [2025-01-29T15:04:06.017+0000] {dag.py:4180} INFO - Setting next_dagrun for example_external_task_marker_parent to None, run_after=None
[2025-01-29T15:04:06.031+0000] {processor.py:208} INFO - Processing /home/airflow/.local/lib/python3.10/site-packages/airflow/example_dags/example_external_task_marker_dag.py took 0.063 seconds
[2025-01-29T15:04:36.348+0000] {processor.py:186} INFO - Started process (PID=1359) to work on /home/airflow/.local/lib/python3.10/site-packages/airflow/example_dags/example_external_task_marker_dag.py
[2025-01-29T15:04:36.349+0000] {processor.py:914} INFO - Processing file /home/airflow/.local/lib/python3.10/site-packages/airflow/example_dags/example_external_task_marker_dag.py for tasks to queue
[2025-01-29T15:04:36.352+0000] {logging_mixin.py:190} INFO - [2025-01-29T15:04:36.352+0000] {dagbag.py:588} INFO - Filling up the DagBag from /home/airflow/.local/lib/python3.10/site-packages/airflow/example_dags/example_external_task_marker_dag.py
[2025-01-29T15:04:36.359+0000] {processor.py:925} INFO - DAG(s) 'example_external_task_marker_parent', 'example_external_task_marker_child' retrieved from /home/airflow/.local/lib/python3.10/site-packages/airflow/example_dags/example_external_task_marker_dag.py
[2025-01-29T15:04:36.378+0000] {logging_mixin.py:190} INFO - [2025-01-29T15:04:36.378+0000] {dag.py:3239} INFO - Sync 2 DAGs
[2025-01-29T15:04:36.392+0000] {logging_mixin.py:190} INFO - [2025-01-29T15:04:36.392+0000] {dag.py:4180} INFO - Setting next_dagrun for example_external_task_marker_child to None, run_after=None
[2025-01-29T15:04:36.395+0000] {logging_mixin.py:190} INFO - [2025-01-29T15:04:36.395+0000] {dag.py:4180} INFO - Setting next_dagrun for example_external_task_marker_parent to None, run_after=None
[2025-01-29T15:04:36.408+0000] {processor.py:208} INFO - Processing /home/airflow/.local/lib/python3.10/site-packages/airflow/example_dags/example_external_task_marker_dag.py took 0.065 seconds
[2025-01-29T15:05:06.706+0000] {processor.py:186} INFO - Started process (PID=1425) to work on /home/airflow/.local/lib/python3.10/site-packages/airflow/example_dags/example_external_task_marker_dag.py
[2025-01-29T15:05:06.707+0000] {processor.py:914} INFO - Processing file /home/airflow/.local/lib/python3.10/site-packages/airflow/example_dags/example_external_task_marker_dag.py for tasks to queue
[2025-01-29T15:05:06.709+0000] {logging_mixin.py:190} INFO - [2025-01-29T15:05:06.709+0000] {dagbag.py:588} INFO - Filling up the DagBag from /home/airflow/.local/lib/python3.10/site-packages/airflow/example_dags/example_external_task_marker_dag.py
[2025-01-29T15:05:06.716+0000] {processor.py:925} INFO - DAG(s) 'example_external_task_marker_child', 'example_external_task_marker_parent' retrieved from /home/airflow/.local/lib/python3.10/site-packages/airflow/example_dags/example_external_task_marker_dag.py
[2025-01-29T15:05:06.736+0000] {logging_mixin.py:190} INFO - [2025-01-29T15:05:06.735+0000] {dag.py:3239} INFO - Sync 2 DAGs
[2025-01-29T15:05:06.749+0000] {logging_mixin.py:190} INFO - [2025-01-29T15:05:06.749+0000] {dag.py:4180} INFO - Setting next_dagrun for example_external_task_marker_child to None, run_after=None
[2025-01-29T15:05:06.753+0000] {logging_mixin.py:190} INFO - [2025-01-29T15:05:06.753+0000] {dag.py:4180} INFO - Setting next_dagrun for example_external_task_marker_parent to None, run_after=None
[2025-01-29T15:05:06.766+0000] {processor.py:208} INFO - Processing /home/airflow/.local/lib/python3.10/site-packages/airflow/example_dags/example_external_task_marker_dag.py took 0.065 seconds
[2025-01-29T15:05:37.707+0000] {processor.py:186} INFO - Started process (PID=1491) to work on /home/airflow/.local/lib/python3.10/site-packages/airflow/example_dags/example_external_task_marker_dag.py
[2025-01-29T15:05:37.708+0000] {processor.py:914} INFO - Processing file /home/airflow/.local/lib/python3.10/site-packages/airflow/example_dags/example_external_task_marker_dag.py for tasks to queue
[2025-01-29T15:05:37.710+0000] {logging_mixin.py:190} INFO - [2025-01-29T15:05:37.710+0000] {dagbag.py:588} INFO - Filling up the DagBag from /home/airflow/.local/lib/python3.10/site-packages/airflow/example_dags/example_external_task_marker_dag.py
[2025-01-29T15:05:37.717+0000] {processor.py:925} INFO - DAG(s) 'example_external_task_marker_parent', 'example_external_task_marker_child' retrieved from /home/airflow/.local/lib/python3.10/site-packages/airflow/example_dags/example_external_task_marker_dag.py
[2025-01-29T15:05:37.736+0000] {logging_mixin.py:190} INFO - [2025-01-29T15:05:37.736+0000] {dag.py:3239} INFO - Sync 2 DAGs
[2025-01-29T15:05:37.750+0000] {logging_mixin.py:190} INFO - [2025-01-29T15:05:37.749+0000] {dag.py:4180} INFO - Setting next_dagrun for example_external_task_marker_child to None, run_after=None
[2025-01-29T15:05:37.753+0000] {logging_mixin.py:190} INFO - [2025-01-29T15:05:37.753+0000] {dag.py:4180} INFO - Setting next_dagrun for example_external_task_marker_parent to None, run_after=None
[2025-01-29T15:05:37.765+0000] {processor.py:208} INFO - Processing /home/airflow/.local/lib/python3.10/site-packages/airflow/example_dags/example_external_task_marker_dag.py took 0.063 seconds
[2025-01-29T15:06:08.084+0000] {processor.py:186} INFO - Started process (PID=1557) to work on /home/airflow/.local/lib/python3.10/site-packages/airflow/example_dags/example_external_task_marker_dag.py
[2025-01-29T15:06:08.085+0000] {processor.py:914} INFO - Processing file /home/airflow/.local/lib/python3.10/site-packages/airflow/example_dags/example_external_task_marker_dag.py for tasks to queue
[2025-01-29T15:06:08.088+0000] {logging_mixin.py:190} INFO - [2025-01-29T15:06:08.087+0000] {dagbag.py:588} INFO - Filling up the DagBag from /home/airflow/.local/lib/python3.10/site-packages/airflow/example_dags/example_external_task_marker_dag.py
[2025-01-29T15:06:08.094+0000] {processor.py:925} INFO - DAG(s) 'example_external_task_marker_parent', 'example_external_task_marker_child' retrieved from /home/airflow/.local/lib/python3.10/site-packages/airflow/example_dags/example_external_task_marker_dag.py
[2025-01-29T15:06:08.114+0000] {logging_mixin.py:190} INFO - [2025-01-29T15:06:08.114+0000] {dag.py:3239} INFO - Sync 2 DAGs
[2025-01-29T15:06:08.128+0000] {logging_mixin.py:190} INFO - [2025-01-29T15:06:08.128+0000] {dag.py:4180} INFO - Setting next_dagrun for example_external_task_marker_child to None, run_after=None
[2025-01-29T15:06:08.131+0000] {logging_mixin.py:190} INFO - [2025-01-29T15:06:08.131+0000] {dag.py:4180} INFO - Setting next_dagrun for example_external_task_marker_parent to None, run_after=None
[2025-01-29T15:06:08.144+0000] {processor.py:208} INFO - Processing /home/airflow/.local/lib/python3.10/site-packages/airflow/example_dags/example_external_task_marker_dag.py took 0.065 seconds
[2025-01-29T15:06:38.341+0000] {processor.py:186} INFO - Started process (PID=1623) to work on /home/airflow/.local/lib/python3.10/site-packages/airflow/example_dags/example_external_task_marker_dag.py
[2025-01-29T15:06:38.341+0000] {processor.py:914} INFO - Processing file /home/airflow/.local/lib/python3.10/site-packages/airflow/example_dags/example_external_task_marker_dag.py for tasks to queue
[2025-01-29T15:06:38.344+0000] {logging_mixin.py:190} INFO - [2025-01-29T15:06:38.344+0000] {dagbag.py:588} INFO - Filling up the DagBag from /home/airflow/.local/lib/python3.10/site-packages/airflow/example_dags/example_external_task_marker_dag.py
[2025-01-29T15:06:38.350+0000] {processor.py:925} INFO - DAG(s) 'example_external_task_marker_child', 'example_external_task_marker_parent' retrieved from /home/airflow/.local/lib/python3.10/site-packages/airflow/example_dags/example_external_task_marker_dag.py
[2025-01-29T15:06:38.371+0000] {logging_mixin.py:190} INFO - [2025-01-29T15:06:38.371+0000] {dag.py:3239} INFO - Sync 2 DAGs
[2025-01-29T15:06:38.384+0000] {logging_mixin.py:190} INFO - [2025-01-29T15:06:38.384+0000] {dag.py:4180} INFO - Setting next_dagrun for example_external_task_marker_child to None, run_after=None
[2025-01-29T15:06:38.388+0000] {logging_mixin.py:190} INFO - [2025-01-29T15:06:38.388+0000] {dag.py:4180} INFO - Setting next_dagrun for example_external_task_marker_parent to None, run_after=None
[2025-01-29T15:06:38.401+0000] {processor.py:208} INFO - Processing /home/airflow/.local/lib/python3.10/site-packages/airflow/example_dags/example_external_task_marker_dag.py took 0.066 seconds
[2025-01-29T15:07:08.701+0000] {processor.py:186} INFO - Started process (PID=1689) to work on /home/airflow/.local/lib/python3.10/site-packages/airflow/example_dags/example_external_task_marker_dag.py
[2025-01-29T15:07:08.702+0000] {processor.py:914} INFO - Processing file /home/airflow/.local/lib/python3.10/site-packages/airflow/example_dags/example_external_task_marker_dag.py for tasks to queue
[2025-01-29T15:07:08.705+0000] {logging_mixin.py:190} INFO - [2025-01-29T15:07:08.704+0000] {dagbag.py:588} INFO - Filling up the DagBag from /home/airflow/.local/lib/python3.10/site-packages/airflow/example_dags/example_external_task_marker_dag.py
[2025-01-29T15:07:08.711+0000] {processor.py:925} INFO - DAG(s) 'example_external_task_marker_parent', 'example_external_task_marker_child' retrieved from /home/airflow/.local/lib/python3.10/site-packages/airflow/example_dags/example_external_task_marker_dag.py
[2025-01-29T15:07:08.732+0000] {logging_mixin.py:190} INFO - [2025-01-29T15:07:08.732+0000] {dag.py:3239} INFO - Sync 2 DAGs
[2025-01-29T15:07:08.745+0000] {logging_mixin.py:190} INFO - [2025-01-29T15:07:08.745+0000] {dag.py:4180} INFO - Setting next_dagrun for example_external_task_marker_child to None, run_after=None
[2025-01-29T15:07:08.749+0000] {logging_mixin.py:190} INFO - [2025-01-29T15:07:08.749+0000] {dag.py:4180} INFO - Setting next_dagrun for example_external_task_marker_parent to None, run_after=None
[2025-01-29T15:07:08.762+0000] {processor.py:208} INFO - Processing /home/airflow/.local/lib/python3.10/site-packages/airflow/example_dags/example_external_task_marker_dag.py took 0.066 seconds
[2025-01-29T15:07:39.584+0000] {processor.py:186} INFO - Started process (PID=1755) to work on /home/airflow/.local/lib/python3.10/site-packages/airflow/example_dags/example_external_task_marker_dag.py
[2025-01-29T15:07:39.585+0000] {processor.py:914} INFO - Processing file /home/airflow/.local/lib/python3.10/site-packages/airflow/example_dags/example_external_task_marker_dag.py for tasks to queue
[2025-01-29T15:07:39.587+0000] {logging_mixin.py:190} INFO - [2025-01-29T15:07:39.587+0000] {dagbag.py:588} INFO - Filling up the DagBag from /home/airflow/.local/lib/python3.10/site-packages/airflow/example_dags/example_external_task_marker_dag.py
[2025-01-29T15:07:39.593+0000] {processor.py:925} INFO - DAG(s) 'example_external_task_marker_parent', 'example_external_task_marker_child' retrieved from /home/airflow/.local/lib/python3.10/site-packages/airflow/example_dags/example_external_task_marker_dag.py
[2025-01-29T15:07:39.612+0000] {logging_mixin.py:190} INFO - [2025-01-29T15:07:39.611+0000] {dag.py:3239} INFO - Sync 2 DAGs
[2025-01-29T15:07:39.624+0000] {logging_mixin.py:190} INFO - [2025-01-29T15:07:39.624+0000] {dag.py:4180} INFO - Setting next_dagrun for example_external_task_marker_child to None, run_after=None
[2025-01-29T15:07:39.627+0000] {logging_mixin.py:190} INFO - [2025-01-29T15:07:39.627+0000] {dag.py:4180} INFO - Setting next_dagrun for example_external_task_marker_parent to None, run_after=None
[2025-01-29T15:07:39.640+0000] {processor.py:208} INFO - Processing /home/airflow/.local/lib/python3.10/site-packages/airflow/example_dags/example_external_task_marker_dag.py took 0.060 seconds
[2025-01-29T15:08:11.026+0000] {processor.py:186} INFO - Started process (PID=1821) to work on /home/airflow/.local/lib/python3.10/site-packages/airflow/example_dags/example_external_task_marker_dag.py
[2025-01-29T15:08:11.027+0000] {processor.py:914} INFO - Processing file /home/airflow/.local/lib/python3.10/site-packages/airflow/example_dags/example_external_task_marker_dag.py for tasks to queue
[2025-01-29T15:08:11.029+0000] {logging_mixin.py:190} INFO - [2025-01-29T15:08:11.029+0000] {dagbag.py:588} INFO - Filling up the DagBag from /home/airflow/.local/lib/python3.10/site-packages/airflow/example_dags/example_external_task_marker_dag.py
[2025-01-29T15:08:11.036+0000] {processor.py:925} INFO - DAG(s) 'example_external_task_marker_parent', 'example_external_task_marker_child' retrieved from /home/airflow/.local/lib/python3.10/site-packages/airflow/example_dags/example_external_task_marker_dag.py
[2025-01-29T15:08:11.056+0000] {logging_mixin.py:190} INFO - [2025-01-29T15:08:11.056+0000] {dag.py:3239} INFO - Sync 2 DAGs
[2025-01-29T15:08:11.069+0000] {logging_mixin.py:190} INFO - [2025-01-29T15:08:11.069+0000] {dag.py:4180} INFO - Setting next_dagrun for example_external_task_marker_child to None, run_after=None
[2025-01-29T15:08:11.072+0000] {logging_mixin.py:190} INFO - [2025-01-29T15:08:11.072+0000] {dag.py:4180} INFO - Setting next_dagrun for example_external_task_marker_parent to None, run_after=None
[2025-01-29T15:08:11.240+0000] {processor.py:208} INFO - Processing /home/airflow/.local/lib/python3.10/site-packages/airflow/example_dags/example_external_task_marker_dag.py took 0.219 seconds
[2025-01-29T15:08:41.773+0000] {processor.py:186} INFO - Started process (PID=1887) to work on /home/airflow/.local/lib/python3.10/site-packages/airflow/example_dags/example_external_task_marker_dag.py
[2025-01-29T15:08:41.773+0000] {processor.py:914} INFO - Processing file /home/airflow/.local/lib/python3.10/site-packages/airflow/example_dags/example_external_task_marker_dag.py for tasks to queue
[2025-01-29T15:08:41.776+0000] {logging_mixin.py:190} INFO - [2025-01-29T15:08:41.776+0000] {dagbag.py:588} INFO - Filling up the DagBag from /home/airflow/.local/lib/python3.10/site-packages/airflow/example_dags/example_external_task_marker_dag.py
[2025-01-29T15:08:41.782+0000] {processor.py:925} INFO - DAG(s) 'example_external_task_marker_parent', 'example_external_task_marker_child' retrieved from /home/airflow/.local/lib/python3.10/site-packages/airflow/example_dags/example_external_task_marker_dag.py
[2025-01-29T15:08:41.802+0000] {logging_mixin.py:190} INFO - [2025-01-29T15:08:41.802+0000] {dag.py:3239} INFO - Sync 2 DAGs
[2025-01-29T15:08:41.816+0000] {logging_mixin.py:190} INFO - [2025-01-29T15:08:41.816+0000] {dag.py:4180} INFO - Setting next_dagrun for example_external_task_marker_child to None, run_after=None
[2025-01-29T15:08:41.820+0000] {logging_mixin.py:190} INFO - [2025-01-29T15:08:41.820+0000] {dag.py:4180} INFO - Setting next_dagrun for example_external_task_marker_parent to None, run_after=None
[2025-01-29T15:08:41.992+0000] {processor.py:208} INFO - Processing /home/airflow/.local/lib/python3.10/site-packages/airflow/example_dags/example_external_task_marker_dag.py took 0.225 seconds
[2025-01-29T15:09:12.967+0000] {processor.py:186} INFO - Started process (PID=1953) to work on /home/airflow/.local/lib/python3.10/site-packages/airflow/example_dags/example_external_task_marker_dag.py
[2025-01-29T15:09:12.968+0000] {processor.py:914} INFO - Processing file /home/airflow/.local/lib/python3.10/site-packages/airflow/example_dags/example_external_task_marker_dag.py for tasks to queue
[2025-01-29T15:09:12.971+0000] {logging_mixin.py:190} INFO - [2025-01-29T15:09:12.971+0000] {dagbag.py:588} INFO - Filling up the DagBag from /home/airflow/.local/lib/python3.10/site-packages/airflow/example_dags/example_external_task_marker_dag.py
[2025-01-29T15:09:12.980+0000] {processor.py:925} INFO - DAG(s) 'example_external_task_marker_child', 'example_external_task_marker_parent' retrieved from /home/airflow/.local/lib/python3.10/site-packages/airflow/example_dags/example_external_task_marker_dag.py
[2025-01-29T15:09:13.001+0000] {logging_mixin.py:190} INFO - [2025-01-29T15:09:13.000+0000] {dag.py:3239} INFO - Sync 2 DAGs
[2025-01-29T15:09:13.015+0000] {logging_mixin.py:190} INFO - [2025-01-29T15:09:13.015+0000] {dag.py:4180} INFO - Setting next_dagrun for example_external_task_marker_child to None, run_after=None
[2025-01-29T15:09:13.018+0000] {logging_mixin.py:190} INFO - [2025-01-29T15:09:13.018+0000] {dag.py:4180} INFO - Setting next_dagrun for example_external_task_marker_parent to None, run_after=None
[2025-01-29T15:09:13.207+0000] {processor.py:208} INFO - Processing /home/airflow/.local/lib/python3.10/site-packages/airflow/example_dags/example_external_task_marker_dag.py took 0.247 seconds
[2025-01-29T15:09:43.665+0000] {processor.py:186} INFO - Started process (PID=2019) to work on /home/airflow/.local/lib/python3.10/site-packages/airflow/example_dags/example_external_task_marker_dag.py
[2025-01-29T15:09:43.665+0000] {processor.py:914} INFO - Processing file /home/airflow/.local/lib/python3.10/site-packages/airflow/example_dags/example_external_task_marker_dag.py for tasks to queue
[2025-01-29T15:09:43.668+0000] {logging_mixin.py:190} INFO - [2025-01-29T15:09:43.668+0000] {dagbag.py:588} INFO - Filling up the DagBag from /home/airflow/.local/lib/python3.10/site-packages/airflow/example_dags/example_external_task_marker_dag.py
[2025-01-29T15:09:43.675+0000] {processor.py:925} INFO - DAG(s) 'example_external_task_marker_child', 'example_external_task_marker_parent' retrieved from /home/airflow/.local/lib/python3.10/site-packages/airflow/example_dags/example_external_task_marker_dag.py
[2025-01-29T15:09:43.695+0000] {logging_mixin.py:190} INFO - [2025-01-29T15:09:43.694+0000] {dag.py:3239} INFO - Sync 2 DAGs
[2025-01-29T15:09:43.708+0000] {logging_mixin.py:190} INFO - [2025-01-29T15:09:43.708+0000] {dag.py:4180} INFO - Setting next_dagrun for example_external_task_marker_child to None, run_after=None
[2025-01-29T15:09:43.712+0000] {logging_mixin.py:190} INFO - [2025-01-29T15:09:43.711+0000] {dag.py:4180} INFO - Setting next_dagrun for example_external_task_marker_parent to None, run_after=None
[2025-01-29T15:09:43.905+0000] {processor.py:208} INFO - Processing /home/airflow/.local/lib/python3.10/site-packages/airflow/example_dags/example_external_task_marker_dag.py took 0.246 seconds
[2025-01-29T15:10:14.467+0000] {processor.py:186} INFO - Started process (PID=2085) to work on /home/airflow/.local/lib/python3.10/site-packages/airflow/example_dags/example_external_task_marker_dag.py
[2025-01-29T15:10:14.468+0000] {processor.py:914} INFO - Processing file /home/airflow/.local/lib/python3.10/site-packages/airflow/example_dags/example_external_task_marker_dag.py for tasks to queue
[2025-01-29T15:10:14.471+0000] {logging_mixin.py:190} INFO - [2025-01-29T15:10:14.470+0000] {dagbag.py:588} INFO - Filling up the DagBag from /home/airflow/.local/lib/python3.10/site-packages/airflow/example_dags/example_external_task_marker_dag.py
[2025-01-29T15:10:14.477+0000] {processor.py:925} INFO - DAG(s) 'example_external_task_marker_child', 'example_external_task_marker_parent' retrieved from /home/airflow/.local/lib/python3.10/site-packages/airflow/example_dags/example_external_task_marker_dag.py
[2025-01-29T15:10:14.497+0000] {logging_mixin.py:190} INFO - [2025-01-29T15:10:14.497+0000] {dag.py:3239} INFO - Sync 2 DAGs
[2025-01-29T15:10:14.510+0000] {logging_mixin.py:190} INFO - [2025-01-29T15:10:14.510+0000] {dag.py:4180} INFO - Setting next_dagrun for example_external_task_marker_child to None, run_after=None
[2025-01-29T15:10:14.513+0000] {logging_mixin.py:190} INFO - [2025-01-29T15:10:14.513+0000] {dag.py:4180} INFO - Setting next_dagrun for example_external_task_marker_parent to None, run_after=None
[2025-01-29T15:10:14.688+0000] {processor.py:208} INFO - Processing /home/airflow/.local/lib/python3.10/site-packages/airflow/example_dags/example_external_task_marker_dag.py took 0.226 seconds
[2025-01-29T15:10:45.493+0000] {processor.py:186} INFO - Started process (PID=2151) to work on /home/airflow/.local/lib/python3.10/site-packages/airflow/example_dags/example_external_task_marker_dag.py
[2025-01-29T15:10:45.494+0000] {processor.py:914} INFO - Processing file /home/airflow/.local/lib/python3.10/site-packages/airflow/example_dags/example_external_task_marker_dag.py for tasks to queue
[2025-01-29T15:10:45.496+0000] {logging_mixin.py:190} INFO - [2025-01-29T15:10:45.496+0000] {dagbag.py:588} INFO - Filling up the DagBag from /home/airflow/.local/lib/python3.10/site-packages/airflow/example_dags/example_external_task_marker_dag.py
[2025-01-29T15:10:45.502+0000] {processor.py:925} INFO - DAG(s) 'example_external_task_marker_child', 'example_external_task_marker_parent' retrieved from /home/airflow/.local/lib/python3.10/site-packages/airflow/example_dags/example_external_task_marker_dag.py
[2025-01-29T15:10:45.522+0000] {logging_mixin.py:190} INFO - [2025-01-29T15:10:45.522+0000] {dag.py:3239} INFO - Sync 2 DAGs
[2025-01-29T15:10:45.535+0000] {logging_mixin.py:190} INFO - [2025-01-29T15:10:45.534+0000] {dag.py:4180} INFO - Setting next_dagrun for example_external_task_marker_child to None, run_after=None
[2025-01-29T15:10:45.538+0000] {logging_mixin.py:190} INFO - [2025-01-29T15:10:45.538+0000] {dag.py:4180} INFO - Setting next_dagrun for example_external_task_marker_parent to None, run_after=None
[2025-01-29T15:10:45.552+0000] {processor.py:208} INFO - Processing /home/airflow/.local/lib/python3.10/site-packages/airflow/example_dags/example_external_task_marker_dag.py took 0.064 seconds
[2025-01-29T15:11:15.765+0000] {processor.py:186} INFO - Started process (PID=2217) to work on /home/airflow/.local/lib/python3.10/site-packages/airflow/example_dags/example_external_task_marker_dag.py
[2025-01-29T15:11:15.766+0000] {processor.py:914} INFO - Processing file /home/airflow/.local/lib/python3.10/site-packages/airflow/example_dags/example_external_task_marker_dag.py for tasks to queue
[2025-01-29T15:11:15.768+0000] {logging_mixin.py:190} INFO - [2025-01-29T15:11:15.768+0000] {dagbag.py:588} INFO - Filling up the DagBag from /home/airflow/.local/lib/python3.10/site-packages/airflow/example_dags/example_external_task_marker_dag.py
[2025-01-29T15:11:15.775+0000] {processor.py:925} INFO - DAG(s) 'example_external_task_marker_child', 'example_external_task_marker_parent' retrieved from /home/airflow/.local/lib/python3.10/site-packages/airflow/example_dags/example_external_task_marker_dag.py
[2025-01-29T15:11:15.794+0000] {logging_mixin.py:190} INFO - [2025-01-29T15:11:15.794+0000] {dag.py:3239} INFO - Sync 2 DAGs
[2025-01-29T15:11:15.807+0000] {logging_mixin.py:190} INFO - [2025-01-29T15:11:15.807+0000] {dag.py:4180} INFO - Setting next_dagrun for example_external_task_marker_child to None, run_after=None
[2025-01-29T15:11:15.810+0000] {logging_mixin.py:190} INFO - [2025-01-29T15:11:15.810+0000] {dag.py:4180} INFO - Setting next_dagrun for example_external_task_marker_parent to None, run_after=None
[2025-01-29T15:11:15.822+0000] {processor.py:208} INFO - Processing /home/airflow/.local/lib/python3.10/site-packages/airflow/example_dags/example_external_task_marker_dag.py took 0.062 seconds
[2025-01-29T15:11:46.417+0000] {processor.py:186} INFO - Started process (PID=2283) to work on /home/airflow/.local/lib/python3.10/site-packages/airflow/example_dags/example_external_task_marker_dag.py
[2025-01-29T15:11:46.418+0000] {processor.py:914} INFO - Processing file /home/airflow/.local/lib/python3.10/site-packages/airflow/example_dags/example_external_task_marker_dag.py for tasks to queue
[2025-01-29T15:11:46.421+0000] {logging_mixin.py:190} INFO - [2025-01-29T15:11:46.421+0000] {dagbag.py:588} INFO - Filling up the DagBag from /home/airflow/.local/lib/python3.10/site-packages/airflow/example_dags/example_external_task_marker_dag.py
[2025-01-29T15:11:46.428+0000] {processor.py:925} INFO - DAG(s) 'example_external_task_marker_parent', 'example_external_task_marker_child' retrieved from /home/airflow/.local/lib/python3.10/site-packages/airflow/example_dags/example_external_task_marker_dag.py
[2025-01-29T15:11:46.447+0000] {logging_mixin.py:190} INFO - [2025-01-29T15:11:46.447+0000] {dag.py:3239} INFO - Sync 2 DAGs
[2025-01-29T15:11:46.461+0000] {logging_mixin.py:190} INFO - [2025-01-29T15:11:46.461+0000] {dag.py:4180} INFO - Setting next_dagrun for example_external_task_marker_child to None, run_after=None
[2025-01-29T15:11:46.464+0000] {logging_mixin.py:190} INFO - [2025-01-29T15:11:46.464+0000] {dag.py:4180} INFO - Setting next_dagrun for example_external_task_marker_parent to None, run_after=None
[2025-01-29T15:11:46.477+0000] {processor.py:208} INFO - Processing /home/airflow/.local/lib/python3.10/site-packages/airflow/example_dags/example_external_task_marker_dag.py took 0.065 seconds
[2025-01-29T15:12:16.603+0000] {processor.py:186} INFO - Started process (PID=2349) to work on /home/airflow/.local/lib/python3.10/site-packages/airflow/example_dags/example_external_task_marker_dag.py
[2025-01-29T15:12:16.603+0000] {processor.py:914} INFO - Processing file /home/airflow/.local/lib/python3.10/site-packages/airflow/example_dags/example_external_task_marker_dag.py for tasks to queue
[2025-01-29T15:12:16.606+0000] {logging_mixin.py:190} INFO - [2025-01-29T15:12:16.606+0000] {dagbag.py:588} INFO - Filling up the DagBag from /home/airflow/.local/lib/python3.10/site-packages/airflow/example_dags/example_external_task_marker_dag.py
[2025-01-29T15:12:16.613+0000] {processor.py:925} INFO - DAG(s) 'example_external_task_marker_parent', 'example_external_task_marker_child' retrieved from /home/airflow/.local/lib/python3.10/site-packages/airflow/example_dags/example_external_task_marker_dag.py
[2025-01-29T15:12:16.632+0000] {logging_mixin.py:190} INFO - [2025-01-29T15:12:16.632+0000] {dag.py:3239} INFO - Sync 2 DAGs
[2025-01-29T15:12:16.646+0000] {logging_mixin.py:190} INFO - [2025-01-29T15:12:16.646+0000] {dag.py:4180} INFO - Setting next_dagrun for example_external_task_marker_child to None, run_after=None
[2025-01-29T15:12:16.649+0000] {logging_mixin.py:190} INFO - [2025-01-29T15:12:16.649+0000] {dag.py:4180} INFO - Setting next_dagrun for example_external_task_marker_parent to None, run_after=None
[2025-01-29T15:12:16.662+0000] {processor.py:208} INFO - Processing /home/airflow/.local/lib/python3.10/site-packages/airflow/example_dags/example_external_task_marker_dag.py took 0.064 seconds
[2025-01-29T15:12:47.102+0000] {processor.py:186} INFO - Started process (PID=2414) to work on /home/airflow/.local/lib/python3.10/site-packages/airflow/example_dags/example_external_task_marker_dag.py
[2025-01-29T15:12:47.103+0000] {processor.py:914} INFO - Processing file /home/airflow/.local/lib/python3.10/site-packages/airflow/example_dags/example_external_task_marker_dag.py for tasks to queue
[2025-01-29T15:12:47.106+0000] {logging_mixin.py:190} INFO - [2025-01-29T15:12:47.105+0000] {dagbag.py:588} INFO - Filling up the DagBag from /home/airflow/.local/lib/python3.10/site-packages/airflow/example_dags/example_external_task_marker_dag.py
[2025-01-29T15:12:47.113+0000] {processor.py:925} INFO - DAG(s) 'example_external_task_marker_child', 'example_external_task_marker_parent' retrieved from /home/airflow/.local/lib/python3.10/site-packages/airflow/example_dags/example_external_task_marker_dag.py
[2025-01-29T15:12:47.133+0000] {logging_mixin.py:190} INFO - [2025-01-29T15:12:47.133+0000] {dag.py:3239} INFO - Sync 2 DAGs
[2025-01-29T15:12:47.145+0000] {logging_mixin.py:190} INFO - [2025-01-29T15:12:47.145+0000] {dag.py:4180} INFO - Setting next_dagrun for example_external_task_marker_child to None, run_after=None
[2025-01-29T15:12:47.149+0000] {logging_mixin.py:190} INFO - [2025-01-29T15:12:47.149+0000] {dag.py:4180} INFO - Setting next_dagrun for example_external_task_marker_parent to None, run_after=None
[2025-01-29T15:12:47.162+0000] {processor.py:208} INFO - Processing /home/airflow/.local/lib/python3.10/site-packages/airflow/example_dags/example_external_task_marker_dag.py took 0.064 seconds
[2025-01-29T15:13:17.241+0000] {processor.py:186} INFO - Started process (PID=2480) to work on /home/airflow/.local/lib/python3.10/site-packages/airflow/example_dags/example_external_task_marker_dag.py
[2025-01-29T15:13:17.242+0000] {processor.py:914} INFO - Processing file /home/airflow/.local/lib/python3.10/site-packages/airflow/example_dags/example_external_task_marker_dag.py for tasks to queue
[2025-01-29T15:13:17.245+0000] {logging_mixin.py:190} INFO - [2025-01-29T15:13:17.245+0000] {dagbag.py:588} INFO - Filling up the DagBag from /home/airflow/.local/lib/python3.10/site-packages/airflow/example_dags/example_external_task_marker_dag.py
[2025-01-29T15:13:17.252+0000] {processor.py:925} INFO - DAG(s) 'example_external_task_marker_child', 'example_external_task_marker_parent' retrieved from /home/airflow/.local/lib/python3.10/site-packages/airflow/example_dags/example_external_task_marker_dag.py
[2025-01-29T15:13:17.271+0000] {logging_mixin.py:190} INFO - [2025-01-29T15:13:17.271+0000] {dag.py:3239} INFO - Sync 2 DAGs
[2025-01-29T15:13:17.283+0000] {logging_mixin.py:190} INFO - [2025-01-29T15:13:17.283+0000] {dag.py:4180} INFO - Setting next_dagrun for example_external_task_marker_child to None, run_after=None
[2025-01-29T15:13:17.287+0000] {logging_mixin.py:190} INFO - [2025-01-29T15:13:17.287+0000] {dag.py:4180} INFO - Setting next_dagrun for example_external_task_marker_parent to None, run_after=None
[2025-01-29T15:13:17.299+0000] {processor.py:208} INFO - Processing /home/airflow/.local/lib/python3.10/site-packages/airflow/example_dags/example_external_task_marker_dag.py took 0.063 seconds
[2025-01-29T15:13:47.436+0000] {processor.py:186} INFO - Started process (PID=2546) to work on /home/airflow/.local/lib/python3.10/site-packages/airflow/example_dags/example_external_task_marker_dag.py
[2025-01-29T15:13:47.437+0000] {processor.py:914} INFO - Processing file /home/airflow/.local/lib/python3.10/site-packages/airflow/example_dags/example_external_task_marker_dag.py for tasks to queue
[2025-01-29T15:13:47.439+0000] {logging_mixin.py:190} INFO - [2025-01-29T15:13:47.439+0000] {dagbag.py:588} INFO - Filling up the DagBag from /home/airflow/.local/lib/python3.10/site-packages/airflow/example_dags/example_external_task_marker_dag.py
[2025-01-29T15:13:47.446+0000] {processor.py:925} INFO - DAG(s) 'example_external_task_marker_parent', 'example_external_task_marker_child' retrieved from /home/airflow/.local/lib/python3.10/site-packages/airflow/example_dags/example_external_task_marker_dag.py
[2025-01-29T15:13:47.465+0000] {logging_mixin.py:190} INFO - [2025-01-29T15:13:47.465+0000] {dag.py:3239} INFO - Sync 2 DAGs
[2025-01-29T15:13:47.478+0000] {logging_mixin.py:190} INFO - [2025-01-29T15:13:47.477+0000] {dag.py:4180} INFO - Setting next_dagrun for example_external_task_marker_child to None, run_after=None
[2025-01-29T15:13:47.481+0000] {logging_mixin.py:190} INFO - [2025-01-29T15:13:47.481+0000] {dag.py:4180} INFO - Setting next_dagrun for example_external_task_marker_parent to None, run_after=None
[2025-01-29T15:13:47.494+0000] {processor.py:208} INFO - Processing /home/airflow/.local/lib/python3.10/site-packages/airflow/example_dags/example_external_task_marker_dag.py took 0.063 seconds
[2025-01-29T15:14:17.707+0000] {processor.py:186} INFO - Started process (PID=2612) to work on /home/airflow/.local/lib/python3.10/site-packages/airflow/example_dags/example_external_task_marker_dag.py
[2025-01-29T15:14:17.707+0000] {processor.py:914} INFO - Processing file /home/airflow/.local/lib/python3.10/site-packages/airflow/example_dags/example_external_task_marker_dag.py for tasks to queue
[2025-01-29T15:14:17.711+0000] {logging_mixin.py:190} INFO - [2025-01-29T15:14:17.710+0000] {dagbag.py:588} INFO - Filling up the DagBag from /home/airflow/.local/lib/python3.10/site-packages/airflow/example_dags/example_external_task_marker_dag.py
[2025-01-29T15:14:17.719+0000] {processor.py:925} INFO - DAG(s) 'example_external_task_marker_parent', 'example_external_task_marker_child' retrieved from /home/airflow/.local/lib/python3.10/site-packages/airflow/example_dags/example_external_task_marker_dag.py
[2025-01-29T15:14:17.739+0000] {logging_mixin.py:190} INFO - [2025-01-29T15:14:17.739+0000] {dag.py:3239} INFO - Sync 2 DAGs
[2025-01-29T15:14:17.752+0000] {logging_mixin.py:190} INFO - [2025-01-29T15:14:17.752+0000] {dag.py:4180} INFO - Setting next_dagrun for example_external_task_marker_child to None, run_after=None
[2025-01-29T15:14:17.755+0000] {logging_mixin.py:190} INFO - [2025-01-29T15:14:17.755+0000] {dag.py:4180} INFO - Setting next_dagrun for example_external_task_marker_parent to None, run_after=None
[2025-01-29T15:14:17.768+0000] {processor.py:208} INFO - Processing /home/airflow/.local/lib/python3.10/site-packages/airflow/example_dags/example_external_task_marker_dag.py took 0.066 seconds
[2025-01-29T15:14:47.905+0000] {processor.py:186} INFO - Started process (PID=2678) to work on /home/airflow/.local/lib/python3.10/site-packages/airflow/example_dags/example_external_task_marker_dag.py
[2025-01-29T15:14:47.906+0000] {processor.py:914} INFO - Processing file /home/airflow/.local/lib/python3.10/site-packages/airflow/example_dags/example_external_task_marker_dag.py for tasks to queue
[2025-01-29T15:14:47.908+0000] {logging_mixin.py:190} INFO - [2025-01-29T15:14:47.908+0000] {dagbag.py:588} INFO - Filling up the DagBag from /home/airflow/.local/lib/python3.10/site-packages/airflow/example_dags/example_external_task_marker_dag.py
[2025-01-29T15:14:47.915+0000] {processor.py:925} INFO - DAG(s) 'example_external_task_marker_parent', 'example_external_task_marker_child' retrieved from /home/airflow/.local/lib/python3.10/site-packages/airflow/example_dags/example_external_task_marker_dag.py
[2025-01-29T15:14:47.935+0000] {logging_mixin.py:190} INFO - [2025-01-29T15:14:47.934+0000] {dag.py:3239} INFO - Sync 2 DAGs
[2025-01-29T15:14:47.948+0000] {logging_mixin.py:190} INFO - [2025-01-29T15:14:47.947+0000] {dag.py:4180} INFO - Setting next_dagrun for example_external_task_marker_child to None, run_after=None
[2025-01-29T15:14:47.951+0000] {logging_mixin.py:190} INFO - [2025-01-29T15:14:47.951+0000] {dag.py:4180} INFO - Setting next_dagrun for example_external_task_marker_parent to None, run_after=None
[2025-01-29T15:14:47.964+0000] {processor.py:208} INFO - Processing /home/airflow/.local/lib/python3.10/site-packages/airflow/example_dags/example_external_task_marker_dag.py took 0.063 seconds
[2025-01-29T15:15:18.308+0000] {processor.py:186} INFO - Started process (PID=2744) to work on /home/airflow/.local/lib/python3.10/site-packages/airflow/example_dags/example_external_task_marker_dag.py
[2025-01-29T15:15:18.309+0000] {processor.py:914} INFO - Processing file /home/airflow/.local/lib/python3.10/site-packages/airflow/example_dags/example_external_task_marker_dag.py for tasks to queue
[2025-01-29T15:15:18.312+0000] {logging_mixin.py:190} INFO - [2025-01-29T15:15:18.312+0000] {dagbag.py:588} INFO - Filling up the DagBag from /home/airflow/.local/lib/python3.10/site-packages/airflow/example_dags/example_external_task_marker_dag.py
[2025-01-29T15:15:18.319+0000] {processor.py:925} INFO - DAG(s) 'example_external_task_marker_child', 'example_external_task_marker_parent' retrieved from /home/airflow/.local/lib/python3.10/site-packages/airflow/example_dags/example_external_task_marker_dag.py
[2025-01-29T15:15:18.338+0000] {logging_mixin.py:190} INFO - [2025-01-29T15:15:18.338+0000] {dag.py:3239} INFO - Sync 2 DAGs
[2025-01-29T15:15:18.351+0000] {logging_mixin.py:190} INFO - [2025-01-29T15:15:18.351+0000] {dag.py:4180} INFO - Setting next_dagrun for example_external_task_marker_child to None, run_after=None
[2025-01-29T15:15:18.354+0000] {logging_mixin.py:190} INFO - [2025-01-29T15:15:18.354+0000] {dag.py:4180} INFO - Setting next_dagrun for example_external_task_marker_parent to None, run_after=None
[2025-01-29T15:15:18.369+0000] {processor.py:208} INFO - Processing /home/airflow/.local/lib/python3.10/site-packages/airflow/example_dags/example_external_task_marker_dag.py took 0.066 seconds
[2025-01-29T15:15:49.112+0000] {processor.py:186} INFO - Started process (PID=2810) to work on /home/airflow/.local/lib/python3.10/site-packages/airflow/example_dags/example_external_task_marker_dag.py
[2025-01-29T15:15:49.113+0000] {processor.py:914} INFO - Processing file /home/airflow/.local/lib/python3.10/site-packages/airflow/example_dags/example_external_task_marker_dag.py for tasks to queue
[2025-01-29T15:15:49.116+0000] {logging_mixin.py:190} INFO - [2025-01-29T15:15:49.116+0000] {dagbag.py:588} INFO - Filling up the DagBag from /home/airflow/.local/lib/python3.10/site-packages/airflow/example_dags/example_external_task_marker_dag.py
[2025-01-29T15:15:49.123+0000] {processor.py:925} INFO - DAG(s) 'example_external_task_marker_parent', 'example_external_task_marker_child' retrieved from /home/airflow/.local/lib/python3.10/site-packages/airflow/example_dags/example_external_task_marker_dag.py
[2025-01-29T15:15:49.142+0000] {logging_mixin.py:190} INFO - [2025-01-29T15:15:49.142+0000] {dag.py:3239} INFO - Sync 2 DAGs
[2025-01-29T15:15:49.155+0000] {logging_mixin.py:190} INFO - [2025-01-29T15:15:49.155+0000] {dag.py:4180} INFO - Setting next_dagrun for example_external_task_marker_child to None, run_after=None
[2025-01-29T15:15:49.158+0000] {logging_mixin.py:190} INFO - [2025-01-29T15:15:49.158+0000] {dag.py:4180} INFO - Setting next_dagrun for example_external_task_marker_parent to None, run_after=None
[2025-01-29T15:15:49.171+0000] {processor.py:208} INFO - Processing /home/airflow/.local/lib/python3.10/site-packages/airflow/example_dags/example_external_task_marker_dag.py took 0.064 seconds
[2025-01-29T15:16:19.432+0000] {processor.py:186} INFO - Started process (PID=2876) to work on /home/airflow/.local/lib/python3.10/site-packages/airflow/example_dags/example_external_task_marker_dag.py
[2025-01-29T15:16:19.433+0000] {processor.py:914} INFO - Processing file /home/airflow/.local/lib/python3.10/site-packages/airflow/example_dags/example_external_task_marker_dag.py for tasks to queue
[2025-01-29T15:16:19.436+0000] {logging_mixin.py:190} INFO - [2025-01-29T15:16:19.435+0000] {dagbag.py:588} INFO - Filling up the DagBag from /home/airflow/.local/lib/python3.10/site-packages/airflow/example_dags/example_external_task_marker_dag.py
[2025-01-29T15:16:19.443+0000] {processor.py:925} INFO - DAG(s) 'example_external_task_marker_parent', 'example_external_task_marker_child' retrieved from /home/airflow/.local/lib/python3.10/site-packages/airflow/example_dags/example_external_task_marker_dag.py
[2025-01-29T15:16:19.463+0000] {logging_mixin.py:190} INFO - [2025-01-29T15:16:19.463+0000] {dag.py:3239} INFO - Sync 2 DAGs
[2025-01-29T15:16:19.476+0000] {logging_mixin.py:190} INFO - [2025-01-29T15:16:19.476+0000] {dag.py:4180} INFO - Setting next_dagrun for example_external_task_marker_child to None, run_after=None
[2025-01-29T15:16:19.480+0000] {logging_mixin.py:190} INFO - [2025-01-29T15:16:19.479+0000] {dag.py:4180} INFO - Setting next_dagrun for example_external_task_marker_parent to None, run_after=None
[2025-01-29T15:16:19.492+0000] {processor.py:208} INFO - Processing /home/airflow/.local/lib/python3.10/site-packages/airflow/example_dags/example_external_task_marker_dag.py took 0.066 seconds
[2025-01-29T15:16:49.593+0000] {processor.py:186} INFO - Started process (PID=2942) to work on /home/airflow/.local/lib/python3.10/site-packages/airflow/example_dags/example_external_task_marker_dag.py
[2025-01-29T15:16:49.593+0000] {processor.py:914} INFO - Processing file /home/airflow/.local/lib/python3.10/site-packages/airflow/example_dags/example_external_task_marker_dag.py for tasks to queue
[2025-01-29T15:16:49.596+0000] {logging_mixin.py:190} INFO - [2025-01-29T15:16:49.596+0000] {dagbag.py:588} INFO - Filling up the DagBag from /home/airflow/.local/lib/python3.10/site-packages/airflow/example_dags/example_external_task_marker_dag.py
[2025-01-29T15:16:49.603+0000] {processor.py:925} INFO - DAG(s) 'example_external_task_marker_parent', 'example_external_task_marker_child' retrieved from /home/airflow/.local/lib/python3.10/site-packages/airflow/example_dags/example_external_task_marker_dag.py
[2025-01-29T15:16:49.623+0000] {logging_mixin.py:190} INFO - [2025-01-29T15:16:49.623+0000] {dag.py:3239} INFO - Sync 2 DAGs
[2025-01-29T15:16:49.636+0000] {logging_mixin.py:190} INFO - [2025-01-29T15:16:49.635+0000] {dag.py:4180} INFO - Setting next_dagrun for example_external_task_marker_child to None, run_after=None
[2025-01-29T15:16:49.639+0000] {logging_mixin.py:190} INFO - [2025-01-29T15:16:49.639+0000] {dag.py:4180} INFO - Setting next_dagrun for example_external_task_marker_parent to None, run_after=None
[2025-01-29T15:16:49.652+0000] {processor.py:208} INFO - Processing /home/airflow/.local/lib/python3.10/site-packages/airflow/example_dags/example_external_task_marker_dag.py took 0.065 seconds
[2025-01-29T15:17:19.872+0000] {processor.py:186} INFO - Started process (PID=3008) to work on /home/airflow/.local/lib/python3.10/site-packages/airflow/example_dags/example_external_task_marker_dag.py
[2025-01-29T15:17:19.873+0000] {processor.py:914} INFO - Processing file /home/airflow/.local/lib/python3.10/site-packages/airflow/example_dags/example_external_task_marker_dag.py for tasks to queue
[2025-01-29T15:17:19.876+0000] {logging_mixin.py:190} INFO - [2025-01-29T15:17:19.876+0000] {dagbag.py:588} INFO - Filling up the DagBag from /home/airflow/.local/lib/python3.10/site-packages/airflow/example_dags/example_external_task_marker_dag.py
[2025-01-29T15:17:19.883+0000] {processor.py:925} INFO - DAG(s) 'example_external_task_marker_parent', 'example_external_task_marker_child' retrieved from /home/airflow/.local/lib/python3.10/site-packages/airflow/example_dags/example_external_task_marker_dag.py
[2025-01-29T15:17:19.902+0000] {logging_mixin.py:190} INFO - [2025-01-29T15:17:19.902+0000] {dag.py:3239} INFO - Sync 2 DAGs
[2025-01-29T15:17:19.915+0000] {logging_mixin.py:190} INFO - [2025-01-29T15:17:19.915+0000] {dag.py:4180} INFO - Setting next_dagrun for example_external_task_marker_child to None, run_after=None
[2025-01-29T15:17:19.919+0000] {logging_mixin.py:190} INFO - [2025-01-29T15:17:19.919+0000] {dag.py:4180} INFO - Setting next_dagrun for example_external_task_marker_parent to None, run_after=None
[2025-01-29T15:17:19.931+0000] {processor.py:208} INFO - Processing /home/airflow/.local/lib/python3.10/site-packages/airflow/example_dags/example_external_task_marker_dag.py took 0.064 seconds
[2025-01-29T15:17:50.098+0000] {processor.py:186} INFO - Started process (PID=3074) to work on /home/airflow/.local/lib/python3.10/site-packages/airflow/example_dags/example_external_task_marker_dag.py
[2025-01-29T15:17:50.098+0000] {processor.py:914} INFO - Processing file /home/airflow/.local/lib/python3.10/site-packages/airflow/example_dags/example_external_task_marker_dag.py for tasks to queue
[2025-01-29T15:17:50.101+0000] {logging_mixin.py:190} INFO - [2025-01-29T15:17:50.101+0000] {dagbag.py:588} INFO - Filling up the DagBag from /home/airflow/.local/lib/python3.10/site-packages/airflow/example_dags/example_external_task_marker_dag.py
[2025-01-29T15:17:50.108+0000] {processor.py:925} INFO - DAG(s) 'example_external_task_marker_parent', 'example_external_task_marker_child' retrieved from /home/airflow/.local/lib/python3.10/site-packages/airflow/example_dags/example_external_task_marker_dag.py
[2025-01-29T15:17:50.129+0000] {logging_mixin.py:190} INFO - [2025-01-29T15:17:50.129+0000] {dag.py:3239} INFO - Sync 2 DAGs
[2025-01-29T15:17:50.143+0000] {logging_mixin.py:190} INFO - [2025-01-29T15:17:50.143+0000] {dag.py:4180} INFO - Setting next_dagrun for example_external_task_marker_child to None, run_after=None
[2025-01-29T15:17:50.147+0000] {logging_mixin.py:190} INFO - [2025-01-29T15:17:50.147+0000] {dag.py:4180} INFO - Setting next_dagrun for example_external_task_marker_parent to None, run_after=None
[2025-01-29T15:17:50.162+0000] {processor.py:208} INFO - Processing /home/airflow/.local/lib/python3.10/site-packages/airflow/example_dags/example_external_task_marker_dag.py took 0.069 seconds
[2025-01-29T15:18:20.497+0000] {processor.py:186} INFO - Started process (PID=3140) to work on /home/airflow/.local/lib/python3.10/site-packages/airflow/example_dags/example_external_task_marker_dag.py
[2025-01-29T15:18:20.499+0000] {processor.py:914} INFO - Processing file /home/airflow/.local/lib/python3.10/site-packages/airflow/example_dags/example_external_task_marker_dag.py for tasks to queue
[2025-01-29T15:18:20.503+0000] {logging_mixin.py:190} INFO - [2025-01-29T15:18:20.503+0000] {dagbag.py:588} INFO - Filling up the DagBag from /home/airflow/.local/lib/python3.10/site-packages/airflow/example_dags/example_external_task_marker_dag.py
[2025-01-29T15:18:20.514+0000] {processor.py:925} INFO - DAG(s) 'example_external_task_marker_child', 'example_external_task_marker_parent' retrieved from /home/airflow/.local/lib/python3.10/site-packages/airflow/example_dags/example_external_task_marker_dag.py
[2025-01-29T15:18:20.544+0000] {logging_mixin.py:190} INFO - [2025-01-29T15:18:20.543+0000] {dag.py:3239} INFO - Sync 2 DAGs
[2025-01-29T15:18:20.563+0000] {logging_mixin.py:190} INFO - [2025-01-29T15:18:20.563+0000] {dag.py:4180} INFO - Setting next_dagrun for example_external_task_marker_child to None, run_after=None
[2025-01-29T15:18:20.569+0000] {logging_mixin.py:190} INFO - [2025-01-29T15:18:20.569+0000] {dag.py:4180} INFO - Setting next_dagrun for example_external_task_marker_parent to None, run_after=None
[2025-01-29T15:18:20.591+0000] {processor.py:208} INFO - Processing /home/airflow/.local/lib/python3.10/site-packages/airflow/example_dags/example_external_task_marker_dag.py took 0.101 seconds
