[2025-01-29T14:55:00.252+0000] {processor.py:186} INFO - Started process (PID=123) to work on /home/airflow/.local/lib/python3.10/site-packages/airflow/example_dags/example_inlet_event_extra.py
[2025-01-29T14:55:00.253+0000] {processor.py:914} INFO - Processing file /home/airflow/.local/lib/python3.10/site-packages/airflow/example_dags/example_inlet_event_extra.py for tasks to queue
[2025-01-29T14:55:00.256+0000] {logging_mixin.py:190} INFO - [2025-01-29T14:55:00.256+0000] {dagbag.py:588} INFO - Filling up the DagBag from /home/airflow/.local/lib/python3.10/site-packages/airflow/example_dags/example_inlet_event_extra.py
[2025-01-29T14:55:00.272+0000] {processor.py:925} INFO - DAG(s) 'read_dataset_event_from_classic', 'read_dataset_event' retrieved from /home/airflow/.local/lib/python3.10/site-packages/airflow/example_dags/example_inlet_event_extra.py
[2025-01-29T14:55:00.294+0000] {logging_mixin.py:190} INFO - [2025-01-29T14:55:00.294+0000] {dag.py:3239} INFO - Sync 2 DAGs
[2025-01-29T14:55:00.319+0000] {logging_mixin.py:190} INFO - [2025-01-29T14:55:00.318+0000] {dag.py:4180} INFO - Setting next_dagrun for read_dataset_event to 2025-01-28T00:00:00+00:00, run_after=2025-01-29T00:00:00+00:00
[2025-01-29T14:55:00.324+0000] {logging_mixin.py:190} INFO - [2025-01-29T14:55:00.324+0000] {dag.py:4180} INFO - Setting next_dagrun for read_dataset_event_from_classic to 2025-01-28T00:00:00+00:00, run_after=2025-01-29T00:00:00+00:00
[2025-01-29T14:55:00.339+0000] {processor.py:208} INFO - Processing /home/airflow/.local/lib/python3.10/site-packages/airflow/example_dags/example_inlet_event_extra.py took 0.095 seconds
[2025-01-29T14:55:31.058+0000] {processor.py:186} INFO - Started process (PID=189) to work on /home/airflow/.local/lib/python3.10/site-packages/airflow/example_dags/example_inlet_event_extra.py
[2025-01-29T14:55:31.059+0000] {processor.py:914} INFO - Processing file /home/airflow/.local/lib/python3.10/site-packages/airflow/example_dags/example_inlet_event_extra.py for tasks to queue
[2025-01-29T14:55:31.061+0000] {logging_mixin.py:190} INFO - [2025-01-29T14:55:31.061+0000] {dagbag.py:588} INFO - Filling up the DagBag from /home/airflow/.local/lib/python3.10/site-packages/airflow/example_dags/example_inlet_event_extra.py
[2025-01-29T14:55:31.072+0000] {processor.py:925} INFO - DAG(s) 'read_dataset_event_from_classic', 'read_dataset_event' retrieved from /home/airflow/.local/lib/python3.10/site-packages/airflow/example_dags/example_inlet_event_extra.py
[2025-01-29T14:55:31.091+0000] {logging_mixin.py:190} INFO - [2025-01-29T14:55:31.091+0000] {dag.py:3239} INFO - Sync 2 DAGs
[2025-01-29T14:55:31.116+0000] {logging_mixin.py:190} INFO - [2025-01-29T14:55:31.116+0000] {dag.py:4180} INFO - Setting next_dagrun for read_dataset_event to 2025-01-28T00:00:00+00:00, run_after=2025-01-29T00:00:00+00:00
[2025-01-29T14:55:31.121+0000] {logging_mixin.py:190} INFO - [2025-01-29T14:55:31.121+0000] {dag.py:4180} INFO - Setting next_dagrun for read_dataset_event_from_classic to 2025-01-28T00:00:00+00:00, run_after=2025-01-29T00:00:00+00:00
[2025-01-29T14:55:31.136+0000] {processor.py:208} INFO - Processing /home/airflow/.local/lib/python3.10/site-packages/airflow/example_dags/example_inlet_event_extra.py took 0.084 seconds
[2025-01-29T14:56:01.198+0000] {processor.py:186} INFO - Started process (PID=255) to work on /home/airflow/.local/lib/python3.10/site-packages/airflow/example_dags/example_inlet_event_extra.py
[2025-01-29T14:56:01.199+0000] {processor.py:914} INFO - Processing file /home/airflow/.local/lib/python3.10/site-packages/airflow/example_dags/example_inlet_event_extra.py for tasks to queue
[2025-01-29T14:56:01.202+0000] {logging_mixin.py:190} INFO - [2025-01-29T14:56:01.201+0000] {dagbag.py:588} INFO - Filling up the DagBag from /home/airflow/.local/lib/python3.10/site-packages/airflow/example_dags/example_inlet_event_extra.py
[2025-01-29T14:56:01.212+0000] {processor.py:925} INFO - DAG(s) 'read_dataset_event', 'read_dataset_event_from_classic' retrieved from /home/airflow/.local/lib/python3.10/site-packages/airflow/example_dags/example_inlet_event_extra.py
[2025-01-29T14:56:01.232+0000] {logging_mixin.py:190} INFO - [2025-01-29T14:56:01.232+0000] {dag.py:3239} INFO - Sync 2 DAGs
[2025-01-29T14:56:01.254+0000] {logging_mixin.py:190} INFO - [2025-01-29T14:56:01.254+0000] {dag.py:4180} INFO - Setting next_dagrun for read_dataset_event to 2025-01-28T00:00:00+00:00, run_after=2025-01-29T00:00:00+00:00
[2025-01-29T14:56:01.259+0000] {logging_mixin.py:190} INFO - [2025-01-29T14:56:01.259+0000] {dag.py:4180} INFO - Setting next_dagrun for read_dataset_event_from_classic to 2025-01-28T00:00:00+00:00, run_after=2025-01-29T00:00:00+00:00
[2025-01-29T14:56:01.272+0000] {processor.py:208} INFO - Processing /home/airflow/.local/lib/python3.10/site-packages/airflow/example_dags/example_inlet_event_extra.py took 0.079 seconds
[2025-01-29T14:56:31.480+0000] {processor.py:186} INFO - Started process (PID=321) to work on /home/airflow/.local/lib/python3.10/site-packages/airflow/example_dags/example_inlet_event_extra.py
[2025-01-29T14:56:31.481+0000] {processor.py:914} INFO - Processing file /home/airflow/.local/lib/python3.10/site-packages/airflow/example_dags/example_inlet_event_extra.py for tasks to queue
[2025-01-29T14:56:31.484+0000] {logging_mixin.py:190} INFO - [2025-01-29T14:56:31.483+0000] {dagbag.py:588} INFO - Filling up the DagBag from /home/airflow/.local/lib/python3.10/site-packages/airflow/example_dags/example_inlet_event_extra.py
[2025-01-29T14:56:31.495+0000] {processor.py:925} INFO - DAG(s) 'read_dataset_event_from_classic', 'read_dataset_event' retrieved from /home/airflow/.local/lib/python3.10/site-packages/airflow/example_dags/example_inlet_event_extra.py
[2025-01-29T14:56:31.515+0000] {logging_mixin.py:190} INFO - [2025-01-29T14:56:31.515+0000] {dag.py:3239} INFO - Sync 2 DAGs
[2025-01-29T14:56:31.539+0000] {logging_mixin.py:190} INFO - [2025-01-29T14:56:31.538+0000] {dag.py:4180} INFO - Setting next_dagrun for read_dataset_event to 2025-01-28T00:00:00+00:00, run_after=2025-01-29T00:00:00+00:00
[2025-01-29T14:56:31.544+0000] {logging_mixin.py:190} INFO - [2025-01-29T14:56:31.543+0000] {dag.py:4180} INFO - Setting next_dagrun for read_dataset_event_from_classic to 2025-01-28T00:00:00+00:00, run_after=2025-01-29T00:00:00+00:00
[2025-01-29T14:56:31.559+0000] {processor.py:208} INFO - Processing /home/airflow/.local/lib/python3.10/site-packages/airflow/example_dags/example_inlet_event_extra.py took 0.084 seconds
[2025-01-29T14:57:02.139+0000] {processor.py:186} INFO - Started process (PID=387) to work on /home/airflow/.local/lib/python3.10/site-packages/airflow/example_dags/example_inlet_event_extra.py
[2025-01-29T14:57:02.140+0000] {processor.py:914} INFO - Processing file /home/airflow/.local/lib/python3.10/site-packages/airflow/example_dags/example_inlet_event_extra.py for tasks to queue
[2025-01-29T14:57:02.144+0000] {logging_mixin.py:190} INFO - [2025-01-29T14:57:02.143+0000] {dagbag.py:588} INFO - Filling up the DagBag from /home/airflow/.local/lib/python3.10/site-packages/airflow/example_dags/example_inlet_event_extra.py
[2025-01-29T14:57:02.155+0000] {processor.py:925} INFO - DAG(s) 'read_dataset_event', 'read_dataset_event_from_classic' retrieved from /home/airflow/.local/lib/python3.10/site-packages/airflow/example_dags/example_inlet_event_extra.py
[2025-01-29T14:57:02.176+0000] {logging_mixin.py:190} INFO - [2025-01-29T14:57:02.176+0000] {dag.py:3239} INFO - Sync 2 DAGs
[2025-01-29T14:57:02.201+0000] {logging_mixin.py:190} INFO - [2025-01-29T14:57:02.201+0000] {dag.py:4180} INFO - Setting next_dagrun for read_dataset_event to 2025-01-28T00:00:00+00:00, run_after=2025-01-29T00:00:00+00:00
[2025-01-29T14:57:02.212+0000] {logging_mixin.py:190} INFO - [2025-01-29T14:57:02.212+0000] {dag.py:4180} INFO - Setting next_dagrun for read_dataset_event_from_classic to 2025-01-28T00:00:00+00:00, run_after=2025-01-29T00:00:00+00:00
[2025-01-29T14:57:02.227+0000] {processor.py:208} INFO - Processing /home/airflow/.local/lib/python3.10/site-packages/airflow/example_dags/example_inlet_event_extra.py took 0.093 seconds
[2025-01-29T14:57:32.274+0000] {processor.py:186} INFO - Started process (PID=453) to work on /home/airflow/.local/lib/python3.10/site-packages/airflow/example_dags/example_inlet_event_extra.py
[2025-01-29T14:57:32.275+0000] {processor.py:914} INFO - Processing file /home/airflow/.local/lib/python3.10/site-packages/airflow/example_dags/example_inlet_event_extra.py for tasks to queue
[2025-01-29T14:57:32.278+0000] {logging_mixin.py:190} INFO - [2025-01-29T14:57:32.278+0000] {dagbag.py:588} INFO - Filling up the DagBag from /home/airflow/.local/lib/python3.10/site-packages/airflow/example_dags/example_inlet_event_extra.py
[2025-01-29T14:57:32.288+0000] {processor.py:925} INFO - DAG(s) 'read_dataset_event', 'read_dataset_event_from_classic' retrieved from /home/airflow/.local/lib/python3.10/site-packages/airflow/example_dags/example_inlet_event_extra.py
[2025-01-29T14:57:32.307+0000] {logging_mixin.py:190} INFO - [2025-01-29T14:57:32.306+0000] {dag.py:3239} INFO - Sync 2 DAGs
[2025-01-29T14:57:32.329+0000] {logging_mixin.py:190} INFO - [2025-01-29T14:57:32.329+0000] {dag.py:4180} INFO - Setting next_dagrun for read_dataset_event to 2025-01-28T00:00:00+00:00, run_after=2025-01-29T00:00:00+00:00
[2025-01-29T14:57:32.333+0000] {logging_mixin.py:190} INFO - [2025-01-29T14:57:32.333+0000] {dag.py:4180} INFO - Setting next_dagrun for read_dataset_event_from_classic to 2025-01-28T00:00:00+00:00, run_after=2025-01-29T00:00:00+00:00
[2025-01-29T14:57:32.347+0000] {processor.py:208} INFO - Processing /home/airflow/.local/lib/python3.10/site-packages/airflow/example_dags/example_inlet_event_extra.py took 0.078 seconds
[2025-01-29T14:58:02.691+0000] {processor.py:186} INFO - Started process (PID=519) to work on /home/airflow/.local/lib/python3.10/site-packages/airflow/example_dags/example_inlet_event_extra.py
[2025-01-29T14:58:02.692+0000] {processor.py:914} INFO - Processing file /home/airflow/.local/lib/python3.10/site-packages/airflow/example_dags/example_inlet_event_extra.py for tasks to queue
[2025-01-29T14:58:02.694+0000] {logging_mixin.py:190} INFO - [2025-01-29T14:58:02.694+0000] {dagbag.py:588} INFO - Filling up the DagBag from /home/airflow/.local/lib/python3.10/site-packages/airflow/example_dags/example_inlet_event_extra.py
[2025-01-29T14:58:02.705+0000] {processor.py:925} INFO - DAG(s) 'read_dataset_event', 'read_dataset_event_from_classic' retrieved from /home/airflow/.local/lib/python3.10/site-packages/airflow/example_dags/example_inlet_event_extra.py
[2025-01-29T14:58:02.723+0000] {logging_mixin.py:190} INFO - [2025-01-29T14:58:02.723+0000] {dag.py:3239} INFO - Sync 2 DAGs
[2025-01-29T14:58:02.746+0000] {logging_mixin.py:190} INFO - [2025-01-29T14:58:02.746+0000] {dag.py:4180} INFO - Setting next_dagrun for read_dataset_event to 2025-01-28T00:00:00+00:00, run_after=2025-01-29T00:00:00+00:00
[2025-01-29T14:58:02.751+0000] {logging_mixin.py:190} INFO - [2025-01-29T14:58:02.751+0000] {dag.py:4180} INFO - Setting next_dagrun for read_dataset_event_from_classic to 2025-01-28T00:00:00+00:00, run_after=2025-01-29T00:00:00+00:00
[2025-01-29T14:58:02.766+0000] {processor.py:208} INFO - Processing /home/airflow/.local/lib/python3.10/site-packages/airflow/example_dags/example_inlet_event_extra.py took 0.080 seconds
[2025-01-29T14:58:33.309+0000] {processor.py:186} INFO - Started process (PID=585) to work on /home/airflow/.local/lib/python3.10/site-packages/airflow/example_dags/example_inlet_event_extra.py
[2025-01-29T14:58:33.310+0000] {processor.py:914} INFO - Processing file /home/airflow/.local/lib/python3.10/site-packages/airflow/example_dags/example_inlet_event_extra.py for tasks to queue
[2025-01-29T14:58:33.313+0000] {logging_mixin.py:190} INFO - [2025-01-29T14:58:33.313+0000] {dagbag.py:588} INFO - Filling up the DagBag from /home/airflow/.local/lib/python3.10/site-packages/airflow/example_dags/example_inlet_event_extra.py
[2025-01-29T14:58:33.324+0000] {processor.py:925} INFO - DAG(s) 'read_dataset_event_from_classic', 'read_dataset_event' retrieved from /home/airflow/.local/lib/python3.10/site-packages/airflow/example_dags/example_inlet_event_extra.py
[2025-01-29T14:58:33.344+0000] {logging_mixin.py:190} INFO - [2025-01-29T14:58:33.343+0000] {dag.py:3239} INFO - Sync 2 DAGs
[2025-01-29T14:58:33.366+0000] {logging_mixin.py:190} INFO - [2025-01-29T14:58:33.366+0000] {dag.py:4180} INFO - Setting next_dagrun for read_dataset_event to 2025-01-28T00:00:00+00:00, run_after=2025-01-29T00:00:00+00:00
[2025-01-29T14:58:33.370+0000] {logging_mixin.py:190} INFO - [2025-01-29T14:58:33.370+0000] {dag.py:4180} INFO - Setting next_dagrun for read_dataset_event_from_classic to 2025-01-28T00:00:00+00:00, run_after=2025-01-29T00:00:00+00:00
[2025-01-29T14:58:33.384+0000] {processor.py:208} INFO - Processing /home/airflow/.local/lib/python3.10/site-packages/airflow/example_dags/example_inlet_event_extra.py took 0.080 seconds
[2025-01-29T14:59:03.452+0000] {processor.py:186} INFO - Started process (PID=651) to work on /home/airflow/.local/lib/python3.10/site-packages/airflow/example_dags/example_inlet_event_extra.py
[2025-01-29T14:59:03.453+0000] {processor.py:914} INFO - Processing file /home/airflow/.local/lib/python3.10/site-packages/airflow/example_dags/example_inlet_event_extra.py for tasks to queue
[2025-01-29T14:59:03.455+0000] {logging_mixin.py:190} INFO - [2025-01-29T14:59:03.455+0000] {dagbag.py:588} INFO - Filling up the DagBag from /home/airflow/.local/lib/python3.10/site-packages/airflow/example_dags/example_inlet_event_extra.py
[2025-01-29T14:59:03.465+0000] {processor.py:925} INFO - DAG(s) 'read_dataset_event_from_classic', 'read_dataset_event' retrieved from /home/airflow/.local/lib/python3.10/site-packages/airflow/example_dags/example_inlet_event_extra.py
[2025-01-29T14:59:03.484+0000] {logging_mixin.py:190} INFO - [2025-01-29T14:59:03.484+0000] {dag.py:3239} INFO - Sync 2 DAGs
[2025-01-29T14:59:03.505+0000] {logging_mixin.py:190} INFO - [2025-01-29T14:59:03.505+0000] {dag.py:4180} INFO - Setting next_dagrun for read_dataset_event to 2025-01-28T00:00:00+00:00, run_after=2025-01-29T00:00:00+00:00
[2025-01-29T14:59:03.510+0000] {logging_mixin.py:190} INFO - [2025-01-29T14:59:03.510+0000] {dag.py:4180} INFO - Setting next_dagrun for read_dataset_event_from_classic to 2025-01-28T00:00:00+00:00, run_after=2025-01-29T00:00:00+00:00
[2025-01-29T14:59:03.523+0000] {processor.py:208} INFO - Processing /home/airflow/.local/lib/python3.10/site-packages/airflow/example_dags/example_inlet_event_extra.py took 0.076 seconds
[2025-01-29T14:59:33.654+0000] {processor.py:186} INFO - Started process (PID=717) to work on /home/airflow/.local/lib/python3.10/site-packages/airflow/example_dags/example_inlet_event_extra.py
[2025-01-29T14:59:33.655+0000] {processor.py:914} INFO - Processing file /home/airflow/.local/lib/python3.10/site-packages/airflow/example_dags/example_inlet_event_extra.py for tasks to queue
[2025-01-29T14:59:33.658+0000] {logging_mixin.py:190} INFO - [2025-01-29T14:59:33.657+0000] {dagbag.py:588} INFO - Filling up the DagBag from /home/airflow/.local/lib/python3.10/site-packages/airflow/example_dags/example_inlet_event_extra.py
[2025-01-29T14:59:33.668+0000] {processor.py:925} INFO - DAG(s) 'read_dataset_event_from_classic', 'read_dataset_event' retrieved from /home/airflow/.local/lib/python3.10/site-packages/airflow/example_dags/example_inlet_event_extra.py
[2025-01-29T14:59:33.687+0000] {logging_mixin.py:190} INFO - [2025-01-29T14:59:33.687+0000] {dag.py:3239} INFO - Sync 2 DAGs
[2025-01-29T14:59:33.708+0000] {logging_mixin.py:190} INFO - [2025-01-29T14:59:33.708+0000] {dag.py:4180} INFO - Setting next_dagrun for read_dataset_event to 2025-01-28T00:00:00+00:00, run_after=2025-01-29T00:00:00+00:00
[2025-01-29T14:59:33.712+0000] {logging_mixin.py:190} INFO - [2025-01-29T14:59:33.712+0000] {dag.py:4180} INFO - Setting next_dagrun for read_dataset_event_from_classic to 2025-01-28T00:00:00+00:00, run_after=2025-01-29T00:00:00+00:00
[2025-01-29T14:59:33.725+0000] {processor.py:208} INFO - Processing /home/airflow/.local/lib/python3.10/site-packages/airflow/example_dags/example_inlet_event_extra.py took 0.077 seconds
[2025-01-29T15:00:03.881+0000] {processor.py:186} INFO - Started process (PID=783) to work on /home/airflow/.local/lib/python3.10/site-packages/airflow/example_dags/example_inlet_event_extra.py
[2025-01-29T15:00:03.882+0000] {processor.py:914} INFO - Processing file /home/airflow/.local/lib/python3.10/site-packages/airflow/example_dags/example_inlet_event_extra.py for tasks to queue
[2025-01-29T15:00:03.885+0000] {logging_mixin.py:190} INFO - [2025-01-29T15:00:03.884+0000] {dagbag.py:588} INFO - Filling up the DagBag from /home/airflow/.local/lib/python3.10/site-packages/airflow/example_dags/example_inlet_event_extra.py
[2025-01-29T15:00:03.896+0000] {processor.py:925} INFO - DAG(s) 'read_dataset_event', 'read_dataset_event_from_classic' retrieved from /home/airflow/.local/lib/python3.10/site-packages/airflow/example_dags/example_inlet_event_extra.py
[2025-01-29T15:00:03.915+0000] {logging_mixin.py:190} INFO - [2025-01-29T15:00:03.915+0000] {dag.py:3239} INFO - Sync 2 DAGs
[2025-01-29T15:00:03.936+0000] {logging_mixin.py:190} INFO - [2025-01-29T15:00:03.936+0000] {dag.py:4180} INFO - Setting next_dagrun for read_dataset_event to 2025-01-28T00:00:00+00:00, run_after=2025-01-29T00:00:00+00:00
[2025-01-29T15:00:03.941+0000] {logging_mixin.py:190} INFO - [2025-01-29T15:00:03.941+0000] {dag.py:4180} INFO - Setting next_dagrun for read_dataset_event_from_classic to 2025-01-28T00:00:00+00:00, run_after=2025-01-29T00:00:00+00:00
[2025-01-29T15:00:03.955+0000] {processor.py:208} INFO - Processing /home/airflow/.local/lib/python3.10/site-packages/airflow/example_dags/example_inlet_event_extra.py took 0.079 seconds
[2025-01-29T15:00:34.930+0000] {processor.py:186} INFO - Started process (PID=849) to work on /home/airflow/.local/lib/python3.10/site-packages/airflow/example_dags/example_inlet_event_extra.py
[2025-01-29T15:00:34.931+0000] {processor.py:914} INFO - Processing file /home/airflow/.local/lib/python3.10/site-packages/airflow/example_dags/example_inlet_event_extra.py for tasks to queue
[2025-01-29T15:00:34.933+0000] {logging_mixin.py:190} INFO - [2025-01-29T15:00:34.933+0000] {dagbag.py:588} INFO - Filling up the DagBag from /home/airflow/.local/lib/python3.10/site-packages/airflow/example_dags/example_inlet_event_extra.py
[2025-01-29T15:00:34.944+0000] {processor.py:925} INFO - DAG(s) 'read_dataset_event_from_classic', 'read_dataset_event' retrieved from /home/airflow/.local/lib/python3.10/site-packages/airflow/example_dags/example_inlet_event_extra.py
[2025-01-29T15:00:34.963+0000] {logging_mixin.py:190} INFO - [2025-01-29T15:00:34.963+0000] {dag.py:3239} INFO - Sync 2 DAGs
[2025-01-29T15:00:34.984+0000] {logging_mixin.py:190} INFO - [2025-01-29T15:00:34.984+0000] {dag.py:4180} INFO - Setting next_dagrun for read_dataset_event to 2025-01-28T00:00:00+00:00, run_after=2025-01-29T00:00:00+00:00
[2025-01-29T15:00:34.989+0000] {logging_mixin.py:190} INFO - [2025-01-29T15:00:34.988+0000] {dag.py:4180} INFO - Setting next_dagrun for read_dataset_event_from_classic to 2025-01-28T00:00:00+00:00, run_after=2025-01-29T00:00:00+00:00
[2025-01-29T15:00:35.002+0000] {processor.py:208} INFO - Processing /home/airflow/.local/lib/python3.10/site-packages/airflow/example_dags/example_inlet_event_extra.py took 0.078 seconds
[2025-01-29T15:01:05.196+0000] {processor.py:186} INFO - Started process (PID=915) to work on /home/airflow/.local/lib/python3.10/site-packages/airflow/example_dags/example_inlet_event_extra.py
[2025-01-29T15:01:05.196+0000] {processor.py:914} INFO - Processing file /home/airflow/.local/lib/python3.10/site-packages/airflow/example_dags/example_inlet_event_extra.py for tasks to queue
[2025-01-29T15:01:05.199+0000] {logging_mixin.py:190} INFO - [2025-01-29T15:01:05.199+0000] {dagbag.py:588} INFO - Filling up the DagBag from /home/airflow/.local/lib/python3.10/site-packages/airflow/example_dags/example_inlet_event_extra.py
[2025-01-29T15:01:05.209+0000] {processor.py:925} INFO - DAG(s) 'read_dataset_event', 'read_dataset_event_from_classic' retrieved from /home/airflow/.local/lib/python3.10/site-packages/airflow/example_dags/example_inlet_event_extra.py
[2025-01-29T15:01:05.229+0000] {logging_mixin.py:190} INFO - [2025-01-29T15:01:05.229+0000] {dag.py:3239} INFO - Sync 2 DAGs
[2025-01-29T15:01:05.251+0000] {logging_mixin.py:190} INFO - [2025-01-29T15:01:05.251+0000] {dag.py:4180} INFO - Setting next_dagrun for read_dataset_event to 2025-01-28T00:00:00+00:00, run_after=2025-01-29T00:00:00+00:00
[2025-01-29T15:01:05.255+0000] {logging_mixin.py:190} INFO - [2025-01-29T15:01:05.255+0000] {dag.py:4180} INFO - Setting next_dagrun for read_dataset_event_from_classic to 2025-01-28T00:00:00+00:00, run_after=2025-01-29T00:00:00+00:00
[2025-01-29T15:01:05.268+0000] {processor.py:208} INFO - Processing /home/airflow/.local/lib/python3.10/site-packages/airflow/example_dags/example_inlet_event_extra.py took 0.077 seconds
[2025-01-29T15:01:36.258+0000] {processor.py:186} INFO - Started process (PID=981) to work on /home/airflow/.local/lib/python3.10/site-packages/airflow/example_dags/example_inlet_event_extra.py
[2025-01-29T15:01:36.259+0000] {processor.py:914} INFO - Processing file /home/airflow/.local/lib/python3.10/site-packages/airflow/example_dags/example_inlet_event_extra.py for tasks to queue
[2025-01-29T15:01:36.262+0000] {logging_mixin.py:190} INFO - [2025-01-29T15:01:36.261+0000] {dagbag.py:588} INFO - Filling up the DagBag from /home/airflow/.local/lib/python3.10/site-packages/airflow/example_dags/example_inlet_event_extra.py
[2025-01-29T15:01:36.272+0000] {processor.py:925} INFO - DAG(s) 'read_dataset_event_from_classic', 'read_dataset_event' retrieved from /home/airflow/.local/lib/python3.10/site-packages/airflow/example_dags/example_inlet_event_extra.py
[2025-01-29T15:01:36.290+0000] {logging_mixin.py:190} INFO - [2025-01-29T15:01:36.290+0000] {dag.py:3239} INFO - Sync 2 DAGs
[2025-01-29T15:01:36.312+0000] {logging_mixin.py:190} INFO - [2025-01-29T15:01:36.312+0000] {dag.py:4180} INFO - Setting next_dagrun for read_dataset_event to 2025-01-28T00:00:00+00:00, run_after=2025-01-29T00:00:00+00:00
[2025-01-29T15:01:36.316+0000] {logging_mixin.py:190} INFO - [2025-01-29T15:01:36.316+0000] {dag.py:4180} INFO - Setting next_dagrun for read_dataset_event_from_classic to 2025-01-28T00:00:00+00:00, run_after=2025-01-29T00:00:00+00:00
[2025-01-29T15:01:36.329+0000] {processor.py:208} INFO - Processing /home/airflow/.local/lib/python3.10/site-packages/airflow/example_dags/example_inlet_event_extra.py took 0.076 seconds
[2025-01-29T15:02:06.708+0000] {processor.py:186} INFO - Started process (PID=1047) to work on /home/airflow/.local/lib/python3.10/site-packages/airflow/example_dags/example_inlet_event_extra.py
[2025-01-29T15:02:06.708+0000] {processor.py:914} INFO - Processing file /home/airflow/.local/lib/python3.10/site-packages/airflow/example_dags/example_inlet_event_extra.py for tasks to queue
[2025-01-29T15:02:06.711+0000] {logging_mixin.py:190} INFO - [2025-01-29T15:02:06.710+0000] {dagbag.py:588} INFO - Filling up the DagBag from /home/airflow/.local/lib/python3.10/site-packages/airflow/example_dags/example_inlet_event_extra.py
[2025-01-29T15:02:06.721+0000] {processor.py:925} INFO - DAG(s) 'read_dataset_event', 'read_dataset_event_from_classic' retrieved from /home/airflow/.local/lib/python3.10/site-packages/airflow/example_dags/example_inlet_event_extra.py
[2025-01-29T15:02:06.741+0000] {logging_mixin.py:190} INFO - [2025-01-29T15:02:06.741+0000] {dag.py:3239} INFO - Sync 2 DAGs
[2025-01-29T15:02:06.763+0000] {logging_mixin.py:190} INFO - [2025-01-29T15:02:06.763+0000] {dag.py:4180} INFO - Setting next_dagrun for read_dataset_event to 2025-01-28T00:00:00+00:00, run_after=2025-01-29T00:00:00+00:00
[2025-01-29T15:02:06.767+0000] {logging_mixin.py:190} INFO - [2025-01-29T15:02:06.767+0000] {dag.py:4180} INFO - Setting next_dagrun for read_dataset_event_from_classic to 2025-01-28T00:00:00+00:00, run_after=2025-01-29T00:00:00+00:00
[2025-01-29T15:02:06.780+0000] {processor.py:208} INFO - Processing /home/airflow/.local/lib/python3.10/site-packages/airflow/example_dags/example_inlet_event_extra.py took 0.078 seconds
[2025-01-29T15:02:36.930+0000] {processor.py:186} INFO - Started process (PID=1113) to work on /home/airflow/.local/lib/python3.10/site-packages/airflow/example_dags/example_inlet_event_extra.py
[2025-01-29T15:02:36.931+0000] {processor.py:914} INFO - Processing file /home/airflow/.local/lib/python3.10/site-packages/airflow/example_dags/example_inlet_event_extra.py for tasks to queue
[2025-01-29T15:02:36.934+0000] {logging_mixin.py:190} INFO - [2025-01-29T15:02:36.934+0000] {dagbag.py:588} INFO - Filling up the DagBag from /home/airflow/.local/lib/python3.10/site-packages/airflow/example_dags/example_inlet_event_extra.py
[2025-01-29T15:02:36.944+0000] {processor.py:925} INFO - DAG(s) 'read_dataset_event', 'read_dataset_event_from_classic' retrieved from /home/airflow/.local/lib/python3.10/site-packages/airflow/example_dags/example_inlet_event_extra.py
[2025-01-29T15:02:36.963+0000] {logging_mixin.py:190} INFO - [2025-01-29T15:02:36.963+0000] {dag.py:3239} INFO - Sync 2 DAGs
[2025-01-29T15:02:36.983+0000] {logging_mixin.py:190} INFO - [2025-01-29T15:02:36.983+0000] {dag.py:4180} INFO - Setting next_dagrun for read_dataset_event to 2025-01-28T00:00:00+00:00, run_after=2025-01-29T00:00:00+00:00
[2025-01-29T15:02:36.988+0000] {logging_mixin.py:190} INFO - [2025-01-29T15:02:36.988+0000] {dag.py:4180} INFO - Setting next_dagrun for read_dataset_event_from_classic to 2025-01-28T00:00:00+00:00, run_after=2025-01-29T00:00:00+00:00
[2025-01-29T15:02:37.003+0000] {processor.py:208} INFO - Processing /home/airflow/.local/lib/python3.10/site-packages/airflow/example_dags/example_inlet_event_extra.py took 0.077 seconds
[2025-01-29T15:03:07.311+0000] {processor.py:186} INFO - Started process (PID=1179) to work on /home/airflow/.local/lib/python3.10/site-packages/airflow/example_dags/example_inlet_event_extra.py
[2025-01-29T15:03:07.312+0000] {processor.py:914} INFO - Processing file /home/airflow/.local/lib/python3.10/site-packages/airflow/example_dags/example_inlet_event_extra.py for tasks to queue
[2025-01-29T15:03:07.315+0000] {logging_mixin.py:190} INFO - [2025-01-29T15:03:07.314+0000] {dagbag.py:588} INFO - Filling up the DagBag from /home/airflow/.local/lib/python3.10/site-packages/airflow/example_dags/example_inlet_event_extra.py
[2025-01-29T15:03:07.325+0000] {processor.py:925} INFO - DAG(s) 'read_dataset_event_from_classic', 'read_dataset_event' retrieved from /home/airflow/.local/lib/python3.10/site-packages/airflow/example_dags/example_inlet_event_extra.py
[2025-01-29T15:03:07.344+0000] {logging_mixin.py:190} INFO - [2025-01-29T15:03:07.344+0000] {dag.py:3239} INFO - Sync 2 DAGs
[2025-01-29T15:03:07.367+0000] {logging_mixin.py:190} INFO - [2025-01-29T15:03:07.367+0000] {dag.py:4180} INFO - Setting next_dagrun for read_dataset_event to 2025-01-28T00:00:00+00:00, run_after=2025-01-29T00:00:00+00:00
[2025-01-29T15:03:07.372+0000] {logging_mixin.py:190} INFO - [2025-01-29T15:03:07.372+0000] {dag.py:4180} INFO - Setting next_dagrun for read_dataset_event_from_classic to 2025-01-28T00:00:00+00:00, run_after=2025-01-29T00:00:00+00:00
[2025-01-29T15:03:07.388+0000] {processor.py:208} INFO - Processing /home/airflow/.local/lib/python3.10/site-packages/airflow/example_dags/example_inlet_event_extra.py took 0.082 seconds
[2025-01-29T15:03:37.536+0000] {processor.py:186} INFO - Started process (PID=1245) to work on /home/airflow/.local/lib/python3.10/site-packages/airflow/example_dags/example_inlet_event_extra.py
[2025-01-29T15:03:37.537+0000] {processor.py:914} INFO - Processing file /home/airflow/.local/lib/python3.10/site-packages/airflow/example_dags/example_inlet_event_extra.py for tasks to queue
[2025-01-29T15:03:37.540+0000] {logging_mixin.py:190} INFO - [2025-01-29T15:03:37.540+0000] {dagbag.py:588} INFO - Filling up the DagBag from /home/airflow/.local/lib/python3.10/site-packages/airflow/example_dags/example_inlet_event_extra.py
[2025-01-29T15:03:37.550+0000] {processor.py:925} INFO - DAG(s) 'read_dataset_event', 'read_dataset_event_from_classic' retrieved from /home/airflow/.local/lib/python3.10/site-packages/airflow/example_dags/example_inlet_event_extra.py
[2025-01-29T15:03:37.570+0000] {logging_mixin.py:190} INFO - [2025-01-29T15:03:37.570+0000] {dag.py:3239} INFO - Sync 2 DAGs
[2025-01-29T15:03:37.592+0000] {logging_mixin.py:190} INFO - [2025-01-29T15:03:37.592+0000] {dag.py:4180} INFO - Setting next_dagrun for read_dataset_event to 2025-01-28T00:00:00+00:00, run_after=2025-01-29T00:00:00+00:00
[2025-01-29T15:03:37.596+0000] {logging_mixin.py:190} INFO - [2025-01-29T15:03:37.596+0000] {dag.py:4180} INFO - Setting next_dagrun for read_dataset_event_from_classic to 2025-01-28T00:00:00+00:00, run_after=2025-01-29T00:00:00+00:00
[2025-01-29T15:03:37.610+0000] {processor.py:208} INFO - Processing /home/airflow/.local/lib/python3.10/site-packages/airflow/example_dags/example_inlet_event_extra.py took 0.078 seconds
[2025-01-29T15:04:07.943+0000] {processor.py:186} INFO - Started process (PID=1311) to work on /home/airflow/.local/lib/python3.10/site-packages/airflow/example_dags/example_inlet_event_extra.py
[2025-01-29T15:04:07.944+0000] {processor.py:914} INFO - Processing file /home/airflow/.local/lib/python3.10/site-packages/airflow/example_dags/example_inlet_event_extra.py for tasks to queue
[2025-01-29T15:04:07.946+0000] {logging_mixin.py:190} INFO - [2025-01-29T15:04:07.946+0000] {dagbag.py:588} INFO - Filling up the DagBag from /home/airflow/.local/lib/python3.10/site-packages/airflow/example_dags/example_inlet_event_extra.py
[2025-01-29T15:04:07.957+0000] {processor.py:925} INFO - DAG(s) 'read_dataset_event', 'read_dataset_event_from_classic' retrieved from /home/airflow/.local/lib/python3.10/site-packages/airflow/example_dags/example_inlet_event_extra.py
[2025-01-29T15:04:07.976+0000] {logging_mixin.py:190} INFO - [2025-01-29T15:04:07.975+0000] {dag.py:3239} INFO - Sync 2 DAGs
[2025-01-29T15:04:07.997+0000] {logging_mixin.py:190} INFO - [2025-01-29T15:04:07.997+0000] {dag.py:4180} INFO - Setting next_dagrun for read_dataset_event to 2025-01-28T00:00:00+00:00, run_after=2025-01-29T00:00:00+00:00
[2025-01-29T15:04:08.001+0000] {logging_mixin.py:190} INFO - [2025-01-29T15:04:08.001+0000] {dag.py:4180} INFO - Setting next_dagrun for read_dataset_event_from_classic to 2025-01-28T00:00:00+00:00, run_after=2025-01-29T00:00:00+00:00
[2025-01-29T15:04:08.015+0000] {processor.py:208} INFO - Processing /home/airflow/.local/lib/python3.10/site-packages/airflow/example_dags/example_inlet_event_extra.py took 0.078 seconds
[2025-01-29T15:04:38.292+0000] {processor.py:186} INFO - Started process (PID=1377) to work on /home/airflow/.local/lib/python3.10/site-packages/airflow/example_dags/example_inlet_event_extra.py
[2025-01-29T15:04:38.293+0000] {processor.py:914} INFO - Processing file /home/airflow/.local/lib/python3.10/site-packages/airflow/example_dags/example_inlet_event_extra.py for tasks to queue
[2025-01-29T15:04:38.295+0000] {logging_mixin.py:190} INFO - [2025-01-29T15:04:38.295+0000] {dagbag.py:588} INFO - Filling up the DagBag from /home/airflow/.local/lib/python3.10/site-packages/airflow/example_dags/example_inlet_event_extra.py
[2025-01-29T15:04:38.307+0000] {processor.py:925} INFO - DAG(s) 'read_dataset_event_from_classic', 'read_dataset_event' retrieved from /home/airflow/.local/lib/python3.10/site-packages/airflow/example_dags/example_inlet_event_extra.py
[2025-01-29T15:04:38.325+0000] {logging_mixin.py:190} INFO - [2025-01-29T15:04:38.324+0000] {dag.py:3239} INFO - Sync 2 DAGs
[2025-01-29T15:04:38.346+0000] {logging_mixin.py:190} INFO - [2025-01-29T15:04:38.345+0000] {dag.py:4180} INFO - Setting next_dagrun for read_dataset_event to 2025-01-28T00:00:00+00:00, run_after=2025-01-29T00:00:00+00:00
[2025-01-29T15:04:38.350+0000] {logging_mixin.py:190} INFO - [2025-01-29T15:04:38.350+0000] {dag.py:4180} INFO - Setting next_dagrun for read_dataset_event_from_classic to 2025-01-28T00:00:00+00:00, run_after=2025-01-29T00:00:00+00:00
[2025-01-29T15:04:38.363+0000] {processor.py:208} INFO - Processing /home/airflow/.local/lib/python3.10/site-packages/airflow/example_dags/example_inlet_event_extra.py took 0.077 seconds
[2025-01-29T15:05:08.598+0000] {processor.py:186} INFO - Started process (PID=1443) to work on /home/airflow/.local/lib/python3.10/site-packages/airflow/example_dags/example_inlet_event_extra.py
[2025-01-29T15:05:08.599+0000] {processor.py:914} INFO - Processing file /home/airflow/.local/lib/python3.10/site-packages/airflow/example_dags/example_inlet_event_extra.py for tasks to queue
[2025-01-29T15:05:08.601+0000] {logging_mixin.py:190} INFO - [2025-01-29T15:05:08.601+0000] {dagbag.py:588} INFO - Filling up the DagBag from /home/airflow/.local/lib/python3.10/site-packages/airflow/example_dags/example_inlet_event_extra.py
[2025-01-29T15:05:08.612+0000] {processor.py:925} INFO - DAG(s) 'read_dataset_event_from_classic', 'read_dataset_event' retrieved from /home/airflow/.local/lib/python3.10/site-packages/airflow/example_dags/example_inlet_event_extra.py
[2025-01-29T15:05:08.631+0000] {logging_mixin.py:190} INFO - [2025-01-29T15:05:08.631+0000] {dag.py:3239} INFO - Sync 2 DAGs
[2025-01-29T15:05:08.653+0000] {logging_mixin.py:190} INFO - [2025-01-29T15:05:08.653+0000] {dag.py:4180} INFO - Setting next_dagrun for read_dataset_event to 2025-01-28T00:00:00+00:00, run_after=2025-01-29T00:00:00+00:00
[2025-01-29T15:05:08.657+0000] {logging_mixin.py:190} INFO - [2025-01-29T15:05:08.657+0000] {dag.py:4180} INFO - Setting next_dagrun for read_dataset_event_from_classic to 2025-01-28T00:00:00+00:00, run_after=2025-01-29T00:00:00+00:00
[2025-01-29T15:05:08.670+0000] {processor.py:208} INFO - Processing /home/airflow/.local/lib/python3.10/site-packages/airflow/example_dags/example_inlet_event_extra.py took 0.078 seconds
[2025-01-29T15:05:39.564+0000] {processor.py:186} INFO - Started process (PID=1509) to work on /home/airflow/.local/lib/python3.10/site-packages/airflow/example_dags/example_inlet_event_extra.py
[2025-01-29T15:05:39.565+0000] {processor.py:914} INFO - Processing file /home/airflow/.local/lib/python3.10/site-packages/airflow/example_dags/example_inlet_event_extra.py for tasks to queue
[2025-01-29T15:05:39.567+0000] {logging_mixin.py:190} INFO - [2025-01-29T15:05:39.567+0000] {dagbag.py:588} INFO - Filling up the DagBag from /home/airflow/.local/lib/python3.10/site-packages/airflow/example_dags/example_inlet_event_extra.py
[2025-01-29T15:05:39.577+0000] {processor.py:925} INFO - DAG(s) 'read_dataset_event_from_classic', 'read_dataset_event' retrieved from /home/airflow/.local/lib/python3.10/site-packages/airflow/example_dags/example_inlet_event_extra.py
[2025-01-29T15:05:39.597+0000] {logging_mixin.py:190} INFO - [2025-01-29T15:05:39.597+0000] {dag.py:3239} INFO - Sync 2 DAGs
[2025-01-29T15:05:39.618+0000] {logging_mixin.py:190} INFO - [2025-01-29T15:05:39.618+0000] {dag.py:4180} INFO - Setting next_dagrun for read_dataset_event to 2025-01-28T00:00:00+00:00, run_after=2025-01-29T00:00:00+00:00
[2025-01-29T15:05:39.622+0000] {logging_mixin.py:190} INFO - [2025-01-29T15:05:39.622+0000] {dag.py:4180} INFO - Setting next_dagrun for read_dataset_event_from_classic to 2025-01-28T00:00:00+00:00, run_after=2025-01-29T00:00:00+00:00
[2025-01-29T15:05:39.635+0000] {processor.py:208} INFO - Processing /home/airflow/.local/lib/python3.10/site-packages/airflow/example_dags/example_inlet_event_extra.py took 0.076 seconds
[2025-01-29T15:06:09.986+0000] {processor.py:186} INFO - Started process (PID=1575) to work on /home/airflow/.local/lib/python3.10/site-packages/airflow/example_dags/example_inlet_event_extra.py
[2025-01-29T15:06:09.987+0000] {processor.py:914} INFO - Processing file /home/airflow/.local/lib/python3.10/site-packages/airflow/example_dags/example_inlet_event_extra.py for tasks to queue
[2025-01-29T15:06:09.989+0000] {logging_mixin.py:190} INFO - [2025-01-29T15:06:09.989+0000] {dagbag.py:588} INFO - Filling up the DagBag from /home/airflow/.local/lib/python3.10/site-packages/airflow/example_dags/example_inlet_event_extra.py
[2025-01-29T15:06:10.000+0000] {processor.py:925} INFO - DAG(s) 'read_dataset_event', 'read_dataset_event_from_classic' retrieved from /home/airflow/.local/lib/python3.10/site-packages/airflow/example_dags/example_inlet_event_extra.py
[2025-01-29T15:06:10.019+0000] {logging_mixin.py:190} INFO - [2025-01-29T15:06:10.019+0000] {dag.py:3239} INFO - Sync 2 DAGs
[2025-01-29T15:06:10.041+0000] {logging_mixin.py:190} INFO - [2025-01-29T15:06:10.040+0000] {dag.py:4180} INFO - Setting next_dagrun for read_dataset_event to 2025-01-28T00:00:00+00:00, run_after=2025-01-29T00:00:00+00:00
[2025-01-29T15:06:10.045+0000] {logging_mixin.py:190} INFO - [2025-01-29T15:06:10.045+0000] {dag.py:4180} INFO - Setting next_dagrun for read_dataset_event_from_classic to 2025-01-28T00:00:00+00:00, run_after=2025-01-29T00:00:00+00:00
[2025-01-29T15:06:10.059+0000] {processor.py:208} INFO - Processing /home/airflow/.local/lib/python3.10/site-packages/airflow/example_dags/example_inlet_event_extra.py took 0.077 seconds
[2025-01-29T15:06:40.228+0000] {processor.py:186} INFO - Started process (PID=1641) to work on /home/airflow/.local/lib/python3.10/site-packages/airflow/example_dags/example_inlet_event_extra.py
[2025-01-29T15:06:40.229+0000] {processor.py:914} INFO - Processing file /home/airflow/.local/lib/python3.10/site-packages/airflow/example_dags/example_inlet_event_extra.py for tasks to queue
[2025-01-29T15:06:40.231+0000] {logging_mixin.py:190} INFO - [2025-01-29T15:06:40.231+0000] {dagbag.py:588} INFO - Filling up the DagBag from /home/airflow/.local/lib/python3.10/site-packages/airflow/example_dags/example_inlet_event_extra.py
[2025-01-29T15:06:40.242+0000] {processor.py:925} INFO - DAG(s) 'read_dataset_event_from_classic', 'read_dataset_event' retrieved from /home/airflow/.local/lib/python3.10/site-packages/airflow/example_dags/example_inlet_event_extra.py
[2025-01-29T15:06:40.260+0000] {logging_mixin.py:190} INFO - [2025-01-29T15:06:40.260+0000] {dag.py:3239} INFO - Sync 2 DAGs
[2025-01-29T15:06:40.281+0000] {logging_mixin.py:190} INFO - [2025-01-29T15:06:40.281+0000] {dag.py:4180} INFO - Setting next_dagrun for read_dataset_event to 2025-01-28T00:00:00+00:00, run_after=2025-01-29T00:00:00+00:00
[2025-01-29T15:06:40.286+0000] {logging_mixin.py:190} INFO - [2025-01-29T15:06:40.285+0000] {dag.py:4180} INFO - Setting next_dagrun for read_dataset_event_from_classic to 2025-01-28T00:00:00+00:00, run_after=2025-01-29T00:00:00+00:00
[2025-01-29T15:06:40.299+0000] {processor.py:208} INFO - Processing /home/airflow/.local/lib/python3.10/site-packages/airflow/example_dags/example_inlet_event_extra.py took 0.076 seconds
[2025-01-29T15:07:10.743+0000] {processor.py:186} INFO - Started process (PID=1707) to work on /home/airflow/.local/lib/python3.10/site-packages/airflow/example_dags/example_inlet_event_extra.py
[2025-01-29T15:07:10.744+0000] {processor.py:914} INFO - Processing file /home/airflow/.local/lib/python3.10/site-packages/airflow/example_dags/example_inlet_event_extra.py for tasks to queue
[2025-01-29T15:07:10.746+0000] {logging_mixin.py:190} INFO - [2025-01-29T15:07:10.746+0000] {dagbag.py:588} INFO - Filling up the DagBag from /home/airflow/.local/lib/python3.10/site-packages/airflow/example_dags/example_inlet_event_extra.py
[2025-01-29T15:07:10.757+0000] {processor.py:925} INFO - DAG(s) 'read_dataset_event_from_classic', 'read_dataset_event' retrieved from /home/airflow/.local/lib/python3.10/site-packages/airflow/example_dags/example_inlet_event_extra.py
[2025-01-29T15:07:10.775+0000] {logging_mixin.py:190} INFO - [2025-01-29T15:07:10.775+0000] {dag.py:3239} INFO - Sync 2 DAGs
[2025-01-29T15:07:10.796+0000] {logging_mixin.py:190} INFO - [2025-01-29T15:07:10.796+0000] {dag.py:4180} INFO - Setting next_dagrun for read_dataset_event to 2025-01-28T00:00:00+00:00, run_after=2025-01-29T00:00:00+00:00
[2025-01-29T15:07:10.800+0000] {logging_mixin.py:190} INFO - [2025-01-29T15:07:10.800+0000] {dag.py:4180} INFO - Setting next_dagrun for read_dataset_event_from_classic to 2025-01-28T00:00:00+00:00, run_after=2025-01-29T00:00:00+00:00
[2025-01-29T15:07:10.813+0000] {processor.py:208} INFO - Processing /home/airflow/.local/lib/python3.10/site-packages/airflow/example_dags/example_inlet_event_extra.py took 0.075 seconds
[2025-01-29T15:07:41.545+0000] {processor.py:186} INFO - Started process (PID=1773) to work on /home/airflow/.local/lib/python3.10/site-packages/airflow/example_dags/example_inlet_event_extra.py
[2025-01-29T15:07:41.546+0000] {processor.py:914} INFO - Processing file /home/airflow/.local/lib/python3.10/site-packages/airflow/example_dags/example_inlet_event_extra.py for tasks to queue
[2025-01-29T15:07:41.548+0000] {logging_mixin.py:190} INFO - [2025-01-29T15:07:41.548+0000] {dagbag.py:588} INFO - Filling up the DagBag from /home/airflow/.local/lib/python3.10/site-packages/airflow/example_dags/example_inlet_event_extra.py
[2025-01-29T15:07:41.559+0000] {processor.py:925} INFO - DAG(s) 'read_dataset_event_from_classic', 'read_dataset_event' retrieved from /home/airflow/.local/lib/python3.10/site-packages/airflow/example_dags/example_inlet_event_extra.py
[2025-01-29T15:07:41.578+0000] {logging_mixin.py:190} INFO - [2025-01-29T15:07:41.578+0000] {dag.py:3239} INFO - Sync 2 DAGs
[2025-01-29T15:07:41.600+0000] {logging_mixin.py:190} INFO - [2025-01-29T15:07:41.600+0000] {dag.py:4180} INFO - Setting next_dagrun for read_dataset_event to 2025-01-28T00:00:00+00:00, run_after=2025-01-29T00:00:00+00:00
[2025-01-29T15:07:41.604+0000] {logging_mixin.py:190} INFO - [2025-01-29T15:07:41.604+0000] {dag.py:4180} INFO - Setting next_dagrun for read_dataset_event_from_classic to 2025-01-28T00:00:00+00:00, run_after=2025-01-29T00:00:00+00:00
[2025-01-29T15:07:41.617+0000] {processor.py:208} INFO - Processing /home/airflow/.local/lib/python3.10/site-packages/airflow/example_dags/example_inlet_event_extra.py took 0.077 seconds
[2025-01-29T15:08:12.185+0000] {processor.py:186} INFO - Started process (PID=1839) to work on /home/airflow/.local/lib/python3.10/site-packages/airflow/example_dags/example_inlet_event_extra.py
[2025-01-29T15:08:12.186+0000] {processor.py:914} INFO - Processing file /home/airflow/.local/lib/python3.10/site-packages/airflow/example_dags/example_inlet_event_extra.py for tasks to queue
[2025-01-29T15:08:12.188+0000] {logging_mixin.py:190} INFO - [2025-01-29T15:08:12.188+0000] {dagbag.py:588} INFO - Filling up the DagBag from /home/airflow/.local/lib/python3.10/site-packages/airflow/example_dags/example_inlet_event_extra.py
[2025-01-29T15:08:12.199+0000] {processor.py:925} INFO - DAG(s) 'read_dataset_event_from_classic', 'read_dataset_event' retrieved from /home/airflow/.local/lib/python3.10/site-packages/airflow/example_dags/example_inlet_event_extra.py
[2025-01-29T15:08:12.217+0000] {logging_mixin.py:190} INFO - [2025-01-29T15:08:12.217+0000] {dag.py:3239} INFO - Sync 2 DAGs
[2025-01-29T15:08:12.238+0000] {logging_mixin.py:190} INFO - [2025-01-29T15:08:12.238+0000] {dag.py:4180} INFO - Setting next_dagrun for read_dataset_event to 2025-01-28T00:00:00+00:00, run_after=2025-01-29T00:00:00+00:00
[2025-01-29T15:08:12.243+0000] {logging_mixin.py:190} INFO - [2025-01-29T15:08:12.243+0000] {dag.py:4180} INFO - Setting next_dagrun for read_dataset_event_from_classic to 2025-01-28T00:00:00+00:00, run_after=2025-01-29T00:00:00+00:00
[2025-01-29T15:08:12.255+0000] {processor.py:208} INFO - Processing /home/airflow/.local/lib/python3.10/site-packages/airflow/example_dags/example_inlet_event_extra.py took 0.076 seconds
[2025-01-29T15:08:43.508+0000] {processor.py:186} INFO - Started process (PID=1905) to work on /home/airflow/.local/lib/python3.10/site-packages/airflow/example_dags/example_inlet_event_extra.py
[2025-01-29T15:08:43.509+0000] {processor.py:914} INFO - Processing file /home/airflow/.local/lib/python3.10/site-packages/airflow/example_dags/example_inlet_event_extra.py for tasks to queue
[2025-01-29T15:08:43.512+0000] {logging_mixin.py:190} INFO - [2025-01-29T15:08:43.512+0000] {dagbag.py:588} INFO - Filling up the DagBag from /home/airflow/.local/lib/python3.10/site-packages/airflow/example_dags/example_inlet_event_extra.py
[2025-01-29T15:08:43.522+0000] {processor.py:925} INFO - DAG(s) 'read_dataset_event_from_classic', 'read_dataset_event' retrieved from /home/airflow/.local/lib/python3.10/site-packages/airflow/example_dags/example_inlet_event_extra.py
[2025-01-29T15:08:43.541+0000] {logging_mixin.py:190} INFO - [2025-01-29T15:08:43.540+0000] {dag.py:3239} INFO - Sync 2 DAGs
[2025-01-29T15:08:43.561+0000] {logging_mixin.py:190} INFO - [2025-01-29T15:08:43.561+0000] {dag.py:4180} INFO - Setting next_dagrun for read_dataset_event to 2025-01-28T00:00:00+00:00, run_after=2025-01-29T00:00:00+00:00
[2025-01-29T15:08:43.565+0000] {logging_mixin.py:190} INFO - [2025-01-29T15:08:43.565+0000] {dag.py:4180} INFO - Setting next_dagrun for read_dataset_event_from_classic to 2025-01-28T00:00:00+00:00, run_after=2025-01-29T00:00:00+00:00
[2025-01-29T15:08:43.577+0000] {processor.py:208} INFO - Processing /home/airflow/.local/lib/python3.10/site-packages/airflow/example_dags/example_inlet_event_extra.py took 0.074 seconds
[2025-01-29T15:09:15.495+0000] {processor.py:186} INFO - Started process (PID=1971) to work on /home/airflow/.local/lib/python3.10/site-packages/airflow/example_dags/example_inlet_event_extra.py
[2025-01-29T15:09:15.496+0000] {processor.py:914} INFO - Processing file /home/airflow/.local/lib/python3.10/site-packages/airflow/example_dags/example_inlet_event_extra.py for tasks to queue
[2025-01-29T15:09:15.499+0000] {logging_mixin.py:190} INFO - [2025-01-29T15:09:15.498+0000] {dagbag.py:588} INFO - Filling up the DagBag from /home/airflow/.local/lib/python3.10/site-packages/airflow/example_dags/example_inlet_event_extra.py
[2025-01-29T15:09:15.510+0000] {processor.py:925} INFO - DAG(s) 'read_dataset_event', 'read_dataset_event_from_classic' retrieved from /home/airflow/.local/lib/python3.10/site-packages/airflow/example_dags/example_inlet_event_extra.py
[2025-01-29T15:09:15.530+0000] {logging_mixin.py:190} INFO - [2025-01-29T15:09:15.530+0000] {dag.py:3239} INFO - Sync 2 DAGs
[2025-01-29T15:09:15.551+0000] {logging_mixin.py:190} INFO - [2025-01-29T15:09:15.551+0000] {dag.py:4180} INFO - Setting next_dagrun for read_dataset_event to 2025-01-28T00:00:00+00:00, run_after=2025-01-29T00:00:00+00:00
[2025-01-29T15:09:15.556+0000] {logging_mixin.py:190} INFO - [2025-01-29T15:09:15.556+0000] {dag.py:4180} INFO - Setting next_dagrun for read_dataset_event_from_classic to 2025-01-28T00:00:00+00:00, run_after=2025-01-29T00:00:00+00:00
[2025-01-29T15:09:15.569+0000] {processor.py:208} INFO - Processing /home/airflow/.local/lib/python3.10/site-packages/airflow/example_dags/example_inlet_event_extra.py took 0.079 seconds
[2025-01-29T15:09:45.885+0000] {processor.py:186} INFO - Started process (PID=2036) to work on /home/airflow/.local/lib/python3.10/site-packages/airflow/example_dags/example_inlet_event_extra.py
[2025-01-29T15:09:45.886+0000] {processor.py:914} INFO - Processing file /home/airflow/.local/lib/python3.10/site-packages/airflow/example_dags/example_inlet_event_extra.py for tasks to queue
[2025-01-29T15:09:45.888+0000] {logging_mixin.py:190} INFO - [2025-01-29T15:09:45.888+0000] {dagbag.py:588} INFO - Filling up the DagBag from /home/airflow/.local/lib/python3.10/site-packages/airflow/example_dags/example_inlet_event_extra.py
[2025-01-29T15:09:45.899+0000] {processor.py:925} INFO - DAG(s) 'read_dataset_event', 'read_dataset_event_from_classic' retrieved from /home/airflow/.local/lib/python3.10/site-packages/airflow/example_dags/example_inlet_event_extra.py
[2025-01-29T15:09:45.918+0000] {logging_mixin.py:190} INFO - [2025-01-29T15:09:45.918+0000] {dag.py:3239} INFO - Sync 2 DAGs
[2025-01-29T15:09:46.095+0000] {logging_mixin.py:190} INFO - [2025-01-29T15:09:46.095+0000] {dag.py:4180} INFO - Setting next_dagrun for read_dataset_event to 2025-01-28T00:00:00+00:00, run_after=2025-01-29T00:00:00+00:00
[2025-01-29T15:09:46.099+0000] {logging_mixin.py:190} INFO - [2025-01-29T15:09:46.099+0000] {dag.py:4180} INFO - Setting next_dagrun for read_dataset_event_from_classic to 2025-01-28T00:00:00+00:00, run_after=2025-01-29T00:00:00+00:00
[2025-01-29T15:09:46.111+0000] {processor.py:208} INFO - Processing /home/airflow/.local/lib/python3.10/site-packages/airflow/example_dags/example_inlet_event_extra.py took 0.232 seconds
[2025-01-29T15:10:17.677+0000] {processor.py:186} INFO - Started process (PID=2103) to work on /home/airflow/.local/lib/python3.10/site-packages/airflow/example_dags/example_inlet_event_extra.py
[2025-01-29T15:10:17.678+0000] {processor.py:914} INFO - Processing file /home/airflow/.local/lib/python3.10/site-packages/airflow/example_dags/example_inlet_event_extra.py for tasks to queue
[2025-01-29T15:10:17.681+0000] {logging_mixin.py:190} INFO - [2025-01-29T15:10:17.680+0000] {dagbag.py:588} INFO - Filling up the DagBag from /home/airflow/.local/lib/python3.10/site-packages/airflow/example_dags/example_inlet_event_extra.py
[2025-01-29T15:10:17.691+0000] {processor.py:925} INFO - DAG(s) 'read_dataset_event_from_classic', 'read_dataset_event' retrieved from /home/airflow/.local/lib/python3.10/site-packages/airflow/example_dags/example_inlet_event_extra.py
[2025-01-29T15:10:17.709+0000] {logging_mixin.py:190} INFO - [2025-01-29T15:10:17.709+0000] {dag.py:3239} INFO - Sync 2 DAGs
[2025-01-29T15:10:17.892+0000] {logging_mixin.py:190} INFO - [2025-01-29T15:10:17.892+0000] {dag.py:4180} INFO - Setting next_dagrun for read_dataset_event to 2025-01-28T00:00:00+00:00, run_after=2025-01-29T00:00:00+00:00
[2025-01-29T15:10:17.897+0000] {logging_mixin.py:190} INFO - [2025-01-29T15:10:17.896+0000] {dag.py:4180} INFO - Setting next_dagrun for read_dataset_event_from_classic to 2025-01-28T00:00:00+00:00, run_after=2025-01-29T00:00:00+00:00
[2025-01-29T15:10:17.910+0000] {processor.py:208} INFO - Processing /home/airflow/.local/lib/python3.10/site-packages/airflow/example_dags/example_inlet_event_extra.py took 0.239 seconds
[2025-01-29T15:10:48.009+0000] {processor.py:186} INFO - Started process (PID=2169) to work on /home/airflow/.local/lib/python3.10/site-packages/airflow/example_dags/example_inlet_event_extra.py
[2025-01-29T15:10:48.010+0000] {processor.py:914} INFO - Processing file /home/airflow/.local/lib/python3.10/site-packages/airflow/example_dags/example_inlet_event_extra.py for tasks to queue
[2025-01-29T15:10:48.012+0000] {logging_mixin.py:190} INFO - [2025-01-29T15:10:48.012+0000] {dagbag.py:588} INFO - Filling up the DagBag from /home/airflow/.local/lib/python3.10/site-packages/airflow/example_dags/example_inlet_event_extra.py
[2025-01-29T15:10:48.023+0000] {processor.py:925} INFO - DAG(s) 'read_dataset_event', 'read_dataset_event_from_classic' retrieved from /home/airflow/.local/lib/python3.10/site-packages/airflow/example_dags/example_inlet_event_extra.py
[2025-01-29T15:10:48.044+0000] {logging_mixin.py:190} INFO - [2025-01-29T15:10:48.044+0000] {dag.py:3239} INFO - Sync 2 DAGs
[2025-01-29T15:10:48.229+0000] {logging_mixin.py:190} INFO - [2025-01-29T15:10:48.228+0000] {dag.py:4180} INFO - Setting next_dagrun for read_dataset_event to 2025-01-28T00:00:00+00:00, run_after=2025-01-29T00:00:00+00:00
[2025-01-29T15:10:48.234+0000] {logging_mixin.py:190} INFO - [2025-01-29T15:10:48.233+0000] {dag.py:4180} INFO - Setting next_dagrun for read_dataset_event_from_classic to 2025-01-28T00:00:00+00:00, run_after=2025-01-29T00:00:00+00:00
[2025-01-29T15:10:48.247+0000] {processor.py:208} INFO - Processing /home/airflow/.local/lib/python3.10/site-packages/airflow/example_dags/example_inlet_event_extra.py took 0.243 seconds
[2025-01-29T15:11:18.980+0000] {processor.py:186} INFO - Started process (PID=2235) to work on /home/airflow/.local/lib/python3.10/site-packages/airflow/example_dags/example_inlet_event_extra.py
[2025-01-29T15:11:18.981+0000] {processor.py:914} INFO - Processing file /home/airflow/.local/lib/python3.10/site-packages/airflow/example_dags/example_inlet_event_extra.py for tasks to queue
[2025-01-29T15:11:18.984+0000] {logging_mixin.py:190} INFO - [2025-01-29T15:11:18.984+0000] {dagbag.py:588} INFO - Filling up the DagBag from /home/airflow/.local/lib/python3.10/site-packages/airflow/example_dags/example_inlet_event_extra.py
[2025-01-29T15:11:18.995+0000] {processor.py:925} INFO - DAG(s) 'read_dataset_event', 'read_dataset_event_from_classic' retrieved from /home/airflow/.local/lib/python3.10/site-packages/airflow/example_dags/example_inlet_event_extra.py
[2025-01-29T15:11:19.015+0000] {logging_mixin.py:190} INFO - [2025-01-29T15:11:19.015+0000] {dag.py:3239} INFO - Sync 2 DAGs
[2025-01-29T15:11:19.041+0000] {logging_mixin.py:190} INFO - [2025-01-29T15:11:19.040+0000] {dag.py:4180} INFO - Setting next_dagrun for read_dataset_event to 2025-01-28T00:00:00+00:00, run_after=2025-01-29T00:00:00+00:00
[2025-01-29T15:11:19.046+0000] {logging_mixin.py:190} INFO - [2025-01-29T15:11:19.046+0000] {dag.py:4180} INFO - Setting next_dagrun for read_dataset_event_from_classic to 2025-01-28T00:00:00+00:00, run_after=2025-01-29T00:00:00+00:00
[2025-01-29T15:11:19.060+0000] {processor.py:208} INFO - Processing /home/airflow/.local/lib/python3.10/site-packages/airflow/example_dags/example_inlet_event_extra.py took 0.086 seconds
[2025-01-29T15:11:49.464+0000] {processor.py:186} INFO - Started process (PID=2301) to work on /home/airflow/.local/lib/python3.10/site-packages/airflow/example_dags/example_inlet_event_extra.py
[2025-01-29T15:11:49.465+0000] {processor.py:914} INFO - Processing file /home/airflow/.local/lib/python3.10/site-packages/airflow/example_dags/example_inlet_event_extra.py for tasks to queue
[2025-01-29T15:11:49.467+0000] {logging_mixin.py:190} INFO - [2025-01-29T15:11:49.467+0000] {dagbag.py:588} INFO - Filling up the DagBag from /home/airflow/.local/lib/python3.10/site-packages/airflow/example_dags/example_inlet_event_extra.py
[2025-01-29T15:11:49.480+0000] {processor.py:925} INFO - DAG(s) 'read_dataset_event', 'read_dataset_event_from_classic' retrieved from /home/airflow/.local/lib/python3.10/site-packages/airflow/example_dags/example_inlet_event_extra.py
[2025-01-29T15:11:49.500+0000] {logging_mixin.py:190} INFO - [2025-01-29T15:11:49.500+0000] {dag.py:3239} INFO - Sync 2 DAGs
[2025-01-29T15:11:49.522+0000] {logging_mixin.py:190} INFO - [2025-01-29T15:11:49.522+0000] {dag.py:4180} INFO - Setting next_dagrun for read_dataset_event to 2025-01-28T00:00:00+00:00, run_after=2025-01-29T00:00:00+00:00
[2025-01-29T15:11:49.526+0000] {logging_mixin.py:190} INFO - [2025-01-29T15:11:49.526+0000] {dag.py:4180} INFO - Setting next_dagrun for read_dataset_event_from_classic to 2025-01-28T00:00:00+00:00, run_after=2025-01-29T00:00:00+00:00
[2025-01-29T15:11:49.540+0000] {processor.py:208} INFO - Processing /home/airflow/.local/lib/python3.10/site-packages/airflow/example_dags/example_inlet_event_extra.py took 0.082 seconds
[2025-01-29T15:12:19.636+0000] {processor.py:186} INFO - Started process (PID=2367) to work on /home/airflow/.local/lib/python3.10/site-packages/airflow/example_dags/example_inlet_event_extra.py
[2025-01-29T15:12:19.637+0000] {processor.py:914} INFO - Processing file /home/airflow/.local/lib/python3.10/site-packages/airflow/example_dags/example_inlet_event_extra.py for tasks to queue
[2025-01-29T15:12:19.639+0000] {logging_mixin.py:190} INFO - [2025-01-29T15:12:19.639+0000] {dagbag.py:588} INFO - Filling up the DagBag from /home/airflow/.local/lib/python3.10/site-packages/airflow/example_dags/example_inlet_event_extra.py
[2025-01-29T15:12:19.649+0000] {processor.py:925} INFO - DAG(s) 'read_dataset_event_from_classic', 'read_dataset_event' retrieved from /home/airflow/.local/lib/python3.10/site-packages/airflow/example_dags/example_inlet_event_extra.py
[2025-01-29T15:12:19.668+0000] {logging_mixin.py:190} INFO - [2025-01-29T15:12:19.668+0000] {dag.py:3239} INFO - Sync 2 DAGs
[2025-01-29T15:12:19.689+0000] {logging_mixin.py:190} INFO - [2025-01-29T15:12:19.688+0000] {dag.py:4180} INFO - Setting next_dagrun for read_dataset_event to 2025-01-28T00:00:00+00:00, run_after=2025-01-29T00:00:00+00:00
[2025-01-29T15:12:19.693+0000] {logging_mixin.py:190} INFO - [2025-01-29T15:12:19.693+0000] {dag.py:4180} INFO - Setting next_dagrun for read_dataset_event_from_classic to 2025-01-28T00:00:00+00:00, run_after=2025-01-29T00:00:00+00:00
[2025-01-29T15:12:19.707+0000] {processor.py:208} INFO - Processing /home/airflow/.local/lib/python3.10/site-packages/airflow/example_dags/example_inlet_event_extra.py took 0.077 seconds
[2025-01-29T15:12:49.791+0000] {processor.py:186} INFO - Started process (PID=2433) to work on /home/airflow/.local/lib/python3.10/site-packages/airflow/example_dags/example_inlet_event_extra.py
[2025-01-29T15:12:49.792+0000] {processor.py:914} INFO - Processing file /home/airflow/.local/lib/python3.10/site-packages/airflow/example_dags/example_inlet_event_extra.py for tasks to queue
[2025-01-29T15:12:49.794+0000] {logging_mixin.py:190} INFO - [2025-01-29T15:12:49.794+0000] {dagbag.py:588} INFO - Filling up the DagBag from /home/airflow/.local/lib/python3.10/site-packages/airflow/example_dags/example_inlet_event_extra.py
[2025-01-29T15:12:49.805+0000] {processor.py:925} INFO - DAG(s) 'read_dataset_event', 'read_dataset_event_from_classic' retrieved from /home/airflow/.local/lib/python3.10/site-packages/airflow/example_dags/example_inlet_event_extra.py
[2025-01-29T15:12:49.823+0000] {logging_mixin.py:190} INFO - [2025-01-29T15:12:49.823+0000] {dag.py:3239} INFO - Sync 2 DAGs
[2025-01-29T15:12:49.844+0000] {logging_mixin.py:190} INFO - [2025-01-29T15:12:49.844+0000] {dag.py:4180} INFO - Setting next_dagrun for read_dataset_event to 2025-01-28T00:00:00+00:00, run_after=2025-01-29T00:00:00+00:00
[2025-01-29T15:12:49.848+0000] {logging_mixin.py:190} INFO - [2025-01-29T15:12:49.848+0000] {dag.py:4180} INFO - Setting next_dagrun for read_dataset_event_from_classic to 2025-01-28T00:00:00+00:00, run_after=2025-01-29T00:00:00+00:00
[2025-01-29T15:12:49.863+0000] {processor.py:208} INFO - Processing /home/airflow/.local/lib/python3.10/site-packages/airflow/example_dags/example_inlet_event_extra.py took 0.077 seconds
[2025-01-29T15:13:20.131+0000] {processor.py:186} INFO - Started process (PID=2499) to work on /home/airflow/.local/lib/python3.10/site-packages/airflow/example_dags/example_inlet_event_extra.py
[2025-01-29T15:13:20.132+0000] {processor.py:914} INFO - Processing file /home/airflow/.local/lib/python3.10/site-packages/airflow/example_dags/example_inlet_event_extra.py for tasks to queue
[2025-01-29T15:13:20.135+0000] {logging_mixin.py:190} INFO - [2025-01-29T15:13:20.135+0000] {dagbag.py:588} INFO - Filling up the DagBag from /home/airflow/.local/lib/python3.10/site-packages/airflow/example_dags/example_inlet_event_extra.py
[2025-01-29T15:13:20.145+0000] {processor.py:925} INFO - DAG(s) 'read_dataset_event_from_classic', 'read_dataset_event' retrieved from /home/airflow/.local/lib/python3.10/site-packages/airflow/example_dags/example_inlet_event_extra.py
[2025-01-29T15:13:20.163+0000] {logging_mixin.py:190} INFO - [2025-01-29T15:13:20.163+0000] {dag.py:3239} INFO - Sync 2 DAGs
[2025-01-29T15:13:20.185+0000] {logging_mixin.py:190} INFO - [2025-01-29T15:13:20.184+0000] {dag.py:4180} INFO - Setting next_dagrun for read_dataset_event to 2025-01-28T00:00:00+00:00, run_after=2025-01-29T00:00:00+00:00
[2025-01-29T15:13:20.189+0000] {logging_mixin.py:190} INFO - [2025-01-29T15:13:20.189+0000] {dag.py:4180} INFO - Setting next_dagrun for read_dataset_event_from_classic to 2025-01-28T00:00:00+00:00, run_after=2025-01-29T00:00:00+00:00
[2025-01-29T15:13:20.202+0000] {processor.py:208} INFO - Processing /home/airflow/.local/lib/python3.10/site-packages/airflow/example_dags/example_inlet_event_extra.py took 0.076 seconds
[2025-01-29T15:13:51.167+0000] {processor.py:186} INFO - Started process (PID=2565) to work on /home/airflow/.local/lib/python3.10/site-packages/airflow/example_dags/example_inlet_event_extra.py
[2025-01-29T15:13:51.168+0000] {processor.py:914} INFO - Processing file /home/airflow/.local/lib/python3.10/site-packages/airflow/example_dags/example_inlet_event_extra.py for tasks to queue
[2025-01-29T15:13:51.171+0000] {logging_mixin.py:190} INFO - [2025-01-29T15:13:51.171+0000] {dagbag.py:588} INFO - Filling up the DagBag from /home/airflow/.local/lib/python3.10/site-packages/airflow/example_dags/example_inlet_event_extra.py
[2025-01-29T15:13:51.182+0000] {processor.py:925} INFO - DAG(s) 'read_dataset_event', 'read_dataset_event_from_classic' retrieved from /home/airflow/.local/lib/python3.10/site-packages/airflow/example_dags/example_inlet_event_extra.py
[2025-01-29T15:13:51.201+0000] {logging_mixin.py:190} INFO - [2025-01-29T15:13:51.201+0000] {dag.py:3239} INFO - Sync 2 DAGs
[2025-01-29T15:13:51.222+0000] {logging_mixin.py:190} INFO - [2025-01-29T15:13:51.222+0000] {dag.py:4180} INFO - Setting next_dagrun for read_dataset_event to 2025-01-28T00:00:00+00:00, run_after=2025-01-29T00:00:00+00:00
[2025-01-29T15:13:51.227+0000] {logging_mixin.py:190} INFO - [2025-01-29T15:13:51.226+0000] {dag.py:4180} INFO - Setting next_dagrun for read_dataset_event_from_classic to 2025-01-28T00:00:00+00:00, run_after=2025-01-29T00:00:00+00:00
[2025-01-29T15:13:51.240+0000] {processor.py:208} INFO - Processing /home/airflow/.local/lib/python3.10/site-packages/airflow/example_dags/example_inlet_event_extra.py took 0.077 seconds
[2025-01-29T15:14:21.592+0000] {processor.py:186} INFO - Started process (PID=2630) to work on /home/airflow/.local/lib/python3.10/site-packages/airflow/example_dags/example_inlet_event_extra.py
[2025-01-29T15:14:21.593+0000] {processor.py:914} INFO - Processing file /home/airflow/.local/lib/python3.10/site-packages/airflow/example_dags/example_inlet_event_extra.py for tasks to queue
[2025-01-29T15:14:21.595+0000] {logging_mixin.py:190} INFO - [2025-01-29T15:14:21.595+0000] {dagbag.py:588} INFO - Filling up the DagBag from /home/airflow/.local/lib/python3.10/site-packages/airflow/example_dags/example_inlet_event_extra.py
[2025-01-29T15:14:21.606+0000] {processor.py:925} INFO - DAG(s) 'read_dataset_event', 'read_dataset_event_from_classic' retrieved from /home/airflow/.local/lib/python3.10/site-packages/airflow/example_dags/example_inlet_event_extra.py
[2025-01-29T15:14:21.624+0000] {logging_mixin.py:190} INFO - [2025-01-29T15:14:21.624+0000] {dag.py:3239} INFO - Sync 2 DAGs
[2025-01-29T15:14:21.646+0000] {logging_mixin.py:190} INFO - [2025-01-29T15:14:21.645+0000] {dag.py:4180} INFO - Setting next_dagrun for read_dataset_event to 2025-01-28T00:00:00+00:00, run_after=2025-01-29T00:00:00+00:00
[2025-01-29T15:14:21.650+0000] {logging_mixin.py:190} INFO - [2025-01-29T15:14:21.650+0000] {dag.py:4180} INFO - Setting next_dagrun for read_dataset_event_from_classic to 2025-01-28T00:00:00+00:00, run_after=2025-01-29T00:00:00+00:00
[2025-01-29T15:14:21.663+0000] {processor.py:208} INFO - Processing /home/airflow/.local/lib/python3.10/site-packages/airflow/example_dags/example_inlet_event_extra.py took 0.077 seconds
[2025-01-29T15:14:51.772+0000] {processor.py:186} INFO - Started process (PID=2696) to work on /home/airflow/.local/lib/python3.10/site-packages/airflow/example_dags/example_inlet_event_extra.py
[2025-01-29T15:14:51.773+0000] {processor.py:914} INFO - Processing file /home/airflow/.local/lib/python3.10/site-packages/airflow/example_dags/example_inlet_event_extra.py for tasks to queue
[2025-01-29T15:14:51.775+0000] {logging_mixin.py:190} INFO - [2025-01-29T15:14:51.775+0000] {dagbag.py:588} INFO - Filling up the DagBag from /home/airflow/.local/lib/python3.10/site-packages/airflow/example_dags/example_inlet_event_extra.py
[2025-01-29T15:14:51.786+0000] {processor.py:925} INFO - DAG(s) 'read_dataset_event', 'read_dataset_event_from_classic' retrieved from /home/airflow/.local/lib/python3.10/site-packages/airflow/example_dags/example_inlet_event_extra.py
[2025-01-29T15:14:51.805+0000] {logging_mixin.py:190} INFO - [2025-01-29T15:14:51.804+0000] {dag.py:3239} INFO - Sync 2 DAGs
[2025-01-29T15:14:51.826+0000] {logging_mixin.py:190} INFO - [2025-01-29T15:14:51.826+0000] {dag.py:4180} INFO - Setting next_dagrun for read_dataset_event to 2025-01-28T00:00:00+00:00, run_after=2025-01-29T00:00:00+00:00
[2025-01-29T15:14:51.830+0000] {logging_mixin.py:190} INFO - [2025-01-29T15:14:51.830+0000] {dag.py:4180} INFO - Setting next_dagrun for read_dataset_event_from_classic to 2025-01-28T00:00:00+00:00, run_after=2025-01-29T00:00:00+00:00
[2025-01-29T15:14:51.843+0000] {processor.py:208} INFO - Processing /home/airflow/.local/lib/python3.10/site-packages/airflow/example_dags/example_inlet_event_extra.py took 0.076 seconds
[2025-01-29T15:15:22.231+0000] {processor.py:186} INFO - Started process (PID=2762) to work on /home/airflow/.local/lib/python3.10/site-packages/airflow/example_dags/example_inlet_event_extra.py
[2025-01-29T15:15:22.232+0000] {processor.py:914} INFO - Processing file /home/airflow/.local/lib/python3.10/site-packages/airflow/example_dags/example_inlet_event_extra.py for tasks to queue
[2025-01-29T15:15:22.234+0000] {logging_mixin.py:190} INFO - [2025-01-29T15:15:22.234+0000] {dagbag.py:588} INFO - Filling up the DagBag from /home/airflow/.local/lib/python3.10/site-packages/airflow/example_dags/example_inlet_event_extra.py
[2025-01-29T15:15:22.245+0000] {processor.py:925} INFO - DAG(s) 'read_dataset_event_from_classic', 'read_dataset_event' retrieved from /home/airflow/.local/lib/python3.10/site-packages/airflow/example_dags/example_inlet_event_extra.py
[2025-01-29T15:15:22.263+0000] {logging_mixin.py:190} INFO - [2025-01-29T15:15:22.263+0000] {dag.py:3239} INFO - Sync 2 DAGs
[2025-01-29T15:15:22.284+0000] {logging_mixin.py:190} INFO - [2025-01-29T15:15:22.284+0000] {dag.py:4180} INFO - Setting next_dagrun for read_dataset_event to 2025-01-28T00:00:00+00:00, run_after=2025-01-29T00:00:00+00:00
[2025-01-29T15:15:22.289+0000] {logging_mixin.py:190} INFO - [2025-01-29T15:15:22.289+0000] {dag.py:4180} INFO - Setting next_dagrun for read_dataset_event_from_classic to 2025-01-28T00:00:00+00:00, run_after=2025-01-29T00:00:00+00:00
[2025-01-29T15:15:22.302+0000] {processor.py:208} INFO - Processing /home/airflow/.local/lib/python3.10/site-packages/airflow/example_dags/example_inlet_event_extra.py took 0.076 seconds
[2025-01-29T15:15:53.039+0000] {processor.py:186} INFO - Started process (PID=2828) to work on /home/airflow/.local/lib/python3.10/site-packages/airflow/example_dags/example_inlet_event_extra.py
[2025-01-29T15:15:53.041+0000] {processor.py:914} INFO - Processing file /home/airflow/.local/lib/python3.10/site-packages/airflow/example_dags/example_inlet_event_extra.py for tasks to queue
[2025-01-29T15:15:53.045+0000] {logging_mixin.py:190} INFO - [2025-01-29T15:15:53.045+0000] {dagbag.py:588} INFO - Filling up the DagBag from /home/airflow/.local/lib/python3.10/site-packages/airflow/example_dags/example_inlet_event_extra.py
[2025-01-29T15:15:53.058+0000] {processor.py:925} INFO - DAG(s) 'read_dataset_event', 'read_dataset_event_from_classic' retrieved from /home/airflow/.local/lib/python3.10/site-packages/airflow/example_dags/example_inlet_event_extra.py
[2025-01-29T15:15:53.083+0000] {logging_mixin.py:190} INFO - [2025-01-29T15:15:53.082+0000] {dag.py:3239} INFO - Sync 2 DAGs
[2025-01-29T15:15:53.110+0000] {logging_mixin.py:190} INFO - [2025-01-29T15:15:53.110+0000] {dag.py:4180} INFO - Setting next_dagrun for read_dataset_event to 2025-01-28T00:00:00+00:00, run_after=2025-01-29T00:00:00+00:00
[2025-01-29T15:15:53.116+0000] {logging_mixin.py:190} INFO - [2025-01-29T15:15:53.115+0000] {dag.py:4180} INFO - Setting next_dagrun for read_dataset_event_from_classic to 2025-01-28T00:00:00+00:00, run_after=2025-01-29T00:00:00+00:00
[2025-01-29T15:15:53.132+0000] {processor.py:208} INFO - Processing /home/airflow/.local/lib/python3.10/site-packages/airflow/example_dags/example_inlet_event_extra.py took 0.101 seconds
[2025-01-29T15:16:23.315+0000] {processor.py:186} INFO - Started process (PID=2894) to work on /home/airflow/.local/lib/python3.10/site-packages/airflow/example_dags/example_inlet_event_extra.py
[2025-01-29T15:16:23.316+0000] {processor.py:914} INFO - Processing file /home/airflow/.local/lib/python3.10/site-packages/airflow/example_dags/example_inlet_event_extra.py for tasks to queue
[2025-01-29T15:16:23.319+0000] {logging_mixin.py:190} INFO - [2025-01-29T15:16:23.318+0000] {dagbag.py:588} INFO - Filling up the DagBag from /home/airflow/.local/lib/python3.10/site-packages/airflow/example_dags/example_inlet_event_extra.py
[2025-01-29T15:16:23.330+0000] {processor.py:925} INFO - DAG(s) 'read_dataset_event_from_classic', 'read_dataset_event' retrieved from /home/airflow/.local/lib/python3.10/site-packages/airflow/example_dags/example_inlet_event_extra.py
[2025-01-29T15:16:23.348+0000] {logging_mixin.py:190} INFO - [2025-01-29T15:16:23.348+0000] {dag.py:3239} INFO - Sync 2 DAGs
[2025-01-29T15:16:23.369+0000] {logging_mixin.py:190} INFO - [2025-01-29T15:16:23.369+0000] {dag.py:4180} INFO - Setting next_dagrun for read_dataset_event to 2025-01-28T00:00:00+00:00, run_after=2025-01-29T00:00:00+00:00
[2025-01-29T15:16:23.374+0000] {logging_mixin.py:190} INFO - [2025-01-29T15:16:23.374+0000] {dag.py:4180} INFO - Setting next_dagrun for read_dataset_event_from_classic to 2025-01-28T00:00:00+00:00, run_after=2025-01-29T00:00:00+00:00
[2025-01-29T15:16:23.386+0000] {processor.py:208} INFO - Processing /home/airflow/.local/lib/python3.10/site-packages/airflow/example_dags/example_inlet_event_extra.py took 0.076 seconds
[2025-01-29T15:16:53.606+0000] {processor.py:186} INFO - Started process (PID=2960) to work on /home/airflow/.local/lib/python3.10/site-packages/airflow/example_dags/example_inlet_event_extra.py
[2025-01-29T15:16:53.607+0000] {processor.py:914} INFO - Processing file /home/airflow/.local/lib/python3.10/site-packages/airflow/example_dags/example_inlet_event_extra.py for tasks to queue
[2025-01-29T15:16:53.609+0000] {logging_mixin.py:190} INFO - [2025-01-29T15:16:53.609+0000] {dagbag.py:588} INFO - Filling up the DagBag from /home/airflow/.local/lib/python3.10/site-packages/airflow/example_dags/example_inlet_event_extra.py
[2025-01-29T15:16:53.620+0000] {processor.py:925} INFO - DAG(s) 'read_dataset_event_from_classic', 'read_dataset_event' retrieved from /home/airflow/.local/lib/python3.10/site-packages/airflow/example_dags/example_inlet_event_extra.py
[2025-01-29T15:16:53.640+0000] {logging_mixin.py:190} INFO - [2025-01-29T15:16:53.640+0000] {dag.py:3239} INFO - Sync 2 DAGs
[2025-01-29T15:16:53.665+0000] {logging_mixin.py:190} INFO - [2025-01-29T15:16:53.665+0000] {dag.py:4180} INFO - Setting next_dagrun for read_dataset_event to 2025-01-28T00:00:00+00:00, run_after=2025-01-29T00:00:00+00:00
[2025-01-29T15:16:53.670+0000] {logging_mixin.py:190} INFO - [2025-01-29T15:16:53.670+0000] {dag.py:4180} INFO - Setting next_dagrun for read_dataset_event_from_classic to 2025-01-28T00:00:00+00:00, run_after=2025-01-29T00:00:00+00:00
[2025-01-29T15:16:53.683+0000] {processor.py:208} INFO - Processing /home/airflow/.local/lib/python3.10/site-packages/airflow/example_dags/example_inlet_event_extra.py took 0.082 seconds
[2025-01-29T15:17:23.796+0000] {processor.py:186} INFO - Started process (PID=3026) to work on /home/airflow/.local/lib/python3.10/site-packages/airflow/example_dags/example_inlet_event_extra.py
[2025-01-29T15:17:23.797+0000] {processor.py:914} INFO - Processing file /home/airflow/.local/lib/python3.10/site-packages/airflow/example_dags/example_inlet_event_extra.py for tasks to queue
[2025-01-29T15:17:23.800+0000] {logging_mixin.py:190} INFO - [2025-01-29T15:17:23.799+0000] {dagbag.py:588} INFO - Filling up the DagBag from /home/airflow/.local/lib/python3.10/site-packages/airflow/example_dags/example_inlet_event_extra.py
[2025-01-29T15:17:23.811+0000] {processor.py:925} INFO - DAG(s) 'read_dataset_event', 'read_dataset_event_from_classic' retrieved from /home/airflow/.local/lib/python3.10/site-packages/airflow/example_dags/example_inlet_event_extra.py
[2025-01-29T15:17:23.830+0000] {logging_mixin.py:190} INFO - [2025-01-29T15:17:23.830+0000] {dag.py:3239} INFO - Sync 2 DAGs
[2025-01-29T15:17:23.853+0000] {logging_mixin.py:190} INFO - [2025-01-29T15:17:23.852+0000] {dag.py:4180} INFO - Setting next_dagrun for read_dataset_event to 2025-01-28T00:00:00+00:00, run_after=2025-01-29T00:00:00+00:00
[2025-01-29T15:17:23.857+0000] {logging_mixin.py:190} INFO - [2025-01-29T15:17:23.857+0000] {dag.py:4180} INFO - Setting next_dagrun for read_dataset_event_from_classic to 2025-01-28T00:00:00+00:00, run_after=2025-01-29T00:00:00+00:00
[2025-01-29T15:17:23.870+0000] {processor.py:208} INFO - Processing /home/airflow/.local/lib/python3.10/site-packages/airflow/example_dags/example_inlet_event_extra.py took 0.079 seconds
[2025-01-29T15:17:54.084+0000] {processor.py:186} INFO - Started process (PID=3092) to work on /home/airflow/.local/lib/python3.10/site-packages/airflow/example_dags/example_inlet_event_extra.py
[2025-01-29T15:17:54.085+0000] {processor.py:914} INFO - Processing file /home/airflow/.local/lib/python3.10/site-packages/airflow/example_dags/example_inlet_event_extra.py for tasks to queue
[2025-01-29T15:17:54.087+0000] {logging_mixin.py:190} INFO - [2025-01-29T15:17:54.087+0000] {dagbag.py:588} INFO - Filling up the DagBag from /home/airflow/.local/lib/python3.10/site-packages/airflow/example_dags/example_inlet_event_extra.py
[2025-01-29T15:17:54.098+0000] {processor.py:925} INFO - DAG(s) 'read_dataset_event_from_classic', 'read_dataset_event' retrieved from /home/airflow/.local/lib/python3.10/site-packages/airflow/example_dags/example_inlet_event_extra.py
[2025-01-29T15:17:54.116+0000] {logging_mixin.py:190} INFO - [2025-01-29T15:17:54.116+0000] {dag.py:3239} INFO - Sync 2 DAGs
[2025-01-29T15:17:54.137+0000] {logging_mixin.py:190} INFO - [2025-01-29T15:17:54.137+0000] {dag.py:4180} INFO - Setting next_dagrun for read_dataset_event to 2025-01-28T00:00:00+00:00, run_after=2025-01-29T00:00:00+00:00
[2025-01-29T15:17:54.142+0000] {logging_mixin.py:190} INFO - [2025-01-29T15:17:54.141+0000] {dag.py:4180} INFO - Setting next_dagrun for read_dataset_event_from_classic to 2025-01-28T00:00:00+00:00, run_after=2025-01-29T00:00:00+00:00
[2025-01-29T15:17:54.155+0000] {processor.py:208} INFO - Processing /home/airflow/.local/lib/python3.10/site-packages/airflow/example_dags/example_inlet_event_extra.py took 0.075 seconds
