[2025-01-29T14:54:55.827+0000] {processor.py:186} INFO - Started process (PID=75) to work on /home/airflow/.local/lib/python3.10/site-packages/airflow/example_dags/example_short_circuit_operator.py
[2025-01-29T14:54:55.829+0000] {processor.py:914} INFO - Processing file /home/airflow/.local/lib/python3.10/site-packages/airflow/example_dags/example_short_circuit_operator.py for tasks to queue
[2025-01-29T14:54:55.835+0000] {logging_mixin.py:190} INFO - [2025-01-29T14:54:55.835+0000] {dagbag.py:588} INFO - Filling up the DagBag from /home/airflow/.local/lib/python3.10/site-packages/airflow/example_dags/example_short_circuit_operator.py
[2025-01-29T14:54:55.859+0000] {processor.py:925} INFO - DAG(s) 'example_short_circuit_operator' retrieved from /home/airflow/.local/lib/python3.10/site-packages/airflow/example_dags/example_short_circuit_operator.py
[2025-01-29T14:54:55.906+0000] {logging_mixin.py:190} INFO - [2025-01-29T14:54:55.906+0000] {dag.py:3239} INFO - Sync 1 DAGs
[2025-01-29T14:54:55.933+0000] {logging_mixin.py:190} INFO - [2025-01-29T14:54:55.933+0000] {dag.py:4180} INFO - Setting next_dagrun for example_short_circuit_operator to None, run_after=None
[2025-01-29T14:54:55.962+0000] {processor.py:208} INFO - Processing /home/airflow/.local/lib/python3.10/site-packages/airflow/example_dags/example_short_circuit_operator.py took 0.156 seconds
[2025-01-29T14:55:26.814+0000] {processor.py:186} INFO - Started process (PID=141) to work on /home/airflow/.local/lib/python3.10/site-packages/airflow/example_dags/example_short_circuit_operator.py
[2025-01-29T14:55:26.815+0000] {processor.py:914} INFO - Processing file /home/airflow/.local/lib/python3.10/site-packages/airflow/example_dags/example_short_circuit_operator.py for tasks to queue
[2025-01-29T14:55:26.818+0000] {logging_mixin.py:190} INFO - [2025-01-29T14:55:26.817+0000] {dagbag.py:588} INFO - Filling up the DagBag from /home/airflow/.local/lib/python3.10/site-packages/airflow/example_dags/example_short_circuit_operator.py
[2025-01-29T14:55:26.825+0000] {processor.py:925} INFO - DAG(s) 'example_short_circuit_operator' retrieved from /home/airflow/.local/lib/python3.10/site-packages/airflow/example_dags/example_short_circuit_operator.py
[2025-01-29T14:55:26.845+0000] {logging_mixin.py:190} INFO - [2025-01-29T14:55:26.845+0000] {dag.py:3239} INFO - Sync 1 DAGs
[2025-01-29T14:55:26.858+0000] {logging_mixin.py:190} INFO - [2025-01-29T14:55:26.858+0000] {dag.py:4180} INFO - Setting next_dagrun for example_short_circuit_operator to None, run_after=None
[2025-01-29T14:55:26.872+0000] {processor.py:208} INFO - Processing /home/airflow/.local/lib/python3.10/site-packages/airflow/example_dags/example_short_circuit_operator.py took 0.063 seconds
[2025-01-29T14:55:57.476+0000] {processor.py:186} INFO - Started process (PID=207) to work on /home/airflow/.local/lib/python3.10/site-packages/airflow/example_dags/example_short_circuit_operator.py
[2025-01-29T14:55:57.477+0000] {processor.py:914} INFO - Processing file /home/airflow/.local/lib/python3.10/site-packages/airflow/example_dags/example_short_circuit_operator.py for tasks to queue
[2025-01-29T14:55:57.480+0000] {logging_mixin.py:190} INFO - [2025-01-29T14:55:57.479+0000] {dagbag.py:588} INFO - Filling up the DagBag from /home/airflow/.local/lib/python3.10/site-packages/airflow/example_dags/example_short_circuit_operator.py
[2025-01-29T14:55:57.487+0000] {processor.py:925} INFO - DAG(s) 'example_short_circuit_operator' retrieved from /home/airflow/.local/lib/python3.10/site-packages/airflow/example_dags/example_short_circuit_operator.py
[2025-01-29T14:55:57.510+0000] {logging_mixin.py:190} INFO - [2025-01-29T14:55:57.510+0000] {dag.py:3239} INFO - Sync 1 DAGs
[2025-01-29T14:55:57.527+0000] {logging_mixin.py:190} INFO - [2025-01-29T14:55:57.527+0000] {dag.py:4180} INFO - Setting next_dagrun for example_short_circuit_operator to None, run_after=None
[2025-01-29T14:55:57.546+0000] {processor.py:208} INFO - Processing /home/airflow/.local/lib/python3.10/site-packages/airflow/example_dags/example_short_circuit_operator.py took 0.076 seconds
[2025-01-29T14:56:27.607+0000] {processor.py:186} INFO - Started process (PID=273) to work on /home/airflow/.local/lib/python3.10/site-packages/airflow/example_dags/example_short_circuit_operator.py
[2025-01-29T14:56:27.608+0000] {processor.py:914} INFO - Processing file /home/airflow/.local/lib/python3.10/site-packages/airflow/example_dags/example_short_circuit_operator.py for tasks to queue
[2025-01-29T14:56:27.611+0000] {logging_mixin.py:190} INFO - [2025-01-29T14:56:27.611+0000] {dagbag.py:588} INFO - Filling up the DagBag from /home/airflow/.local/lib/python3.10/site-packages/airflow/example_dags/example_short_circuit_operator.py
[2025-01-29T14:56:27.618+0000] {processor.py:925} INFO - DAG(s) 'example_short_circuit_operator' retrieved from /home/airflow/.local/lib/python3.10/site-packages/airflow/example_dags/example_short_circuit_operator.py
[2025-01-29T14:56:27.640+0000] {logging_mixin.py:190} INFO - [2025-01-29T14:56:27.639+0000] {dag.py:3239} INFO - Sync 1 DAGs
[2025-01-29T14:56:27.653+0000] {logging_mixin.py:190} INFO - [2025-01-29T14:56:27.653+0000] {dag.py:4180} INFO - Setting next_dagrun for example_short_circuit_operator to None, run_after=None
[2025-01-29T14:56:27.669+0000] {processor.py:208} INFO - Processing /home/airflow/.local/lib/python3.10/site-packages/airflow/example_dags/example_short_circuit_operator.py took 0.067 seconds
[2025-01-29T14:56:57.899+0000] {processor.py:186} INFO - Started process (PID=339) to work on /home/airflow/.local/lib/python3.10/site-packages/airflow/example_dags/example_short_circuit_operator.py
[2025-01-29T14:56:57.899+0000] {processor.py:914} INFO - Processing file /home/airflow/.local/lib/python3.10/site-packages/airflow/example_dags/example_short_circuit_operator.py for tasks to queue
[2025-01-29T14:56:57.902+0000] {logging_mixin.py:190} INFO - [2025-01-29T14:56:57.902+0000] {dagbag.py:588} INFO - Filling up the DagBag from /home/airflow/.local/lib/python3.10/site-packages/airflow/example_dags/example_short_circuit_operator.py
[2025-01-29T14:56:57.909+0000] {processor.py:925} INFO - DAG(s) 'example_short_circuit_operator' retrieved from /home/airflow/.local/lib/python3.10/site-packages/airflow/example_dags/example_short_circuit_operator.py
[2025-01-29T14:56:57.930+0000] {logging_mixin.py:190} INFO - [2025-01-29T14:56:57.929+0000] {dag.py:3239} INFO - Sync 1 DAGs
[2025-01-29T14:56:57.943+0000] {logging_mixin.py:190} INFO - [2025-01-29T14:56:57.943+0000] {dag.py:4180} INFO - Setting next_dagrun for example_short_circuit_operator to None, run_after=None
[2025-01-29T14:56:57.958+0000] {processor.py:208} INFO - Processing /home/airflow/.local/lib/python3.10/site-packages/airflow/example_dags/example_short_circuit_operator.py took 0.065 seconds
[2025-01-29T14:57:28.484+0000] {processor.py:186} INFO - Started process (PID=405) to work on /home/airflow/.local/lib/python3.10/site-packages/airflow/example_dags/example_short_circuit_operator.py
[2025-01-29T14:57:28.485+0000] {processor.py:914} INFO - Processing file /home/airflow/.local/lib/python3.10/site-packages/airflow/example_dags/example_short_circuit_operator.py for tasks to queue
[2025-01-29T14:57:28.487+0000] {logging_mixin.py:190} INFO - [2025-01-29T14:57:28.487+0000] {dagbag.py:588} INFO - Filling up the DagBag from /home/airflow/.local/lib/python3.10/site-packages/airflow/example_dags/example_short_circuit_operator.py
[2025-01-29T14:57:28.495+0000] {processor.py:925} INFO - DAG(s) 'example_short_circuit_operator' retrieved from /home/airflow/.local/lib/python3.10/site-packages/airflow/example_dags/example_short_circuit_operator.py
[2025-01-29T14:57:28.515+0000] {logging_mixin.py:190} INFO - [2025-01-29T14:57:28.515+0000] {dag.py:3239} INFO - Sync 1 DAGs
[2025-01-29T14:57:28.528+0000] {logging_mixin.py:190} INFO - [2025-01-29T14:57:28.528+0000] {dag.py:4180} INFO - Setting next_dagrun for example_short_circuit_operator to None, run_after=None
[2025-01-29T14:57:28.543+0000] {processor.py:208} INFO - Processing /home/airflow/.local/lib/python3.10/site-packages/airflow/example_dags/example_short_circuit_operator.py took 0.064 seconds
[2025-01-29T14:57:58.672+0000] {processor.py:186} INFO - Started process (PID=471) to work on /home/airflow/.local/lib/python3.10/site-packages/airflow/example_dags/example_short_circuit_operator.py
[2025-01-29T14:57:58.674+0000] {processor.py:914} INFO - Processing file /home/airflow/.local/lib/python3.10/site-packages/airflow/example_dags/example_short_circuit_operator.py for tasks to queue
[2025-01-29T14:57:58.676+0000] {logging_mixin.py:190} INFO - [2025-01-29T14:57:58.676+0000] {dagbag.py:588} INFO - Filling up the DagBag from /home/airflow/.local/lib/python3.10/site-packages/airflow/example_dags/example_short_circuit_operator.py
[2025-01-29T14:57:58.685+0000] {processor.py:925} INFO - DAG(s) 'example_short_circuit_operator' retrieved from /home/airflow/.local/lib/python3.10/site-packages/airflow/example_dags/example_short_circuit_operator.py
[2025-01-29T14:57:58.709+0000] {logging_mixin.py:190} INFO - [2025-01-29T14:57:58.709+0000] {dag.py:3239} INFO - Sync 1 DAGs
[2025-01-29T14:57:58.725+0000] {logging_mixin.py:190} INFO - [2025-01-29T14:57:58.724+0000] {dag.py:4180} INFO - Setting next_dagrun for example_short_circuit_operator to None, run_after=None
[2025-01-29T14:57:58.745+0000] {processor.py:208} INFO - Processing /home/airflow/.local/lib/python3.10/site-packages/airflow/example_dags/example_short_circuit_operator.py took 0.079 seconds
[2025-01-29T14:58:29.052+0000] {processor.py:186} INFO - Started process (PID=537) to work on /home/airflow/.local/lib/python3.10/site-packages/airflow/example_dags/example_short_circuit_operator.py
[2025-01-29T14:58:29.053+0000] {processor.py:914} INFO - Processing file /home/airflow/.local/lib/python3.10/site-packages/airflow/example_dags/example_short_circuit_operator.py for tasks to queue
[2025-01-29T14:58:29.056+0000] {logging_mixin.py:190} INFO - [2025-01-29T14:58:29.056+0000] {dagbag.py:588} INFO - Filling up the DagBag from /home/airflow/.local/lib/python3.10/site-packages/airflow/example_dags/example_short_circuit_operator.py
[2025-01-29T14:58:29.063+0000] {processor.py:925} INFO - DAG(s) 'example_short_circuit_operator' retrieved from /home/airflow/.local/lib/python3.10/site-packages/airflow/example_dags/example_short_circuit_operator.py
[2025-01-29T14:58:29.084+0000] {logging_mixin.py:190} INFO - [2025-01-29T14:58:29.084+0000] {dag.py:3239} INFO - Sync 1 DAGs
[2025-01-29T14:58:29.099+0000] {logging_mixin.py:190} INFO - [2025-01-29T14:58:29.098+0000] {dag.py:4180} INFO - Setting next_dagrun for example_short_circuit_operator to None, run_after=None
[2025-01-29T14:58:29.114+0000] {processor.py:208} INFO - Processing /home/airflow/.local/lib/python3.10/site-packages/airflow/example_dags/example_short_circuit_operator.py took 0.067 seconds
[2025-01-29T14:58:59.570+0000] {processor.py:186} INFO - Started process (PID=603) to work on /home/airflow/.local/lib/python3.10/site-packages/airflow/example_dags/example_short_circuit_operator.py
[2025-01-29T14:58:59.571+0000] {processor.py:914} INFO - Processing file /home/airflow/.local/lib/python3.10/site-packages/airflow/example_dags/example_short_circuit_operator.py for tasks to queue
[2025-01-29T14:58:59.574+0000] {logging_mixin.py:190} INFO - [2025-01-29T14:58:59.573+0000] {dagbag.py:588} INFO - Filling up the DagBag from /home/airflow/.local/lib/python3.10/site-packages/airflow/example_dags/example_short_circuit_operator.py
[2025-01-29T14:58:59.581+0000] {processor.py:925} INFO - DAG(s) 'example_short_circuit_operator' retrieved from /home/airflow/.local/lib/python3.10/site-packages/airflow/example_dags/example_short_circuit_operator.py
[2025-01-29T14:58:59.600+0000] {logging_mixin.py:190} INFO - [2025-01-29T14:58:59.600+0000] {dag.py:3239} INFO - Sync 1 DAGs
[2025-01-29T14:58:59.613+0000] {logging_mixin.py:190} INFO - [2025-01-29T14:58:59.612+0000] {dag.py:4180} INFO - Setting next_dagrun for example_short_circuit_operator to None, run_after=None
[2025-01-29T14:58:59.626+0000] {processor.py:208} INFO - Processing /home/airflow/.local/lib/python3.10/site-packages/airflow/example_dags/example_short_circuit_operator.py took 0.061 seconds
[2025-01-29T14:59:29.714+0000] {processor.py:186} INFO - Started process (PID=669) to work on /home/airflow/.local/lib/python3.10/site-packages/airflow/example_dags/example_short_circuit_operator.py
[2025-01-29T14:59:29.715+0000] {processor.py:914} INFO - Processing file /home/airflow/.local/lib/python3.10/site-packages/airflow/example_dags/example_short_circuit_operator.py for tasks to queue
[2025-01-29T14:59:29.717+0000] {logging_mixin.py:190} INFO - [2025-01-29T14:59:29.717+0000] {dagbag.py:588} INFO - Filling up the DagBag from /home/airflow/.local/lib/python3.10/site-packages/airflow/example_dags/example_short_circuit_operator.py
[2025-01-29T14:59:29.725+0000] {processor.py:925} INFO - DAG(s) 'example_short_circuit_operator' retrieved from /home/airflow/.local/lib/python3.10/site-packages/airflow/example_dags/example_short_circuit_operator.py
[2025-01-29T14:59:29.745+0000] {logging_mixin.py:190} INFO - [2025-01-29T14:59:29.744+0000] {dag.py:3239} INFO - Sync 1 DAGs
[2025-01-29T14:59:29.757+0000] {logging_mixin.py:190} INFO - [2025-01-29T14:59:29.757+0000] {dag.py:4180} INFO - Setting next_dagrun for example_short_circuit_operator to None, run_after=None
[2025-01-29T14:59:29.771+0000] {processor.py:208} INFO - Processing /home/airflow/.local/lib/python3.10/site-packages/airflow/example_dags/example_short_circuit_operator.py took 0.062 seconds
[2025-01-29T15:00:00.014+0000] {processor.py:186} INFO - Started process (PID=735) to work on /home/airflow/.local/lib/python3.10/site-packages/airflow/example_dags/example_short_circuit_operator.py
[2025-01-29T15:00:00.015+0000] {processor.py:914} INFO - Processing file /home/airflow/.local/lib/python3.10/site-packages/airflow/example_dags/example_short_circuit_operator.py for tasks to queue
[2025-01-29T15:00:00.018+0000] {logging_mixin.py:190} INFO - [2025-01-29T15:00:00.018+0000] {dagbag.py:588} INFO - Filling up the DagBag from /home/airflow/.local/lib/python3.10/site-packages/airflow/example_dags/example_short_circuit_operator.py
[2025-01-29T15:00:00.025+0000] {processor.py:925} INFO - DAG(s) 'example_short_circuit_operator' retrieved from /home/airflow/.local/lib/python3.10/site-packages/airflow/example_dags/example_short_circuit_operator.py
[2025-01-29T15:00:00.045+0000] {logging_mixin.py:190} INFO - [2025-01-29T15:00:00.045+0000] {dag.py:3239} INFO - Sync 1 DAGs
[2025-01-29T15:00:00.058+0000] {logging_mixin.py:190} INFO - [2025-01-29T15:00:00.058+0000] {dag.py:4180} INFO - Setting next_dagrun for example_short_circuit_operator to None, run_after=None
[2025-01-29T15:00:00.073+0000] {processor.py:208} INFO - Processing /home/airflow/.local/lib/python3.10/site-packages/airflow/example_dags/example_short_circuit_operator.py took 0.064 seconds
[2025-01-29T15:00:30.224+0000] {processor.py:186} INFO - Started process (PID=801) to work on /home/airflow/.local/lib/python3.10/site-packages/airflow/example_dags/example_short_circuit_operator.py
[2025-01-29T15:00:30.225+0000] {processor.py:914} INFO - Processing file /home/airflow/.local/lib/python3.10/site-packages/airflow/example_dags/example_short_circuit_operator.py for tasks to queue
[2025-01-29T15:00:30.227+0000] {logging_mixin.py:190} INFO - [2025-01-29T15:00:30.227+0000] {dagbag.py:588} INFO - Filling up the DagBag from /home/airflow/.local/lib/python3.10/site-packages/airflow/example_dags/example_short_circuit_operator.py
[2025-01-29T15:00:30.236+0000] {processor.py:925} INFO - DAG(s) 'example_short_circuit_operator' retrieved from /home/airflow/.local/lib/python3.10/site-packages/airflow/example_dags/example_short_circuit_operator.py
[2025-01-29T15:00:30.259+0000] {logging_mixin.py:190} INFO - [2025-01-29T15:00:30.259+0000] {dag.py:3239} INFO - Sync 1 DAGs
[2025-01-29T15:00:30.272+0000] {logging_mixin.py:190} INFO - [2025-01-29T15:00:30.272+0000] {dag.py:4180} INFO - Setting next_dagrun for example_short_circuit_operator to None, run_after=None
[2025-01-29T15:00:30.288+0000] {processor.py:208} INFO - Processing /home/airflow/.local/lib/python3.10/site-packages/airflow/example_dags/example_short_circuit_operator.py took 0.069 seconds
[2025-01-29T15:01:00.352+0000] {processor.py:186} INFO - Started process (PID=867) to work on /home/airflow/.local/lib/python3.10/site-packages/airflow/example_dags/example_short_circuit_operator.py
[2025-01-29T15:01:00.353+0000] {processor.py:914} INFO - Processing file /home/airflow/.local/lib/python3.10/site-packages/airflow/example_dags/example_short_circuit_operator.py for tasks to queue
[2025-01-29T15:01:00.355+0000] {logging_mixin.py:190} INFO - [2025-01-29T15:01:00.355+0000] {dagbag.py:588} INFO - Filling up the DagBag from /home/airflow/.local/lib/python3.10/site-packages/airflow/example_dags/example_short_circuit_operator.py
[2025-01-29T15:01:00.362+0000] {processor.py:925} INFO - DAG(s) 'example_short_circuit_operator' retrieved from /home/airflow/.local/lib/python3.10/site-packages/airflow/example_dags/example_short_circuit_operator.py
[2025-01-29T15:01:00.383+0000] {logging_mixin.py:190} INFO - [2025-01-29T15:01:00.383+0000] {dag.py:3239} INFO - Sync 1 DAGs
[2025-01-29T15:01:00.396+0000] {logging_mixin.py:190} INFO - [2025-01-29T15:01:00.396+0000] {dag.py:4180} INFO - Setting next_dagrun for example_short_circuit_operator to None, run_after=None
[2025-01-29T15:01:00.410+0000] {processor.py:208} INFO - Processing /home/airflow/.local/lib/python3.10/site-packages/airflow/example_dags/example_short_circuit_operator.py took 0.064 seconds
[2025-01-29T15:01:30.520+0000] {processor.py:186} INFO - Started process (PID=933) to work on /home/airflow/.local/lib/python3.10/site-packages/airflow/example_dags/example_short_circuit_operator.py
[2025-01-29T15:01:30.521+0000] {processor.py:914} INFO - Processing file /home/airflow/.local/lib/python3.10/site-packages/airflow/example_dags/example_short_circuit_operator.py for tasks to queue
[2025-01-29T15:01:30.523+0000] {logging_mixin.py:190} INFO - [2025-01-29T15:01:30.523+0000] {dagbag.py:588} INFO - Filling up the DagBag from /home/airflow/.local/lib/python3.10/site-packages/airflow/example_dags/example_short_circuit_operator.py
[2025-01-29T15:01:30.531+0000] {processor.py:925} INFO - DAG(s) 'example_short_circuit_operator' retrieved from /home/airflow/.local/lib/python3.10/site-packages/airflow/example_dags/example_short_circuit_operator.py
[2025-01-29T15:01:30.551+0000] {logging_mixin.py:190} INFO - [2025-01-29T15:01:30.551+0000] {dag.py:3239} INFO - Sync 1 DAGs
[2025-01-29T15:01:30.563+0000] {logging_mixin.py:190} INFO - [2025-01-29T15:01:30.563+0000] {dag.py:4180} INFO - Setting next_dagrun for example_short_circuit_operator to None, run_after=None
[2025-01-29T15:01:30.578+0000] {processor.py:208} INFO - Processing /home/airflow/.local/lib/python3.10/site-packages/airflow/example_dags/example_short_circuit_operator.py took 0.063 seconds
[2025-01-29T15:02:00.859+0000] {processor.py:186} INFO - Started process (PID=999) to work on /home/airflow/.local/lib/python3.10/site-packages/airflow/example_dags/example_short_circuit_operator.py
[2025-01-29T15:02:00.860+0000] {processor.py:914} INFO - Processing file /home/airflow/.local/lib/python3.10/site-packages/airflow/example_dags/example_short_circuit_operator.py for tasks to queue
[2025-01-29T15:02:00.862+0000] {logging_mixin.py:190} INFO - [2025-01-29T15:02:00.862+0000] {dagbag.py:588} INFO - Filling up the DagBag from /home/airflow/.local/lib/python3.10/site-packages/airflow/example_dags/example_short_circuit_operator.py
[2025-01-29T15:02:00.870+0000] {processor.py:925} INFO - DAG(s) 'example_short_circuit_operator' retrieved from /home/airflow/.local/lib/python3.10/site-packages/airflow/example_dags/example_short_circuit_operator.py
[2025-01-29T15:02:00.890+0000] {logging_mixin.py:190} INFO - [2025-01-29T15:02:00.890+0000] {dag.py:3239} INFO - Sync 1 DAGs
[2025-01-29T15:02:00.903+0000] {logging_mixin.py:190} INFO - [2025-01-29T15:02:00.902+0000] {dag.py:4180} INFO - Setting next_dagrun for example_short_circuit_operator to None, run_after=None
[2025-01-29T15:02:00.918+0000] {processor.py:208} INFO - Processing /home/airflow/.local/lib/python3.10/site-packages/airflow/example_dags/example_short_circuit_operator.py took 0.065 seconds
[2025-01-29T15:02:31.078+0000] {processor.py:186} INFO - Started process (PID=1065) to work on /home/airflow/.local/lib/python3.10/site-packages/airflow/example_dags/example_short_circuit_operator.py
[2025-01-29T15:02:31.078+0000] {processor.py:914} INFO - Processing file /home/airflow/.local/lib/python3.10/site-packages/airflow/example_dags/example_short_circuit_operator.py for tasks to queue
[2025-01-29T15:02:31.081+0000] {logging_mixin.py:190} INFO - [2025-01-29T15:02:31.080+0000] {dagbag.py:588} INFO - Filling up the DagBag from /home/airflow/.local/lib/python3.10/site-packages/airflow/example_dags/example_short_circuit_operator.py
[2025-01-29T15:02:31.088+0000] {processor.py:925} INFO - DAG(s) 'example_short_circuit_operator' retrieved from /home/airflow/.local/lib/python3.10/site-packages/airflow/example_dags/example_short_circuit_operator.py
[2025-01-29T15:02:31.108+0000] {logging_mixin.py:190} INFO - [2025-01-29T15:02:31.107+0000] {dag.py:3239} INFO - Sync 1 DAGs
[2025-01-29T15:02:31.120+0000] {logging_mixin.py:190} INFO - [2025-01-29T15:02:31.119+0000] {dag.py:4180} INFO - Setting next_dagrun for example_short_circuit_operator to None, run_after=None
[2025-01-29T15:02:31.134+0000] {processor.py:208} INFO - Processing /home/airflow/.local/lib/python3.10/site-packages/airflow/example_dags/example_short_circuit_operator.py took 0.062 seconds
[2025-01-29T15:03:01.277+0000] {processor.py:186} INFO - Started process (PID=1131) to work on /home/airflow/.local/lib/python3.10/site-packages/airflow/example_dags/example_short_circuit_operator.py
[2025-01-29T15:03:01.277+0000] {processor.py:914} INFO - Processing file /home/airflow/.local/lib/python3.10/site-packages/airflow/example_dags/example_short_circuit_operator.py for tasks to queue
[2025-01-29T15:03:01.280+0000] {logging_mixin.py:190} INFO - [2025-01-29T15:03:01.279+0000] {dagbag.py:588} INFO - Filling up the DagBag from /home/airflow/.local/lib/python3.10/site-packages/airflow/example_dags/example_short_circuit_operator.py
[2025-01-29T15:03:01.287+0000] {processor.py:925} INFO - DAG(s) 'example_short_circuit_operator' retrieved from /home/airflow/.local/lib/python3.10/site-packages/airflow/example_dags/example_short_circuit_operator.py
[2025-01-29T15:03:01.307+0000] {logging_mixin.py:190} INFO - [2025-01-29T15:03:01.307+0000] {dag.py:3239} INFO - Sync 1 DAGs
[2025-01-29T15:03:01.319+0000] {logging_mixin.py:190} INFO - [2025-01-29T15:03:01.319+0000] {dag.py:4180} INFO - Setting next_dagrun for example_short_circuit_operator to None, run_after=None
[2025-01-29T15:03:01.333+0000] {processor.py:208} INFO - Processing /home/airflow/.local/lib/python3.10/site-packages/airflow/example_dags/example_short_circuit_operator.py took 0.061 seconds
[2025-01-29T15:03:31.677+0000] {processor.py:186} INFO - Started process (PID=1197) to work on /home/airflow/.local/lib/python3.10/site-packages/airflow/example_dags/example_short_circuit_operator.py
[2025-01-29T15:03:31.678+0000] {processor.py:914} INFO - Processing file /home/airflow/.local/lib/python3.10/site-packages/airflow/example_dags/example_short_circuit_operator.py for tasks to queue
[2025-01-29T15:03:31.681+0000] {logging_mixin.py:190} INFO - [2025-01-29T15:03:31.681+0000] {dagbag.py:588} INFO - Filling up the DagBag from /home/airflow/.local/lib/python3.10/site-packages/airflow/example_dags/example_short_circuit_operator.py
[2025-01-29T15:03:31.688+0000] {processor.py:925} INFO - DAG(s) 'example_short_circuit_operator' retrieved from /home/airflow/.local/lib/python3.10/site-packages/airflow/example_dags/example_short_circuit_operator.py
[2025-01-29T15:03:31.708+0000] {logging_mixin.py:190} INFO - [2025-01-29T15:03:31.707+0000] {dag.py:3239} INFO - Sync 1 DAGs
[2025-01-29T15:03:31.720+0000] {logging_mixin.py:190} INFO - [2025-01-29T15:03:31.720+0000] {dag.py:4180} INFO - Setting next_dagrun for example_short_circuit_operator to None, run_after=None
[2025-01-29T15:03:31.733+0000] {processor.py:208} INFO - Processing /home/airflow/.local/lib/python3.10/site-packages/airflow/example_dags/example_short_circuit_operator.py took 0.061 seconds
[2025-01-29T15:04:01.820+0000] {processor.py:186} INFO - Started process (PID=1263) to work on /home/airflow/.local/lib/python3.10/site-packages/airflow/example_dags/example_short_circuit_operator.py
[2025-01-29T15:04:01.821+0000] {processor.py:914} INFO - Processing file /home/airflow/.local/lib/python3.10/site-packages/airflow/example_dags/example_short_circuit_operator.py for tasks to queue
[2025-01-29T15:04:01.823+0000] {logging_mixin.py:190} INFO - [2025-01-29T15:04:01.822+0000] {dagbag.py:588} INFO - Filling up the DagBag from /home/airflow/.local/lib/python3.10/site-packages/airflow/example_dags/example_short_circuit_operator.py
[2025-01-29T15:04:01.830+0000] {processor.py:925} INFO - DAG(s) 'example_short_circuit_operator' retrieved from /home/airflow/.local/lib/python3.10/site-packages/airflow/example_dags/example_short_circuit_operator.py
[2025-01-29T15:04:01.850+0000] {logging_mixin.py:190} INFO - [2025-01-29T15:04:01.850+0000] {dag.py:3239} INFO - Sync 1 DAGs
[2025-01-29T15:04:01.862+0000] {logging_mixin.py:190} INFO - [2025-01-29T15:04:01.862+0000] {dag.py:4180} INFO - Setting next_dagrun for example_short_circuit_operator to None, run_after=None
[2025-01-29T15:04:01.875+0000] {processor.py:208} INFO - Processing /home/airflow/.local/lib/python3.10/site-packages/airflow/example_dags/example_short_circuit_operator.py took 0.061 seconds
[2025-01-29T15:04:32.240+0000] {processor.py:186} INFO - Started process (PID=1329) to work on /home/airflow/.local/lib/python3.10/site-packages/airflow/example_dags/example_short_circuit_operator.py
[2025-01-29T15:04:32.241+0000] {processor.py:914} INFO - Processing file /home/airflow/.local/lib/python3.10/site-packages/airflow/example_dags/example_short_circuit_operator.py for tasks to queue
[2025-01-29T15:04:32.243+0000] {logging_mixin.py:190} INFO - [2025-01-29T15:04:32.243+0000] {dagbag.py:588} INFO - Filling up the DagBag from /home/airflow/.local/lib/python3.10/site-packages/airflow/example_dags/example_short_circuit_operator.py
[2025-01-29T15:04:32.250+0000] {processor.py:925} INFO - DAG(s) 'example_short_circuit_operator' retrieved from /home/airflow/.local/lib/python3.10/site-packages/airflow/example_dags/example_short_circuit_operator.py
[2025-01-29T15:04:32.270+0000] {logging_mixin.py:190} INFO - [2025-01-29T15:04:32.270+0000] {dag.py:3239} INFO - Sync 1 DAGs
[2025-01-29T15:04:32.282+0000] {logging_mixin.py:190} INFO - [2025-01-29T15:04:32.282+0000] {dag.py:4180} INFO - Setting next_dagrun for example_short_circuit_operator to None, run_after=None
[2025-01-29T15:04:32.297+0000] {processor.py:208} INFO - Processing /home/airflow/.local/lib/python3.10/site-packages/airflow/example_dags/example_short_circuit_operator.py took 0.062 seconds
[2025-01-29T15:05:02.626+0000] {processor.py:186} INFO - Started process (PID=1395) to work on /home/airflow/.local/lib/python3.10/site-packages/airflow/example_dags/example_short_circuit_operator.py
[2025-01-29T15:05:02.627+0000] {processor.py:914} INFO - Processing file /home/airflow/.local/lib/python3.10/site-packages/airflow/example_dags/example_short_circuit_operator.py for tasks to queue
[2025-01-29T15:05:02.629+0000] {logging_mixin.py:190} INFO - [2025-01-29T15:05:02.629+0000] {dagbag.py:588} INFO - Filling up the DagBag from /home/airflow/.local/lib/python3.10/site-packages/airflow/example_dags/example_short_circuit_operator.py
[2025-01-29T15:05:02.637+0000] {processor.py:925} INFO - DAG(s) 'example_short_circuit_operator' retrieved from /home/airflow/.local/lib/python3.10/site-packages/airflow/example_dags/example_short_circuit_operator.py
[2025-01-29T15:05:02.656+0000] {logging_mixin.py:190} INFO - [2025-01-29T15:05:02.656+0000] {dag.py:3239} INFO - Sync 1 DAGs
[2025-01-29T15:05:02.668+0000] {logging_mixin.py:190} INFO - [2025-01-29T15:05:02.668+0000] {dag.py:4180} INFO - Setting next_dagrun for example_short_circuit_operator to None, run_after=None
[2025-01-29T15:05:02.682+0000] {processor.py:208} INFO - Processing /home/airflow/.local/lib/python3.10/site-packages/airflow/example_dags/example_short_circuit_operator.py took 0.061 seconds
[2025-01-29T15:05:32.857+0000] {processor.py:186} INFO - Started process (PID=1461) to work on /home/airflow/.local/lib/python3.10/site-packages/airflow/example_dags/example_short_circuit_operator.py
[2025-01-29T15:05:32.858+0000] {processor.py:914} INFO - Processing file /home/airflow/.local/lib/python3.10/site-packages/airflow/example_dags/example_short_circuit_operator.py for tasks to queue
[2025-01-29T15:05:32.860+0000] {logging_mixin.py:190} INFO - [2025-01-29T15:05:32.860+0000] {dagbag.py:588} INFO - Filling up the DagBag from /home/airflow/.local/lib/python3.10/site-packages/airflow/example_dags/example_short_circuit_operator.py
[2025-01-29T15:05:32.867+0000] {processor.py:925} INFO - DAG(s) 'example_short_circuit_operator' retrieved from /home/airflow/.local/lib/python3.10/site-packages/airflow/example_dags/example_short_circuit_operator.py
[2025-01-29T15:05:32.887+0000] {logging_mixin.py:190} INFO - [2025-01-29T15:05:32.887+0000] {dag.py:3239} INFO - Sync 1 DAGs
[2025-01-29T15:05:32.899+0000] {logging_mixin.py:190} INFO - [2025-01-29T15:05:32.899+0000] {dag.py:4180} INFO - Setting next_dagrun for example_short_circuit_operator to None, run_after=None
[2025-01-29T15:05:32.913+0000] {processor.py:208} INFO - Processing /home/airflow/.local/lib/python3.10/site-packages/airflow/example_dags/example_short_circuit_operator.py took 0.061 seconds
[2025-01-29T15:06:03.230+0000] {processor.py:186} INFO - Started process (PID=1527) to work on /home/airflow/.local/lib/python3.10/site-packages/airflow/example_dags/example_short_circuit_operator.py
[2025-01-29T15:06:03.231+0000] {processor.py:914} INFO - Processing file /home/airflow/.local/lib/python3.10/site-packages/airflow/example_dags/example_short_circuit_operator.py for tasks to queue
[2025-01-29T15:06:03.233+0000] {logging_mixin.py:190} INFO - [2025-01-29T15:06:03.233+0000] {dagbag.py:588} INFO - Filling up the DagBag from /home/airflow/.local/lib/python3.10/site-packages/airflow/example_dags/example_short_circuit_operator.py
[2025-01-29T15:06:03.241+0000] {processor.py:925} INFO - DAG(s) 'example_short_circuit_operator' retrieved from /home/airflow/.local/lib/python3.10/site-packages/airflow/example_dags/example_short_circuit_operator.py
[2025-01-29T15:06:03.260+0000] {logging_mixin.py:190} INFO - [2025-01-29T15:06:03.260+0000] {dag.py:3239} INFO - Sync 1 DAGs
[2025-01-29T15:06:03.272+0000] {logging_mixin.py:190} INFO - [2025-01-29T15:06:03.272+0000] {dag.py:4180} INFO - Setting next_dagrun for example_short_circuit_operator to None, run_after=None
[2025-01-29T15:06:03.287+0000] {processor.py:208} INFO - Processing /home/airflow/.local/lib/python3.10/site-packages/airflow/example_dags/example_short_circuit_operator.py took 0.062 seconds
[2025-01-29T15:06:33.551+0000] {processor.py:186} INFO - Started process (PID=1593) to work on /home/airflow/.local/lib/python3.10/site-packages/airflow/example_dags/example_short_circuit_operator.py
[2025-01-29T15:06:33.551+0000] {processor.py:914} INFO - Processing file /home/airflow/.local/lib/python3.10/site-packages/airflow/example_dags/example_short_circuit_operator.py for tasks to queue
[2025-01-29T15:06:33.554+0000] {logging_mixin.py:190} INFO - [2025-01-29T15:06:33.553+0000] {dagbag.py:588} INFO - Filling up the DagBag from /home/airflow/.local/lib/python3.10/site-packages/airflow/example_dags/example_short_circuit_operator.py
[2025-01-29T15:06:33.561+0000] {processor.py:925} INFO - DAG(s) 'example_short_circuit_operator' retrieved from /home/airflow/.local/lib/python3.10/site-packages/airflow/example_dags/example_short_circuit_operator.py
[2025-01-29T15:06:33.581+0000] {logging_mixin.py:190} INFO - [2025-01-29T15:06:33.581+0000] {dag.py:3239} INFO - Sync 1 DAGs
[2025-01-29T15:06:33.593+0000] {logging_mixin.py:190} INFO - [2025-01-29T15:06:33.593+0000] {dag.py:4180} INFO - Setting next_dagrun for example_short_circuit_operator to None, run_after=None
[2025-01-29T15:06:33.608+0000] {processor.py:208} INFO - Processing /home/airflow/.local/lib/python3.10/site-packages/airflow/example_dags/example_short_circuit_operator.py took 0.063 seconds
[2025-01-29T15:07:03.883+0000] {processor.py:186} INFO - Started process (PID=1659) to work on /home/airflow/.local/lib/python3.10/site-packages/airflow/example_dags/example_short_circuit_operator.py
[2025-01-29T15:07:03.883+0000] {processor.py:914} INFO - Processing file /home/airflow/.local/lib/python3.10/site-packages/airflow/example_dags/example_short_circuit_operator.py for tasks to queue
[2025-01-29T15:07:03.886+0000] {logging_mixin.py:190} INFO - [2025-01-29T15:07:03.885+0000] {dagbag.py:588} INFO - Filling up the DagBag from /home/airflow/.local/lib/python3.10/site-packages/airflow/example_dags/example_short_circuit_operator.py
[2025-01-29T15:07:03.893+0000] {processor.py:925} INFO - DAG(s) 'example_short_circuit_operator' retrieved from /home/airflow/.local/lib/python3.10/site-packages/airflow/example_dags/example_short_circuit_operator.py
[2025-01-29T15:07:03.913+0000] {logging_mixin.py:190} INFO - [2025-01-29T15:07:03.913+0000] {dag.py:3239} INFO - Sync 1 DAGs
[2025-01-29T15:07:03.925+0000] {logging_mixin.py:190} INFO - [2025-01-29T15:07:03.924+0000] {dag.py:4180} INFO - Setting next_dagrun for example_short_circuit_operator to None, run_after=None
[2025-01-29T15:07:03.940+0000] {processor.py:208} INFO - Processing /home/airflow/.local/lib/python3.10/site-packages/airflow/example_dags/example_short_circuit_operator.py took 0.062 seconds
[2025-01-29T15:07:34.177+0000] {processor.py:186} INFO - Started process (PID=1725) to work on /home/airflow/.local/lib/python3.10/site-packages/airflow/example_dags/example_short_circuit_operator.py
[2025-01-29T15:07:34.178+0000] {processor.py:914} INFO - Processing file /home/airflow/.local/lib/python3.10/site-packages/airflow/example_dags/example_short_circuit_operator.py for tasks to queue
[2025-01-29T15:07:34.180+0000] {logging_mixin.py:190} INFO - [2025-01-29T15:07:34.180+0000] {dagbag.py:588} INFO - Filling up the DagBag from /home/airflow/.local/lib/python3.10/site-packages/airflow/example_dags/example_short_circuit_operator.py
[2025-01-29T15:07:34.188+0000] {processor.py:925} INFO - DAG(s) 'example_short_circuit_operator' retrieved from /home/airflow/.local/lib/python3.10/site-packages/airflow/example_dags/example_short_circuit_operator.py
[2025-01-29T15:07:34.208+0000] {logging_mixin.py:190} INFO - [2025-01-29T15:07:34.208+0000] {dag.py:3239} INFO - Sync 1 DAGs
[2025-01-29T15:07:34.220+0000] {logging_mixin.py:190} INFO - [2025-01-29T15:07:34.220+0000] {dag.py:4180} INFO - Setting next_dagrun for example_short_circuit_operator to None, run_after=None
[2025-01-29T15:07:34.235+0000] {processor.py:208} INFO - Processing /home/airflow/.local/lib/python3.10/site-packages/airflow/example_dags/example_short_circuit_operator.py took 0.063 seconds
[2025-01-29T15:08:05.021+0000] {processor.py:186} INFO - Started process (PID=1791) to work on /home/airflow/.local/lib/python3.10/site-packages/airflow/example_dags/example_short_circuit_operator.py
[2025-01-29T15:08:05.022+0000] {processor.py:914} INFO - Processing file /home/airflow/.local/lib/python3.10/site-packages/airflow/example_dags/example_short_circuit_operator.py for tasks to queue
[2025-01-29T15:08:05.024+0000] {logging_mixin.py:190} INFO - [2025-01-29T15:08:05.024+0000] {dagbag.py:588} INFO - Filling up the DagBag from /home/airflow/.local/lib/python3.10/site-packages/airflow/example_dags/example_short_circuit_operator.py
[2025-01-29T15:08:05.032+0000] {processor.py:925} INFO - DAG(s) 'example_short_circuit_operator' retrieved from /home/airflow/.local/lib/python3.10/site-packages/airflow/example_dags/example_short_circuit_operator.py
[2025-01-29T15:08:05.052+0000] {logging_mixin.py:190} INFO - [2025-01-29T15:08:05.052+0000] {dag.py:3239} INFO - Sync 1 DAGs
[2025-01-29T15:08:05.063+0000] {logging_mixin.py:190} INFO - [2025-01-29T15:08:05.063+0000] {dag.py:4180} INFO - Setting next_dagrun for example_short_circuit_operator to None, run_after=None
[2025-01-29T15:08:05.078+0000] {processor.py:208} INFO - Processing /home/airflow/.local/lib/python3.10/site-packages/airflow/example_dags/example_short_circuit_operator.py took 0.062 seconds
[2025-01-29T15:08:35.826+0000] {processor.py:186} INFO - Started process (PID=1856) to work on /home/airflow/.local/lib/python3.10/site-packages/airflow/example_dags/example_short_circuit_operator.py
[2025-01-29T15:08:35.827+0000] {processor.py:914} INFO - Processing file /home/airflow/.local/lib/python3.10/site-packages/airflow/example_dags/example_short_circuit_operator.py for tasks to queue
[2025-01-29T15:08:35.830+0000] {logging_mixin.py:190} INFO - [2025-01-29T15:08:35.829+0000] {dagbag.py:588} INFO - Filling up the DagBag from /home/airflow/.local/lib/python3.10/site-packages/airflow/example_dags/example_short_circuit_operator.py
[2025-01-29T15:08:35.837+0000] {processor.py:925} INFO - DAG(s) 'example_short_circuit_operator' retrieved from /home/airflow/.local/lib/python3.10/site-packages/airflow/example_dags/example_short_circuit_operator.py
[2025-01-29T15:08:35.858+0000] {logging_mixin.py:190} INFO - [2025-01-29T15:08:35.858+0000] {dag.py:3239} INFO - Sync 1 DAGs
[2025-01-29T15:08:35.872+0000] {logging_mixin.py:190} INFO - [2025-01-29T15:08:35.871+0000] {dag.py:4180} INFO - Setting next_dagrun for example_short_circuit_operator to None, run_after=None
[2025-01-29T15:08:35.887+0000] {processor.py:208} INFO - Processing /home/airflow/.local/lib/python3.10/site-packages/airflow/example_dags/example_short_circuit_operator.py took 0.066 seconds
[2025-01-29T15:09:06.081+0000] {processor.py:186} INFO - Started process (PID=1922) to work on /home/airflow/.local/lib/python3.10/site-packages/airflow/example_dags/example_short_circuit_operator.py
[2025-01-29T15:09:06.082+0000] {processor.py:914} INFO - Processing file /home/airflow/.local/lib/python3.10/site-packages/airflow/example_dags/example_short_circuit_operator.py for tasks to queue
[2025-01-29T15:09:06.085+0000] {logging_mixin.py:190} INFO - [2025-01-29T15:09:06.084+0000] {dagbag.py:588} INFO - Filling up the DagBag from /home/airflow/.local/lib/python3.10/site-packages/airflow/example_dags/example_short_circuit_operator.py
[2025-01-29T15:09:06.092+0000] {processor.py:925} INFO - DAG(s) 'example_short_circuit_operator' retrieved from /home/airflow/.local/lib/python3.10/site-packages/airflow/example_dags/example_short_circuit_operator.py
[2025-01-29T15:09:06.113+0000] {logging_mixin.py:190} INFO - [2025-01-29T15:09:06.113+0000] {dag.py:3239} INFO - Sync 1 DAGs
[2025-01-29T15:09:06.127+0000] {logging_mixin.py:190} INFO - [2025-01-29T15:09:06.126+0000] {dag.py:4180} INFO - Setting next_dagrun for example_short_circuit_operator to None, run_after=None
[2025-01-29T15:09:06.141+0000] {processor.py:208} INFO - Processing /home/airflow/.local/lib/python3.10/site-packages/airflow/example_dags/example_short_circuit_operator.py took 0.065 seconds
[2025-01-29T15:09:36.200+0000] {processor.py:186} INFO - Started process (PID=1988) to work on /home/airflow/.local/lib/python3.10/site-packages/airflow/example_dags/example_short_circuit_operator.py
[2025-01-29T15:09:36.201+0000] {processor.py:914} INFO - Processing file /home/airflow/.local/lib/python3.10/site-packages/airflow/example_dags/example_short_circuit_operator.py for tasks to queue
[2025-01-29T15:09:36.203+0000] {logging_mixin.py:190} INFO - [2025-01-29T15:09:36.203+0000] {dagbag.py:588} INFO - Filling up the DagBag from /home/airflow/.local/lib/python3.10/site-packages/airflow/example_dags/example_short_circuit_operator.py
[2025-01-29T15:09:36.211+0000] {processor.py:925} INFO - DAG(s) 'example_short_circuit_operator' retrieved from /home/airflow/.local/lib/python3.10/site-packages/airflow/example_dags/example_short_circuit_operator.py
[2025-01-29T15:09:36.230+0000] {logging_mixin.py:190} INFO - [2025-01-29T15:09:36.229+0000] {dag.py:3239} INFO - Sync 1 DAGs
[2025-01-29T15:09:36.243+0000] {logging_mixin.py:190} INFO - [2025-01-29T15:09:36.243+0000] {dag.py:4180} INFO - Setting next_dagrun for example_short_circuit_operator to None, run_after=None
[2025-01-29T15:09:36.259+0000] {processor.py:208} INFO - Processing /home/airflow/.local/lib/python3.10/site-packages/airflow/example_dags/example_short_circuit_operator.py took 0.064 seconds
[2025-01-29T15:10:06.858+0000] {processor.py:186} INFO - Started process (PID=2054) to work on /home/airflow/.local/lib/python3.10/site-packages/airflow/example_dags/example_short_circuit_operator.py
[2025-01-29T15:10:06.859+0000] {processor.py:914} INFO - Processing file /home/airflow/.local/lib/python3.10/site-packages/airflow/example_dags/example_short_circuit_operator.py for tasks to queue
[2025-01-29T15:10:06.861+0000] {logging_mixin.py:190} INFO - [2025-01-29T15:10:06.861+0000] {dagbag.py:588} INFO - Filling up the DagBag from /home/airflow/.local/lib/python3.10/site-packages/airflow/example_dags/example_short_circuit_operator.py
[2025-01-29T15:10:06.869+0000] {processor.py:925} INFO - DAG(s) 'example_short_circuit_operator' retrieved from /home/airflow/.local/lib/python3.10/site-packages/airflow/example_dags/example_short_circuit_operator.py
[2025-01-29T15:10:06.890+0000] {logging_mixin.py:190} INFO - [2025-01-29T15:10:06.889+0000] {dag.py:3239} INFO - Sync 1 DAGs
[2025-01-29T15:10:06.903+0000] {logging_mixin.py:190} INFO - [2025-01-29T15:10:06.902+0000] {dag.py:4180} INFO - Setting next_dagrun for example_short_circuit_operator to None, run_after=None
[2025-01-29T15:10:06.917+0000] {processor.py:208} INFO - Processing /home/airflow/.local/lib/python3.10/site-packages/airflow/example_dags/example_short_circuit_operator.py took 0.064 seconds
[2025-01-29T15:10:37.594+0000] {processor.py:186} INFO - Started process (PID=2120) to work on /home/airflow/.local/lib/python3.10/site-packages/airflow/example_dags/example_short_circuit_operator.py
[2025-01-29T15:10:37.595+0000] {processor.py:914} INFO - Processing file /home/airflow/.local/lib/python3.10/site-packages/airflow/example_dags/example_short_circuit_operator.py for tasks to queue
[2025-01-29T15:10:37.597+0000] {logging_mixin.py:190} INFO - [2025-01-29T15:10:37.597+0000] {dagbag.py:588} INFO - Filling up the DagBag from /home/airflow/.local/lib/python3.10/site-packages/airflow/example_dags/example_short_circuit_operator.py
[2025-01-29T15:10:37.605+0000] {processor.py:925} INFO - DAG(s) 'example_short_circuit_operator' retrieved from /home/airflow/.local/lib/python3.10/site-packages/airflow/example_dags/example_short_circuit_operator.py
[2025-01-29T15:10:37.791+0000] {logging_mixin.py:190} INFO - [2025-01-29T15:10:37.791+0000] {dag.py:3239} INFO - Sync 1 DAGs
[2025-01-29T15:10:37.803+0000] {logging_mixin.py:190} INFO - [2025-01-29T15:10:37.803+0000] {dag.py:4180} INFO - Setting next_dagrun for example_short_circuit_operator to None, run_after=None
[2025-01-29T15:10:37.820+0000] {processor.py:208} INFO - Processing /home/airflow/.local/lib/python3.10/site-packages/airflow/example_dags/example_short_circuit_operator.py took 0.232 seconds
[2025-01-29T15:11:08.160+0000] {processor.py:186} INFO - Started process (PID=2186) to work on /home/airflow/.local/lib/python3.10/site-packages/airflow/example_dags/example_short_circuit_operator.py
[2025-01-29T15:11:08.161+0000] {processor.py:914} INFO - Processing file /home/airflow/.local/lib/python3.10/site-packages/airflow/example_dags/example_short_circuit_operator.py for tasks to queue
[2025-01-29T15:11:08.163+0000] {logging_mixin.py:190} INFO - [2025-01-29T15:11:08.163+0000] {dagbag.py:588} INFO - Filling up the DagBag from /home/airflow/.local/lib/python3.10/site-packages/airflow/example_dags/example_short_circuit_operator.py
[2025-01-29T15:11:08.170+0000] {processor.py:925} INFO - DAG(s) 'example_short_circuit_operator' retrieved from /home/airflow/.local/lib/python3.10/site-packages/airflow/example_dags/example_short_circuit_operator.py
[2025-01-29T15:11:08.191+0000] {logging_mixin.py:190} INFO - [2025-01-29T15:11:08.191+0000] {dag.py:3239} INFO - Sync 1 DAGs
[2025-01-29T15:11:08.369+0000] {logging_mixin.py:190} INFO - [2025-01-29T15:11:08.369+0000] {dag.py:4180} INFO - Setting next_dagrun for example_short_circuit_operator to None, run_after=None
[2025-01-29T15:11:08.384+0000] {processor.py:208} INFO - Processing /home/airflow/.local/lib/python3.10/site-packages/airflow/example_dags/example_short_circuit_operator.py took 0.229 seconds
[2025-01-29T15:11:38.731+0000] {processor.py:186} INFO - Started process (PID=2252) to work on /home/airflow/.local/lib/python3.10/site-packages/airflow/example_dags/example_short_circuit_operator.py
[2025-01-29T15:11:38.732+0000] {processor.py:914} INFO - Processing file /home/airflow/.local/lib/python3.10/site-packages/airflow/example_dags/example_short_circuit_operator.py for tasks to queue
[2025-01-29T15:11:38.735+0000] {logging_mixin.py:190} INFO - [2025-01-29T15:11:38.735+0000] {dagbag.py:588} INFO - Filling up the DagBag from /home/airflow/.local/lib/python3.10/site-packages/airflow/example_dags/example_short_circuit_operator.py
[2025-01-29T15:11:38.742+0000] {processor.py:925} INFO - DAG(s) 'example_short_circuit_operator' retrieved from /home/airflow/.local/lib/python3.10/site-packages/airflow/example_dags/example_short_circuit_operator.py
[2025-01-29T15:11:38.764+0000] {logging_mixin.py:190} INFO - [2025-01-29T15:11:38.764+0000] {dag.py:3239} INFO - Sync 1 DAGs
[2025-01-29T15:11:38.778+0000] {logging_mixin.py:190} INFO - [2025-01-29T15:11:38.777+0000] {dag.py:4180} INFO - Setting next_dagrun for example_short_circuit_operator to None, run_after=None
[2025-01-29T15:11:38.794+0000] {processor.py:208} INFO - Processing /home/airflow/.local/lib/python3.10/site-packages/airflow/example_dags/example_short_circuit_operator.py took 0.068 seconds
[2025-01-29T15:12:09.019+0000] {processor.py:186} INFO - Started process (PID=2318) to work on /home/airflow/.local/lib/python3.10/site-packages/airflow/example_dags/example_short_circuit_operator.py
[2025-01-29T15:12:09.020+0000] {processor.py:914} INFO - Processing file /home/airflow/.local/lib/python3.10/site-packages/airflow/example_dags/example_short_circuit_operator.py for tasks to queue
[2025-01-29T15:12:09.023+0000] {logging_mixin.py:190} INFO - [2025-01-29T15:12:09.023+0000] {dagbag.py:588} INFO - Filling up the DagBag from /home/airflow/.local/lib/python3.10/site-packages/airflow/example_dags/example_short_circuit_operator.py
[2025-01-29T15:12:09.032+0000] {processor.py:925} INFO - DAG(s) 'example_short_circuit_operator' retrieved from /home/airflow/.local/lib/python3.10/site-packages/airflow/example_dags/example_short_circuit_operator.py
[2025-01-29T15:12:09.055+0000] {logging_mixin.py:190} INFO - [2025-01-29T15:12:09.055+0000] {dag.py:3239} INFO - Sync 1 DAGs
[2025-01-29T15:12:09.069+0000] {logging_mixin.py:190} INFO - [2025-01-29T15:12:09.068+0000] {dag.py:4180} INFO - Setting next_dagrun for example_short_circuit_operator to None, run_after=None
[2025-01-29T15:12:09.084+0000] {processor.py:208} INFO - Processing /home/airflow/.local/lib/python3.10/site-packages/airflow/example_dags/example_short_circuit_operator.py took 0.071 seconds
[2025-01-29T15:12:39.337+0000] {processor.py:186} INFO - Started process (PID=2384) to work on /home/airflow/.local/lib/python3.10/site-packages/airflow/example_dags/example_short_circuit_operator.py
[2025-01-29T15:12:39.338+0000] {processor.py:914} INFO - Processing file /home/airflow/.local/lib/python3.10/site-packages/airflow/example_dags/example_short_circuit_operator.py for tasks to queue
[2025-01-29T15:12:39.340+0000] {logging_mixin.py:190} INFO - [2025-01-29T15:12:39.340+0000] {dagbag.py:588} INFO - Filling up the DagBag from /home/airflow/.local/lib/python3.10/site-packages/airflow/example_dags/example_short_circuit_operator.py
[2025-01-29T15:12:39.347+0000] {processor.py:925} INFO - DAG(s) 'example_short_circuit_operator' retrieved from /home/airflow/.local/lib/python3.10/site-packages/airflow/example_dags/example_short_circuit_operator.py
[2025-01-29T15:12:39.368+0000] {logging_mixin.py:190} INFO - [2025-01-29T15:12:39.368+0000] {dag.py:3239} INFO - Sync 1 DAGs
[2025-01-29T15:12:39.382+0000] {logging_mixin.py:190} INFO - [2025-01-29T15:12:39.381+0000] {dag.py:4180} INFO - Setting next_dagrun for example_short_circuit_operator to None, run_after=None
[2025-01-29T15:12:39.397+0000] {processor.py:208} INFO - Processing /home/airflow/.local/lib/python3.10/site-packages/airflow/example_dags/example_short_circuit_operator.py took 0.065 seconds
[2025-01-29T15:13:09.519+0000] {processor.py:186} INFO - Started process (PID=2450) to work on /home/airflow/.local/lib/python3.10/site-packages/airflow/example_dags/example_short_circuit_operator.py
[2025-01-29T15:13:09.520+0000] {processor.py:914} INFO - Processing file /home/airflow/.local/lib/python3.10/site-packages/airflow/example_dags/example_short_circuit_operator.py for tasks to queue
[2025-01-29T15:13:09.522+0000] {logging_mixin.py:190} INFO - [2025-01-29T15:13:09.522+0000] {dagbag.py:588} INFO - Filling up the DagBag from /home/airflow/.local/lib/python3.10/site-packages/airflow/example_dags/example_short_circuit_operator.py
[2025-01-29T15:13:09.530+0000] {processor.py:925} INFO - DAG(s) 'example_short_circuit_operator' retrieved from /home/airflow/.local/lib/python3.10/site-packages/airflow/example_dags/example_short_circuit_operator.py
[2025-01-29T15:13:09.550+0000] {logging_mixin.py:190} INFO - [2025-01-29T15:13:09.550+0000] {dag.py:3239} INFO - Sync 1 DAGs
[2025-01-29T15:13:09.564+0000] {logging_mixin.py:190} INFO - [2025-01-29T15:13:09.564+0000] {dag.py:4180} INFO - Setting next_dagrun for example_short_circuit_operator to None, run_after=None
[2025-01-29T15:13:09.580+0000] {processor.py:208} INFO - Processing /home/airflow/.local/lib/python3.10/site-packages/airflow/example_dags/example_short_circuit_operator.py took 0.067 seconds
[2025-01-29T15:13:39.716+0000] {processor.py:186} INFO - Started process (PID=2516) to work on /home/airflow/.local/lib/python3.10/site-packages/airflow/example_dags/example_short_circuit_operator.py
[2025-01-29T15:13:39.716+0000] {processor.py:914} INFO - Processing file /home/airflow/.local/lib/python3.10/site-packages/airflow/example_dags/example_short_circuit_operator.py for tasks to queue
[2025-01-29T15:13:39.719+0000] {logging_mixin.py:190} INFO - [2025-01-29T15:13:39.719+0000] {dagbag.py:588} INFO - Filling up the DagBag from /home/airflow/.local/lib/python3.10/site-packages/airflow/example_dags/example_short_circuit_operator.py
[2025-01-29T15:13:39.726+0000] {processor.py:925} INFO - DAG(s) 'example_short_circuit_operator' retrieved from /home/airflow/.local/lib/python3.10/site-packages/airflow/example_dags/example_short_circuit_operator.py
[2025-01-29T15:13:39.748+0000] {logging_mixin.py:190} INFO - [2025-01-29T15:13:39.748+0000] {dag.py:3239} INFO - Sync 1 DAGs
[2025-01-29T15:13:39.761+0000] {logging_mixin.py:190} INFO - [2025-01-29T15:13:39.761+0000] {dag.py:4180} INFO - Setting next_dagrun for example_short_circuit_operator to None, run_after=None
[2025-01-29T15:13:39.777+0000] {processor.py:208} INFO - Processing /home/airflow/.local/lib/python3.10/site-packages/airflow/example_dags/example_short_circuit_operator.py took 0.067 seconds
[2025-01-29T15:14:09.847+0000] {processor.py:186} INFO - Started process (PID=2582) to work on /home/airflow/.local/lib/python3.10/site-packages/airflow/example_dags/example_short_circuit_operator.py
[2025-01-29T15:14:09.848+0000] {processor.py:914} INFO - Processing file /home/airflow/.local/lib/python3.10/site-packages/airflow/example_dags/example_short_circuit_operator.py for tasks to queue
[2025-01-29T15:14:09.851+0000] {logging_mixin.py:190} INFO - [2025-01-29T15:14:09.850+0000] {dagbag.py:588} INFO - Filling up the DagBag from /home/airflow/.local/lib/python3.10/site-packages/airflow/example_dags/example_short_circuit_operator.py
[2025-01-29T15:14:09.857+0000] {processor.py:925} INFO - DAG(s) 'example_short_circuit_operator' retrieved from /home/airflow/.local/lib/python3.10/site-packages/airflow/example_dags/example_short_circuit_operator.py
[2025-01-29T15:14:09.877+0000] {logging_mixin.py:190} INFO - [2025-01-29T15:14:09.876+0000] {dag.py:3239} INFO - Sync 1 DAGs
[2025-01-29T15:14:09.890+0000] {logging_mixin.py:190} INFO - [2025-01-29T15:14:09.889+0000] {dag.py:4180} INFO - Setting next_dagrun for example_short_circuit_operator to None, run_after=None
[2025-01-29T15:14:09.904+0000] {processor.py:208} INFO - Processing /home/airflow/.local/lib/python3.10/site-packages/airflow/example_dags/example_short_circuit_operator.py took 0.062 seconds
[2025-01-29T15:14:40.261+0000] {processor.py:186} INFO - Started process (PID=2648) to work on /home/airflow/.local/lib/python3.10/site-packages/airflow/example_dags/example_short_circuit_operator.py
[2025-01-29T15:14:40.262+0000] {processor.py:914} INFO - Processing file /home/airflow/.local/lib/python3.10/site-packages/airflow/example_dags/example_short_circuit_operator.py for tasks to queue
[2025-01-29T15:14:40.264+0000] {logging_mixin.py:190} INFO - [2025-01-29T15:14:40.264+0000] {dagbag.py:588} INFO - Filling up the DagBag from /home/airflow/.local/lib/python3.10/site-packages/airflow/example_dags/example_short_circuit_operator.py
[2025-01-29T15:14:40.271+0000] {processor.py:925} INFO - DAG(s) 'example_short_circuit_operator' retrieved from /home/airflow/.local/lib/python3.10/site-packages/airflow/example_dags/example_short_circuit_operator.py
[2025-01-29T15:14:40.296+0000] {logging_mixin.py:190} INFO - [2025-01-29T15:14:40.296+0000] {dag.py:3239} INFO - Sync 1 DAGs
[2025-01-29T15:14:40.309+0000] {logging_mixin.py:190} INFO - [2025-01-29T15:14:40.309+0000] {dag.py:4180} INFO - Setting next_dagrun for example_short_circuit_operator to None, run_after=None
[2025-01-29T15:14:40.324+0000] {processor.py:208} INFO - Processing /home/airflow/.local/lib/python3.10/site-packages/airflow/example_dags/example_short_circuit_operator.py took 0.069 seconds
[2025-01-29T15:15:10.455+0000] {processor.py:186} INFO - Started process (PID=2714) to work on /home/airflow/.local/lib/python3.10/site-packages/airflow/example_dags/example_short_circuit_operator.py
[2025-01-29T15:15:10.455+0000] {processor.py:914} INFO - Processing file /home/airflow/.local/lib/python3.10/site-packages/airflow/example_dags/example_short_circuit_operator.py for tasks to queue
[2025-01-29T15:15:10.458+0000] {logging_mixin.py:190} INFO - [2025-01-29T15:15:10.457+0000] {dagbag.py:588} INFO - Filling up the DagBag from /home/airflow/.local/lib/python3.10/site-packages/airflow/example_dags/example_short_circuit_operator.py
[2025-01-29T15:15:10.465+0000] {processor.py:925} INFO - DAG(s) 'example_short_circuit_operator' retrieved from /home/airflow/.local/lib/python3.10/site-packages/airflow/example_dags/example_short_circuit_operator.py
[2025-01-29T15:15:10.486+0000] {logging_mixin.py:190} INFO - [2025-01-29T15:15:10.485+0000] {dag.py:3239} INFO - Sync 1 DAGs
[2025-01-29T15:15:10.498+0000] {logging_mixin.py:190} INFO - [2025-01-29T15:15:10.498+0000] {dag.py:4180} INFO - Setting next_dagrun for example_short_circuit_operator to None, run_after=None
[2025-01-29T15:15:10.514+0000] {processor.py:208} INFO - Processing /home/airflow/.local/lib/python3.10/site-packages/airflow/example_dags/example_short_circuit_operator.py took 0.065 seconds
[2025-01-29T15:15:40.559+0000] {processor.py:186} INFO - Started process (PID=2780) to work on /home/airflow/.local/lib/python3.10/site-packages/airflow/example_dags/example_short_circuit_operator.py
[2025-01-29T15:15:40.561+0000] {processor.py:914} INFO - Processing file /home/airflow/.local/lib/python3.10/site-packages/airflow/example_dags/example_short_circuit_operator.py for tasks to queue
[2025-01-29T15:15:40.564+0000] {logging_mixin.py:190} INFO - [2025-01-29T15:15:40.563+0000] {dagbag.py:588} INFO - Filling up the DagBag from /home/airflow/.local/lib/python3.10/site-packages/airflow/example_dags/example_short_circuit_operator.py
[2025-01-29T15:15:40.573+0000] {processor.py:925} INFO - DAG(s) 'example_short_circuit_operator' retrieved from /home/airflow/.local/lib/python3.10/site-packages/airflow/example_dags/example_short_circuit_operator.py
[2025-01-29T15:15:40.596+0000] {logging_mixin.py:190} INFO - [2025-01-29T15:15:40.596+0000] {dag.py:3239} INFO - Sync 1 DAGs
[2025-01-29T15:15:40.610+0000] {logging_mixin.py:190} INFO - [2025-01-29T15:15:40.609+0000] {dag.py:4180} INFO - Setting next_dagrun for example_short_circuit_operator to None, run_after=None
[2025-01-29T15:15:40.626+0000] {processor.py:208} INFO - Processing /home/airflow/.local/lib/python3.10/site-packages/airflow/example_dags/example_short_circuit_operator.py took 0.073 seconds
[2025-01-29T15:16:10.768+0000] {processor.py:186} INFO - Started process (PID=2846) to work on /home/airflow/.local/lib/python3.10/site-packages/airflow/example_dags/example_short_circuit_operator.py
[2025-01-29T15:16:10.769+0000] {processor.py:914} INFO - Processing file /home/airflow/.local/lib/python3.10/site-packages/airflow/example_dags/example_short_circuit_operator.py for tasks to queue
[2025-01-29T15:16:10.771+0000] {logging_mixin.py:190} INFO - [2025-01-29T15:16:10.771+0000] {dagbag.py:588} INFO - Filling up the DagBag from /home/airflow/.local/lib/python3.10/site-packages/airflow/example_dags/example_short_circuit_operator.py
[2025-01-29T15:16:10.779+0000] {processor.py:925} INFO - DAG(s) 'example_short_circuit_operator' retrieved from /home/airflow/.local/lib/python3.10/site-packages/airflow/example_dags/example_short_circuit_operator.py
[2025-01-29T15:16:10.800+0000] {logging_mixin.py:190} INFO - [2025-01-29T15:16:10.800+0000] {dag.py:3239} INFO - Sync 1 DAGs
[2025-01-29T15:16:10.813+0000] {logging_mixin.py:190} INFO - [2025-01-29T15:16:10.813+0000] {dag.py:4180} INFO - Setting next_dagrun for example_short_circuit_operator to None, run_after=None
[2025-01-29T15:16:10.829+0000] {processor.py:208} INFO - Processing /home/airflow/.local/lib/python3.10/site-packages/airflow/example_dags/example_short_circuit_operator.py took 0.067 seconds
[2025-01-29T15:16:40.975+0000] {processor.py:186} INFO - Started process (PID=2912) to work on /home/airflow/.local/lib/python3.10/site-packages/airflow/example_dags/example_short_circuit_operator.py
[2025-01-29T15:16:40.976+0000] {processor.py:914} INFO - Processing file /home/airflow/.local/lib/python3.10/site-packages/airflow/example_dags/example_short_circuit_operator.py for tasks to queue
[2025-01-29T15:16:40.978+0000] {logging_mixin.py:190} INFO - [2025-01-29T15:16:40.978+0000] {dagbag.py:588} INFO - Filling up the DagBag from /home/airflow/.local/lib/python3.10/site-packages/airflow/example_dags/example_short_circuit_operator.py
[2025-01-29T15:16:40.986+0000] {processor.py:925} INFO - DAG(s) 'example_short_circuit_operator' retrieved from /home/airflow/.local/lib/python3.10/site-packages/airflow/example_dags/example_short_circuit_operator.py
[2025-01-29T15:16:41.010+0000] {logging_mixin.py:190} INFO - [2025-01-29T15:16:41.010+0000] {dag.py:3239} INFO - Sync 1 DAGs
[2025-01-29T15:16:41.023+0000] {logging_mixin.py:190} INFO - [2025-01-29T15:16:41.023+0000] {dag.py:4180} INFO - Setting next_dagrun for example_short_circuit_operator to None, run_after=None
[2025-01-29T15:16:41.041+0000] {processor.py:208} INFO - Processing /home/airflow/.local/lib/python3.10/site-packages/airflow/example_dags/example_short_circuit_operator.py took 0.072 seconds
[2025-01-29T15:17:11.255+0000] {processor.py:186} INFO - Started process (PID=2978) to work on /home/airflow/.local/lib/python3.10/site-packages/airflow/example_dags/example_short_circuit_operator.py
[2025-01-29T15:17:11.255+0000] {processor.py:914} INFO - Processing file /home/airflow/.local/lib/python3.10/site-packages/airflow/example_dags/example_short_circuit_operator.py for tasks to queue
[2025-01-29T15:17:11.258+0000] {logging_mixin.py:190} INFO - [2025-01-29T15:17:11.257+0000] {dagbag.py:588} INFO - Filling up the DagBag from /home/airflow/.local/lib/python3.10/site-packages/airflow/example_dags/example_short_circuit_operator.py
[2025-01-29T15:17:11.265+0000] {processor.py:925} INFO - DAG(s) 'example_short_circuit_operator' retrieved from /home/airflow/.local/lib/python3.10/site-packages/airflow/example_dags/example_short_circuit_operator.py
[2025-01-29T15:17:11.284+0000] {logging_mixin.py:190} INFO - [2025-01-29T15:17:11.284+0000] {dag.py:3239} INFO - Sync 1 DAGs
[2025-01-29T15:17:11.297+0000] {logging_mixin.py:190} INFO - [2025-01-29T15:17:11.296+0000] {dag.py:4180} INFO - Setting next_dagrun for example_short_circuit_operator to None, run_after=None
[2025-01-29T15:17:11.311+0000] {processor.py:208} INFO - Processing /home/airflow/.local/lib/python3.10/site-packages/airflow/example_dags/example_short_circuit_operator.py took 0.062 seconds
[2025-01-29T15:17:41.484+0000] {processor.py:186} INFO - Started process (PID=3044) to work on /home/airflow/.local/lib/python3.10/site-packages/airflow/example_dags/example_short_circuit_operator.py
[2025-01-29T15:17:41.485+0000] {processor.py:914} INFO - Processing file /home/airflow/.local/lib/python3.10/site-packages/airflow/example_dags/example_short_circuit_operator.py for tasks to queue
[2025-01-29T15:17:41.487+0000] {logging_mixin.py:190} INFO - [2025-01-29T15:17:41.487+0000] {dagbag.py:588} INFO - Filling up the DagBag from /home/airflow/.local/lib/python3.10/site-packages/airflow/example_dags/example_short_circuit_operator.py
[2025-01-29T15:17:41.494+0000] {processor.py:925} INFO - DAG(s) 'example_short_circuit_operator' retrieved from /home/airflow/.local/lib/python3.10/site-packages/airflow/example_dags/example_short_circuit_operator.py
[2025-01-29T15:17:41.513+0000] {logging_mixin.py:190} INFO - [2025-01-29T15:17:41.513+0000] {dag.py:3239} INFO - Sync 1 DAGs
[2025-01-29T15:17:41.525+0000] {logging_mixin.py:190} INFO - [2025-01-29T15:17:41.525+0000] {dag.py:4180} INFO - Setting next_dagrun for example_short_circuit_operator to None, run_after=None
[2025-01-29T15:17:41.541+0000] {processor.py:208} INFO - Processing /home/airflow/.local/lib/python3.10/site-packages/airflow/example_dags/example_short_circuit_operator.py took 0.062 seconds
[2025-01-29T15:18:11.681+0000] {processor.py:186} INFO - Started process (PID=3110) to work on /home/airflow/.local/lib/python3.10/site-packages/airflow/example_dags/example_short_circuit_operator.py
[2025-01-29T15:18:11.682+0000] {processor.py:914} INFO - Processing file /home/airflow/.local/lib/python3.10/site-packages/airflow/example_dags/example_short_circuit_operator.py for tasks to queue
[2025-01-29T15:18:11.684+0000] {logging_mixin.py:190} INFO - [2025-01-29T15:18:11.684+0000] {dagbag.py:588} INFO - Filling up the DagBag from /home/airflow/.local/lib/python3.10/site-packages/airflow/example_dags/example_short_circuit_operator.py
[2025-01-29T15:18:11.692+0000] {processor.py:925} INFO - DAG(s) 'example_short_circuit_operator' retrieved from /home/airflow/.local/lib/python3.10/site-packages/airflow/example_dags/example_short_circuit_operator.py
[2025-01-29T15:18:11.713+0000] {logging_mixin.py:190} INFO - [2025-01-29T15:18:11.713+0000] {dag.py:3239} INFO - Sync 1 DAGs
[2025-01-29T15:18:11.728+0000] {logging_mixin.py:190} INFO - [2025-01-29T15:18:11.727+0000] {dag.py:4180} INFO - Setting next_dagrun for example_short_circuit_operator to None, run_after=None
[2025-01-29T15:18:11.748+0000] {processor.py:208} INFO - Processing /home/airflow/.local/lib/python3.10/site-packages/airflow/example_dags/example_short_circuit_operator.py took 0.072 seconds
