[2025-01-29T14:54:55.551+0000] {processor.py:186} INFO - Started process (PID=73) to work on /home/airflow/.local/lib/python3.10/site-packages/airflow/example_dags/example_short_circuit_decorator.py
[2025-01-29T14:54:55.556+0000] {processor.py:914} INFO - Processing file /home/airflow/.local/lib/python3.10/site-packages/airflow/example_dags/example_short_circuit_decorator.py for tasks to queue
[2025-01-29T14:54:55.565+0000] {logging_mixin.py:190} INFO - [2025-01-29T14:54:55.564+0000] {dagbag.py:588} INFO - Filling up the DagBag from /home/airflow/.local/lib/python3.10/site-packages/airflow/example_dags/example_short_circuit_decorator.py
[2025-01-29T14:54:55.602+0000] {processor.py:925} INFO - DAG(s) 'example_short_circuit_decorator' retrieved from /home/airflow/.local/lib/python3.10/site-packages/airflow/example_dags/example_short_circuit_decorator.py
[2025-01-29T14:54:55.671+0000] {logging_mixin.py:190} INFO - [2025-01-29T14:54:55.671+0000] {dag.py:3239} INFO - Sync 1 DAGs
[2025-01-29T14:54:55.706+0000] {logging_mixin.py:190} INFO - [2025-01-29T14:54:55.705+0000] {dag.py:4180} INFO - Setting next_dagrun for example_short_circuit_decorator to None, run_after=None
[2025-01-29T14:54:55.749+0000] {processor.py:208} INFO - Processing /home/airflow/.local/lib/python3.10/site-packages/airflow/example_dags/example_short_circuit_decorator.py took 0.210 seconds
[2025-01-29T14:55:26.719+0000] {processor.py:186} INFO - Started process (PID=139) to work on /home/airflow/.local/lib/python3.10/site-packages/airflow/example_dags/example_short_circuit_decorator.py
[2025-01-29T14:55:26.720+0000] {processor.py:914} INFO - Processing file /home/airflow/.local/lib/python3.10/site-packages/airflow/example_dags/example_short_circuit_decorator.py for tasks to queue
[2025-01-29T14:55:26.722+0000] {logging_mixin.py:190} INFO - [2025-01-29T14:55:26.722+0000] {dagbag.py:588} INFO - Filling up the DagBag from /home/airflow/.local/lib/python3.10/site-packages/airflow/example_dags/example_short_circuit_decorator.py
[2025-01-29T14:55:26.731+0000] {processor.py:925} INFO - DAG(s) 'example_short_circuit_decorator' retrieved from /home/airflow/.local/lib/python3.10/site-packages/airflow/example_dags/example_short_circuit_decorator.py
[2025-01-29T14:55:26.752+0000] {logging_mixin.py:190} INFO - [2025-01-29T14:55:26.752+0000] {dag.py:3239} INFO - Sync 1 DAGs
[2025-01-29T14:55:26.764+0000] {logging_mixin.py:190} INFO - [2025-01-29T14:55:26.764+0000] {dag.py:4180} INFO - Setting next_dagrun for example_short_circuit_decorator to None, run_after=None
[2025-01-29T14:55:26.781+0000] {processor.py:208} INFO - Processing /home/airflow/.local/lib/python3.10/site-packages/airflow/example_dags/example_short_circuit_decorator.py took 0.067 seconds
[2025-01-29T14:55:57.358+0000] {processor.py:186} INFO - Started process (PID=205) to work on /home/airflow/.local/lib/python3.10/site-packages/airflow/example_dags/example_short_circuit_decorator.py
[2025-01-29T14:55:57.359+0000] {processor.py:914} INFO - Processing file /home/airflow/.local/lib/python3.10/site-packages/airflow/example_dags/example_short_circuit_decorator.py for tasks to queue
[2025-01-29T14:55:57.362+0000] {logging_mixin.py:190} INFO - [2025-01-29T14:55:57.362+0000] {dagbag.py:588} INFO - Filling up the DagBag from /home/airflow/.local/lib/python3.10/site-packages/airflow/example_dags/example_short_circuit_decorator.py
[2025-01-29T14:55:57.376+0000] {processor.py:925} INFO - DAG(s) 'example_short_circuit_decorator' retrieved from /home/airflow/.local/lib/python3.10/site-packages/airflow/example_dags/example_short_circuit_decorator.py
[2025-01-29T14:55:57.400+0000] {logging_mixin.py:190} INFO - [2025-01-29T14:55:57.400+0000] {dag.py:3239} INFO - Sync 1 DAGs
[2025-01-29T14:55:57.420+0000] {logging_mixin.py:190} INFO - [2025-01-29T14:55:57.419+0000] {dag.py:4180} INFO - Setting next_dagrun for example_short_circuit_decorator to None, run_after=None
[2025-01-29T14:55:57.440+0000] {processor.py:208} INFO - Processing /home/airflow/.local/lib/python3.10/site-packages/airflow/example_dags/example_short_circuit_decorator.py took 0.089 seconds
[2025-01-29T14:56:27.502+0000] {processor.py:186} INFO - Started process (PID=271) to work on /home/airflow/.local/lib/python3.10/site-packages/airflow/example_dags/example_short_circuit_decorator.py
[2025-01-29T14:56:27.503+0000] {processor.py:914} INFO - Processing file /home/airflow/.local/lib/python3.10/site-packages/airflow/example_dags/example_short_circuit_decorator.py for tasks to queue
[2025-01-29T14:56:27.505+0000] {logging_mixin.py:190} INFO - [2025-01-29T14:56:27.505+0000] {dagbag.py:588} INFO - Filling up the DagBag from /home/airflow/.local/lib/python3.10/site-packages/airflow/example_dags/example_short_circuit_decorator.py
[2025-01-29T14:56:27.515+0000] {processor.py:925} INFO - DAG(s) 'example_short_circuit_decorator' retrieved from /home/airflow/.local/lib/python3.10/site-packages/airflow/example_dags/example_short_circuit_decorator.py
[2025-01-29T14:56:27.538+0000] {logging_mixin.py:190} INFO - [2025-01-29T14:56:27.538+0000] {dag.py:3239} INFO - Sync 1 DAGs
[2025-01-29T14:56:27.552+0000] {logging_mixin.py:190} INFO - [2025-01-29T14:56:27.551+0000] {dag.py:4180} INFO - Setting next_dagrun for example_short_circuit_decorator to None, run_after=None
[2025-01-29T14:56:27.569+0000] {processor.py:208} INFO - Processing /home/airflow/.local/lib/python3.10/site-packages/airflow/example_dags/example_short_circuit_decorator.py took 0.072 seconds
[2025-01-29T14:56:57.804+0000] {processor.py:186} INFO - Started process (PID=337) to work on /home/airflow/.local/lib/python3.10/site-packages/airflow/example_dags/example_short_circuit_decorator.py
[2025-01-29T14:56:57.804+0000] {processor.py:914} INFO - Processing file /home/airflow/.local/lib/python3.10/site-packages/airflow/example_dags/example_short_circuit_decorator.py for tasks to queue
[2025-01-29T14:56:57.807+0000] {logging_mixin.py:190} INFO - [2025-01-29T14:56:57.807+0000] {dagbag.py:588} INFO - Filling up the DagBag from /home/airflow/.local/lib/python3.10/site-packages/airflow/example_dags/example_short_circuit_decorator.py
[2025-01-29T14:56:57.817+0000] {processor.py:925} INFO - DAG(s) 'example_short_circuit_decorator' retrieved from /home/airflow/.local/lib/python3.10/site-packages/airflow/example_dags/example_short_circuit_decorator.py
[2025-01-29T14:56:57.838+0000] {logging_mixin.py:190} INFO - [2025-01-29T14:56:57.838+0000] {dag.py:3239} INFO - Sync 1 DAGs
[2025-01-29T14:56:57.850+0000] {logging_mixin.py:190} INFO - [2025-01-29T14:56:57.850+0000] {dag.py:4180} INFO - Setting next_dagrun for example_short_circuit_decorator to None, run_after=None
[2025-01-29T14:56:57.865+0000] {processor.py:208} INFO - Processing /home/airflow/.local/lib/python3.10/site-packages/airflow/example_dags/example_short_circuit_decorator.py took 0.068 seconds
[2025-01-29T14:57:28.392+0000] {processor.py:186} INFO - Started process (PID=403) to work on /home/airflow/.local/lib/python3.10/site-packages/airflow/example_dags/example_short_circuit_decorator.py
[2025-01-29T14:57:28.393+0000] {processor.py:914} INFO - Processing file /home/airflow/.local/lib/python3.10/site-packages/airflow/example_dags/example_short_circuit_decorator.py for tasks to queue
[2025-01-29T14:57:28.395+0000] {logging_mixin.py:190} INFO - [2025-01-29T14:57:28.395+0000] {dagbag.py:588} INFO - Filling up the DagBag from /home/airflow/.local/lib/python3.10/site-packages/airflow/example_dags/example_short_circuit_decorator.py
[2025-01-29T14:57:28.404+0000] {processor.py:925} INFO - DAG(s) 'example_short_circuit_decorator' retrieved from /home/airflow/.local/lib/python3.10/site-packages/airflow/example_dags/example_short_circuit_decorator.py
[2025-01-29T14:57:28.424+0000] {logging_mixin.py:190} INFO - [2025-01-29T14:57:28.424+0000] {dag.py:3239} INFO - Sync 1 DAGs
[2025-01-29T14:57:28.437+0000] {logging_mixin.py:190} INFO - [2025-01-29T14:57:28.436+0000] {dag.py:4180} INFO - Setting next_dagrun for example_short_circuit_decorator to None, run_after=None
[2025-01-29T14:57:28.452+0000] {processor.py:208} INFO - Processing /home/airflow/.local/lib/python3.10/site-packages/airflow/example_dags/example_short_circuit_decorator.py took 0.065 seconds
[2025-01-29T14:57:58.549+0000] {processor.py:186} INFO - Started process (PID=469) to work on /home/airflow/.local/lib/python3.10/site-packages/airflow/example_dags/example_short_circuit_decorator.py
[2025-01-29T14:57:58.550+0000] {processor.py:914} INFO - Processing file /home/airflow/.local/lib/python3.10/site-packages/airflow/example_dags/example_short_circuit_decorator.py for tasks to queue
[2025-01-29T14:57:58.553+0000] {logging_mixin.py:190} INFO - [2025-01-29T14:57:58.553+0000] {dagbag.py:588} INFO - Filling up the DagBag from /home/airflow/.local/lib/python3.10/site-packages/airflow/example_dags/example_short_circuit_decorator.py
[2025-01-29T14:57:58.563+0000] {processor.py:925} INFO - DAG(s) 'example_short_circuit_decorator' retrieved from /home/airflow/.local/lib/python3.10/site-packages/airflow/example_dags/example_short_circuit_decorator.py
[2025-01-29T14:57:58.587+0000] {logging_mixin.py:190} INFO - [2025-01-29T14:57:58.587+0000] {dag.py:3239} INFO - Sync 1 DAGs
[2025-01-29T14:57:58.605+0000] {logging_mixin.py:190} INFO - [2025-01-29T14:57:58.605+0000] {dag.py:4180} INFO - Setting next_dagrun for example_short_circuit_decorator to None, run_after=None
[2025-01-29T14:57:58.631+0000] {processor.py:208} INFO - Processing /home/airflow/.local/lib/python3.10/site-packages/airflow/example_dags/example_short_circuit_decorator.py took 0.089 seconds
[2025-01-29T14:58:28.945+0000] {processor.py:186} INFO - Started process (PID=535) to work on /home/airflow/.local/lib/python3.10/site-packages/airflow/example_dags/example_short_circuit_decorator.py
[2025-01-29T14:58:28.946+0000] {processor.py:914} INFO - Processing file /home/airflow/.local/lib/python3.10/site-packages/airflow/example_dags/example_short_circuit_decorator.py for tasks to queue
[2025-01-29T14:58:28.949+0000] {logging_mixin.py:190} INFO - [2025-01-29T14:58:28.949+0000] {dagbag.py:588} INFO - Filling up the DagBag from /home/airflow/.local/lib/python3.10/site-packages/airflow/example_dags/example_short_circuit_decorator.py
[2025-01-29T14:58:28.959+0000] {processor.py:925} INFO - DAG(s) 'example_short_circuit_decorator' retrieved from /home/airflow/.local/lib/python3.10/site-packages/airflow/example_dags/example_short_circuit_decorator.py
[2025-01-29T14:58:28.982+0000] {logging_mixin.py:190} INFO - [2025-01-29T14:58:28.982+0000] {dag.py:3239} INFO - Sync 1 DAGs
[2025-01-29T14:58:28.998+0000] {logging_mixin.py:190} INFO - [2025-01-29T14:58:28.997+0000] {dag.py:4180} INFO - Setting next_dagrun for example_short_circuit_decorator to None, run_after=None
[2025-01-29T14:58:29.015+0000] {processor.py:208} INFO - Processing /home/airflow/.local/lib/python3.10/site-packages/airflow/example_dags/example_short_circuit_decorator.py took 0.076 seconds
[2025-01-29T14:58:59.479+0000] {processor.py:186} INFO - Started process (PID=601) to work on /home/airflow/.local/lib/python3.10/site-packages/airflow/example_dags/example_short_circuit_decorator.py
[2025-01-29T14:58:59.479+0000] {processor.py:914} INFO - Processing file /home/airflow/.local/lib/python3.10/site-packages/airflow/example_dags/example_short_circuit_decorator.py for tasks to queue
[2025-01-29T14:58:59.481+0000] {logging_mixin.py:190} INFO - [2025-01-29T14:58:59.481+0000] {dagbag.py:588} INFO - Filling up the DagBag from /home/airflow/.local/lib/python3.10/site-packages/airflow/example_dags/example_short_circuit_decorator.py
[2025-01-29T14:58:59.491+0000] {processor.py:925} INFO - DAG(s) 'example_short_circuit_decorator' retrieved from /home/airflow/.local/lib/python3.10/site-packages/airflow/example_dags/example_short_circuit_decorator.py
[2025-01-29T14:58:59.511+0000] {logging_mixin.py:190} INFO - [2025-01-29T14:58:59.510+0000] {dag.py:3239} INFO - Sync 1 DAGs
[2025-01-29T14:58:59.523+0000] {logging_mixin.py:190} INFO - [2025-01-29T14:58:59.523+0000] {dag.py:4180} INFO - Setting next_dagrun for example_short_circuit_decorator to None, run_after=None
[2025-01-29T14:58:59.538+0000] {processor.py:208} INFO - Processing /home/airflow/.local/lib/python3.10/site-packages/airflow/example_dags/example_short_circuit_decorator.py took 0.064 seconds
[2025-01-29T14:59:29.621+0000] {processor.py:186} INFO - Started process (PID=667) to work on /home/airflow/.local/lib/python3.10/site-packages/airflow/example_dags/example_short_circuit_decorator.py
[2025-01-29T14:59:29.622+0000] {processor.py:914} INFO - Processing file /home/airflow/.local/lib/python3.10/site-packages/airflow/example_dags/example_short_circuit_decorator.py for tasks to queue
[2025-01-29T14:59:29.624+0000] {logging_mixin.py:190} INFO - [2025-01-29T14:59:29.624+0000] {dagbag.py:588} INFO - Filling up the DagBag from /home/airflow/.local/lib/python3.10/site-packages/airflow/example_dags/example_short_circuit_decorator.py
[2025-01-29T14:59:29.632+0000] {processor.py:925} INFO - DAG(s) 'example_short_circuit_decorator' retrieved from /home/airflow/.local/lib/python3.10/site-packages/airflow/example_dags/example_short_circuit_decorator.py
[2025-01-29T14:59:29.652+0000] {logging_mixin.py:190} INFO - [2025-01-29T14:59:29.652+0000] {dag.py:3239} INFO - Sync 1 DAGs
[2025-01-29T14:59:29.664+0000] {logging_mixin.py:190} INFO - [2025-01-29T14:59:29.664+0000] {dag.py:4180} INFO - Setting next_dagrun for example_short_circuit_decorator to None, run_after=None
[2025-01-29T14:59:29.679+0000] {processor.py:208} INFO - Processing /home/airflow/.local/lib/python3.10/site-packages/airflow/example_dags/example_short_circuit_decorator.py took 0.063 seconds
[2025-01-29T14:59:59.921+0000] {processor.py:186} INFO - Started process (PID=733) to work on /home/airflow/.local/lib/python3.10/site-packages/airflow/example_dags/example_short_circuit_decorator.py
[2025-01-29T14:59:59.922+0000] {processor.py:914} INFO - Processing file /home/airflow/.local/lib/python3.10/site-packages/airflow/example_dags/example_short_circuit_decorator.py for tasks to queue
[2025-01-29T14:59:59.924+0000] {logging_mixin.py:190} INFO - [2025-01-29T14:59:59.924+0000] {dagbag.py:588} INFO - Filling up the DagBag from /home/airflow/.local/lib/python3.10/site-packages/airflow/example_dags/example_short_circuit_decorator.py
[2025-01-29T14:59:59.933+0000] {processor.py:925} INFO - DAG(s) 'example_short_circuit_decorator' retrieved from /home/airflow/.local/lib/python3.10/site-packages/airflow/example_dags/example_short_circuit_decorator.py
[2025-01-29T14:59:59.954+0000] {logging_mixin.py:190} INFO - [2025-01-29T14:59:59.954+0000] {dag.py:3239} INFO - Sync 1 DAGs
[2025-01-29T14:59:59.967+0000] {logging_mixin.py:190} INFO - [2025-01-29T14:59:59.967+0000] {dag.py:4180} INFO - Setting next_dagrun for example_short_circuit_decorator to None, run_after=None
[2025-01-29T14:59:59.982+0000] {processor.py:208} INFO - Processing /home/airflow/.local/lib/python3.10/site-packages/airflow/example_dags/example_short_circuit_decorator.py took 0.066 seconds
[2025-01-29T15:00:30.117+0000] {processor.py:186} INFO - Started process (PID=799) to work on /home/airflow/.local/lib/python3.10/site-packages/airflow/example_dags/example_short_circuit_decorator.py
[2025-01-29T15:00:30.118+0000] {processor.py:914} INFO - Processing file /home/airflow/.local/lib/python3.10/site-packages/airflow/example_dags/example_short_circuit_decorator.py for tasks to queue
[2025-01-29T15:00:30.120+0000] {logging_mixin.py:190} INFO - [2025-01-29T15:00:30.120+0000] {dagbag.py:588} INFO - Filling up the DagBag from /home/airflow/.local/lib/python3.10/site-packages/airflow/example_dags/example_short_circuit_decorator.py
[2025-01-29T15:00:30.129+0000] {processor.py:925} INFO - DAG(s) 'example_short_circuit_decorator' retrieved from /home/airflow/.local/lib/python3.10/site-packages/airflow/example_dags/example_short_circuit_decorator.py
[2025-01-29T15:00:30.153+0000] {logging_mixin.py:190} INFO - [2025-01-29T15:00:30.153+0000] {dag.py:3239} INFO - Sync 1 DAGs
[2025-01-29T15:00:30.166+0000] {logging_mixin.py:190} INFO - [2025-01-29T15:00:30.166+0000] {dag.py:4180} INFO - Setting next_dagrun for example_short_circuit_decorator to None, run_after=None
[2025-01-29T15:00:30.183+0000] {processor.py:208} INFO - Processing /home/airflow/.local/lib/python3.10/site-packages/airflow/example_dags/example_short_circuit_decorator.py took 0.072 seconds
[2025-01-29T15:01:00.244+0000] {processor.py:186} INFO - Started process (PID=865) to work on /home/airflow/.local/lib/python3.10/site-packages/airflow/example_dags/example_short_circuit_decorator.py
[2025-01-29T15:01:00.245+0000] {processor.py:914} INFO - Processing file /home/airflow/.local/lib/python3.10/site-packages/airflow/example_dags/example_short_circuit_decorator.py for tasks to queue
[2025-01-29T15:01:00.248+0000] {logging_mixin.py:190} INFO - [2025-01-29T15:01:00.248+0000] {dagbag.py:588} INFO - Filling up the DagBag from /home/airflow/.local/lib/python3.10/site-packages/airflow/example_dags/example_short_circuit_decorator.py
[2025-01-29T15:01:00.258+0000] {processor.py:925} INFO - DAG(s) 'example_short_circuit_decorator' retrieved from /home/airflow/.local/lib/python3.10/site-packages/airflow/example_dags/example_short_circuit_decorator.py
[2025-01-29T15:01:00.280+0000] {logging_mixin.py:190} INFO - [2025-01-29T15:01:00.280+0000] {dag.py:3239} INFO - Sync 1 DAGs
[2025-01-29T15:01:00.294+0000] {logging_mixin.py:190} INFO - [2025-01-29T15:01:00.294+0000] {dag.py:4180} INFO - Setting next_dagrun for example_short_circuit_decorator to None, run_after=None
[2025-01-29T15:01:00.315+0000] {processor.py:208} INFO - Processing /home/airflow/.local/lib/python3.10/site-packages/airflow/example_dags/example_short_circuit_decorator.py took 0.077 seconds
[2025-01-29T15:01:30.419+0000] {processor.py:186} INFO - Started process (PID=931) to work on /home/airflow/.local/lib/python3.10/site-packages/airflow/example_dags/example_short_circuit_decorator.py
[2025-01-29T15:01:30.420+0000] {processor.py:914} INFO - Processing file /home/airflow/.local/lib/python3.10/site-packages/airflow/example_dags/example_short_circuit_decorator.py for tasks to queue
[2025-01-29T15:01:30.422+0000] {logging_mixin.py:190} INFO - [2025-01-29T15:01:30.422+0000] {dagbag.py:588} INFO - Filling up the DagBag from /home/airflow/.local/lib/python3.10/site-packages/airflow/example_dags/example_short_circuit_decorator.py
[2025-01-29T15:01:30.430+0000] {processor.py:925} INFO - DAG(s) 'example_short_circuit_decorator' retrieved from /home/airflow/.local/lib/python3.10/site-packages/airflow/example_dags/example_short_circuit_decorator.py
[2025-01-29T15:01:30.451+0000] {logging_mixin.py:190} INFO - [2025-01-29T15:01:30.451+0000] {dag.py:3239} INFO - Sync 1 DAGs
[2025-01-29T15:01:30.465+0000] {logging_mixin.py:190} INFO - [2025-01-29T15:01:30.465+0000] {dag.py:4180} INFO - Setting next_dagrun for example_short_circuit_decorator to None, run_after=None
[2025-01-29T15:01:30.486+0000] {processor.py:208} INFO - Processing /home/airflow/.local/lib/python3.10/site-packages/airflow/example_dags/example_short_circuit_decorator.py took 0.072 seconds
[2025-01-29T15:02:00.760+0000] {processor.py:186} INFO - Started process (PID=997) to work on /home/airflow/.local/lib/python3.10/site-packages/airflow/example_dags/example_short_circuit_decorator.py
[2025-01-29T15:02:00.761+0000] {processor.py:914} INFO - Processing file /home/airflow/.local/lib/python3.10/site-packages/airflow/example_dags/example_short_circuit_decorator.py for tasks to queue
[2025-01-29T15:02:00.764+0000] {logging_mixin.py:190} INFO - [2025-01-29T15:02:00.763+0000] {dagbag.py:588} INFO - Filling up the DagBag from /home/airflow/.local/lib/python3.10/site-packages/airflow/example_dags/example_short_circuit_decorator.py
[2025-01-29T15:02:00.773+0000] {processor.py:925} INFO - DAG(s) 'example_short_circuit_decorator' retrieved from /home/airflow/.local/lib/python3.10/site-packages/airflow/example_dags/example_short_circuit_decorator.py
[2025-01-29T15:02:00.795+0000] {logging_mixin.py:190} INFO - [2025-01-29T15:02:00.795+0000] {dag.py:3239} INFO - Sync 1 DAGs
[2025-01-29T15:02:00.808+0000] {logging_mixin.py:190} INFO - [2025-01-29T15:02:00.808+0000] {dag.py:4180} INFO - Setting next_dagrun for example_short_circuit_decorator to None, run_after=None
[2025-01-29T15:02:00.826+0000] {processor.py:208} INFO - Processing /home/airflow/.local/lib/python3.10/site-packages/airflow/example_dags/example_short_circuit_decorator.py took 0.072 seconds
[2025-01-29T15:02:30.980+0000] {processor.py:186} INFO - Started process (PID=1063) to work on /home/airflow/.local/lib/python3.10/site-packages/airflow/example_dags/example_short_circuit_decorator.py
[2025-01-29T15:02:30.980+0000] {processor.py:914} INFO - Processing file /home/airflow/.local/lib/python3.10/site-packages/airflow/example_dags/example_short_circuit_decorator.py for tasks to queue
[2025-01-29T15:02:30.983+0000] {logging_mixin.py:190} INFO - [2025-01-29T15:02:30.983+0000] {dagbag.py:588} INFO - Filling up the DagBag from /home/airflow/.local/lib/python3.10/site-packages/airflow/example_dags/example_short_circuit_decorator.py
[2025-01-29T15:02:30.992+0000] {processor.py:925} INFO - DAG(s) 'example_short_circuit_decorator' retrieved from /home/airflow/.local/lib/python3.10/site-packages/airflow/example_dags/example_short_circuit_decorator.py
[2025-01-29T15:02:31.013+0000] {logging_mixin.py:190} INFO - [2025-01-29T15:02:31.013+0000] {dag.py:3239} INFO - Sync 1 DAGs
[2025-01-29T15:02:31.026+0000] {logging_mixin.py:190} INFO - [2025-01-29T15:02:31.026+0000] {dag.py:4180} INFO - Setting next_dagrun for example_short_circuit_decorator to None, run_after=None
[2025-01-29T15:02:31.044+0000] {processor.py:208} INFO - Processing /home/airflow/.local/lib/python3.10/site-packages/airflow/example_dags/example_short_circuit_decorator.py took 0.069 seconds
[2025-01-29T15:03:01.178+0000] {processor.py:186} INFO - Started process (PID=1129) to work on /home/airflow/.local/lib/python3.10/site-packages/airflow/example_dags/example_short_circuit_decorator.py
[2025-01-29T15:03:01.179+0000] {processor.py:914} INFO - Processing file /home/airflow/.local/lib/python3.10/site-packages/airflow/example_dags/example_short_circuit_decorator.py for tasks to queue
[2025-01-29T15:03:01.181+0000] {logging_mixin.py:190} INFO - [2025-01-29T15:03:01.181+0000] {dagbag.py:588} INFO - Filling up the DagBag from /home/airflow/.local/lib/python3.10/site-packages/airflow/example_dags/example_short_circuit_decorator.py
[2025-01-29T15:03:01.189+0000] {processor.py:925} INFO - DAG(s) 'example_short_circuit_decorator' retrieved from /home/airflow/.local/lib/python3.10/site-packages/airflow/example_dags/example_short_circuit_decorator.py
[2025-01-29T15:03:01.209+0000] {logging_mixin.py:190} INFO - [2025-01-29T15:03:01.209+0000] {dag.py:3239} INFO - Sync 1 DAGs
[2025-01-29T15:03:01.222+0000] {logging_mixin.py:190} INFO - [2025-01-29T15:03:01.222+0000] {dag.py:4180} INFO - Setting next_dagrun for example_short_circuit_decorator to None, run_after=None
[2025-01-29T15:03:01.243+0000] {processor.py:208} INFO - Processing /home/airflow/.local/lib/python3.10/site-packages/airflow/example_dags/example_short_circuit_decorator.py took 0.070 seconds
[2025-01-29T15:03:31.581+0000] {processor.py:186} INFO - Started process (PID=1195) to work on /home/airflow/.local/lib/python3.10/site-packages/airflow/example_dags/example_short_circuit_decorator.py
[2025-01-29T15:03:31.581+0000] {processor.py:914} INFO - Processing file /home/airflow/.local/lib/python3.10/site-packages/airflow/example_dags/example_short_circuit_decorator.py for tasks to queue
[2025-01-29T15:03:31.584+0000] {logging_mixin.py:190} INFO - [2025-01-29T15:03:31.584+0000] {dagbag.py:588} INFO - Filling up the DagBag from /home/airflow/.local/lib/python3.10/site-packages/airflow/example_dags/example_short_circuit_decorator.py
[2025-01-29T15:03:31.593+0000] {processor.py:925} INFO - DAG(s) 'example_short_circuit_decorator' retrieved from /home/airflow/.local/lib/python3.10/site-packages/airflow/example_dags/example_short_circuit_decorator.py
[2025-01-29T15:03:31.611+0000] {logging_mixin.py:190} INFO - [2025-01-29T15:03:31.611+0000] {dag.py:3239} INFO - Sync 1 DAGs
[2025-01-29T15:03:31.623+0000] {logging_mixin.py:190} INFO - [2025-01-29T15:03:31.623+0000] {dag.py:4180} INFO - Setting next_dagrun for example_short_circuit_decorator to None, run_after=None
[2025-01-29T15:03:31.644+0000] {processor.py:208} INFO - Processing /home/airflow/.local/lib/python3.10/site-packages/airflow/example_dags/example_short_circuit_decorator.py took 0.070 seconds
[2025-01-29T15:04:01.729+0000] {processor.py:186} INFO - Started process (PID=1261) to work on /home/airflow/.local/lib/python3.10/site-packages/airflow/example_dags/example_short_circuit_decorator.py
[2025-01-29T15:04:01.730+0000] {processor.py:914} INFO - Processing file /home/airflow/.local/lib/python3.10/site-packages/airflow/example_dags/example_short_circuit_decorator.py for tasks to queue
[2025-01-29T15:04:01.732+0000] {logging_mixin.py:190} INFO - [2025-01-29T15:04:01.732+0000] {dagbag.py:588} INFO - Filling up the DagBag from /home/airflow/.local/lib/python3.10/site-packages/airflow/example_dags/example_short_circuit_decorator.py
[2025-01-29T15:04:01.740+0000] {processor.py:925} INFO - DAG(s) 'example_short_circuit_decorator' retrieved from /home/airflow/.local/lib/python3.10/site-packages/airflow/example_dags/example_short_circuit_decorator.py
[2025-01-29T15:04:01.760+0000] {logging_mixin.py:190} INFO - [2025-01-29T15:04:01.760+0000] {dag.py:3239} INFO - Sync 1 DAGs
[2025-01-29T15:04:01.772+0000] {logging_mixin.py:190} INFO - [2025-01-29T15:04:01.772+0000] {dag.py:4180} INFO - Setting next_dagrun for example_short_circuit_decorator to None, run_after=None
[2025-01-29T15:04:01.787+0000] {processor.py:208} INFO - Processing /home/airflow/.local/lib/python3.10/site-packages/airflow/example_dags/example_short_circuit_decorator.py took 0.063 seconds
[2025-01-29T15:04:32.149+0000] {processor.py:186} INFO - Started process (PID=1327) to work on /home/airflow/.local/lib/python3.10/site-packages/airflow/example_dags/example_short_circuit_decorator.py
[2025-01-29T15:04:32.150+0000] {processor.py:914} INFO - Processing file /home/airflow/.local/lib/python3.10/site-packages/airflow/example_dags/example_short_circuit_decorator.py for tasks to queue
[2025-01-29T15:04:32.152+0000] {logging_mixin.py:190} INFO - [2025-01-29T15:04:32.152+0000] {dagbag.py:588} INFO - Filling up the DagBag from /home/airflow/.local/lib/python3.10/site-packages/airflow/example_dags/example_short_circuit_decorator.py
[2025-01-29T15:04:32.160+0000] {processor.py:925} INFO - DAG(s) 'example_short_circuit_decorator' retrieved from /home/airflow/.local/lib/python3.10/site-packages/airflow/example_dags/example_short_circuit_decorator.py
[2025-01-29T15:04:32.180+0000] {logging_mixin.py:190} INFO - [2025-01-29T15:04:32.180+0000] {dag.py:3239} INFO - Sync 1 DAGs
[2025-01-29T15:04:32.192+0000] {logging_mixin.py:190} INFO - [2025-01-29T15:04:32.192+0000] {dag.py:4180} INFO - Setting next_dagrun for example_short_circuit_decorator to None, run_after=None
[2025-01-29T15:04:32.207+0000] {processor.py:208} INFO - Processing /home/airflow/.local/lib/python3.10/site-packages/airflow/example_dags/example_short_circuit_decorator.py took 0.063 seconds
[2025-01-29T15:05:02.532+0000] {processor.py:186} INFO - Started process (PID=1393) to work on /home/airflow/.local/lib/python3.10/site-packages/airflow/example_dags/example_short_circuit_decorator.py
[2025-01-29T15:05:02.533+0000] {processor.py:914} INFO - Processing file /home/airflow/.local/lib/python3.10/site-packages/airflow/example_dags/example_short_circuit_decorator.py for tasks to queue
[2025-01-29T15:05:02.535+0000] {logging_mixin.py:190} INFO - [2025-01-29T15:05:02.535+0000] {dagbag.py:588} INFO - Filling up the DagBag from /home/airflow/.local/lib/python3.10/site-packages/airflow/example_dags/example_short_circuit_decorator.py
[2025-01-29T15:05:02.544+0000] {processor.py:925} INFO - DAG(s) 'example_short_circuit_decorator' retrieved from /home/airflow/.local/lib/python3.10/site-packages/airflow/example_dags/example_short_circuit_decorator.py
[2025-01-29T15:05:02.565+0000] {logging_mixin.py:190} INFO - [2025-01-29T15:05:02.564+0000] {dag.py:3239} INFO - Sync 1 DAGs
[2025-01-29T15:05:02.578+0000] {logging_mixin.py:190} INFO - [2025-01-29T15:05:02.578+0000] {dag.py:4180} INFO - Setting next_dagrun for example_short_circuit_decorator to None, run_after=None
[2025-01-29T15:05:02.593+0000] {processor.py:208} INFO - Processing /home/airflow/.local/lib/python3.10/site-packages/airflow/example_dags/example_short_circuit_decorator.py took 0.068 seconds
[2025-01-29T15:05:32.758+0000] {processor.py:186} INFO - Started process (PID=1459) to work on /home/airflow/.local/lib/python3.10/site-packages/airflow/example_dags/example_short_circuit_decorator.py
[2025-01-29T15:05:32.759+0000] {processor.py:914} INFO - Processing file /home/airflow/.local/lib/python3.10/site-packages/airflow/example_dags/example_short_circuit_decorator.py for tasks to queue
[2025-01-29T15:05:32.761+0000] {logging_mixin.py:190} INFO - [2025-01-29T15:05:32.761+0000] {dagbag.py:588} INFO - Filling up the DagBag from /home/airflow/.local/lib/python3.10/site-packages/airflow/example_dags/example_short_circuit_decorator.py
[2025-01-29T15:05:32.770+0000] {processor.py:925} INFO - DAG(s) 'example_short_circuit_decorator' retrieved from /home/airflow/.local/lib/python3.10/site-packages/airflow/example_dags/example_short_circuit_decorator.py
[2025-01-29T15:05:32.797+0000] {logging_mixin.py:190} INFO - [2025-01-29T15:05:32.796+0000] {dag.py:3239} INFO - Sync 1 DAGs
[2025-01-29T15:05:32.809+0000] {logging_mixin.py:190} INFO - [2025-01-29T15:05:32.809+0000] {dag.py:4180} INFO - Setting next_dagrun for example_short_circuit_decorator to None, run_after=None
[2025-01-29T15:05:32.824+0000] {processor.py:208} INFO - Processing /home/airflow/.local/lib/python3.10/site-packages/airflow/example_dags/example_short_circuit_decorator.py took 0.071 seconds
[2025-01-29T15:06:03.046+0000] {processor.py:186} INFO - Started process (PID=1525) to work on /home/airflow/.local/lib/python3.10/site-packages/airflow/example_dags/example_short_circuit_decorator.py
[2025-01-29T15:06:03.046+0000] {processor.py:914} INFO - Processing file /home/airflow/.local/lib/python3.10/site-packages/airflow/example_dags/example_short_circuit_decorator.py for tasks to queue
[2025-01-29T15:06:03.048+0000] {logging_mixin.py:190} INFO - [2025-01-29T15:06:03.048+0000] {dagbag.py:588} INFO - Filling up the DagBag from /home/airflow/.local/lib/python3.10/site-packages/airflow/example_dags/example_short_circuit_decorator.py
[2025-01-29T15:06:03.057+0000] {processor.py:925} INFO - DAG(s) 'example_short_circuit_decorator' retrieved from /home/airflow/.local/lib/python3.10/site-packages/airflow/example_dags/example_short_circuit_decorator.py
[2025-01-29T15:06:03.079+0000] {logging_mixin.py:190} INFO - [2025-01-29T15:06:03.079+0000] {dag.py:3239} INFO - Sync 1 DAGs
[2025-01-29T15:06:03.175+0000] {logging_mixin.py:190} INFO - [2025-01-29T15:06:03.175+0000] {dag.py:4180} INFO - Setting next_dagrun for example_short_circuit_decorator to None, run_after=None
[2025-01-29T15:06:03.197+0000] {processor.py:208} INFO - Processing /home/airflow/.local/lib/python3.10/site-packages/airflow/example_dags/example_short_circuit_decorator.py took 0.074 seconds
[2025-01-29T15:06:33.458+0000] {processor.py:186} INFO - Started process (PID=1591) to work on /home/airflow/.local/lib/python3.10/site-packages/airflow/example_dags/example_short_circuit_decorator.py
[2025-01-29T15:06:33.458+0000] {processor.py:914} INFO - Processing file /home/airflow/.local/lib/python3.10/site-packages/airflow/example_dags/example_short_circuit_decorator.py for tasks to queue
[2025-01-29T15:06:33.461+0000] {logging_mixin.py:190} INFO - [2025-01-29T15:06:33.461+0000] {dagbag.py:588} INFO - Filling up the DagBag from /home/airflow/.local/lib/python3.10/site-packages/airflow/example_dags/example_short_circuit_decorator.py
[2025-01-29T15:06:33.469+0000] {processor.py:925} INFO - DAG(s) 'example_short_circuit_decorator' retrieved from /home/airflow/.local/lib/python3.10/site-packages/airflow/example_dags/example_short_circuit_decorator.py
[2025-01-29T15:06:33.489+0000] {logging_mixin.py:190} INFO - [2025-01-29T15:06:33.489+0000] {dag.py:3239} INFO - Sync 1 DAGs
[2025-01-29T15:06:33.503+0000] {logging_mixin.py:190} INFO - [2025-01-29T15:06:33.502+0000] {dag.py:4180} INFO - Setting next_dagrun for example_short_circuit_decorator to None, run_after=None
[2025-01-29T15:06:33.518+0000] {processor.py:208} INFO - Processing /home/airflow/.local/lib/python3.10/site-packages/airflow/example_dags/example_short_circuit_decorator.py took 0.065 seconds
[2025-01-29T15:07:03.782+0000] {processor.py:186} INFO - Started process (PID=1657) to work on /home/airflow/.local/lib/python3.10/site-packages/airflow/example_dags/example_short_circuit_decorator.py
[2025-01-29T15:07:03.783+0000] {processor.py:914} INFO - Processing file /home/airflow/.local/lib/python3.10/site-packages/airflow/example_dags/example_short_circuit_decorator.py for tasks to queue
[2025-01-29T15:07:03.785+0000] {logging_mixin.py:190} INFO - [2025-01-29T15:07:03.785+0000] {dagbag.py:588} INFO - Filling up the DagBag from /home/airflow/.local/lib/python3.10/site-packages/airflow/example_dags/example_short_circuit_decorator.py
[2025-01-29T15:07:03.794+0000] {processor.py:925} INFO - DAG(s) 'example_short_circuit_decorator' retrieved from /home/airflow/.local/lib/python3.10/site-packages/airflow/example_dags/example_short_circuit_decorator.py
[2025-01-29T15:07:03.815+0000] {logging_mixin.py:190} INFO - [2025-01-29T15:07:03.815+0000] {dag.py:3239} INFO - Sync 1 DAGs
[2025-01-29T15:07:03.829+0000] {logging_mixin.py:190} INFO - [2025-01-29T15:07:03.828+0000] {dag.py:4180} INFO - Setting next_dagrun for example_short_circuit_decorator to None, run_after=None
[2025-01-29T15:07:03.850+0000] {processor.py:208} INFO - Processing /home/airflow/.local/lib/python3.10/site-packages/airflow/example_dags/example_short_circuit_decorator.py took 0.073 seconds
[2025-01-29T15:07:34.083+0000] {processor.py:186} INFO - Started process (PID=1723) to work on /home/airflow/.local/lib/python3.10/site-packages/airflow/example_dags/example_short_circuit_decorator.py
[2025-01-29T15:07:34.084+0000] {processor.py:914} INFO - Processing file /home/airflow/.local/lib/python3.10/site-packages/airflow/example_dags/example_short_circuit_decorator.py for tasks to queue
[2025-01-29T15:07:34.087+0000] {logging_mixin.py:190} INFO - [2025-01-29T15:07:34.086+0000] {dagbag.py:588} INFO - Filling up the DagBag from /home/airflow/.local/lib/python3.10/site-packages/airflow/example_dags/example_short_circuit_decorator.py
[2025-01-29T15:07:34.095+0000] {processor.py:925} INFO - DAG(s) 'example_short_circuit_decorator' retrieved from /home/airflow/.local/lib/python3.10/site-packages/airflow/example_dags/example_short_circuit_decorator.py
[2025-01-29T15:07:34.116+0000] {logging_mixin.py:190} INFO - [2025-01-29T15:07:34.116+0000] {dag.py:3239} INFO - Sync 1 DAGs
[2025-01-29T15:07:34.128+0000] {logging_mixin.py:190} INFO - [2025-01-29T15:07:34.128+0000] {dag.py:4180} INFO - Setting next_dagrun for example_short_circuit_decorator to None, run_after=None
[2025-01-29T15:07:34.143+0000] {processor.py:208} INFO - Processing /home/airflow/.local/lib/python3.10/site-packages/airflow/example_dags/example_short_circuit_decorator.py took 0.065 seconds
[2025-01-29T15:08:04.928+0000] {processor.py:186} INFO - Started process (PID=1789) to work on /home/airflow/.local/lib/python3.10/site-packages/airflow/example_dags/example_short_circuit_decorator.py
[2025-01-29T15:08:04.929+0000] {processor.py:914} INFO - Processing file /home/airflow/.local/lib/python3.10/site-packages/airflow/example_dags/example_short_circuit_decorator.py for tasks to queue
[2025-01-29T15:08:04.931+0000] {logging_mixin.py:190} INFO - [2025-01-29T15:08:04.931+0000] {dagbag.py:588} INFO - Filling up the DagBag from /home/airflow/.local/lib/python3.10/site-packages/airflow/example_dags/example_short_circuit_decorator.py
[2025-01-29T15:08:04.939+0000] {processor.py:925} INFO - DAG(s) 'example_short_circuit_decorator' retrieved from /home/airflow/.local/lib/python3.10/site-packages/airflow/example_dags/example_short_circuit_decorator.py
[2025-01-29T15:08:04.960+0000] {logging_mixin.py:190} INFO - [2025-01-29T15:08:04.959+0000] {dag.py:3239} INFO - Sync 1 DAGs
[2025-01-29T15:08:04.972+0000] {logging_mixin.py:190} INFO - [2025-01-29T15:08:04.972+0000] {dag.py:4180} INFO - Setting next_dagrun for example_short_circuit_decorator to None, run_after=None
[2025-01-29T15:08:04.986+0000] {processor.py:208} INFO - Processing /home/airflow/.local/lib/python3.10/site-packages/airflow/example_dags/example_short_circuit_decorator.py took 0.064 seconds
[2025-01-29T15:08:35.722+0000] {processor.py:186} INFO - Started process (PID=1854) to work on /home/airflow/.local/lib/python3.10/site-packages/airflow/example_dags/example_short_circuit_decorator.py
[2025-01-29T15:08:35.722+0000] {processor.py:914} INFO - Processing file /home/airflow/.local/lib/python3.10/site-packages/airflow/example_dags/example_short_circuit_decorator.py for tasks to queue
[2025-01-29T15:08:35.725+0000] {logging_mixin.py:190} INFO - [2025-01-29T15:08:35.724+0000] {dagbag.py:588} INFO - Filling up the DagBag from /home/airflow/.local/lib/python3.10/site-packages/airflow/example_dags/example_short_circuit_decorator.py
[2025-01-29T15:08:35.734+0000] {processor.py:925} INFO - DAG(s) 'example_short_circuit_decorator' retrieved from /home/airflow/.local/lib/python3.10/site-packages/airflow/example_dags/example_short_circuit_decorator.py
[2025-01-29T15:08:35.757+0000] {logging_mixin.py:190} INFO - [2025-01-29T15:08:35.757+0000] {dag.py:3239} INFO - Sync 1 DAGs
[2025-01-29T15:08:35.771+0000] {logging_mixin.py:190} INFO - [2025-01-29T15:08:35.771+0000] {dag.py:4180} INFO - Setting next_dagrun for example_short_circuit_decorator to None, run_after=None
[2025-01-29T15:08:35.790+0000] {processor.py:208} INFO - Processing /home/airflow/.local/lib/python3.10/site-packages/airflow/example_dags/example_short_circuit_decorator.py took 0.074 seconds
[2025-01-29T15:09:05.984+0000] {processor.py:186} INFO - Started process (PID=1920) to work on /home/airflow/.local/lib/python3.10/site-packages/airflow/example_dags/example_short_circuit_decorator.py
[2025-01-29T15:09:05.985+0000] {processor.py:914} INFO - Processing file /home/airflow/.local/lib/python3.10/site-packages/airflow/example_dags/example_short_circuit_decorator.py for tasks to queue
[2025-01-29T15:09:05.987+0000] {logging_mixin.py:190} INFO - [2025-01-29T15:09:05.987+0000] {dagbag.py:588} INFO - Filling up the DagBag from /home/airflow/.local/lib/python3.10/site-packages/airflow/example_dags/example_short_circuit_decorator.py
[2025-01-29T15:09:05.996+0000] {processor.py:925} INFO - DAG(s) 'example_short_circuit_decorator' retrieved from /home/airflow/.local/lib/python3.10/site-packages/airflow/example_dags/example_short_circuit_decorator.py
[2025-01-29T15:09:06.016+0000] {logging_mixin.py:190} INFO - [2025-01-29T15:09:06.016+0000] {dag.py:3239} INFO - Sync 1 DAGs
[2025-01-29T15:09:06.028+0000] {logging_mixin.py:190} INFO - [2025-01-29T15:09:06.028+0000] {dag.py:4180} INFO - Setting next_dagrun for example_short_circuit_decorator to None, run_after=None
[2025-01-29T15:09:06.051+0000] {processor.py:208} INFO - Processing /home/airflow/.local/lib/python3.10/site-packages/airflow/example_dags/example_short_circuit_decorator.py took 0.072 seconds
[2025-01-29T15:09:36.103+0000] {processor.py:186} INFO - Started process (PID=1986) to work on /home/airflow/.local/lib/python3.10/site-packages/airflow/example_dags/example_short_circuit_decorator.py
[2025-01-29T15:09:36.103+0000] {processor.py:914} INFO - Processing file /home/airflow/.local/lib/python3.10/site-packages/airflow/example_dags/example_short_circuit_decorator.py for tasks to queue
[2025-01-29T15:09:36.106+0000] {logging_mixin.py:190} INFO - [2025-01-29T15:09:36.105+0000] {dagbag.py:588} INFO - Filling up the DagBag from /home/airflow/.local/lib/python3.10/site-packages/airflow/example_dags/example_short_circuit_decorator.py
[2025-01-29T15:09:36.114+0000] {processor.py:925} INFO - DAG(s) 'example_short_circuit_decorator' retrieved from /home/airflow/.local/lib/python3.10/site-packages/airflow/example_dags/example_short_circuit_decorator.py
[2025-01-29T15:09:36.134+0000] {logging_mixin.py:190} INFO - [2025-01-29T15:09:36.134+0000] {dag.py:3239} INFO - Sync 1 DAGs
[2025-01-29T15:09:36.147+0000] {logging_mixin.py:190} INFO - [2025-01-29T15:09:36.147+0000] {dag.py:4180} INFO - Setting next_dagrun for example_short_circuit_decorator to None, run_after=None
[2025-01-29T15:09:36.160+0000] {processor.py:208} INFO - Processing /home/airflow/.local/lib/python3.10/site-packages/airflow/example_dags/example_short_circuit_decorator.py took 0.063 seconds
[2025-01-29T15:10:06.760+0000] {processor.py:186} INFO - Started process (PID=2052) to work on /home/airflow/.local/lib/python3.10/site-packages/airflow/example_dags/example_short_circuit_decorator.py
[2025-01-29T15:10:06.761+0000] {processor.py:914} INFO - Processing file /home/airflow/.local/lib/python3.10/site-packages/airflow/example_dags/example_short_circuit_decorator.py for tasks to queue
[2025-01-29T15:10:06.763+0000] {logging_mixin.py:190} INFO - [2025-01-29T15:10:06.763+0000] {dagbag.py:588} INFO - Filling up the DagBag from /home/airflow/.local/lib/python3.10/site-packages/airflow/example_dags/example_short_circuit_decorator.py
[2025-01-29T15:10:06.772+0000] {processor.py:925} INFO - DAG(s) 'example_short_circuit_decorator' retrieved from /home/airflow/.local/lib/python3.10/site-packages/airflow/example_dags/example_short_circuit_decorator.py
[2025-01-29T15:10:06.793+0000] {logging_mixin.py:190} INFO - [2025-01-29T15:10:06.793+0000] {dag.py:3239} INFO - Sync 1 DAGs
[2025-01-29T15:10:06.806+0000] {logging_mixin.py:190} INFO - [2025-01-29T15:10:06.806+0000] {dag.py:4180} INFO - Setting next_dagrun for example_short_circuit_decorator to None, run_after=None
[2025-01-29T15:10:06.827+0000] {processor.py:208} INFO - Processing /home/airflow/.local/lib/python3.10/site-packages/airflow/example_dags/example_short_circuit_decorator.py took 0.072 seconds
[2025-01-29T15:10:37.311+0000] {processor.py:186} INFO - Started process (PID=2118) to work on /home/airflow/.local/lib/python3.10/site-packages/airflow/example_dags/example_short_circuit_decorator.py
[2025-01-29T15:10:37.311+0000] {processor.py:914} INFO - Processing file /home/airflow/.local/lib/python3.10/site-packages/airflow/example_dags/example_short_circuit_decorator.py for tasks to queue
[2025-01-29T15:10:37.313+0000] {logging_mixin.py:190} INFO - [2025-01-29T15:10:37.313+0000] {dagbag.py:588} INFO - Filling up the DagBag from /home/airflow/.local/lib/python3.10/site-packages/airflow/example_dags/example_short_circuit_decorator.py
[2025-01-29T15:10:37.322+0000] {processor.py:925} INFO - DAG(s) 'example_short_circuit_decorator' retrieved from /home/airflow/.local/lib/python3.10/site-packages/airflow/example_dags/example_short_circuit_decorator.py
[2025-01-29T15:10:37.530+0000] {logging_mixin.py:190} INFO - [2025-01-29T15:10:37.530+0000] {dag.py:3239} INFO - Sync 1 DAGs
[2025-01-29T15:10:37.542+0000] {logging_mixin.py:190} INFO - [2025-01-29T15:10:37.542+0000] {dag.py:4180} INFO - Setting next_dagrun for example_short_circuit_decorator to None, run_after=None
[2025-01-29T15:10:37.557+0000] {processor.py:208} INFO - Processing /home/airflow/.local/lib/python3.10/site-packages/airflow/example_dags/example_short_circuit_decorator.py took 0.251 seconds
[2025-01-29T15:11:07.889+0000] {processor.py:186} INFO - Started process (PID=2184) to work on /home/airflow/.local/lib/python3.10/site-packages/airflow/example_dags/example_short_circuit_decorator.py
[2025-01-29T15:11:07.890+0000] {processor.py:914} INFO - Processing file /home/airflow/.local/lib/python3.10/site-packages/airflow/example_dags/example_short_circuit_decorator.py for tasks to queue
[2025-01-29T15:11:07.892+0000] {logging_mixin.py:190} INFO - [2025-01-29T15:11:07.892+0000] {dagbag.py:588} INFO - Filling up the DagBag from /home/airflow/.local/lib/python3.10/site-packages/airflow/example_dags/example_short_circuit_decorator.py
[2025-01-29T15:11:07.901+0000] {processor.py:925} INFO - DAG(s) 'example_short_circuit_decorator' retrieved from /home/airflow/.local/lib/python3.10/site-packages/airflow/example_dags/example_short_circuit_decorator.py
[2025-01-29T15:11:08.089+0000] {logging_mixin.py:190} INFO - [2025-01-29T15:11:08.089+0000] {dag.py:3239} INFO - Sync 1 DAGs
[2025-01-29T15:11:08.101+0000] {logging_mixin.py:190} INFO - [2025-01-29T15:11:08.101+0000] {dag.py:4180} INFO - Setting next_dagrun for example_short_circuit_decorator to None, run_after=None
[2025-01-29T15:11:08.123+0000] {processor.py:208} INFO - Processing /home/airflow/.local/lib/python3.10/site-packages/airflow/example_dags/example_short_circuit_decorator.py took 0.239 seconds
[2025-01-29T15:11:38.621+0000] {processor.py:186} INFO - Started process (PID=2250) to work on /home/airflow/.local/lib/python3.10/site-packages/airflow/example_dags/example_short_circuit_decorator.py
[2025-01-29T15:11:38.621+0000] {processor.py:914} INFO - Processing file /home/airflow/.local/lib/python3.10/site-packages/airflow/example_dags/example_short_circuit_decorator.py for tasks to queue
[2025-01-29T15:11:38.624+0000] {logging_mixin.py:190} INFO - [2025-01-29T15:11:38.624+0000] {dagbag.py:588} INFO - Filling up the DagBag from /home/airflow/.local/lib/python3.10/site-packages/airflow/example_dags/example_short_circuit_decorator.py
[2025-01-29T15:11:38.637+0000] {processor.py:925} INFO - DAG(s) 'example_short_circuit_decorator' retrieved from /home/airflow/.local/lib/python3.10/site-packages/airflow/example_dags/example_short_circuit_decorator.py
[2025-01-29T15:11:38.662+0000] {logging_mixin.py:190} INFO - [2025-01-29T15:11:38.662+0000] {dag.py:3239} INFO - Sync 1 DAGs
[2025-01-29T15:11:38.678+0000] {logging_mixin.py:190} INFO - [2025-01-29T15:11:38.677+0000] {dag.py:4180} INFO - Setting next_dagrun for example_short_circuit_decorator to None, run_after=None
[2025-01-29T15:11:38.694+0000] {processor.py:208} INFO - Processing /home/airflow/.local/lib/python3.10/site-packages/airflow/example_dags/example_short_circuit_decorator.py took 0.079 seconds
[2025-01-29T15:12:08.909+0000] {processor.py:186} INFO - Started process (PID=2316) to work on /home/airflow/.local/lib/python3.10/site-packages/airflow/example_dags/example_short_circuit_decorator.py
[2025-01-29T15:12:08.910+0000] {processor.py:914} INFO - Processing file /home/airflow/.local/lib/python3.10/site-packages/airflow/example_dags/example_short_circuit_decorator.py for tasks to queue
[2025-01-29T15:12:08.912+0000] {logging_mixin.py:190} INFO - [2025-01-29T15:12:08.912+0000] {dagbag.py:588} INFO - Filling up the DagBag from /home/airflow/.local/lib/python3.10/site-packages/airflow/example_dags/example_short_circuit_decorator.py
[2025-01-29T15:12:08.921+0000] {processor.py:925} INFO - DAG(s) 'example_short_circuit_decorator' retrieved from /home/airflow/.local/lib/python3.10/site-packages/airflow/example_dags/example_short_circuit_decorator.py
[2025-01-29T15:12:08.947+0000] {logging_mixin.py:190} INFO - [2025-01-29T15:12:08.946+0000] {dag.py:3239} INFO - Sync 1 DAGs
[2025-01-29T15:12:08.960+0000] {logging_mixin.py:190} INFO - [2025-01-29T15:12:08.960+0000] {dag.py:4180} INFO - Setting next_dagrun for example_short_circuit_decorator to None, run_after=None
[2025-01-29T15:12:08.983+0000] {processor.py:208} INFO - Processing /home/airflow/.local/lib/python3.10/site-packages/airflow/example_dags/example_short_circuit_decorator.py took 0.078 seconds
[2025-01-29T15:12:39.231+0000] {processor.py:186} INFO - Started process (PID=2382) to work on /home/airflow/.local/lib/python3.10/site-packages/airflow/example_dags/example_short_circuit_decorator.py
[2025-01-29T15:12:39.232+0000] {processor.py:914} INFO - Processing file /home/airflow/.local/lib/python3.10/site-packages/airflow/example_dags/example_short_circuit_decorator.py for tasks to queue
[2025-01-29T15:12:39.234+0000] {logging_mixin.py:190} INFO - [2025-01-29T15:12:39.234+0000] {dagbag.py:588} INFO - Filling up the DagBag from /home/airflow/.local/lib/python3.10/site-packages/airflow/example_dags/example_short_circuit_decorator.py
[2025-01-29T15:12:39.243+0000] {processor.py:925} INFO - DAG(s) 'example_short_circuit_decorator' retrieved from /home/airflow/.local/lib/python3.10/site-packages/airflow/example_dags/example_short_circuit_decorator.py
[2025-01-29T15:12:39.265+0000] {logging_mixin.py:190} INFO - [2025-01-29T15:12:39.264+0000] {dag.py:3239} INFO - Sync 1 DAGs
[2025-01-29T15:12:39.278+0000] {logging_mixin.py:190} INFO - [2025-01-29T15:12:39.278+0000] {dag.py:4180} INFO - Setting next_dagrun for example_short_circuit_decorator to None, run_after=None
[2025-01-29T15:12:39.300+0000] {processor.py:208} INFO - Processing /home/airflow/.local/lib/python3.10/site-packages/airflow/example_dags/example_short_circuit_decorator.py took 0.074 seconds
[2025-01-29T15:13:09.413+0000] {processor.py:186} INFO - Started process (PID=2448) to work on /home/airflow/.local/lib/python3.10/site-packages/airflow/example_dags/example_short_circuit_decorator.py
[2025-01-29T15:13:09.413+0000] {processor.py:914} INFO - Processing file /home/airflow/.local/lib/python3.10/site-packages/airflow/example_dags/example_short_circuit_decorator.py for tasks to queue
[2025-01-29T15:13:09.416+0000] {logging_mixin.py:190} INFO - [2025-01-29T15:13:09.416+0000] {dagbag.py:588} INFO - Filling up the DagBag from /home/airflow/.local/lib/python3.10/site-packages/airflow/example_dags/example_short_circuit_decorator.py
[2025-01-29T15:13:09.425+0000] {processor.py:925} INFO - DAG(s) 'example_short_circuit_decorator' retrieved from /home/airflow/.local/lib/python3.10/site-packages/airflow/example_dags/example_short_circuit_decorator.py
[2025-01-29T15:13:09.448+0000] {logging_mixin.py:190} INFO - [2025-01-29T15:13:09.447+0000] {dag.py:3239} INFO - Sync 1 DAGs
[2025-01-29T15:13:09.461+0000] {logging_mixin.py:190} INFO - [2025-01-29T15:13:09.461+0000] {dag.py:4180} INFO - Setting next_dagrun for example_short_circuit_decorator to None, run_after=None
[2025-01-29T15:13:09.483+0000] {processor.py:208} INFO - Processing /home/airflow/.local/lib/python3.10/site-packages/airflow/example_dags/example_short_circuit_decorator.py took 0.076 seconds
[2025-01-29T15:13:39.614+0000] {processor.py:186} INFO - Started process (PID=2514) to work on /home/airflow/.local/lib/python3.10/site-packages/airflow/example_dags/example_short_circuit_decorator.py
[2025-01-29T15:13:39.614+0000] {processor.py:914} INFO - Processing file /home/airflow/.local/lib/python3.10/site-packages/airflow/example_dags/example_short_circuit_decorator.py for tasks to queue
[2025-01-29T15:13:39.617+0000] {logging_mixin.py:190} INFO - [2025-01-29T15:13:39.617+0000] {dagbag.py:588} INFO - Filling up the DagBag from /home/airflow/.local/lib/python3.10/site-packages/airflow/example_dags/example_short_circuit_decorator.py
[2025-01-29T15:13:39.626+0000] {processor.py:925} INFO - DAG(s) 'example_short_circuit_decorator' retrieved from /home/airflow/.local/lib/python3.10/site-packages/airflow/example_dags/example_short_circuit_decorator.py
[2025-01-29T15:13:39.647+0000] {logging_mixin.py:190} INFO - [2025-01-29T15:13:39.647+0000] {dag.py:3239} INFO - Sync 1 DAGs
[2025-01-29T15:13:39.660+0000] {logging_mixin.py:190} INFO - [2025-01-29T15:13:39.660+0000] {dag.py:4180} INFO - Setting next_dagrun for example_short_circuit_decorator to None, run_after=None
[2025-01-29T15:13:39.682+0000] {processor.py:208} INFO - Processing /home/airflow/.local/lib/python3.10/site-packages/airflow/example_dags/example_short_circuit_decorator.py took 0.073 seconds
[2025-01-29T15:14:09.733+0000] {processor.py:186} INFO - Started process (PID=2580) to work on /home/airflow/.local/lib/python3.10/site-packages/airflow/example_dags/example_short_circuit_decorator.py
[2025-01-29T15:14:09.734+0000] {processor.py:914} INFO - Processing file /home/airflow/.local/lib/python3.10/site-packages/airflow/example_dags/example_short_circuit_decorator.py for tasks to queue
[2025-01-29T15:14:09.737+0000] {logging_mixin.py:190} INFO - [2025-01-29T15:14:09.737+0000] {dagbag.py:588} INFO - Filling up the DagBag from /home/airflow/.local/lib/python3.10/site-packages/airflow/example_dags/example_short_circuit_decorator.py
[2025-01-29T15:14:09.748+0000] {processor.py:925} INFO - DAG(s) 'example_short_circuit_decorator' retrieved from /home/airflow/.local/lib/python3.10/site-packages/airflow/example_dags/example_short_circuit_decorator.py
[2025-01-29T15:14:09.771+0000] {logging_mixin.py:190} INFO - [2025-01-29T15:14:09.771+0000] {dag.py:3239} INFO - Sync 1 DAGs
[2025-01-29T15:14:09.785+0000] {logging_mixin.py:190} INFO - [2025-01-29T15:14:09.785+0000] {dag.py:4180} INFO - Setting next_dagrun for example_short_circuit_decorator to None, run_after=None
[2025-01-29T15:14:09.806+0000] {processor.py:208} INFO - Processing /home/airflow/.local/lib/python3.10/site-packages/airflow/example_dags/example_short_circuit_decorator.py took 0.080 seconds
[2025-01-29T15:14:40.164+0000] {processor.py:186} INFO - Started process (PID=2646) to work on /home/airflow/.local/lib/python3.10/site-packages/airflow/example_dags/example_short_circuit_decorator.py
[2025-01-29T15:14:40.165+0000] {processor.py:914} INFO - Processing file /home/airflow/.local/lib/python3.10/site-packages/airflow/example_dags/example_short_circuit_decorator.py for tasks to queue
[2025-01-29T15:14:40.167+0000] {logging_mixin.py:190} INFO - [2025-01-29T15:14:40.167+0000] {dagbag.py:588} INFO - Filling up the DagBag from /home/airflow/.local/lib/python3.10/site-packages/airflow/example_dags/example_short_circuit_decorator.py
[2025-01-29T15:14:40.176+0000] {processor.py:925} INFO - DAG(s) 'example_short_circuit_decorator' retrieved from /home/airflow/.local/lib/python3.10/site-packages/airflow/example_dags/example_short_circuit_decorator.py
[2025-01-29T15:14:40.198+0000] {logging_mixin.py:190} INFO - [2025-01-29T15:14:40.198+0000] {dag.py:3239} INFO - Sync 1 DAGs
[2025-01-29T15:14:40.212+0000] {logging_mixin.py:190} INFO - [2025-01-29T15:14:40.212+0000] {dag.py:4180} INFO - Setting next_dagrun for example_short_circuit_decorator to None, run_after=None
[2025-01-29T15:14:40.229+0000] {processor.py:208} INFO - Processing /home/airflow/.local/lib/python3.10/site-packages/airflow/example_dags/example_short_circuit_decorator.py took 0.070 seconds
[2025-01-29T15:15:10.350+0000] {processor.py:186} INFO - Started process (PID=2712) to work on /home/airflow/.local/lib/python3.10/site-packages/airflow/example_dags/example_short_circuit_decorator.py
[2025-01-29T15:15:10.351+0000] {processor.py:914} INFO - Processing file /home/airflow/.local/lib/python3.10/site-packages/airflow/example_dags/example_short_circuit_decorator.py for tasks to queue
[2025-01-29T15:15:10.353+0000] {logging_mixin.py:190} INFO - [2025-01-29T15:15:10.353+0000] {dagbag.py:588} INFO - Filling up the DagBag from /home/airflow/.local/lib/python3.10/site-packages/airflow/example_dags/example_short_circuit_decorator.py
[2025-01-29T15:15:10.362+0000] {processor.py:925} INFO - DAG(s) 'example_short_circuit_decorator' retrieved from /home/airflow/.local/lib/python3.10/site-packages/airflow/example_dags/example_short_circuit_decorator.py
[2025-01-29T15:15:10.383+0000] {logging_mixin.py:190} INFO - [2025-01-29T15:15:10.383+0000] {dag.py:3239} INFO - Sync 1 DAGs
[2025-01-29T15:15:10.395+0000] {logging_mixin.py:190} INFO - [2025-01-29T15:15:10.395+0000] {dag.py:4180} INFO - Setting next_dagrun for example_short_circuit_decorator to None, run_after=None
[2025-01-29T15:15:10.417+0000] {processor.py:208} INFO - Processing /home/airflow/.local/lib/python3.10/site-packages/airflow/example_dags/example_short_circuit_decorator.py took 0.073 seconds
[2025-01-29T15:15:40.457+0000] {processor.py:186} INFO - Started process (PID=2778) to work on /home/airflow/.local/lib/python3.10/site-packages/airflow/example_dags/example_short_circuit_decorator.py
[2025-01-29T15:15:40.458+0000] {processor.py:914} INFO - Processing file /home/airflow/.local/lib/python3.10/site-packages/airflow/example_dags/example_short_circuit_decorator.py for tasks to queue
[2025-01-29T15:15:40.460+0000] {logging_mixin.py:190} INFO - [2025-01-29T15:15:40.460+0000] {dagbag.py:588} INFO - Filling up the DagBag from /home/airflow/.local/lib/python3.10/site-packages/airflow/example_dags/example_short_circuit_decorator.py
[2025-01-29T15:15:40.469+0000] {processor.py:925} INFO - DAG(s) 'example_short_circuit_decorator' retrieved from /home/airflow/.local/lib/python3.10/site-packages/airflow/example_dags/example_short_circuit_decorator.py
[2025-01-29T15:15:40.491+0000] {logging_mixin.py:190} INFO - [2025-01-29T15:15:40.491+0000] {dag.py:3239} INFO - Sync 1 DAGs
[2025-01-29T15:15:40.504+0000] {logging_mixin.py:190} INFO - [2025-01-29T15:15:40.504+0000] {dag.py:4180} INFO - Setting next_dagrun for example_short_circuit_decorator to None, run_after=None
[2025-01-29T15:15:40.520+0000] {processor.py:208} INFO - Processing /home/airflow/.local/lib/python3.10/site-packages/airflow/example_dags/example_short_circuit_decorator.py took 0.069 seconds
[2025-01-29T15:16:10.662+0000] {processor.py:186} INFO - Started process (PID=2844) to work on /home/airflow/.local/lib/python3.10/site-packages/airflow/example_dags/example_short_circuit_decorator.py
[2025-01-29T15:16:10.662+0000] {processor.py:914} INFO - Processing file /home/airflow/.local/lib/python3.10/site-packages/airflow/example_dags/example_short_circuit_decorator.py for tasks to queue
[2025-01-29T15:16:10.665+0000] {logging_mixin.py:190} INFO - [2025-01-29T15:16:10.665+0000] {dagbag.py:588} INFO - Filling up the DagBag from /home/airflow/.local/lib/python3.10/site-packages/airflow/example_dags/example_short_circuit_decorator.py
[2025-01-29T15:16:10.675+0000] {processor.py:925} INFO - DAG(s) 'example_short_circuit_decorator' retrieved from /home/airflow/.local/lib/python3.10/site-packages/airflow/example_dags/example_short_circuit_decorator.py
[2025-01-29T15:16:10.698+0000] {logging_mixin.py:190} INFO - [2025-01-29T15:16:10.698+0000] {dag.py:3239} INFO - Sync 1 DAGs
[2025-01-29T15:16:10.713+0000] {logging_mixin.py:190} INFO - [2025-01-29T15:16:10.713+0000] {dag.py:4180} INFO - Setting next_dagrun for example_short_circuit_decorator to None, run_after=None
[2025-01-29T15:16:10.731+0000] {processor.py:208} INFO - Processing /home/airflow/.local/lib/python3.10/site-packages/airflow/example_dags/example_short_circuit_decorator.py took 0.075 seconds
[2025-01-29T15:16:40.872+0000] {processor.py:186} INFO - Started process (PID=2910) to work on /home/airflow/.local/lib/python3.10/site-packages/airflow/example_dags/example_short_circuit_decorator.py
[2025-01-29T15:16:40.873+0000] {processor.py:914} INFO - Processing file /home/airflow/.local/lib/python3.10/site-packages/airflow/example_dags/example_short_circuit_decorator.py for tasks to queue
[2025-01-29T15:16:40.875+0000] {logging_mixin.py:190} INFO - [2025-01-29T15:16:40.875+0000] {dagbag.py:588} INFO - Filling up the DagBag from /home/airflow/.local/lib/python3.10/site-packages/airflow/example_dags/example_short_circuit_decorator.py
[2025-01-29T15:16:40.884+0000] {processor.py:925} INFO - DAG(s) 'example_short_circuit_decorator' retrieved from /home/airflow/.local/lib/python3.10/site-packages/airflow/example_dags/example_short_circuit_decorator.py
[2025-01-29T15:16:40.905+0000] {logging_mixin.py:190} INFO - [2025-01-29T15:16:40.905+0000] {dag.py:3239} INFO - Sync 1 DAGs
[2025-01-29T15:16:40.917+0000] {logging_mixin.py:190} INFO - [2025-01-29T15:16:40.917+0000] {dag.py:4180} INFO - Setting next_dagrun for example_short_circuit_decorator to None, run_after=None
[2025-01-29T15:16:40.932+0000] {processor.py:208} INFO - Processing /home/airflow/.local/lib/python3.10/site-packages/airflow/example_dags/example_short_circuit_decorator.py took 0.064 seconds
[2025-01-29T15:17:11.149+0000] {processor.py:186} INFO - Started process (PID=2976) to work on /home/airflow/.local/lib/python3.10/site-packages/airflow/example_dags/example_short_circuit_decorator.py
[2025-01-29T15:17:11.150+0000] {processor.py:914} INFO - Processing file /home/airflow/.local/lib/python3.10/site-packages/airflow/example_dags/example_short_circuit_decorator.py for tasks to queue
[2025-01-29T15:17:11.152+0000] {logging_mixin.py:190} INFO - [2025-01-29T15:17:11.152+0000] {dagbag.py:588} INFO - Filling up the DagBag from /home/airflow/.local/lib/python3.10/site-packages/airflow/example_dags/example_short_circuit_decorator.py
[2025-01-29T15:17:11.162+0000] {processor.py:925} INFO - DAG(s) 'example_short_circuit_decorator' retrieved from /home/airflow/.local/lib/python3.10/site-packages/airflow/example_dags/example_short_circuit_decorator.py
[2025-01-29T15:17:11.183+0000] {logging_mixin.py:190} INFO - [2025-01-29T15:17:11.183+0000] {dag.py:3239} INFO - Sync 1 DAGs
[2025-01-29T15:17:11.196+0000] {logging_mixin.py:190} INFO - [2025-01-29T15:17:11.196+0000] {dag.py:4180} INFO - Setting next_dagrun for example_short_circuit_decorator to None, run_after=None
[2025-01-29T15:17:11.213+0000] {processor.py:208} INFO - Processing /home/airflow/.local/lib/python3.10/site-packages/airflow/example_dags/example_short_circuit_decorator.py took 0.070 seconds
[2025-01-29T15:17:41.371+0000] {processor.py:186} INFO - Started process (PID=3042) to work on /home/airflow/.local/lib/python3.10/site-packages/airflow/example_dags/example_short_circuit_decorator.py
[2025-01-29T15:17:41.372+0000] {processor.py:914} INFO - Processing file /home/airflow/.local/lib/python3.10/site-packages/airflow/example_dags/example_short_circuit_decorator.py for tasks to queue
[2025-01-29T15:17:41.374+0000] {logging_mixin.py:190} INFO - [2025-01-29T15:17:41.374+0000] {dagbag.py:588} INFO - Filling up the DagBag from /home/airflow/.local/lib/python3.10/site-packages/airflow/example_dags/example_short_circuit_decorator.py
[2025-01-29T15:17:41.383+0000] {processor.py:925} INFO - DAG(s) 'example_short_circuit_decorator' retrieved from /home/airflow/.local/lib/python3.10/site-packages/airflow/example_dags/example_short_circuit_decorator.py
[2025-01-29T15:17:41.408+0000] {logging_mixin.py:190} INFO - [2025-01-29T15:17:41.407+0000] {dag.py:3239} INFO - Sync 1 DAGs
[2025-01-29T15:17:41.428+0000] {logging_mixin.py:190} INFO - [2025-01-29T15:17:41.428+0000] {dag.py:4180} INFO - Setting next_dagrun for example_short_circuit_decorator to None, run_after=None
[2025-01-29T15:17:41.444+0000] {processor.py:208} INFO - Processing /home/airflow/.local/lib/python3.10/site-packages/airflow/example_dags/example_short_circuit_decorator.py took 0.078 seconds
[2025-01-29T15:18:11.482+0000] {processor.py:186} INFO - Started process (PID=3108) to work on /home/airflow/.local/lib/python3.10/site-packages/airflow/example_dags/example_short_circuit_decorator.py
[2025-01-29T15:18:11.483+0000] {processor.py:914} INFO - Processing file /home/airflow/.local/lib/python3.10/site-packages/airflow/example_dags/example_short_circuit_decorator.py for tasks to queue
[2025-01-29T15:18:11.485+0000] {logging_mixin.py:190} INFO - [2025-01-29T15:18:11.485+0000] {dagbag.py:588} INFO - Filling up the DagBag from /home/airflow/.local/lib/python3.10/site-packages/airflow/example_dags/example_short_circuit_decorator.py
[2025-01-29T15:18:11.494+0000] {processor.py:925} INFO - DAG(s) 'example_short_circuit_decorator' retrieved from /home/airflow/.local/lib/python3.10/site-packages/airflow/example_dags/example_short_circuit_decorator.py
[2025-01-29T15:18:11.515+0000] {logging_mixin.py:190} INFO - [2025-01-29T15:18:11.515+0000] {dag.py:3239} INFO - Sync 1 DAGs
[2025-01-29T15:18:11.528+0000] {logging_mixin.py:190} INFO - [2025-01-29T15:18:11.528+0000] {dag.py:4180} INFO - Setting next_dagrun for example_short_circuit_decorator to None, run_after=None
[2025-01-29T15:18:11.543+0000] {processor.py:208} INFO - Processing /home/airflow/.local/lib/python3.10/site-packages/airflow/example_dags/example_short_circuit_decorator.py took 0.066 seconds
