[2025-01-29T14:54:59.317+0000] {processor.py:186} INFO - Started process (PID=111) to work on /home/airflow/.local/lib/python3.10/site-packages/airflow/example_dags/example_task_group.py
[2025-01-29T14:54:59.318+0000] {processor.py:914} INFO - Processing file /home/airflow/.local/lib/python3.10/site-packages/airflow/example_dags/example_task_group.py for tasks to queue
[2025-01-29T14:54:59.321+0000] {logging_mixin.py:190} INFO - [2025-01-29T14:54:59.321+0000] {dagbag.py:588} INFO - Filling up the DagBag from /home/airflow/.local/lib/python3.10/site-packages/airflow/example_dags/example_task_group.py
[2025-01-29T14:54:59.330+0000] {processor.py:925} INFO - DAG(s) 'example_task_group' retrieved from /home/airflow/.local/lib/python3.10/site-packages/airflow/example_dags/example_task_group.py
[2025-01-29T14:54:59.350+0000] {logging_mixin.py:190} INFO - [2025-01-29T14:54:59.350+0000] {dag.py:3239} INFO - Sync 1 DAGs
[2025-01-29T14:54:59.363+0000] {logging_mixin.py:190} INFO - [2025-01-29T14:54:59.363+0000] {dag.py:4180} INFO - Setting next_dagrun for example_task_group to None, run_after=None
[2025-01-29T14:54:59.381+0000] {processor.py:208} INFO - Processing /home/airflow/.local/lib/python3.10/site-packages/airflow/example_dags/example_task_group.py took 0.070 seconds
[2025-01-29T14:55:30.403+0000] {processor.py:186} INFO - Started process (PID=177) to work on /home/airflow/.local/lib/python3.10/site-packages/airflow/example_dags/example_task_group.py
[2025-01-29T14:55:30.404+0000] {processor.py:914} INFO - Processing file /home/airflow/.local/lib/python3.10/site-packages/airflow/example_dags/example_task_group.py for tasks to queue
[2025-01-29T14:55:30.407+0000] {logging_mixin.py:190} INFO - [2025-01-29T14:55:30.407+0000] {dagbag.py:588} INFO - Filling up the DagBag from /home/airflow/.local/lib/python3.10/site-packages/airflow/example_dags/example_task_group.py
[2025-01-29T14:55:30.416+0000] {processor.py:925} INFO - DAG(s) 'example_task_group' retrieved from /home/airflow/.local/lib/python3.10/site-packages/airflow/example_dags/example_task_group.py
[2025-01-29T14:55:30.436+0000] {logging_mixin.py:190} INFO - [2025-01-29T14:55:30.436+0000] {dag.py:3239} INFO - Sync 1 DAGs
[2025-01-29T14:55:30.450+0000] {logging_mixin.py:190} INFO - [2025-01-29T14:55:30.450+0000] {dag.py:4180} INFO - Setting next_dagrun for example_task_group to None, run_after=None
[2025-01-29T14:55:30.467+0000] {processor.py:208} INFO - Processing /home/airflow/.local/lib/python3.10/site-packages/airflow/example_dags/example_task_group.py took 0.069 seconds
[2025-01-29T14:56:00.561+0000] {processor.py:186} INFO - Started process (PID=243) to work on /home/airflow/.local/lib/python3.10/site-packages/airflow/example_dags/example_task_group.py
[2025-01-29T14:56:00.562+0000] {processor.py:914} INFO - Processing file /home/airflow/.local/lib/python3.10/site-packages/airflow/example_dags/example_task_group.py for tasks to queue
[2025-01-29T14:56:00.565+0000] {logging_mixin.py:190} INFO - [2025-01-29T14:56:00.564+0000] {dagbag.py:588} INFO - Filling up the DagBag from /home/airflow/.local/lib/python3.10/site-packages/airflow/example_dags/example_task_group.py
[2025-01-29T14:56:00.572+0000] {processor.py:925} INFO - DAG(s) 'example_task_group' retrieved from /home/airflow/.local/lib/python3.10/site-packages/airflow/example_dags/example_task_group.py
[2025-01-29T14:56:00.590+0000] {logging_mixin.py:190} INFO - [2025-01-29T14:56:00.590+0000] {dag.py:3239} INFO - Sync 1 DAGs
[2025-01-29T14:56:00.602+0000] {logging_mixin.py:190} INFO - [2025-01-29T14:56:00.602+0000] {dag.py:4180} INFO - Setting next_dagrun for example_task_group to None, run_after=None
[2025-01-29T14:56:00.617+0000] {processor.py:208} INFO - Processing /home/airflow/.local/lib/python3.10/site-packages/airflow/example_dags/example_task_group.py took 0.061 seconds
[2025-01-29T14:56:30.808+0000] {processor.py:186} INFO - Started process (PID=309) to work on /home/airflow/.local/lib/python3.10/site-packages/airflow/example_dags/example_task_group.py
[2025-01-29T14:56:30.809+0000] {processor.py:914} INFO - Processing file /home/airflow/.local/lib/python3.10/site-packages/airflow/example_dags/example_task_group.py for tasks to queue
[2025-01-29T14:56:30.812+0000] {logging_mixin.py:190} INFO - [2025-01-29T14:56:30.812+0000] {dagbag.py:588} INFO - Filling up the DagBag from /home/airflow/.local/lib/python3.10/site-packages/airflow/example_dags/example_task_group.py
[2025-01-29T14:56:30.820+0000] {processor.py:925} INFO - DAG(s) 'example_task_group' retrieved from /home/airflow/.local/lib/python3.10/site-packages/airflow/example_dags/example_task_group.py
[2025-01-29T14:56:30.840+0000] {logging_mixin.py:190} INFO - [2025-01-29T14:56:30.839+0000] {dag.py:3239} INFO - Sync 1 DAGs
[2025-01-29T14:56:30.854+0000] {logging_mixin.py:190} INFO - [2025-01-29T14:56:30.854+0000] {dag.py:4180} INFO - Setting next_dagrun for example_task_group to None, run_after=None
[2025-01-29T14:56:30.871+0000] {processor.py:208} INFO - Processing /home/airflow/.local/lib/python3.10/site-packages/airflow/example_dags/example_task_group.py took 0.068 seconds
[2025-01-29T14:57:01.168+0000] {processor.py:186} INFO - Started process (PID=375) to work on /home/airflow/.local/lib/python3.10/site-packages/airflow/example_dags/example_task_group.py
[2025-01-29T14:57:01.168+0000] {processor.py:914} INFO - Processing file /home/airflow/.local/lib/python3.10/site-packages/airflow/example_dags/example_task_group.py for tasks to queue
[2025-01-29T14:57:01.171+0000] {logging_mixin.py:190} INFO - [2025-01-29T14:57:01.171+0000] {dagbag.py:588} INFO - Filling up the DagBag from /home/airflow/.local/lib/python3.10/site-packages/airflow/example_dags/example_task_group.py
[2025-01-29T14:57:01.179+0000] {processor.py:925} INFO - DAG(s) 'example_task_group' retrieved from /home/airflow/.local/lib/python3.10/site-packages/airflow/example_dags/example_task_group.py
[2025-01-29T14:57:01.201+0000] {logging_mixin.py:190} INFO - [2025-01-29T14:57:01.200+0000] {dag.py:3239} INFO - Sync 1 DAGs
[2025-01-29T14:57:01.214+0000] {logging_mixin.py:190} INFO - [2025-01-29T14:57:01.214+0000] {dag.py:4180} INFO - Setting next_dagrun for example_task_group to None, run_after=None
[2025-01-29T14:57:01.232+0000] {processor.py:208} INFO - Processing /home/airflow/.local/lib/python3.10/site-packages/airflow/example_dags/example_task_group.py took 0.071 seconds
[2025-01-29T14:57:31.468+0000] {processor.py:186} INFO - Started process (PID=441) to work on /home/airflow/.local/lib/python3.10/site-packages/airflow/example_dags/example_task_group.py
[2025-01-29T14:57:31.469+0000] {processor.py:914} INFO - Processing file /home/airflow/.local/lib/python3.10/site-packages/airflow/example_dags/example_task_group.py for tasks to queue
[2025-01-29T14:57:31.472+0000] {logging_mixin.py:190} INFO - [2025-01-29T14:57:31.472+0000] {dagbag.py:588} INFO - Filling up the DagBag from /home/airflow/.local/lib/python3.10/site-packages/airflow/example_dags/example_task_group.py
[2025-01-29T14:57:31.481+0000] {processor.py:925} INFO - DAG(s) 'example_task_group' retrieved from /home/airflow/.local/lib/python3.10/site-packages/airflow/example_dags/example_task_group.py
[2025-01-29T14:57:31.502+0000] {logging_mixin.py:190} INFO - [2025-01-29T14:57:31.502+0000] {dag.py:3239} INFO - Sync 1 DAGs
[2025-01-29T14:57:31.516+0000] {logging_mixin.py:190} INFO - [2025-01-29T14:57:31.516+0000] {dag.py:4180} INFO - Setting next_dagrun for example_task_group to None, run_after=None
[2025-01-29T14:57:31.533+0000] {processor.py:208} INFO - Processing /home/airflow/.local/lib/python3.10/site-packages/airflow/example_dags/example_task_group.py took 0.071 seconds
[2025-01-29T14:58:01.979+0000] {processor.py:186} INFO - Started process (PID=507) to work on /home/airflow/.local/lib/python3.10/site-packages/airflow/example_dags/example_task_group.py
[2025-01-29T14:58:01.980+0000] {processor.py:914} INFO - Processing file /home/airflow/.local/lib/python3.10/site-packages/airflow/example_dags/example_task_group.py for tasks to queue
[2025-01-29T14:58:01.982+0000] {logging_mixin.py:190} INFO - [2025-01-29T14:58:01.982+0000] {dagbag.py:588} INFO - Filling up the DagBag from /home/airflow/.local/lib/python3.10/site-packages/airflow/example_dags/example_task_group.py
[2025-01-29T14:58:01.990+0000] {processor.py:925} INFO - DAG(s) 'example_task_group' retrieved from /home/airflow/.local/lib/python3.10/site-packages/airflow/example_dags/example_task_group.py
[2025-01-29T14:58:02.010+0000] {logging_mixin.py:190} INFO - [2025-01-29T14:58:02.010+0000] {dag.py:3239} INFO - Sync 1 DAGs
[2025-01-29T14:58:02.023+0000] {logging_mixin.py:190} INFO - [2025-01-29T14:58:02.023+0000] {dag.py:4180} INFO - Setting next_dagrun for example_task_group to None, run_after=None
[2025-01-29T14:58:02.038+0000] {processor.py:208} INFO - Processing /home/airflow/.local/lib/python3.10/site-packages/airflow/example_dags/example_task_group.py took 0.064 seconds
[2025-01-29T14:58:32.488+0000] {processor.py:186} INFO - Started process (PID=573) to work on /home/airflow/.local/lib/python3.10/site-packages/airflow/example_dags/example_task_group.py
[2025-01-29T14:58:32.489+0000] {processor.py:914} INFO - Processing file /home/airflow/.local/lib/python3.10/site-packages/airflow/example_dags/example_task_group.py for tasks to queue
[2025-01-29T14:58:32.491+0000] {logging_mixin.py:190} INFO - [2025-01-29T14:58:32.491+0000] {dagbag.py:588} INFO - Filling up the DagBag from /home/airflow/.local/lib/python3.10/site-packages/airflow/example_dags/example_task_group.py
[2025-01-29T14:58:32.498+0000] {processor.py:925} INFO - DAG(s) 'example_task_group' retrieved from /home/airflow/.local/lib/python3.10/site-packages/airflow/example_dags/example_task_group.py
[2025-01-29T14:58:32.517+0000] {logging_mixin.py:190} INFO - [2025-01-29T14:58:32.517+0000] {dag.py:3239} INFO - Sync 1 DAGs
[2025-01-29T14:58:32.529+0000] {logging_mixin.py:190} INFO - [2025-01-29T14:58:32.529+0000] {dag.py:4180} INFO - Setting next_dagrun for example_task_group to None, run_after=None
[2025-01-29T14:58:32.544+0000] {processor.py:208} INFO - Processing /home/airflow/.local/lib/python3.10/site-packages/airflow/example_dags/example_task_group.py took 0.061 seconds
[2025-01-29T14:59:02.718+0000] {processor.py:186} INFO - Started process (PID=639) to work on /home/airflow/.local/lib/python3.10/site-packages/airflow/example_dags/example_task_group.py
[2025-01-29T14:59:02.718+0000] {processor.py:914} INFO - Processing file /home/airflow/.local/lib/python3.10/site-packages/airflow/example_dags/example_task_group.py for tasks to queue
[2025-01-29T14:59:02.721+0000] {logging_mixin.py:190} INFO - [2025-01-29T14:59:02.720+0000] {dagbag.py:588} INFO - Filling up the DagBag from /home/airflow/.local/lib/python3.10/site-packages/airflow/example_dags/example_task_group.py
[2025-01-29T14:59:02.728+0000] {processor.py:925} INFO - DAG(s) 'example_task_group' retrieved from /home/airflow/.local/lib/python3.10/site-packages/airflow/example_dags/example_task_group.py
[2025-01-29T14:59:02.746+0000] {logging_mixin.py:190} INFO - [2025-01-29T14:59:02.746+0000] {dag.py:3239} INFO - Sync 1 DAGs
[2025-01-29T14:59:02.758+0000] {logging_mixin.py:190} INFO - [2025-01-29T14:59:02.758+0000] {dag.py:4180} INFO - Setting next_dagrun for example_task_group to None, run_after=None
[2025-01-29T14:59:02.772+0000] {processor.py:208} INFO - Processing /home/airflow/.local/lib/python3.10/site-packages/airflow/example_dags/example_task_group.py took 0.060 seconds
[2025-01-29T14:59:32.934+0000] {processor.py:186} INFO - Started process (PID=705) to work on /home/airflow/.local/lib/python3.10/site-packages/airflow/example_dags/example_task_group.py
[2025-01-29T14:59:32.935+0000] {processor.py:914} INFO - Processing file /home/airflow/.local/lib/python3.10/site-packages/airflow/example_dags/example_task_group.py for tasks to queue
[2025-01-29T14:59:32.938+0000] {logging_mixin.py:190} INFO - [2025-01-29T14:59:32.937+0000] {dagbag.py:588} INFO - Filling up the DagBag from /home/airflow/.local/lib/python3.10/site-packages/airflow/example_dags/example_task_group.py
[2025-01-29T14:59:32.945+0000] {processor.py:925} INFO - DAG(s) 'example_task_group' retrieved from /home/airflow/.local/lib/python3.10/site-packages/airflow/example_dags/example_task_group.py
[2025-01-29T14:59:32.962+0000] {logging_mixin.py:190} INFO - [2025-01-29T14:59:32.962+0000] {dag.py:3239} INFO - Sync 1 DAGs
[2025-01-29T14:59:32.975+0000] {logging_mixin.py:190} INFO - [2025-01-29T14:59:32.974+0000] {dag.py:4180} INFO - Setting next_dagrun for example_task_group to None, run_after=None
[2025-01-29T14:59:32.989+0000] {processor.py:208} INFO - Processing /home/airflow/.local/lib/python3.10/site-packages/airflow/example_dags/example_task_group.py took 0.060 seconds
[2025-01-29T15:00:03.272+0000] {processor.py:186} INFO - Started process (PID=771) to work on /home/airflow/.local/lib/python3.10/site-packages/airflow/example_dags/example_task_group.py
[2025-01-29T15:00:03.272+0000] {processor.py:914} INFO - Processing file /home/airflow/.local/lib/python3.10/site-packages/airflow/example_dags/example_task_group.py for tasks to queue
[2025-01-29T15:00:03.274+0000] {logging_mixin.py:190} INFO - [2025-01-29T15:00:03.274+0000] {dagbag.py:588} INFO - Filling up the DagBag from /home/airflow/.local/lib/python3.10/site-packages/airflow/example_dags/example_task_group.py
[2025-01-29T15:00:03.282+0000] {processor.py:925} INFO - DAG(s) 'example_task_group' retrieved from /home/airflow/.local/lib/python3.10/site-packages/airflow/example_dags/example_task_group.py
[2025-01-29T15:00:03.300+0000] {logging_mixin.py:190} INFO - [2025-01-29T15:00:03.300+0000] {dag.py:3239} INFO - Sync 1 DAGs
[2025-01-29T15:00:03.313+0000] {logging_mixin.py:190} INFO - [2025-01-29T15:00:03.313+0000] {dag.py:4180} INFO - Setting next_dagrun for example_task_group to None, run_after=None
[2025-01-29T15:00:03.328+0000] {processor.py:208} INFO - Processing /home/airflow/.local/lib/python3.10/site-packages/airflow/example_dags/example_task_group.py took 0.061 seconds
[2025-01-29T15:00:34.324+0000] {processor.py:186} INFO - Started process (PID=837) to work on /home/airflow/.local/lib/python3.10/site-packages/airflow/example_dags/example_task_group.py
[2025-01-29T15:00:34.325+0000] {processor.py:914} INFO - Processing file /home/airflow/.local/lib/python3.10/site-packages/airflow/example_dags/example_task_group.py for tasks to queue
[2025-01-29T15:00:34.327+0000] {logging_mixin.py:190} INFO - [2025-01-29T15:00:34.327+0000] {dagbag.py:588} INFO - Filling up the DagBag from /home/airflow/.local/lib/python3.10/site-packages/airflow/example_dags/example_task_group.py
[2025-01-29T15:00:34.334+0000] {processor.py:925} INFO - DAG(s) 'example_task_group' retrieved from /home/airflow/.local/lib/python3.10/site-packages/airflow/example_dags/example_task_group.py
[2025-01-29T15:00:34.353+0000] {logging_mixin.py:190} INFO - [2025-01-29T15:00:34.353+0000] {dag.py:3239} INFO - Sync 1 DAGs
[2025-01-29T15:00:34.365+0000] {logging_mixin.py:190} INFO - [2025-01-29T15:00:34.365+0000] {dag.py:4180} INFO - Setting next_dagrun for example_task_group to None, run_after=None
[2025-01-29T15:00:34.380+0000] {processor.py:208} INFO - Processing /home/airflow/.local/lib/python3.10/site-packages/airflow/example_dags/example_task_group.py took 0.061 seconds
[2025-01-29T15:01:04.455+0000] {processor.py:186} INFO - Started process (PID=903) to work on /home/airflow/.local/lib/python3.10/site-packages/airflow/example_dags/example_task_group.py
[2025-01-29T15:01:04.456+0000] {processor.py:914} INFO - Processing file /home/airflow/.local/lib/python3.10/site-packages/airflow/example_dags/example_task_group.py for tasks to queue
[2025-01-29T15:01:04.458+0000] {logging_mixin.py:190} INFO - [2025-01-29T15:01:04.458+0000] {dagbag.py:588} INFO - Filling up the DagBag from /home/airflow/.local/lib/python3.10/site-packages/airflow/example_dags/example_task_group.py
[2025-01-29T15:01:04.466+0000] {processor.py:925} INFO - DAG(s) 'example_task_group' retrieved from /home/airflow/.local/lib/python3.10/site-packages/airflow/example_dags/example_task_group.py
[2025-01-29T15:01:04.484+0000] {logging_mixin.py:190} INFO - [2025-01-29T15:01:04.484+0000] {dag.py:3239} INFO - Sync 1 DAGs
[2025-01-29T15:01:04.497+0000] {logging_mixin.py:190} INFO - [2025-01-29T15:01:04.496+0000] {dag.py:4180} INFO - Setting next_dagrun for example_task_group to None, run_after=None
[2025-01-29T15:01:04.513+0000] {processor.py:208} INFO - Processing /home/airflow/.local/lib/python3.10/site-packages/airflow/example_dags/example_task_group.py took 0.063 seconds
[2025-01-29T15:01:34.569+0000] {processor.py:186} INFO - Started process (PID=969) to work on /home/airflow/.local/lib/python3.10/site-packages/airflow/example_dags/example_task_group.py
[2025-01-29T15:01:34.570+0000] {processor.py:914} INFO - Processing file /home/airflow/.local/lib/python3.10/site-packages/airflow/example_dags/example_task_group.py for tasks to queue
[2025-01-29T15:01:34.572+0000] {logging_mixin.py:190} INFO - [2025-01-29T15:01:34.572+0000] {dagbag.py:588} INFO - Filling up the DagBag from /home/airflow/.local/lib/python3.10/site-packages/airflow/example_dags/example_task_group.py
[2025-01-29T15:01:34.580+0000] {processor.py:925} INFO - DAG(s) 'example_task_group' retrieved from /home/airflow/.local/lib/python3.10/site-packages/airflow/example_dags/example_task_group.py
[2025-01-29T15:01:34.599+0000] {logging_mixin.py:190} INFO - [2025-01-29T15:01:34.599+0000] {dag.py:3239} INFO - Sync 1 DAGs
[2025-01-29T15:01:34.611+0000] {logging_mixin.py:190} INFO - [2025-01-29T15:01:34.610+0000] {dag.py:4180} INFO - Setting next_dagrun for example_task_group to None, run_after=None
[2025-01-29T15:01:34.626+0000] {processor.py:208} INFO - Processing /home/airflow/.local/lib/python3.10/site-packages/airflow/example_dags/example_task_group.py took 0.063 seconds
[2025-01-29T15:02:05.103+0000] {processor.py:186} INFO - Started process (PID=1035) to work on /home/airflow/.local/lib/python3.10/site-packages/airflow/example_dags/example_task_group.py
[2025-01-29T15:02:05.103+0000] {processor.py:914} INFO - Processing file /home/airflow/.local/lib/python3.10/site-packages/airflow/example_dags/example_task_group.py for tasks to queue
[2025-01-29T15:02:05.106+0000] {logging_mixin.py:190} INFO - [2025-01-29T15:02:05.106+0000] {dagbag.py:588} INFO - Filling up the DagBag from /home/airflow/.local/lib/python3.10/site-packages/airflow/example_dags/example_task_group.py
[2025-01-29T15:02:05.113+0000] {processor.py:925} INFO - DAG(s) 'example_task_group' retrieved from /home/airflow/.local/lib/python3.10/site-packages/airflow/example_dags/example_task_group.py
[2025-01-29T15:02:05.133+0000] {logging_mixin.py:190} INFO - [2025-01-29T15:02:05.133+0000] {dag.py:3239} INFO - Sync 1 DAGs
[2025-01-29T15:02:05.147+0000] {logging_mixin.py:190} INFO - [2025-01-29T15:02:05.146+0000] {dag.py:4180} INFO - Setting next_dagrun for example_task_group to None, run_after=None
[2025-01-29T15:02:05.162+0000] {processor.py:208} INFO - Processing /home/airflow/.local/lib/python3.10/site-packages/airflow/example_dags/example_task_group.py took 0.065 seconds
[2025-01-29T15:02:35.219+0000] {processor.py:186} INFO - Started process (PID=1101) to work on /home/airflow/.local/lib/python3.10/site-packages/airflow/example_dags/example_task_group.py
[2025-01-29T15:02:35.219+0000] {processor.py:914} INFO - Processing file /home/airflow/.local/lib/python3.10/site-packages/airflow/example_dags/example_task_group.py for tasks to queue
[2025-01-29T15:02:35.222+0000] {logging_mixin.py:190} INFO - [2025-01-29T15:02:35.222+0000] {dagbag.py:588} INFO - Filling up the DagBag from /home/airflow/.local/lib/python3.10/site-packages/airflow/example_dags/example_task_group.py
[2025-01-29T15:02:35.229+0000] {processor.py:925} INFO - DAG(s) 'example_task_group' retrieved from /home/airflow/.local/lib/python3.10/site-packages/airflow/example_dags/example_task_group.py
[2025-01-29T15:02:35.248+0000] {logging_mixin.py:190} INFO - [2025-01-29T15:02:35.248+0000] {dag.py:3239} INFO - Sync 1 DAGs
[2025-01-29T15:02:35.261+0000] {logging_mixin.py:190} INFO - [2025-01-29T15:02:35.261+0000] {dag.py:4180} INFO - Setting next_dagrun for example_task_group to None, run_after=None
[2025-01-29T15:02:35.276+0000] {processor.py:208} INFO - Processing /home/airflow/.local/lib/python3.10/site-packages/airflow/example_dags/example_task_group.py took 0.063 seconds
[2025-01-29T15:03:05.538+0000] {processor.py:186} INFO - Started process (PID=1167) to work on /home/airflow/.local/lib/python3.10/site-packages/airflow/example_dags/example_task_group.py
[2025-01-29T15:03:05.539+0000] {processor.py:914} INFO - Processing file /home/airflow/.local/lib/python3.10/site-packages/airflow/example_dags/example_task_group.py for tasks to queue
[2025-01-29T15:03:05.541+0000] {logging_mixin.py:190} INFO - [2025-01-29T15:03:05.541+0000] {dagbag.py:588} INFO - Filling up the DagBag from /home/airflow/.local/lib/python3.10/site-packages/airflow/example_dags/example_task_group.py
[2025-01-29T15:03:05.549+0000] {processor.py:925} INFO - DAG(s) 'example_task_group' retrieved from /home/airflow/.local/lib/python3.10/site-packages/airflow/example_dags/example_task_group.py
[2025-01-29T15:03:05.568+0000] {logging_mixin.py:190} INFO - [2025-01-29T15:03:05.567+0000] {dag.py:3239} INFO - Sync 1 DAGs
[2025-01-29T15:03:05.580+0000] {logging_mixin.py:190} INFO - [2025-01-29T15:03:05.580+0000] {dag.py:4180} INFO - Setting next_dagrun for example_task_group to None, run_after=None
[2025-01-29T15:03:05.595+0000] {processor.py:208} INFO - Processing /home/airflow/.local/lib/python3.10/site-packages/airflow/example_dags/example_task_group.py took 0.062 seconds
[2025-01-29T15:03:35.917+0000] {processor.py:186} INFO - Started process (PID=1233) to work on /home/airflow/.local/lib/python3.10/site-packages/airflow/example_dags/example_task_group.py
[2025-01-29T15:03:35.918+0000] {processor.py:914} INFO - Processing file /home/airflow/.local/lib/python3.10/site-packages/airflow/example_dags/example_task_group.py for tasks to queue
[2025-01-29T15:03:35.920+0000] {logging_mixin.py:190} INFO - [2025-01-29T15:03:35.920+0000] {dagbag.py:588} INFO - Filling up the DagBag from /home/airflow/.local/lib/python3.10/site-packages/airflow/example_dags/example_task_group.py
[2025-01-29T15:03:35.927+0000] {processor.py:925} INFO - DAG(s) 'example_task_group' retrieved from /home/airflow/.local/lib/python3.10/site-packages/airflow/example_dags/example_task_group.py
[2025-01-29T15:03:35.946+0000] {logging_mixin.py:190} INFO - [2025-01-29T15:03:35.946+0000] {dag.py:3239} INFO - Sync 1 DAGs
[2025-01-29T15:03:35.958+0000] {logging_mixin.py:190} INFO - [2025-01-29T15:03:35.958+0000] {dag.py:4180} INFO - Setting next_dagrun for example_task_group to None, run_after=None
[2025-01-29T15:03:35.974+0000] {processor.py:208} INFO - Processing /home/airflow/.local/lib/python3.10/site-packages/airflow/example_dags/example_task_group.py took 0.062 seconds
[2025-01-29T15:04:06.239+0000] {processor.py:186} INFO - Started process (PID=1299) to work on /home/airflow/.local/lib/python3.10/site-packages/airflow/example_dags/example_task_group.py
[2025-01-29T15:04:06.240+0000] {processor.py:914} INFO - Processing file /home/airflow/.local/lib/python3.10/site-packages/airflow/example_dags/example_task_group.py for tasks to queue
[2025-01-29T15:04:06.242+0000] {logging_mixin.py:190} INFO - [2025-01-29T15:04:06.242+0000] {dagbag.py:588} INFO - Filling up the DagBag from /home/airflow/.local/lib/python3.10/site-packages/airflow/example_dags/example_task_group.py
[2025-01-29T15:04:06.249+0000] {processor.py:925} INFO - DAG(s) 'example_task_group' retrieved from /home/airflow/.local/lib/python3.10/site-packages/airflow/example_dags/example_task_group.py
[2025-01-29T15:04:06.269+0000] {logging_mixin.py:190} INFO - [2025-01-29T15:04:06.268+0000] {dag.py:3239} INFO - Sync 1 DAGs
[2025-01-29T15:04:06.281+0000] {logging_mixin.py:190} INFO - [2025-01-29T15:04:06.281+0000] {dag.py:4180} INFO - Setting next_dagrun for example_task_group to None, run_after=None
[2025-01-29T15:04:06.294+0000] {processor.py:208} INFO - Processing /home/airflow/.local/lib/python3.10/site-packages/airflow/example_dags/example_task_group.py took 0.061 seconds
[2025-01-29T15:04:36.621+0000] {processor.py:186} INFO - Started process (PID=1365) to work on /home/airflow/.local/lib/python3.10/site-packages/airflow/example_dags/example_task_group.py
[2025-01-29T15:04:36.622+0000] {processor.py:914} INFO - Processing file /home/airflow/.local/lib/python3.10/site-packages/airflow/example_dags/example_task_group.py for tasks to queue
[2025-01-29T15:04:36.624+0000] {logging_mixin.py:190} INFO - [2025-01-29T15:04:36.624+0000] {dagbag.py:588} INFO - Filling up the DagBag from /home/airflow/.local/lib/python3.10/site-packages/airflow/example_dags/example_task_group.py
[2025-01-29T15:04:36.632+0000] {processor.py:925} INFO - DAG(s) 'example_task_group' retrieved from /home/airflow/.local/lib/python3.10/site-packages/airflow/example_dags/example_task_group.py
[2025-01-29T15:04:36.651+0000] {logging_mixin.py:190} INFO - [2025-01-29T15:04:36.651+0000] {dag.py:3239} INFO - Sync 1 DAGs
[2025-01-29T15:04:36.664+0000] {logging_mixin.py:190} INFO - [2025-01-29T15:04:36.664+0000] {dag.py:4180} INFO - Setting next_dagrun for example_task_group to None, run_after=None
[2025-01-29T15:04:36.679+0000] {processor.py:208} INFO - Processing /home/airflow/.local/lib/python3.10/site-packages/airflow/example_dags/example_task_group.py took 0.062 seconds
[2025-01-29T15:05:06.985+0000] {processor.py:186} INFO - Started process (PID=1431) to work on /home/airflow/.local/lib/python3.10/site-packages/airflow/example_dags/example_task_group.py
[2025-01-29T15:05:06.985+0000] {processor.py:914} INFO - Processing file /home/airflow/.local/lib/python3.10/site-packages/airflow/example_dags/example_task_group.py for tasks to queue
[2025-01-29T15:05:06.988+0000] {logging_mixin.py:190} INFO - [2025-01-29T15:05:06.987+0000] {dagbag.py:588} INFO - Filling up the DagBag from /home/airflow/.local/lib/python3.10/site-packages/airflow/example_dags/example_task_group.py
[2025-01-29T15:05:06.995+0000] {processor.py:925} INFO - DAG(s) 'example_task_group' retrieved from /home/airflow/.local/lib/python3.10/site-packages/airflow/example_dags/example_task_group.py
[2025-01-29T15:05:07.014+0000] {logging_mixin.py:190} INFO - [2025-01-29T15:05:07.014+0000] {dag.py:3239} INFO - Sync 1 DAGs
[2025-01-29T15:05:07.028+0000] {logging_mixin.py:190} INFO - [2025-01-29T15:05:07.028+0000] {dag.py:4180} INFO - Setting next_dagrun for example_task_group to None, run_after=None
[2025-01-29T15:05:07.043+0000] {processor.py:208} INFO - Processing /home/airflow/.local/lib/python3.10/site-packages/airflow/example_dags/example_task_group.py took 0.063 seconds
[2025-01-29T15:05:37.978+0000] {processor.py:186} INFO - Started process (PID=1497) to work on /home/airflow/.local/lib/python3.10/site-packages/airflow/example_dags/example_task_group.py
[2025-01-29T15:05:37.979+0000] {processor.py:914} INFO - Processing file /home/airflow/.local/lib/python3.10/site-packages/airflow/example_dags/example_task_group.py for tasks to queue
[2025-01-29T15:05:37.981+0000] {logging_mixin.py:190} INFO - [2025-01-29T15:05:37.981+0000] {dagbag.py:588} INFO - Filling up the DagBag from /home/airflow/.local/lib/python3.10/site-packages/airflow/example_dags/example_task_group.py
[2025-01-29T15:05:37.988+0000] {processor.py:925} INFO - DAG(s) 'example_task_group' retrieved from /home/airflow/.local/lib/python3.10/site-packages/airflow/example_dags/example_task_group.py
[2025-01-29T15:05:38.008+0000] {logging_mixin.py:190} INFO - [2025-01-29T15:05:38.007+0000] {dag.py:3239} INFO - Sync 1 DAGs
[2025-01-29T15:05:38.020+0000] {logging_mixin.py:190} INFO - [2025-01-29T15:05:38.020+0000] {dag.py:4180} INFO - Setting next_dagrun for example_task_group to None, run_after=None
[2025-01-29T15:05:38.034+0000] {processor.py:208} INFO - Processing /home/airflow/.local/lib/python3.10/site-packages/airflow/example_dags/example_task_group.py took 0.062 seconds
[2025-01-29T15:06:08.361+0000] {processor.py:186} INFO - Started process (PID=1563) to work on /home/airflow/.local/lib/python3.10/site-packages/airflow/example_dags/example_task_group.py
[2025-01-29T15:06:08.362+0000] {processor.py:914} INFO - Processing file /home/airflow/.local/lib/python3.10/site-packages/airflow/example_dags/example_task_group.py for tasks to queue
[2025-01-29T15:06:08.364+0000] {logging_mixin.py:190} INFO - [2025-01-29T15:06:08.364+0000] {dagbag.py:588} INFO - Filling up the DagBag from /home/airflow/.local/lib/python3.10/site-packages/airflow/example_dags/example_task_group.py
[2025-01-29T15:06:08.371+0000] {processor.py:925} INFO - DAG(s) 'example_task_group' retrieved from /home/airflow/.local/lib/python3.10/site-packages/airflow/example_dags/example_task_group.py
[2025-01-29T15:06:08.390+0000] {logging_mixin.py:190} INFO - [2025-01-29T15:06:08.390+0000] {dag.py:3239} INFO - Sync 1 DAGs
[2025-01-29T15:06:08.402+0000] {logging_mixin.py:190} INFO - [2025-01-29T15:06:08.402+0000] {dag.py:4180} INFO - Setting next_dagrun for example_task_group to None, run_after=None
[2025-01-29T15:06:08.418+0000] {processor.py:208} INFO - Processing /home/airflow/.local/lib/python3.10/site-packages/airflow/example_dags/example_task_group.py took 0.062 seconds
[2025-01-29T15:06:38.614+0000] {processor.py:186} INFO - Started process (PID=1629) to work on /home/airflow/.local/lib/python3.10/site-packages/airflow/example_dags/example_task_group.py
[2025-01-29T15:06:38.615+0000] {processor.py:914} INFO - Processing file /home/airflow/.local/lib/python3.10/site-packages/airflow/example_dags/example_task_group.py for tasks to queue
[2025-01-29T15:06:38.617+0000] {logging_mixin.py:190} INFO - [2025-01-29T15:06:38.617+0000] {dagbag.py:588} INFO - Filling up the DagBag from /home/airflow/.local/lib/python3.10/site-packages/airflow/example_dags/example_task_group.py
[2025-01-29T15:06:38.625+0000] {processor.py:925} INFO - DAG(s) 'example_task_group' retrieved from /home/airflow/.local/lib/python3.10/site-packages/airflow/example_dags/example_task_group.py
[2025-01-29T15:06:38.643+0000] {logging_mixin.py:190} INFO - [2025-01-29T15:06:38.643+0000] {dag.py:3239} INFO - Sync 1 DAGs
[2025-01-29T15:06:38.655+0000] {logging_mixin.py:190} INFO - [2025-01-29T15:06:38.655+0000] {dag.py:4180} INFO - Setting next_dagrun for example_task_group to None, run_after=None
[2025-01-29T15:06:38.670+0000] {processor.py:208} INFO - Processing /home/airflow/.local/lib/python3.10/site-packages/airflow/example_dags/example_task_group.py took 0.061 seconds
[2025-01-29T15:07:08.997+0000] {processor.py:186} INFO - Started process (PID=1695) to work on /home/airflow/.local/lib/python3.10/site-packages/airflow/example_dags/example_task_group.py
[2025-01-29T15:07:08.998+0000] {processor.py:914} INFO - Processing file /home/airflow/.local/lib/python3.10/site-packages/airflow/example_dags/example_task_group.py for tasks to queue
[2025-01-29T15:07:09.001+0000] {logging_mixin.py:190} INFO - [2025-01-29T15:07:09.001+0000] {dagbag.py:588} INFO - Filling up the DagBag from /home/airflow/.local/lib/python3.10/site-packages/airflow/example_dags/example_task_group.py
[2025-01-29T15:07:09.011+0000] {processor.py:925} INFO - DAG(s) 'example_task_group' retrieved from /home/airflow/.local/lib/python3.10/site-packages/airflow/example_dags/example_task_group.py
[2025-01-29T15:07:09.030+0000] {logging_mixin.py:190} INFO - [2025-01-29T15:07:09.030+0000] {dag.py:3239} INFO - Sync 1 DAGs
[2025-01-29T15:07:09.043+0000] {logging_mixin.py:190} INFO - [2025-01-29T15:07:09.043+0000] {dag.py:4180} INFO - Setting next_dagrun for example_task_group to None, run_after=None
[2025-01-29T15:07:09.059+0000] {processor.py:208} INFO - Processing /home/airflow/.local/lib/python3.10/site-packages/airflow/example_dags/example_task_group.py took 0.067 seconds
[2025-01-29T15:07:39.946+0000] {processor.py:186} INFO - Started process (PID=1761) to work on /home/airflow/.local/lib/python3.10/site-packages/airflow/example_dags/example_task_group.py
[2025-01-29T15:07:39.947+0000] {processor.py:914} INFO - Processing file /home/airflow/.local/lib/python3.10/site-packages/airflow/example_dags/example_task_group.py for tasks to queue
[2025-01-29T15:07:39.950+0000] {logging_mixin.py:190} INFO - [2025-01-29T15:07:39.950+0000] {dagbag.py:588} INFO - Filling up the DagBag from /home/airflow/.local/lib/python3.10/site-packages/airflow/example_dags/example_task_group.py
[2025-01-29T15:07:39.958+0000] {processor.py:925} INFO - DAG(s) 'example_task_group' retrieved from /home/airflow/.local/lib/python3.10/site-packages/airflow/example_dags/example_task_group.py
[2025-01-29T15:07:39.976+0000] {logging_mixin.py:190} INFO - [2025-01-29T15:07:39.976+0000] {dag.py:3239} INFO - Sync 1 DAGs
[2025-01-29T15:07:39.988+0000] {logging_mixin.py:190} INFO - [2025-01-29T15:07:39.988+0000] {dag.py:4180} INFO - Setting next_dagrun for example_task_group to None, run_after=None
[2025-01-29T15:07:40.002+0000] {processor.py:208} INFO - Processing /home/airflow/.local/lib/python3.10/site-packages/airflow/example_dags/example_task_group.py took 0.061 seconds
[2025-01-29T15:08:11.583+0000] {processor.py:186} INFO - Started process (PID=1827) to work on /home/airflow/.local/lib/python3.10/site-packages/airflow/example_dags/example_task_group.py
[2025-01-29T15:08:11.583+0000] {processor.py:914} INFO - Processing file /home/airflow/.local/lib/python3.10/site-packages/airflow/example_dags/example_task_group.py for tasks to queue
[2025-01-29T15:08:11.586+0000] {logging_mixin.py:190} INFO - [2025-01-29T15:08:11.586+0000] {dagbag.py:588} INFO - Filling up the DagBag from /home/airflow/.local/lib/python3.10/site-packages/airflow/example_dags/example_task_group.py
[2025-01-29T15:08:11.593+0000] {processor.py:925} INFO - DAG(s) 'example_task_group' retrieved from /home/airflow/.local/lib/python3.10/site-packages/airflow/example_dags/example_task_group.py
[2025-01-29T15:08:11.612+0000] {logging_mixin.py:190} INFO - [2025-01-29T15:08:11.611+0000] {dag.py:3239} INFO - Sync 1 DAGs
[2025-01-29T15:08:11.624+0000] {logging_mixin.py:190} INFO - [2025-01-29T15:08:11.624+0000] {dag.py:4180} INFO - Setting next_dagrun for example_task_group to None, run_after=None
[2025-01-29T15:08:11.639+0000] {processor.py:208} INFO - Processing /home/airflow/.local/lib/python3.10/site-packages/airflow/example_dags/example_task_group.py took 0.062 seconds
[2025-01-29T15:08:42.810+0000] {processor.py:186} INFO - Started process (PID=1893) to work on /home/airflow/.local/lib/python3.10/site-packages/airflow/example_dags/example_task_group.py
[2025-01-29T15:08:42.811+0000] {processor.py:914} INFO - Processing file /home/airflow/.local/lib/python3.10/site-packages/airflow/example_dags/example_task_group.py for tasks to queue
[2025-01-29T15:08:42.813+0000] {logging_mixin.py:190} INFO - [2025-01-29T15:08:42.813+0000] {dagbag.py:588} INFO - Filling up the DagBag from /home/airflow/.local/lib/python3.10/site-packages/airflow/example_dags/example_task_group.py
[2025-01-29T15:08:42.821+0000] {processor.py:925} INFO - DAG(s) 'example_task_group' retrieved from /home/airflow/.local/lib/python3.10/site-packages/airflow/example_dags/example_task_group.py
[2025-01-29T15:08:42.840+0000] {logging_mixin.py:190} INFO - [2025-01-29T15:08:42.840+0000] {dag.py:3239} INFO - Sync 1 DAGs
[2025-01-29T15:08:43.037+0000] {logging_mixin.py:190} INFO - [2025-01-29T15:08:43.036+0000] {dag.py:4180} INFO - Setting next_dagrun for example_task_group to None, run_after=None
[2025-01-29T15:08:43.051+0000] {processor.py:208} INFO - Processing /home/airflow/.local/lib/python3.10/site-packages/airflow/example_dags/example_task_group.py took 0.246 seconds
[2025-01-29T15:09:14.039+0000] {processor.py:186} INFO - Started process (PID=1959) to work on /home/airflow/.local/lib/python3.10/site-packages/airflow/example_dags/example_task_group.py
[2025-01-29T15:09:14.040+0000] {processor.py:914} INFO - Processing file /home/airflow/.local/lib/python3.10/site-packages/airflow/example_dags/example_task_group.py for tasks to queue
[2025-01-29T15:09:14.042+0000] {logging_mixin.py:190} INFO - [2025-01-29T15:09:14.042+0000] {dagbag.py:588} INFO - Filling up the DagBag from /home/airflow/.local/lib/python3.10/site-packages/airflow/example_dags/example_task_group.py
[2025-01-29T15:09:14.049+0000] {processor.py:925} INFO - DAG(s) 'example_task_group' retrieved from /home/airflow/.local/lib/python3.10/site-packages/airflow/example_dags/example_task_group.py
[2025-01-29T15:09:14.068+0000] {logging_mixin.py:190} INFO - [2025-01-29T15:09:14.068+0000] {dag.py:3239} INFO - Sync 1 DAGs
[2025-01-29T15:09:14.246+0000] {logging_mixin.py:190} INFO - [2025-01-29T15:09:14.245+0000] {dag.py:4180} INFO - Setting next_dagrun for example_task_group to None, run_after=None
[2025-01-29T15:09:14.262+0000] {processor.py:208} INFO - Processing /home/airflow/.local/lib/python3.10/site-packages/airflow/example_dags/example_task_group.py took 0.228 seconds
[2025-01-29T15:09:44.494+0000] {processor.py:186} INFO - Started process (PID=2025) to work on /home/airflow/.local/lib/python3.10/site-packages/airflow/example_dags/example_task_group.py
[2025-01-29T15:09:44.495+0000] {processor.py:914} INFO - Processing file /home/airflow/.local/lib/python3.10/site-packages/airflow/example_dags/example_task_group.py for tasks to queue
[2025-01-29T15:09:44.498+0000] {logging_mixin.py:190} INFO - [2025-01-29T15:09:44.498+0000] {dagbag.py:588} INFO - Filling up the DagBag from /home/airflow/.local/lib/python3.10/site-packages/airflow/example_dags/example_task_group.py
[2025-01-29T15:09:44.506+0000] {processor.py:925} INFO - DAG(s) 'example_task_group' retrieved from /home/airflow/.local/lib/python3.10/site-packages/airflow/example_dags/example_task_group.py
[2025-01-29T15:09:44.525+0000] {logging_mixin.py:190} INFO - [2025-01-29T15:09:44.525+0000] {dag.py:3239} INFO - Sync 1 DAGs
[2025-01-29T15:09:44.702+0000] {logging_mixin.py:190} INFO - [2025-01-29T15:09:44.702+0000] {dag.py:4180} INFO - Setting next_dagrun for example_task_group to None, run_after=None
[2025-01-29T15:09:44.724+0000] {processor.py:208} INFO - Processing /home/airflow/.local/lib/python3.10/site-packages/airflow/example_dags/example_task_group.py took 0.235 seconds
[2025-01-29T15:10:15.534+0000] {processor.py:186} INFO - Started process (PID=2091) to work on /home/airflow/.local/lib/python3.10/site-packages/airflow/example_dags/example_task_group.py
[2025-01-29T15:10:15.535+0000] {processor.py:914} INFO - Processing file /home/airflow/.local/lib/python3.10/site-packages/airflow/example_dags/example_task_group.py for tasks to queue
[2025-01-29T15:10:15.537+0000] {logging_mixin.py:190} INFO - [2025-01-29T15:10:15.537+0000] {dagbag.py:588} INFO - Filling up the DagBag from /home/airflow/.local/lib/python3.10/site-packages/airflow/example_dags/example_task_group.py
[2025-01-29T15:10:15.545+0000] {processor.py:925} INFO - DAG(s) 'example_task_group' retrieved from /home/airflow/.local/lib/python3.10/site-packages/airflow/example_dags/example_task_group.py
[2025-01-29T15:10:15.564+0000] {logging_mixin.py:190} INFO - [2025-01-29T15:10:15.564+0000] {dag.py:3239} INFO - Sync 1 DAGs
[2025-01-29T15:10:15.769+0000] {logging_mixin.py:190} INFO - [2025-01-29T15:10:15.769+0000] {dag.py:4180} INFO - Setting next_dagrun for example_task_group to None, run_after=None
[2025-01-29T15:10:15.785+0000] {processor.py:208} INFO - Processing /home/airflow/.local/lib/python3.10/site-packages/airflow/example_dags/example_task_group.py took 0.256 seconds
[2025-01-29T15:10:46.117+0000] {processor.py:186} INFO - Started process (PID=2157) to work on /home/airflow/.local/lib/python3.10/site-packages/airflow/example_dags/example_task_group.py
[2025-01-29T15:10:46.118+0000] {processor.py:914} INFO - Processing file /home/airflow/.local/lib/python3.10/site-packages/airflow/example_dags/example_task_group.py for tasks to queue
[2025-01-29T15:10:46.121+0000] {logging_mixin.py:190} INFO - [2025-01-29T15:10:46.121+0000] {dagbag.py:588} INFO - Filling up the DagBag from /home/airflow/.local/lib/python3.10/site-packages/airflow/example_dags/example_task_group.py
[2025-01-29T15:10:46.129+0000] {processor.py:925} INFO - DAG(s) 'example_task_group' retrieved from /home/airflow/.local/lib/python3.10/site-packages/airflow/example_dags/example_task_group.py
[2025-01-29T15:10:46.151+0000] {logging_mixin.py:190} INFO - [2025-01-29T15:10:46.150+0000] {dag.py:3239} INFO - Sync 1 DAGs
[2025-01-29T15:10:46.164+0000] {logging_mixin.py:190} INFO - [2025-01-29T15:10:46.164+0000] {dag.py:4180} INFO - Setting next_dagrun for example_task_group to None, run_after=None
[2025-01-29T15:10:46.340+0000] {processor.py:208} INFO - Processing /home/airflow/.local/lib/python3.10/site-packages/airflow/example_dags/example_task_group.py took 0.228 seconds
[2025-01-29T15:11:17.118+0000] {processor.py:186} INFO - Started process (PID=2223) to work on /home/airflow/.local/lib/python3.10/site-packages/airflow/example_dags/example_task_group.py
[2025-01-29T15:11:17.119+0000] {processor.py:914} INFO - Processing file /home/airflow/.local/lib/python3.10/site-packages/airflow/example_dags/example_task_group.py for tasks to queue
[2025-01-29T15:11:17.123+0000] {logging_mixin.py:190} INFO - [2025-01-29T15:11:17.122+0000] {dagbag.py:588} INFO - Filling up the DagBag from /home/airflow/.local/lib/python3.10/site-packages/airflow/example_dags/example_task_group.py
[2025-01-29T15:11:17.134+0000] {processor.py:925} INFO - DAG(s) 'example_task_group' retrieved from /home/airflow/.local/lib/python3.10/site-packages/airflow/example_dags/example_task_group.py
[2025-01-29T15:11:17.165+0000] {logging_mixin.py:190} INFO - [2025-01-29T15:11:17.165+0000] {dag.py:3239} INFO - Sync 1 DAGs
[2025-01-29T15:11:17.183+0000] {logging_mixin.py:190} INFO - [2025-01-29T15:11:17.183+0000] {dag.py:4180} INFO - Setting next_dagrun for example_task_group to None, run_after=None
[2025-01-29T15:11:17.211+0000] {processor.py:208} INFO - Processing /home/airflow/.local/lib/python3.10/site-packages/airflow/example_dags/example_task_group.py took 0.102 seconds
[2025-01-29T15:11:47.734+0000] {processor.py:186} INFO - Started process (PID=2289) to work on /home/airflow/.local/lib/python3.10/site-packages/airflow/example_dags/example_task_group.py
[2025-01-29T15:11:47.735+0000] {processor.py:914} INFO - Processing file /home/airflow/.local/lib/python3.10/site-packages/airflow/example_dags/example_task_group.py for tasks to queue
[2025-01-29T15:11:47.737+0000] {logging_mixin.py:190} INFO - [2025-01-29T15:11:47.737+0000] {dagbag.py:588} INFO - Filling up the DagBag from /home/airflow/.local/lib/python3.10/site-packages/airflow/example_dags/example_task_group.py
[2025-01-29T15:11:47.745+0000] {processor.py:925} INFO - DAG(s) 'example_task_group' retrieved from /home/airflow/.local/lib/python3.10/site-packages/airflow/example_dags/example_task_group.py
[2025-01-29T15:11:47.763+0000] {logging_mixin.py:190} INFO - [2025-01-29T15:11:47.763+0000] {dag.py:3239} INFO - Sync 1 DAGs
[2025-01-29T15:11:47.775+0000] {logging_mixin.py:190} INFO - [2025-01-29T15:11:47.775+0000] {dag.py:4180} INFO - Setting next_dagrun for example_task_group to None, run_after=None
[2025-01-29T15:11:47.790+0000] {processor.py:208} INFO - Processing /home/airflow/.local/lib/python3.10/site-packages/airflow/example_dags/example_task_group.py took 0.062 seconds
[2025-01-29T15:12:17.915+0000] {processor.py:186} INFO - Started process (PID=2355) to work on /home/airflow/.local/lib/python3.10/site-packages/airflow/example_dags/example_task_group.py
[2025-01-29T15:12:17.915+0000] {processor.py:914} INFO - Processing file /home/airflow/.local/lib/python3.10/site-packages/airflow/example_dags/example_task_group.py for tasks to queue
[2025-01-29T15:12:17.918+0000] {logging_mixin.py:190} INFO - [2025-01-29T15:12:17.918+0000] {dagbag.py:588} INFO - Filling up the DagBag from /home/airflow/.local/lib/python3.10/site-packages/airflow/example_dags/example_task_group.py
[2025-01-29T15:12:17.926+0000] {processor.py:925} INFO - DAG(s) 'example_task_group' retrieved from /home/airflow/.local/lib/python3.10/site-packages/airflow/example_dags/example_task_group.py
[2025-01-29T15:12:17.944+0000] {logging_mixin.py:190} INFO - [2025-01-29T15:12:17.944+0000] {dag.py:3239} INFO - Sync 1 DAGs
[2025-01-29T15:12:17.957+0000] {logging_mixin.py:190} INFO - [2025-01-29T15:12:17.956+0000] {dag.py:4180} INFO - Setting next_dagrun for example_task_group to None, run_after=None
[2025-01-29T15:12:17.972+0000] {processor.py:208} INFO - Processing /home/airflow/.local/lib/python3.10/site-packages/airflow/example_dags/example_task_group.py took 0.063 seconds
[2025-01-29T15:12:48.037+0000] {processor.py:186} INFO - Started process (PID=2421) to work on /home/airflow/.local/lib/python3.10/site-packages/airflow/example_dags/example_task_group.py
[2025-01-29T15:12:48.038+0000] {processor.py:914} INFO - Processing file /home/airflow/.local/lib/python3.10/site-packages/airflow/example_dags/example_task_group.py for tasks to queue
[2025-01-29T15:12:48.040+0000] {logging_mixin.py:190} INFO - [2025-01-29T15:12:48.040+0000] {dagbag.py:588} INFO - Filling up the DagBag from /home/airflow/.local/lib/python3.10/site-packages/airflow/example_dags/example_task_group.py
[2025-01-29T15:12:48.048+0000] {processor.py:925} INFO - DAG(s) 'example_task_group' retrieved from /home/airflow/.local/lib/python3.10/site-packages/airflow/example_dags/example_task_group.py
[2025-01-29T15:12:48.066+0000] {logging_mixin.py:190} INFO - [2025-01-29T15:12:48.066+0000] {dag.py:3239} INFO - Sync 1 DAGs
[2025-01-29T15:12:48.078+0000] {logging_mixin.py:190} INFO - [2025-01-29T15:12:48.078+0000] {dag.py:4180} INFO - Setting next_dagrun for example_task_group to None, run_after=None
[2025-01-29T15:12:48.093+0000] {processor.py:208} INFO - Processing /home/airflow/.local/lib/python3.10/site-packages/airflow/example_dags/example_task_group.py took 0.062 seconds
[2025-01-29T15:13:18.562+0000] {processor.py:186} INFO - Started process (PID=2486) to work on /home/airflow/.local/lib/python3.10/site-packages/airflow/example_dags/example_task_group.py
[2025-01-29T15:13:18.563+0000] {processor.py:914} INFO - Processing file /home/airflow/.local/lib/python3.10/site-packages/airflow/example_dags/example_task_group.py for tasks to queue
[2025-01-29T15:13:18.565+0000] {logging_mixin.py:190} INFO - [2025-01-29T15:13:18.565+0000] {dagbag.py:588} INFO - Filling up the DagBag from /home/airflow/.local/lib/python3.10/site-packages/airflow/example_dags/example_task_group.py
[2025-01-29T15:13:18.572+0000] {processor.py:925} INFO - DAG(s) 'example_task_group' retrieved from /home/airflow/.local/lib/python3.10/site-packages/airflow/example_dags/example_task_group.py
[2025-01-29T15:13:18.589+0000] {logging_mixin.py:190} INFO - [2025-01-29T15:13:18.588+0000] {dag.py:3239} INFO - Sync 1 DAGs
[2025-01-29T15:13:18.600+0000] {logging_mixin.py:190} INFO - [2025-01-29T15:13:18.600+0000] {dag.py:4180} INFO - Setting next_dagrun for example_task_group to None, run_after=None
[2025-01-29T15:13:18.615+0000] {processor.py:208} INFO - Processing /home/airflow/.local/lib/python3.10/site-packages/airflow/example_dags/example_task_group.py took 0.058 seconds
[2025-01-29T15:13:48.656+0000] {processor.py:186} INFO - Started process (PID=2551) to work on /home/airflow/.local/lib/python3.10/site-packages/airflow/example_dags/example_task_group.py
[2025-01-29T15:13:48.657+0000] {processor.py:914} INFO - Processing file /home/airflow/.local/lib/python3.10/site-packages/airflow/example_dags/example_task_group.py for tasks to queue
[2025-01-29T15:13:48.659+0000] {logging_mixin.py:190} INFO - [2025-01-29T15:13:48.659+0000] {dagbag.py:588} INFO - Filling up the DagBag from /home/airflow/.local/lib/python3.10/site-packages/airflow/example_dags/example_task_group.py
[2025-01-29T15:13:48.667+0000] {processor.py:925} INFO - DAG(s) 'example_task_group' retrieved from /home/airflow/.local/lib/python3.10/site-packages/airflow/example_dags/example_task_group.py
[2025-01-29T15:13:48.685+0000] {logging_mixin.py:190} INFO - [2025-01-29T15:13:48.685+0000] {dag.py:3239} INFO - Sync 1 DAGs
[2025-01-29T15:13:48.697+0000] {logging_mixin.py:190} INFO - [2025-01-29T15:13:48.697+0000] {dag.py:4180} INFO - Setting next_dagrun for example_task_group to None, run_after=None
[2025-01-29T15:13:48.712+0000] {processor.py:208} INFO - Processing /home/airflow/.local/lib/python3.10/site-packages/airflow/example_dags/example_task_group.py took 0.061 seconds
[2025-01-29T15:14:18.946+0000] {processor.py:186} INFO - Started process (PID=2618) to work on /home/airflow/.local/lib/python3.10/site-packages/airflow/example_dags/example_task_group.py
[2025-01-29T15:14:18.947+0000] {processor.py:914} INFO - Processing file /home/airflow/.local/lib/python3.10/site-packages/airflow/example_dags/example_task_group.py for tasks to queue
[2025-01-29T15:14:18.950+0000] {logging_mixin.py:190} INFO - [2025-01-29T15:14:18.949+0000] {dagbag.py:588} INFO - Filling up the DagBag from /home/airflow/.local/lib/python3.10/site-packages/airflow/example_dags/example_task_group.py
[2025-01-29T15:14:18.957+0000] {processor.py:925} INFO - DAG(s) 'example_task_group' retrieved from /home/airflow/.local/lib/python3.10/site-packages/airflow/example_dags/example_task_group.py
[2025-01-29T15:14:18.976+0000] {logging_mixin.py:190} INFO - [2025-01-29T15:14:18.976+0000] {dag.py:3239} INFO - Sync 1 DAGs
[2025-01-29T15:14:18.988+0000] {logging_mixin.py:190} INFO - [2025-01-29T15:14:18.988+0000] {dag.py:4180} INFO - Setting next_dagrun for example_task_group to None, run_after=None
[2025-01-29T15:14:19.004+0000] {processor.py:208} INFO - Processing /home/airflow/.local/lib/python3.10/site-packages/airflow/example_dags/example_task_group.py took 0.063 seconds
[2025-01-29T15:14:49.140+0000] {processor.py:186} INFO - Started process (PID=2684) to work on /home/airflow/.local/lib/python3.10/site-packages/airflow/example_dags/example_task_group.py
[2025-01-29T15:14:49.141+0000] {processor.py:914} INFO - Processing file /home/airflow/.local/lib/python3.10/site-packages/airflow/example_dags/example_task_group.py for tasks to queue
[2025-01-29T15:14:49.143+0000] {logging_mixin.py:190} INFO - [2025-01-29T15:14:49.143+0000] {dagbag.py:588} INFO - Filling up the DagBag from /home/airflow/.local/lib/python3.10/site-packages/airflow/example_dags/example_task_group.py
[2025-01-29T15:14:49.151+0000] {processor.py:925} INFO - DAG(s) 'example_task_group' retrieved from /home/airflow/.local/lib/python3.10/site-packages/airflow/example_dags/example_task_group.py
[2025-01-29T15:14:49.170+0000] {logging_mixin.py:190} INFO - [2025-01-29T15:14:49.170+0000] {dag.py:3239} INFO - Sync 1 DAGs
[2025-01-29T15:14:49.182+0000] {logging_mixin.py:190} INFO - [2025-01-29T15:14:49.181+0000] {dag.py:4180} INFO - Setting next_dagrun for example_task_group to None, run_after=None
[2025-01-29T15:14:49.199+0000] {processor.py:208} INFO - Processing /home/airflow/.local/lib/python3.10/site-packages/airflow/example_dags/example_task_group.py took 0.064 seconds
[2025-01-29T15:15:19.549+0000] {processor.py:186} INFO - Started process (PID=2750) to work on /home/airflow/.local/lib/python3.10/site-packages/airflow/example_dags/example_task_group.py
[2025-01-29T15:15:19.550+0000] {processor.py:914} INFO - Processing file /home/airflow/.local/lib/python3.10/site-packages/airflow/example_dags/example_task_group.py for tasks to queue
[2025-01-29T15:15:19.552+0000] {logging_mixin.py:190} INFO - [2025-01-29T15:15:19.552+0000] {dagbag.py:588} INFO - Filling up the DagBag from /home/airflow/.local/lib/python3.10/site-packages/airflow/example_dags/example_task_group.py
[2025-01-29T15:15:19.560+0000] {processor.py:925} INFO - DAG(s) 'example_task_group' retrieved from /home/airflow/.local/lib/python3.10/site-packages/airflow/example_dags/example_task_group.py
[2025-01-29T15:15:19.579+0000] {logging_mixin.py:190} INFO - [2025-01-29T15:15:19.579+0000] {dag.py:3239} INFO - Sync 1 DAGs
[2025-01-29T15:15:19.591+0000] {logging_mixin.py:190} INFO - [2025-01-29T15:15:19.591+0000] {dag.py:4180} INFO - Setting next_dagrun for example_task_group to None, run_after=None
[2025-01-29T15:15:19.606+0000] {processor.py:208} INFO - Processing /home/airflow/.local/lib/python3.10/site-packages/airflow/example_dags/example_task_group.py took 0.063 seconds
[2025-01-29T15:15:50.357+0000] {processor.py:186} INFO - Started process (PID=2816) to work on /home/airflow/.local/lib/python3.10/site-packages/airflow/example_dags/example_task_group.py
[2025-01-29T15:15:50.358+0000] {processor.py:914} INFO - Processing file /home/airflow/.local/lib/python3.10/site-packages/airflow/example_dags/example_task_group.py for tasks to queue
[2025-01-29T15:15:50.360+0000] {logging_mixin.py:190} INFO - [2025-01-29T15:15:50.360+0000] {dagbag.py:588} INFO - Filling up the DagBag from /home/airflow/.local/lib/python3.10/site-packages/airflow/example_dags/example_task_group.py
[2025-01-29T15:15:50.368+0000] {processor.py:925} INFO - DAG(s) 'example_task_group' retrieved from /home/airflow/.local/lib/python3.10/site-packages/airflow/example_dags/example_task_group.py
[2025-01-29T15:15:50.387+0000] {logging_mixin.py:190} INFO - [2025-01-29T15:15:50.387+0000] {dag.py:3239} INFO - Sync 1 DAGs
[2025-01-29T15:15:50.399+0000] {logging_mixin.py:190} INFO - [2025-01-29T15:15:50.399+0000] {dag.py:4180} INFO - Setting next_dagrun for example_task_group to None, run_after=None
[2025-01-29T15:15:50.414+0000] {processor.py:208} INFO - Processing /home/airflow/.local/lib/python3.10/site-packages/airflow/example_dags/example_task_group.py took 0.062 seconds
[2025-01-29T15:16:20.674+0000] {processor.py:186} INFO - Started process (PID=2882) to work on /home/airflow/.local/lib/python3.10/site-packages/airflow/example_dags/example_task_group.py
[2025-01-29T15:16:20.675+0000] {processor.py:914} INFO - Processing file /home/airflow/.local/lib/python3.10/site-packages/airflow/example_dags/example_task_group.py for tasks to queue
[2025-01-29T15:16:20.678+0000] {logging_mixin.py:190} INFO - [2025-01-29T15:16:20.678+0000] {dagbag.py:588} INFO - Filling up the DagBag from /home/airflow/.local/lib/python3.10/site-packages/airflow/example_dags/example_task_group.py
[2025-01-29T15:16:20.685+0000] {processor.py:925} INFO - DAG(s) 'example_task_group' retrieved from /home/airflow/.local/lib/python3.10/site-packages/airflow/example_dags/example_task_group.py
[2025-01-29T15:16:20.704+0000] {logging_mixin.py:190} INFO - [2025-01-29T15:16:20.704+0000] {dag.py:3239} INFO - Sync 1 DAGs
[2025-01-29T15:16:20.716+0000] {logging_mixin.py:190} INFO - [2025-01-29T15:16:20.716+0000] {dag.py:4180} INFO - Setting next_dagrun for example_task_group to None, run_after=None
[2025-01-29T15:16:20.732+0000] {processor.py:208} INFO - Processing /home/airflow/.local/lib/python3.10/site-packages/airflow/example_dags/example_task_group.py took 0.063 seconds
[2025-01-29T15:16:50.916+0000] {processor.py:186} INFO - Started process (PID=2948) to work on /home/airflow/.local/lib/python3.10/site-packages/airflow/example_dags/example_task_group.py
[2025-01-29T15:16:50.917+0000] {processor.py:914} INFO - Processing file /home/airflow/.local/lib/python3.10/site-packages/airflow/example_dags/example_task_group.py for tasks to queue
[2025-01-29T15:16:50.920+0000] {logging_mixin.py:190} INFO - [2025-01-29T15:16:50.919+0000] {dagbag.py:588} INFO - Filling up the DagBag from /home/airflow/.local/lib/python3.10/site-packages/airflow/example_dags/example_task_group.py
[2025-01-29T15:16:50.927+0000] {processor.py:925} INFO - DAG(s) 'example_task_group' retrieved from /home/airflow/.local/lib/python3.10/site-packages/airflow/example_dags/example_task_group.py
[2025-01-29T15:16:50.946+0000] {logging_mixin.py:190} INFO - [2025-01-29T15:16:50.946+0000] {dag.py:3239} INFO - Sync 1 DAGs
[2025-01-29T15:16:50.960+0000] {logging_mixin.py:190} INFO - [2025-01-29T15:16:50.959+0000] {dag.py:4180} INFO - Setting next_dagrun for example_task_group to None, run_after=None
[2025-01-29T15:16:50.979+0000] {processor.py:208} INFO - Processing /home/airflow/.local/lib/python3.10/site-packages/airflow/example_dags/example_task_group.py took 0.068 seconds
[2025-01-29T15:17:21.142+0000] {processor.py:186} INFO - Started process (PID=3014) to work on /home/airflow/.local/lib/python3.10/site-packages/airflow/example_dags/example_task_group.py
[2025-01-29T15:17:21.143+0000] {processor.py:914} INFO - Processing file /home/airflow/.local/lib/python3.10/site-packages/airflow/example_dags/example_task_group.py for tasks to queue
[2025-01-29T15:17:21.146+0000] {logging_mixin.py:190} INFO - [2025-01-29T15:17:21.145+0000] {dagbag.py:588} INFO - Filling up the DagBag from /home/airflow/.local/lib/python3.10/site-packages/airflow/example_dags/example_task_group.py
[2025-01-29T15:17:21.154+0000] {processor.py:925} INFO - DAG(s) 'example_task_group' retrieved from /home/airflow/.local/lib/python3.10/site-packages/airflow/example_dags/example_task_group.py
[2025-01-29T15:17:21.175+0000] {logging_mixin.py:190} INFO - [2025-01-29T15:17:21.175+0000] {dag.py:3239} INFO - Sync 1 DAGs
[2025-01-29T15:17:21.188+0000] {logging_mixin.py:190} INFO - [2025-01-29T15:17:21.188+0000] {dag.py:4180} INFO - Setting next_dagrun for example_task_group to None, run_after=None
[2025-01-29T15:17:21.204+0000] {processor.py:208} INFO - Processing /home/airflow/.local/lib/python3.10/site-packages/airflow/example_dags/example_task_group.py took 0.068 seconds
[2025-01-29T15:17:51.427+0000] {processor.py:186} INFO - Started process (PID=3080) to work on /home/airflow/.local/lib/python3.10/site-packages/airflow/example_dags/example_task_group.py
[2025-01-29T15:17:51.428+0000] {processor.py:914} INFO - Processing file /home/airflow/.local/lib/python3.10/site-packages/airflow/example_dags/example_task_group.py for tasks to queue
[2025-01-29T15:17:51.430+0000] {logging_mixin.py:190} INFO - [2025-01-29T15:17:51.430+0000] {dagbag.py:588} INFO - Filling up the DagBag from /home/airflow/.local/lib/python3.10/site-packages/airflow/example_dags/example_task_group.py
[2025-01-29T15:17:51.437+0000] {processor.py:925} INFO - DAG(s) 'example_task_group' retrieved from /home/airflow/.local/lib/python3.10/site-packages/airflow/example_dags/example_task_group.py
[2025-01-29T15:17:51.455+0000] {logging_mixin.py:190} INFO - [2025-01-29T15:17:51.455+0000] {dag.py:3239} INFO - Sync 1 DAGs
[2025-01-29T15:17:51.467+0000] {logging_mixin.py:190} INFO - [2025-01-29T15:17:51.466+0000] {dag.py:4180} INFO - Setting next_dagrun for example_task_group to None, run_after=None
[2025-01-29T15:17:51.481+0000] {processor.py:208} INFO - Processing /home/airflow/.local/lib/python3.10/site-packages/airflow/example_dags/example_task_group.py took 0.059 seconds
