[2025-01-29T14:54:55.816+0000] {processor.py:186} INFO - Started process (PID=74) to work on /home/airflow/.local/lib/python3.10/site-packages/airflow/example_dags/example_xcomargs.py
[2025-01-29T14:54:55.820+0000] {processor.py:914} INFO - Processing file /home/airflow/.local/lib/python3.10/site-packages/airflow/example_dags/example_xcomargs.py for tasks to queue
[2025-01-29T14:54:55.828+0000] {logging_mixin.py:190} INFO - [2025-01-29T14:54:55.828+0000] {dagbag.py:588} INFO - Filling up the DagBag from /home/airflow/.local/lib/python3.10/site-packages/airflow/example_dags/example_xcomargs.py
[2025-01-29T14:54:55.854+0000] {processor.py:925} INFO - DAG(s) 'example_xcom_args_with_operators', 'example_xcom_args' retrieved from /home/airflow/.local/lib/python3.10/site-packages/airflow/example_dags/example_xcomargs.py
[2025-01-29T14:54:55.907+0000] {logging_mixin.py:190} INFO - [2025-01-29T14:54:55.907+0000] {dag.py:3239} INFO - Sync 2 DAGs
[2025-01-29T14:54:55.935+0000] {logging_mixin.py:190} INFO - [2025-01-29T14:54:55.935+0000] {dag.py:4180} INFO - Setting next_dagrun for example_xcom_args to None, run_after=None
[2025-01-29T14:54:55.942+0000] {logging_mixin.py:190} INFO - [2025-01-29T14:54:55.942+0000] {dag.py:4180} INFO - Setting next_dagrun for example_xcom_args_with_operators to None, run_after=None
[2025-01-29T14:54:55.964+0000] {processor.py:208} INFO - Processing /home/airflow/.local/lib/python3.10/site-packages/airflow/example_dags/example_xcomargs.py took 0.166 seconds
[2025-01-29T14:55:26.721+0000] {processor.py:186} INFO - Started process (PID=140) to work on /home/airflow/.local/lib/python3.10/site-packages/airflow/example_dags/example_xcomargs.py
[2025-01-29T14:55:26.721+0000] {processor.py:914} INFO - Processing file /home/airflow/.local/lib/python3.10/site-packages/airflow/example_dags/example_xcomargs.py for tasks to queue
[2025-01-29T14:55:26.723+0000] {logging_mixin.py:190} INFO - [2025-01-29T14:55:26.723+0000] {dagbag.py:588} INFO - Filling up the DagBag from /home/airflow/.local/lib/python3.10/site-packages/airflow/example_dags/example_xcomargs.py
[2025-01-29T14:55:26.731+0000] {processor.py:925} INFO - DAG(s) 'example_xcom_args_with_operators', 'example_xcom_args' retrieved from /home/airflow/.local/lib/python3.10/site-packages/airflow/example_dags/example_xcomargs.py
[2025-01-29T14:55:26.752+0000] {logging_mixin.py:190} INFO - [2025-01-29T14:55:26.752+0000] {dag.py:3239} INFO - Sync 2 DAGs
[2025-01-29T14:55:26.765+0000] {logging_mixin.py:190} INFO - [2025-01-29T14:55:26.765+0000] {dag.py:4180} INFO - Setting next_dagrun for example_xcom_args to None, run_after=None
[2025-01-29T14:55:26.768+0000] {logging_mixin.py:190} INFO - [2025-01-29T14:55:26.768+0000] {dag.py:4180} INFO - Setting next_dagrun for example_xcom_args_with_operators to None, run_after=None
[2025-01-29T14:55:26.782+0000] {processor.py:208} INFO - Processing /home/airflow/.local/lib/python3.10/site-packages/airflow/example_dags/example_xcomargs.py took 0.066 seconds
[2025-01-29T14:55:57.361+0000] {processor.py:186} INFO - Started process (PID=206) to work on /home/airflow/.local/lib/python3.10/site-packages/airflow/example_dags/example_xcomargs.py
[2025-01-29T14:55:57.362+0000] {processor.py:914} INFO - Processing file /home/airflow/.local/lib/python3.10/site-packages/airflow/example_dags/example_xcomargs.py for tasks to queue
[2025-01-29T14:55:57.367+0000] {logging_mixin.py:190} INFO - [2025-01-29T14:55:57.366+0000] {dagbag.py:588} INFO - Filling up the DagBag from /home/airflow/.local/lib/python3.10/site-packages/airflow/example_dags/example_xcomargs.py
[2025-01-29T14:55:57.380+0000] {processor.py:925} INFO - DAG(s) 'example_xcom_args_with_operators', 'example_xcom_args' retrieved from /home/airflow/.local/lib/python3.10/site-packages/airflow/example_dags/example_xcomargs.py
[2025-01-29T14:55:57.404+0000] {logging_mixin.py:190} INFO - [2025-01-29T14:55:57.404+0000] {dag.py:3239} INFO - Sync 2 DAGs
[2025-01-29T14:55:57.426+0000] {logging_mixin.py:190} INFO - [2025-01-29T14:55:57.426+0000] {dag.py:4180} INFO - Setting next_dagrun for example_xcom_args to None, run_after=None
[2025-01-29T14:55:57.431+0000] {logging_mixin.py:190} INFO - [2025-01-29T14:55:57.430+0000] {dag.py:4180} INFO - Setting next_dagrun for example_xcom_args_with_operators to None, run_after=None
[2025-01-29T14:55:57.450+0000] {processor.py:208} INFO - Processing /home/airflow/.local/lib/python3.10/site-packages/airflow/example_dags/example_xcomargs.py took 0.094 seconds
[2025-01-29T14:56:27.508+0000] {processor.py:186} INFO - Started process (PID=272) to work on /home/airflow/.local/lib/python3.10/site-packages/airflow/example_dags/example_xcomargs.py
[2025-01-29T14:56:27.509+0000] {processor.py:914} INFO - Processing file /home/airflow/.local/lib/python3.10/site-packages/airflow/example_dags/example_xcomargs.py for tasks to queue
[2025-01-29T14:56:27.511+0000] {logging_mixin.py:190} INFO - [2025-01-29T14:56:27.511+0000] {dagbag.py:588} INFO - Filling up the DagBag from /home/airflow/.local/lib/python3.10/site-packages/airflow/example_dags/example_xcomargs.py
[2025-01-29T14:56:27.520+0000] {processor.py:925} INFO - DAG(s) 'example_xcom_args', 'example_xcom_args_with_operators' retrieved from /home/airflow/.local/lib/python3.10/site-packages/airflow/example_dags/example_xcomargs.py
[2025-01-29T14:56:27.541+0000] {logging_mixin.py:190} INFO - [2025-01-29T14:56:27.541+0000] {dag.py:3239} INFO - Sync 2 DAGs
[2025-01-29T14:56:27.555+0000] {logging_mixin.py:190} INFO - [2025-01-29T14:56:27.555+0000] {dag.py:4180} INFO - Setting next_dagrun for example_xcom_args to None, run_after=None
[2025-01-29T14:56:27.559+0000] {logging_mixin.py:190} INFO - [2025-01-29T14:56:27.558+0000] {dag.py:4180} INFO - Setting next_dagrun for example_xcom_args_with_operators to None, run_after=None
[2025-01-29T14:56:27.573+0000] {processor.py:208} INFO - Processing /home/airflow/.local/lib/python3.10/site-packages/airflow/example_dags/example_xcomargs.py took 0.070 seconds
[2025-01-29T14:56:57.805+0000] {processor.py:186} INFO - Started process (PID=338) to work on /home/airflow/.local/lib/python3.10/site-packages/airflow/example_dags/example_xcomargs.py
[2025-01-29T14:56:57.806+0000] {processor.py:914} INFO - Processing file /home/airflow/.local/lib/python3.10/site-packages/airflow/example_dags/example_xcomargs.py for tasks to queue
[2025-01-29T14:56:57.808+0000] {logging_mixin.py:190} INFO - [2025-01-29T14:56:57.808+0000] {dagbag.py:588} INFO - Filling up the DagBag from /home/airflow/.local/lib/python3.10/site-packages/airflow/example_dags/example_xcomargs.py
[2025-01-29T14:56:57.816+0000] {processor.py:925} INFO - DAG(s) 'example_xcom_args', 'example_xcom_args_with_operators' retrieved from /home/airflow/.local/lib/python3.10/site-packages/airflow/example_dags/example_xcomargs.py
[2025-01-29T14:56:57.838+0000] {logging_mixin.py:190} INFO - [2025-01-29T14:56:57.838+0000] {dag.py:3239} INFO - Sync 2 DAGs
[2025-01-29T14:56:57.851+0000] {logging_mixin.py:190} INFO - [2025-01-29T14:56:57.850+0000] {dag.py:4180} INFO - Setting next_dagrun for example_xcom_args to None, run_after=None
[2025-01-29T14:56:57.854+0000] {logging_mixin.py:190} INFO - [2025-01-29T14:56:57.854+0000] {dag.py:4180} INFO - Setting next_dagrun for example_xcom_args_with_operators to None, run_after=None
[2025-01-29T14:56:57.867+0000] {processor.py:208} INFO - Processing /home/airflow/.local/lib/python3.10/site-packages/airflow/example_dags/example_xcomargs.py took 0.066 seconds
[2025-01-29T14:57:28.394+0000] {processor.py:186} INFO - Started process (PID=404) to work on /home/airflow/.local/lib/python3.10/site-packages/airflow/example_dags/example_xcomargs.py
[2025-01-29T14:57:28.395+0000] {processor.py:914} INFO - Processing file /home/airflow/.local/lib/python3.10/site-packages/airflow/example_dags/example_xcomargs.py for tasks to queue
[2025-01-29T14:57:28.397+0000] {logging_mixin.py:190} INFO - [2025-01-29T14:57:28.397+0000] {dagbag.py:588} INFO - Filling up the DagBag from /home/airflow/.local/lib/python3.10/site-packages/airflow/example_dags/example_xcomargs.py
[2025-01-29T14:57:28.404+0000] {processor.py:925} INFO - DAG(s) 'example_xcom_args', 'example_xcom_args_with_operators' retrieved from /home/airflow/.local/lib/python3.10/site-packages/airflow/example_dags/example_xcomargs.py
[2025-01-29T14:57:28.424+0000] {logging_mixin.py:190} INFO - [2025-01-29T14:57:28.424+0000] {dag.py:3239} INFO - Sync 2 DAGs
[2025-01-29T14:57:28.437+0000] {logging_mixin.py:190} INFO - [2025-01-29T14:57:28.437+0000] {dag.py:4180} INFO - Setting next_dagrun for example_xcom_args to None, run_after=None
[2025-01-29T14:57:28.440+0000] {logging_mixin.py:190} INFO - [2025-01-29T14:57:28.440+0000] {dag.py:4180} INFO - Setting next_dagrun for example_xcom_args_with_operators to None, run_after=None
[2025-01-29T14:57:28.453+0000] {processor.py:208} INFO - Processing /home/airflow/.local/lib/python3.10/site-packages/airflow/example_dags/example_xcomargs.py took 0.064 seconds
[2025-01-29T14:57:58.552+0000] {processor.py:186} INFO - Started process (PID=470) to work on /home/airflow/.local/lib/python3.10/site-packages/airflow/example_dags/example_xcomargs.py
[2025-01-29T14:57:58.553+0000] {processor.py:914} INFO - Processing file /home/airflow/.local/lib/python3.10/site-packages/airflow/example_dags/example_xcomargs.py for tasks to queue
[2025-01-29T14:57:58.556+0000] {logging_mixin.py:190} INFO - [2025-01-29T14:57:58.555+0000] {dagbag.py:588} INFO - Filling up the DagBag from /home/airflow/.local/lib/python3.10/site-packages/airflow/example_dags/example_xcomargs.py
[2025-01-29T14:57:58.567+0000] {processor.py:925} INFO - DAG(s) 'example_xcom_args_with_operators', 'example_xcom_args' retrieved from /home/airflow/.local/lib/python3.10/site-packages/airflow/example_dags/example_xcomargs.py
[2025-01-29T14:57:58.592+0000] {logging_mixin.py:190} INFO - [2025-01-29T14:57:58.591+0000] {dag.py:3239} INFO - Sync 2 DAGs
[2025-01-29T14:57:58.609+0000] {logging_mixin.py:190} INFO - [2025-01-29T14:57:58.609+0000] {dag.py:4180} INFO - Setting next_dagrun for example_xcom_args to None, run_after=None
[2025-01-29T14:57:58.613+0000] {logging_mixin.py:190} INFO - [2025-01-29T14:57:58.613+0000] {dag.py:4180} INFO - Setting next_dagrun for example_xcom_args_with_operators to None, run_after=None
[2025-01-29T14:57:58.631+0000] {processor.py:208} INFO - Processing /home/airflow/.local/lib/python3.10/site-packages/airflow/example_dags/example_xcomargs.py took 0.086 seconds
[2025-01-29T14:58:28.951+0000] {processor.py:186} INFO - Started process (PID=536) to work on /home/airflow/.local/lib/python3.10/site-packages/airflow/example_dags/example_xcomargs.py
[2025-01-29T14:58:28.952+0000] {processor.py:914} INFO - Processing file /home/airflow/.local/lib/python3.10/site-packages/airflow/example_dags/example_xcomargs.py for tasks to queue
[2025-01-29T14:58:28.955+0000] {logging_mixin.py:190} INFO - [2025-01-29T14:58:28.955+0000] {dagbag.py:588} INFO - Filling up the DagBag from /home/airflow/.local/lib/python3.10/site-packages/airflow/example_dags/example_xcomargs.py
[2025-01-29T14:58:28.966+0000] {processor.py:925} INFO - DAG(s) 'example_xcom_args_with_operators', 'example_xcom_args' retrieved from /home/airflow/.local/lib/python3.10/site-packages/airflow/example_dags/example_xcomargs.py
[2025-01-29T14:58:28.988+0000] {logging_mixin.py:190} INFO - [2025-01-29T14:58:28.988+0000] {dag.py:3239} INFO - Sync 2 DAGs
[2025-01-29T14:58:29.002+0000] {logging_mixin.py:190} INFO - [2025-01-29T14:58:29.002+0000] {dag.py:4180} INFO - Setting next_dagrun for example_xcom_args to None, run_after=None
[2025-01-29T14:58:29.005+0000] {logging_mixin.py:190} INFO - [2025-01-29T14:58:29.005+0000] {dag.py:4180} INFO - Setting next_dagrun for example_xcom_args_with_operators to None, run_after=None
[2025-01-29T14:58:29.021+0000] {processor.py:208} INFO - Processing /home/airflow/.local/lib/python3.10/site-packages/airflow/example_dags/example_xcomargs.py took 0.076 seconds
[2025-01-29T14:58:59.481+0000] {processor.py:186} INFO - Started process (PID=602) to work on /home/airflow/.local/lib/python3.10/site-packages/airflow/example_dags/example_xcomargs.py
[2025-01-29T14:58:59.482+0000] {processor.py:914} INFO - Processing file /home/airflow/.local/lib/python3.10/site-packages/airflow/example_dags/example_xcomargs.py for tasks to queue
[2025-01-29T14:58:59.485+0000] {logging_mixin.py:190} INFO - [2025-01-29T14:58:59.485+0000] {dagbag.py:588} INFO - Filling up the DagBag from /home/airflow/.local/lib/python3.10/site-packages/airflow/example_dags/example_xcomargs.py
[2025-01-29T14:58:59.493+0000] {processor.py:925} INFO - DAG(s) 'example_xcom_args', 'example_xcom_args_with_operators' retrieved from /home/airflow/.local/lib/python3.10/site-packages/airflow/example_dags/example_xcomargs.py
[2025-01-29T14:58:59.511+0000] {logging_mixin.py:190} INFO - [2025-01-29T14:58:59.511+0000] {dag.py:3239} INFO - Sync 2 DAGs
[2025-01-29T14:58:59.524+0000] {logging_mixin.py:190} INFO - [2025-01-29T14:58:59.523+0000] {dag.py:4180} INFO - Setting next_dagrun for example_xcom_args to None, run_after=None
[2025-01-29T14:58:59.526+0000] {logging_mixin.py:190} INFO - [2025-01-29T14:58:59.526+0000] {dag.py:4180} INFO - Setting next_dagrun for example_xcom_args_with_operators to None, run_after=None
[2025-01-29T14:58:59.539+0000] {processor.py:208} INFO - Processing /home/airflow/.local/lib/python3.10/site-packages/airflow/example_dags/example_xcomargs.py took 0.062 seconds
[2025-01-29T14:59:29.621+0000] {processor.py:186} INFO - Started process (PID=668) to work on /home/airflow/.local/lib/python3.10/site-packages/airflow/example_dags/example_xcomargs.py
[2025-01-29T14:59:29.622+0000] {processor.py:914} INFO - Processing file /home/airflow/.local/lib/python3.10/site-packages/airflow/example_dags/example_xcomargs.py for tasks to queue
[2025-01-29T14:59:29.624+0000] {logging_mixin.py:190} INFO - [2025-01-29T14:59:29.624+0000] {dagbag.py:588} INFO - Filling up the DagBag from /home/airflow/.local/lib/python3.10/site-packages/airflow/example_dags/example_xcomargs.py
[2025-01-29T14:59:29.632+0000] {processor.py:925} INFO - DAG(s) 'example_xcom_args', 'example_xcom_args_with_operators' retrieved from /home/airflow/.local/lib/python3.10/site-packages/airflow/example_dags/example_xcomargs.py
[2025-01-29T14:59:29.652+0000] {logging_mixin.py:190} INFO - [2025-01-29T14:59:29.652+0000] {dag.py:3239} INFO - Sync 2 DAGs
[2025-01-29T14:59:29.665+0000] {logging_mixin.py:190} INFO - [2025-01-29T14:59:29.665+0000] {dag.py:4180} INFO - Setting next_dagrun for example_xcom_args to None, run_after=None
[2025-01-29T14:59:29.668+0000] {logging_mixin.py:190} INFO - [2025-01-29T14:59:29.668+0000] {dag.py:4180} INFO - Setting next_dagrun for example_xcom_args_with_operators to None, run_after=None
[2025-01-29T14:59:29.680+0000] {processor.py:208} INFO - Processing /home/airflow/.local/lib/python3.10/site-packages/airflow/example_dags/example_xcomargs.py took 0.065 seconds
[2025-01-29T14:59:59.924+0000] {processor.py:186} INFO - Started process (PID=734) to work on /home/airflow/.local/lib/python3.10/site-packages/airflow/example_dags/example_xcomargs.py
[2025-01-29T14:59:59.925+0000] {processor.py:914} INFO - Processing file /home/airflow/.local/lib/python3.10/site-packages/airflow/example_dags/example_xcomargs.py for tasks to queue
[2025-01-29T14:59:59.927+0000] {logging_mixin.py:190} INFO - [2025-01-29T14:59:59.927+0000] {dagbag.py:588} INFO - Filling up the DagBag from /home/airflow/.local/lib/python3.10/site-packages/airflow/example_dags/example_xcomargs.py
[2025-01-29T14:59:59.935+0000] {processor.py:925} INFO - DAG(s) 'example_xcom_args', 'example_xcom_args_with_operators' retrieved from /home/airflow/.local/lib/python3.10/site-packages/airflow/example_dags/example_xcomargs.py
[2025-01-29T14:59:59.956+0000] {logging_mixin.py:190} INFO - [2025-01-29T14:59:59.956+0000] {dag.py:3239} INFO - Sync 2 DAGs
[2025-01-29T14:59:59.969+0000] {logging_mixin.py:190} INFO - [2025-01-29T14:59:59.969+0000] {dag.py:4180} INFO - Setting next_dagrun for example_xcom_args to None, run_after=None
[2025-01-29T14:59:59.972+0000] {logging_mixin.py:190} INFO - [2025-01-29T14:59:59.972+0000] {dag.py:4180} INFO - Setting next_dagrun for example_xcom_args_with_operators to None, run_after=None
[2025-01-29T14:59:59.984+0000] {processor.py:208} INFO - Processing /home/airflow/.local/lib/python3.10/site-packages/airflow/example_dags/example_xcomargs.py took 0.065 seconds
[2025-01-29T15:00:30.120+0000] {processor.py:186} INFO - Started process (PID=800) to work on /home/airflow/.local/lib/python3.10/site-packages/airflow/example_dags/example_xcomargs.py
[2025-01-29T15:00:30.121+0000] {processor.py:914} INFO - Processing file /home/airflow/.local/lib/python3.10/site-packages/airflow/example_dags/example_xcomargs.py for tasks to queue
[2025-01-29T15:00:30.123+0000] {logging_mixin.py:190} INFO - [2025-01-29T15:00:30.123+0000] {dagbag.py:588} INFO - Filling up the DagBag from /home/airflow/.local/lib/python3.10/site-packages/airflow/example_dags/example_xcomargs.py
[2025-01-29T15:00:30.132+0000] {processor.py:925} INFO - DAG(s) 'example_xcom_args', 'example_xcom_args_with_operators' retrieved from /home/airflow/.local/lib/python3.10/site-packages/airflow/example_dags/example_xcomargs.py
[2025-01-29T15:00:30.154+0000] {logging_mixin.py:190} INFO - [2025-01-29T15:00:30.154+0000] {dag.py:3239} INFO - Sync 2 DAGs
[2025-01-29T15:00:30.170+0000] {logging_mixin.py:190} INFO - [2025-01-29T15:00:30.170+0000] {dag.py:4180} INFO - Setting next_dagrun for example_xcom_args to None, run_after=None
[2025-01-29T15:00:30.174+0000] {logging_mixin.py:190} INFO - [2025-01-29T15:00:30.174+0000] {dag.py:4180} INFO - Setting next_dagrun for example_xcom_args_with_operators to None, run_after=None
[2025-01-29T15:00:30.188+0000] {processor.py:208} INFO - Processing /home/airflow/.local/lib/python3.10/site-packages/airflow/example_dags/example_xcomargs.py took 0.074 seconds
[2025-01-29T15:01:00.247+0000] {processor.py:186} INFO - Started process (PID=866) to work on /home/airflow/.local/lib/python3.10/site-packages/airflow/example_dags/example_xcomargs.py
[2025-01-29T15:01:00.248+0000] {processor.py:914} INFO - Processing file /home/airflow/.local/lib/python3.10/site-packages/airflow/example_dags/example_xcomargs.py for tasks to queue
[2025-01-29T15:01:00.250+0000] {logging_mixin.py:190} INFO - [2025-01-29T15:01:00.250+0000] {dagbag.py:588} INFO - Filling up the DagBag from /home/airflow/.local/lib/python3.10/site-packages/airflow/example_dags/example_xcomargs.py
[2025-01-29T15:01:00.262+0000] {processor.py:925} INFO - DAG(s) 'example_xcom_args', 'example_xcom_args_with_operators' retrieved from /home/airflow/.local/lib/python3.10/site-packages/airflow/example_dags/example_xcomargs.py
[2025-01-29T15:01:00.282+0000] {logging_mixin.py:190} INFO - [2025-01-29T15:01:00.282+0000] {dag.py:3239} INFO - Sync 2 DAGs
[2025-01-29T15:01:00.295+0000] {logging_mixin.py:190} INFO - [2025-01-29T15:01:00.294+0000] {dag.py:4180} INFO - Setting next_dagrun for example_xcom_args to None, run_after=None
[2025-01-29T15:01:00.298+0000] {logging_mixin.py:190} INFO - [2025-01-29T15:01:00.298+0000] {dag.py:4180} INFO - Setting next_dagrun for example_xcom_args_with_operators to None, run_after=None
[2025-01-29T15:01:00.315+0000] {processor.py:208} INFO - Processing /home/airflow/.local/lib/python3.10/site-packages/airflow/example_dags/example_xcomargs.py took 0.073 seconds
[2025-01-29T15:01:30.423+0000] {processor.py:186} INFO - Started process (PID=932) to work on /home/airflow/.local/lib/python3.10/site-packages/airflow/example_dags/example_xcomargs.py
[2025-01-29T15:01:30.424+0000] {processor.py:914} INFO - Processing file /home/airflow/.local/lib/python3.10/site-packages/airflow/example_dags/example_xcomargs.py for tasks to queue
[2025-01-29T15:01:30.426+0000] {logging_mixin.py:190} INFO - [2025-01-29T15:01:30.426+0000] {dagbag.py:588} INFO - Filling up the DagBag from /home/airflow/.local/lib/python3.10/site-packages/airflow/example_dags/example_xcomargs.py
[2025-01-29T15:01:30.435+0000] {processor.py:925} INFO - DAG(s) 'example_xcom_args_with_operators', 'example_xcom_args' retrieved from /home/airflow/.local/lib/python3.10/site-packages/airflow/example_dags/example_xcomargs.py
[2025-01-29T15:01:30.454+0000] {logging_mixin.py:190} INFO - [2025-01-29T15:01:30.454+0000] {dag.py:3239} INFO - Sync 2 DAGs
[2025-01-29T15:01:30.467+0000] {logging_mixin.py:190} INFO - [2025-01-29T15:01:30.467+0000] {dag.py:4180} INFO - Setting next_dagrun for example_xcom_args to None, run_after=None
[2025-01-29T15:01:30.471+0000] {logging_mixin.py:190} INFO - [2025-01-29T15:01:30.471+0000] {dag.py:4180} INFO - Setting next_dagrun for example_xcom_args_with_operators to None, run_after=None
[2025-01-29T15:01:30.486+0000] {processor.py:208} INFO - Processing /home/airflow/.local/lib/python3.10/site-packages/airflow/example_dags/example_xcomargs.py took 0.068 seconds
[2025-01-29T15:02:00.763+0000] {processor.py:186} INFO - Started process (PID=998) to work on /home/airflow/.local/lib/python3.10/site-packages/airflow/example_dags/example_xcomargs.py
[2025-01-29T15:02:00.764+0000] {processor.py:914} INFO - Processing file /home/airflow/.local/lib/python3.10/site-packages/airflow/example_dags/example_xcomargs.py for tasks to queue
[2025-01-29T15:02:00.766+0000] {logging_mixin.py:190} INFO - [2025-01-29T15:02:00.766+0000] {dagbag.py:588} INFO - Filling up the DagBag from /home/airflow/.local/lib/python3.10/site-packages/airflow/example_dags/example_xcomargs.py
[2025-01-29T15:02:00.775+0000] {processor.py:925} INFO - DAG(s) 'example_xcom_args_with_operators', 'example_xcom_args' retrieved from /home/airflow/.local/lib/python3.10/site-packages/airflow/example_dags/example_xcomargs.py
[2025-01-29T15:02:00.795+0000] {logging_mixin.py:190} INFO - [2025-01-29T15:02:00.795+0000] {dag.py:3239} INFO - Sync 2 DAGs
[2025-01-29T15:02:00.808+0000] {logging_mixin.py:190} INFO - [2025-01-29T15:02:00.808+0000] {dag.py:4180} INFO - Setting next_dagrun for example_xcom_args to None, run_after=None
[2025-01-29T15:02:00.812+0000] {logging_mixin.py:190} INFO - [2025-01-29T15:02:00.812+0000] {dag.py:4180} INFO - Setting next_dagrun for example_xcom_args_with_operators to None, run_after=None
[2025-01-29T15:02:00.826+0000] {processor.py:208} INFO - Processing /home/airflow/.local/lib/python3.10/site-packages/airflow/example_dags/example_xcomargs.py took 0.069 seconds
[2025-01-29T15:02:30.982+0000] {processor.py:186} INFO - Started process (PID=1064) to work on /home/airflow/.local/lib/python3.10/site-packages/airflow/example_dags/example_xcomargs.py
[2025-01-29T15:02:30.983+0000] {processor.py:914} INFO - Processing file /home/airflow/.local/lib/python3.10/site-packages/airflow/example_dags/example_xcomargs.py for tasks to queue
[2025-01-29T15:02:30.985+0000] {logging_mixin.py:190} INFO - [2025-01-29T15:02:30.985+0000] {dagbag.py:588} INFO - Filling up the DagBag from /home/airflow/.local/lib/python3.10/site-packages/airflow/example_dags/example_xcomargs.py
[2025-01-29T15:02:30.993+0000] {processor.py:925} INFO - DAG(s) 'example_xcom_args', 'example_xcom_args_with_operators' retrieved from /home/airflow/.local/lib/python3.10/site-packages/airflow/example_dags/example_xcomargs.py
[2025-01-29T15:02:31.014+0000] {logging_mixin.py:190} INFO - [2025-01-29T15:02:31.013+0000] {dag.py:3239} INFO - Sync 2 DAGs
[2025-01-29T15:02:31.026+0000] {logging_mixin.py:190} INFO - [2025-01-29T15:02:31.026+0000] {dag.py:4180} INFO - Setting next_dagrun for example_xcom_args to None, run_after=None
[2025-01-29T15:02:31.030+0000] {logging_mixin.py:190} INFO - [2025-01-29T15:02:31.029+0000] {dag.py:4180} INFO - Setting next_dagrun for example_xcom_args_with_operators to None, run_after=None
[2025-01-29T15:02:31.044+0000] {processor.py:208} INFO - Processing /home/airflow/.local/lib/python3.10/site-packages/airflow/example_dags/example_xcomargs.py took 0.067 seconds
[2025-01-29T15:03:01.180+0000] {processor.py:186} INFO - Started process (PID=1130) to work on /home/airflow/.local/lib/python3.10/site-packages/airflow/example_dags/example_xcomargs.py
[2025-01-29T15:03:01.181+0000] {processor.py:914} INFO - Processing file /home/airflow/.local/lib/python3.10/site-packages/airflow/example_dags/example_xcomargs.py for tasks to queue
[2025-01-29T15:03:01.182+0000] {logging_mixin.py:190} INFO - [2025-01-29T15:03:01.182+0000] {dagbag.py:588} INFO - Filling up the DagBag from /home/airflow/.local/lib/python3.10/site-packages/airflow/example_dags/example_xcomargs.py
[2025-01-29T15:03:01.190+0000] {processor.py:925} INFO - DAG(s) 'example_xcom_args_with_operators', 'example_xcom_args' retrieved from /home/airflow/.local/lib/python3.10/site-packages/airflow/example_dags/example_xcomargs.py
[2025-01-29T15:03:01.209+0000] {logging_mixin.py:190} INFO - [2025-01-29T15:03:01.209+0000] {dag.py:3239} INFO - Sync 2 DAGs
[2025-01-29T15:03:01.222+0000] {logging_mixin.py:190} INFO - [2025-01-29T15:03:01.222+0000] {dag.py:4180} INFO - Setting next_dagrun for example_xcom_args to None, run_after=None
[2025-01-29T15:03:01.225+0000] {logging_mixin.py:190} INFO - [2025-01-29T15:03:01.225+0000] {dag.py:4180} INFO - Setting next_dagrun for example_xcom_args_with_operators to None, run_after=None
[2025-01-29T15:03:01.243+0000] {processor.py:208} INFO - Processing /home/airflow/.local/lib/python3.10/site-packages/airflow/example_dags/example_xcomargs.py took 0.068 seconds
[2025-01-29T15:03:31.580+0000] {processor.py:186} INFO - Started process (PID=1196) to work on /home/airflow/.local/lib/python3.10/site-packages/airflow/example_dags/example_xcomargs.py
[2025-01-29T15:03:31.581+0000] {processor.py:914} INFO - Processing file /home/airflow/.local/lib/python3.10/site-packages/airflow/example_dags/example_xcomargs.py for tasks to queue
[2025-01-29T15:03:31.583+0000] {logging_mixin.py:190} INFO - [2025-01-29T15:03:31.583+0000] {dagbag.py:588} INFO - Filling up the DagBag from /home/airflow/.local/lib/python3.10/site-packages/airflow/example_dags/example_xcomargs.py
[2025-01-29T15:03:31.591+0000] {processor.py:925} INFO - DAG(s) 'example_xcom_args_with_operators', 'example_xcom_args' retrieved from /home/airflow/.local/lib/python3.10/site-packages/airflow/example_dags/example_xcomargs.py
[2025-01-29T15:03:31.611+0000] {logging_mixin.py:190} INFO - [2025-01-29T15:03:31.611+0000] {dag.py:3239} INFO - Sync 2 DAGs
[2025-01-29T15:03:31.624+0000] {logging_mixin.py:190} INFO - [2025-01-29T15:03:31.623+0000] {dag.py:4180} INFO - Setting next_dagrun for example_xcom_args to None, run_after=None
[2025-01-29T15:03:31.626+0000] {logging_mixin.py:190} INFO - [2025-01-29T15:03:31.626+0000] {dag.py:4180} INFO - Setting next_dagrun for example_xcom_args_with_operators to None, run_after=None
[2025-01-29T15:03:31.645+0000] {processor.py:208} INFO - Processing /home/airflow/.local/lib/python3.10/site-packages/airflow/example_dags/example_xcomargs.py took 0.070 seconds
[2025-01-29T15:04:01.730+0000] {processor.py:186} INFO - Started process (PID=1262) to work on /home/airflow/.local/lib/python3.10/site-packages/airflow/example_dags/example_xcomargs.py
[2025-01-29T15:04:01.731+0000] {processor.py:914} INFO - Processing file /home/airflow/.local/lib/python3.10/site-packages/airflow/example_dags/example_xcomargs.py for tasks to queue
[2025-01-29T15:04:01.733+0000] {logging_mixin.py:190} INFO - [2025-01-29T15:04:01.733+0000] {dagbag.py:588} INFO - Filling up the DagBag from /home/airflow/.local/lib/python3.10/site-packages/airflow/example_dags/example_xcomargs.py
[2025-01-29T15:04:01.741+0000] {processor.py:925} INFO - DAG(s) 'example_xcom_args', 'example_xcom_args_with_operators' retrieved from /home/airflow/.local/lib/python3.10/site-packages/airflow/example_dags/example_xcomargs.py
[2025-01-29T15:04:01.760+0000] {logging_mixin.py:190} INFO - [2025-01-29T15:04:01.760+0000] {dag.py:3239} INFO - Sync 2 DAGs
[2025-01-29T15:04:01.772+0000] {logging_mixin.py:190} INFO - [2025-01-29T15:04:01.772+0000] {dag.py:4180} INFO - Setting next_dagrun for example_xcom_args to None, run_after=None
[2025-01-29T15:04:01.775+0000] {logging_mixin.py:190} INFO - [2025-01-29T15:04:01.775+0000] {dag.py:4180} INFO - Setting next_dagrun for example_xcom_args_with_operators to None, run_after=None
[2025-01-29T15:04:01.787+0000] {processor.py:208} INFO - Processing /home/airflow/.local/lib/python3.10/site-packages/airflow/example_dags/example_xcomargs.py took 0.062 seconds
[2025-01-29T15:04:32.151+0000] {processor.py:186} INFO - Started process (PID=1328) to work on /home/airflow/.local/lib/python3.10/site-packages/airflow/example_dags/example_xcomargs.py
[2025-01-29T15:04:32.152+0000] {processor.py:914} INFO - Processing file /home/airflow/.local/lib/python3.10/site-packages/airflow/example_dags/example_xcomargs.py for tasks to queue
[2025-01-29T15:04:32.154+0000] {logging_mixin.py:190} INFO - [2025-01-29T15:04:32.154+0000] {dagbag.py:588} INFO - Filling up the DagBag from /home/airflow/.local/lib/python3.10/site-packages/airflow/example_dags/example_xcomargs.py
[2025-01-29T15:04:32.162+0000] {processor.py:925} INFO - DAG(s) 'example_xcom_args_with_operators', 'example_xcom_args' retrieved from /home/airflow/.local/lib/python3.10/site-packages/airflow/example_dags/example_xcomargs.py
[2025-01-29T15:04:32.180+0000] {logging_mixin.py:190} INFO - [2025-01-29T15:04:32.180+0000] {dag.py:3239} INFO - Sync 2 DAGs
[2025-01-29T15:04:32.193+0000] {logging_mixin.py:190} INFO - [2025-01-29T15:04:32.193+0000] {dag.py:4180} INFO - Setting next_dagrun for example_xcom_args to None, run_after=None
[2025-01-29T15:04:32.196+0000] {logging_mixin.py:190} INFO - [2025-01-29T15:04:32.195+0000] {dag.py:4180} INFO - Setting next_dagrun for example_xcom_args_with_operators to None, run_after=None
[2025-01-29T15:04:32.208+0000] {processor.py:208} INFO - Processing /home/airflow/.local/lib/python3.10/site-packages/airflow/example_dags/example_xcomargs.py took 0.061 seconds
[2025-01-29T15:05:02.536+0000] {processor.py:186} INFO - Started process (PID=1394) to work on /home/airflow/.local/lib/python3.10/site-packages/airflow/example_dags/example_xcomargs.py
[2025-01-29T15:05:02.536+0000] {processor.py:914} INFO - Processing file /home/airflow/.local/lib/python3.10/site-packages/airflow/example_dags/example_xcomargs.py for tasks to queue
[2025-01-29T15:05:02.539+0000] {logging_mixin.py:190} INFO - [2025-01-29T15:05:02.538+0000] {dagbag.py:588} INFO - Filling up the DagBag from /home/airflow/.local/lib/python3.10/site-packages/airflow/example_dags/example_xcomargs.py
[2025-01-29T15:05:02.547+0000] {processor.py:925} INFO - DAG(s) 'example_xcom_args_with_operators', 'example_xcom_args' retrieved from /home/airflow/.local/lib/python3.10/site-packages/airflow/example_dags/example_xcomargs.py
[2025-01-29T15:05:02.566+0000] {logging_mixin.py:190} INFO - [2025-01-29T15:05:02.566+0000] {dag.py:3239} INFO - Sync 2 DAGs
[2025-01-29T15:05:02.579+0000] {logging_mixin.py:190} INFO - [2025-01-29T15:05:02.579+0000] {dag.py:4180} INFO - Setting next_dagrun for example_xcom_args to None, run_after=None
[2025-01-29T15:05:02.582+0000] {logging_mixin.py:190} INFO - [2025-01-29T15:05:02.582+0000] {dag.py:4180} INFO - Setting next_dagrun for example_xcom_args_with_operators to None, run_after=None
[2025-01-29T15:05:02.594+0000] {processor.py:208} INFO - Processing /home/airflow/.local/lib/python3.10/site-packages/airflow/example_dags/example_xcomargs.py took 0.065 seconds
[2025-01-29T15:05:32.761+0000] {processor.py:186} INFO - Started process (PID=1460) to work on /home/airflow/.local/lib/python3.10/site-packages/airflow/example_dags/example_xcomargs.py
[2025-01-29T15:05:32.762+0000] {processor.py:914} INFO - Processing file /home/airflow/.local/lib/python3.10/site-packages/airflow/example_dags/example_xcomargs.py for tasks to queue
[2025-01-29T15:05:32.764+0000] {logging_mixin.py:190} INFO - [2025-01-29T15:05:32.763+0000] {dagbag.py:588} INFO - Filling up the DagBag from /home/airflow/.local/lib/python3.10/site-packages/airflow/example_dags/example_xcomargs.py
[2025-01-29T15:05:32.771+0000] {processor.py:925} INFO - DAG(s) 'example_xcom_args', 'example_xcom_args_with_operators' retrieved from /home/airflow/.local/lib/python3.10/site-packages/airflow/example_dags/example_xcomargs.py
[2025-01-29T15:05:32.797+0000] {logging_mixin.py:190} INFO - [2025-01-29T15:05:32.797+0000] {dag.py:3239} INFO - Sync 2 DAGs
[2025-01-29T15:05:32.809+0000] {logging_mixin.py:190} INFO - [2025-01-29T15:05:32.809+0000] {dag.py:4180} INFO - Setting next_dagrun for example_xcom_args to None, run_after=None
[2025-01-29T15:05:32.813+0000] {logging_mixin.py:190} INFO - [2025-01-29T15:05:32.812+0000] {dag.py:4180} INFO - Setting next_dagrun for example_xcom_args_with_operators to None, run_after=None
[2025-01-29T15:05:32.825+0000] {processor.py:208} INFO - Processing /home/airflow/.local/lib/python3.10/site-packages/airflow/example_dags/example_xcomargs.py took 0.069 seconds
[2025-01-29T15:06:03.049+0000] {processor.py:186} INFO - Started process (PID=1526) to work on /home/airflow/.local/lib/python3.10/site-packages/airflow/example_dags/example_xcomargs.py
[2025-01-29T15:06:03.050+0000] {processor.py:914} INFO - Processing file /home/airflow/.local/lib/python3.10/site-packages/airflow/example_dags/example_xcomargs.py for tasks to queue
[2025-01-29T15:06:03.052+0000] {logging_mixin.py:190} INFO - [2025-01-29T15:06:03.052+0000] {dagbag.py:588} INFO - Filling up the DagBag from /home/airflow/.local/lib/python3.10/site-packages/airflow/example_dags/example_xcomargs.py
[2025-01-29T15:06:03.060+0000] {processor.py:925} INFO - DAG(s) 'example_xcom_args', 'example_xcom_args_with_operators' retrieved from /home/airflow/.local/lib/python3.10/site-packages/airflow/example_dags/example_xcomargs.py
[2025-01-29T15:06:03.080+0000] {logging_mixin.py:190} INFO - [2025-01-29T15:06:03.080+0000] {dag.py:3239} INFO - Sync 2 DAGs
[2025-01-29T15:06:03.176+0000] {logging_mixin.py:190} INFO - [2025-01-29T15:06:03.176+0000] {dag.py:4180} INFO - Setting next_dagrun for example_xcom_args to None, run_after=None
[2025-01-29T15:06:03.179+0000] {logging_mixin.py:190} INFO - [2025-01-29T15:06:03.179+0000] {dag.py:4180} INFO - Setting next_dagrun for example_xcom_args_with_operators to None, run_after=None
[2025-01-29T15:06:03.197+0000] {processor.py:208} INFO - Processing /home/airflow/.local/lib/python3.10/site-packages/airflow/example_dags/example_xcomargs.py took 0.071 seconds
[2025-01-29T15:06:33.460+0000] {processor.py:186} INFO - Started process (PID=1592) to work on /home/airflow/.local/lib/python3.10/site-packages/airflow/example_dags/example_xcomargs.py
[2025-01-29T15:06:33.461+0000] {processor.py:914} INFO - Processing file /home/airflow/.local/lib/python3.10/site-packages/airflow/example_dags/example_xcomargs.py for tasks to queue
[2025-01-29T15:06:33.463+0000] {logging_mixin.py:190} INFO - [2025-01-29T15:06:33.462+0000] {dagbag.py:588} INFO - Filling up the DagBag from /home/airflow/.local/lib/python3.10/site-packages/airflow/example_dags/example_xcomargs.py
[2025-01-29T15:06:33.470+0000] {processor.py:925} INFO - DAG(s) 'example_xcom_args_with_operators', 'example_xcom_args' retrieved from /home/airflow/.local/lib/python3.10/site-packages/airflow/example_dags/example_xcomargs.py
[2025-01-29T15:06:33.489+0000] {logging_mixin.py:190} INFO - [2025-01-29T15:06:33.489+0000] {dag.py:3239} INFO - Sync 2 DAGs
[2025-01-29T15:06:33.503+0000] {logging_mixin.py:190} INFO - [2025-01-29T15:06:33.503+0000] {dag.py:4180} INFO - Setting next_dagrun for example_xcom_args to None, run_after=None
[2025-01-29T15:06:33.506+0000] {logging_mixin.py:190} INFO - [2025-01-29T15:06:33.506+0000] {dag.py:4180} INFO - Setting next_dagrun for example_xcom_args_with_operators to None, run_after=None
[2025-01-29T15:06:33.518+0000] {processor.py:208} INFO - Processing /home/airflow/.local/lib/python3.10/site-packages/airflow/example_dags/example_xcomargs.py took 0.063 seconds
[2025-01-29T15:07:03.784+0000] {processor.py:186} INFO - Started process (PID=1658) to work on /home/airflow/.local/lib/python3.10/site-packages/airflow/example_dags/example_xcomargs.py
[2025-01-29T15:07:03.785+0000] {processor.py:914} INFO - Processing file /home/airflow/.local/lib/python3.10/site-packages/airflow/example_dags/example_xcomargs.py for tasks to queue
[2025-01-29T15:07:03.786+0000] {logging_mixin.py:190} INFO - [2025-01-29T15:07:03.786+0000] {dagbag.py:588} INFO - Filling up the DagBag from /home/airflow/.local/lib/python3.10/site-packages/airflow/example_dags/example_xcomargs.py
[2025-01-29T15:07:03.794+0000] {processor.py:925} INFO - DAG(s) 'example_xcom_args_with_operators', 'example_xcom_args' retrieved from /home/airflow/.local/lib/python3.10/site-packages/airflow/example_dags/example_xcomargs.py
[2025-01-29T15:07:03.815+0000] {logging_mixin.py:190} INFO - [2025-01-29T15:07:03.815+0000] {dag.py:3239} INFO - Sync 2 DAGs
[2025-01-29T15:07:03.829+0000] {logging_mixin.py:190} INFO - [2025-01-29T15:07:03.829+0000] {dag.py:4180} INFO - Setting next_dagrun for example_xcom_args to None, run_after=None
[2025-01-29T15:07:03.832+0000] {logging_mixin.py:190} INFO - [2025-01-29T15:07:03.832+0000] {dag.py:4180} INFO - Setting next_dagrun for example_xcom_args_with_operators to None, run_after=None
[2025-01-29T15:07:03.850+0000] {processor.py:208} INFO - Processing /home/airflow/.local/lib/python3.10/site-packages/airflow/example_dags/example_xcomargs.py took 0.071 seconds
[2025-01-29T15:07:34.088+0000] {processor.py:186} INFO - Started process (PID=1724) to work on /home/airflow/.local/lib/python3.10/site-packages/airflow/example_dags/example_xcomargs.py
[2025-01-29T15:07:34.089+0000] {processor.py:914} INFO - Processing file /home/airflow/.local/lib/python3.10/site-packages/airflow/example_dags/example_xcomargs.py for tasks to queue
[2025-01-29T15:07:34.092+0000] {logging_mixin.py:190} INFO - [2025-01-29T15:07:34.092+0000] {dagbag.py:588} INFO - Filling up the DagBag from /home/airflow/.local/lib/python3.10/site-packages/airflow/example_dags/example_xcomargs.py
[2025-01-29T15:07:34.103+0000] {processor.py:925} INFO - DAG(s) 'example_xcom_args', 'example_xcom_args_with_operators' retrieved from /home/airflow/.local/lib/python3.10/site-packages/airflow/example_dags/example_xcomargs.py
[2025-01-29T15:07:34.124+0000] {logging_mixin.py:190} INFO - [2025-01-29T15:07:34.124+0000] {dag.py:3239} INFO - Sync 2 DAGs
[2025-01-29T15:07:34.138+0000] {logging_mixin.py:190} INFO - [2025-01-29T15:07:34.137+0000] {dag.py:4180} INFO - Setting next_dagrun for example_xcom_args to None, run_after=None
[2025-01-29T15:07:34.141+0000] {logging_mixin.py:190} INFO - [2025-01-29T15:07:34.141+0000] {dag.py:4180} INFO - Setting next_dagrun for example_xcom_args_with_operators to None, run_after=None
[2025-01-29T15:07:34.155+0000] {processor.py:208} INFO - Processing /home/airflow/.local/lib/python3.10/site-packages/airflow/example_dags/example_xcomargs.py took 0.074 seconds
[2025-01-29T15:08:04.931+0000] {processor.py:186} INFO - Started process (PID=1790) to work on /home/airflow/.local/lib/python3.10/site-packages/airflow/example_dags/example_xcomargs.py
[2025-01-29T15:08:04.932+0000] {processor.py:914} INFO - Processing file /home/airflow/.local/lib/python3.10/site-packages/airflow/example_dags/example_xcomargs.py for tasks to queue
[2025-01-29T15:08:04.934+0000] {logging_mixin.py:190} INFO - [2025-01-29T15:08:04.933+0000] {dagbag.py:588} INFO - Filling up the DagBag from /home/airflow/.local/lib/python3.10/site-packages/airflow/example_dags/example_xcomargs.py
[2025-01-29T15:08:04.941+0000] {processor.py:925} INFO - DAG(s) 'example_xcom_args_with_operators', 'example_xcom_args' retrieved from /home/airflow/.local/lib/python3.10/site-packages/airflow/example_dags/example_xcomargs.py
[2025-01-29T15:08:04.960+0000] {logging_mixin.py:190} INFO - [2025-01-29T15:08:04.960+0000] {dag.py:3239} INFO - Sync 2 DAGs
[2025-01-29T15:08:04.972+0000] {logging_mixin.py:190} INFO - [2025-01-29T15:08:04.972+0000] {dag.py:4180} INFO - Setting next_dagrun for example_xcom_args to None, run_after=None
[2025-01-29T15:08:04.975+0000] {logging_mixin.py:190} INFO - [2025-01-29T15:08:04.975+0000] {dag.py:4180} INFO - Setting next_dagrun for example_xcom_args_with_operators to None, run_after=None
[2025-01-29T15:08:04.987+0000] {processor.py:208} INFO - Processing /home/airflow/.local/lib/python3.10/site-packages/airflow/example_dags/example_xcomargs.py took 0.061 seconds
[2025-01-29T15:08:35.727+0000] {processor.py:186} INFO - Started process (PID=1855) to work on /home/airflow/.local/lib/python3.10/site-packages/airflow/example_dags/example_xcomargs.py
[2025-01-29T15:08:35.728+0000] {processor.py:914} INFO - Processing file /home/airflow/.local/lib/python3.10/site-packages/airflow/example_dags/example_xcomargs.py for tasks to queue
[2025-01-29T15:08:35.731+0000] {logging_mixin.py:190} INFO - [2025-01-29T15:08:35.730+0000] {dagbag.py:588} INFO - Filling up the DagBag from /home/airflow/.local/lib/python3.10/site-packages/airflow/example_dags/example_xcomargs.py
[2025-01-29T15:08:35.740+0000] {processor.py:925} INFO - DAG(s) 'example_xcom_args_with_operators', 'example_xcom_args' retrieved from /home/airflow/.local/lib/python3.10/site-packages/airflow/example_dags/example_xcomargs.py
[2025-01-29T15:08:35.765+0000] {logging_mixin.py:190} INFO - [2025-01-29T15:08:35.765+0000] {dag.py:3239} INFO - Sync 2 DAGs
[2025-01-29T15:08:35.781+0000] {logging_mixin.py:190} INFO - [2025-01-29T15:08:35.780+0000] {dag.py:4180} INFO - Setting next_dagrun for example_xcom_args to None, run_after=None
[2025-01-29T15:08:35.785+0000] {logging_mixin.py:190} INFO - [2025-01-29T15:08:35.784+0000] {dag.py:4180} INFO - Setting next_dagrun for example_xcom_args_with_operators to None, run_after=None
[2025-01-29T15:08:35.801+0000] {processor.py:208} INFO - Processing /home/airflow/.local/lib/python3.10/site-packages/airflow/example_dags/example_xcomargs.py took 0.079 seconds
[2025-01-29T15:09:06.029+0000] {processor.py:186} INFO - Started process (PID=1921) to work on /home/airflow/.local/lib/python3.10/site-packages/airflow/example_dags/example_xcomargs.py
[2025-01-29T15:09:06.030+0000] {processor.py:914} INFO - Processing file /home/airflow/.local/lib/python3.10/site-packages/airflow/example_dags/example_xcomargs.py for tasks to queue
[2025-01-29T15:09:06.032+0000] {logging_mixin.py:190} INFO - [2025-01-29T15:09:06.031+0000] {dagbag.py:588} INFO - Filling up the DagBag from /home/airflow/.local/lib/python3.10/site-packages/airflow/example_dags/example_xcomargs.py
[2025-01-29T15:09:06.040+0000] {processor.py:925} INFO - DAG(s) 'example_xcom_args_with_operators', 'example_xcom_args' retrieved from /home/airflow/.local/lib/python3.10/site-packages/airflow/example_dags/example_xcomargs.py
[2025-01-29T15:09:06.062+0000] {logging_mixin.py:190} INFO - [2025-01-29T15:09:06.062+0000] {dag.py:3239} INFO - Sync 2 DAGs
[2025-01-29T15:09:06.075+0000] {logging_mixin.py:190} INFO - [2025-01-29T15:09:06.075+0000] {dag.py:4180} INFO - Setting next_dagrun for example_xcom_args to None, run_after=None
[2025-01-29T15:09:06.078+0000] {logging_mixin.py:190} INFO - [2025-01-29T15:09:06.078+0000] {dag.py:4180} INFO - Setting next_dagrun for example_xcom_args_with_operators to None, run_after=None
[2025-01-29T15:09:06.092+0000] {processor.py:208} INFO - Processing /home/airflow/.local/lib/python3.10/site-packages/airflow/example_dags/example_xcomargs.py took 0.068 seconds
[2025-01-29T15:09:36.196+0000] {processor.py:186} INFO - Started process (PID=1987) to work on /home/airflow/.local/lib/python3.10/site-packages/airflow/example_dags/example_xcomargs.py
[2025-01-29T15:09:36.197+0000] {processor.py:914} INFO - Processing file /home/airflow/.local/lib/python3.10/site-packages/airflow/example_dags/example_xcomargs.py for tasks to queue
[2025-01-29T15:09:36.200+0000] {logging_mixin.py:190} INFO - [2025-01-29T15:09:36.199+0000] {dagbag.py:588} INFO - Filling up the DagBag from /home/airflow/.local/lib/python3.10/site-packages/airflow/example_dags/example_xcomargs.py
[2025-01-29T15:09:36.208+0000] {processor.py:925} INFO - DAG(s) 'example_xcom_args', 'example_xcom_args_with_operators' retrieved from /home/airflow/.local/lib/python3.10/site-packages/airflow/example_dags/example_xcomargs.py
[2025-01-29T15:09:36.228+0000] {logging_mixin.py:190} INFO - [2025-01-29T15:09:36.228+0000] {dag.py:3239} INFO - Sync 2 DAGs
[2025-01-29T15:09:36.243+0000] {logging_mixin.py:190} INFO - [2025-01-29T15:09:36.242+0000] {dag.py:4180} INFO - Setting next_dagrun for example_xcom_args to None, run_after=None
[2025-01-29T15:09:36.246+0000] {logging_mixin.py:190} INFO - [2025-01-29T15:09:36.246+0000] {dag.py:4180} INFO - Setting next_dagrun for example_xcom_args_with_operators to None, run_after=None
[2025-01-29T15:09:36.259+0000] {processor.py:208} INFO - Processing /home/airflow/.local/lib/python3.10/site-packages/airflow/example_dags/example_xcomargs.py took 0.068 seconds
[2025-01-29T15:10:06.804+0000] {processor.py:186} INFO - Started process (PID=2053) to work on /home/airflow/.local/lib/python3.10/site-packages/airflow/example_dags/example_xcomargs.py
[2025-01-29T15:10:06.805+0000] {processor.py:914} INFO - Processing file /home/airflow/.local/lib/python3.10/site-packages/airflow/example_dags/example_xcomargs.py for tasks to queue
[2025-01-29T15:10:06.807+0000] {logging_mixin.py:190} INFO - [2025-01-29T15:10:06.807+0000] {dagbag.py:588} INFO - Filling up the DagBag from /home/airflow/.local/lib/python3.10/site-packages/airflow/example_dags/example_xcomargs.py
[2025-01-29T15:10:06.815+0000] {processor.py:925} INFO - DAG(s) 'example_xcom_args', 'example_xcom_args_with_operators' retrieved from /home/airflow/.local/lib/python3.10/site-packages/airflow/example_dags/example_xcomargs.py
[2025-01-29T15:10:06.836+0000] {logging_mixin.py:190} INFO - [2025-01-29T15:10:06.835+0000] {dag.py:3239} INFO - Sync 2 DAGs
[2025-01-29T15:10:06.849+0000] {logging_mixin.py:190} INFO - [2025-01-29T15:10:06.849+0000] {dag.py:4180} INFO - Setting next_dagrun for example_xcom_args to None, run_after=None
[2025-01-29T15:10:06.852+0000] {logging_mixin.py:190} INFO - [2025-01-29T15:10:06.852+0000] {dag.py:4180} INFO - Setting next_dagrun for example_xcom_args_with_operators to None, run_after=None
[2025-01-29T15:10:06.865+0000] {processor.py:208} INFO - Processing /home/airflow/.local/lib/python3.10/site-packages/airflow/example_dags/example_xcomargs.py took 0.066 seconds
[2025-01-29T15:10:37.355+0000] {processor.py:186} INFO - Started process (PID=2119) to work on /home/airflow/.local/lib/python3.10/site-packages/airflow/example_dags/example_xcomargs.py
[2025-01-29T15:10:37.356+0000] {processor.py:914} INFO - Processing file /home/airflow/.local/lib/python3.10/site-packages/airflow/example_dags/example_xcomargs.py for tasks to queue
[2025-01-29T15:10:37.358+0000] {logging_mixin.py:190} INFO - [2025-01-29T15:10:37.358+0000] {dagbag.py:588} INFO - Filling up the DagBag from /home/airflow/.local/lib/python3.10/site-packages/airflow/example_dags/example_xcomargs.py
[2025-01-29T15:10:37.368+0000] {processor.py:925} INFO - DAG(s) 'example_xcom_args_with_operators', 'example_xcom_args' retrieved from /home/airflow/.local/lib/python3.10/site-packages/airflow/example_dags/example_xcomargs.py
[2025-01-29T15:10:37.556+0000] {logging_mixin.py:190} INFO - [2025-01-29T15:10:37.556+0000] {dag.py:3239} INFO - Sync 2 DAGs
[2025-01-29T15:10:37.568+0000] {logging_mixin.py:190} INFO - [2025-01-29T15:10:37.568+0000] {dag.py:4180} INFO - Setting next_dagrun for example_xcom_args to None, run_after=None
[2025-01-29T15:10:37.572+0000] {logging_mixin.py:190} INFO - [2025-01-29T15:10:37.572+0000] {dag.py:4180} INFO - Setting next_dagrun for example_xcom_args_with_operators to None, run_after=None
[2025-01-29T15:10:37.584+0000] {processor.py:208} INFO - Processing /home/airflow/.local/lib/python3.10/site-packages/airflow/example_dags/example_xcomargs.py took 0.234 seconds
[2025-01-29T15:11:07.934+0000] {processor.py:186} INFO - Started process (PID=2185) to work on /home/airflow/.local/lib/python3.10/site-packages/airflow/example_dags/example_xcomargs.py
[2025-01-29T15:11:07.935+0000] {processor.py:914} INFO - Processing file /home/airflow/.local/lib/python3.10/site-packages/airflow/example_dags/example_xcomargs.py for tasks to queue
[2025-01-29T15:11:07.937+0000] {logging_mixin.py:190} INFO - [2025-01-29T15:11:07.937+0000] {dagbag.py:588} INFO - Filling up the DagBag from /home/airflow/.local/lib/python3.10/site-packages/airflow/example_dags/example_xcomargs.py
[2025-01-29T15:11:07.946+0000] {processor.py:925} INFO - DAG(s) 'example_xcom_args_with_operators', 'example_xcom_args' retrieved from /home/airflow/.local/lib/python3.10/site-packages/airflow/example_dags/example_xcomargs.py
[2025-01-29T15:11:08.133+0000] {logging_mixin.py:190} INFO - [2025-01-29T15:11:08.133+0000] {dag.py:3239} INFO - Sync 2 DAGs
[2025-01-29T15:11:08.145+0000] {logging_mixin.py:190} INFO - [2025-01-29T15:11:08.145+0000] {dag.py:4180} INFO - Setting next_dagrun for example_xcom_args to None, run_after=None
[2025-01-29T15:11:08.149+0000] {logging_mixin.py:190} INFO - [2025-01-29T15:11:08.148+0000] {dag.py:4180} INFO - Setting next_dagrun for example_xcom_args_with_operators to None, run_after=None
[2025-01-29T15:11:08.161+0000] {processor.py:208} INFO - Processing /home/airflow/.local/lib/python3.10/site-packages/airflow/example_dags/example_xcomargs.py took 0.232 seconds
[2025-01-29T15:11:38.625+0000] {processor.py:186} INFO - Started process (PID=2251) to work on /home/airflow/.local/lib/python3.10/site-packages/airflow/example_dags/example_xcomargs.py
[2025-01-29T15:11:38.626+0000] {processor.py:914} INFO - Processing file /home/airflow/.local/lib/python3.10/site-packages/airflow/example_dags/example_xcomargs.py for tasks to queue
[2025-01-29T15:11:38.631+0000] {logging_mixin.py:190} INFO - [2025-01-29T15:11:38.631+0000] {dagbag.py:588} INFO - Filling up the DagBag from /home/airflow/.local/lib/python3.10/site-packages/airflow/example_dags/example_xcomargs.py
[2025-01-29T15:11:38.644+0000] {processor.py:925} INFO - DAG(s) 'example_xcom_args_with_operators', 'example_xcom_args' retrieved from /home/airflow/.local/lib/python3.10/site-packages/airflow/example_dags/example_xcomargs.py
[2025-01-29T15:11:38.666+0000] {logging_mixin.py:190} INFO - [2025-01-29T15:11:38.666+0000] {dag.py:3239} INFO - Sync 2 DAGs
[2025-01-29T15:11:38.681+0000] {logging_mixin.py:190} INFO - [2025-01-29T15:11:38.681+0000] {dag.py:4180} INFO - Setting next_dagrun for example_xcom_args to None, run_after=None
[2025-01-29T15:11:38.684+0000] {logging_mixin.py:190} INFO - [2025-01-29T15:11:38.684+0000] {dag.py:4180} INFO - Setting next_dagrun for example_xcom_args_with_operators to None, run_after=None
[2025-01-29T15:11:38.699+0000] {processor.py:208} INFO - Processing /home/airflow/.local/lib/python3.10/site-packages/airflow/example_dags/example_xcomargs.py took 0.079 seconds
[2025-01-29T15:12:08.957+0000] {processor.py:186} INFO - Started process (PID=2317) to work on /home/airflow/.local/lib/python3.10/site-packages/airflow/example_dags/example_xcomargs.py
[2025-01-29T15:12:08.958+0000] {processor.py:914} INFO - Processing file /home/airflow/.local/lib/python3.10/site-packages/airflow/example_dags/example_xcomargs.py for tasks to queue
[2025-01-29T15:12:08.960+0000] {logging_mixin.py:190} INFO - [2025-01-29T15:12:08.960+0000] {dagbag.py:588} INFO - Filling up the DagBag from /home/airflow/.local/lib/python3.10/site-packages/airflow/example_dags/example_xcomargs.py
[2025-01-29T15:12:08.971+0000] {processor.py:925} INFO - DAG(s) 'example_xcom_args', 'example_xcom_args_with_operators' retrieved from /home/airflow/.local/lib/python3.10/site-packages/airflow/example_dags/example_xcomargs.py
[2025-01-29T15:12:08.994+0000] {logging_mixin.py:190} INFO - [2025-01-29T15:12:08.994+0000] {dag.py:3239} INFO - Sync 2 DAGs
[2025-01-29T15:12:09.014+0000] {logging_mixin.py:190} INFO - [2025-01-29T15:12:09.013+0000] {dag.py:4180} INFO - Setting next_dagrun for example_xcom_args to None, run_after=None
[2025-01-29T15:12:09.018+0000] {logging_mixin.py:190} INFO - [2025-01-29T15:12:09.018+0000] {dag.py:4180} INFO - Setting next_dagrun for example_xcom_args_with_operators to None, run_after=None
[2025-01-29T15:12:09.036+0000] {processor.py:208} INFO - Processing /home/airflow/.local/lib/python3.10/site-packages/airflow/example_dags/example_xcomargs.py took 0.085 seconds
[2025-01-29T15:12:39.235+0000] {processor.py:186} INFO - Started process (PID=2383) to work on /home/airflow/.local/lib/python3.10/site-packages/airflow/example_dags/example_xcomargs.py
[2025-01-29T15:12:39.236+0000] {processor.py:914} INFO - Processing file /home/airflow/.local/lib/python3.10/site-packages/airflow/example_dags/example_xcomargs.py for tasks to queue
[2025-01-29T15:12:39.238+0000] {logging_mixin.py:190} INFO - [2025-01-29T15:12:39.238+0000] {dagbag.py:588} INFO - Filling up the DagBag from /home/airflow/.local/lib/python3.10/site-packages/airflow/example_dags/example_xcomargs.py
[2025-01-29T15:12:39.246+0000] {processor.py:925} INFO - DAG(s) 'example_xcom_args', 'example_xcom_args_with_operators' retrieved from /home/airflow/.local/lib/python3.10/site-packages/airflow/example_dags/example_xcomargs.py
[2025-01-29T15:12:39.267+0000] {logging_mixin.py:190} INFO - [2025-01-29T15:12:39.266+0000] {dag.py:3239} INFO - Sync 2 DAGs
[2025-01-29T15:12:39.280+0000] {logging_mixin.py:190} INFO - [2025-01-29T15:12:39.280+0000] {dag.py:4180} INFO - Setting next_dagrun for example_xcom_args to None, run_after=None
[2025-01-29T15:12:39.283+0000] {logging_mixin.py:190} INFO - [2025-01-29T15:12:39.283+0000] {dag.py:4180} INFO - Setting next_dagrun for example_xcom_args_with_operators to None, run_after=None
[2025-01-29T15:12:39.300+0000] {processor.py:208} INFO - Processing /home/airflow/.local/lib/python3.10/site-packages/airflow/example_dags/example_xcomargs.py took 0.070 seconds
[2025-01-29T15:13:09.416+0000] {processor.py:186} INFO - Started process (PID=2449) to work on /home/airflow/.local/lib/python3.10/site-packages/airflow/example_dags/example_xcomargs.py
[2025-01-29T15:13:09.416+0000] {processor.py:914} INFO - Processing file /home/airflow/.local/lib/python3.10/site-packages/airflow/example_dags/example_xcomargs.py for tasks to queue
[2025-01-29T15:13:09.419+0000] {logging_mixin.py:190} INFO - [2025-01-29T15:13:09.418+0000] {dagbag.py:588} INFO - Filling up the DagBag from /home/airflow/.local/lib/python3.10/site-packages/airflow/example_dags/example_xcomargs.py
[2025-01-29T15:13:09.427+0000] {processor.py:925} INFO - DAG(s) 'example_xcom_args_with_operators', 'example_xcom_args' retrieved from /home/airflow/.local/lib/python3.10/site-packages/airflow/example_dags/example_xcomargs.py
[2025-01-29T15:13:09.446+0000] {logging_mixin.py:190} INFO - [2025-01-29T15:13:09.446+0000] {dag.py:3239} INFO - Sync 2 DAGs
[2025-01-29T15:13:09.459+0000] {logging_mixin.py:190} INFO - [2025-01-29T15:13:09.459+0000] {dag.py:4180} INFO - Setting next_dagrun for example_xcom_args to None, run_after=None
[2025-01-29T15:13:09.463+0000] {logging_mixin.py:190} INFO - [2025-01-29T15:13:09.463+0000] {dag.py:4180} INFO - Setting next_dagrun for example_xcom_args_with_operators to None, run_after=None
[2025-01-29T15:13:09.482+0000] {processor.py:208} INFO - Processing /home/airflow/.local/lib/python3.10/site-packages/airflow/example_dags/example_xcomargs.py took 0.071 seconds
[2025-01-29T15:13:39.659+0000] {processor.py:186} INFO - Started process (PID=2515) to work on /home/airflow/.local/lib/python3.10/site-packages/airflow/example_dags/example_xcomargs.py
[2025-01-29T15:13:39.660+0000] {processor.py:914} INFO - Processing file /home/airflow/.local/lib/python3.10/site-packages/airflow/example_dags/example_xcomargs.py for tasks to queue
[2025-01-29T15:13:39.662+0000] {logging_mixin.py:190} INFO - [2025-01-29T15:13:39.662+0000] {dagbag.py:588} INFO - Filling up the DagBag from /home/airflow/.local/lib/python3.10/site-packages/airflow/example_dags/example_xcomargs.py
[2025-01-29T15:13:39.671+0000] {processor.py:925} INFO - DAG(s) 'example_xcom_args_with_operators', 'example_xcom_args' retrieved from /home/airflow/.local/lib/python3.10/site-packages/airflow/example_dags/example_xcomargs.py
[2025-01-29T15:13:39.693+0000] {logging_mixin.py:190} INFO - [2025-01-29T15:13:39.693+0000] {dag.py:3239} INFO - Sync 2 DAGs
[2025-01-29T15:13:39.708+0000] {logging_mixin.py:190} INFO - [2025-01-29T15:13:39.707+0000] {dag.py:4180} INFO - Setting next_dagrun for example_xcom_args to None, run_after=None
[2025-01-29T15:13:39.711+0000] {logging_mixin.py:190} INFO - [2025-01-29T15:13:39.711+0000] {dag.py:4180} INFO - Setting next_dagrun for example_xcom_args_with_operators to None, run_after=None
[2025-01-29T15:13:39.725+0000] {processor.py:208} INFO - Processing /home/airflow/.local/lib/python3.10/site-packages/airflow/example_dags/example_xcomargs.py took 0.071 seconds
[2025-01-29T15:14:09.844+0000] {processor.py:186} INFO - Started process (PID=2581) to work on /home/airflow/.local/lib/python3.10/site-packages/airflow/example_dags/example_xcomargs.py
[2025-01-29T15:14:09.845+0000] {processor.py:914} INFO - Processing file /home/airflow/.local/lib/python3.10/site-packages/airflow/example_dags/example_xcomargs.py for tasks to queue
[2025-01-29T15:14:09.847+0000] {logging_mixin.py:190} INFO - [2025-01-29T15:14:09.847+0000] {dagbag.py:588} INFO - Filling up the DagBag from /home/airflow/.local/lib/python3.10/site-packages/airflow/example_dags/example_xcomargs.py
[2025-01-29T15:14:09.856+0000] {processor.py:925} INFO - DAG(s) 'example_xcom_args_with_operators', 'example_xcom_args' retrieved from /home/airflow/.local/lib/python3.10/site-packages/airflow/example_dags/example_xcomargs.py
[2025-01-29T15:14:09.877+0000] {logging_mixin.py:190} INFO - [2025-01-29T15:14:09.876+0000] {dag.py:3239} INFO - Sync 2 DAGs
[2025-01-29T15:14:09.890+0000] {logging_mixin.py:190} INFO - [2025-01-29T15:14:09.889+0000] {dag.py:4180} INFO - Setting next_dagrun for example_xcom_args to None, run_after=None
[2025-01-29T15:14:09.893+0000] {logging_mixin.py:190} INFO - [2025-01-29T15:14:09.893+0000] {dag.py:4180} INFO - Setting next_dagrun for example_xcom_args_with_operators to None, run_after=None
[2025-01-29T15:14:09.906+0000] {processor.py:208} INFO - Processing /home/airflow/.local/lib/python3.10/site-packages/airflow/example_dags/example_xcomargs.py took 0.067 seconds
[2025-01-29T15:14:40.209+0000] {processor.py:186} INFO - Started process (PID=2647) to work on /home/airflow/.local/lib/python3.10/site-packages/airflow/example_dags/example_xcomargs.py
[2025-01-29T15:14:40.210+0000] {processor.py:914} INFO - Processing file /home/airflow/.local/lib/python3.10/site-packages/airflow/example_dags/example_xcomargs.py for tasks to queue
[2025-01-29T15:14:40.212+0000] {logging_mixin.py:190} INFO - [2025-01-29T15:14:40.212+0000] {dagbag.py:588} INFO - Filling up the DagBag from /home/airflow/.local/lib/python3.10/site-packages/airflow/example_dags/example_xcomargs.py
[2025-01-29T15:14:40.226+0000] {processor.py:925} INFO - DAG(s) 'example_xcom_args', 'example_xcom_args_with_operators' retrieved from /home/airflow/.local/lib/python3.10/site-packages/airflow/example_dags/example_xcomargs.py
[2025-01-29T15:14:40.248+0000] {logging_mixin.py:190} INFO - [2025-01-29T15:14:40.248+0000] {dag.py:3239} INFO - Sync 2 DAGs
[2025-01-29T15:14:40.261+0000] {logging_mixin.py:190} INFO - [2025-01-29T15:14:40.261+0000] {dag.py:4180} INFO - Setting next_dagrun for example_xcom_args to None, run_after=None
[2025-01-29T15:14:40.265+0000] {logging_mixin.py:190} INFO - [2025-01-29T15:14:40.264+0000] {dag.py:4180} INFO - Setting next_dagrun for example_xcom_args_with_operators to None, run_after=None
[2025-01-29T15:14:40.279+0000] {processor.py:208} INFO - Processing /home/airflow/.local/lib/python3.10/site-packages/airflow/example_dags/example_xcomargs.py took 0.075 seconds
[2025-01-29T15:15:10.353+0000] {processor.py:186} INFO - Started process (PID=2713) to work on /home/airflow/.local/lib/python3.10/site-packages/airflow/example_dags/example_xcomargs.py
[2025-01-29T15:15:10.354+0000] {processor.py:914} INFO - Processing file /home/airflow/.local/lib/python3.10/site-packages/airflow/example_dags/example_xcomargs.py for tasks to queue
[2025-01-29T15:15:10.356+0000] {logging_mixin.py:190} INFO - [2025-01-29T15:15:10.355+0000] {dagbag.py:588} INFO - Filling up the DagBag from /home/airflow/.local/lib/python3.10/site-packages/airflow/example_dags/example_xcomargs.py
[2025-01-29T15:15:10.364+0000] {processor.py:925} INFO - DAG(s) 'example_xcom_args_with_operators', 'example_xcom_args' retrieved from /home/airflow/.local/lib/python3.10/site-packages/airflow/example_dags/example_xcomargs.py
[2025-01-29T15:15:10.383+0000] {logging_mixin.py:190} INFO - [2025-01-29T15:15:10.383+0000] {dag.py:3239} INFO - Sync 2 DAGs
[2025-01-29T15:15:10.395+0000] {logging_mixin.py:190} INFO - [2025-01-29T15:15:10.395+0000] {dag.py:4180} INFO - Setting next_dagrun for example_xcom_args to None, run_after=None
[2025-01-29T15:15:10.398+0000] {logging_mixin.py:190} INFO - [2025-01-29T15:15:10.398+0000] {dag.py:4180} INFO - Setting next_dagrun for example_xcom_args_with_operators to None, run_after=None
[2025-01-29T15:15:10.417+0000] {processor.py:208} INFO - Processing /home/airflow/.local/lib/python3.10/site-packages/airflow/example_dags/example_xcomargs.py took 0.070 seconds
[2025-01-29T15:15:40.461+0000] {processor.py:186} INFO - Started process (PID=2779) to work on /home/airflow/.local/lib/python3.10/site-packages/airflow/example_dags/example_xcomargs.py
[2025-01-29T15:15:40.461+0000] {processor.py:914} INFO - Processing file /home/airflow/.local/lib/python3.10/site-packages/airflow/example_dags/example_xcomargs.py for tasks to queue
[2025-01-29T15:15:40.464+0000] {logging_mixin.py:190} INFO - [2025-01-29T15:15:40.463+0000] {dagbag.py:588} INFO - Filling up the DagBag from /home/airflow/.local/lib/python3.10/site-packages/airflow/example_dags/example_xcomargs.py
[2025-01-29T15:15:40.472+0000] {processor.py:925} INFO - DAG(s) 'example_xcom_args_with_operators', 'example_xcom_args' retrieved from /home/airflow/.local/lib/python3.10/site-packages/airflow/example_dags/example_xcomargs.py
[2025-01-29T15:15:40.490+0000] {logging_mixin.py:190} INFO - [2025-01-29T15:15:40.490+0000] {dag.py:3239} INFO - Sync 2 DAGs
[2025-01-29T15:15:40.503+0000] {logging_mixin.py:190} INFO - [2025-01-29T15:15:40.503+0000] {dag.py:4180} INFO - Setting next_dagrun for example_xcom_args to None, run_after=None
[2025-01-29T15:15:40.506+0000] {logging_mixin.py:190} INFO - [2025-01-29T15:15:40.506+0000] {dag.py:4180} INFO - Setting next_dagrun for example_xcom_args_with_operators to None, run_after=None
[2025-01-29T15:15:40.520+0000] {processor.py:208} INFO - Processing /home/airflow/.local/lib/python3.10/site-packages/airflow/example_dags/example_xcomargs.py took 0.065 seconds
[2025-01-29T15:16:10.666+0000] {processor.py:186} INFO - Started process (PID=2845) to work on /home/airflow/.local/lib/python3.10/site-packages/airflow/example_dags/example_xcomargs.py
[2025-01-29T15:16:10.666+0000] {processor.py:914} INFO - Processing file /home/airflow/.local/lib/python3.10/site-packages/airflow/example_dags/example_xcomargs.py for tasks to queue
[2025-01-29T15:16:10.669+0000] {logging_mixin.py:190} INFO - [2025-01-29T15:16:10.669+0000] {dagbag.py:588} INFO - Filling up the DagBag from /home/airflow/.local/lib/python3.10/site-packages/airflow/example_dags/example_xcomargs.py
[2025-01-29T15:16:10.680+0000] {processor.py:925} INFO - DAG(s) 'example_xcom_args', 'example_xcom_args_with_operators' retrieved from /home/airflow/.local/lib/python3.10/site-packages/airflow/example_dags/example_xcomargs.py
[2025-01-29T15:16:10.702+0000] {logging_mixin.py:190} INFO - [2025-01-29T15:16:10.702+0000] {dag.py:3239} INFO - Sync 2 DAGs
[2025-01-29T15:16:10.717+0000] {logging_mixin.py:190} INFO - [2025-01-29T15:16:10.717+0000] {dag.py:4180} INFO - Setting next_dagrun for example_xcom_args to None, run_after=None
[2025-01-29T15:16:10.721+0000] {logging_mixin.py:190} INFO - [2025-01-29T15:16:10.721+0000] {dag.py:4180} INFO - Setting next_dagrun for example_xcom_args_with_operators to None, run_after=None
[2025-01-29T15:16:10.736+0000] {processor.py:208} INFO - Processing /home/airflow/.local/lib/python3.10/site-packages/airflow/example_dags/example_xcomargs.py took 0.076 seconds
[2025-01-29T15:16:40.970+0000] {processor.py:186} INFO - Started process (PID=2911) to work on /home/airflow/.local/lib/python3.10/site-packages/airflow/example_dags/example_xcomargs.py
[2025-01-29T15:16:40.971+0000] {processor.py:914} INFO - Processing file /home/airflow/.local/lib/python3.10/site-packages/airflow/example_dags/example_xcomargs.py for tasks to queue
[2025-01-29T15:16:40.974+0000] {logging_mixin.py:190} INFO - [2025-01-29T15:16:40.974+0000] {dagbag.py:588} INFO - Filling up the DagBag from /home/airflow/.local/lib/python3.10/site-packages/airflow/example_dags/example_xcomargs.py
[2025-01-29T15:16:40.983+0000] {processor.py:925} INFO - DAG(s) 'example_xcom_args_with_operators', 'example_xcom_args' retrieved from /home/airflow/.local/lib/python3.10/site-packages/airflow/example_dags/example_xcomargs.py
[2025-01-29T15:16:41.007+0000] {logging_mixin.py:190} INFO - [2025-01-29T15:16:41.006+0000] {dag.py:3239} INFO - Sync 2 DAGs
[2025-01-29T15:16:41.023+0000] {logging_mixin.py:190} INFO - [2025-01-29T15:16:41.023+0000] {dag.py:4180} INFO - Setting next_dagrun for example_xcom_args to None, run_after=None
[2025-01-29T15:16:41.028+0000] {logging_mixin.py:190} INFO - [2025-01-29T15:16:41.028+0000] {dag.py:4180} INFO - Setting next_dagrun for example_xcom_args_with_operators to None, run_after=None
[2025-01-29T15:16:41.046+0000] {processor.py:208} INFO - Processing /home/airflow/.local/lib/python3.10/site-packages/airflow/example_dags/example_xcomargs.py took 0.081 seconds
[2025-01-29T15:17:11.251+0000] {processor.py:186} INFO - Started process (PID=2977) to work on /home/airflow/.local/lib/python3.10/site-packages/airflow/example_dags/example_xcomargs.py
[2025-01-29T15:17:11.252+0000] {processor.py:914} INFO - Processing file /home/airflow/.local/lib/python3.10/site-packages/airflow/example_dags/example_xcomargs.py for tasks to queue
[2025-01-29T15:17:11.255+0000] {logging_mixin.py:190} INFO - [2025-01-29T15:17:11.254+0000] {dagbag.py:588} INFO - Filling up the DagBag from /home/airflow/.local/lib/python3.10/site-packages/airflow/example_dags/example_xcomargs.py
[2025-01-29T15:17:11.264+0000] {processor.py:925} INFO - DAG(s) 'example_xcom_args', 'example_xcom_args_with_operators' retrieved from /home/airflow/.local/lib/python3.10/site-packages/airflow/example_dags/example_xcomargs.py
[2025-01-29T15:17:11.285+0000] {logging_mixin.py:190} INFO - [2025-01-29T15:17:11.284+0000] {dag.py:3239} INFO - Sync 2 DAGs
[2025-01-29T15:17:11.297+0000] {logging_mixin.py:190} INFO - [2025-01-29T15:17:11.297+0000] {dag.py:4180} INFO - Setting next_dagrun for example_xcom_args to None, run_after=None
[2025-01-29T15:17:11.300+0000] {logging_mixin.py:190} INFO - [2025-01-29T15:17:11.300+0000] {dag.py:4180} INFO - Setting next_dagrun for example_xcom_args_with_operators to None, run_after=None
[2025-01-29T15:17:11.313+0000] {processor.py:208} INFO - Processing /home/airflow/.local/lib/python3.10/site-packages/airflow/example_dags/example_xcomargs.py took 0.067 seconds
[2025-01-29T15:17:41.480+0000] {processor.py:186} INFO - Started process (PID=3043) to work on /home/airflow/.local/lib/python3.10/site-packages/airflow/example_dags/example_xcomargs.py
[2025-01-29T15:17:41.481+0000] {processor.py:914} INFO - Processing file /home/airflow/.local/lib/python3.10/site-packages/airflow/example_dags/example_xcomargs.py for tasks to queue
[2025-01-29T15:17:41.483+0000] {logging_mixin.py:190} INFO - [2025-01-29T15:17:41.483+0000] {dagbag.py:588} INFO - Filling up the DagBag from /home/airflow/.local/lib/python3.10/site-packages/airflow/example_dags/example_xcomargs.py
[2025-01-29T15:17:41.492+0000] {processor.py:925} INFO - DAG(s) 'example_xcom_args_with_operators', 'example_xcom_args' retrieved from /home/airflow/.local/lib/python3.10/site-packages/airflow/example_dags/example_xcomargs.py
[2025-01-29T15:17:41.513+0000] {logging_mixin.py:190} INFO - [2025-01-29T15:17:41.512+0000] {dag.py:3239} INFO - Sync 2 DAGs
[2025-01-29T15:17:41.525+0000] {logging_mixin.py:190} INFO - [2025-01-29T15:17:41.525+0000] {dag.py:4180} INFO - Setting next_dagrun for example_xcom_args to None, run_after=None
[2025-01-29T15:17:41.529+0000] {logging_mixin.py:190} INFO - [2025-01-29T15:17:41.529+0000] {dag.py:4180} INFO - Setting next_dagrun for example_xcom_args_with_operators to None, run_after=None
[2025-01-29T15:17:41.541+0000] {processor.py:208} INFO - Processing /home/airflow/.local/lib/python3.10/site-packages/airflow/example_dags/example_xcomargs.py took 0.066 seconds
[2025-01-29T15:18:11.580+0000] {processor.py:186} INFO - Started process (PID=3109) to work on /home/airflow/.local/lib/python3.10/site-packages/airflow/example_dags/example_xcomargs.py
[2025-01-29T15:18:11.581+0000] {processor.py:914} INFO - Processing file /home/airflow/.local/lib/python3.10/site-packages/airflow/example_dags/example_xcomargs.py for tasks to queue
[2025-01-29T15:18:11.583+0000] {logging_mixin.py:190} INFO - [2025-01-29T15:18:11.583+0000] {dagbag.py:588} INFO - Filling up the DagBag from /home/airflow/.local/lib/python3.10/site-packages/airflow/example_dags/example_xcomargs.py
[2025-01-29T15:18:11.591+0000] {processor.py:925} INFO - DAG(s) 'example_xcom_args', 'example_xcom_args_with_operators' retrieved from /home/airflow/.local/lib/python3.10/site-packages/airflow/example_dags/example_xcomargs.py
[2025-01-29T15:18:11.613+0000] {logging_mixin.py:190} INFO - [2025-01-29T15:18:11.613+0000] {dag.py:3239} INFO - Sync 2 DAGs
[2025-01-29T15:18:11.627+0000] {logging_mixin.py:190} INFO - [2025-01-29T15:18:11.627+0000] {dag.py:4180} INFO - Setting next_dagrun for example_xcom_args to None, run_after=None
[2025-01-29T15:18:11.630+0000] {logging_mixin.py:190} INFO - [2025-01-29T15:18:11.630+0000] {dag.py:4180} INFO - Setting next_dagrun for example_xcom_args_with_operators to None, run_after=None
[2025-01-29T15:18:11.644+0000] {processor.py:208} INFO - Processing /home/airflow/.local/lib/python3.10/site-packages/airflow/example_dags/example_xcomargs.py took 0.069 seconds
