[2025-01-29T14:54:57.545+0000] {processor.py:186} INFO - Started process (PID=90) to work on /home/airflow/.local/lib/python3.10/site-packages/airflow/example_dags/example_branch_operator.py
[2025-01-29T14:54:57.547+0000] {processor.py:914} INFO - Processing file /home/airflow/.local/lib/python3.10/site-packages/airflow/example_dags/example_branch_operator.py for tasks to queue
[2025-01-29T14:54:57.551+0000] {logging_mixin.py:190} INFO - [2025-01-29T14:54:57.551+0000] {dagbag.py:588} INFO - Filling up the DagBag from /home/airflow/.local/lib/python3.10/site-packages/airflow/example_dags/example_branch_operator.py
[2025-01-29T14:54:57.576+0000] {processor.py:925} INFO - DAG(s) 'example_branch_operator' retrieved from /home/airflow/.local/lib/python3.10/site-packages/airflow/example_dags/example_branch_operator.py
[2025-01-29T14:54:57.724+0000] {logging_mixin.py:190} INFO - [2025-01-29T14:54:57.724+0000] {dag.py:3239} INFO - Sync 1 DAGs
[2025-01-29T14:54:57.757+0000] {logging_mixin.py:190} INFO - [2025-01-29T14:54:57.757+0000] {dag.py:4180} INFO - Setting next_dagrun for example_branch_operator to 2025-01-28T00:00:00+00:00, run_after=2025-01-29T00:00:00+00:00
[2025-01-29T14:54:57.785+0000] {processor.py:208} INFO - Processing /home/airflow/.local/lib/python3.10/site-packages/airflow/example_dags/example_branch_operator.py took 0.254 seconds
[2025-01-29T14:55:27.840+0000] {processor.py:186} INFO - Started process (PID=156) to work on /home/airflow/.local/lib/python3.10/site-packages/airflow/example_dags/example_branch_operator.py
[2025-01-29T14:55:27.841+0000] {processor.py:914} INFO - Processing file /home/airflow/.local/lib/python3.10/site-packages/airflow/example_dags/example_branch_operator.py for tasks to queue
[2025-01-29T14:55:27.843+0000] {logging_mixin.py:190} INFO - [2025-01-29T14:55:27.843+0000] {dagbag.py:588} INFO - Filling up the DagBag from /home/airflow/.local/lib/python3.10/site-packages/airflow/example_dags/example_branch_operator.py
[2025-01-29T14:55:27.859+0000] {processor.py:925} INFO - DAG(s) 'example_branch_operator' retrieved from /home/airflow/.local/lib/python3.10/site-packages/airflow/example_dags/example_branch_operator.py
[2025-01-29T14:55:27.887+0000] {logging_mixin.py:190} INFO - [2025-01-29T14:55:27.886+0000] {dag.py:3239} INFO - Sync 1 DAGs
[2025-01-29T14:55:27.913+0000] {logging_mixin.py:190} INFO - [2025-01-29T14:55:27.912+0000] {dag.py:4180} INFO - Setting next_dagrun for example_branch_operator to 2025-01-28T00:00:00+00:00, run_after=2025-01-29T00:00:00+00:00
[2025-01-29T14:55:27.934+0000] {processor.py:208} INFO - Processing /home/airflow/.local/lib/python3.10/site-packages/airflow/example_dags/example_branch_operator.py took 0.100 seconds
[2025-01-29T14:55:58.397+0000] {processor.py:186} INFO - Started process (PID=222) to work on /home/airflow/.local/lib/python3.10/site-packages/airflow/example_dags/example_branch_operator.py
[2025-01-29T14:55:58.398+0000] {processor.py:914} INFO - Processing file /home/airflow/.local/lib/python3.10/site-packages/airflow/example_dags/example_branch_operator.py for tasks to queue
[2025-01-29T14:55:58.400+0000] {logging_mixin.py:190} INFO - [2025-01-29T14:55:58.400+0000] {dagbag.py:588} INFO - Filling up the DagBag from /home/airflow/.local/lib/python3.10/site-packages/airflow/example_dags/example_branch_operator.py
[2025-01-29T14:55:58.418+0000] {processor.py:925} INFO - DAG(s) 'example_branch_operator' retrieved from /home/airflow/.local/lib/python3.10/site-packages/airflow/example_dags/example_branch_operator.py
[2025-01-29T14:55:58.445+0000] {logging_mixin.py:190} INFO - [2025-01-29T14:55:58.445+0000] {dag.py:3239} INFO - Sync 1 DAGs
[2025-01-29T14:55:58.468+0000] {logging_mixin.py:190} INFO - [2025-01-29T14:55:58.468+0000] {dag.py:4180} INFO - Setting next_dagrun for example_branch_operator to 2025-01-28T00:00:00+00:00, run_after=2025-01-29T00:00:00+00:00
[2025-01-29T14:55:58.489+0000] {processor.py:208} INFO - Processing /home/airflow/.local/lib/python3.10/site-packages/airflow/example_dags/example_branch_operator.py took 0.097 seconds
[2025-01-29T14:56:28.629+0000] {processor.py:186} INFO - Started process (PID=288) to work on /home/airflow/.local/lib/python3.10/site-packages/airflow/example_dags/example_branch_operator.py
[2025-01-29T14:56:28.630+0000] {processor.py:914} INFO - Processing file /home/airflow/.local/lib/python3.10/site-packages/airflow/example_dags/example_branch_operator.py for tasks to queue
[2025-01-29T14:56:28.633+0000] {logging_mixin.py:190} INFO - [2025-01-29T14:56:28.632+0000] {dagbag.py:588} INFO - Filling up the DagBag from /home/airflow/.local/lib/python3.10/site-packages/airflow/example_dags/example_branch_operator.py
[2025-01-29T14:56:28.650+0000] {processor.py:925} INFO - DAG(s) 'example_branch_operator' retrieved from /home/airflow/.local/lib/python3.10/site-packages/airflow/example_dags/example_branch_operator.py
[2025-01-29T14:56:28.677+0000] {logging_mixin.py:190} INFO - [2025-01-29T14:56:28.676+0000] {dag.py:3239} INFO - Sync 1 DAGs
[2025-01-29T14:56:28.697+0000] {logging_mixin.py:190} INFO - [2025-01-29T14:56:28.697+0000] {dag.py:4180} INFO - Setting next_dagrun for example_branch_operator to 2025-01-28T00:00:00+00:00, run_after=2025-01-29T00:00:00+00:00
[2025-01-29T14:56:28.713+0000] {processor.py:208} INFO - Processing /home/airflow/.local/lib/python3.10/site-packages/airflow/example_dags/example_branch_operator.py took 0.089 seconds
[2025-01-29T14:56:58.905+0000] {processor.py:186} INFO - Started process (PID=354) to work on /home/airflow/.local/lib/python3.10/site-packages/airflow/example_dags/example_branch_operator.py
[2025-01-29T14:56:58.906+0000] {processor.py:914} INFO - Processing file /home/airflow/.local/lib/python3.10/site-packages/airflow/example_dags/example_branch_operator.py for tasks to queue
[2025-01-29T14:56:58.909+0000] {logging_mixin.py:190} INFO - [2025-01-29T14:56:58.909+0000] {dagbag.py:588} INFO - Filling up the DagBag from /home/airflow/.local/lib/python3.10/site-packages/airflow/example_dags/example_branch_operator.py
[2025-01-29T14:56:58.927+0000] {processor.py:925} INFO - DAG(s) 'example_branch_operator' retrieved from /home/airflow/.local/lib/python3.10/site-packages/airflow/example_dags/example_branch_operator.py
[2025-01-29T14:56:58.953+0000] {logging_mixin.py:190} INFO - [2025-01-29T14:56:58.952+0000] {dag.py:3239} INFO - Sync 1 DAGs
[2025-01-29T14:56:58.974+0000] {logging_mixin.py:190} INFO - [2025-01-29T14:56:58.973+0000] {dag.py:4180} INFO - Setting next_dagrun for example_branch_operator to 2025-01-28T00:00:00+00:00, run_after=2025-01-29T00:00:00+00:00
[2025-01-29T14:56:58.992+0000] {processor.py:208} INFO - Processing /home/airflow/.local/lib/python3.10/site-packages/airflow/example_dags/example_branch_operator.py took 0.092 seconds
[2025-01-29T14:57:29.335+0000] {processor.py:186} INFO - Started process (PID=420) to work on /home/airflow/.local/lib/python3.10/site-packages/airflow/example_dags/example_branch_operator.py
[2025-01-29T14:57:29.336+0000] {processor.py:914} INFO - Processing file /home/airflow/.local/lib/python3.10/site-packages/airflow/example_dags/example_branch_operator.py for tasks to queue
[2025-01-29T14:57:29.338+0000] {logging_mixin.py:190} INFO - [2025-01-29T14:57:29.338+0000] {dagbag.py:588} INFO - Filling up the DagBag from /home/airflow/.local/lib/python3.10/site-packages/airflow/example_dags/example_branch_operator.py
[2025-01-29T14:57:29.354+0000] {processor.py:925} INFO - DAG(s) 'example_branch_operator' retrieved from /home/airflow/.local/lib/python3.10/site-packages/airflow/example_dags/example_branch_operator.py
[2025-01-29T14:57:29.380+0000] {logging_mixin.py:190} INFO - [2025-01-29T14:57:29.380+0000] {dag.py:3239} INFO - Sync 1 DAGs
[2025-01-29T14:57:29.400+0000] {logging_mixin.py:190} INFO - [2025-01-29T14:57:29.400+0000] {dag.py:4180} INFO - Setting next_dagrun for example_branch_operator to 2025-01-28T00:00:00+00:00, run_after=2025-01-29T00:00:00+00:00
[2025-01-29T14:57:29.414+0000] {processor.py:208} INFO - Processing /home/airflow/.local/lib/python3.10/site-packages/airflow/example_dags/example_branch_operator.py took 0.084 seconds
[2025-01-29T14:57:59.717+0000] {processor.py:186} INFO - Started process (PID=486) to work on /home/airflow/.local/lib/python3.10/site-packages/airflow/example_dags/example_branch_operator.py
[2025-01-29T14:57:59.718+0000] {processor.py:914} INFO - Processing file /home/airflow/.local/lib/python3.10/site-packages/airflow/example_dags/example_branch_operator.py for tasks to queue
[2025-01-29T14:57:59.720+0000] {logging_mixin.py:190} INFO - [2025-01-29T14:57:59.720+0000] {dagbag.py:588} INFO - Filling up the DagBag from /home/airflow/.local/lib/python3.10/site-packages/airflow/example_dags/example_branch_operator.py
[2025-01-29T14:57:59.736+0000] {processor.py:925} INFO - DAG(s) 'example_branch_operator' retrieved from /home/airflow/.local/lib/python3.10/site-packages/airflow/example_dags/example_branch_operator.py
[2025-01-29T14:57:59.763+0000] {logging_mixin.py:190} INFO - [2025-01-29T14:57:59.762+0000] {dag.py:3239} INFO - Sync 1 DAGs
[2025-01-29T14:57:59.784+0000] {logging_mixin.py:190} INFO - [2025-01-29T14:57:59.784+0000] {dag.py:4180} INFO - Setting next_dagrun for example_branch_operator to 2025-01-28T00:00:00+00:00, run_after=2025-01-29T00:00:00+00:00
[2025-01-29T14:57:59.801+0000] {processor.py:208} INFO - Processing /home/airflow/.local/lib/python3.10/site-packages/airflow/example_dags/example_branch_operator.py took 0.089 seconds
[2025-01-29T14:58:30.195+0000] {processor.py:186} INFO - Started process (PID=552) to work on /home/airflow/.local/lib/python3.10/site-packages/airflow/example_dags/example_branch_operator.py
[2025-01-29T14:58:30.196+0000] {processor.py:914} INFO - Processing file /home/airflow/.local/lib/python3.10/site-packages/airflow/example_dags/example_branch_operator.py for tasks to queue
[2025-01-29T14:58:30.198+0000] {logging_mixin.py:190} INFO - [2025-01-29T14:58:30.198+0000] {dagbag.py:588} INFO - Filling up the DagBag from /home/airflow/.local/lib/python3.10/site-packages/airflow/example_dags/example_branch_operator.py
[2025-01-29T14:58:30.216+0000] {processor.py:925} INFO - DAG(s) 'example_branch_operator' retrieved from /home/airflow/.local/lib/python3.10/site-packages/airflow/example_dags/example_branch_operator.py
[2025-01-29T14:58:30.245+0000] {logging_mixin.py:190} INFO - [2025-01-29T14:58:30.245+0000] {dag.py:3239} INFO - Sync 1 DAGs
[2025-01-29T14:58:30.269+0000] {logging_mixin.py:190} INFO - [2025-01-29T14:58:30.269+0000] {dag.py:4180} INFO - Setting next_dagrun for example_branch_operator to 2025-01-28T00:00:00+00:00, run_after=2025-01-29T00:00:00+00:00
[2025-01-29T14:58:30.286+0000] {processor.py:208} INFO - Processing /home/airflow/.local/lib/python3.10/site-packages/airflow/example_dags/example_branch_operator.py took 0.097 seconds
[2025-01-29T14:59:00.521+0000] {processor.py:186} INFO - Started process (PID=618) to work on /home/airflow/.local/lib/python3.10/site-packages/airflow/example_dags/example_branch_operator.py
[2025-01-29T14:59:00.522+0000] {processor.py:914} INFO - Processing file /home/airflow/.local/lib/python3.10/site-packages/airflow/example_dags/example_branch_operator.py for tasks to queue
[2025-01-29T14:59:00.524+0000] {logging_mixin.py:190} INFO - [2025-01-29T14:59:00.524+0000] {dagbag.py:588} INFO - Filling up the DagBag from /home/airflow/.local/lib/python3.10/site-packages/airflow/example_dags/example_branch_operator.py
[2025-01-29T14:59:00.540+0000] {processor.py:925} INFO - DAG(s) 'example_branch_operator' retrieved from /home/airflow/.local/lib/python3.10/site-packages/airflow/example_dags/example_branch_operator.py
[2025-01-29T14:59:00.566+0000] {logging_mixin.py:190} INFO - [2025-01-29T14:59:00.565+0000] {dag.py:3239} INFO - Sync 1 DAGs
[2025-01-29T14:59:00.586+0000] {logging_mixin.py:190} INFO - [2025-01-29T14:59:00.586+0000] {dag.py:4180} INFO - Setting next_dagrun for example_branch_operator to 2025-01-28T00:00:00+00:00, run_after=2025-01-29T00:00:00+00:00
[2025-01-29T14:59:00.601+0000] {processor.py:208} INFO - Processing /home/airflow/.local/lib/python3.10/site-packages/airflow/example_dags/example_branch_operator.py took 0.085 seconds
[2025-01-29T14:59:30.766+0000] {processor.py:186} INFO - Started process (PID=684) to work on /home/airflow/.local/lib/python3.10/site-packages/airflow/example_dags/example_branch_operator.py
[2025-01-29T14:59:30.767+0000] {processor.py:914} INFO - Processing file /home/airflow/.local/lib/python3.10/site-packages/airflow/example_dags/example_branch_operator.py for tasks to queue
[2025-01-29T14:59:30.770+0000] {logging_mixin.py:190} INFO - [2025-01-29T14:59:30.769+0000] {dagbag.py:588} INFO - Filling up the DagBag from /home/airflow/.local/lib/python3.10/site-packages/airflow/example_dags/example_branch_operator.py
[2025-01-29T14:59:30.786+0000] {processor.py:925} INFO - DAG(s) 'example_branch_operator' retrieved from /home/airflow/.local/lib/python3.10/site-packages/airflow/example_dags/example_branch_operator.py
[2025-01-29T14:59:30.812+0000] {logging_mixin.py:190} INFO - [2025-01-29T14:59:30.812+0000] {dag.py:3239} INFO - Sync 1 DAGs
[2025-01-29T14:59:30.832+0000] {logging_mixin.py:190} INFO - [2025-01-29T14:59:30.832+0000] {dag.py:4180} INFO - Setting next_dagrun for example_branch_operator to 2025-01-28T00:00:00+00:00, run_after=2025-01-29T00:00:00+00:00
[2025-01-29T14:59:30.847+0000] {processor.py:208} INFO - Processing /home/airflow/.local/lib/python3.10/site-packages/airflow/example_dags/example_branch_operator.py took 0.086 seconds
[2025-01-29T15:00:01.106+0000] {processor.py:186} INFO - Started process (PID=750) to work on /home/airflow/.local/lib/python3.10/site-packages/airflow/example_dags/example_branch_operator.py
[2025-01-29T15:00:01.107+0000] {processor.py:914} INFO - Processing file /home/airflow/.local/lib/python3.10/site-packages/airflow/example_dags/example_branch_operator.py for tasks to queue
[2025-01-29T15:00:01.110+0000] {logging_mixin.py:190} INFO - [2025-01-29T15:00:01.110+0000] {dagbag.py:588} INFO - Filling up the DagBag from /home/airflow/.local/lib/python3.10/site-packages/airflow/example_dags/example_branch_operator.py
[2025-01-29T15:00:01.132+0000] {processor.py:925} INFO - DAG(s) 'example_branch_operator' retrieved from /home/airflow/.local/lib/python3.10/site-packages/airflow/example_dags/example_branch_operator.py
[2025-01-29T15:00:01.161+0000] {logging_mixin.py:190} INFO - [2025-01-29T15:00:01.161+0000] {dag.py:3239} INFO - Sync 1 DAGs
[2025-01-29T15:00:01.182+0000] {logging_mixin.py:190} INFO - [2025-01-29T15:00:01.182+0000] {dag.py:4180} INFO - Setting next_dagrun for example_branch_operator to 2025-01-28T00:00:00+00:00, run_after=2025-01-29T00:00:00+00:00
[2025-01-29T15:00:01.197+0000] {processor.py:208} INFO - Processing /home/airflow/.local/lib/python3.10/site-packages/airflow/example_dags/example_branch_operator.py took 0.098 seconds
[2025-01-29T15:00:32.158+0000] {processor.py:186} INFO - Started process (PID=816) to work on /home/airflow/.local/lib/python3.10/site-packages/airflow/example_dags/example_branch_operator.py
[2025-01-29T15:00:32.159+0000] {processor.py:914} INFO - Processing file /home/airflow/.local/lib/python3.10/site-packages/airflow/example_dags/example_branch_operator.py for tasks to queue
[2025-01-29T15:00:32.161+0000] {logging_mixin.py:190} INFO - [2025-01-29T15:00:32.161+0000] {dagbag.py:588} INFO - Filling up the DagBag from /home/airflow/.local/lib/python3.10/site-packages/airflow/example_dags/example_branch_operator.py
[2025-01-29T15:00:32.178+0000] {processor.py:925} INFO - DAG(s) 'example_branch_operator' retrieved from /home/airflow/.local/lib/python3.10/site-packages/airflow/example_dags/example_branch_operator.py
[2025-01-29T15:00:32.203+0000] {logging_mixin.py:190} INFO - [2025-01-29T15:00:32.203+0000] {dag.py:3239} INFO - Sync 1 DAGs
[2025-01-29T15:00:32.223+0000] {logging_mixin.py:190} INFO - [2025-01-29T15:00:32.223+0000] {dag.py:4180} INFO - Setting next_dagrun for example_branch_operator to 2025-01-28T00:00:00+00:00, run_after=2025-01-29T00:00:00+00:00
[2025-01-29T15:00:32.237+0000] {processor.py:208} INFO - Processing /home/airflow/.local/lib/python3.10/site-packages/airflow/example_dags/example_branch_operator.py took 0.085 seconds
[2025-01-29T15:01:03.374+0000] {processor.py:186} INFO - Started process (PID=882) to work on /home/airflow/.local/lib/python3.10/site-packages/airflow/example_dags/example_branch_operator.py
[2025-01-29T15:01:03.375+0000] {processor.py:914} INFO - Processing file /home/airflow/.local/lib/python3.10/site-packages/airflow/example_dags/example_branch_operator.py for tasks to queue
[2025-01-29T15:01:03.377+0000] {logging_mixin.py:190} INFO - [2025-01-29T15:01:03.377+0000] {dagbag.py:588} INFO - Filling up the DagBag from /home/airflow/.local/lib/python3.10/site-packages/airflow/example_dags/example_branch_operator.py
[2025-01-29T15:01:03.394+0000] {processor.py:925} INFO - DAG(s) 'example_branch_operator' retrieved from /home/airflow/.local/lib/python3.10/site-packages/airflow/example_dags/example_branch_operator.py
[2025-01-29T15:01:03.419+0000] {logging_mixin.py:190} INFO - [2025-01-29T15:01:03.419+0000] {dag.py:3239} INFO - Sync 1 DAGs
[2025-01-29T15:01:03.440+0000] {logging_mixin.py:190} INFO - [2025-01-29T15:01:03.439+0000] {dag.py:4180} INFO - Setting next_dagrun for example_branch_operator to 2025-01-28T00:00:00+00:00, run_after=2025-01-29T00:00:00+00:00
[2025-01-29T15:01:03.455+0000] {processor.py:208} INFO - Processing /home/airflow/.local/lib/python3.10/site-packages/airflow/example_dags/example_branch_operator.py took 0.086 seconds
[2025-01-29T15:01:33.548+0000] {processor.py:186} INFO - Started process (PID=948) to work on /home/airflow/.local/lib/python3.10/site-packages/airflow/example_dags/example_branch_operator.py
[2025-01-29T15:01:33.549+0000] {processor.py:914} INFO - Processing file /home/airflow/.local/lib/python3.10/site-packages/airflow/example_dags/example_branch_operator.py for tasks to queue
[2025-01-29T15:01:33.551+0000] {logging_mixin.py:190} INFO - [2025-01-29T15:01:33.551+0000] {dagbag.py:588} INFO - Filling up the DagBag from /home/airflow/.local/lib/python3.10/site-packages/airflow/example_dags/example_branch_operator.py
[2025-01-29T15:01:33.568+0000] {processor.py:925} INFO - DAG(s) 'example_branch_operator' retrieved from /home/airflow/.local/lib/python3.10/site-packages/airflow/example_dags/example_branch_operator.py
[2025-01-29T15:01:33.593+0000] {logging_mixin.py:190} INFO - [2025-01-29T15:01:33.593+0000] {dag.py:3239} INFO - Sync 1 DAGs
[2025-01-29T15:01:33.614+0000] {logging_mixin.py:190} INFO - [2025-01-29T15:01:33.613+0000] {dag.py:4180} INFO - Setting next_dagrun for example_branch_operator to 2025-01-28T00:00:00+00:00, run_after=2025-01-29T00:00:00+00:00
[2025-01-29T15:01:33.628+0000] {processor.py:208} INFO - Processing /home/airflow/.local/lib/python3.10/site-packages/airflow/example_dags/example_branch_operator.py took 0.085 seconds
[2025-01-29T15:02:03.903+0000] {processor.py:186} INFO - Started process (PID=1014) to work on /home/airflow/.local/lib/python3.10/site-packages/airflow/example_dags/example_branch_operator.py
[2025-01-29T15:02:03.904+0000] {processor.py:914} INFO - Processing file /home/airflow/.local/lib/python3.10/site-packages/airflow/example_dags/example_branch_operator.py for tasks to queue
[2025-01-29T15:02:03.907+0000] {logging_mixin.py:190} INFO - [2025-01-29T15:02:03.906+0000] {dagbag.py:588} INFO - Filling up the DagBag from /home/airflow/.local/lib/python3.10/site-packages/airflow/example_dags/example_branch_operator.py
[2025-01-29T15:02:03.924+0000] {processor.py:925} INFO - DAG(s) 'example_branch_operator' retrieved from /home/airflow/.local/lib/python3.10/site-packages/airflow/example_dags/example_branch_operator.py
[2025-01-29T15:02:03.951+0000] {logging_mixin.py:190} INFO - [2025-01-29T15:02:03.951+0000] {dag.py:3239} INFO - Sync 1 DAGs
[2025-01-29T15:02:03.972+0000] {logging_mixin.py:190} INFO - [2025-01-29T15:02:03.971+0000] {dag.py:4180} INFO - Setting next_dagrun for example_branch_operator to 2025-01-28T00:00:00+00:00, run_after=2025-01-29T00:00:00+00:00
[2025-01-29T15:02:03.987+0000] {processor.py:208} INFO - Processing /home/airflow/.local/lib/python3.10/site-packages/airflow/example_dags/example_branch_operator.py took 0.089 seconds
[2025-01-29T15:02:34.122+0000] {processor.py:186} INFO - Started process (PID=1080) to work on /home/airflow/.local/lib/python3.10/site-packages/airflow/example_dags/example_branch_operator.py
[2025-01-29T15:02:34.123+0000] {processor.py:914} INFO - Processing file /home/airflow/.local/lib/python3.10/site-packages/airflow/example_dags/example_branch_operator.py for tasks to queue
[2025-01-29T15:02:34.125+0000] {logging_mixin.py:190} INFO - [2025-01-29T15:02:34.125+0000] {dagbag.py:588} INFO - Filling up the DagBag from /home/airflow/.local/lib/python3.10/site-packages/airflow/example_dags/example_branch_operator.py
[2025-01-29T15:02:34.142+0000] {processor.py:925} INFO - DAG(s) 'example_branch_operator' retrieved from /home/airflow/.local/lib/python3.10/site-packages/airflow/example_dags/example_branch_operator.py
[2025-01-29T15:02:34.168+0000] {logging_mixin.py:190} INFO - [2025-01-29T15:02:34.168+0000] {dag.py:3239} INFO - Sync 1 DAGs
[2025-01-29T15:02:34.191+0000] {logging_mixin.py:190} INFO - [2025-01-29T15:02:34.190+0000] {dag.py:4180} INFO - Setting next_dagrun for example_branch_operator to 2025-01-28T00:00:00+00:00, run_after=2025-01-29T00:00:00+00:00
[2025-01-29T15:02:34.207+0000] {processor.py:208} INFO - Processing /home/airflow/.local/lib/python3.10/site-packages/airflow/example_dags/example_branch_operator.py took 0.091 seconds
[2025-01-29T15:03:04.306+0000] {processor.py:186} INFO - Started process (PID=1146) to work on /home/airflow/.local/lib/python3.10/site-packages/airflow/example_dags/example_branch_operator.py
[2025-01-29T15:03:04.306+0000] {processor.py:914} INFO - Processing file /home/airflow/.local/lib/python3.10/site-packages/airflow/example_dags/example_branch_operator.py for tasks to queue
[2025-01-29T15:03:04.309+0000] {logging_mixin.py:190} INFO - [2025-01-29T15:03:04.308+0000] {dagbag.py:588} INFO - Filling up the DagBag from /home/airflow/.local/lib/python3.10/site-packages/airflow/example_dags/example_branch_operator.py
[2025-01-29T15:03:04.325+0000] {processor.py:925} INFO - DAG(s) 'example_branch_operator' retrieved from /home/airflow/.local/lib/python3.10/site-packages/airflow/example_dags/example_branch_operator.py
[2025-01-29T15:03:04.351+0000] {logging_mixin.py:190} INFO - [2025-01-29T15:03:04.351+0000] {dag.py:3239} INFO - Sync 1 DAGs
[2025-01-29T15:03:04.371+0000] {logging_mixin.py:190} INFO - [2025-01-29T15:03:04.371+0000] {dag.py:4180} INFO - Setting next_dagrun for example_branch_operator to 2025-01-28T00:00:00+00:00, run_after=2025-01-29T00:00:00+00:00
[2025-01-29T15:03:04.391+0000] {processor.py:208} INFO - Processing /home/airflow/.local/lib/python3.10/site-packages/airflow/example_dags/example_branch_operator.py took 0.090 seconds
[2025-01-29T15:03:34.921+0000] {processor.py:186} INFO - Started process (PID=1212) to work on /home/airflow/.local/lib/python3.10/site-packages/airflow/example_dags/example_branch_operator.py
[2025-01-29T15:03:34.921+0000] {processor.py:914} INFO - Processing file /home/airflow/.local/lib/python3.10/site-packages/airflow/example_dags/example_branch_operator.py for tasks to queue
[2025-01-29T15:03:34.924+0000] {logging_mixin.py:190} INFO - [2025-01-29T15:03:34.923+0000] {dagbag.py:588} INFO - Filling up the DagBag from /home/airflow/.local/lib/python3.10/site-packages/airflow/example_dags/example_branch_operator.py
[2025-01-29T15:03:34.940+0000] {processor.py:925} INFO - DAG(s) 'example_branch_operator' retrieved from /home/airflow/.local/lib/python3.10/site-packages/airflow/example_dags/example_branch_operator.py
[2025-01-29T15:03:34.967+0000] {logging_mixin.py:190} INFO - [2025-01-29T15:03:34.966+0000] {dag.py:3239} INFO - Sync 1 DAGs
[2025-01-29T15:03:34.987+0000] {logging_mixin.py:190} INFO - [2025-01-29T15:03:34.987+0000] {dag.py:4180} INFO - Setting next_dagrun for example_branch_operator to 2025-01-28T00:00:00+00:00, run_after=2025-01-29T00:00:00+00:00
[2025-01-29T15:03:35.003+0000] {processor.py:208} INFO - Processing /home/airflow/.local/lib/python3.10/site-packages/airflow/example_dags/example_branch_operator.py took 0.088 seconds
[2025-01-29T15:04:05.105+0000] {processor.py:186} INFO - Started process (PID=1278) to work on /home/airflow/.local/lib/python3.10/site-packages/airflow/example_dags/example_branch_operator.py
[2025-01-29T15:04:05.106+0000] {processor.py:914} INFO - Processing file /home/airflow/.local/lib/python3.10/site-packages/airflow/example_dags/example_branch_operator.py for tasks to queue
[2025-01-29T15:04:05.108+0000] {logging_mixin.py:190} INFO - [2025-01-29T15:04:05.108+0000] {dagbag.py:588} INFO - Filling up the DagBag from /home/airflow/.local/lib/python3.10/site-packages/airflow/example_dags/example_branch_operator.py
[2025-01-29T15:04:05.123+0000] {processor.py:925} INFO - DAG(s) 'example_branch_operator' retrieved from /home/airflow/.local/lib/python3.10/site-packages/airflow/example_dags/example_branch_operator.py
[2025-01-29T15:04:05.148+0000] {logging_mixin.py:190} INFO - [2025-01-29T15:04:05.148+0000] {dag.py:3239} INFO - Sync 1 DAGs
[2025-01-29T15:04:05.168+0000] {logging_mixin.py:190} INFO - [2025-01-29T15:04:05.168+0000] {dag.py:4180} INFO - Setting next_dagrun for example_branch_operator to 2025-01-28T00:00:00+00:00, run_after=2025-01-29T00:00:00+00:00
[2025-01-29T15:04:05.183+0000] {processor.py:208} INFO - Processing /home/airflow/.local/lib/python3.10/site-packages/airflow/example_dags/example_branch_operator.py took 0.083 seconds
[2025-01-29T15:04:35.468+0000] {processor.py:186} INFO - Started process (PID=1344) to work on /home/airflow/.local/lib/python3.10/site-packages/airflow/example_dags/example_branch_operator.py
[2025-01-29T15:04:35.469+0000] {processor.py:914} INFO - Processing file /home/airflow/.local/lib/python3.10/site-packages/airflow/example_dags/example_branch_operator.py for tasks to queue
[2025-01-29T15:04:35.471+0000] {logging_mixin.py:190} INFO - [2025-01-29T15:04:35.471+0000] {dagbag.py:588} INFO - Filling up the DagBag from /home/airflow/.local/lib/python3.10/site-packages/airflow/example_dags/example_branch_operator.py
[2025-01-29T15:04:35.486+0000] {processor.py:925} INFO - DAG(s) 'example_branch_operator' retrieved from /home/airflow/.local/lib/python3.10/site-packages/airflow/example_dags/example_branch_operator.py
[2025-01-29T15:04:35.512+0000] {logging_mixin.py:190} INFO - [2025-01-29T15:04:35.512+0000] {dag.py:3239} INFO - Sync 1 DAGs
[2025-01-29T15:04:35.533+0000] {logging_mixin.py:190} INFO - [2025-01-29T15:04:35.533+0000] {dag.py:4180} INFO - Setting next_dagrun for example_branch_operator to 2025-01-28T00:00:00+00:00, run_after=2025-01-29T00:00:00+00:00
[2025-01-29T15:04:35.549+0000] {processor.py:208} INFO - Processing /home/airflow/.local/lib/python3.10/site-packages/airflow/example_dags/example_branch_operator.py took 0.086 seconds
[2025-01-29T15:05:05.831+0000] {processor.py:186} INFO - Started process (PID=1410) to work on /home/airflow/.local/lib/python3.10/site-packages/airflow/example_dags/example_branch_operator.py
[2025-01-29T15:05:05.831+0000] {processor.py:914} INFO - Processing file /home/airflow/.local/lib/python3.10/site-packages/airflow/example_dags/example_branch_operator.py for tasks to queue
[2025-01-29T15:05:05.834+0000] {logging_mixin.py:190} INFO - [2025-01-29T15:05:05.833+0000] {dagbag.py:588} INFO - Filling up the DagBag from /home/airflow/.local/lib/python3.10/site-packages/airflow/example_dags/example_branch_operator.py
[2025-01-29T15:05:05.850+0000] {processor.py:925} INFO - DAG(s) 'example_branch_operator' retrieved from /home/airflow/.local/lib/python3.10/site-packages/airflow/example_dags/example_branch_operator.py
[2025-01-29T15:05:05.875+0000] {logging_mixin.py:190} INFO - [2025-01-29T15:05:05.875+0000] {dag.py:3239} INFO - Sync 1 DAGs
[2025-01-29T15:05:05.896+0000] {logging_mixin.py:190} INFO - [2025-01-29T15:05:05.895+0000] {dag.py:4180} INFO - Setting next_dagrun for example_branch_operator to 2025-01-28T00:00:00+00:00, run_after=2025-01-29T00:00:00+00:00
[2025-01-29T15:05:05.911+0000] {processor.py:208} INFO - Processing /home/airflow/.local/lib/python3.10/site-packages/airflow/example_dags/example_branch_operator.py took 0.086 seconds
[2025-01-29T15:05:36.840+0000] {processor.py:186} INFO - Started process (PID=1476) to work on /home/airflow/.local/lib/python3.10/site-packages/airflow/example_dags/example_branch_operator.py
[2025-01-29T15:05:36.841+0000] {processor.py:914} INFO - Processing file /home/airflow/.local/lib/python3.10/site-packages/airflow/example_dags/example_branch_operator.py for tasks to queue
[2025-01-29T15:05:36.843+0000] {logging_mixin.py:190} INFO - [2025-01-29T15:05:36.843+0000] {dagbag.py:588} INFO - Filling up the DagBag from /home/airflow/.local/lib/python3.10/site-packages/airflow/example_dags/example_branch_operator.py
[2025-01-29T15:05:36.860+0000] {processor.py:925} INFO - DAG(s) 'example_branch_operator' retrieved from /home/airflow/.local/lib/python3.10/site-packages/airflow/example_dags/example_branch_operator.py
[2025-01-29T15:05:36.886+0000] {logging_mixin.py:190} INFO - [2025-01-29T15:05:36.886+0000] {dag.py:3239} INFO - Sync 1 DAGs
[2025-01-29T15:05:36.909+0000] {logging_mixin.py:190} INFO - [2025-01-29T15:05:36.909+0000] {dag.py:4180} INFO - Setting next_dagrun for example_branch_operator to 2025-01-28T00:00:00+00:00, run_after=2025-01-29T00:00:00+00:00
[2025-01-29T15:05:36.925+0000] {processor.py:208} INFO - Processing /home/airflow/.local/lib/python3.10/site-packages/airflow/example_dags/example_branch_operator.py took 0.090 seconds
[2025-01-29T15:06:07.036+0000] {processor.py:186} INFO - Started process (PID=1541) to work on /home/airflow/.local/lib/python3.10/site-packages/airflow/example_dags/example_branch_operator.py
[2025-01-29T15:06:07.037+0000] {processor.py:914} INFO - Processing file /home/airflow/.local/lib/python3.10/site-packages/airflow/example_dags/example_branch_operator.py for tasks to queue
[2025-01-29T15:06:07.039+0000] {logging_mixin.py:190} INFO - [2025-01-29T15:06:07.039+0000] {dagbag.py:588} INFO - Filling up the DagBag from /home/airflow/.local/lib/python3.10/site-packages/airflow/example_dags/example_branch_operator.py
[2025-01-29T15:06:07.054+0000] {processor.py:925} INFO - DAG(s) 'example_branch_operator' retrieved from /home/airflow/.local/lib/python3.10/site-packages/airflow/example_dags/example_branch_operator.py
[2025-01-29T15:06:07.079+0000] {logging_mixin.py:190} INFO - [2025-01-29T15:06:07.079+0000] {dag.py:3239} INFO - Sync 1 DAGs
[2025-01-29T15:06:07.099+0000] {logging_mixin.py:190} INFO - [2025-01-29T15:06:07.099+0000] {dag.py:4180} INFO - Setting next_dagrun for example_branch_operator to 2025-01-28T00:00:00+00:00, run_after=2025-01-29T00:00:00+00:00
[2025-01-29T15:06:07.113+0000] {processor.py:208} INFO - Processing /home/airflow/.local/lib/python3.10/site-packages/airflow/example_dags/example_branch_operator.py took 0.082 seconds
[2025-01-29T15:06:37.290+0000] {processor.py:186} INFO - Started process (PID=1607) to work on /home/airflow/.local/lib/python3.10/site-packages/airflow/example_dags/example_branch_operator.py
[2025-01-29T15:06:37.291+0000] {processor.py:914} INFO - Processing file /home/airflow/.local/lib/python3.10/site-packages/airflow/example_dags/example_branch_operator.py for tasks to queue
[2025-01-29T15:06:37.293+0000] {logging_mixin.py:190} INFO - [2025-01-29T15:06:37.293+0000] {dagbag.py:588} INFO - Filling up the DagBag from /home/airflow/.local/lib/python3.10/site-packages/airflow/example_dags/example_branch_operator.py
[2025-01-29T15:06:37.308+0000] {processor.py:925} INFO - DAG(s) 'example_branch_operator' retrieved from /home/airflow/.local/lib/python3.10/site-packages/airflow/example_dags/example_branch_operator.py
[2025-01-29T15:06:37.334+0000] {logging_mixin.py:190} INFO - [2025-01-29T15:06:37.334+0000] {dag.py:3239} INFO - Sync 1 DAGs
[2025-01-29T15:06:37.355+0000] {logging_mixin.py:190} INFO - [2025-01-29T15:06:37.355+0000] {dag.py:4180} INFO - Setting next_dagrun for example_branch_operator to 2025-01-28T00:00:00+00:00, run_after=2025-01-29T00:00:00+00:00
[2025-01-29T15:06:37.372+0000] {processor.py:208} INFO - Processing /home/airflow/.local/lib/python3.10/site-packages/airflow/example_dags/example_branch_operator.py took 0.087 seconds
[2025-01-29T15:07:07.635+0000] {processor.py:186} INFO - Started process (PID=1673) to work on /home/airflow/.local/lib/python3.10/site-packages/airflow/example_dags/example_branch_operator.py
[2025-01-29T15:07:07.636+0000] {processor.py:914} INFO - Processing file /home/airflow/.local/lib/python3.10/site-packages/airflow/example_dags/example_branch_operator.py for tasks to queue
[2025-01-29T15:07:07.639+0000] {logging_mixin.py:190} INFO - [2025-01-29T15:07:07.639+0000] {dagbag.py:588} INFO - Filling up the DagBag from /home/airflow/.local/lib/python3.10/site-packages/airflow/example_dags/example_branch_operator.py
[2025-01-29T15:07:07.664+0000] {processor.py:925} INFO - DAG(s) 'example_branch_operator' retrieved from /home/airflow/.local/lib/python3.10/site-packages/airflow/example_dags/example_branch_operator.py
[2025-01-29T15:07:07.689+0000] {logging_mixin.py:190} INFO - [2025-01-29T15:07:07.689+0000] {dag.py:3239} INFO - Sync 1 DAGs
[2025-01-29T15:07:07.710+0000] {logging_mixin.py:190} INFO - [2025-01-29T15:07:07.710+0000] {dag.py:4180} INFO - Setting next_dagrun for example_branch_operator to 2025-01-28T00:00:00+00:00, run_after=2025-01-29T00:00:00+00:00
[2025-01-29T15:07:07.725+0000] {processor.py:208} INFO - Processing /home/airflow/.local/lib/python3.10/site-packages/airflow/example_dags/example_branch_operator.py took 0.098 seconds
[2025-01-29T15:07:38.080+0000] {processor.py:186} INFO - Started process (PID=1739) to work on /home/airflow/.local/lib/python3.10/site-packages/airflow/example_dags/example_branch_operator.py
[2025-01-29T15:07:38.080+0000] {processor.py:914} INFO - Processing file /home/airflow/.local/lib/python3.10/site-packages/airflow/example_dags/example_branch_operator.py for tasks to queue
[2025-01-29T15:07:38.082+0000] {logging_mixin.py:190} INFO - [2025-01-29T15:07:38.082+0000] {dagbag.py:588} INFO - Filling up the DagBag from /home/airflow/.local/lib/python3.10/site-packages/airflow/example_dags/example_branch_operator.py
[2025-01-29T15:07:38.098+0000] {processor.py:925} INFO - DAG(s) 'example_branch_operator' retrieved from /home/airflow/.local/lib/python3.10/site-packages/airflow/example_dags/example_branch_operator.py
[2025-01-29T15:07:38.123+0000] {logging_mixin.py:190} INFO - [2025-01-29T15:07:38.123+0000] {dag.py:3239} INFO - Sync 1 DAGs
[2025-01-29T15:07:38.308+0000] {logging_mixin.py:190} INFO - [2025-01-29T15:07:38.307+0000] {dag.py:4180} INFO - Setting next_dagrun for example_branch_operator to 2025-01-28T00:00:00+00:00, run_after=2025-01-29T00:00:00+00:00
[2025-01-29T15:07:38.322+0000] {processor.py:208} INFO - Processing /home/airflow/.local/lib/python3.10/site-packages/airflow/example_dags/example_branch_operator.py took 0.248 seconds
[2025-01-29T15:08:08.989+0000] {processor.py:186} INFO - Started process (PID=1805) to work on /home/airflow/.local/lib/python3.10/site-packages/airflow/example_dags/example_branch_operator.py
[2025-01-29T15:08:08.990+0000] {processor.py:914} INFO - Processing file /home/airflow/.local/lib/python3.10/site-packages/airflow/example_dags/example_branch_operator.py for tasks to queue
[2025-01-29T15:08:08.992+0000] {logging_mixin.py:190} INFO - [2025-01-29T15:08:08.992+0000] {dagbag.py:588} INFO - Filling up the DagBag from /home/airflow/.local/lib/python3.10/site-packages/airflow/example_dags/example_branch_operator.py
[2025-01-29T15:08:09.010+0000] {processor.py:925} INFO - DAG(s) 'example_branch_operator' retrieved from /home/airflow/.local/lib/python3.10/site-packages/airflow/example_dags/example_branch_operator.py
[2025-01-29T15:08:09.035+0000] {logging_mixin.py:190} INFO - [2025-01-29T15:08:09.035+0000] {dag.py:3239} INFO - Sync 1 DAGs
[2025-01-29T15:08:09.242+0000] {logging_mixin.py:190} INFO - [2025-01-29T15:08:09.242+0000] {dag.py:4180} INFO - Setting next_dagrun for example_branch_operator to 2025-01-28T00:00:00+00:00, run_after=2025-01-29T00:00:00+00:00
[2025-01-29T15:08:09.265+0000] {processor.py:208} INFO - Processing /home/airflow/.local/lib/python3.10/site-packages/airflow/example_dags/example_branch_operator.py took 0.282 seconds
[2025-01-29T15:08:39.547+0000] {processor.py:186} INFO - Started process (PID=1871) to work on /home/airflow/.local/lib/python3.10/site-packages/airflow/example_dags/example_branch_operator.py
[2025-01-29T15:08:39.547+0000] {processor.py:914} INFO - Processing file /home/airflow/.local/lib/python3.10/site-packages/airflow/example_dags/example_branch_operator.py for tasks to queue
[2025-01-29T15:08:39.549+0000] {logging_mixin.py:190} INFO - [2025-01-29T15:08:39.549+0000] {dagbag.py:588} INFO - Filling up the DagBag from /home/airflow/.local/lib/python3.10/site-packages/airflow/example_dags/example_branch_operator.py
[2025-01-29T15:08:39.564+0000] {processor.py:925} INFO - DAG(s) 'example_branch_operator' retrieved from /home/airflow/.local/lib/python3.10/site-packages/airflow/example_dags/example_branch_operator.py
[2025-01-29T15:08:39.589+0000] {logging_mixin.py:190} INFO - [2025-01-29T15:08:39.589+0000] {dag.py:3239} INFO - Sync 1 DAGs
[2025-01-29T15:08:39.773+0000] {logging_mixin.py:190} INFO - [2025-01-29T15:08:39.773+0000] {dag.py:4180} INFO - Setting next_dagrun for example_branch_operator to 2025-01-28T00:00:00+00:00, run_after=2025-01-29T00:00:00+00:00
[2025-01-29T15:08:39.787+0000] {processor.py:208} INFO - Processing /home/airflow/.local/lib/python3.10/site-packages/airflow/example_dags/example_branch_operator.py took 0.245 seconds
[2025-01-29T15:09:10.711+0000] {processor.py:186} INFO - Started process (PID=1937) to work on /home/airflow/.local/lib/python3.10/site-packages/airflow/example_dags/example_branch_operator.py
[2025-01-29T15:09:10.712+0000] {processor.py:914} INFO - Processing file /home/airflow/.local/lib/python3.10/site-packages/airflow/example_dags/example_branch_operator.py for tasks to queue
[2025-01-29T15:09:10.716+0000] {logging_mixin.py:190} INFO - [2025-01-29T15:09:10.716+0000] {dagbag.py:588} INFO - Filling up the DagBag from /home/airflow/.local/lib/python3.10/site-packages/airflow/example_dags/example_branch_operator.py
[2025-01-29T15:09:10.736+0000] {processor.py:925} INFO - DAG(s) 'example_branch_operator' retrieved from /home/airflow/.local/lib/python3.10/site-packages/airflow/example_dags/example_branch_operator.py
[2025-01-29T15:09:10.769+0000] {logging_mixin.py:190} INFO - [2025-01-29T15:09:10.768+0000] {dag.py:3239} INFO - Sync 1 DAGs
[2025-01-29T15:09:10.982+0000] {logging_mixin.py:190} INFO - [2025-01-29T15:09:10.982+0000] {dag.py:4180} INFO - Setting next_dagrun for example_branch_operator to 2025-01-28T00:00:00+00:00, run_after=2025-01-29T00:00:00+00:00
[2025-01-29T15:09:10.996+0000] {processor.py:208} INFO - Processing /home/airflow/.local/lib/python3.10/site-packages/airflow/example_dags/example_branch_operator.py took 0.291 seconds
[2025-01-29T15:09:41.306+0000] {processor.py:186} INFO - Started process (PID=2003) to work on /home/airflow/.local/lib/python3.10/site-packages/airflow/example_dags/example_branch_operator.py
[2025-01-29T15:09:41.306+0000] {processor.py:914} INFO - Processing file /home/airflow/.local/lib/python3.10/site-packages/airflow/example_dags/example_branch_operator.py for tasks to queue
[2025-01-29T15:09:41.309+0000] {logging_mixin.py:190} INFO - [2025-01-29T15:09:41.308+0000] {dagbag.py:588} INFO - Filling up the DagBag from /home/airflow/.local/lib/python3.10/site-packages/airflow/example_dags/example_branch_operator.py
[2025-01-29T15:09:41.325+0000] {processor.py:925} INFO - DAG(s) 'example_branch_operator' retrieved from /home/airflow/.local/lib/python3.10/site-packages/airflow/example_dags/example_branch_operator.py
[2025-01-29T15:09:41.351+0000] {logging_mixin.py:190} INFO - [2025-01-29T15:09:41.351+0000] {dag.py:3239} INFO - Sync 1 DAGs
[2025-01-29T15:09:41.555+0000] {logging_mixin.py:190} INFO - [2025-01-29T15:09:41.555+0000] {dag.py:4180} INFO - Setting next_dagrun for example_branch_operator to 2025-01-28T00:00:00+00:00, run_after=2025-01-29T00:00:00+00:00
[2025-01-29T15:09:41.571+0000] {processor.py:208} INFO - Processing /home/airflow/.local/lib/python3.10/site-packages/airflow/example_dags/example_branch_operator.py took 0.271 seconds
[2025-01-29T15:10:11.689+0000] {processor.py:186} INFO - Started process (PID=2069) to work on /home/airflow/.local/lib/python3.10/site-packages/airflow/example_dags/example_branch_operator.py
[2025-01-29T15:10:11.689+0000] {processor.py:914} INFO - Processing file /home/airflow/.local/lib/python3.10/site-packages/airflow/example_dags/example_branch_operator.py for tasks to queue
[2025-01-29T15:10:11.691+0000] {logging_mixin.py:190} INFO - [2025-01-29T15:10:11.691+0000] {dagbag.py:588} INFO - Filling up the DagBag from /home/airflow/.local/lib/python3.10/site-packages/airflow/example_dags/example_branch_operator.py
[2025-01-29T15:10:11.707+0000] {processor.py:925} INFO - DAG(s) 'example_branch_operator' retrieved from /home/airflow/.local/lib/python3.10/site-packages/airflow/example_dags/example_branch_operator.py
[2025-01-29T15:10:11.733+0000] {logging_mixin.py:190} INFO - [2025-01-29T15:10:11.733+0000] {dag.py:3239} INFO - Sync 1 DAGs
[2025-01-29T15:10:11.963+0000] {logging_mixin.py:190} INFO - [2025-01-29T15:10:11.963+0000] {dag.py:4180} INFO - Setting next_dagrun for example_branch_operator to 2025-01-28T00:00:00+00:00, run_after=2025-01-29T00:00:00+00:00
[2025-01-29T15:10:11.983+0000] {processor.py:208} INFO - Processing /home/airflow/.local/lib/python3.10/site-packages/airflow/example_dags/example_branch_operator.py took 0.300 seconds
[2025-01-29T15:10:42.395+0000] {processor.py:186} INFO - Started process (PID=2135) to work on /home/airflow/.local/lib/python3.10/site-packages/airflow/example_dags/example_branch_operator.py
[2025-01-29T15:10:42.396+0000] {processor.py:914} INFO - Processing file /home/airflow/.local/lib/python3.10/site-packages/airflow/example_dags/example_branch_operator.py for tasks to queue
[2025-01-29T15:10:42.398+0000] {logging_mixin.py:190} INFO - [2025-01-29T15:10:42.398+0000] {dagbag.py:588} INFO - Filling up the DagBag from /home/airflow/.local/lib/python3.10/site-packages/airflow/example_dags/example_branch_operator.py
[2025-01-29T15:10:42.413+0000] {processor.py:925} INFO - DAG(s) 'example_branch_operator' retrieved from /home/airflow/.local/lib/python3.10/site-packages/airflow/example_dags/example_branch_operator.py
[2025-01-29T15:10:42.439+0000] {logging_mixin.py:190} INFO - [2025-01-29T15:10:42.439+0000] {dag.py:3239} INFO - Sync 1 DAGs
[2025-01-29T15:10:42.649+0000] {logging_mixin.py:190} INFO - [2025-01-29T15:10:42.649+0000] {dag.py:4180} INFO - Setting next_dagrun for example_branch_operator to 2025-01-28T00:00:00+00:00, run_after=2025-01-29T00:00:00+00:00
[2025-01-29T15:10:42.666+0000] {processor.py:208} INFO - Processing /home/airflow/.local/lib/python3.10/site-packages/airflow/example_dags/example_branch_operator.py took 0.276 seconds
[2025-01-29T15:11:13.265+0000] {processor.py:186} INFO - Started process (PID=2200) to work on /home/airflow/.local/lib/python3.10/site-packages/airflow/example_dags/example_branch_operator.py
[2025-01-29T15:11:13.265+0000] {processor.py:914} INFO - Processing file /home/airflow/.local/lib/python3.10/site-packages/airflow/example_dags/example_branch_operator.py for tasks to queue
[2025-01-29T15:11:13.268+0000] {logging_mixin.py:190} INFO - [2025-01-29T15:11:13.267+0000] {dagbag.py:588} INFO - Filling up the DagBag from /home/airflow/.local/lib/python3.10/site-packages/airflow/example_dags/example_branch_operator.py
[2025-01-29T15:11:13.284+0000] {processor.py:925} INFO - DAG(s) 'example_branch_operator' retrieved from /home/airflow/.local/lib/python3.10/site-packages/airflow/example_dags/example_branch_operator.py
[2025-01-29T15:11:13.308+0000] {logging_mixin.py:190} INFO - [2025-01-29T15:11:13.308+0000] {dag.py:3239} INFO - Sync 1 DAGs
[2025-01-29T15:11:13.329+0000] {logging_mixin.py:190} INFO - [2025-01-29T15:11:13.328+0000] {dag.py:4180} INFO - Setting next_dagrun for example_branch_operator to 2025-01-28T00:00:00+00:00, run_after=2025-01-29T00:00:00+00:00
[2025-01-29T15:11:13.344+0000] {processor.py:208} INFO - Processing /home/airflow/.local/lib/python3.10/site-packages/airflow/example_dags/example_branch_operator.py took 0.085 seconds
[2025-01-29T15:11:43.527+0000] {processor.py:186} INFO - Started process (PID=2266) to work on /home/airflow/.local/lib/python3.10/site-packages/airflow/example_dags/example_branch_operator.py
[2025-01-29T15:11:43.528+0000] {processor.py:914} INFO - Processing file /home/airflow/.local/lib/python3.10/site-packages/airflow/example_dags/example_branch_operator.py for tasks to queue
[2025-01-29T15:11:43.531+0000] {logging_mixin.py:190} INFO - [2025-01-29T15:11:43.530+0000] {dagbag.py:588} INFO - Filling up the DagBag from /home/airflow/.local/lib/python3.10/site-packages/airflow/example_dags/example_branch_operator.py
[2025-01-29T15:11:43.546+0000] {processor.py:925} INFO - DAG(s) 'example_branch_operator' retrieved from /home/airflow/.local/lib/python3.10/site-packages/airflow/example_dags/example_branch_operator.py
[2025-01-29T15:11:43.572+0000] {logging_mixin.py:190} INFO - [2025-01-29T15:11:43.572+0000] {dag.py:3239} INFO - Sync 1 DAGs
[2025-01-29T15:11:43.593+0000] {logging_mixin.py:190} INFO - [2025-01-29T15:11:43.593+0000] {dag.py:4180} INFO - Setting next_dagrun for example_branch_operator to 2025-01-28T00:00:00+00:00, run_after=2025-01-29T00:00:00+00:00
[2025-01-29T15:11:43.609+0000] {processor.py:208} INFO - Processing /home/airflow/.local/lib/python3.10/site-packages/airflow/example_dags/example_branch_operator.py took 0.087 seconds
[2025-01-29T15:12:13.702+0000] {processor.py:186} INFO - Started process (PID=2332) to work on /home/airflow/.local/lib/python3.10/site-packages/airflow/example_dags/example_branch_operator.py
[2025-01-29T15:12:13.703+0000] {processor.py:914} INFO - Processing file /home/airflow/.local/lib/python3.10/site-packages/airflow/example_dags/example_branch_operator.py for tasks to queue
[2025-01-29T15:12:13.705+0000] {logging_mixin.py:190} INFO - [2025-01-29T15:12:13.705+0000] {dagbag.py:588} INFO - Filling up the DagBag from /home/airflow/.local/lib/python3.10/site-packages/airflow/example_dags/example_branch_operator.py
[2025-01-29T15:12:13.721+0000] {processor.py:925} INFO - DAG(s) 'example_branch_operator' retrieved from /home/airflow/.local/lib/python3.10/site-packages/airflow/example_dags/example_branch_operator.py
[2025-01-29T15:12:13.746+0000] {logging_mixin.py:190} INFO - [2025-01-29T15:12:13.746+0000] {dag.py:3239} INFO - Sync 1 DAGs
[2025-01-29T15:12:13.766+0000] {logging_mixin.py:190} INFO - [2025-01-29T15:12:13.765+0000] {dag.py:4180} INFO - Setting next_dagrun for example_branch_operator to 2025-01-28T00:00:00+00:00, run_after=2025-01-29T00:00:00+00:00
[2025-01-29T15:12:13.780+0000] {processor.py:208} INFO - Processing /home/airflow/.local/lib/python3.10/site-packages/airflow/example_dags/example_branch_operator.py took 0.083 seconds
[2025-01-29T15:12:44.156+0000] {processor.py:186} INFO - Started process (PID=2398) to work on /home/airflow/.local/lib/python3.10/site-packages/airflow/example_dags/example_branch_operator.py
[2025-01-29T15:12:44.157+0000] {processor.py:914} INFO - Processing file /home/airflow/.local/lib/python3.10/site-packages/airflow/example_dags/example_branch_operator.py for tasks to queue
[2025-01-29T15:12:44.159+0000] {logging_mixin.py:190} INFO - [2025-01-29T15:12:44.159+0000] {dagbag.py:588} INFO - Filling up the DagBag from /home/airflow/.local/lib/python3.10/site-packages/airflow/example_dags/example_branch_operator.py
[2025-01-29T15:12:44.175+0000] {processor.py:925} INFO - DAG(s) 'example_branch_operator' retrieved from /home/airflow/.local/lib/python3.10/site-packages/airflow/example_dags/example_branch_operator.py
[2025-01-29T15:12:44.200+0000] {logging_mixin.py:190} INFO - [2025-01-29T15:12:44.200+0000] {dag.py:3239} INFO - Sync 1 DAGs
[2025-01-29T15:12:44.220+0000] {logging_mixin.py:190} INFO - [2025-01-29T15:12:44.220+0000] {dag.py:4180} INFO - Setting next_dagrun for example_branch_operator to 2025-01-28T00:00:00+00:00, run_after=2025-01-29T00:00:00+00:00
[2025-01-29T15:12:44.236+0000] {processor.py:208} INFO - Processing /home/airflow/.local/lib/python3.10/site-packages/airflow/example_dags/example_branch_operator.py took 0.085 seconds
[2025-01-29T15:13:14.313+0000] {processor.py:186} INFO - Started process (PID=2464) to work on /home/airflow/.local/lib/python3.10/site-packages/airflow/example_dags/example_branch_operator.py
[2025-01-29T15:13:14.314+0000] {processor.py:914} INFO - Processing file /home/airflow/.local/lib/python3.10/site-packages/airflow/example_dags/example_branch_operator.py for tasks to queue
[2025-01-29T15:13:14.316+0000] {logging_mixin.py:190} INFO - [2025-01-29T15:13:14.316+0000] {dagbag.py:588} INFO - Filling up the DagBag from /home/airflow/.local/lib/python3.10/site-packages/airflow/example_dags/example_branch_operator.py
[2025-01-29T15:13:14.333+0000] {processor.py:925} INFO - DAG(s) 'example_branch_operator' retrieved from /home/airflow/.local/lib/python3.10/site-packages/airflow/example_dags/example_branch_operator.py
[2025-01-29T15:13:14.357+0000] {logging_mixin.py:190} INFO - [2025-01-29T15:13:14.357+0000] {dag.py:3239} INFO - Sync 1 DAGs
[2025-01-29T15:13:14.378+0000] {logging_mixin.py:190} INFO - [2025-01-29T15:13:14.378+0000] {dag.py:4180} INFO - Setting next_dagrun for example_branch_operator to 2025-01-28T00:00:00+00:00, run_after=2025-01-29T00:00:00+00:00
[2025-01-29T15:13:14.395+0000] {processor.py:208} INFO - Processing /home/airflow/.local/lib/python3.10/site-packages/airflow/example_dags/example_branch_operator.py took 0.086 seconds
[2025-01-29T15:13:44.497+0000] {processor.py:186} INFO - Started process (PID=2530) to work on /home/airflow/.local/lib/python3.10/site-packages/airflow/example_dags/example_branch_operator.py
[2025-01-29T15:13:44.498+0000] {processor.py:914} INFO - Processing file /home/airflow/.local/lib/python3.10/site-packages/airflow/example_dags/example_branch_operator.py for tasks to queue
[2025-01-29T15:13:44.500+0000] {logging_mixin.py:190} INFO - [2025-01-29T15:13:44.500+0000] {dagbag.py:588} INFO - Filling up the DagBag from /home/airflow/.local/lib/python3.10/site-packages/airflow/example_dags/example_branch_operator.py
[2025-01-29T15:13:44.516+0000] {processor.py:925} INFO - DAG(s) 'example_branch_operator' retrieved from /home/airflow/.local/lib/python3.10/site-packages/airflow/example_dags/example_branch_operator.py
[2025-01-29T15:13:44.541+0000] {logging_mixin.py:190} INFO - [2025-01-29T15:13:44.541+0000] {dag.py:3239} INFO - Sync 1 DAGs
[2025-01-29T15:13:44.562+0000] {logging_mixin.py:190} INFO - [2025-01-29T15:13:44.562+0000] {dag.py:4180} INFO - Setting next_dagrun for example_branch_operator to 2025-01-28T00:00:00+00:00, run_after=2025-01-29T00:00:00+00:00
[2025-01-29T15:13:44.576+0000] {processor.py:208} INFO - Processing /home/airflow/.local/lib/python3.10/site-packages/airflow/example_dags/example_branch_operator.py took 0.084 seconds
[2025-01-29T15:14:14.672+0000] {processor.py:186} INFO - Started process (PID=2596) to work on /home/airflow/.local/lib/python3.10/site-packages/airflow/example_dags/example_branch_operator.py
[2025-01-29T15:14:14.673+0000] {processor.py:914} INFO - Processing file /home/airflow/.local/lib/python3.10/site-packages/airflow/example_dags/example_branch_operator.py for tasks to queue
[2025-01-29T15:14:14.675+0000] {logging_mixin.py:190} INFO - [2025-01-29T15:14:14.675+0000] {dagbag.py:588} INFO - Filling up the DagBag from /home/airflow/.local/lib/python3.10/site-packages/airflow/example_dags/example_branch_operator.py
[2025-01-29T15:14:14.693+0000] {processor.py:925} INFO - DAG(s) 'example_branch_operator' retrieved from /home/airflow/.local/lib/python3.10/site-packages/airflow/example_dags/example_branch_operator.py
[2025-01-29T15:14:14.719+0000] {logging_mixin.py:190} INFO - [2025-01-29T15:14:14.719+0000] {dag.py:3239} INFO - Sync 1 DAGs
[2025-01-29T15:14:14.739+0000] {logging_mixin.py:190} INFO - [2025-01-29T15:14:14.739+0000] {dag.py:4180} INFO - Setting next_dagrun for example_branch_operator to 2025-01-28T00:00:00+00:00, run_after=2025-01-29T00:00:00+00:00
[2025-01-29T15:14:14.755+0000] {processor.py:208} INFO - Processing /home/airflow/.local/lib/python3.10/site-packages/airflow/example_dags/example_branch_operator.py took 0.089 seconds
[2025-01-29T15:14:44.943+0000] {processor.py:186} INFO - Started process (PID=2662) to work on /home/airflow/.local/lib/python3.10/site-packages/airflow/example_dags/example_branch_operator.py
[2025-01-29T15:14:44.944+0000] {processor.py:914} INFO - Processing file /home/airflow/.local/lib/python3.10/site-packages/airflow/example_dags/example_branch_operator.py for tasks to queue
[2025-01-29T15:14:44.946+0000] {logging_mixin.py:190} INFO - [2025-01-29T15:14:44.946+0000] {dagbag.py:588} INFO - Filling up the DagBag from /home/airflow/.local/lib/python3.10/site-packages/airflow/example_dags/example_branch_operator.py
[2025-01-29T15:14:44.963+0000] {processor.py:925} INFO - DAG(s) 'example_branch_operator' retrieved from /home/airflow/.local/lib/python3.10/site-packages/airflow/example_dags/example_branch_operator.py
[2025-01-29T15:14:44.989+0000] {logging_mixin.py:190} INFO - [2025-01-29T15:14:44.988+0000] {dag.py:3239} INFO - Sync 1 DAGs
[2025-01-29T15:14:45.009+0000] {logging_mixin.py:190} INFO - [2025-01-29T15:14:45.009+0000] {dag.py:4180} INFO - Setting next_dagrun for example_branch_operator to 2025-01-28T00:00:00+00:00, run_after=2025-01-29T00:00:00+00:00
[2025-01-29T15:14:45.024+0000] {processor.py:208} INFO - Processing /home/airflow/.local/lib/python3.10/site-packages/airflow/example_dags/example_branch_operator.py took 0.086 seconds
[2025-01-29T15:15:15.271+0000] {processor.py:186} INFO - Started process (PID=2728) to work on /home/airflow/.local/lib/python3.10/site-packages/airflow/example_dags/example_branch_operator.py
[2025-01-29T15:15:15.272+0000] {processor.py:914} INFO - Processing file /home/airflow/.local/lib/python3.10/site-packages/airflow/example_dags/example_branch_operator.py for tasks to queue
[2025-01-29T15:15:15.274+0000] {logging_mixin.py:190} INFO - [2025-01-29T15:15:15.274+0000] {dagbag.py:588} INFO - Filling up the DagBag from /home/airflow/.local/lib/python3.10/site-packages/airflow/example_dags/example_branch_operator.py
[2025-01-29T15:15:15.290+0000] {processor.py:925} INFO - DAG(s) 'example_branch_operator' retrieved from /home/airflow/.local/lib/python3.10/site-packages/airflow/example_dags/example_branch_operator.py
[2025-01-29T15:15:15.315+0000] {logging_mixin.py:190} INFO - [2025-01-29T15:15:15.315+0000] {dag.py:3239} INFO - Sync 1 DAGs
[2025-01-29T15:15:15.335+0000] {logging_mixin.py:190} INFO - [2025-01-29T15:15:15.334+0000] {dag.py:4180} INFO - Setting next_dagrun for example_branch_operator to 2025-01-28T00:00:00+00:00, run_after=2025-01-29T00:00:00+00:00
[2025-01-29T15:15:15.350+0000] {processor.py:208} INFO - Processing /home/airflow/.local/lib/python3.10/site-packages/airflow/example_dags/example_branch_operator.py took 0.084 seconds
[2025-01-29T15:15:46.309+0000] {processor.py:186} INFO - Started process (PID=2795) to work on /home/airflow/.local/lib/python3.10/site-packages/airflow/example_dags/example_branch_operator.py
[2025-01-29T15:15:46.310+0000] {processor.py:914} INFO - Processing file /home/airflow/.local/lib/python3.10/site-packages/airflow/example_dags/example_branch_operator.py for tasks to queue
[2025-01-29T15:15:46.312+0000] {logging_mixin.py:190} INFO - [2025-01-29T15:15:46.312+0000] {dagbag.py:588} INFO - Filling up the DagBag from /home/airflow/.local/lib/python3.10/site-packages/airflow/example_dags/example_branch_operator.py
[2025-01-29T15:15:46.328+0000] {processor.py:925} INFO - DAG(s) 'example_branch_operator' retrieved from /home/airflow/.local/lib/python3.10/site-packages/airflow/example_dags/example_branch_operator.py
[2025-01-29T15:15:46.356+0000] {logging_mixin.py:190} INFO - [2025-01-29T15:15:46.356+0000] {dag.py:3239} INFO - Sync 1 DAGs
[2025-01-29T15:15:46.379+0000] {logging_mixin.py:190} INFO - [2025-01-29T15:15:46.379+0000] {dag.py:4180} INFO - Setting next_dagrun for example_branch_operator to 2025-01-28T00:00:00+00:00, run_after=2025-01-29T00:00:00+00:00
[2025-01-29T15:15:46.395+0000] {processor.py:208} INFO - Processing /home/airflow/.local/lib/python3.10/site-packages/airflow/example_dags/example_branch_operator.py took 0.092 seconds
[2025-01-29T15:16:16.623+0000] {processor.py:186} INFO - Started process (PID=2861) to work on /home/airflow/.local/lib/python3.10/site-packages/airflow/example_dags/example_branch_operator.py
[2025-01-29T15:16:16.624+0000] {processor.py:914} INFO - Processing file /home/airflow/.local/lib/python3.10/site-packages/airflow/example_dags/example_branch_operator.py for tasks to queue
[2025-01-29T15:16:16.626+0000] {logging_mixin.py:190} INFO - [2025-01-29T15:16:16.626+0000] {dagbag.py:588} INFO - Filling up the DagBag from /home/airflow/.local/lib/python3.10/site-packages/airflow/example_dags/example_branch_operator.py
[2025-01-29T15:16:16.643+0000] {processor.py:925} INFO - DAG(s) 'example_branch_operator' retrieved from /home/airflow/.local/lib/python3.10/site-packages/airflow/example_dags/example_branch_operator.py
[2025-01-29T15:16:16.669+0000] {logging_mixin.py:190} INFO - [2025-01-29T15:16:16.669+0000] {dag.py:3239} INFO - Sync 1 DAGs
[2025-01-29T15:16:16.689+0000] {logging_mixin.py:190} INFO - [2025-01-29T15:16:16.689+0000] {dag.py:4180} INFO - Setting next_dagrun for example_branch_operator to 2025-01-28T00:00:00+00:00, run_after=2025-01-29T00:00:00+00:00
[2025-01-29T15:16:16.705+0000] {processor.py:208} INFO - Processing /home/airflow/.local/lib/python3.10/site-packages/airflow/example_dags/example_branch_operator.py took 0.087 seconds
[2025-01-29T15:16:46.810+0000] {processor.py:186} INFO - Started process (PID=2927) to work on /home/airflow/.local/lib/python3.10/site-packages/airflow/example_dags/example_branch_operator.py
[2025-01-29T15:16:46.811+0000] {processor.py:914} INFO - Processing file /home/airflow/.local/lib/python3.10/site-packages/airflow/example_dags/example_branch_operator.py for tasks to queue
[2025-01-29T15:16:46.813+0000] {logging_mixin.py:190} INFO - [2025-01-29T15:16:46.813+0000] {dagbag.py:588} INFO - Filling up the DagBag from /home/airflow/.local/lib/python3.10/site-packages/airflow/example_dags/example_branch_operator.py
[2025-01-29T15:16:46.829+0000] {processor.py:925} INFO - DAG(s) 'example_branch_operator' retrieved from /home/airflow/.local/lib/python3.10/site-packages/airflow/example_dags/example_branch_operator.py
[2025-01-29T15:16:46.856+0000] {logging_mixin.py:190} INFO - [2025-01-29T15:16:46.856+0000] {dag.py:3239} INFO - Sync 1 DAGs
[2025-01-29T15:16:46.877+0000] {logging_mixin.py:190} INFO - [2025-01-29T15:16:46.877+0000] {dag.py:4180} INFO - Setting next_dagrun for example_branch_operator to 2025-01-28T00:00:00+00:00, run_after=2025-01-29T00:00:00+00:00
[2025-01-29T15:16:46.892+0000] {processor.py:208} INFO - Processing /home/airflow/.local/lib/python3.10/site-packages/airflow/example_dags/example_branch_operator.py took 0.087 seconds
[2025-01-29T15:17:17.085+0000] {processor.py:186} INFO - Started process (PID=2993) to work on /home/airflow/.local/lib/python3.10/site-packages/airflow/example_dags/example_branch_operator.py
[2025-01-29T15:17:17.085+0000] {processor.py:914} INFO - Processing file /home/airflow/.local/lib/python3.10/site-packages/airflow/example_dags/example_branch_operator.py for tasks to queue
[2025-01-29T15:17:17.087+0000] {logging_mixin.py:190} INFO - [2025-01-29T15:17:17.087+0000] {dagbag.py:588} INFO - Filling up the DagBag from /home/airflow/.local/lib/python3.10/site-packages/airflow/example_dags/example_branch_operator.py
[2025-01-29T15:17:17.104+0000] {processor.py:925} INFO - DAG(s) 'example_branch_operator' retrieved from /home/airflow/.local/lib/python3.10/site-packages/airflow/example_dags/example_branch_operator.py
[2025-01-29T15:17:17.131+0000] {logging_mixin.py:190} INFO - [2025-01-29T15:17:17.131+0000] {dag.py:3239} INFO - Sync 1 DAGs
[2025-01-29T15:17:17.154+0000] {logging_mixin.py:190} INFO - [2025-01-29T15:17:17.154+0000] {dag.py:4180} INFO - Setting next_dagrun for example_branch_operator to 2025-01-28T00:00:00+00:00, run_after=2025-01-29T00:00:00+00:00
[2025-01-29T15:17:17.170+0000] {processor.py:208} INFO - Processing /home/airflow/.local/lib/python3.10/site-packages/airflow/example_dags/example_branch_operator.py took 0.091 seconds
[2025-01-29T15:17:47.298+0000] {processor.py:186} INFO - Started process (PID=3059) to work on /home/airflow/.local/lib/python3.10/site-packages/airflow/example_dags/example_branch_operator.py
[2025-01-29T15:17:47.299+0000] {processor.py:914} INFO - Processing file /home/airflow/.local/lib/python3.10/site-packages/airflow/example_dags/example_branch_operator.py for tasks to queue
[2025-01-29T15:17:47.302+0000] {logging_mixin.py:190} INFO - [2025-01-29T15:17:47.302+0000] {dagbag.py:588} INFO - Filling up the DagBag from /home/airflow/.local/lib/python3.10/site-packages/airflow/example_dags/example_branch_operator.py
[2025-01-29T15:17:47.318+0000] {processor.py:925} INFO - DAG(s) 'example_branch_operator' retrieved from /home/airflow/.local/lib/python3.10/site-packages/airflow/example_dags/example_branch_operator.py
[2025-01-29T15:17:47.345+0000] {logging_mixin.py:190} INFO - [2025-01-29T15:17:47.345+0000] {dag.py:3239} INFO - Sync 1 DAGs
[2025-01-29T15:17:47.368+0000] {logging_mixin.py:190} INFO - [2025-01-29T15:17:47.367+0000] {dag.py:4180} INFO - Setting next_dagrun for example_branch_operator to 2025-01-28T00:00:00+00:00, run_after=2025-01-29T00:00:00+00:00
[2025-01-29T15:17:47.383+0000] {processor.py:208} INFO - Processing /home/airflow/.local/lib/python3.10/site-packages/airflow/example_dags/example_branch_operator.py took 0.089 seconds
[2025-01-29T15:18:17.579+0000] {processor.py:186} INFO - Started process (PID=3125) to work on /home/airflow/.local/lib/python3.10/site-packages/airflow/example_dags/example_branch_operator.py
[2025-01-29T15:18:17.580+0000] {processor.py:914} INFO - Processing file /home/airflow/.local/lib/python3.10/site-packages/airflow/example_dags/example_branch_operator.py for tasks to queue
[2025-01-29T15:18:17.582+0000] {logging_mixin.py:190} INFO - [2025-01-29T15:18:17.582+0000] {dagbag.py:588} INFO - Filling up the DagBag from /home/airflow/.local/lib/python3.10/site-packages/airflow/example_dags/example_branch_operator.py
[2025-01-29T15:18:17.599+0000] {processor.py:925} INFO - DAG(s) 'example_branch_operator' retrieved from /home/airflow/.local/lib/python3.10/site-packages/airflow/example_dags/example_branch_operator.py
[2025-01-29T15:18:17.626+0000] {logging_mixin.py:190} INFO - [2025-01-29T15:18:17.625+0000] {dag.py:3239} INFO - Sync 1 DAGs
[2025-01-29T15:18:17.648+0000] {logging_mixin.py:190} INFO - [2025-01-29T15:18:17.647+0000] {dag.py:4180} INFO - Setting next_dagrun for example_branch_operator to 2025-01-28T00:00:00+00:00, run_after=2025-01-29T00:00:00+00:00
[2025-01-29T15:18:17.664+0000] {processor.py:208} INFO - Processing /home/airflow/.local/lib/python3.10/site-packages/airflow/example_dags/example_branch_operator.py took 0.091 seconds
