[2025-01-29T14:54:59.896+0000] {processor.py:186} INFO - Started process (PID=120) to work on /home/airflow/.local/lib/python3.10/site-packages/airflow/example_dags/example_bash_decorator.py
[2025-01-29T14:54:59.898+0000] {processor.py:914} INFO - Processing file /home/airflow/.local/lib/python3.10/site-packages/airflow/example_dags/example_bash_decorator.py for tasks to queue
[2025-01-29T14:54:59.901+0000] {logging_mixin.py:190} INFO - [2025-01-29T14:54:59.900+0000] {dagbag.py:588} INFO - Filling up the DagBag from /home/airflow/.local/lib/python3.10/site-packages/airflow/example_dags/example_bash_decorator.py
[2025-01-29T14:54:59.917+0000] {processor.py:925} INFO - DAG(s) 'example_bash_decorator' retrieved from /home/airflow/.local/lib/python3.10/site-packages/airflow/example_dags/example_bash_decorator.py
[2025-01-29T14:55:00.036+0000] {logging_mixin.py:190} INFO - [2025-01-29T14:55:00.036+0000] {dag.py:3239} INFO - Sync 1 DAGs
[2025-01-29T14:55:00.049+0000] {logging_mixin.py:190} INFO - [2025-01-29T14:55:00.049+0000] {dag.py:4180} INFO - Setting next_dagrun for example_bash_decorator to None, run_after=None
[2025-01-29T14:55:00.070+0000] {processor.py:208} INFO - Processing /home/airflow/.local/lib/python3.10/site-packages/airflow/example_dags/example_bash_decorator.py took 0.181 seconds
[2025-01-29T14:55:30.855+0000] {processor.py:186} INFO - Started process (PID=186) to work on /home/airflow/.local/lib/python3.10/site-packages/airflow/example_dags/example_bash_decorator.py
[2025-01-29T14:55:30.856+0000] {processor.py:914} INFO - Processing file /home/airflow/.local/lib/python3.10/site-packages/airflow/example_dags/example_bash_decorator.py for tasks to queue
[2025-01-29T14:55:30.858+0000] {logging_mixin.py:190} INFO - [2025-01-29T14:55:30.858+0000] {dagbag.py:588} INFO - Filling up the DagBag from /home/airflow/.local/lib/python3.10/site-packages/airflow/example_dags/example_bash_decorator.py
[2025-01-29T14:55:30.871+0000] {processor.py:925} INFO - DAG(s) 'example_bash_decorator' retrieved from /home/airflow/.local/lib/python3.10/site-packages/airflow/example_dags/example_bash_decorator.py
[2025-01-29T14:55:30.892+0000] {logging_mixin.py:190} INFO - [2025-01-29T14:55:30.892+0000] {dag.py:3239} INFO - Sync 1 DAGs
[2025-01-29T14:55:30.905+0000] {logging_mixin.py:190} INFO - [2025-01-29T14:55:30.905+0000] {dag.py:4180} INFO - Setting next_dagrun for example_bash_decorator to None, run_after=None
[2025-01-29T14:55:30.921+0000] {processor.py:208} INFO - Processing /home/airflow/.local/lib/python3.10/site-packages/airflow/example_dags/example_bash_decorator.py took 0.071 seconds
[2025-01-29T14:56:00.982+0000] {processor.py:186} INFO - Started process (PID=252) to work on /home/airflow/.local/lib/python3.10/site-packages/airflow/example_dags/example_bash_decorator.py
[2025-01-29T14:56:00.983+0000] {processor.py:914} INFO - Processing file /home/airflow/.local/lib/python3.10/site-packages/airflow/example_dags/example_bash_decorator.py for tasks to queue
[2025-01-29T14:56:00.985+0000] {logging_mixin.py:190} INFO - [2025-01-29T14:56:00.985+0000] {dagbag.py:588} INFO - Filling up the DagBag from /home/airflow/.local/lib/python3.10/site-packages/airflow/example_dags/example_bash_decorator.py
[2025-01-29T14:56:00.998+0000] {processor.py:925} INFO - DAG(s) 'example_bash_decorator' retrieved from /home/airflow/.local/lib/python3.10/site-packages/airflow/example_dags/example_bash_decorator.py
[2025-01-29T14:56:01.021+0000] {logging_mixin.py:190} INFO - [2025-01-29T14:56:01.021+0000] {dag.py:3239} INFO - Sync 1 DAGs
[2025-01-29T14:56:01.035+0000] {logging_mixin.py:190} INFO - [2025-01-29T14:56:01.034+0000] {dag.py:4180} INFO - Setting next_dagrun for example_bash_decorator to None, run_after=None
[2025-01-29T14:56:01.050+0000] {processor.py:208} INFO - Processing /home/airflow/.local/lib/python3.10/site-packages/airflow/example_dags/example_bash_decorator.py took 0.073 seconds
[2025-01-29T14:56:31.252+0000] {processor.py:186} INFO - Started process (PID=318) to work on /home/airflow/.local/lib/python3.10/site-packages/airflow/example_dags/example_bash_decorator.py
[2025-01-29T14:56:31.253+0000] {processor.py:914} INFO - Processing file /home/airflow/.local/lib/python3.10/site-packages/airflow/example_dags/example_bash_decorator.py for tasks to queue
[2025-01-29T14:56:31.256+0000] {logging_mixin.py:190} INFO - [2025-01-29T14:56:31.255+0000] {dagbag.py:588} INFO - Filling up the DagBag from /home/airflow/.local/lib/python3.10/site-packages/airflow/example_dags/example_bash_decorator.py
[2025-01-29T14:56:31.268+0000] {processor.py:925} INFO - DAG(s) 'example_bash_decorator' retrieved from /home/airflow/.local/lib/python3.10/site-packages/airflow/example_dags/example_bash_decorator.py
[2025-01-29T14:56:31.290+0000] {logging_mixin.py:190} INFO - [2025-01-29T14:56:31.290+0000] {dag.py:3239} INFO - Sync 1 DAGs
[2025-01-29T14:56:31.306+0000] {logging_mixin.py:190} INFO - [2025-01-29T14:56:31.306+0000] {dag.py:4180} INFO - Setting next_dagrun for example_bash_decorator to None, run_after=None
[2025-01-29T14:56:31.325+0000] {processor.py:208} INFO - Processing /home/airflow/.local/lib/python3.10/site-packages/airflow/example_dags/example_bash_decorator.py took 0.079 seconds
[2025-01-29T14:57:01.880+0000] {processor.py:186} INFO - Started process (PID=384) to work on /home/airflow/.local/lib/python3.10/site-packages/airflow/example_dags/example_bash_decorator.py
[2025-01-29T14:57:01.881+0000] {processor.py:914} INFO - Processing file /home/airflow/.local/lib/python3.10/site-packages/airflow/example_dags/example_bash_decorator.py for tasks to queue
[2025-01-29T14:57:01.884+0000] {logging_mixin.py:190} INFO - [2025-01-29T14:57:01.884+0000] {dagbag.py:588} INFO - Filling up the DagBag from /home/airflow/.local/lib/python3.10/site-packages/airflow/example_dags/example_bash_decorator.py
[2025-01-29T14:57:01.898+0000] {processor.py:925} INFO - DAG(s) 'example_bash_decorator' retrieved from /home/airflow/.local/lib/python3.10/site-packages/airflow/example_dags/example_bash_decorator.py
[2025-01-29T14:57:01.921+0000] {logging_mixin.py:190} INFO - [2025-01-29T14:57:01.921+0000] {dag.py:3239} INFO - Sync 1 DAGs
[2025-01-29T14:57:01.936+0000] {logging_mixin.py:190} INFO - [2025-01-29T14:57:01.936+0000] {dag.py:4180} INFO - Setting next_dagrun for example_bash_decorator to None, run_after=None
[2025-01-29T14:57:01.956+0000] {processor.py:208} INFO - Processing /home/airflow/.local/lib/python3.10/site-packages/airflow/example_dags/example_bash_decorator.py took 0.081 seconds
[2025-01-29T14:57:32.108+0000] {processor.py:186} INFO - Started process (PID=450) to work on /home/airflow/.local/lib/python3.10/site-packages/airflow/example_dags/example_bash_decorator.py
[2025-01-29T14:57:32.108+0000] {processor.py:914} INFO - Processing file /home/airflow/.local/lib/python3.10/site-packages/airflow/example_dags/example_bash_decorator.py for tasks to queue
[2025-01-29T14:57:32.111+0000] {logging_mixin.py:190} INFO - [2025-01-29T14:57:32.111+0000] {dagbag.py:588} INFO - Filling up the DagBag from /home/airflow/.local/lib/python3.10/site-packages/airflow/example_dags/example_bash_decorator.py
[2025-01-29T14:57:32.124+0000] {processor.py:925} INFO - DAG(s) 'example_bash_decorator' retrieved from /home/airflow/.local/lib/python3.10/site-packages/airflow/example_dags/example_bash_decorator.py
[2025-01-29T14:57:32.144+0000] {logging_mixin.py:190} INFO - [2025-01-29T14:57:32.144+0000] {dag.py:3239} INFO - Sync 1 DAGs
[2025-01-29T14:57:32.157+0000] {logging_mixin.py:190} INFO - [2025-01-29T14:57:32.157+0000] {dag.py:4180} INFO - Setting next_dagrun for example_bash_decorator to None, run_after=None
[2025-01-29T14:57:32.172+0000] {processor.py:208} INFO - Processing /home/airflow/.local/lib/python3.10/site-packages/airflow/example_dags/example_bash_decorator.py took 0.070 seconds
[2025-01-29T14:58:02.468+0000] {processor.py:186} INFO - Started process (PID=516) to work on /home/airflow/.local/lib/python3.10/site-packages/airflow/example_dags/example_bash_decorator.py
[2025-01-29T14:58:02.469+0000] {processor.py:914} INFO - Processing file /home/airflow/.local/lib/python3.10/site-packages/airflow/example_dags/example_bash_decorator.py for tasks to queue
[2025-01-29T14:58:02.472+0000] {logging_mixin.py:190} INFO - [2025-01-29T14:58:02.471+0000] {dagbag.py:588} INFO - Filling up the DagBag from /home/airflow/.local/lib/python3.10/site-packages/airflow/example_dags/example_bash_decorator.py
[2025-01-29T14:58:02.484+0000] {processor.py:925} INFO - DAG(s) 'example_bash_decorator' retrieved from /home/airflow/.local/lib/python3.10/site-packages/airflow/example_dags/example_bash_decorator.py
[2025-01-29T14:58:02.506+0000] {logging_mixin.py:190} INFO - [2025-01-29T14:58:02.506+0000] {dag.py:3239} INFO - Sync 1 DAGs
[2025-01-29T14:58:02.519+0000] {logging_mixin.py:190} INFO - [2025-01-29T14:58:02.518+0000] {dag.py:4180} INFO - Setting next_dagrun for example_bash_decorator to None, run_after=None
[2025-01-29T14:58:02.534+0000] {processor.py:208} INFO - Processing /home/airflow/.local/lib/python3.10/site-packages/airflow/example_dags/example_bash_decorator.py took 0.071 seconds
[2025-01-29T14:58:32.963+0000] {processor.py:186} INFO - Started process (PID=581) to work on /home/airflow/.local/lib/python3.10/site-packages/airflow/example_dags/example_bash_decorator.py
[2025-01-29T14:58:32.964+0000] {processor.py:914} INFO - Processing file /home/airflow/.local/lib/python3.10/site-packages/airflow/example_dags/example_bash_decorator.py for tasks to queue
[2025-01-29T14:58:32.967+0000] {logging_mixin.py:190} INFO - [2025-01-29T14:58:32.966+0000] {dagbag.py:588} INFO - Filling up the DagBag from /home/airflow/.local/lib/python3.10/site-packages/airflow/example_dags/example_bash_decorator.py
[2025-01-29T14:58:32.980+0000] {processor.py:925} INFO - DAG(s) 'example_bash_decorator' retrieved from /home/airflow/.local/lib/python3.10/site-packages/airflow/example_dags/example_bash_decorator.py
[2025-01-29T14:58:33.000+0000] {logging_mixin.py:190} INFO - [2025-01-29T14:58:33.000+0000] {dag.py:3239} INFO - Sync 1 DAGs
[2025-01-29T14:58:33.013+0000] {logging_mixin.py:190} INFO - [2025-01-29T14:58:33.013+0000] {dag.py:4180} INFO - Setting next_dagrun for example_bash_decorator to None, run_after=None
[2025-01-29T14:58:33.029+0000] {processor.py:208} INFO - Processing /home/airflow/.local/lib/python3.10/site-packages/airflow/example_dags/example_bash_decorator.py took 0.070 seconds
[2025-01-29T14:59:03.177+0000] {processor.py:186} INFO - Started process (PID=647) to work on /home/airflow/.local/lib/python3.10/site-packages/airflow/example_dags/example_bash_decorator.py
[2025-01-29T14:59:03.178+0000] {processor.py:914} INFO - Processing file /home/airflow/.local/lib/python3.10/site-packages/airflow/example_dags/example_bash_decorator.py for tasks to queue
[2025-01-29T14:59:03.181+0000] {logging_mixin.py:190} INFO - [2025-01-29T14:59:03.180+0000] {dagbag.py:588} INFO - Filling up the DagBag from /home/airflow/.local/lib/python3.10/site-packages/airflow/example_dags/example_bash_decorator.py
[2025-01-29T14:59:03.193+0000] {processor.py:925} INFO - DAG(s) 'example_bash_decorator' retrieved from /home/airflow/.local/lib/python3.10/site-packages/airflow/example_dags/example_bash_decorator.py
[2025-01-29T14:59:03.214+0000] {logging_mixin.py:190} INFO - [2025-01-29T14:59:03.214+0000] {dag.py:3239} INFO - Sync 1 DAGs
[2025-01-29T14:59:03.226+0000] {logging_mixin.py:190} INFO - [2025-01-29T14:59:03.226+0000] {dag.py:4180} INFO - Setting next_dagrun for example_bash_decorator to None, run_after=None
[2025-01-29T14:59:03.241+0000] {processor.py:208} INFO - Processing /home/airflow/.local/lib/python3.10/site-packages/airflow/example_dags/example_bash_decorator.py took 0.069 seconds
[2025-01-29T14:59:33.434+0000] {processor.py:186} INFO - Started process (PID=714) to work on /home/airflow/.local/lib/python3.10/site-packages/airflow/example_dags/example_bash_decorator.py
[2025-01-29T14:59:33.435+0000] {processor.py:914} INFO - Processing file /home/airflow/.local/lib/python3.10/site-packages/airflow/example_dags/example_bash_decorator.py for tasks to queue
[2025-01-29T14:59:33.437+0000] {logging_mixin.py:190} INFO - [2025-01-29T14:59:33.437+0000] {dagbag.py:588} INFO - Filling up the DagBag from /home/airflow/.local/lib/python3.10/site-packages/airflow/example_dags/example_bash_decorator.py
[2025-01-29T14:59:33.449+0000] {processor.py:925} INFO - DAG(s) 'example_bash_decorator' retrieved from /home/airflow/.local/lib/python3.10/site-packages/airflow/example_dags/example_bash_decorator.py
[2025-01-29T14:59:33.470+0000] {logging_mixin.py:190} INFO - [2025-01-29T14:59:33.470+0000] {dag.py:3239} INFO - Sync 1 DAGs
[2025-01-29T14:59:33.482+0000] {logging_mixin.py:190} INFO - [2025-01-29T14:59:33.482+0000] {dag.py:4180} INFO - Setting next_dagrun for example_bash_decorator to None, run_after=None
[2025-01-29T14:59:33.497+0000] {processor.py:208} INFO - Processing /home/airflow/.local/lib/python3.10/site-packages/airflow/example_dags/example_bash_decorator.py took 0.068 seconds
[2025-01-29T15:00:03.690+0000] {processor.py:186} INFO - Started process (PID=780) to work on /home/airflow/.local/lib/python3.10/site-packages/airflow/example_dags/example_bash_decorator.py
[2025-01-29T15:00:03.691+0000] {processor.py:914} INFO - Processing file /home/airflow/.local/lib/python3.10/site-packages/airflow/example_dags/example_bash_decorator.py for tasks to queue
[2025-01-29T15:00:03.693+0000] {logging_mixin.py:190} INFO - [2025-01-29T15:00:03.693+0000] {dagbag.py:588} INFO - Filling up the DagBag from /home/airflow/.local/lib/python3.10/site-packages/airflow/example_dags/example_bash_decorator.py
[2025-01-29T15:00:03.706+0000] {processor.py:925} INFO - DAG(s) 'example_bash_decorator' retrieved from /home/airflow/.local/lib/python3.10/site-packages/airflow/example_dags/example_bash_decorator.py
[2025-01-29T15:00:03.727+0000] {logging_mixin.py:190} INFO - [2025-01-29T15:00:03.727+0000] {dag.py:3239} INFO - Sync 1 DAGs
[2025-01-29T15:00:03.740+0000] {logging_mixin.py:190} INFO - [2025-01-29T15:00:03.740+0000] {dag.py:4180} INFO - Setting next_dagrun for example_bash_decorator to None, run_after=None
[2025-01-29T15:00:03.755+0000] {processor.py:208} INFO - Processing /home/airflow/.local/lib/python3.10/site-packages/airflow/example_dags/example_bash_decorator.py took 0.070 seconds
[2025-01-29T15:00:34.732+0000] {processor.py:186} INFO - Started process (PID=846) to work on /home/airflow/.local/lib/python3.10/site-packages/airflow/example_dags/example_bash_decorator.py
[2025-01-29T15:00:34.732+0000] {processor.py:914} INFO - Processing file /home/airflow/.local/lib/python3.10/site-packages/airflow/example_dags/example_bash_decorator.py for tasks to queue
[2025-01-29T15:00:34.735+0000] {logging_mixin.py:190} INFO - [2025-01-29T15:00:34.735+0000] {dagbag.py:588} INFO - Filling up the DagBag from /home/airflow/.local/lib/python3.10/site-packages/airflow/example_dags/example_bash_decorator.py
[2025-01-29T15:00:34.747+0000] {processor.py:925} INFO - DAG(s) 'example_bash_decorator' retrieved from /home/airflow/.local/lib/python3.10/site-packages/airflow/example_dags/example_bash_decorator.py
[2025-01-29T15:00:34.769+0000] {logging_mixin.py:190} INFO - [2025-01-29T15:00:34.769+0000] {dag.py:3239} INFO - Sync 1 DAGs
[2025-01-29T15:00:34.782+0000] {logging_mixin.py:190} INFO - [2025-01-29T15:00:34.782+0000] {dag.py:4180} INFO - Setting next_dagrun for example_bash_decorator to None, run_after=None
[2025-01-29T15:00:34.798+0000] {processor.py:208} INFO - Processing /home/airflow/.local/lib/python3.10/site-packages/airflow/example_dags/example_bash_decorator.py took 0.071 seconds
[2025-01-29T15:01:05.038+0000] {processor.py:186} INFO - Started process (PID=912) to work on /home/airflow/.local/lib/python3.10/site-packages/airflow/example_dags/example_bash_decorator.py
[2025-01-29T15:01:05.039+0000] {processor.py:914} INFO - Processing file /home/airflow/.local/lib/python3.10/site-packages/airflow/example_dags/example_bash_decorator.py for tasks to queue
[2025-01-29T15:01:05.041+0000] {logging_mixin.py:190} INFO - [2025-01-29T15:01:05.041+0000] {dagbag.py:588} INFO - Filling up the DagBag from /home/airflow/.local/lib/python3.10/site-packages/airflow/example_dags/example_bash_decorator.py
[2025-01-29T15:01:05.054+0000] {processor.py:925} INFO - DAG(s) 'example_bash_decorator' retrieved from /home/airflow/.local/lib/python3.10/site-packages/airflow/example_dags/example_bash_decorator.py
[2025-01-29T15:01:05.075+0000] {logging_mixin.py:190} INFO - [2025-01-29T15:01:05.074+0000] {dag.py:3239} INFO - Sync 1 DAGs
[2025-01-29T15:01:05.087+0000] {logging_mixin.py:190} INFO - [2025-01-29T15:01:05.087+0000] {dag.py:4180} INFO - Setting next_dagrun for example_bash_decorator to None, run_after=None
[2025-01-29T15:01:05.102+0000] {processor.py:208} INFO - Processing /home/airflow/.local/lib/python3.10/site-packages/airflow/example_dags/example_bash_decorator.py took 0.069 seconds
[2025-01-29T15:01:36.043+0000] {processor.py:186} INFO - Started process (PID=978) to work on /home/airflow/.local/lib/python3.10/site-packages/airflow/example_dags/example_bash_decorator.py
[2025-01-29T15:01:36.044+0000] {processor.py:914} INFO - Processing file /home/airflow/.local/lib/python3.10/site-packages/airflow/example_dags/example_bash_decorator.py for tasks to queue
[2025-01-29T15:01:36.046+0000] {logging_mixin.py:190} INFO - [2025-01-29T15:01:36.046+0000] {dagbag.py:588} INFO - Filling up the DagBag from /home/airflow/.local/lib/python3.10/site-packages/airflow/example_dags/example_bash_decorator.py
[2025-01-29T15:01:36.059+0000] {processor.py:925} INFO - DAG(s) 'example_bash_decorator' retrieved from /home/airflow/.local/lib/python3.10/site-packages/airflow/example_dags/example_bash_decorator.py
[2025-01-29T15:01:36.080+0000] {logging_mixin.py:190} INFO - [2025-01-29T15:01:36.080+0000] {dag.py:3239} INFO - Sync 1 DAGs
[2025-01-29T15:01:36.092+0000] {logging_mixin.py:190} INFO - [2025-01-29T15:01:36.092+0000] {dag.py:4180} INFO - Setting next_dagrun for example_bash_decorator to None, run_after=None
[2025-01-29T15:01:36.107+0000] {processor.py:208} INFO - Processing /home/airflow/.local/lib/python3.10/site-packages/airflow/example_dags/example_bash_decorator.py took 0.069 seconds
[2025-01-29T15:02:06.539+0000] {processor.py:186} INFO - Started process (PID=1044) to work on /home/airflow/.local/lib/python3.10/site-packages/airflow/example_dags/example_bash_decorator.py
[2025-01-29T15:02:06.540+0000] {processor.py:914} INFO - Processing file /home/airflow/.local/lib/python3.10/site-packages/airflow/example_dags/example_bash_decorator.py for tasks to queue
[2025-01-29T15:02:06.542+0000] {logging_mixin.py:190} INFO - [2025-01-29T15:02:06.542+0000] {dagbag.py:588} INFO - Filling up the DagBag from /home/airflow/.local/lib/python3.10/site-packages/airflow/example_dags/example_bash_decorator.py
[2025-01-29T15:02:06.554+0000] {processor.py:925} INFO - DAG(s) 'example_bash_decorator' retrieved from /home/airflow/.local/lib/python3.10/site-packages/airflow/example_dags/example_bash_decorator.py
[2025-01-29T15:02:06.576+0000] {logging_mixin.py:190} INFO - [2025-01-29T15:02:06.576+0000] {dag.py:3239} INFO - Sync 1 DAGs
[2025-01-29T15:02:06.588+0000] {logging_mixin.py:190} INFO - [2025-01-29T15:02:06.588+0000] {dag.py:4180} INFO - Setting next_dagrun for example_bash_decorator to None, run_after=None
[2025-01-29T15:02:06.603+0000] {processor.py:208} INFO - Processing /home/airflow/.local/lib/python3.10/site-packages/airflow/example_dags/example_bash_decorator.py took 0.069 seconds
[2025-01-29T15:02:36.801+0000] {processor.py:186} INFO - Started process (PID=1110) to work on /home/airflow/.local/lib/python3.10/site-packages/airflow/example_dags/example_bash_decorator.py
[2025-01-29T15:02:36.802+0000] {processor.py:914} INFO - Processing file /home/airflow/.local/lib/python3.10/site-packages/airflow/example_dags/example_bash_decorator.py for tasks to queue
[2025-01-29T15:02:36.804+0000] {logging_mixin.py:190} INFO - [2025-01-29T15:02:36.804+0000] {dagbag.py:588} INFO - Filling up the DagBag from /home/airflow/.local/lib/python3.10/site-packages/airflow/example_dags/example_bash_decorator.py
[2025-01-29T15:02:36.818+0000] {processor.py:925} INFO - DAG(s) 'example_bash_decorator' retrieved from /home/airflow/.local/lib/python3.10/site-packages/airflow/example_dags/example_bash_decorator.py
[2025-01-29T15:02:36.839+0000] {logging_mixin.py:190} INFO - [2025-01-29T15:02:36.839+0000] {dag.py:3239} INFO - Sync 1 DAGs
[2025-01-29T15:02:36.851+0000] {logging_mixin.py:190} INFO - [2025-01-29T15:02:36.851+0000] {dag.py:4180} INFO - Setting next_dagrun for example_bash_decorator to None, run_after=None
[2025-01-29T15:02:36.865+0000] {processor.py:208} INFO - Processing /home/airflow/.local/lib/python3.10/site-packages/airflow/example_dags/example_bash_decorator.py took 0.069 seconds
[2025-01-29T15:03:07.177+0000] {processor.py:186} INFO - Started process (PID=1176) to work on /home/airflow/.local/lib/python3.10/site-packages/airflow/example_dags/example_bash_decorator.py
[2025-01-29T15:03:07.177+0000] {processor.py:914} INFO - Processing file /home/airflow/.local/lib/python3.10/site-packages/airflow/example_dags/example_bash_decorator.py for tasks to queue
[2025-01-29T15:03:07.180+0000] {logging_mixin.py:190} INFO - [2025-01-29T15:03:07.180+0000] {dagbag.py:588} INFO - Filling up the DagBag from /home/airflow/.local/lib/python3.10/site-packages/airflow/example_dags/example_bash_decorator.py
[2025-01-29T15:03:07.192+0000] {processor.py:925} INFO - DAG(s) 'example_bash_decorator' retrieved from /home/airflow/.local/lib/python3.10/site-packages/airflow/example_dags/example_bash_decorator.py
[2025-01-29T15:03:07.212+0000] {logging_mixin.py:190} INFO - [2025-01-29T15:03:07.212+0000] {dag.py:3239} INFO - Sync 1 DAGs
[2025-01-29T15:03:07.226+0000] {logging_mixin.py:190} INFO - [2025-01-29T15:03:07.225+0000] {dag.py:4180} INFO - Setting next_dagrun for example_bash_decorator to None, run_after=None
[2025-01-29T15:03:07.241+0000] {processor.py:208} INFO - Processing /home/airflow/.local/lib/python3.10/site-packages/airflow/example_dags/example_bash_decorator.py took 0.070 seconds
[2025-01-29T15:03:37.378+0000] {processor.py:186} INFO - Started process (PID=1242) to work on /home/airflow/.local/lib/python3.10/site-packages/airflow/example_dags/example_bash_decorator.py
[2025-01-29T15:03:37.379+0000] {processor.py:914} INFO - Processing file /home/airflow/.local/lib/python3.10/site-packages/airflow/example_dags/example_bash_decorator.py for tasks to queue
[2025-01-29T15:03:37.381+0000] {logging_mixin.py:190} INFO - [2025-01-29T15:03:37.381+0000] {dagbag.py:588} INFO - Filling up the DagBag from /home/airflow/.local/lib/python3.10/site-packages/airflow/example_dags/example_bash_decorator.py
[2025-01-29T15:03:37.394+0000] {processor.py:925} INFO - DAG(s) 'example_bash_decorator' retrieved from /home/airflow/.local/lib/python3.10/site-packages/airflow/example_dags/example_bash_decorator.py
[2025-01-29T15:03:37.414+0000] {logging_mixin.py:190} INFO - [2025-01-29T15:03:37.414+0000] {dag.py:3239} INFO - Sync 1 DAGs
[2025-01-29T15:03:37.427+0000] {logging_mixin.py:190} INFO - [2025-01-29T15:03:37.426+0000] {dag.py:4180} INFO - Setting next_dagrun for example_bash_decorator to None, run_after=None
[2025-01-29T15:03:37.441+0000] {processor.py:208} INFO - Processing /home/airflow/.local/lib/python3.10/site-packages/airflow/example_dags/example_bash_decorator.py took 0.069 seconds
[2025-01-29T15:04:07.730+0000] {processor.py:186} INFO - Started process (PID=1308) to work on /home/airflow/.local/lib/python3.10/site-packages/airflow/example_dags/example_bash_decorator.py
[2025-01-29T15:04:07.730+0000] {processor.py:914} INFO - Processing file /home/airflow/.local/lib/python3.10/site-packages/airflow/example_dags/example_bash_decorator.py for tasks to queue
[2025-01-29T15:04:07.733+0000] {logging_mixin.py:190} INFO - [2025-01-29T15:04:07.732+0000] {dagbag.py:588} INFO - Filling up the DagBag from /home/airflow/.local/lib/python3.10/site-packages/airflow/example_dags/example_bash_decorator.py
[2025-01-29T15:04:07.745+0000] {processor.py:925} INFO - DAG(s) 'example_bash_decorator' retrieved from /home/airflow/.local/lib/python3.10/site-packages/airflow/example_dags/example_bash_decorator.py
[2025-01-29T15:04:07.766+0000] {logging_mixin.py:190} INFO - [2025-01-29T15:04:07.766+0000] {dag.py:3239} INFO - Sync 1 DAGs
[2025-01-29T15:04:07.778+0000] {logging_mixin.py:190} INFO - [2025-01-29T15:04:07.778+0000] {dag.py:4180} INFO - Setting next_dagrun for example_bash_decorator to None, run_after=None
[2025-01-29T15:04:07.793+0000] {processor.py:208} INFO - Processing /home/airflow/.local/lib/python3.10/site-packages/airflow/example_dags/example_bash_decorator.py took 0.069 seconds
[2025-01-29T15:04:38.070+0000] {processor.py:186} INFO - Started process (PID=1374) to work on /home/airflow/.local/lib/python3.10/site-packages/airflow/example_dags/example_bash_decorator.py
[2025-01-29T15:04:38.071+0000] {processor.py:914} INFO - Processing file /home/airflow/.local/lib/python3.10/site-packages/airflow/example_dags/example_bash_decorator.py for tasks to queue
[2025-01-29T15:04:38.074+0000] {logging_mixin.py:190} INFO - [2025-01-29T15:04:38.074+0000] {dagbag.py:588} INFO - Filling up the DagBag from /home/airflow/.local/lib/python3.10/site-packages/airflow/example_dags/example_bash_decorator.py
[2025-01-29T15:04:38.086+0000] {processor.py:925} INFO - DAG(s) 'example_bash_decorator' retrieved from /home/airflow/.local/lib/python3.10/site-packages/airflow/example_dags/example_bash_decorator.py
[2025-01-29T15:04:38.107+0000] {logging_mixin.py:190} INFO - [2025-01-29T15:04:38.106+0000] {dag.py:3239} INFO - Sync 1 DAGs
[2025-01-29T15:04:38.123+0000] {logging_mixin.py:190} INFO - [2025-01-29T15:04:38.122+0000] {dag.py:4180} INFO - Setting next_dagrun for example_bash_decorator to None, run_after=None
[2025-01-29T15:04:38.141+0000] {processor.py:208} INFO - Processing /home/airflow/.local/lib/python3.10/site-packages/airflow/example_dags/example_bash_decorator.py took 0.076 seconds
[2025-01-29T15:05:08.431+0000] {processor.py:186} INFO - Started process (PID=1440) to work on /home/airflow/.local/lib/python3.10/site-packages/airflow/example_dags/example_bash_decorator.py
[2025-01-29T15:05:08.432+0000] {processor.py:914} INFO - Processing file /home/airflow/.local/lib/python3.10/site-packages/airflow/example_dags/example_bash_decorator.py for tasks to queue
[2025-01-29T15:05:08.434+0000] {logging_mixin.py:190} INFO - [2025-01-29T15:05:08.434+0000] {dagbag.py:588} INFO - Filling up the DagBag from /home/airflow/.local/lib/python3.10/site-packages/airflow/example_dags/example_bash_decorator.py
[2025-01-29T15:05:08.447+0000] {processor.py:925} INFO - DAG(s) 'example_bash_decorator' retrieved from /home/airflow/.local/lib/python3.10/site-packages/airflow/example_dags/example_bash_decorator.py
[2025-01-29T15:05:08.469+0000] {logging_mixin.py:190} INFO - [2025-01-29T15:05:08.469+0000] {dag.py:3239} INFO - Sync 1 DAGs
[2025-01-29T15:05:08.481+0000] {logging_mixin.py:190} INFO - [2025-01-29T15:05:08.481+0000] {dag.py:4180} INFO - Setting next_dagrun for example_bash_decorator to None, run_after=None
[2025-01-29T15:05:08.496+0000] {processor.py:208} INFO - Processing /home/airflow/.local/lib/python3.10/site-packages/airflow/example_dags/example_bash_decorator.py took 0.070 seconds
[2025-01-29T15:05:39.402+0000] {processor.py:186} INFO - Started process (PID=1506) to work on /home/airflow/.local/lib/python3.10/site-packages/airflow/example_dags/example_bash_decorator.py
[2025-01-29T15:05:39.403+0000] {processor.py:914} INFO - Processing file /home/airflow/.local/lib/python3.10/site-packages/airflow/example_dags/example_bash_decorator.py for tasks to queue
[2025-01-29T15:05:39.405+0000] {logging_mixin.py:190} INFO - [2025-01-29T15:05:39.405+0000] {dagbag.py:588} INFO - Filling up the DagBag from /home/airflow/.local/lib/python3.10/site-packages/airflow/example_dags/example_bash_decorator.py
[2025-01-29T15:05:39.418+0000] {processor.py:925} INFO - DAG(s) 'example_bash_decorator' retrieved from /home/airflow/.local/lib/python3.10/site-packages/airflow/example_dags/example_bash_decorator.py
[2025-01-29T15:05:39.439+0000] {logging_mixin.py:190} INFO - [2025-01-29T15:05:39.439+0000] {dag.py:3239} INFO - Sync 1 DAGs
[2025-01-29T15:05:39.452+0000] {logging_mixin.py:190} INFO - [2025-01-29T15:05:39.452+0000] {dag.py:4180} INFO - Setting next_dagrun for example_bash_decorator to None, run_after=None
[2025-01-29T15:05:39.466+0000] {processor.py:208} INFO - Processing /home/airflow/.local/lib/python3.10/site-packages/airflow/example_dags/example_bash_decorator.py took 0.069 seconds
[2025-01-29T15:06:09.820+0000] {processor.py:186} INFO - Started process (PID=1572) to work on /home/airflow/.local/lib/python3.10/site-packages/airflow/example_dags/example_bash_decorator.py
[2025-01-29T15:06:09.821+0000] {processor.py:914} INFO - Processing file /home/airflow/.local/lib/python3.10/site-packages/airflow/example_dags/example_bash_decorator.py for tasks to queue
[2025-01-29T15:06:09.823+0000] {logging_mixin.py:190} INFO - [2025-01-29T15:06:09.823+0000] {dagbag.py:588} INFO - Filling up the DagBag from /home/airflow/.local/lib/python3.10/site-packages/airflow/example_dags/example_bash_decorator.py
[2025-01-29T15:06:09.835+0000] {processor.py:925} INFO - DAG(s) 'example_bash_decorator' retrieved from /home/airflow/.local/lib/python3.10/site-packages/airflow/example_dags/example_bash_decorator.py
[2025-01-29T15:06:09.857+0000] {logging_mixin.py:190} INFO - [2025-01-29T15:06:09.857+0000] {dag.py:3239} INFO - Sync 1 DAGs
[2025-01-29T15:06:09.870+0000] {logging_mixin.py:190} INFO - [2025-01-29T15:06:09.870+0000] {dag.py:4180} INFO - Setting next_dagrun for example_bash_decorator to None, run_after=None
[2025-01-29T15:06:09.885+0000] {processor.py:208} INFO - Processing /home/airflow/.local/lib/python3.10/site-packages/airflow/example_dags/example_bash_decorator.py took 0.071 seconds
[2025-01-29T15:06:40.014+0000] {processor.py:186} INFO - Started process (PID=1638) to work on /home/airflow/.local/lib/python3.10/site-packages/airflow/example_dags/example_bash_decorator.py
[2025-01-29T15:06:40.015+0000] {processor.py:914} INFO - Processing file /home/airflow/.local/lib/python3.10/site-packages/airflow/example_dags/example_bash_decorator.py for tasks to queue
[2025-01-29T15:06:40.017+0000] {logging_mixin.py:190} INFO - [2025-01-29T15:06:40.016+0000] {dagbag.py:588} INFO - Filling up the DagBag from /home/airflow/.local/lib/python3.10/site-packages/airflow/example_dags/example_bash_decorator.py
[2025-01-29T15:06:40.029+0000] {processor.py:925} INFO - DAG(s) 'example_bash_decorator' retrieved from /home/airflow/.local/lib/python3.10/site-packages/airflow/example_dags/example_bash_decorator.py
[2025-01-29T15:06:40.049+0000] {logging_mixin.py:190} INFO - [2025-01-29T15:06:40.049+0000] {dag.py:3239} INFO - Sync 1 DAGs
[2025-01-29T15:06:40.062+0000] {logging_mixin.py:190} INFO - [2025-01-29T15:06:40.062+0000] {dag.py:4180} INFO - Setting next_dagrun for example_bash_decorator to None, run_after=None
[2025-01-29T15:06:40.077+0000] {processor.py:208} INFO - Processing /home/airflow/.local/lib/python3.10/site-packages/airflow/example_dags/example_bash_decorator.py took 0.068 seconds
[2025-01-29T15:07:10.495+0000] {processor.py:186} INFO - Started process (PID=1704) to work on /home/airflow/.local/lib/python3.10/site-packages/airflow/example_dags/example_bash_decorator.py
[2025-01-29T15:07:10.497+0000] {processor.py:914} INFO - Processing file /home/airflow/.local/lib/python3.10/site-packages/airflow/example_dags/example_bash_decorator.py for tasks to queue
[2025-01-29T15:07:10.500+0000] {logging_mixin.py:190} INFO - [2025-01-29T15:07:10.500+0000] {dagbag.py:588} INFO - Filling up the DagBag from /home/airflow/.local/lib/python3.10/site-packages/airflow/example_dags/example_bash_decorator.py
[2025-01-29T15:07:10.519+0000] {processor.py:925} INFO - DAG(s) 'example_bash_decorator' retrieved from /home/airflow/.local/lib/python3.10/site-packages/airflow/example_dags/example_bash_decorator.py
[2025-01-29T15:07:10.546+0000] {logging_mixin.py:190} INFO - [2025-01-29T15:07:10.546+0000] {dag.py:3239} INFO - Sync 1 DAGs
[2025-01-29T15:07:10.561+0000] {logging_mixin.py:190} INFO - [2025-01-29T15:07:10.561+0000] {dag.py:4180} INFO - Setting next_dagrun for example_bash_decorator to None, run_after=None
[2025-01-29T15:07:10.578+0000] {processor.py:208} INFO - Processing /home/airflow/.local/lib/python3.10/site-packages/airflow/example_dags/example_bash_decorator.py took 0.090 seconds
[2025-01-29T15:07:41.384+0000] {processor.py:186} INFO - Started process (PID=1770) to work on /home/airflow/.local/lib/python3.10/site-packages/airflow/example_dags/example_bash_decorator.py
[2025-01-29T15:07:41.385+0000] {processor.py:914} INFO - Processing file /home/airflow/.local/lib/python3.10/site-packages/airflow/example_dags/example_bash_decorator.py for tasks to queue
[2025-01-29T15:07:41.387+0000] {logging_mixin.py:190} INFO - [2025-01-29T15:07:41.387+0000] {dagbag.py:588} INFO - Filling up the DagBag from /home/airflow/.local/lib/python3.10/site-packages/airflow/example_dags/example_bash_decorator.py
[2025-01-29T15:07:41.400+0000] {processor.py:925} INFO - DAG(s) 'example_bash_decorator' retrieved from /home/airflow/.local/lib/python3.10/site-packages/airflow/example_dags/example_bash_decorator.py
[2025-01-29T15:07:41.421+0000] {logging_mixin.py:190} INFO - [2025-01-29T15:07:41.421+0000] {dag.py:3239} INFO - Sync 1 DAGs
[2025-01-29T15:07:41.433+0000] {logging_mixin.py:190} INFO - [2025-01-29T15:07:41.433+0000] {dag.py:4180} INFO - Setting next_dagrun for example_bash_decorator to None, run_after=None
[2025-01-29T15:07:41.448+0000] {processor.py:208} INFO - Processing /home/airflow/.local/lib/python3.10/site-packages/airflow/example_dags/example_bash_decorator.py took 0.069 seconds
[2025-01-29T15:08:11.988+0000] {processor.py:186} INFO - Started process (PID=1836) to work on /home/airflow/.local/lib/python3.10/site-packages/airflow/example_dags/example_bash_decorator.py
[2025-01-29T15:08:11.989+0000] {processor.py:914} INFO - Processing file /home/airflow/.local/lib/python3.10/site-packages/airflow/example_dags/example_bash_decorator.py for tasks to queue
[2025-01-29T15:08:11.991+0000] {logging_mixin.py:190} INFO - [2025-01-29T15:08:11.991+0000] {dagbag.py:588} INFO - Filling up the DagBag from /home/airflow/.local/lib/python3.10/site-packages/airflow/example_dags/example_bash_decorator.py
[2025-01-29T15:08:12.003+0000] {processor.py:925} INFO - DAG(s) 'example_bash_decorator' retrieved from /home/airflow/.local/lib/python3.10/site-packages/airflow/example_dags/example_bash_decorator.py
[2025-01-29T15:08:12.024+0000] {logging_mixin.py:190} INFO - [2025-01-29T15:08:12.024+0000] {dag.py:3239} INFO - Sync 1 DAGs
[2025-01-29T15:08:12.036+0000] {logging_mixin.py:190} INFO - [2025-01-29T15:08:12.036+0000] {dag.py:4180} INFO - Setting next_dagrun for example_bash_decorator to None, run_after=None
[2025-01-29T15:08:12.052+0000] {processor.py:208} INFO - Processing /home/airflow/.local/lib/python3.10/site-packages/airflow/example_dags/example_bash_decorator.py took 0.070 seconds
[2025-01-29T15:08:43.307+0000] {processor.py:186} INFO - Started process (PID=1902) to work on /home/airflow/.local/lib/python3.10/site-packages/airflow/example_dags/example_bash_decorator.py
[2025-01-29T15:08:43.307+0000] {processor.py:914} INFO - Processing file /home/airflow/.local/lib/python3.10/site-packages/airflow/example_dags/example_bash_decorator.py for tasks to queue
[2025-01-29T15:08:43.310+0000] {logging_mixin.py:190} INFO - [2025-01-29T15:08:43.310+0000] {dagbag.py:588} INFO - Filling up the DagBag from /home/airflow/.local/lib/python3.10/site-packages/airflow/example_dags/example_bash_decorator.py
[2025-01-29T15:08:43.322+0000] {processor.py:925} INFO - DAG(s) 'example_bash_decorator' retrieved from /home/airflow/.local/lib/python3.10/site-packages/airflow/example_dags/example_bash_decorator.py
[2025-01-29T15:08:43.343+0000] {logging_mixin.py:190} INFO - [2025-01-29T15:08:43.342+0000] {dag.py:3239} INFO - Sync 1 DAGs
[2025-01-29T15:08:43.354+0000] {logging_mixin.py:190} INFO - [2025-01-29T15:08:43.354+0000] {dag.py:4180} INFO - Setting next_dagrun for example_bash_decorator to None, run_after=None
[2025-01-29T15:08:43.370+0000] {processor.py:208} INFO - Processing /home/airflow/.local/lib/python3.10/site-packages/airflow/example_dags/example_bash_decorator.py took 0.068 seconds
[2025-01-29T15:09:15.115+0000] {processor.py:186} INFO - Started process (PID=1968) to work on /home/airflow/.local/lib/python3.10/site-packages/airflow/example_dags/example_bash_decorator.py
[2025-01-29T15:09:15.116+0000] {processor.py:914} INFO - Processing file /home/airflow/.local/lib/python3.10/site-packages/airflow/example_dags/example_bash_decorator.py for tasks to queue
[2025-01-29T15:09:15.118+0000] {logging_mixin.py:190} INFO - [2025-01-29T15:09:15.118+0000] {dagbag.py:588} INFO - Filling up the DagBag from /home/airflow/.local/lib/python3.10/site-packages/airflow/example_dags/example_bash_decorator.py
[2025-01-29T15:09:15.132+0000] {processor.py:925} INFO - DAG(s) 'example_bash_decorator' retrieved from /home/airflow/.local/lib/python3.10/site-packages/airflow/example_dags/example_bash_decorator.py
[2025-01-29T15:09:15.154+0000] {logging_mixin.py:190} INFO - [2025-01-29T15:09:15.154+0000] {dag.py:3239} INFO - Sync 1 DAGs
[2025-01-29T15:09:15.167+0000] {logging_mixin.py:190} INFO - [2025-01-29T15:09:15.167+0000] {dag.py:4180} INFO - Setting next_dagrun for example_bash_decorator to None, run_after=None
[2025-01-29T15:09:15.184+0000] {processor.py:208} INFO - Processing /home/airflow/.local/lib/python3.10/site-packages/airflow/example_dags/example_bash_decorator.py took 0.074 seconds
[2025-01-29T15:09:45.566+0000] {processor.py:186} INFO - Started process (PID=2033) to work on /home/airflow/.local/lib/python3.10/site-packages/airflow/example_dags/example_bash_decorator.py
[2025-01-29T15:09:45.567+0000] {processor.py:914} INFO - Processing file /home/airflow/.local/lib/python3.10/site-packages/airflow/example_dags/example_bash_decorator.py for tasks to queue
[2025-01-29T15:09:45.569+0000] {logging_mixin.py:190} INFO - [2025-01-29T15:09:45.569+0000] {dagbag.py:588} INFO - Filling up the DagBag from /home/airflow/.local/lib/python3.10/site-packages/airflow/example_dags/example_bash_decorator.py
[2025-01-29T15:09:45.582+0000] {processor.py:925} INFO - DAG(s) 'example_bash_decorator' retrieved from /home/airflow/.local/lib/python3.10/site-packages/airflow/example_dags/example_bash_decorator.py
[2025-01-29T15:09:45.604+0000] {logging_mixin.py:190} INFO - [2025-01-29T15:09:45.604+0000] {dag.py:3239} INFO - Sync 1 DAGs
[2025-01-29T15:09:45.787+0000] {logging_mixin.py:190} INFO - [2025-01-29T15:09:45.787+0000] {dag.py:4180} INFO - Setting next_dagrun for example_bash_decorator to None, run_after=None
[2025-01-29T15:09:45.802+0000] {processor.py:208} INFO - Processing /home/airflow/.local/lib/python3.10/site-packages/airflow/example_dags/example_bash_decorator.py took 0.242 seconds
[2025-01-29T15:10:17.121+0000] {processor.py:186} INFO - Started process (PID=2100) to work on /home/airflow/.local/lib/python3.10/site-packages/airflow/example_dags/example_bash_decorator.py
[2025-01-29T15:10:17.122+0000] {processor.py:914} INFO - Processing file /home/airflow/.local/lib/python3.10/site-packages/airflow/example_dags/example_bash_decorator.py for tasks to queue
[2025-01-29T15:10:17.124+0000] {logging_mixin.py:190} INFO - [2025-01-29T15:10:17.124+0000] {dagbag.py:588} INFO - Filling up the DagBag from /home/airflow/.local/lib/python3.10/site-packages/airflow/example_dags/example_bash_decorator.py
[2025-01-29T15:10:17.138+0000] {processor.py:925} INFO - DAG(s) 'example_bash_decorator' retrieved from /home/airflow/.local/lib/python3.10/site-packages/airflow/example_dags/example_bash_decorator.py
[2025-01-29T15:10:17.160+0000] {logging_mixin.py:190} INFO - [2025-01-29T15:10:17.160+0000] {dag.py:3239} INFO - Sync 1 DAGs
[2025-01-29T15:10:17.343+0000] {logging_mixin.py:190} INFO - [2025-01-29T15:10:17.343+0000] {dag.py:4180} INFO - Setting next_dagrun for example_bash_decorator to None, run_after=None
[2025-01-29T15:10:17.360+0000] {processor.py:208} INFO - Processing /home/airflow/.local/lib/python3.10/site-packages/airflow/example_dags/example_bash_decorator.py took 0.245 seconds
[2025-01-29T15:10:47.684+0000] {processor.py:186} INFO - Started process (PID=2166) to work on /home/airflow/.local/lib/python3.10/site-packages/airflow/example_dags/example_bash_decorator.py
[2025-01-29T15:10:47.684+0000] {processor.py:914} INFO - Processing file /home/airflow/.local/lib/python3.10/site-packages/airflow/example_dags/example_bash_decorator.py for tasks to queue
[2025-01-29T15:10:47.687+0000] {logging_mixin.py:190} INFO - [2025-01-29T15:10:47.687+0000] {dagbag.py:588} INFO - Filling up the DagBag from /home/airflow/.local/lib/python3.10/site-packages/airflow/example_dags/example_bash_decorator.py
[2025-01-29T15:10:47.700+0000] {processor.py:925} INFO - DAG(s) 'example_bash_decorator' retrieved from /home/airflow/.local/lib/python3.10/site-packages/airflow/example_dags/example_bash_decorator.py
[2025-01-29T15:10:47.721+0000] {logging_mixin.py:190} INFO - [2025-01-29T15:10:47.721+0000] {dag.py:3239} INFO - Sync 1 DAGs
[2025-01-29T15:10:47.906+0000] {logging_mixin.py:190} INFO - [2025-01-29T15:10:47.906+0000] {dag.py:4180} INFO - Setting next_dagrun for example_bash_decorator to None, run_after=None
[2025-01-29T15:10:47.922+0000] {processor.py:208} INFO - Processing /home/airflow/.local/lib/python3.10/site-packages/airflow/example_dags/example_bash_decorator.py took 0.244 seconds
[2025-01-29T15:11:18.840+0000] {processor.py:186} INFO - Started process (PID=2232) to work on /home/airflow/.local/lib/python3.10/site-packages/airflow/example_dags/example_bash_decorator.py
[2025-01-29T15:11:18.841+0000] {processor.py:914} INFO - Processing file /home/airflow/.local/lib/python3.10/site-packages/airflow/example_dags/example_bash_decorator.py for tasks to queue
[2025-01-29T15:11:18.845+0000] {logging_mixin.py:190} INFO - [2025-01-29T15:11:18.845+0000] {dagbag.py:588} INFO - Filling up the DagBag from /home/airflow/.local/lib/python3.10/site-packages/airflow/example_dags/example_bash_decorator.py
[2025-01-29T15:11:18.860+0000] {processor.py:925} INFO - DAG(s) 'example_bash_decorator' retrieved from /home/airflow/.local/lib/python3.10/site-packages/airflow/example_dags/example_bash_decorator.py
[2025-01-29T15:11:18.882+0000] {logging_mixin.py:190} INFO - [2025-01-29T15:11:18.882+0000] {dag.py:3239} INFO - Sync 1 DAGs
[2025-01-29T15:11:18.896+0000] {logging_mixin.py:190} INFO - [2025-01-29T15:11:18.896+0000] {dag.py:4180} INFO - Setting next_dagrun for example_bash_decorator to None, run_after=None
[2025-01-29T15:11:18.913+0000] {processor.py:208} INFO - Processing /home/airflow/.local/lib/python3.10/site-packages/airflow/example_dags/example_bash_decorator.py took 0.080 seconds
[2025-01-29T15:11:49.330+0000] {processor.py:186} INFO - Started process (PID=2298) to work on /home/airflow/.local/lib/python3.10/site-packages/airflow/example_dags/example_bash_decorator.py
[2025-01-29T15:11:49.331+0000] {processor.py:914} INFO - Processing file /home/airflow/.local/lib/python3.10/site-packages/airflow/example_dags/example_bash_decorator.py for tasks to queue
[2025-01-29T15:11:49.333+0000] {logging_mixin.py:190} INFO - [2025-01-29T15:11:49.333+0000] {dagbag.py:588} INFO - Filling up the DagBag from /home/airflow/.local/lib/python3.10/site-packages/airflow/example_dags/example_bash_decorator.py
[2025-01-29T15:11:49.346+0000] {processor.py:925} INFO - DAG(s) 'example_bash_decorator' retrieved from /home/airflow/.local/lib/python3.10/site-packages/airflow/example_dags/example_bash_decorator.py
[2025-01-29T15:11:49.367+0000] {logging_mixin.py:190} INFO - [2025-01-29T15:11:49.367+0000] {dag.py:3239} INFO - Sync 1 DAGs
[2025-01-29T15:11:49.381+0000] {logging_mixin.py:190} INFO - [2025-01-29T15:11:49.380+0000] {dag.py:4180} INFO - Setting next_dagrun for example_bash_decorator to None, run_after=None
[2025-01-29T15:11:49.401+0000] {processor.py:208} INFO - Processing /home/airflow/.local/lib/python3.10/site-packages/airflow/example_dags/example_bash_decorator.py took 0.077 seconds
[2025-01-29T15:12:19.510+0000] {processor.py:186} INFO - Started process (PID=2364) to work on /home/airflow/.local/lib/python3.10/site-packages/airflow/example_dags/example_bash_decorator.py
[2025-01-29T15:12:19.511+0000] {processor.py:914} INFO - Processing file /home/airflow/.local/lib/python3.10/site-packages/airflow/example_dags/example_bash_decorator.py for tasks to queue
[2025-01-29T15:12:19.514+0000] {logging_mixin.py:190} INFO - [2025-01-29T15:12:19.514+0000] {dagbag.py:588} INFO - Filling up the DagBag from /home/airflow/.local/lib/python3.10/site-packages/airflow/example_dags/example_bash_decorator.py
[2025-01-29T15:12:19.526+0000] {processor.py:925} INFO - DAG(s) 'example_bash_decorator' retrieved from /home/airflow/.local/lib/python3.10/site-packages/airflow/example_dags/example_bash_decorator.py
[2025-01-29T15:12:19.546+0000] {logging_mixin.py:190} INFO - [2025-01-29T15:12:19.545+0000] {dag.py:3239} INFO - Sync 1 DAGs
[2025-01-29T15:12:19.557+0000] {logging_mixin.py:190} INFO - [2025-01-29T15:12:19.557+0000] {dag.py:4180} INFO - Setting next_dagrun for example_bash_decorator to None, run_after=None
[2025-01-29T15:12:19.577+0000] {processor.py:208} INFO - Processing /home/airflow/.local/lib/python3.10/site-packages/airflow/example_dags/example_bash_decorator.py took 0.072 seconds
[2025-01-29T15:12:49.612+0000] {processor.py:186} INFO - Started process (PID=2430) to work on /home/airflow/.local/lib/python3.10/site-packages/airflow/example_dags/example_bash_decorator.py
[2025-01-29T15:12:49.612+0000] {processor.py:914} INFO - Processing file /home/airflow/.local/lib/python3.10/site-packages/airflow/example_dags/example_bash_decorator.py for tasks to queue
[2025-01-29T15:12:49.615+0000] {logging_mixin.py:190} INFO - [2025-01-29T15:12:49.615+0000] {dagbag.py:588} INFO - Filling up the DagBag from /home/airflow/.local/lib/python3.10/site-packages/airflow/example_dags/example_bash_decorator.py
[2025-01-29T15:12:49.628+0000] {processor.py:925} INFO - DAG(s) 'example_bash_decorator' retrieved from /home/airflow/.local/lib/python3.10/site-packages/airflow/example_dags/example_bash_decorator.py
[2025-01-29T15:12:49.648+0000] {logging_mixin.py:190} INFO - [2025-01-29T15:12:49.648+0000] {dag.py:3239} INFO - Sync 1 DAGs
[2025-01-29T15:12:49.661+0000] {logging_mixin.py:190} INFO - [2025-01-29T15:12:49.661+0000] {dag.py:4180} INFO - Setting next_dagrun for example_bash_decorator to None, run_after=None
[2025-01-29T15:12:49.675+0000] {processor.py:208} INFO - Processing /home/airflow/.local/lib/python3.10/site-packages/airflow/example_dags/example_bash_decorator.py took 0.069 seconds
[2025-01-29T15:13:19.916+0000] {processor.py:186} INFO - Started process (PID=2496) to work on /home/airflow/.local/lib/python3.10/site-packages/airflow/example_dags/example_bash_decorator.py
[2025-01-29T15:13:19.917+0000] {processor.py:914} INFO - Processing file /home/airflow/.local/lib/python3.10/site-packages/airflow/example_dags/example_bash_decorator.py for tasks to queue
[2025-01-29T15:13:19.919+0000] {logging_mixin.py:190} INFO - [2025-01-29T15:13:19.919+0000] {dagbag.py:588} INFO - Filling up the DagBag from /home/airflow/.local/lib/python3.10/site-packages/airflow/example_dags/example_bash_decorator.py
[2025-01-29T15:13:19.932+0000] {processor.py:925} INFO - DAG(s) 'example_bash_decorator' retrieved from /home/airflow/.local/lib/python3.10/site-packages/airflow/example_dags/example_bash_decorator.py
[2025-01-29T15:13:19.953+0000] {logging_mixin.py:190} INFO - [2025-01-29T15:13:19.953+0000] {dag.py:3239} INFO - Sync 1 DAGs
[2025-01-29T15:13:19.965+0000] {logging_mixin.py:190} INFO - [2025-01-29T15:13:19.965+0000] {dag.py:4180} INFO - Setting next_dagrun for example_bash_decorator to None, run_after=None
[2025-01-29T15:13:19.978+0000] {processor.py:208} INFO - Processing /home/airflow/.local/lib/python3.10/site-packages/airflow/example_dags/example_bash_decorator.py took 0.068 seconds
[2025-01-29T15:13:50.938+0000] {processor.py:186} INFO - Started process (PID=2562) to work on /home/airflow/.local/lib/python3.10/site-packages/airflow/example_dags/example_bash_decorator.py
[2025-01-29T15:13:50.939+0000] {processor.py:914} INFO - Processing file /home/airflow/.local/lib/python3.10/site-packages/airflow/example_dags/example_bash_decorator.py for tasks to queue
[2025-01-29T15:13:50.942+0000] {logging_mixin.py:190} INFO - [2025-01-29T15:13:50.941+0000] {dagbag.py:588} INFO - Filling up the DagBag from /home/airflow/.local/lib/python3.10/site-packages/airflow/example_dags/example_bash_decorator.py
[2025-01-29T15:13:50.954+0000] {processor.py:925} INFO - DAG(s) 'example_bash_decorator' retrieved from /home/airflow/.local/lib/python3.10/site-packages/airflow/example_dags/example_bash_decorator.py
[2025-01-29T15:13:50.975+0000] {logging_mixin.py:190} INFO - [2025-01-29T15:13:50.975+0000] {dag.py:3239} INFO - Sync 1 DAGs
[2025-01-29T15:13:50.988+0000] {logging_mixin.py:190} INFO - [2025-01-29T15:13:50.987+0000] {dag.py:4180} INFO - Setting next_dagrun for example_bash_decorator to None, run_after=None
[2025-01-29T15:13:51.002+0000] {processor.py:208} INFO - Processing /home/airflow/.local/lib/python3.10/site-packages/airflow/example_dags/example_bash_decorator.py took 0.069 seconds
[2025-01-29T15:14:21.373+0000] {processor.py:186} INFO - Started process (PID=2627) to work on /home/airflow/.local/lib/python3.10/site-packages/airflow/example_dags/example_bash_decorator.py
[2025-01-29T15:14:21.374+0000] {processor.py:914} INFO - Processing file /home/airflow/.local/lib/python3.10/site-packages/airflow/example_dags/example_bash_decorator.py for tasks to queue
[2025-01-29T15:14:21.376+0000] {logging_mixin.py:190} INFO - [2025-01-29T15:14:21.376+0000] {dagbag.py:588} INFO - Filling up the DagBag from /home/airflow/.local/lib/python3.10/site-packages/airflow/example_dags/example_bash_decorator.py
[2025-01-29T15:14:21.389+0000] {processor.py:925} INFO - DAG(s) 'example_bash_decorator' retrieved from /home/airflow/.local/lib/python3.10/site-packages/airflow/example_dags/example_bash_decorator.py
[2025-01-29T15:14:21.410+0000] {logging_mixin.py:190} INFO - [2025-01-29T15:14:21.410+0000] {dag.py:3239} INFO - Sync 1 DAGs
[2025-01-29T15:14:21.423+0000] {logging_mixin.py:190} INFO - [2025-01-29T15:14:21.422+0000] {dag.py:4180} INFO - Setting next_dagrun for example_bash_decorator to None, run_after=None
[2025-01-29T15:14:21.443+0000] {processor.py:208} INFO - Processing /home/airflow/.local/lib/python3.10/site-packages/airflow/example_dags/example_bash_decorator.py took 0.075 seconds
[2025-01-29T15:14:51.546+0000] {processor.py:186} INFO - Started process (PID=2693) to work on /home/airflow/.local/lib/python3.10/site-packages/airflow/example_dags/example_bash_decorator.py
[2025-01-29T15:14:51.546+0000] {processor.py:914} INFO - Processing file /home/airflow/.local/lib/python3.10/site-packages/airflow/example_dags/example_bash_decorator.py for tasks to queue
[2025-01-29T15:14:51.548+0000] {logging_mixin.py:190} INFO - [2025-01-29T15:14:51.548+0000] {dagbag.py:588} INFO - Filling up the DagBag from /home/airflow/.local/lib/python3.10/site-packages/airflow/example_dags/example_bash_decorator.py
[2025-01-29T15:14:51.561+0000] {processor.py:925} INFO - DAG(s) 'example_bash_decorator' retrieved from /home/airflow/.local/lib/python3.10/site-packages/airflow/example_dags/example_bash_decorator.py
[2025-01-29T15:14:51.581+0000] {logging_mixin.py:190} INFO - [2025-01-29T15:14:51.581+0000] {dag.py:3239} INFO - Sync 1 DAGs
[2025-01-29T15:14:51.593+0000] {logging_mixin.py:190} INFO - [2025-01-29T15:14:51.593+0000] {dag.py:4180} INFO - Setting next_dagrun for example_bash_decorator to None, run_after=None
[2025-01-29T15:14:51.614+0000] {processor.py:208} INFO - Processing /home/airflow/.local/lib/python3.10/site-packages/airflow/example_dags/example_bash_decorator.py took 0.074 seconds
[2025-01-29T15:15:21.998+0000] {processor.py:186} INFO - Started process (PID=2759) to work on /home/airflow/.local/lib/python3.10/site-packages/airflow/example_dags/example_bash_decorator.py
[2025-01-29T15:15:21.999+0000] {processor.py:914} INFO - Processing file /home/airflow/.local/lib/python3.10/site-packages/airflow/example_dags/example_bash_decorator.py for tasks to queue
[2025-01-29T15:15:22.001+0000] {logging_mixin.py:190} INFO - [2025-01-29T15:15:22.001+0000] {dagbag.py:588} INFO - Filling up the DagBag from /home/airflow/.local/lib/python3.10/site-packages/airflow/example_dags/example_bash_decorator.py
[2025-01-29T15:15:22.015+0000] {processor.py:925} INFO - DAG(s) 'example_bash_decorator' retrieved from /home/airflow/.local/lib/python3.10/site-packages/airflow/example_dags/example_bash_decorator.py
[2025-01-29T15:15:22.036+0000] {logging_mixin.py:190} INFO - [2025-01-29T15:15:22.035+0000] {dag.py:3239} INFO - Sync 1 DAGs
[2025-01-29T15:15:22.048+0000] {logging_mixin.py:190} INFO - [2025-01-29T15:15:22.048+0000] {dag.py:4180} INFO - Setting next_dagrun for example_bash_decorator to None, run_after=None
[2025-01-29T15:15:22.068+0000] {processor.py:208} INFO - Processing /home/airflow/.local/lib/python3.10/site-packages/airflow/example_dags/example_bash_decorator.py took 0.075 seconds
[2025-01-29T15:15:52.809+0000] {processor.py:186} INFO - Started process (PID=2825) to work on /home/airflow/.local/lib/python3.10/site-packages/airflow/example_dags/example_bash_decorator.py
[2025-01-29T15:15:52.809+0000] {processor.py:914} INFO - Processing file /home/airflow/.local/lib/python3.10/site-packages/airflow/example_dags/example_bash_decorator.py for tasks to queue
[2025-01-29T15:15:52.811+0000] {logging_mixin.py:190} INFO - [2025-01-29T15:15:52.811+0000] {dagbag.py:588} INFO - Filling up the DagBag from /home/airflow/.local/lib/python3.10/site-packages/airflow/example_dags/example_bash_decorator.py
[2025-01-29T15:15:52.824+0000] {processor.py:925} INFO - DAG(s) 'example_bash_decorator' retrieved from /home/airflow/.local/lib/python3.10/site-packages/airflow/example_dags/example_bash_decorator.py
[2025-01-29T15:15:52.845+0000] {logging_mixin.py:190} INFO - [2025-01-29T15:15:52.845+0000] {dag.py:3239} INFO - Sync 1 DAGs
[2025-01-29T15:15:52.857+0000] {logging_mixin.py:190} INFO - [2025-01-29T15:15:52.857+0000] {dag.py:4180} INFO - Setting next_dagrun for example_bash_decorator to None, run_after=None
[2025-01-29T15:15:52.871+0000] {processor.py:208} INFO - Processing /home/airflow/.local/lib/python3.10/site-packages/airflow/example_dags/example_bash_decorator.py took 0.068 seconds
[2025-01-29T15:16:23.098+0000] {processor.py:186} INFO - Started process (PID=2891) to work on /home/airflow/.local/lib/python3.10/site-packages/airflow/example_dags/example_bash_decorator.py
[2025-01-29T15:16:23.099+0000] {processor.py:914} INFO - Processing file /home/airflow/.local/lib/python3.10/site-packages/airflow/example_dags/example_bash_decorator.py for tasks to queue
[2025-01-29T15:16:23.101+0000] {logging_mixin.py:190} INFO - [2025-01-29T15:16:23.101+0000] {dagbag.py:588} INFO - Filling up the DagBag from /home/airflow/.local/lib/python3.10/site-packages/airflow/example_dags/example_bash_decorator.py
[2025-01-29T15:16:23.113+0000] {processor.py:925} INFO - DAG(s) 'example_bash_decorator' retrieved from /home/airflow/.local/lib/python3.10/site-packages/airflow/example_dags/example_bash_decorator.py
[2025-01-29T15:16:23.134+0000] {logging_mixin.py:190} INFO - [2025-01-29T15:16:23.134+0000] {dag.py:3239} INFO - Sync 1 DAGs
[2025-01-29T15:16:23.146+0000] {logging_mixin.py:190} INFO - [2025-01-29T15:16:23.146+0000] {dag.py:4180} INFO - Setting next_dagrun for example_bash_decorator to None, run_after=None
[2025-01-29T15:16:23.164+0000] {processor.py:208} INFO - Processing /home/airflow/.local/lib/python3.10/site-packages/airflow/example_dags/example_bash_decorator.py took 0.071 seconds
[2025-01-29T15:16:53.382+0000] {processor.py:186} INFO - Started process (PID=2957) to work on /home/airflow/.local/lib/python3.10/site-packages/airflow/example_dags/example_bash_decorator.py
[2025-01-29T15:16:53.383+0000] {processor.py:914} INFO - Processing file /home/airflow/.local/lib/python3.10/site-packages/airflow/example_dags/example_bash_decorator.py for tasks to queue
[2025-01-29T15:16:53.385+0000] {logging_mixin.py:190} INFO - [2025-01-29T15:16:53.385+0000] {dagbag.py:588} INFO - Filling up the DagBag from /home/airflow/.local/lib/python3.10/site-packages/airflow/example_dags/example_bash_decorator.py
[2025-01-29T15:16:53.398+0000] {processor.py:925} INFO - DAG(s) 'example_bash_decorator' retrieved from /home/airflow/.local/lib/python3.10/site-packages/airflow/example_dags/example_bash_decorator.py
[2025-01-29T15:16:53.419+0000] {logging_mixin.py:190} INFO - [2025-01-29T15:16:53.419+0000] {dag.py:3239} INFO - Sync 1 DAGs
[2025-01-29T15:16:53.431+0000] {logging_mixin.py:190} INFO - [2025-01-29T15:16:53.431+0000] {dag.py:4180} INFO - Setting next_dagrun for example_bash_decorator to None, run_after=None
[2025-01-29T15:16:53.452+0000] {processor.py:208} INFO - Processing /home/airflow/.local/lib/python3.10/site-packages/airflow/example_dags/example_bash_decorator.py took 0.075 seconds
[2025-01-29T15:17:23.574+0000] {processor.py:186} INFO - Started process (PID=3023) to work on /home/airflow/.local/lib/python3.10/site-packages/airflow/example_dags/example_bash_decorator.py
[2025-01-29T15:17:23.575+0000] {processor.py:914} INFO - Processing file /home/airflow/.local/lib/python3.10/site-packages/airflow/example_dags/example_bash_decorator.py for tasks to queue
[2025-01-29T15:17:23.577+0000] {logging_mixin.py:190} INFO - [2025-01-29T15:17:23.577+0000] {dagbag.py:588} INFO - Filling up the DagBag from /home/airflow/.local/lib/python3.10/site-packages/airflow/example_dags/example_bash_decorator.py
[2025-01-29T15:17:23.589+0000] {processor.py:925} INFO - DAG(s) 'example_bash_decorator' retrieved from /home/airflow/.local/lib/python3.10/site-packages/airflow/example_dags/example_bash_decorator.py
[2025-01-29T15:17:23.610+0000] {logging_mixin.py:190} INFO - [2025-01-29T15:17:23.610+0000] {dag.py:3239} INFO - Sync 1 DAGs
[2025-01-29T15:17:23.622+0000] {logging_mixin.py:190} INFO - [2025-01-29T15:17:23.622+0000] {dag.py:4180} INFO - Setting next_dagrun for example_bash_decorator to None, run_after=None
[2025-01-29T15:17:23.644+0000] {processor.py:208} INFO - Processing /home/airflow/.local/lib/python3.10/site-packages/airflow/example_dags/example_bash_decorator.py took 0.075 seconds
[2025-01-29T15:17:53.863+0000] {processor.py:186} INFO - Started process (PID=3089) to work on /home/airflow/.local/lib/python3.10/site-packages/airflow/example_dags/example_bash_decorator.py
[2025-01-29T15:17:53.864+0000] {processor.py:914} INFO - Processing file /home/airflow/.local/lib/python3.10/site-packages/airflow/example_dags/example_bash_decorator.py for tasks to queue
[2025-01-29T15:17:53.866+0000] {logging_mixin.py:190} INFO - [2025-01-29T15:17:53.866+0000] {dagbag.py:588} INFO - Filling up the DagBag from /home/airflow/.local/lib/python3.10/site-packages/airflow/example_dags/example_bash_decorator.py
[2025-01-29T15:17:53.878+0000] {processor.py:925} INFO - DAG(s) 'example_bash_decorator' retrieved from /home/airflow/.local/lib/python3.10/site-packages/airflow/example_dags/example_bash_decorator.py
[2025-01-29T15:17:53.899+0000] {logging_mixin.py:190} INFO - [2025-01-29T15:17:53.899+0000] {dag.py:3239} INFO - Sync 1 DAGs
[2025-01-29T15:17:53.912+0000] {logging_mixin.py:190} INFO - [2025-01-29T15:17:53.912+0000] {dag.py:4180} INFO - Setting next_dagrun for example_bash_decorator to None, run_after=None
[2025-01-29T15:17:53.932+0000] {processor.py:208} INFO - Processing /home/airflow/.local/lib/python3.10/site-packages/airflow/example_dags/example_bash_decorator.py took 0.074 seconds
