[2025-01-29T14:55:00.252+0000] {processor.py:186} INFO - Started process (PID=124) to work on /home/airflow/.local/lib/python3.10/site-packages/airflow/example_dags/example_outlet_event_extra.py
[2025-01-29T14:55:00.253+0000] {processor.py:914} INFO - Processing file /home/airflow/.local/lib/python3.10/site-packages/airflow/example_dags/example_outlet_event_extra.py for tasks to queue
[2025-01-29T14:55:00.257+0000] {logging_mixin.py:190} INFO - [2025-01-29T14:55:00.256+0000] {dagbag.py:588} INFO - Filling up the DagBag from /home/airflow/.local/lib/python3.10/site-packages/airflow/example_dags/example_outlet_event_extra.py
[2025-01-29T14:55:00.274+0000] {processor.py:925} INFO - DAG(s) 'dataset_with_extra_by_yield', 'dataset_with_extra_by_context', 'dataset_with_extra_from_classic_operator' retrieved from /home/airflow/.local/lib/python3.10/site-packages/airflow/example_dags/example_outlet_event_extra.py
[2025-01-29T14:55:00.298+0000] {logging_mixin.py:190} INFO - [2025-01-29T14:55:00.298+0000] {dag.py:3239} INFO - Sync 3 DAGs
[2025-01-29T14:55:00.322+0000] {logging_mixin.py:190} INFO - [2025-01-29T14:55:00.321+0000] {dag.py:4180} INFO - Setting next_dagrun for dataset_with_extra_by_context to 2025-01-28T00:00:00+00:00, run_after=2025-01-29T00:00:00+00:00
[2025-01-29T14:55:00.326+0000] {logging_mixin.py:190} INFO - [2025-01-29T14:55:00.326+0000] {dag.py:4180} INFO - Setting next_dagrun for dataset_with_extra_by_yield to 2025-01-28T00:00:00+00:00, run_after=2025-01-29T00:00:00+00:00
[2025-01-29T14:55:00.328+0000] {logging_mixin.py:190} INFO - [2025-01-29T14:55:00.328+0000] {dag.py:4180} INFO - Setting next_dagrun for dataset_with_extra_from_classic_operator to 2025-01-28T00:00:00+00:00, run_after=2025-01-29T00:00:00+00:00
[2025-01-29T14:55:00.348+0000] {processor.py:208} INFO - Processing /home/airflow/.local/lib/python3.10/site-packages/airflow/example_dags/example_outlet_event_extra.py took 0.104 seconds
[2025-01-29T14:55:31.081+0000] {processor.py:186} INFO - Started process (PID=190) to work on /home/airflow/.local/lib/python3.10/site-packages/airflow/example_dags/example_outlet_event_extra.py
[2025-01-29T14:55:31.082+0000] {processor.py:914} INFO - Processing file /home/airflow/.local/lib/python3.10/site-packages/airflow/example_dags/example_outlet_event_extra.py for tasks to queue
[2025-01-29T14:55:31.085+0000] {logging_mixin.py:190} INFO - [2025-01-29T14:55:31.085+0000] {dagbag.py:588} INFO - Filling up the DagBag from /home/airflow/.local/lib/python3.10/site-packages/airflow/example_dags/example_outlet_event_extra.py
[2025-01-29T14:55:31.098+0000] {processor.py:925} INFO - DAG(s) 'dataset_with_extra_by_context', 'dataset_with_extra_from_classic_operator', 'dataset_with_extra_by_yield' retrieved from /home/airflow/.local/lib/python3.10/site-packages/airflow/example_dags/example_outlet_event_extra.py
[2025-01-29T14:55:31.123+0000] {logging_mixin.py:190} INFO - [2025-01-29T14:55:31.123+0000] {dag.py:3239} INFO - Sync 3 DAGs
[2025-01-29T14:55:31.146+0000] {logging_mixin.py:190} INFO - [2025-01-29T14:55:31.145+0000] {dag.py:4180} INFO - Setting next_dagrun for dataset_with_extra_by_context to 2025-01-28T00:00:00+00:00, run_after=2025-01-29T00:00:00+00:00
[2025-01-29T14:55:31.151+0000] {logging_mixin.py:190} INFO - [2025-01-29T14:55:31.150+0000] {dag.py:4180} INFO - Setting next_dagrun for dataset_with_extra_by_yield to 2025-01-28T00:00:00+00:00, run_after=2025-01-29T00:00:00+00:00
[2025-01-29T14:55:31.153+0000] {logging_mixin.py:190} INFO - [2025-01-29T14:55:31.153+0000] {dag.py:4180} INFO - Setting next_dagrun for dataset_with_extra_from_classic_operator to 2025-01-28T00:00:00+00:00, run_after=2025-01-29T00:00:00+00:00
[2025-01-29T14:55:31.171+0000] {processor.py:208} INFO - Processing /home/airflow/.local/lib/python3.10/site-packages/airflow/example_dags/example_outlet_event_extra.py took 0.095 seconds
[2025-01-29T14:56:01.211+0000] {processor.py:186} INFO - Started process (PID=256) to work on /home/airflow/.local/lib/python3.10/site-packages/airflow/example_dags/example_outlet_event_extra.py
[2025-01-29T14:56:01.212+0000] {processor.py:914} INFO - Processing file /home/airflow/.local/lib/python3.10/site-packages/airflow/example_dags/example_outlet_event_extra.py for tasks to queue
[2025-01-29T14:56:01.215+0000] {logging_mixin.py:190} INFO - [2025-01-29T14:56:01.214+0000] {dagbag.py:588} INFO - Filling up the DagBag from /home/airflow/.local/lib/python3.10/site-packages/airflow/example_dags/example_outlet_event_extra.py
[2025-01-29T14:56:01.227+0000] {processor.py:925} INFO - DAG(s) 'dataset_with_extra_from_classic_operator', 'dataset_with_extra_by_yield', 'dataset_with_extra_by_context' retrieved from /home/airflow/.local/lib/python3.10/site-packages/airflow/example_dags/example_outlet_event_extra.py
[2025-01-29T14:56:01.250+0000] {logging_mixin.py:190} INFO - [2025-01-29T14:56:01.249+0000] {dag.py:3239} INFO - Sync 3 DAGs
[2025-01-29T14:56:01.272+0000] {logging_mixin.py:190} INFO - [2025-01-29T14:56:01.271+0000] {dag.py:4180} INFO - Setting next_dagrun for dataset_with_extra_by_context to 2025-01-28T00:00:00+00:00, run_after=2025-01-29T00:00:00+00:00
[2025-01-29T14:56:01.276+0000] {logging_mixin.py:190} INFO - [2025-01-29T14:56:01.276+0000] {dag.py:4180} INFO - Setting next_dagrun for dataset_with_extra_by_yield to 2025-01-28T00:00:00+00:00, run_after=2025-01-29T00:00:00+00:00
[2025-01-29T14:56:01.278+0000] {logging_mixin.py:190} INFO - [2025-01-29T14:56:01.278+0000] {dag.py:4180} INFO - Setting next_dagrun for dataset_with_extra_from_classic_operator to 2025-01-28T00:00:00+00:00, run_after=2025-01-29T00:00:00+00:00
[2025-01-29T14:56:01.297+0000] {processor.py:208} INFO - Processing /home/airflow/.local/lib/python3.10/site-packages/airflow/example_dags/example_outlet_event_extra.py took 0.091 seconds
[2025-01-29T14:56:31.495+0000] {processor.py:186} INFO - Started process (PID=322) to work on /home/airflow/.local/lib/python3.10/site-packages/airflow/example_dags/example_outlet_event_extra.py
[2025-01-29T14:56:31.496+0000] {processor.py:914} INFO - Processing file /home/airflow/.local/lib/python3.10/site-packages/airflow/example_dags/example_outlet_event_extra.py for tasks to queue
[2025-01-29T14:56:31.498+0000] {logging_mixin.py:190} INFO - [2025-01-29T14:56:31.498+0000] {dagbag.py:588} INFO - Filling up the DagBag from /home/airflow/.local/lib/python3.10/site-packages/airflow/example_dags/example_outlet_event_extra.py
[2025-01-29T14:56:31.511+0000] {processor.py:925} INFO - DAG(s) 'dataset_with_extra_from_classic_operator', 'dataset_with_extra_by_yield', 'dataset_with_extra_by_context' retrieved from /home/airflow/.local/lib/python3.10/site-packages/airflow/example_dags/example_outlet_event_extra.py
[2025-01-29T14:56:31.534+0000] {logging_mixin.py:190} INFO - [2025-01-29T14:56:31.534+0000] {dag.py:3239} INFO - Sync 3 DAGs
[2025-01-29T14:56:31.558+0000] {logging_mixin.py:190} INFO - [2025-01-29T14:56:31.558+0000] {dag.py:4180} INFO - Setting next_dagrun for dataset_with_extra_by_context to 2025-01-28T00:00:00+00:00, run_after=2025-01-29T00:00:00+00:00
[2025-01-29T14:56:31.563+0000] {logging_mixin.py:190} INFO - [2025-01-29T14:56:31.563+0000] {dag.py:4180} INFO - Setting next_dagrun for dataset_with_extra_by_yield to 2025-01-28T00:00:00+00:00, run_after=2025-01-29T00:00:00+00:00
[2025-01-29T14:56:31.567+0000] {logging_mixin.py:190} INFO - [2025-01-29T14:56:31.567+0000] {dag.py:4180} INFO - Setting next_dagrun for dataset_with_extra_from_classic_operator to 2025-01-28T00:00:00+00:00, run_after=2025-01-29T00:00:00+00:00
[2025-01-29T14:56:31.586+0000] {processor.py:208} INFO - Processing /home/airflow/.local/lib/python3.10/site-packages/airflow/example_dags/example_outlet_event_extra.py took 0.096 seconds
[2025-01-29T14:57:02.170+0000] {processor.py:186} INFO - Started process (PID=388) to work on /home/airflow/.local/lib/python3.10/site-packages/airflow/example_dags/example_outlet_event_extra.py
[2025-01-29T14:57:02.171+0000] {processor.py:914} INFO - Processing file /home/airflow/.local/lib/python3.10/site-packages/airflow/example_dags/example_outlet_event_extra.py for tasks to queue
[2025-01-29T14:57:02.173+0000] {logging_mixin.py:190} INFO - [2025-01-29T14:57:02.173+0000] {dagbag.py:588} INFO - Filling up the DagBag from /home/airflow/.local/lib/python3.10/site-packages/airflow/example_dags/example_outlet_event_extra.py
[2025-01-29T14:57:02.186+0000] {processor.py:925} INFO - DAG(s) 'dataset_with_extra_from_classic_operator', 'dataset_with_extra_by_context', 'dataset_with_extra_by_yield' retrieved from /home/airflow/.local/lib/python3.10/site-packages/airflow/example_dags/example_outlet_event_extra.py
[2025-01-29T14:57:02.214+0000] {logging_mixin.py:190} INFO - [2025-01-29T14:57:02.213+0000] {dag.py:3239} INFO - Sync 3 DAGs
[2025-01-29T14:57:02.238+0000] {logging_mixin.py:190} INFO - [2025-01-29T14:57:02.238+0000] {dag.py:4180} INFO - Setting next_dagrun for dataset_with_extra_by_context to 2025-01-28T00:00:00+00:00, run_after=2025-01-29T00:00:00+00:00
[2025-01-29T14:57:02.243+0000] {logging_mixin.py:190} INFO - [2025-01-29T14:57:02.243+0000] {dag.py:4180} INFO - Setting next_dagrun for dataset_with_extra_by_yield to 2025-01-28T00:00:00+00:00, run_after=2025-01-29T00:00:00+00:00
[2025-01-29T14:57:02.246+0000] {logging_mixin.py:190} INFO - [2025-01-29T14:57:02.245+0000] {dag.py:4180} INFO - Setting next_dagrun for dataset_with_extra_from_classic_operator to 2025-01-28T00:00:00+00:00, run_after=2025-01-29T00:00:00+00:00
[2025-01-29T14:57:02.265+0000] {processor.py:208} INFO - Processing /home/airflow/.local/lib/python3.10/site-packages/airflow/example_dags/example_outlet_event_extra.py took 0.101 seconds
[2025-01-29T14:57:32.332+0000] {processor.py:186} INFO - Started process (PID=454) to work on /home/airflow/.local/lib/python3.10/site-packages/airflow/example_dags/example_outlet_event_extra.py
[2025-01-29T14:57:32.332+0000] {processor.py:914} INFO - Processing file /home/airflow/.local/lib/python3.10/site-packages/airflow/example_dags/example_outlet_event_extra.py for tasks to queue
[2025-01-29T14:57:32.335+0000] {logging_mixin.py:190} INFO - [2025-01-29T14:57:32.335+0000] {dagbag.py:588} INFO - Filling up the DagBag from /home/airflow/.local/lib/python3.10/site-packages/airflow/example_dags/example_outlet_event_extra.py
[2025-01-29T14:57:32.347+0000] {processor.py:925} INFO - DAG(s) 'dataset_with_extra_from_classic_operator', 'dataset_with_extra_by_yield', 'dataset_with_extra_by_context' retrieved from /home/airflow/.local/lib/python3.10/site-packages/airflow/example_dags/example_outlet_event_extra.py
[2025-01-29T14:57:32.369+0000] {logging_mixin.py:190} INFO - [2025-01-29T14:57:32.369+0000] {dag.py:3239} INFO - Sync 3 DAGs
[2025-01-29T14:57:32.391+0000] {logging_mixin.py:190} INFO - [2025-01-29T14:57:32.391+0000] {dag.py:4180} INFO - Setting next_dagrun for dataset_with_extra_by_context to 2025-01-28T00:00:00+00:00, run_after=2025-01-29T00:00:00+00:00
[2025-01-29T14:57:32.397+0000] {logging_mixin.py:190} INFO - [2025-01-29T14:57:32.396+0000] {dag.py:4180} INFO - Setting next_dagrun for dataset_with_extra_by_yield to 2025-01-28T00:00:00+00:00, run_after=2025-01-29T00:00:00+00:00
[2025-01-29T14:57:32.399+0000] {logging_mixin.py:190} INFO - [2025-01-29T14:57:32.399+0000] {dag.py:4180} INFO - Setting next_dagrun for dataset_with_extra_from_classic_operator to 2025-01-28T00:00:00+00:00, run_after=2025-01-29T00:00:00+00:00
[2025-01-29T14:57:32.417+0000] {processor.py:208} INFO - Processing /home/airflow/.local/lib/python3.10/site-packages/airflow/example_dags/example_outlet_event_extra.py took 0.091 seconds
[2025-01-29T14:58:02.714+0000] {processor.py:186} INFO - Started process (PID=520) to work on /home/airflow/.local/lib/python3.10/site-packages/airflow/example_dags/example_outlet_event_extra.py
[2025-01-29T14:58:02.715+0000] {processor.py:914} INFO - Processing file /home/airflow/.local/lib/python3.10/site-packages/airflow/example_dags/example_outlet_event_extra.py for tasks to queue
[2025-01-29T14:58:02.718+0000] {logging_mixin.py:190} INFO - [2025-01-29T14:58:02.718+0000] {dagbag.py:588} INFO - Filling up the DagBag from /home/airflow/.local/lib/python3.10/site-packages/airflow/example_dags/example_outlet_event_extra.py
[2025-01-29T14:58:02.731+0000] {processor.py:925} INFO - DAG(s) 'dataset_with_extra_from_classic_operator', 'dataset_with_extra_by_yield', 'dataset_with_extra_by_context' retrieved from /home/airflow/.local/lib/python3.10/site-packages/airflow/example_dags/example_outlet_event_extra.py
[2025-01-29T14:58:02.755+0000] {logging_mixin.py:190} INFO - [2025-01-29T14:58:02.755+0000] {dag.py:3239} INFO - Sync 3 DAGs
[2025-01-29T14:58:02.778+0000] {logging_mixin.py:190} INFO - [2025-01-29T14:58:02.777+0000] {dag.py:4180} INFO - Setting next_dagrun for dataset_with_extra_by_context to 2025-01-28T00:00:00+00:00, run_after=2025-01-29T00:00:00+00:00
[2025-01-29T14:58:02.782+0000] {logging_mixin.py:190} INFO - [2025-01-29T14:58:02.782+0000] {dag.py:4180} INFO - Setting next_dagrun for dataset_with_extra_by_yield to 2025-01-28T00:00:00+00:00, run_after=2025-01-29T00:00:00+00:00
[2025-01-29T14:58:02.785+0000] {logging_mixin.py:190} INFO - [2025-01-29T14:58:02.785+0000] {dag.py:4180} INFO - Setting next_dagrun for dataset_with_extra_from_classic_operator to 2025-01-28T00:00:00+00:00, run_after=2025-01-29T00:00:00+00:00
[2025-01-29T14:58:02.804+0000] {processor.py:208} INFO - Processing /home/airflow/.local/lib/python3.10/site-packages/airflow/example_dags/example_outlet_event_extra.py took 0.095 seconds
[2025-01-29T14:58:33.312+0000] {processor.py:186} INFO - Started process (PID=586) to work on /home/airflow/.local/lib/python3.10/site-packages/airflow/example_dags/example_outlet_event_extra.py
[2025-01-29T14:58:33.313+0000] {processor.py:914} INFO - Processing file /home/airflow/.local/lib/python3.10/site-packages/airflow/example_dags/example_outlet_event_extra.py for tasks to queue
[2025-01-29T14:58:33.315+0000] {logging_mixin.py:190} INFO - [2025-01-29T14:58:33.315+0000] {dagbag.py:588} INFO - Filling up the DagBag from /home/airflow/.local/lib/python3.10/site-packages/airflow/example_dags/example_outlet_event_extra.py
[2025-01-29T14:58:33.326+0000] {processor.py:925} INFO - DAG(s) 'dataset_with_extra_by_context', 'dataset_with_extra_from_classic_operator', 'dataset_with_extra_by_yield' retrieved from /home/airflow/.local/lib/python3.10/site-packages/airflow/example_dags/example_outlet_event_extra.py
[2025-01-29T14:58:33.347+0000] {logging_mixin.py:190} INFO - [2025-01-29T14:58:33.347+0000] {dag.py:3239} INFO - Sync 3 DAGs
[2025-01-29T14:58:33.369+0000] {logging_mixin.py:190} INFO - [2025-01-29T14:58:33.368+0000] {dag.py:4180} INFO - Setting next_dagrun for dataset_with_extra_by_context to 2025-01-28T00:00:00+00:00, run_after=2025-01-29T00:00:00+00:00
[2025-01-29T14:58:33.373+0000] {logging_mixin.py:190} INFO - [2025-01-29T14:58:33.373+0000] {dag.py:4180} INFO - Setting next_dagrun for dataset_with_extra_by_yield to 2025-01-28T00:00:00+00:00, run_after=2025-01-29T00:00:00+00:00
[2025-01-29T14:58:33.376+0000] {logging_mixin.py:190} INFO - [2025-01-29T14:58:33.376+0000] {dag.py:4180} INFO - Setting next_dagrun for dataset_with_extra_from_classic_operator to 2025-01-28T00:00:00+00:00, run_after=2025-01-29T00:00:00+00:00
[2025-01-29T14:58:33.396+0000] {processor.py:208} INFO - Processing /home/airflow/.local/lib/python3.10/site-packages/airflow/example_dags/example_outlet_event_extra.py took 0.089 seconds
[2025-01-29T14:59:03.454+0000] {processor.py:186} INFO - Started process (PID=652) to work on /home/airflow/.local/lib/python3.10/site-packages/airflow/example_dags/example_outlet_event_extra.py
[2025-01-29T14:59:03.454+0000] {processor.py:914} INFO - Processing file /home/airflow/.local/lib/python3.10/site-packages/airflow/example_dags/example_outlet_event_extra.py for tasks to queue
[2025-01-29T14:59:03.457+0000] {logging_mixin.py:190} INFO - [2025-01-29T14:59:03.457+0000] {dagbag.py:588} INFO - Filling up the DagBag from /home/airflow/.local/lib/python3.10/site-packages/airflow/example_dags/example_outlet_event_extra.py
[2025-01-29T14:59:03.468+0000] {processor.py:925} INFO - DAG(s) 'dataset_with_extra_by_context', 'dataset_with_extra_from_classic_operator', 'dataset_with_extra_by_yield' retrieved from /home/airflow/.local/lib/python3.10/site-packages/airflow/example_dags/example_outlet_event_extra.py
[2025-01-29T14:59:03.489+0000] {logging_mixin.py:190} INFO - [2025-01-29T14:59:03.488+0000] {dag.py:3239} INFO - Sync 3 DAGs
[2025-01-29T14:59:03.510+0000] {logging_mixin.py:190} INFO - [2025-01-29T14:59:03.509+0000] {dag.py:4180} INFO - Setting next_dagrun for dataset_with_extra_by_context to 2025-01-28T00:00:00+00:00, run_after=2025-01-29T00:00:00+00:00
[2025-01-29T14:59:03.514+0000] {logging_mixin.py:190} INFO - [2025-01-29T14:59:03.514+0000] {dag.py:4180} INFO - Setting next_dagrun for dataset_with_extra_by_yield to 2025-01-28T00:00:00+00:00, run_after=2025-01-29T00:00:00+00:00
[2025-01-29T14:59:03.517+0000] {logging_mixin.py:190} INFO - [2025-01-29T14:59:03.516+0000] {dag.py:4180} INFO - Setting next_dagrun for dataset_with_extra_from_classic_operator to 2025-01-28T00:00:00+00:00, run_after=2025-01-29T00:00:00+00:00
[2025-01-29T14:59:03.535+0000] {processor.py:208} INFO - Processing /home/airflow/.local/lib/python3.10/site-packages/airflow/example_dags/example_outlet_event_extra.py took 0.086 seconds
[2025-01-29T14:59:33.681+0000] {processor.py:186} INFO - Started process (PID=718) to work on /home/airflow/.local/lib/python3.10/site-packages/airflow/example_dags/example_outlet_event_extra.py
[2025-01-29T14:59:33.682+0000] {processor.py:914} INFO - Processing file /home/airflow/.local/lib/python3.10/site-packages/airflow/example_dags/example_outlet_event_extra.py for tasks to queue
[2025-01-29T14:59:33.685+0000] {logging_mixin.py:190} INFO - [2025-01-29T14:59:33.684+0000] {dagbag.py:588} INFO - Filling up the DagBag from /home/airflow/.local/lib/python3.10/site-packages/airflow/example_dags/example_outlet_event_extra.py
[2025-01-29T14:59:33.696+0000] {processor.py:925} INFO - DAG(s) 'dataset_with_extra_by_yield', 'dataset_with_extra_from_classic_operator', 'dataset_with_extra_by_context' retrieved from /home/airflow/.local/lib/python3.10/site-packages/airflow/example_dags/example_outlet_event_extra.py
[2025-01-29T14:59:33.719+0000] {logging_mixin.py:190} INFO - [2025-01-29T14:59:33.718+0000] {dag.py:3239} INFO - Sync 3 DAGs
[2025-01-29T14:59:33.741+0000] {logging_mixin.py:190} INFO - [2025-01-29T14:59:33.741+0000] {dag.py:4180} INFO - Setting next_dagrun for dataset_with_extra_by_context to 2025-01-28T00:00:00+00:00, run_after=2025-01-29T00:00:00+00:00
[2025-01-29T14:59:33.745+0000] {logging_mixin.py:190} INFO - [2025-01-29T14:59:33.745+0000] {dag.py:4180} INFO - Setting next_dagrun for dataset_with_extra_by_yield to 2025-01-28T00:00:00+00:00, run_after=2025-01-29T00:00:00+00:00
[2025-01-29T14:59:33.748+0000] {logging_mixin.py:190} INFO - [2025-01-29T14:59:33.748+0000] {dag.py:4180} INFO - Setting next_dagrun for dataset_with_extra_from_classic_operator to 2025-01-28T00:00:00+00:00, run_after=2025-01-29T00:00:00+00:00
[2025-01-29T14:59:33.766+0000] {processor.py:208} INFO - Processing /home/airflow/.local/lib/python3.10/site-packages/airflow/example_dags/example_outlet_event_extra.py took 0.090 seconds
[2025-01-29T15:00:03.910+0000] {processor.py:186} INFO - Started process (PID=784) to work on /home/airflow/.local/lib/python3.10/site-packages/airflow/example_dags/example_outlet_event_extra.py
[2025-01-29T15:00:03.911+0000] {processor.py:914} INFO - Processing file /home/airflow/.local/lib/python3.10/site-packages/airflow/example_dags/example_outlet_event_extra.py for tasks to queue
[2025-01-29T15:00:03.914+0000] {logging_mixin.py:190} INFO - [2025-01-29T15:00:03.914+0000] {dagbag.py:588} INFO - Filling up the DagBag from /home/airflow/.local/lib/python3.10/site-packages/airflow/example_dags/example_outlet_event_extra.py
[2025-01-29T15:00:03.926+0000] {processor.py:925} INFO - DAG(s) 'dataset_with_extra_by_context', 'dataset_with_extra_by_yield', 'dataset_with_extra_from_classic_operator' retrieved from /home/airflow/.local/lib/python3.10/site-packages/airflow/example_dags/example_outlet_event_extra.py
[2025-01-29T15:00:03.948+0000] {logging_mixin.py:190} INFO - [2025-01-29T15:00:03.948+0000] {dag.py:3239} INFO - Sync 3 DAGs
[2025-01-29T15:00:03.970+0000] {logging_mixin.py:190} INFO - [2025-01-29T15:00:03.970+0000] {dag.py:4180} INFO - Setting next_dagrun for dataset_with_extra_by_context to 2025-01-28T00:00:00+00:00, run_after=2025-01-29T00:00:00+00:00
[2025-01-29T15:00:03.975+0000] {logging_mixin.py:190} INFO - [2025-01-29T15:00:03.975+0000] {dag.py:4180} INFO - Setting next_dagrun for dataset_with_extra_by_yield to 2025-01-28T00:00:00+00:00, run_after=2025-01-29T00:00:00+00:00
[2025-01-29T15:00:03.978+0000] {logging_mixin.py:190} INFO - [2025-01-29T15:00:03.978+0000] {dag.py:4180} INFO - Setting next_dagrun for dataset_with_extra_from_classic_operator to 2025-01-28T00:00:00+00:00, run_after=2025-01-29T00:00:00+00:00
[2025-01-29T15:00:03.996+0000] {processor.py:208} INFO - Processing /home/airflow/.local/lib/python3.10/site-packages/airflow/example_dags/example_outlet_event_extra.py took 0.091 seconds
[2025-01-29T15:00:34.954+0000] {processor.py:186} INFO - Started process (PID=850) to work on /home/airflow/.local/lib/python3.10/site-packages/airflow/example_dags/example_outlet_event_extra.py
[2025-01-29T15:00:34.955+0000] {processor.py:914} INFO - Processing file /home/airflow/.local/lib/python3.10/site-packages/airflow/example_dags/example_outlet_event_extra.py for tasks to queue
[2025-01-29T15:00:34.957+0000] {logging_mixin.py:190} INFO - [2025-01-29T15:00:34.957+0000] {dagbag.py:588} INFO - Filling up the DagBag from /home/airflow/.local/lib/python3.10/site-packages/airflow/example_dags/example_outlet_event_extra.py
[2025-01-29T15:00:34.969+0000] {processor.py:925} INFO - DAG(s) 'dataset_with_extra_by_yield', 'dataset_with_extra_by_context', 'dataset_with_extra_from_classic_operator' retrieved from /home/airflow/.local/lib/python3.10/site-packages/airflow/example_dags/example_outlet_event_extra.py
[2025-01-29T15:00:34.991+0000] {logging_mixin.py:190} INFO - [2025-01-29T15:00:34.991+0000] {dag.py:3239} INFO - Sync 3 DAGs
[2025-01-29T15:00:35.013+0000] {logging_mixin.py:190} INFO - [2025-01-29T15:00:35.013+0000] {dag.py:4180} INFO - Setting next_dagrun for dataset_with_extra_by_context to 2025-01-28T00:00:00+00:00, run_after=2025-01-29T00:00:00+00:00
[2025-01-29T15:00:35.019+0000] {logging_mixin.py:190} INFO - [2025-01-29T15:00:35.019+0000] {dag.py:4180} INFO - Setting next_dagrun for dataset_with_extra_by_yield to 2025-01-28T00:00:00+00:00, run_after=2025-01-29T00:00:00+00:00
[2025-01-29T15:00:35.021+0000] {logging_mixin.py:190} INFO - [2025-01-29T15:00:35.021+0000] {dag.py:4180} INFO - Setting next_dagrun for dataset_with_extra_from_classic_operator to 2025-01-28T00:00:00+00:00, run_after=2025-01-29T00:00:00+00:00
[2025-01-29T15:00:35.039+0000] {processor.py:208} INFO - Processing /home/airflow/.local/lib/python3.10/site-packages/airflow/example_dags/example_outlet_event_extra.py took 0.090 seconds
[2025-01-29T15:01:05.253+0000] {processor.py:186} INFO - Started process (PID=916) to work on /home/airflow/.local/lib/python3.10/site-packages/airflow/example_dags/example_outlet_event_extra.py
[2025-01-29T15:01:05.254+0000] {processor.py:914} INFO - Processing file /home/airflow/.local/lib/python3.10/site-packages/airflow/example_dags/example_outlet_event_extra.py for tasks to queue
[2025-01-29T15:01:05.256+0000] {logging_mixin.py:190} INFO - [2025-01-29T15:01:05.256+0000] {dagbag.py:588} INFO - Filling up the DagBag from /home/airflow/.local/lib/python3.10/site-packages/airflow/example_dags/example_outlet_event_extra.py
[2025-01-29T15:01:05.268+0000] {processor.py:925} INFO - DAG(s) 'dataset_with_extra_from_classic_operator', 'dataset_with_extra_by_context', 'dataset_with_extra_by_yield' retrieved from /home/airflow/.local/lib/python3.10/site-packages/airflow/example_dags/example_outlet_event_extra.py
[2025-01-29T15:01:05.290+0000] {logging_mixin.py:190} INFO - [2025-01-29T15:01:05.290+0000] {dag.py:3239} INFO - Sync 3 DAGs
[2025-01-29T15:01:05.312+0000] {logging_mixin.py:190} INFO - [2025-01-29T15:01:05.312+0000] {dag.py:4180} INFO - Setting next_dagrun for dataset_with_extra_by_context to 2025-01-28T00:00:00+00:00, run_after=2025-01-29T00:00:00+00:00
[2025-01-29T15:01:05.316+0000] {logging_mixin.py:190} INFO - [2025-01-29T15:01:05.316+0000] {dag.py:4180} INFO - Setting next_dagrun for dataset_with_extra_by_yield to 2025-01-28T00:00:00+00:00, run_after=2025-01-29T00:00:00+00:00
[2025-01-29T15:01:05.319+0000] {logging_mixin.py:190} INFO - [2025-01-29T15:01:05.318+0000] {dag.py:4180} INFO - Setting next_dagrun for dataset_with_extra_from_classic_operator to 2025-01-28T00:00:00+00:00, run_after=2025-01-29T00:00:00+00:00
[2025-01-29T15:01:05.337+0000] {processor.py:208} INFO - Processing /home/airflow/.local/lib/python3.10/site-packages/airflow/example_dags/example_outlet_event_extra.py took 0.090 seconds
[2025-01-29T15:01:36.281+0000] {processor.py:186} INFO - Started process (PID=982) to work on /home/airflow/.local/lib/python3.10/site-packages/airflow/example_dags/example_outlet_event_extra.py
[2025-01-29T15:01:36.282+0000] {processor.py:914} INFO - Processing file /home/airflow/.local/lib/python3.10/site-packages/airflow/example_dags/example_outlet_event_extra.py for tasks to queue
[2025-01-29T15:01:36.284+0000] {logging_mixin.py:190} INFO - [2025-01-29T15:01:36.284+0000] {dagbag.py:588} INFO - Filling up the DagBag from /home/airflow/.local/lib/python3.10/site-packages/airflow/example_dags/example_outlet_event_extra.py
[2025-01-29T15:01:36.296+0000] {processor.py:925} INFO - DAG(s) 'dataset_with_extra_by_context', 'dataset_with_extra_from_classic_operator', 'dataset_with_extra_by_yield' retrieved from /home/airflow/.local/lib/python3.10/site-packages/airflow/example_dags/example_outlet_event_extra.py
[2025-01-29T15:01:36.318+0000] {logging_mixin.py:190} INFO - [2025-01-29T15:01:36.318+0000] {dag.py:3239} INFO - Sync 3 DAGs
[2025-01-29T15:01:36.340+0000] {logging_mixin.py:190} INFO - [2025-01-29T15:01:36.339+0000] {dag.py:4180} INFO - Setting next_dagrun for dataset_with_extra_by_context to 2025-01-28T00:00:00+00:00, run_after=2025-01-29T00:00:00+00:00
[2025-01-29T15:01:36.344+0000] {logging_mixin.py:190} INFO - [2025-01-29T15:01:36.344+0000] {dag.py:4180} INFO - Setting next_dagrun for dataset_with_extra_by_yield to 2025-01-28T00:00:00+00:00, run_after=2025-01-29T00:00:00+00:00
[2025-01-29T15:01:36.347+0000] {logging_mixin.py:190} INFO - [2025-01-29T15:01:36.347+0000] {dag.py:4180} INFO - Setting next_dagrun for dataset_with_extra_from_classic_operator to 2025-01-28T00:00:00+00:00, run_after=2025-01-29T00:00:00+00:00
[2025-01-29T15:01:36.366+0000] {processor.py:208} INFO - Processing /home/airflow/.local/lib/python3.10/site-packages/airflow/example_dags/example_outlet_event_extra.py took 0.090 seconds
[2025-01-29T15:02:06.753+0000] {processor.py:186} INFO - Started process (PID=1048) to work on /home/airflow/.local/lib/python3.10/site-packages/airflow/example_dags/example_outlet_event_extra.py
[2025-01-29T15:02:06.754+0000] {processor.py:914} INFO - Processing file /home/airflow/.local/lib/python3.10/site-packages/airflow/example_dags/example_outlet_event_extra.py for tasks to queue
[2025-01-29T15:02:06.757+0000] {logging_mixin.py:190} INFO - [2025-01-29T15:02:06.756+0000] {dagbag.py:588} INFO - Filling up the DagBag from /home/airflow/.local/lib/python3.10/site-packages/airflow/example_dags/example_outlet_event_extra.py
[2025-01-29T15:02:06.768+0000] {processor.py:925} INFO - DAG(s) 'dataset_with_extra_by_context', 'dataset_with_extra_from_classic_operator', 'dataset_with_extra_by_yield' retrieved from /home/airflow/.local/lib/python3.10/site-packages/airflow/example_dags/example_outlet_event_extra.py
[2025-01-29T15:02:06.791+0000] {logging_mixin.py:190} INFO - [2025-01-29T15:02:06.791+0000] {dag.py:3239} INFO - Sync 3 DAGs
[2025-01-29T15:02:06.813+0000] {logging_mixin.py:190} INFO - [2025-01-29T15:02:06.813+0000] {dag.py:4180} INFO - Setting next_dagrun for dataset_with_extra_by_context to 2025-01-28T00:00:00+00:00, run_after=2025-01-29T00:00:00+00:00
[2025-01-29T15:02:06.817+0000] {logging_mixin.py:190} INFO - [2025-01-29T15:02:06.817+0000] {dag.py:4180} INFO - Setting next_dagrun for dataset_with_extra_by_yield to 2025-01-28T00:00:00+00:00, run_after=2025-01-29T00:00:00+00:00
[2025-01-29T15:02:06.819+0000] {logging_mixin.py:190} INFO - [2025-01-29T15:02:06.819+0000] {dag.py:4180} INFO - Setting next_dagrun for dataset_with_extra_from_classic_operator to 2025-01-28T00:00:00+00:00, run_after=2025-01-29T00:00:00+00:00
[2025-01-29T15:02:06.838+0000] {processor.py:208} INFO - Processing /home/airflow/.local/lib/python3.10/site-packages/airflow/example_dags/example_outlet_event_extra.py took 0.090 seconds
[2025-01-29T15:02:37.015+0000] {processor.py:186} INFO - Started process (PID=1114) to work on /home/airflow/.local/lib/python3.10/site-packages/airflow/example_dags/example_outlet_event_extra.py
[2025-01-29T15:02:37.016+0000] {processor.py:914} INFO - Processing file /home/airflow/.local/lib/python3.10/site-packages/airflow/example_dags/example_outlet_event_extra.py for tasks to queue
[2025-01-29T15:02:37.018+0000] {logging_mixin.py:190} INFO - [2025-01-29T15:02:37.018+0000] {dagbag.py:588} INFO - Filling up the DagBag from /home/airflow/.local/lib/python3.10/site-packages/airflow/example_dags/example_outlet_event_extra.py
[2025-01-29T15:02:37.030+0000] {processor.py:925} INFO - DAG(s) 'dataset_with_extra_from_classic_operator', 'dataset_with_extra_by_context', 'dataset_with_extra_by_yield' retrieved from /home/airflow/.local/lib/python3.10/site-packages/airflow/example_dags/example_outlet_event_extra.py
[2025-01-29T15:02:37.053+0000] {logging_mixin.py:190} INFO - [2025-01-29T15:02:37.052+0000] {dag.py:3239} INFO - Sync 3 DAGs
[2025-01-29T15:02:37.074+0000] {logging_mixin.py:190} INFO - [2025-01-29T15:02:37.074+0000] {dag.py:4180} INFO - Setting next_dagrun for dataset_with_extra_by_context to 2025-01-28T00:00:00+00:00, run_after=2025-01-29T00:00:00+00:00
[2025-01-29T15:02:37.078+0000] {logging_mixin.py:190} INFO - [2025-01-29T15:02:37.078+0000] {dag.py:4180} INFO - Setting next_dagrun for dataset_with_extra_by_yield to 2025-01-28T00:00:00+00:00, run_after=2025-01-29T00:00:00+00:00
[2025-01-29T15:02:37.081+0000] {logging_mixin.py:190} INFO - [2025-01-29T15:02:37.081+0000] {dag.py:4180} INFO - Setting next_dagrun for dataset_with_extra_from_classic_operator to 2025-01-28T00:00:00+00:00, run_after=2025-01-29T00:00:00+00:00
[2025-01-29T15:02:37.099+0000] {processor.py:208} INFO - Processing /home/airflow/.local/lib/python3.10/site-packages/airflow/example_dags/example_outlet_event_extra.py took 0.090 seconds
[2025-01-29T15:03:07.400+0000] {processor.py:186} INFO - Started process (PID=1180) to work on /home/airflow/.local/lib/python3.10/site-packages/airflow/example_dags/example_outlet_event_extra.py
[2025-01-29T15:03:07.401+0000] {processor.py:914} INFO - Processing file /home/airflow/.local/lib/python3.10/site-packages/airflow/example_dags/example_outlet_event_extra.py for tasks to queue
[2025-01-29T15:03:07.404+0000] {logging_mixin.py:190} INFO - [2025-01-29T15:03:07.404+0000] {dagbag.py:588} INFO - Filling up the DagBag from /home/airflow/.local/lib/python3.10/site-packages/airflow/example_dags/example_outlet_event_extra.py
[2025-01-29T15:03:07.416+0000] {processor.py:925} INFO - DAG(s) 'dataset_with_extra_from_classic_operator', 'dataset_with_extra_by_context', 'dataset_with_extra_by_yield' retrieved from /home/airflow/.local/lib/python3.10/site-packages/airflow/example_dags/example_outlet_event_extra.py
[2025-01-29T15:03:07.439+0000] {logging_mixin.py:190} INFO - [2025-01-29T15:03:07.439+0000] {dag.py:3239} INFO - Sync 3 DAGs
[2025-01-29T15:03:07.461+0000] {logging_mixin.py:190} INFO - [2025-01-29T15:03:07.460+0000] {dag.py:4180} INFO - Setting next_dagrun for dataset_with_extra_by_context to 2025-01-28T00:00:00+00:00, run_after=2025-01-29T00:00:00+00:00
[2025-01-29T15:03:07.465+0000] {logging_mixin.py:190} INFO - [2025-01-29T15:03:07.465+0000] {dag.py:4180} INFO - Setting next_dagrun for dataset_with_extra_by_yield to 2025-01-28T00:00:00+00:00, run_after=2025-01-29T00:00:00+00:00
[2025-01-29T15:03:07.467+0000] {logging_mixin.py:190} INFO - [2025-01-29T15:03:07.467+0000] {dag.py:4180} INFO - Setting next_dagrun for dataset_with_extra_from_classic_operator to 2025-01-28T00:00:00+00:00, run_after=2025-01-29T00:00:00+00:00
[2025-01-29T15:03:07.484+0000] {processor.py:208} INFO - Processing /home/airflow/.local/lib/python3.10/site-packages/airflow/example_dags/example_outlet_event_extra.py took 0.090 seconds
[2025-01-29T15:03:37.590+0000] {processor.py:186} INFO - Started process (PID=1246) to work on /home/airflow/.local/lib/python3.10/site-packages/airflow/example_dags/example_outlet_event_extra.py
[2025-01-29T15:03:37.591+0000] {processor.py:914} INFO - Processing file /home/airflow/.local/lib/python3.10/site-packages/airflow/example_dags/example_outlet_event_extra.py for tasks to queue
[2025-01-29T15:03:37.593+0000] {logging_mixin.py:190} INFO - [2025-01-29T15:03:37.593+0000] {dagbag.py:588} INFO - Filling up the DagBag from /home/airflow/.local/lib/python3.10/site-packages/airflow/example_dags/example_outlet_event_extra.py
[2025-01-29T15:03:37.605+0000] {processor.py:925} INFO - DAG(s) 'dataset_with_extra_by_context', 'dataset_with_extra_by_yield', 'dataset_with_extra_from_classic_operator' retrieved from /home/airflow/.local/lib/python3.10/site-packages/airflow/example_dags/example_outlet_event_extra.py
[2025-01-29T15:03:37.628+0000] {logging_mixin.py:190} INFO - [2025-01-29T15:03:37.628+0000] {dag.py:3239} INFO - Sync 3 DAGs
[2025-01-29T15:03:37.650+0000] {logging_mixin.py:190} INFO - [2025-01-29T15:03:37.650+0000] {dag.py:4180} INFO - Setting next_dagrun for dataset_with_extra_by_context to 2025-01-28T00:00:00+00:00, run_after=2025-01-29T00:00:00+00:00
[2025-01-29T15:03:37.654+0000] {logging_mixin.py:190} INFO - [2025-01-29T15:03:37.654+0000] {dag.py:4180} INFO - Setting next_dagrun for dataset_with_extra_by_yield to 2025-01-28T00:00:00+00:00, run_after=2025-01-29T00:00:00+00:00
[2025-01-29T15:03:37.656+0000] {logging_mixin.py:190} INFO - [2025-01-29T15:03:37.656+0000] {dag.py:4180} INFO - Setting next_dagrun for dataset_with_extra_from_classic_operator to 2025-01-28T00:00:00+00:00, run_after=2025-01-29T00:00:00+00:00
[2025-01-29T15:03:37.674+0000] {processor.py:208} INFO - Processing /home/airflow/.local/lib/python3.10/site-packages/airflow/example_dags/example_outlet_event_extra.py took 0.090 seconds
[2025-01-29T15:04:07.967+0000] {processor.py:186} INFO - Started process (PID=1312) to work on /home/airflow/.local/lib/python3.10/site-packages/airflow/example_dags/example_outlet_event_extra.py
[2025-01-29T15:04:07.967+0000] {processor.py:914} INFO - Processing file /home/airflow/.local/lib/python3.10/site-packages/airflow/example_dags/example_outlet_event_extra.py for tasks to queue
[2025-01-29T15:04:07.970+0000] {logging_mixin.py:190} INFO - [2025-01-29T15:04:07.970+0000] {dagbag.py:588} INFO - Filling up the DagBag from /home/airflow/.local/lib/python3.10/site-packages/airflow/example_dags/example_outlet_event_extra.py
[2025-01-29T15:04:07.981+0000] {processor.py:925} INFO - DAG(s) 'dataset_with_extra_by_context', 'dataset_with_extra_from_classic_operator', 'dataset_with_extra_by_yield' retrieved from /home/airflow/.local/lib/python3.10/site-packages/airflow/example_dags/example_outlet_event_extra.py
[2025-01-29T15:04:08.003+0000] {logging_mixin.py:190} INFO - [2025-01-29T15:04:08.003+0000] {dag.py:3239} INFO - Sync 3 DAGs
[2025-01-29T15:04:08.027+0000] {logging_mixin.py:190} INFO - [2025-01-29T15:04:08.027+0000] {dag.py:4180} INFO - Setting next_dagrun for dataset_with_extra_by_context to 2025-01-28T00:00:00+00:00, run_after=2025-01-29T00:00:00+00:00
[2025-01-29T15:04:08.034+0000] {logging_mixin.py:190} INFO - [2025-01-29T15:04:08.034+0000] {dag.py:4180} INFO - Setting next_dagrun for dataset_with_extra_by_yield to 2025-01-28T00:00:00+00:00, run_after=2025-01-29T00:00:00+00:00
[2025-01-29T15:04:08.037+0000] {logging_mixin.py:190} INFO - [2025-01-29T15:04:08.037+0000] {dag.py:4180} INFO - Setting next_dagrun for dataset_with_extra_from_classic_operator to 2025-01-28T00:00:00+00:00, run_after=2025-01-29T00:00:00+00:00
[2025-01-29T15:04:08.060+0000] {processor.py:208} INFO - Processing /home/airflow/.local/lib/python3.10/site-packages/airflow/example_dags/example_outlet_event_extra.py took 0.098 seconds
[2025-01-29T15:04:38.316+0000] {processor.py:186} INFO - Started process (PID=1378) to work on /home/airflow/.local/lib/python3.10/site-packages/airflow/example_dags/example_outlet_event_extra.py
[2025-01-29T15:04:38.317+0000] {processor.py:914} INFO - Processing file /home/airflow/.local/lib/python3.10/site-packages/airflow/example_dags/example_outlet_event_extra.py for tasks to queue
[2025-01-29T15:04:38.320+0000] {logging_mixin.py:190} INFO - [2025-01-29T15:04:38.319+0000] {dagbag.py:588} INFO - Filling up the DagBag from /home/airflow/.local/lib/python3.10/site-packages/airflow/example_dags/example_outlet_event_extra.py
[2025-01-29T15:04:38.332+0000] {processor.py:925} INFO - DAG(s) 'dataset_with_extra_by_context', 'dataset_with_extra_from_classic_operator', 'dataset_with_extra_by_yield' retrieved from /home/airflow/.local/lib/python3.10/site-packages/airflow/example_dags/example_outlet_event_extra.py
[2025-01-29T15:04:38.354+0000] {logging_mixin.py:190} INFO - [2025-01-29T15:04:38.354+0000] {dag.py:3239} INFO - Sync 3 DAGs
[2025-01-29T15:04:38.376+0000] {logging_mixin.py:190} INFO - [2025-01-29T15:04:38.376+0000] {dag.py:4180} INFO - Setting next_dagrun for dataset_with_extra_by_context to 2025-01-28T00:00:00+00:00, run_after=2025-01-29T00:00:00+00:00
[2025-01-29T15:04:38.381+0000] {logging_mixin.py:190} INFO - [2025-01-29T15:04:38.381+0000] {dag.py:4180} INFO - Setting next_dagrun for dataset_with_extra_by_yield to 2025-01-28T00:00:00+00:00, run_after=2025-01-29T00:00:00+00:00
[2025-01-29T15:04:38.383+0000] {logging_mixin.py:190} INFO - [2025-01-29T15:04:38.383+0000] {dag.py:4180} INFO - Setting next_dagrun for dataset_with_extra_from_classic_operator to 2025-01-28T00:00:00+00:00, run_after=2025-01-29T00:00:00+00:00
[2025-01-29T15:04:38.401+0000] {processor.py:208} INFO - Processing /home/airflow/.local/lib/python3.10/site-packages/airflow/example_dags/example_outlet_event_extra.py took 0.090 seconds
[2025-01-29T15:05:08.646+0000] {processor.py:186} INFO - Started process (PID=1444) to work on /home/airflow/.local/lib/python3.10/site-packages/airflow/example_dags/example_outlet_event_extra.py
[2025-01-29T15:05:08.647+0000] {processor.py:914} INFO - Processing file /home/airflow/.local/lib/python3.10/site-packages/airflow/example_dags/example_outlet_event_extra.py for tasks to queue
[2025-01-29T15:05:08.650+0000] {logging_mixin.py:190} INFO - [2025-01-29T15:05:08.649+0000] {dagbag.py:588} INFO - Filling up the DagBag from /home/airflow/.local/lib/python3.10/site-packages/airflow/example_dags/example_outlet_event_extra.py
[2025-01-29T15:05:08.662+0000] {processor.py:925} INFO - DAG(s) 'dataset_with_extra_by_context', 'dataset_with_extra_by_yield', 'dataset_with_extra_from_classic_operator' retrieved from /home/airflow/.local/lib/python3.10/site-packages/airflow/example_dags/example_outlet_event_extra.py
[2025-01-29T15:05:08.684+0000] {logging_mixin.py:190} INFO - [2025-01-29T15:05:08.684+0000] {dag.py:3239} INFO - Sync 3 DAGs
[2025-01-29T15:05:08.706+0000] {logging_mixin.py:190} INFO - [2025-01-29T15:05:08.706+0000] {dag.py:4180} INFO - Setting next_dagrun for dataset_with_extra_by_context to 2025-01-28T00:00:00+00:00, run_after=2025-01-29T00:00:00+00:00
[2025-01-29T15:05:08.711+0000] {logging_mixin.py:190} INFO - [2025-01-29T15:05:08.711+0000] {dag.py:4180} INFO - Setting next_dagrun for dataset_with_extra_by_yield to 2025-01-28T00:00:00+00:00, run_after=2025-01-29T00:00:00+00:00
[2025-01-29T15:05:08.713+0000] {logging_mixin.py:190} INFO - [2025-01-29T15:05:08.713+0000] {dag.py:4180} INFO - Setting next_dagrun for dataset_with_extra_from_classic_operator to 2025-01-28T00:00:00+00:00, run_after=2025-01-29T00:00:00+00:00
[2025-01-29T15:05:08.730+0000] {processor.py:208} INFO - Processing /home/airflow/.local/lib/python3.10/site-packages/airflow/example_dags/example_outlet_event_extra.py took 0.089 seconds
[2025-01-29T15:05:39.614+0000] {processor.py:186} INFO - Started process (PID=1510) to work on /home/airflow/.local/lib/python3.10/site-packages/airflow/example_dags/example_outlet_event_extra.py
[2025-01-29T15:05:39.614+0000] {processor.py:914} INFO - Processing file /home/airflow/.local/lib/python3.10/site-packages/airflow/example_dags/example_outlet_event_extra.py for tasks to queue
[2025-01-29T15:05:39.617+0000] {logging_mixin.py:190} INFO - [2025-01-29T15:05:39.616+0000] {dagbag.py:588} INFO - Filling up the DagBag from /home/airflow/.local/lib/python3.10/site-packages/airflow/example_dags/example_outlet_event_extra.py
[2025-01-29T15:05:39.629+0000] {processor.py:925} INFO - DAG(s) 'dataset_with_extra_from_classic_operator', 'dataset_with_extra_by_context', 'dataset_with_extra_by_yield' retrieved from /home/airflow/.local/lib/python3.10/site-packages/airflow/example_dags/example_outlet_event_extra.py
[2025-01-29T15:05:39.651+0000] {logging_mixin.py:190} INFO - [2025-01-29T15:05:39.651+0000] {dag.py:3239} INFO - Sync 3 DAGs
[2025-01-29T15:05:39.673+0000] {logging_mixin.py:190} INFO - [2025-01-29T15:05:39.673+0000] {dag.py:4180} INFO - Setting next_dagrun for dataset_with_extra_by_context to 2025-01-28T00:00:00+00:00, run_after=2025-01-29T00:00:00+00:00
[2025-01-29T15:05:39.677+0000] {logging_mixin.py:190} INFO - [2025-01-29T15:05:39.677+0000] {dag.py:4180} INFO - Setting next_dagrun for dataset_with_extra_by_yield to 2025-01-28T00:00:00+00:00, run_after=2025-01-29T00:00:00+00:00
[2025-01-29T15:05:39.680+0000] {logging_mixin.py:190} INFO - [2025-01-29T15:05:39.680+0000] {dag.py:4180} INFO - Setting next_dagrun for dataset_with_extra_from_classic_operator to 2025-01-28T00:00:00+00:00, run_after=2025-01-29T00:00:00+00:00
[2025-01-29T15:05:39.698+0000] {processor.py:208} INFO - Processing /home/airflow/.local/lib/python3.10/site-packages/airflow/example_dags/example_outlet_event_extra.py took 0.089 seconds
[2025-01-29T15:06:10.035+0000] {processor.py:186} INFO - Started process (PID=1576) to work on /home/airflow/.local/lib/python3.10/site-packages/airflow/example_dags/example_outlet_event_extra.py
[2025-01-29T15:06:10.035+0000] {processor.py:914} INFO - Processing file /home/airflow/.local/lib/python3.10/site-packages/airflow/example_dags/example_outlet_event_extra.py for tasks to queue
[2025-01-29T15:06:10.038+0000] {logging_mixin.py:190} INFO - [2025-01-29T15:06:10.037+0000] {dagbag.py:588} INFO - Filling up the DagBag from /home/airflow/.local/lib/python3.10/site-packages/airflow/example_dags/example_outlet_event_extra.py
[2025-01-29T15:06:10.050+0000] {processor.py:925} INFO - DAG(s) 'dataset_with_extra_from_classic_operator', 'dataset_with_extra_by_context', 'dataset_with_extra_by_yield' retrieved from /home/airflow/.local/lib/python3.10/site-packages/airflow/example_dags/example_outlet_event_extra.py
[2025-01-29T15:06:10.073+0000] {logging_mixin.py:190} INFO - [2025-01-29T15:06:10.072+0000] {dag.py:3239} INFO - Sync 3 DAGs
[2025-01-29T15:06:10.095+0000] {logging_mixin.py:190} INFO - [2025-01-29T15:06:10.094+0000] {dag.py:4180} INFO - Setting next_dagrun for dataset_with_extra_by_context to 2025-01-28T00:00:00+00:00, run_after=2025-01-29T00:00:00+00:00
[2025-01-29T15:06:10.099+0000] {logging_mixin.py:190} INFO - [2025-01-29T15:06:10.099+0000] {dag.py:4180} INFO - Setting next_dagrun for dataset_with_extra_by_yield to 2025-01-28T00:00:00+00:00, run_after=2025-01-29T00:00:00+00:00
[2025-01-29T15:06:10.101+0000] {logging_mixin.py:190} INFO - [2025-01-29T15:06:10.101+0000] {dag.py:4180} INFO - Setting next_dagrun for dataset_with_extra_from_classic_operator to 2025-01-28T00:00:00+00:00, run_after=2025-01-29T00:00:00+00:00
[2025-01-29T15:06:10.118+0000] {processor.py:208} INFO - Processing /home/airflow/.local/lib/python3.10/site-packages/airflow/example_dags/example_outlet_event_extra.py took 0.089 seconds
[2025-01-29T15:06:40.252+0000] {processor.py:186} INFO - Started process (PID=1642) to work on /home/airflow/.local/lib/python3.10/site-packages/airflow/example_dags/example_outlet_event_extra.py
[2025-01-29T15:06:40.253+0000] {processor.py:914} INFO - Processing file /home/airflow/.local/lib/python3.10/site-packages/airflow/example_dags/example_outlet_event_extra.py for tasks to queue
[2025-01-29T15:06:40.255+0000] {logging_mixin.py:190} INFO - [2025-01-29T15:06:40.255+0000] {dagbag.py:588} INFO - Filling up the DagBag from /home/airflow/.local/lib/python3.10/site-packages/airflow/example_dags/example_outlet_event_extra.py
[2025-01-29T15:06:40.267+0000] {processor.py:925} INFO - DAG(s) 'dataset_with_extra_by_context', 'dataset_with_extra_from_classic_operator', 'dataset_with_extra_by_yield' retrieved from /home/airflow/.local/lib/python3.10/site-packages/airflow/example_dags/example_outlet_event_extra.py
[2025-01-29T15:06:40.289+0000] {logging_mixin.py:190} INFO - [2025-01-29T15:06:40.288+0000] {dag.py:3239} INFO - Sync 3 DAGs
[2025-01-29T15:06:40.310+0000] {logging_mixin.py:190} INFO - [2025-01-29T15:06:40.310+0000] {dag.py:4180} INFO - Setting next_dagrun for dataset_with_extra_by_context to 2025-01-28T00:00:00+00:00, run_after=2025-01-29T00:00:00+00:00
[2025-01-29T15:06:40.314+0000] {logging_mixin.py:190} INFO - [2025-01-29T15:06:40.314+0000] {dag.py:4180} INFO - Setting next_dagrun for dataset_with_extra_by_yield to 2025-01-28T00:00:00+00:00, run_after=2025-01-29T00:00:00+00:00
[2025-01-29T15:06:40.317+0000] {logging_mixin.py:190} INFO - [2025-01-29T15:06:40.317+0000] {dag.py:4180} INFO - Setting next_dagrun for dataset_with_extra_from_classic_operator to 2025-01-28T00:00:00+00:00, run_after=2025-01-29T00:00:00+00:00
[2025-01-29T15:06:40.334+0000] {processor.py:208} INFO - Processing /home/airflow/.local/lib/python3.10/site-packages/airflow/example_dags/example_outlet_event_extra.py took 0.087 seconds
[2025-01-29T15:07:10.764+0000] {processor.py:186} INFO - Started process (PID=1708) to work on /home/airflow/.local/lib/python3.10/site-packages/airflow/example_dags/example_outlet_event_extra.py
[2025-01-29T15:07:10.765+0000] {processor.py:914} INFO - Processing file /home/airflow/.local/lib/python3.10/site-packages/airflow/example_dags/example_outlet_event_extra.py for tasks to queue
[2025-01-29T15:07:10.768+0000] {logging_mixin.py:190} INFO - [2025-01-29T15:07:10.768+0000] {dagbag.py:588} INFO - Filling up the DagBag from /home/airflow/.local/lib/python3.10/site-packages/airflow/example_dags/example_outlet_event_extra.py
[2025-01-29T15:07:10.780+0000] {processor.py:925} INFO - DAG(s) 'dataset_with_extra_by_yield', 'dataset_with_extra_from_classic_operator', 'dataset_with_extra_by_context' retrieved from /home/airflow/.local/lib/python3.10/site-packages/airflow/example_dags/example_outlet_event_extra.py
[2025-01-29T15:07:10.801+0000] {logging_mixin.py:190} INFO - [2025-01-29T15:07:10.801+0000] {dag.py:3239} INFO - Sync 3 DAGs
[2025-01-29T15:07:10.831+0000] {logging_mixin.py:190} INFO - [2025-01-29T15:07:10.831+0000] {dag.py:4180} INFO - Setting next_dagrun for dataset_with_extra_by_context to 2025-01-28T00:00:00+00:00, run_after=2025-01-29T00:00:00+00:00
[2025-01-29T15:07:10.838+0000] {logging_mixin.py:190} INFO - [2025-01-29T15:07:10.838+0000] {dag.py:4180} INFO - Setting next_dagrun for dataset_with_extra_by_yield to 2025-01-28T00:00:00+00:00, run_after=2025-01-29T00:00:00+00:00
[2025-01-29T15:07:10.842+0000] {logging_mixin.py:190} INFO - [2025-01-29T15:07:10.842+0000] {dag.py:4180} INFO - Setting next_dagrun for dataset_with_extra_from_classic_operator to 2025-01-28T00:00:00+00:00, run_after=2025-01-29T00:00:00+00:00
[2025-01-29T15:07:10.861+0000] {processor.py:208} INFO - Processing /home/airflow/.local/lib/python3.10/site-packages/airflow/example_dags/example_outlet_event_extra.py took 0.102 seconds
[2025-01-29T15:07:41.604+0000] {processor.py:186} INFO - Started process (PID=1774) to work on /home/airflow/.local/lib/python3.10/site-packages/airflow/example_dags/example_outlet_event_extra.py
[2025-01-29T15:07:41.605+0000] {processor.py:914} INFO - Processing file /home/airflow/.local/lib/python3.10/site-packages/airflow/example_dags/example_outlet_event_extra.py for tasks to queue
[2025-01-29T15:07:41.607+0000] {logging_mixin.py:190} INFO - [2025-01-29T15:07:41.606+0000] {dagbag.py:588} INFO - Filling up the DagBag from /home/airflow/.local/lib/python3.10/site-packages/airflow/example_dags/example_outlet_event_extra.py
[2025-01-29T15:07:41.619+0000] {processor.py:925} INFO - DAG(s) 'dataset_with_extra_from_classic_operator', 'dataset_with_extra_by_context', 'dataset_with_extra_by_yield' retrieved from /home/airflow/.local/lib/python3.10/site-packages/airflow/example_dags/example_outlet_event_extra.py
[2025-01-29T15:07:41.642+0000] {logging_mixin.py:190} INFO - [2025-01-29T15:07:41.642+0000] {dag.py:3239} INFO - Sync 3 DAGs
[2025-01-29T15:07:41.664+0000] {logging_mixin.py:190} INFO - [2025-01-29T15:07:41.664+0000] {dag.py:4180} INFO - Setting next_dagrun for dataset_with_extra_by_context to 2025-01-28T00:00:00+00:00, run_after=2025-01-29T00:00:00+00:00
[2025-01-29T15:07:41.671+0000] {logging_mixin.py:190} INFO - [2025-01-29T15:07:41.670+0000] {dag.py:4180} INFO - Setting next_dagrun for dataset_with_extra_by_yield to 2025-01-28T00:00:00+00:00, run_after=2025-01-29T00:00:00+00:00
[2025-01-29T15:07:41.673+0000] {logging_mixin.py:190} INFO - [2025-01-29T15:07:41.673+0000] {dag.py:4180} INFO - Setting next_dagrun for dataset_with_extra_from_classic_operator to 2025-01-28T00:00:00+00:00, run_after=2025-01-29T00:00:00+00:00
[2025-01-29T15:07:41.691+0000] {processor.py:208} INFO - Processing /home/airflow/.local/lib/python3.10/site-packages/airflow/example_dags/example_outlet_event_extra.py took 0.093 seconds
[2025-01-29T15:08:12.203+0000] {processor.py:186} INFO - Started process (PID=1840) to work on /home/airflow/.local/lib/python3.10/site-packages/airflow/example_dags/example_outlet_event_extra.py
[2025-01-29T15:08:12.204+0000] {processor.py:914} INFO - Processing file /home/airflow/.local/lib/python3.10/site-packages/airflow/example_dags/example_outlet_event_extra.py for tasks to queue
[2025-01-29T15:08:12.206+0000] {logging_mixin.py:190} INFO - [2025-01-29T15:08:12.206+0000] {dagbag.py:588} INFO - Filling up the DagBag from /home/airflow/.local/lib/python3.10/site-packages/airflow/example_dags/example_outlet_event_extra.py
[2025-01-29T15:08:12.218+0000] {processor.py:925} INFO - DAG(s) 'dataset_with_extra_by_yield', 'dataset_with_extra_by_context', 'dataset_with_extra_from_classic_operator' retrieved from /home/airflow/.local/lib/python3.10/site-packages/airflow/example_dags/example_outlet_event_extra.py
[2025-01-29T15:08:12.241+0000] {logging_mixin.py:190} INFO - [2025-01-29T15:08:12.240+0000] {dag.py:3239} INFO - Sync 3 DAGs
[2025-01-29T15:08:12.262+0000] {logging_mixin.py:190} INFO - [2025-01-29T15:08:12.262+0000] {dag.py:4180} INFO - Setting next_dagrun for dataset_with_extra_by_context to 2025-01-28T00:00:00+00:00, run_after=2025-01-29T00:00:00+00:00
[2025-01-29T15:08:12.266+0000] {logging_mixin.py:190} INFO - [2025-01-29T15:08:12.266+0000] {dag.py:4180} INFO - Setting next_dagrun for dataset_with_extra_by_yield to 2025-01-28T00:00:00+00:00, run_after=2025-01-29T00:00:00+00:00
[2025-01-29T15:08:12.269+0000] {logging_mixin.py:190} INFO - [2025-01-29T15:08:12.269+0000] {dag.py:4180} INFO - Setting next_dagrun for dataset_with_extra_from_classic_operator to 2025-01-28T00:00:00+00:00, run_after=2025-01-29T00:00:00+00:00
[2025-01-29T15:08:12.287+0000] {processor.py:208} INFO - Processing /home/airflow/.local/lib/python3.10/site-packages/airflow/example_dags/example_outlet_event_extra.py took 0.089 seconds
[2025-01-29T15:08:43.612+0000] {processor.py:186} INFO - Started process (PID=1906) to work on /home/airflow/.local/lib/python3.10/site-packages/airflow/example_dags/example_outlet_event_extra.py
[2025-01-29T15:08:43.613+0000] {processor.py:914} INFO - Processing file /home/airflow/.local/lib/python3.10/site-packages/airflow/example_dags/example_outlet_event_extra.py for tasks to queue
[2025-01-29T15:08:43.615+0000] {logging_mixin.py:190} INFO - [2025-01-29T15:08:43.615+0000] {dagbag.py:588} INFO - Filling up the DagBag from /home/airflow/.local/lib/python3.10/site-packages/airflow/example_dags/example_outlet_event_extra.py
[2025-01-29T15:08:43.627+0000] {processor.py:925} INFO - DAG(s) 'dataset_with_extra_by_yield', 'dataset_with_extra_by_context', 'dataset_with_extra_from_classic_operator' retrieved from /home/airflow/.local/lib/python3.10/site-packages/airflow/example_dags/example_outlet_event_extra.py
[2025-01-29T15:08:43.649+0000] {logging_mixin.py:190} INFO - [2025-01-29T15:08:43.649+0000] {dag.py:3239} INFO - Sync 3 DAGs
[2025-01-29T15:08:43.670+0000] {logging_mixin.py:190} INFO - [2025-01-29T15:08:43.670+0000] {dag.py:4180} INFO - Setting next_dagrun for dataset_with_extra_by_context to 2025-01-28T00:00:00+00:00, run_after=2025-01-29T00:00:00+00:00
[2025-01-29T15:08:43.674+0000] {logging_mixin.py:190} INFO - [2025-01-29T15:08:43.674+0000] {dag.py:4180} INFO - Setting next_dagrun for dataset_with_extra_by_yield to 2025-01-28T00:00:00+00:00, run_after=2025-01-29T00:00:00+00:00
[2025-01-29T15:08:43.677+0000] {logging_mixin.py:190} INFO - [2025-01-29T15:08:43.677+0000] {dag.py:4180} INFO - Setting next_dagrun for dataset_with_extra_from_classic_operator to 2025-01-28T00:00:00+00:00, run_after=2025-01-29T00:00:00+00:00
[2025-01-29T15:08:43.694+0000] {processor.py:208} INFO - Processing /home/airflow/.local/lib/python3.10/site-packages/airflow/example_dags/example_outlet_event_extra.py took 0.087 seconds
[2025-01-29T15:09:15.600+0000] {processor.py:186} INFO - Started process (PID=1972) to work on /home/airflow/.local/lib/python3.10/site-packages/airflow/example_dags/example_outlet_event_extra.py
[2025-01-29T15:09:15.601+0000] {processor.py:914} INFO - Processing file /home/airflow/.local/lib/python3.10/site-packages/airflow/example_dags/example_outlet_event_extra.py for tasks to queue
[2025-01-29T15:09:15.603+0000] {logging_mixin.py:190} INFO - [2025-01-29T15:09:15.603+0000] {dagbag.py:588} INFO - Filling up the DagBag from /home/airflow/.local/lib/python3.10/site-packages/airflow/example_dags/example_outlet_event_extra.py
[2025-01-29T15:09:15.616+0000] {processor.py:925} INFO - DAG(s) 'dataset_with_extra_by_context', 'dataset_with_extra_by_yield', 'dataset_with_extra_from_classic_operator' retrieved from /home/airflow/.local/lib/python3.10/site-packages/airflow/example_dags/example_outlet_event_extra.py
[2025-01-29T15:09:15.640+0000] {logging_mixin.py:190} INFO - [2025-01-29T15:09:15.639+0000] {dag.py:3239} INFO - Sync 3 DAGs
[2025-01-29T15:09:15.665+0000] {logging_mixin.py:190} INFO - [2025-01-29T15:09:15.665+0000] {dag.py:4180} INFO - Setting next_dagrun for dataset_with_extra_by_context to 2025-01-28T00:00:00+00:00, run_after=2025-01-29T00:00:00+00:00
[2025-01-29T15:09:15.669+0000] {logging_mixin.py:190} INFO - [2025-01-29T15:09:15.669+0000] {dag.py:4180} INFO - Setting next_dagrun for dataset_with_extra_by_yield to 2025-01-28T00:00:00+00:00, run_after=2025-01-29T00:00:00+00:00
[2025-01-29T15:09:15.671+0000] {logging_mixin.py:190} INFO - [2025-01-29T15:09:15.671+0000] {dag.py:4180} INFO - Setting next_dagrun for dataset_with_extra_from_classic_operator to 2025-01-28T00:00:00+00:00, run_after=2025-01-29T00:00:00+00:00
[2025-01-29T15:09:15.689+0000] {processor.py:208} INFO - Processing /home/airflow/.local/lib/python3.10/site-packages/airflow/example_dags/example_outlet_event_extra.py took 0.094 seconds
[2025-01-29T15:09:46.150+0000] {processor.py:186} INFO - Started process (PID=2038) to work on /home/airflow/.local/lib/python3.10/site-packages/airflow/example_dags/example_outlet_event_extra.py
[2025-01-29T15:09:46.151+0000] {processor.py:914} INFO - Processing file /home/airflow/.local/lib/python3.10/site-packages/airflow/example_dags/example_outlet_event_extra.py for tasks to queue
[2025-01-29T15:09:46.153+0000] {logging_mixin.py:190} INFO - [2025-01-29T15:09:46.153+0000] {dagbag.py:588} INFO - Filling up the DagBag from /home/airflow/.local/lib/python3.10/site-packages/airflow/example_dags/example_outlet_event_extra.py
[2025-01-29T15:09:46.165+0000] {processor.py:925} INFO - DAG(s) 'dataset_with_extra_by_yield', 'dataset_with_extra_from_classic_operator', 'dataset_with_extra_by_context' retrieved from /home/airflow/.local/lib/python3.10/site-packages/airflow/example_dags/example_outlet_event_extra.py
[2025-01-29T15:09:46.187+0000] {logging_mixin.py:190} INFO - [2025-01-29T15:09:46.186+0000] {dag.py:3239} INFO - Sync 3 DAGs
[2025-01-29T15:09:46.367+0000] {logging_mixin.py:190} INFO - [2025-01-29T15:09:46.367+0000] {dag.py:4180} INFO - Setting next_dagrun for dataset_with_extra_by_context to 2025-01-28T00:00:00+00:00, run_after=2025-01-29T00:00:00+00:00
[2025-01-29T15:09:46.371+0000] {logging_mixin.py:190} INFO - [2025-01-29T15:09:46.371+0000] {dag.py:4180} INFO - Setting next_dagrun for dataset_with_extra_by_yield to 2025-01-28T00:00:00+00:00, run_after=2025-01-29T00:00:00+00:00
[2025-01-29T15:09:46.373+0000] {logging_mixin.py:190} INFO - [2025-01-29T15:09:46.373+0000] {dag.py:4180} INFO - Setting next_dagrun for dataset_with_extra_from_classic_operator to 2025-01-28T00:00:00+00:00, run_after=2025-01-29T00:00:00+00:00
[2025-01-29T15:09:46.389+0000] {processor.py:208} INFO - Processing /home/airflow/.local/lib/python3.10/site-packages/airflow/example_dags/example_outlet_event_extra.py took 0.244 seconds
[2025-01-29T15:10:17.697+0000] {processor.py:186} INFO - Started process (PID=2104) to work on /home/airflow/.local/lib/python3.10/site-packages/airflow/example_dags/example_outlet_event_extra.py
[2025-01-29T15:10:17.698+0000] {processor.py:914} INFO - Processing file /home/airflow/.local/lib/python3.10/site-packages/airflow/example_dags/example_outlet_event_extra.py for tasks to queue
[2025-01-29T15:10:17.700+0000] {logging_mixin.py:190} INFO - [2025-01-29T15:10:17.700+0000] {dagbag.py:588} INFO - Filling up the DagBag from /home/airflow/.local/lib/python3.10/site-packages/airflow/example_dags/example_outlet_event_extra.py
[2025-01-29T15:10:17.712+0000] {processor.py:925} INFO - DAG(s) 'dataset_with_extra_by_yield', 'dataset_with_extra_from_classic_operator', 'dataset_with_extra_by_context' retrieved from /home/airflow/.local/lib/python3.10/site-packages/airflow/example_dags/example_outlet_event_extra.py
[2025-01-29T15:10:17.734+0000] {logging_mixin.py:190} INFO - [2025-01-29T15:10:17.734+0000] {dag.py:3239} INFO - Sync 3 DAGs
[2025-01-29T15:10:17.912+0000] {logging_mixin.py:190} INFO - [2025-01-29T15:10:17.911+0000] {dag.py:4180} INFO - Setting next_dagrun for dataset_with_extra_by_context to 2025-01-28T00:00:00+00:00, run_after=2025-01-29T00:00:00+00:00
[2025-01-29T15:10:17.916+0000] {logging_mixin.py:190} INFO - [2025-01-29T15:10:17.916+0000] {dag.py:4180} INFO - Setting next_dagrun for dataset_with_extra_by_yield to 2025-01-28T00:00:00+00:00, run_after=2025-01-29T00:00:00+00:00
[2025-01-29T15:10:17.919+0000] {logging_mixin.py:190} INFO - [2025-01-29T15:10:17.919+0000] {dag.py:4180} INFO - Setting next_dagrun for dataset_with_extra_from_classic_operator to 2025-01-28T00:00:00+00:00, run_after=2025-01-29T00:00:00+00:00
[2025-01-29T15:10:17.935+0000] {processor.py:208} INFO - Processing /home/airflow/.local/lib/python3.10/site-packages/airflow/example_dags/example_outlet_event_extra.py took 0.243 seconds
[2025-01-29T15:10:48.262+0000] {processor.py:186} INFO - Started process (PID=2170) to work on /home/airflow/.local/lib/python3.10/site-packages/airflow/example_dags/example_outlet_event_extra.py
[2025-01-29T15:10:48.262+0000] {processor.py:914} INFO - Processing file /home/airflow/.local/lib/python3.10/site-packages/airflow/example_dags/example_outlet_event_extra.py for tasks to queue
[2025-01-29T15:10:48.265+0000] {logging_mixin.py:190} INFO - [2025-01-29T15:10:48.265+0000] {dagbag.py:588} INFO - Filling up the DagBag from /home/airflow/.local/lib/python3.10/site-packages/airflow/example_dags/example_outlet_event_extra.py
[2025-01-29T15:10:48.277+0000] {processor.py:925} INFO - DAG(s) 'dataset_with_extra_from_classic_operator', 'dataset_with_extra_by_context', 'dataset_with_extra_by_yield' retrieved from /home/airflow/.local/lib/python3.10/site-packages/airflow/example_dags/example_outlet_event_extra.py
[2025-01-29T15:10:48.299+0000] {logging_mixin.py:190} INFO - [2025-01-29T15:10:48.299+0000] {dag.py:3239} INFO - Sync 3 DAGs
[2025-01-29T15:10:48.493+0000] {logging_mixin.py:190} INFO - [2025-01-29T15:10:48.493+0000] {dag.py:4180} INFO - Setting next_dagrun for dataset_with_extra_by_context to 2025-01-28T00:00:00+00:00, run_after=2025-01-29T00:00:00+00:00
[2025-01-29T15:10:48.498+0000] {logging_mixin.py:190} INFO - [2025-01-29T15:10:48.497+0000] {dag.py:4180} INFO - Setting next_dagrun for dataset_with_extra_by_yield to 2025-01-28T00:00:00+00:00, run_after=2025-01-29T00:00:00+00:00
[2025-01-29T15:10:48.500+0000] {logging_mixin.py:190} INFO - [2025-01-29T15:10:48.500+0000] {dag.py:4180} INFO - Setting next_dagrun for dataset_with_extra_from_classic_operator to 2025-01-28T00:00:00+00:00, run_after=2025-01-29T00:00:00+00:00
[2025-01-29T15:10:48.517+0000] {processor.py:208} INFO - Processing /home/airflow/.local/lib/python3.10/site-packages/airflow/example_dags/example_outlet_event_extra.py took 0.261 seconds
[2025-01-29T15:11:19.073+0000] {processor.py:186} INFO - Started process (PID=2236) to work on /home/airflow/.local/lib/python3.10/site-packages/airflow/example_dags/example_outlet_event_extra.py
[2025-01-29T15:11:19.074+0000] {processor.py:914} INFO - Processing file /home/airflow/.local/lib/python3.10/site-packages/airflow/example_dags/example_outlet_event_extra.py for tasks to queue
[2025-01-29T15:11:19.077+0000] {logging_mixin.py:190} INFO - [2025-01-29T15:11:19.077+0000] {dagbag.py:588} INFO - Filling up the DagBag from /home/airflow/.local/lib/python3.10/site-packages/airflow/example_dags/example_outlet_event_extra.py
[2025-01-29T15:11:19.089+0000] {processor.py:925} INFO - DAG(s) 'dataset_with_extra_by_yield', 'dataset_with_extra_from_classic_operator', 'dataset_with_extra_by_context' retrieved from /home/airflow/.local/lib/python3.10/site-packages/airflow/example_dags/example_outlet_event_extra.py
[2025-01-29T15:11:19.111+0000] {logging_mixin.py:190} INFO - [2025-01-29T15:11:19.111+0000] {dag.py:3239} INFO - Sync 3 DAGs
[2025-01-29T15:11:19.134+0000] {logging_mixin.py:190} INFO - [2025-01-29T15:11:19.134+0000] {dag.py:4180} INFO - Setting next_dagrun for dataset_with_extra_by_context to 2025-01-28T00:00:00+00:00, run_after=2025-01-29T00:00:00+00:00
[2025-01-29T15:11:19.138+0000] {logging_mixin.py:190} INFO - [2025-01-29T15:11:19.138+0000] {dag.py:4180} INFO - Setting next_dagrun for dataset_with_extra_by_yield to 2025-01-28T00:00:00+00:00, run_after=2025-01-29T00:00:00+00:00
[2025-01-29T15:11:19.141+0000] {logging_mixin.py:190} INFO - [2025-01-29T15:11:19.140+0000] {dag.py:4180} INFO - Setting next_dagrun for dataset_with_extra_from_classic_operator to 2025-01-28T00:00:00+00:00, run_after=2025-01-29T00:00:00+00:00
[2025-01-29T15:11:19.159+0000] {processor.py:208} INFO - Processing /home/airflow/.local/lib/python3.10/site-packages/airflow/example_dags/example_outlet_event_extra.py took 0.092 seconds
[2025-01-29T15:11:49.564+0000] {processor.py:186} INFO - Started process (PID=2302) to work on /home/airflow/.local/lib/python3.10/site-packages/airflow/example_dags/example_outlet_event_extra.py
[2025-01-29T15:11:49.565+0000] {processor.py:914} INFO - Processing file /home/airflow/.local/lib/python3.10/site-packages/airflow/example_dags/example_outlet_event_extra.py for tasks to queue
[2025-01-29T15:11:49.567+0000] {logging_mixin.py:190} INFO - [2025-01-29T15:11:49.567+0000] {dagbag.py:588} INFO - Filling up the DagBag from /home/airflow/.local/lib/python3.10/site-packages/airflow/example_dags/example_outlet_event_extra.py
[2025-01-29T15:11:49.580+0000] {processor.py:925} INFO - DAG(s) 'dataset_with_extra_from_classic_operator', 'dataset_with_extra_by_context', 'dataset_with_extra_by_yield' retrieved from /home/airflow/.local/lib/python3.10/site-packages/airflow/example_dags/example_outlet_event_extra.py
[2025-01-29T15:11:49.603+0000] {logging_mixin.py:190} INFO - [2025-01-29T15:11:49.603+0000] {dag.py:3239} INFO - Sync 3 DAGs
[2025-01-29T15:11:49.625+0000] {logging_mixin.py:190} INFO - [2025-01-29T15:11:49.625+0000] {dag.py:4180} INFO - Setting next_dagrun for dataset_with_extra_by_context to 2025-01-28T00:00:00+00:00, run_after=2025-01-29T00:00:00+00:00
[2025-01-29T15:11:49.630+0000] {logging_mixin.py:190} INFO - [2025-01-29T15:11:49.630+0000] {dag.py:4180} INFO - Setting next_dagrun for dataset_with_extra_by_yield to 2025-01-28T00:00:00+00:00, run_after=2025-01-29T00:00:00+00:00
[2025-01-29T15:11:49.632+0000] {logging_mixin.py:190} INFO - [2025-01-29T15:11:49.632+0000] {dag.py:4180} INFO - Setting next_dagrun for dataset_with_extra_from_classic_operator to 2025-01-28T00:00:00+00:00, run_after=2025-01-29T00:00:00+00:00
[2025-01-29T15:11:49.650+0000] {processor.py:208} INFO - Processing /home/airflow/.local/lib/python3.10/site-packages/airflow/example_dags/example_outlet_event_extra.py took 0.090 seconds
[2025-01-29T15:12:19.733+0000] {processor.py:186} INFO - Started process (PID=2368) to work on /home/airflow/.local/lib/python3.10/site-packages/airflow/example_dags/example_outlet_event_extra.py
[2025-01-29T15:12:19.733+0000] {processor.py:914} INFO - Processing file /home/airflow/.local/lib/python3.10/site-packages/airflow/example_dags/example_outlet_event_extra.py for tasks to queue
[2025-01-29T15:12:19.736+0000] {logging_mixin.py:190} INFO - [2025-01-29T15:12:19.736+0000] {dagbag.py:588} INFO - Filling up the DagBag from /home/airflow/.local/lib/python3.10/site-packages/airflow/example_dags/example_outlet_event_extra.py
[2025-01-29T15:12:19.747+0000] {processor.py:925} INFO - DAG(s) 'dataset_with_extra_by_context', 'dataset_with_extra_from_classic_operator', 'dataset_with_extra_by_yield' retrieved from /home/airflow/.local/lib/python3.10/site-packages/airflow/example_dags/example_outlet_event_extra.py
[2025-01-29T15:12:19.769+0000] {logging_mixin.py:190} INFO - [2025-01-29T15:12:19.769+0000] {dag.py:3239} INFO - Sync 3 DAGs
[2025-01-29T15:12:19.790+0000] {logging_mixin.py:190} INFO - [2025-01-29T15:12:19.790+0000] {dag.py:4180} INFO - Setting next_dagrun for dataset_with_extra_by_context to 2025-01-28T00:00:00+00:00, run_after=2025-01-29T00:00:00+00:00
[2025-01-29T15:12:19.795+0000] {logging_mixin.py:190} INFO - [2025-01-29T15:12:19.795+0000] {dag.py:4180} INFO - Setting next_dagrun for dataset_with_extra_by_yield to 2025-01-28T00:00:00+00:00, run_after=2025-01-29T00:00:00+00:00
[2025-01-29T15:12:19.798+0000] {logging_mixin.py:190} INFO - [2025-01-29T15:12:19.798+0000] {dag.py:4180} INFO - Setting next_dagrun for dataset_with_extra_from_classic_operator to 2025-01-28T00:00:00+00:00, run_after=2025-01-29T00:00:00+00:00
[2025-01-29T15:12:19.814+0000] {processor.py:208} INFO - Processing /home/airflow/.local/lib/python3.10/site-packages/airflow/example_dags/example_outlet_event_extra.py took 0.087 seconds
[2025-01-29T15:12:49.898+0000] {processor.py:186} INFO - Started process (PID=2434) to work on /home/airflow/.local/lib/python3.10/site-packages/airflow/example_dags/example_outlet_event_extra.py
[2025-01-29T15:12:49.899+0000] {processor.py:914} INFO - Processing file /home/airflow/.local/lib/python3.10/site-packages/airflow/example_dags/example_outlet_event_extra.py for tasks to queue
[2025-01-29T15:12:49.902+0000] {logging_mixin.py:190} INFO - [2025-01-29T15:12:49.902+0000] {dagbag.py:588} INFO - Filling up the DagBag from /home/airflow/.local/lib/python3.10/site-packages/airflow/example_dags/example_outlet_event_extra.py
[2025-01-29T15:12:49.914+0000] {processor.py:925} INFO - DAG(s) 'dataset_with_extra_by_context', 'dataset_with_extra_from_classic_operator', 'dataset_with_extra_by_yield' retrieved from /home/airflow/.local/lib/python3.10/site-packages/airflow/example_dags/example_outlet_event_extra.py
[2025-01-29T15:12:49.935+0000] {logging_mixin.py:190} INFO - [2025-01-29T15:12:49.935+0000] {dag.py:3239} INFO - Sync 3 DAGs
[2025-01-29T15:12:49.956+0000] {logging_mixin.py:190} INFO - [2025-01-29T15:12:49.956+0000] {dag.py:4180} INFO - Setting next_dagrun for dataset_with_extra_by_context to 2025-01-28T00:00:00+00:00, run_after=2025-01-29T00:00:00+00:00
[2025-01-29T15:12:49.961+0000] {logging_mixin.py:190} INFO - [2025-01-29T15:12:49.961+0000] {dag.py:4180} INFO - Setting next_dagrun for dataset_with_extra_by_yield to 2025-01-28T00:00:00+00:00, run_after=2025-01-29T00:00:00+00:00
[2025-01-29T15:12:49.964+0000] {logging_mixin.py:190} INFO - [2025-01-29T15:12:49.964+0000] {dag.py:4180} INFO - Setting next_dagrun for dataset_with_extra_from_classic_operator to 2025-01-28T00:00:00+00:00, run_after=2025-01-29T00:00:00+00:00
[2025-01-29T15:12:49.982+0000] {processor.py:208} INFO - Processing /home/airflow/.local/lib/python3.10/site-packages/airflow/example_dags/example_outlet_event_extra.py took 0.088 seconds
[2025-01-29T15:13:20.153+0000] {processor.py:186} INFO - Started process (PID=2500) to work on /home/airflow/.local/lib/python3.10/site-packages/airflow/example_dags/example_outlet_event_extra.py
[2025-01-29T15:13:20.154+0000] {processor.py:914} INFO - Processing file /home/airflow/.local/lib/python3.10/site-packages/airflow/example_dags/example_outlet_event_extra.py for tasks to queue
[2025-01-29T15:13:20.157+0000] {logging_mixin.py:190} INFO - [2025-01-29T15:13:20.157+0000] {dagbag.py:588} INFO - Filling up the DagBag from /home/airflow/.local/lib/python3.10/site-packages/airflow/example_dags/example_outlet_event_extra.py
[2025-01-29T15:13:20.168+0000] {processor.py:925} INFO - DAG(s) 'dataset_with_extra_from_classic_operator', 'dataset_with_extra_by_context', 'dataset_with_extra_by_yield' retrieved from /home/airflow/.local/lib/python3.10/site-packages/airflow/example_dags/example_outlet_event_extra.py
[2025-01-29T15:13:20.190+0000] {logging_mixin.py:190} INFO - [2025-01-29T15:13:20.190+0000] {dag.py:3239} INFO - Sync 3 DAGs
[2025-01-29T15:13:20.211+0000] {logging_mixin.py:190} INFO - [2025-01-29T15:13:20.211+0000] {dag.py:4180} INFO - Setting next_dagrun for dataset_with_extra_by_context to 2025-01-28T00:00:00+00:00, run_after=2025-01-29T00:00:00+00:00
[2025-01-29T15:13:20.215+0000] {logging_mixin.py:190} INFO - [2025-01-29T15:13:20.215+0000] {dag.py:4180} INFO - Setting next_dagrun for dataset_with_extra_by_yield to 2025-01-28T00:00:00+00:00, run_after=2025-01-29T00:00:00+00:00
[2025-01-29T15:13:20.218+0000] {logging_mixin.py:190} INFO - [2025-01-29T15:13:20.218+0000] {dag.py:4180} INFO - Setting next_dagrun for dataset_with_extra_from_classic_operator to 2025-01-28T00:00:00+00:00, run_after=2025-01-29T00:00:00+00:00
[2025-01-29T15:13:20.236+0000] {processor.py:208} INFO - Processing /home/airflow/.local/lib/python3.10/site-packages/airflow/example_dags/example_outlet_event_extra.py took 0.088 seconds
[2025-01-29T15:13:51.186+0000] {processor.py:186} INFO - Started process (PID=2566) to work on /home/airflow/.local/lib/python3.10/site-packages/airflow/example_dags/example_outlet_event_extra.py
[2025-01-29T15:13:51.187+0000] {processor.py:914} INFO - Processing file /home/airflow/.local/lib/python3.10/site-packages/airflow/example_dags/example_outlet_event_extra.py for tasks to queue
[2025-01-29T15:13:51.189+0000] {logging_mixin.py:190} INFO - [2025-01-29T15:13:51.189+0000] {dagbag.py:588} INFO - Filling up the DagBag from /home/airflow/.local/lib/python3.10/site-packages/airflow/example_dags/example_outlet_event_extra.py
[2025-01-29T15:13:51.201+0000] {processor.py:925} INFO - DAG(s) 'dataset_with_extra_by_yield', 'dataset_with_extra_by_context', 'dataset_with_extra_from_classic_operator' retrieved from /home/airflow/.local/lib/python3.10/site-packages/airflow/example_dags/example_outlet_event_extra.py
[2025-01-29T15:13:51.223+0000] {logging_mixin.py:190} INFO - [2025-01-29T15:13:51.223+0000] {dag.py:3239} INFO - Sync 3 DAGs
[2025-01-29T15:13:51.246+0000] {logging_mixin.py:190} INFO - [2025-01-29T15:13:51.245+0000] {dag.py:4180} INFO - Setting next_dagrun for dataset_with_extra_by_context to 2025-01-28T00:00:00+00:00, run_after=2025-01-29T00:00:00+00:00
[2025-01-29T15:13:51.250+0000] {logging_mixin.py:190} INFO - [2025-01-29T15:13:51.250+0000] {dag.py:4180} INFO - Setting next_dagrun for dataset_with_extra_by_yield to 2025-01-28T00:00:00+00:00, run_after=2025-01-29T00:00:00+00:00
[2025-01-29T15:13:51.253+0000] {logging_mixin.py:190} INFO - [2025-01-29T15:13:51.252+0000] {dag.py:4180} INFO - Setting next_dagrun for dataset_with_extra_from_classic_operator to 2025-01-28T00:00:00+00:00, run_after=2025-01-29T00:00:00+00:00
[2025-01-29T15:13:51.272+0000] {processor.py:208} INFO - Processing /home/airflow/.local/lib/python3.10/site-packages/airflow/example_dags/example_outlet_event_extra.py took 0.092 seconds
[2025-01-29T15:14:21.613+0000] {processor.py:186} INFO - Started process (PID=2631) to work on /home/airflow/.local/lib/python3.10/site-packages/airflow/example_dags/example_outlet_event_extra.py
[2025-01-29T15:14:21.614+0000] {processor.py:914} INFO - Processing file /home/airflow/.local/lib/python3.10/site-packages/airflow/example_dags/example_outlet_event_extra.py for tasks to queue
[2025-01-29T15:14:21.616+0000] {logging_mixin.py:190} INFO - [2025-01-29T15:14:21.616+0000] {dagbag.py:588} INFO - Filling up the DagBag from /home/airflow/.local/lib/python3.10/site-packages/airflow/example_dags/example_outlet_event_extra.py
[2025-01-29T15:14:21.629+0000] {processor.py:925} INFO - DAG(s) 'dataset_with_extra_by_yield', 'dataset_with_extra_from_classic_operator', 'dataset_with_extra_by_context' retrieved from /home/airflow/.local/lib/python3.10/site-packages/airflow/example_dags/example_outlet_event_extra.py
[2025-01-29T15:14:21.651+0000] {logging_mixin.py:190} INFO - [2025-01-29T15:14:21.651+0000] {dag.py:3239} INFO - Sync 3 DAGs
[2025-01-29T15:14:21.672+0000] {logging_mixin.py:190} INFO - [2025-01-29T15:14:21.672+0000] {dag.py:4180} INFO - Setting next_dagrun for dataset_with_extra_by_context to 2025-01-28T00:00:00+00:00, run_after=2025-01-29T00:00:00+00:00
[2025-01-29T15:14:21.677+0000] {logging_mixin.py:190} INFO - [2025-01-29T15:14:21.676+0000] {dag.py:4180} INFO - Setting next_dagrun for dataset_with_extra_by_yield to 2025-01-28T00:00:00+00:00, run_after=2025-01-29T00:00:00+00:00
[2025-01-29T15:14:21.679+0000] {logging_mixin.py:190} INFO - [2025-01-29T15:14:21.679+0000] {dag.py:4180} INFO - Setting next_dagrun for dataset_with_extra_from_classic_operator to 2025-01-28T00:00:00+00:00, run_after=2025-01-29T00:00:00+00:00
[2025-01-29T15:14:21.696+0000] {processor.py:208} INFO - Processing /home/airflow/.local/lib/python3.10/site-packages/airflow/example_dags/example_outlet_event_extra.py took 0.089 seconds
[2025-01-29T15:14:51.782+0000] {processor.py:186} INFO - Started process (PID=2697) to work on /home/airflow/.local/lib/python3.10/site-packages/airflow/example_dags/example_outlet_event_extra.py
[2025-01-29T15:14:51.783+0000] {processor.py:914} INFO - Processing file /home/airflow/.local/lib/python3.10/site-packages/airflow/example_dags/example_outlet_event_extra.py for tasks to queue
[2025-01-29T15:14:51.786+0000] {logging_mixin.py:190} INFO - [2025-01-29T15:14:51.786+0000] {dagbag.py:588} INFO - Filling up the DagBag from /home/airflow/.local/lib/python3.10/site-packages/airflow/example_dags/example_outlet_event_extra.py
[2025-01-29T15:14:51.798+0000] {processor.py:925} INFO - DAG(s) 'dataset_with_extra_from_classic_operator', 'dataset_with_extra_by_context', 'dataset_with_extra_by_yield' retrieved from /home/airflow/.local/lib/python3.10/site-packages/airflow/example_dags/example_outlet_event_extra.py
[2025-01-29T15:14:51.821+0000] {logging_mixin.py:190} INFO - [2025-01-29T15:14:51.821+0000] {dag.py:3239} INFO - Sync 3 DAGs
[2025-01-29T15:14:51.842+0000] {logging_mixin.py:190} INFO - [2025-01-29T15:14:51.842+0000] {dag.py:4180} INFO - Setting next_dagrun for dataset_with_extra_by_context to 2025-01-28T00:00:00+00:00, run_after=2025-01-29T00:00:00+00:00
[2025-01-29T15:14:51.847+0000] {logging_mixin.py:190} INFO - [2025-01-29T15:14:51.847+0000] {dag.py:4180} INFO - Setting next_dagrun for dataset_with_extra_by_yield to 2025-01-28T00:00:00+00:00, run_after=2025-01-29T00:00:00+00:00
[2025-01-29T15:14:51.849+0000] {logging_mixin.py:190} INFO - [2025-01-29T15:14:51.849+0000] {dag.py:4180} INFO - Setting next_dagrun for dataset_with_extra_from_classic_operator to 2025-01-28T00:00:00+00:00, run_after=2025-01-29T00:00:00+00:00
[2025-01-29T15:14:51.866+0000] {processor.py:208} INFO - Processing /home/airflow/.local/lib/python3.10/site-packages/airflow/example_dags/example_outlet_event_extra.py took 0.089 seconds
[2025-01-29T15:15:22.246+0000] {processor.py:186} INFO - Started process (PID=2763) to work on /home/airflow/.local/lib/python3.10/site-packages/airflow/example_dags/example_outlet_event_extra.py
[2025-01-29T15:15:22.247+0000] {processor.py:914} INFO - Processing file /home/airflow/.local/lib/python3.10/site-packages/airflow/example_dags/example_outlet_event_extra.py for tasks to queue
[2025-01-29T15:15:22.250+0000] {logging_mixin.py:190} INFO - [2025-01-29T15:15:22.249+0000] {dagbag.py:588} INFO - Filling up the DagBag from /home/airflow/.local/lib/python3.10/site-packages/airflow/example_dags/example_outlet_event_extra.py
[2025-01-29T15:15:22.262+0000] {processor.py:925} INFO - DAG(s) 'dataset_with_extra_from_classic_operator', 'dataset_with_extra_by_yield', 'dataset_with_extra_by_context' retrieved from /home/airflow/.local/lib/python3.10/site-packages/airflow/example_dags/example_outlet_event_extra.py
[2025-01-29T15:15:22.284+0000] {logging_mixin.py:190} INFO - [2025-01-29T15:15:22.284+0000] {dag.py:3239} INFO - Sync 3 DAGs
[2025-01-29T15:15:22.304+0000] {logging_mixin.py:190} INFO - [2025-01-29T15:15:22.304+0000] {dag.py:4180} INFO - Setting next_dagrun for dataset_with_extra_by_context to 2025-01-28T00:00:00+00:00, run_after=2025-01-29T00:00:00+00:00
[2025-01-29T15:15:22.309+0000] {logging_mixin.py:190} INFO - [2025-01-29T15:15:22.309+0000] {dag.py:4180} INFO - Setting next_dagrun for dataset_with_extra_by_yield to 2025-01-28T00:00:00+00:00, run_after=2025-01-29T00:00:00+00:00
[2025-01-29T15:15:22.312+0000] {logging_mixin.py:190} INFO - [2025-01-29T15:15:22.312+0000] {dag.py:4180} INFO - Setting next_dagrun for dataset_with_extra_from_classic_operator to 2025-01-28T00:00:00+00:00, run_after=2025-01-29T00:00:00+00:00
[2025-01-29T15:15:22.332+0000] {processor.py:208} INFO - Processing /home/airflow/.local/lib/python3.10/site-packages/airflow/example_dags/example_outlet_event_extra.py took 0.091 seconds
[2025-01-29T15:15:53.072+0000] {processor.py:186} INFO - Started process (PID=2829) to work on /home/airflow/.local/lib/python3.10/site-packages/airflow/example_dags/example_outlet_event_extra.py
[2025-01-29T15:15:53.074+0000] {processor.py:914} INFO - Processing file /home/airflow/.local/lib/python3.10/site-packages/airflow/example_dags/example_outlet_event_extra.py for tasks to queue
[2025-01-29T15:15:53.077+0000] {logging_mixin.py:190} INFO - [2025-01-29T15:15:53.077+0000] {dagbag.py:588} INFO - Filling up the DagBag from /home/airflow/.local/lib/python3.10/site-packages/airflow/example_dags/example_outlet_event_extra.py
[2025-01-29T15:15:53.094+0000] {processor.py:925} INFO - DAG(s) 'dataset_with_extra_by_context', 'dataset_with_extra_from_classic_operator', 'dataset_with_extra_by_yield' retrieved from /home/airflow/.local/lib/python3.10/site-packages/airflow/example_dags/example_outlet_event_extra.py
[2025-01-29T15:15:53.123+0000] {logging_mixin.py:190} INFO - [2025-01-29T15:15:53.123+0000] {dag.py:3239} INFO - Sync 3 DAGs
[2025-01-29T15:15:53.148+0000] {logging_mixin.py:190} INFO - [2025-01-29T15:15:53.148+0000] {dag.py:4180} INFO - Setting next_dagrun for dataset_with_extra_by_context to 2025-01-28T00:00:00+00:00, run_after=2025-01-29T00:00:00+00:00
[2025-01-29T15:15:53.153+0000] {logging_mixin.py:190} INFO - [2025-01-29T15:15:53.152+0000] {dag.py:4180} INFO - Setting next_dagrun for dataset_with_extra_by_yield to 2025-01-28T00:00:00+00:00, run_after=2025-01-29T00:00:00+00:00
[2025-01-29T15:15:53.155+0000] {logging_mixin.py:190} INFO - [2025-01-29T15:15:53.155+0000] {dag.py:4180} INFO - Setting next_dagrun for dataset_with_extra_from_classic_operator to 2025-01-28T00:00:00+00:00, run_after=2025-01-29T00:00:00+00:00
[2025-01-29T15:15:53.174+0000] {processor.py:208} INFO - Processing /home/airflow/.local/lib/python3.10/site-packages/airflow/example_dags/example_outlet_event_extra.py took 0.109 seconds
[2025-01-29T15:16:23.335+0000] {processor.py:186} INFO - Started process (PID=2895) to work on /home/airflow/.local/lib/python3.10/site-packages/airflow/example_dags/example_outlet_event_extra.py
[2025-01-29T15:16:23.336+0000] {processor.py:914} INFO - Processing file /home/airflow/.local/lib/python3.10/site-packages/airflow/example_dags/example_outlet_event_extra.py for tasks to queue
[2025-01-29T15:16:23.338+0000] {logging_mixin.py:190} INFO - [2025-01-29T15:16:23.338+0000] {dagbag.py:588} INFO - Filling up the DagBag from /home/airflow/.local/lib/python3.10/site-packages/airflow/example_dags/example_outlet_event_extra.py
[2025-01-29T15:16:23.350+0000] {processor.py:925} INFO - DAG(s) 'dataset_with_extra_by_yield', 'dataset_with_extra_by_context', 'dataset_with_extra_from_classic_operator' retrieved from /home/airflow/.local/lib/python3.10/site-packages/airflow/example_dags/example_outlet_event_extra.py
[2025-01-29T15:16:23.373+0000] {logging_mixin.py:190} INFO - [2025-01-29T15:16:23.372+0000] {dag.py:3239} INFO - Sync 3 DAGs
[2025-01-29T15:16:23.394+0000] {logging_mixin.py:190} INFO - [2025-01-29T15:16:23.394+0000] {dag.py:4180} INFO - Setting next_dagrun for dataset_with_extra_by_context to 2025-01-28T00:00:00+00:00, run_after=2025-01-29T00:00:00+00:00
[2025-01-29T15:16:23.399+0000] {logging_mixin.py:190} INFO - [2025-01-29T15:16:23.399+0000] {dag.py:4180} INFO - Setting next_dagrun for dataset_with_extra_by_yield to 2025-01-28T00:00:00+00:00, run_after=2025-01-29T00:00:00+00:00
[2025-01-29T15:16:23.401+0000] {logging_mixin.py:190} INFO - [2025-01-29T15:16:23.401+0000] {dag.py:4180} INFO - Setting next_dagrun for dataset_with_extra_from_classic_operator to 2025-01-28T00:00:00+00:00, run_after=2025-01-29T00:00:00+00:00
[2025-01-29T15:16:23.419+0000] {processor.py:208} INFO - Processing /home/airflow/.local/lib/python3.10/site-packages/airflow/example_dags/example_outlet_event_extra.py took 0.090 seconds
[2025-01-29T15:16:53.618+0000] {processor.py:186} INFO - Started process (PID=2961) to work on /home/airflow/.local/lib/python3.10/site-packages/airflow/example_dags/example_outlet_event_extra.py
[2025-01-29T15:16:53.619+0000] {processor.py:914} INFO - Processing file /home/airflow/.local/lib/python3.10/site-packages/airflow/example_dags/example_outlet_event_extra.py for tasks to queue
[2025-01-29T15:16:53.621+0000] {logging_mixin.py:190} INFO - [2025-01-29T15:16:53.621+0000] {dagbag.py:588} INFO - Filling up the DagBag from /home/airflow/.local/lib/python3.10/site-packages/airflow/example_dags/example_outlet_event_extra.py
[2025-01-29T15:16:53.633+0000] {processor.py:925} INFO - DAG(s) 'dataset_with_extra_from_classic_operator', 'dataset_with_extra_by_context', 'dataset_with_extra_by_yield' retrieved from /home/airflow/.local/lib/python3.10/site-packages/airflow/example_dags/example_outlet_event_extra.py
[2025-01-29T15:16:53.661+0000] {logging_mixin.py:190} INFO - [2025-01-29T15:16:53.661+0000] {dag.py:3239} INFO - Sync 3 DAGs
[2025-01-29T15:16:53.684+0000] {logging_mixin.py:190} INFO - [2025-01-29T15:16:53.684+0000] {dag.py:4180} INFO - Setting next_dagrun for dataset_with_extra_by_context to 2025-01-28T00:00:00+00:00, run_after=2025-01-29T00:00:00+00:00
[2025-01-29T15:16:53.689+0000] {logging_mixin.py:190} INFO - [2025-01-29T15:16:53.689+0000] {dag.py:4180} INFO - Setting next_dagrun for dataset_with_extra_by_yield to 2025-01-28T00:00:00+00:00, run_after=2025-01-29T00:00:00+00:00
[2025-01-29T15:16:53.692+0000] {logging_mixin.py:190} INFO - [2025-01-29T15:16:53.692+0000] {dag.py:4180} INFO - Setting next_dagrun for dataset_with_extra_from_classic_operator to 2025-01-28T00:00:00+00:00, run_after=2025-01-29T00:00:00+00:00
[2025-01-29T15:16:53.711+0000] {processor.py:208} INFO - Processing /home/airflow/.local/lib/python3.10/site-packages/airflow/example_dags/example_outlet_event_extra.py took 0.098 seconds
[2025-01-29T15:17:23.816+0000] {processor.py:186} INFO - Started process (PID=3027) to work on /home/airflow/.local/lib/python3.10/site-packages/airflow/example_dags/example_outlet_event_extra.py
[2025-01-29T15:17:23.817+0000] {processor.py:914} INFO - Processing file /home/airflow/.local/lib/python3.10/site-packages/airflow/example_dags/example_outlet_event_extra.py for tasks to queue
[2025-01-29T15:17:23.819+0000] {logging_mixin.py:190} INFO - [2025-01-29T15:17:23.819+0000] {dagbag.py:588} INFO - Filling up the DagBag from /home/airflow/.local/lib/python3.10/site-packages/airflow/example_dags/example_outlet_event_extra.py
[2025-01-29T15:17:23.831+0000] {processor.py:925} INFO - DAG(s) 'dataset_with_extra_by_yield', 'dataset_with_extra_by_context', 'dataset_with_extra_from_classic_operator' retrieved from /home/airflow/.local/lib/python3.10/site-packages/airflow/example_dags/example_outlet_event_extra.py
[2025-01-29T15:17:23.855+0000] {logging_mixin.py:190} INFO - [2025-01-29T15:17:23.855+0000] {dag.py:3239} INFO - Sync 3 DAGs
[2025-01-29T15:17:23.876+0000] {logging_mixin.py:190} INFO - [2025-01-29T15:17:23.876+0000] {dag.py:4180} INFO - Setting next_dagrun for dataset_with_extra_by_context to 2025-01-28T00:00:00+00:00, run_after=2025-01-29T00:00:00+00:00
[2025-01-29T15:17:23.880+0000] {logging_mixin.py:190} INFO - [2025-01-29T15:17:23.880+0000] {dag.py:4180} INFO - Setting next_dagrun for dataset_with_extra_by_yield to 2025-01-28T00:00:00+00:00, run_after=2025-01-29T00:00:00+00:00
[2025-01-29T15:17:23.883+0000] {logging_mixin.py:190} INFO - [2025-01-29T15:17:23.883+0000] {dag.py:4180} INFO - Setting next_dagrun for dataset_with_extra_from_classic_operator to 2025-01-28T00:00:00+00:00, run_after=2025-01-29T00:00:00+00:00
[2025-01-29T15:17:23.901+0000] {processor.py:208} INFO - Processing /home/airflow/.local/lib/python3.10/site-packages/airflow/example_dags/example_outlet_event_extra.py took 0.090 seconds
[2025-01-29T15:17:54.098+0000] {processor.py:186} INFO - Started process (PID=3093) to work on /home/airflow/.local/lib/python3.10/site-packages/airflow/example_dags/example_outlet_event_extra.py
[2025-01-29T15:17:54.099+0000] {processor.py:914} INFO - Processing file /home/airflow/.local/lib/python3.10/site-packages/airflow/example_dags/example_outlet_event_extra.py for tasks to queue
[2025-01-29T15:17:54.101+0000] {logging_mixin.py:190} INFO - [2025-01-29T15:17:54.101+0000] {dagbag.py:588} INFO - Filling up the DagBag from /home/airflow/.local/lib/python3.10/site-packages/airflow/example_dags/example_outlet_event_extra.py
[2025-01-29T15:17:54.113+0000] {processor.py:925} INFO - DAG(s) 'dataset_with_extra_by_context', 'dataset_with_extra_from_classic_operator', 'dataset_with_extra_by_yield' retrieved from /home/airflow/.local/lib/python3.10/site-packages/airflow/example_dags/example_outlet_event_extra.py
[2025-01-29T15:17:54.135+0000] {logging_mixin.py:190} INFO - [2025-01-29T15:17:54.135+0000] {dag.py:3239} INFO - Sync 3 DAGs
[2025-01-29T15:17:54.156+0000] {logging_mixin.py:190} INFO - [2025-01-29T15:17:54.156+0000] {dag.py:4180} INFO - Setting next_dagrun for dataset_with_extra_by_context to 2025-01-28T00:00:00+00:00, run_after=2025-01-29T00:00:00+00:00
[2025-01-29T15:17:54.160+0000] {logging_mixin.py:190} INFO - [2025-01-29T15:17:54.160+0000] {dag.py:4180} INFO - Setting next_dagrun for dataset_with_extra_by_yield to 2025-01-28T00:00:00+00:00, run_after=2025-01-29T00:00:00+00:00
[2025-01-29T15:17:54.163+0000] {logging_mixin.py:190} INFO - [2025-01-29T15:17:54.163+0000] {dag.py:4180} INFO - Setting next_dagrun for dataset_with_extra_from_classic_operator to 2025-01-28T00:00:00+00:00, run_after=2025-01-29T00:00:00+00:00
[2025-01-29T15:17:54.181+0000] {processor.py:208} INFO - Processing /home/airflow/.local/lib/python3.10/site-packages/airflow/example_dags/example_outlet_event_extra.py took 0.088 seconds
