[2025-01-29T14:54:58.437+0000] {processor.py:186} INFO - Started process (PID=100) to work on /home/airflow/.local/lib/python3.10/site-packages/airflow/example_dags/example_local_kubernetes_executor.py
[2025-01-29T14:54:58.438+0000] {processor.py:914} INFO - Processing file /home/airflow/.local/lib/python3.10/site-packages/airflow/example_dags/example_local_kubernetes_executor.py for tasks to queue
[2025-01-29T14:54:58.440+0000] {logging_mixin.py:190} INFO - [2025-01-29T14:54:58.440+0000] {dagbag.py:588} INFO - Filling up the DagBag from /home/airflow/.local/lib/python3.10/site-packages/airflow/example_dags/example_local_kubernetes_executor.py
[2025-01-29T14:54:58.449+0000] {processor.py:925} INFO - DAG(s) 'example_local_kubernetes_executor' retrieved from /home/airflow/.local/lib/python3.10/site-packages/airflow/example_dags/example_local_kubernetes_executor.py
[2025-01-29T14:54:58.479+0000] {logging_mixin.py:190} WARNING - /home/airflow/.local/lib/python3.10/site-packages/airflow/providers/cncf/kubernetes/utils/k8s_hashlib_wrapper.py:29 DeprecationWarning: Python version constraint 'PY39' is deprecated and will be removed in the future. Please get version info from the 'sys.version_info'.
[2025-01-29T14:54:58.491+0000] {logging_mixin.py:190} INFO - [2025-01-29T14:54:58.490+0000] {dag.py:3239} INFO - Sync 1 DAGs
[2025-01-29T14:54:58.503+0000] {logging_mixin.py:190} INFO - [2025-01-29T14:54:58.503+0000] {dag.py:4180} INFO - Setting next_dagrun for example_local_kubernetes_executor to None, run_after=None
[2025-01-29T14:54:58.520+0000] {processor.py:208} INFO - Processing /home/airflow/.local/lib/python3.10/site-packages/airflow/example_dags/example_local_kubernetes_executor.py took 0.089 seconds
[2025-01-29T14:55:28.620+0000] {processor.py:186} INFO - Started process (PID=166) to work on /home/airflow/.local/lib/python3.10/site-packages/airflow/example_dags/example_local_kubernetes_executor.py
[2025-01-29T14:55:28.621+0000] {processor.py:914} INFO - Processing file /home/airflow/.local/lib/python3.10/site-packages/airflow/example_dags/example_local_kubernetes_executor.py for tasks to queue
[2025-01-29T14:55:28.624+0000] {logging_mixin.py:190} INFO - [2025-01-29T14:55:28.623+0000] {dagbag.py:588} INFO - Filling up the DagBag from /home/airflow/.local/lib/python3.10/site-packages/airflow/example_dags/example_local_kubernetes_executor.py
[2025-01-29T14:55:28.632+0000] {processor.py:925} INFO - DAG(s) 'example_local_kubernetes_executor' retrieved from /home/airflow/.local/lib/python3.10/site-packages/airflow/example_dags/example_local_kubernetes_executor.py
[2025-01-29T14:55:28.660+0000] {logging_mixin.py:190} WARNING - /home/airflow/.local/lib/python3.10/site-packages/airflow/providers/cncf/kubernetes/utils/k8s_hashlib_wrapper.py:29 DeprecationWarning: Python version constraint 'PY39' is deprecated and will be removed in the future. Please get version info from the 'sys.version_info'.
[2025-01-29T14:55:28.667+0000] {logging_mixin.py:190} INFO - [2025-01-29T14:55:28.666+0000] {dag.py:3239} INFO - Sync 1 DAGs
[2025-01-29T14:55:28.681+0000] {logging_mixin.py:190} INFO - [2025-01-29T14:55:28.680+0000] {dag.py:4180} INFO - Setting next_dagrun for example_local_kubernetes_executor to None, run_after=None
[2025-01-29T14:55:28.700+0000] {processor.py:208} INFO - Processing /home/airflow/.local/lib/python3.10/site-packages/airflow/example_dags/example_local_kubernetes_executor.py took 0.085 seconds
[2025-01-29T14:55:58.924+0000] {processor.py:186} INFO - Started process (PID=232) to work on /home/airflow/.local/lib/python3.10/site-packages/airflow/example_dags/example_local_kubernetes_executor.py
[2025-01-29T14:55:58.925+0000] {processor.py:914} INFO - Processing file /home/airflow/.local/lib/python3.10/site-packages/airflow/example_dags/example_local_kubernetes_executor.py for tasks to queue
[2025-01-29T14:55:58.928+0000] {logging_mixin.py:190} INFO - [2025-01-29T14:55:58.927+0000] {dagbag.py:588} INFO - Filling up the DagBag from /home/airflow/.local/lib/python3.10/site-packages/airflow/example_dags/example_local_kubernetes_executor.py
[2025-01-29T14:55:58.936+0000] {processor.py:925} INFO - DAG(s) 'example_local_kubernetes_executor' retrieved from /home/airflow/.local/lib/python3.10/site-packages/airflow/example_dags/example_local_kubernetes_executor.py
[2025-01-29T14:55:58.965+0000] {logging_mixin.py:190} WARNING - /home/airflow/.local/lib/python3.10/site-packages/airflow/providers/cncf/kubernetes/utils/k8s_hashlib_wrapper.py:29 DeprecationWarning: Python version constraint 'PY39' is deprecated and will be removed in the future. Please get version info from the 'sys.version_info'.
[2025-01-29T14:55:58.971+0000] {logging_mixin.py:190} INFO - [2025-01-29T14:55:58.971+0000] {dag.py:3239} INFO - Sync 1 DAGs
[2025-01-29T14:55:58.984+0000] {logging_mixin.py:190} INFO - [2025-01-29T14:55:58.984+0000] {dag.py:4180} INFO - Setting next_dagrun for example_local_kubernetes_executor to None, run_after=None
[2025-01-29T14:55:59.001+0000] {processor.py:208} INFO - Processing /home/airflow/.local/lib/python3.10/site-packages/airflow/example_dags/example_local_kubernetes_executor.py took 0.082 seconds
[2025-01-29T14:56:29.139+0000] {processor.py:186} INFO - Started process (PID=298) to work on /home/airflow/.local/lib/python3.10/site-packages/airflow/example_dags/example_local_kubernetes_executor.py
[2025-01-29T14:56:29.140+0000] {processor.py:914} INFO - Processing file /home/airflow/.local/lib/python3.10/site-packages/airflow/example_dags/example_local_kubernetes_executor.py for tasks to queue
[2025-01-29T14:56:29.143+0000] {logging_mixin.py:190} INFO - [2025-01-29T14:56:29.143+0000] {dagbag.py:588} INFO - Filling up the DagBag from /home/airflow/.local/lib/python3.10/site-packages/airflow/example_dags/example_local_kubernetes_executor.py
[2025-01-29T14:56:29.152+0000] {processor.py:925} INFO - DAG(s) 'example_local_kubernetes_executor' retrieved from /home/airflow/.local/lib/python3.10/site-packages/airflow/example_dags/example_local_kubernetes_executor.py
[2025-01-29T14:56:29.182+0000] {logging_mixin.py:190} WARNING - /home/airflow/.local/lib/python3.10/site-packages/airflow/providers/cncf/kubernetes/utils/k8s_hashlib_wrapper.py:29 DeprecationWarning: Python version constraint 'PY39' is deprecated and will be removed in the future. Please get version info from the 'sys.version_info'.
[2025-01-29T14:56:29.189+0000] {logging_mixin.py:190} INFO - [2025-01-29T14:56:29.188+0000] {dag.py:3239} INFO - Sync 1 DAGs
[2025-01-29T14:56:29.201+0000] {logging_mixin.py:190} INFO - [2025-01-29T14:56:29.201+0000] {dag.py:4180} INFO - Setting next_dagrun for example_local_kubernetes_executor to None, run_after=None
[2025-01-29T14:56:29.218+0000] {processor.py:208} INFO - Processing /home/airflow/.local/lib/python3.10/site-packages/airflow/example_dags/example_local_kubernetes_executor.py took 0.085 seconds
[2025-01-29T14:56:59.532+0000] {processor.py:186} INFO - Started process (PID=364) to work on /home/airflow/.local/lib/python3.10/site-packages/airflow/example_dags/example_local_kubernetes_executor.py
[2025-01-29T14:56:59.533+0000] {processor.py:914} INFO - Processing file /home/airflow/.local/lib/python3.10/site-packages/airflow/example_dags/example_local_kubernetes_executor.py for tasks to queue
[2025-01-29T14:56:59.536+0000] {logging_mixin.py:190} INFO - [2025-01-29T14:56:59.536+0000] {dagbag.py:588} INFO - Filling up the DagBag from /home/airflow/.local/lib/python3.10/site-packages/airflow/example_dags/example_local_kubernetes_executor.py
[2025-01-29T14:56:59.544+0000] {processor.py:925} INFO - DAG(s) 'example_local_kubernetes_executor' retrieved from /home/airflow/.local/lib/python3.10/site-packages/airflow/example_dags/example_local_kubernetes_executor.py
[2025-01-29T14:56:59.574+0000] {logging_mixin.py:190} WARNING - /home/airflow/.local/lib/python3.10/site-packages/airflow/providers/cncf/kubernetes/utils/k8s_hashlib_wrapper.py:29 DeprecationWarning: Python version constraint 'PY39' is deprecated and will be removed in the future. Please get version info from the 'sys.version_info'.
[2025-01-29T14:56:59.580+0000] {logging_mixin.py:190} INFO - [2025-01-29T14:56:59.580+0000] {dag.py:3239} INFO - Sync 1 DAGs
[2025-01-29T14:56:59.592+0000] {logging_mixin.py:190} INFO - [2025-01-29T14:56:59.592+0000] {dag.py:4180} INFO - Setting next_dagrun for example_local_kubernetes_executor to None, run_after=None
[2025-01-29T14:56:59.609+0000] {processor.py:208} INFO - Processing /home/airflow/.local/lib/python3.10/site-packages/airflow/example_dags/example_local_kubernetes_executor.py took 0.082 seconds
[2025-01-29T14:57:29.914+0000] {processor.py:186} INFO - Started process (PID=430) to work on /home/airflow/.local/lib/python3.10/site-packages/airflow/example_dags/example_local_kubernetes_executor.py
[2025-01-29T14:57:29.914+0000] {processor.py:914} INFO - Processing file /home/airflow/.local/lib/python3.10/site-packages/airflow/example_dags/example_local_kubernetes_executor.py for tasks to queue
[2025-01-29T14:57:29.917+0000] {logging_mixin.py:190} INFO - [2025-01-29T14:57:29.916+0000] {dagbag.py:588} INFO - Filling up the DagBag from /home/airflow/.local/lib/python3.10/site-packages/airflow/example_dags/example_local_kubernetes_executor.py
[2025-01-29T14:57:29.925+0000] {processor.py:925} INFO - DAG(s) 'example_local_kubernetes_executor' retrieved from /home/airflow/.local/lib/python3.10/site-packages/airflow/example_dags/example_local_kubernetes_executor.py
[2025-01-29T14:57:29.954+0000] {logging_mixin.py:190} WARNING - /home/airflow/.local/lib/python3.10/site-packages/airflow/providers/cncf/kubernetes/utils/k8s_hashlib_wrapper.py:29 DeprecationWarning: Python version constraint 'PY39' is deprecated and will be removed in the future. Please get version info from the 'sys.version_info'.
[2025-01-29T14:57:29.961+0000] {logging_mixin.py:190} INFO - [2025-01-29T14:57:29.961+0000] {dag.py:3239} INFO - Sync 1 DAGs
[2025-01-29T14:57:29.975+0000] {logging_mixin.py:190} INFO - [2025-01-29T14:57:29.974+0000] {dag.py:4180} INFO - Setting next_dagrun for example_local_kubernetes_executor to None, run_after=None
[2025-01-29T14:57:29.993+0000] {processor.py:208} INFO - Processing /home/airflow/.local/lib/python3.10/site-packages/airflow/example_dags/example_local_kubernetes_executor.py took 0.085 seconds
[2025-01-29T14:58:00.257+0000] {processor.py:186} INFO - Started process (PID=496) to work on /home/airflow/.local/lib/python3.10/site-packages/airflow/example_dags/example_local_kubernetes_executor.py
[2025-01-29T14:58:00.257+0000] {processor.py:914} INFO - Processing file /home/airflow/.local/lib/python3.10/site-packages/airflow/example_dags/example_local_kubernetes_executor.py for tasks to queue
[2025-01-29T14:58:00.260+0000] {logging_mixin.py:190} INFO - [2025-01-29T14:58:00.260+0000] {dagbag.py:588} INFO - Filling up the DagBag from /home/airflow/.local/lib/python3.10/site-packages/airflow/example_dags/example_local_kubernetes_executor.py
[2025-01-29T14:58:00.269+0000] {processor.py:925} INFO - DAG(s) 'example_local_kubernetes_executor' retrieved from /home/airflow/.local/lib/python3.10/site-packages/airflow/example_dags/example_local_kubernetes_executor.py
[2025-01-29T14:58:00.298+0000] {logging_mixin.py:190} WARNING - /home/airflow/.local/lib/python3.10/site-packages/airflow/providers/cncf/kubernetes/utils/k8s_hashlib_wrapper.py:29 DeprecationWarning: Python version constraint 'PY39' is deprecated and will be removed in the future. Please get version info from the 'sys.version_info'.
[2025-01-29T14:58:00.305+0000] {logging_mixin.py:190} INFO - [2025-01-29T14:58:00.304+0000] {dag.py:3239} INFO - Sync 1 DAGs
[2025-01-29T14:58:00.318+0000] {logging_mixin.py:190} INFO - [2025-01-29T14:58:00.318+0000] {dag.py:4180} INFO - Setting next_dagrun for example_local_kubernetes_executor to None, run_after=None
[2025-01-29T14:58:00.334+0000] {processor.py:208} INFO - Processing /home/airflow/.local/lib/python3.10/site-packages/airflow/example_dags/example_local_kubernetes_executor.py took 0.083 seconds
[2025-01-29T14:58:30.763+0000] {processor.py:186} INFO - Started process (PID=562) to work on /home/airflow/.local/lib/python3.10/site-packages/airflow/example_dags/example_local_kubernetes_executor.py
[2025-01-29T14:58:30.764+0000] {processor.py:914} INFO - Processing file /home/airflow/.local/lib/python3.10/site-packages/airflow/example_dags/example_local_kubernetes_executor.py for tasks to queue
[2025-01-29T14:58:30.768+0000] {logging_mixin.py:190} INFO - [2025-01-29T14:58:30.767+0000] {dagbag.py:588} INFO - Filling up the DagBag from /home/airflow/.local/lib/python3.10/site-packages/airflow/example_dags/example_local_kubernetes_executor.py
[2025-01-29T14:58:30.777+0000] {processor.py:925} INFO - DAG(s) 'example_local_kubernetes_executor' retrieved from /home/airflow/.local/lib/python3.10/site-packages/airflow/example_dags/example_local_kubernetes_executor.py
[2025-01-29T14:58:30.809+0000] {logging_mixin.py:190} WARNING - /home/airflow/.local/lib/python3.10/site-packages/airflow/providers/cncf/kubernetes/utils/k8s_hashlib_wrapper.py:29 DeprecationWarning: Python version constraint 'PY39' is deprecated and will be removed in the future. Please get version info from the 'sys.version_info'.
[2025-01-29T14:58:30.816+0000] {logging_mixin.py:190} INFO - [2025-01-29T14:58:30.815+0000] {dag.py:3239} INFO - Sync 1 DAGs
[2025-01-29T14:58:30.830+0000] {logging_mixin.py:190} INFO - [2025-01-29T14:58:30.830+0000] {dag.py:4180} INFO - Setting next_dagrun for example_local_kubernetes_executor to None, run_after=None
[2025-01-29T14:58:30.846+0000] {processor.py:208} INFO - Processing /home/airflow/.local/lib/python3.10/site-packages/airflow/example_dags/example_local_kubernetes_executor.py took 0.089 seconds
[2025-01-29T14:59:01.007+0000] {processor.py:186} INFO - Started process (PID=628) to work on /home/airflow/.local/lib/python3.10/site-packages/airflow/example_dags/example_local_kubernetes_executor.py
[2025-01-29T14:59:01.008+0000] {processor.py:914} INFO - Processing file /home/airflow/.local/lib/python3.10/site-packages/airflow/example_dags/example_local_kubernetes_executor.py for tasks to queue
[2025-01-29T14:59:01.010+0000] {logging_mixin.py:190} INFO - [2025-01-29T14:59:01.010+0000] {dagbag.py:588} INFO - Filling up the DagBag from /home/airflow/.local/lib/python3.10/site-packages/airflow/example_dags/example_local_kubernetes_executor.py
[2025-01-29T14:59:01.018+0000] {processor.py:925} INFO - DAG(s) 'example_local_kubernetes_executor' retrieved from /home/airflow/.local/lib/python3.10/site-packages/airflow/example_dags/example_local_kubernetes_executor.py
[2025-01-29T14:59:01.047+0000] {logging_mixin.py:190} WARNING - /home/airflow/.local/lib/python3.10/site-packages/airflow/providers/cncf/kubernetes/utils/k8s_hashlib_wrapper.py:29 DeprecationWarning: Python version constraint 'PY39' is deprecated and will be removed in the future. Please get version info from the 'sys.version_info'.
[2025-01-29T14:59:01.053+0000] {logging_mixin.py:190} INFO - [2025-01-29T14:59:01.053+0000] {dag.py:3239} INFO - Sync 1 DAGs
[2025-01-29T14:59:01.065+0000] {logging_mixin.py:190} INFO - [2025-01-29T14:59:01.065+0000] {dag.py:4180} INFO - Setting next_dagrun for example_local_kubernetes_executor to None, run_after=None
[2025-01-29T14:59:01.080+0000] {processor.py:208} INFO - Processing /home/airflow/.local/lib/python3.10/site-packages/airflow/example_dags/example_local_kubernetes_executor.py took 0.078 seconds
[2025-01-29T14:59:31.253+0000] {processor.py:186} INFO - Started process (PID=694) to work on /home/airflow/.local/lib/python3.10/site-packages/airflow/example_dags/example_local_kubernetes_executor.py
[2025-01-29T14:59:31.253+0000] {processor.py:914} INFO - Processing file /home/airflow/.local/lib/python3.10/site-packages/airflow/example_dags/example_local_kubernetes_executor.py for tasks to queue
[2025-01-29T14:59:31.256+0000] {logging_mixin.py:190} INFO - [2025-01-29T14:59:31.255+0000] {dagbag.py:588} INFO - Filling up the DagBag from /home/airflow/.local/lib/python3.10/site-packages/airflow/example_dags/example_local_kubernetes_executor.py
[2025-01-29T14:59:31.265+0000] {processor.py:925} INFO - DAG(s) 'example_local_kubernetes_executor' retrieved from /home/airflow/.local/lib/python3.10/site-packages/airflow/example_dags/example_local_kubernetes_executor.py
[2025-01-29T14:59:31.298+0000] {logging_mixin.py:190} WARNING - /home/airflow/.local/lib/python3.10/site-packages/airflow/providers/cncf/kubernetes/utils/k8s_hashlib_wrapper.py:29 DeprecationWarning: Python version constraint 'PY39' is deprecated and will be removed in the future. Please get version info from the 'sys.version_info'.
[2025-01-29T14:59:31.306+0000] {logging_mixin.py:190} INFO - [2025-01-29T14:59:31.306+0000] {dag.py:3239} INFO - Sync 1 DAGs
[2025-01-29T14:59:31.320+0000] {logging_mixin.py:190} INFO - [2025-01-29T14:59:31.320+0000] {dag.py:4180} INFO - Setting next_dagrun for example_local_kubernetes_executor to None, run_after=None
[2025-01-29T14:59:31.334+0000] {processor.py:208} INFO - Processing /home/airflow/.local/lib/python3.10/site-packages/airflow/example_dags/example_local_kubernetes_executor.py took 0.087 seconds
[2025-01-29T15:00:01.610+0000] {processor.py:186} INFO - Started process (PID=760) to work on /home/airflow/.local/lib/python3.10/site-packages/airflow/example_dags/example_local_kubernetes_executor.py
[2025-01-29T15:00:01.611+0000] {processor.py:914} INFO - Processing file /home/airflow/.local/lib/python3.10/site-packages/airflow/example_dags/example_local_kubernetes_executor.py for tasks to queue
[2025-01-29T15:00:01.613+0000] {logging_mixin.py:190} INFO - [2025-01-29T15:00:01.613+0000] {dagbag.py:588} INFO - Filling up the DagBag from /home/airflow/.local/lib/python3.10/site-packages/airflow/example_dags/example_local_kubernetes_executor.py
[2025-01-29T15:00:01.621+0000] {processor.py:925} INFO - DAG(s) 'example_local_kubernetes_executor' retrieved from /home/airflow/.local/lib/python3.10/site-packages/airflow/example_dags/example_local_kubernetes_executor.py
[2025-01-29T15:00:01.649+0000] {logging_mixin.py:190} WARNING - /home/airflow/.local/lib/python3.10/site-packages/airflow/providers/cncf/kubernetes/utils/k8s_hashlib_wrapper.py:29 DeprecationWarning: Python version constraint 'PY39' is deprecated and will be removed in the future. Please get version info from the 'sys.version_info'.
[2025-01-29T15:00:01.655+0000] {logging_mixin.py:190} INFO - [2025-01-29T15:00:01.655+0000] {dag.py:3239} INFO - Sync 1 DAGs
[2025-01-29T15:00:01.667+0000] {logging_mixin.py:190} INFO - [2025-01-29T15:00:01.667+0000] {dag.py:4180} INFO - Setting next_dagrun for example_local_kubernetes_executor to None, run_after=None
[2025-01-29T15:00:01.682+0000] {processor.py:208} INFO - Processing /home/airflow/.local/lib/python3.10/site-packages/airflow/example_dags/example_local_kubernetes_executor.py took 0.077 seconds
[2025-01-29T15:00:32.717+0000] {processor.py:186} INFO - Started process (PID=826) to work on /home/airflow/.local/lib/python3.10/site-packages/airflow/example_dags/example_local_kubernetes_executor.py
[2025-01-29T15:00:32.718+0000] {processor.py:914} INFO - Processing file /home/airflow/.local/lib/python3.10/site-packages/airflow/example_dags/example_local_kubernetes_executor.py for tasks to queue
[2025-01-29T15:00:32.720+0000] {logging_mixin.py:190} INFO - [2025-01-29T15:00:32.720+0000] {dagbag.py:588} INFO - Filling up the DagBag from /home/airflow/.local/lib/python3.10/site-packages/airflow/example_dags/example_local_kubernetes_executor.py
[2025-01-29T15:00:32.728+0000] {processor.py:925} INFO - DAG(s) 'example_local_kubernetes_executor' retrieved from /home/airflow/.local/lib/python3.10/site-packages/airflow/example_dags/example_local_kubernetes_executor.py
[2025-01-29T15:00:32.757+0000] {logging_mixin.py:190} WARNING - /home/airflow/.local/lib/python3.10/site-packages/airflow/providers/cncf/kubernetes/utils/k8s_hashlib_wrapper.py:29 DeprecationWarning: Python version constraint 'PY39' is deprecated and will be removed in the future. Please get version info from the 'sys.version_info'.
[2025-01-29T15:00:32.763+0000] {logging_mixin.py:190} INFO - [2025-01-29T15:00:32.762+0000] {dag.py:3239} INFO - Sync 1 DAGs
[2025-01-29T15:00:32.775+0000] {logging_mixin.py:190} INFO - [2025-01-29T15:00:32.775+0000] {dag.py:4180} INFO - Setting next_dagrun for example_local_kubernetes_executor to None, run_after=None
[2025-01-29T15:00:32.790+0000] {processor.py:208} INFO - Processing /home/airflow/.local/lib/python3.10/site-packages/airflow/example_dags/example_local_kubernetes_executor.py took 0.078 seconds
[2025-01-29T15:01:03.858+0000] {processor.py:186} INFO - Started process (PID=892) to work on /home/airflow/.local/lib/python3.10/site-packages/airflow/example_dags/example_local_kubernetes_executor.py
[2025-01-29T15:01:03.859+0000] {processor.py:914} INFO - Processing file /home/airflow/.local/lib/python3.10/site-packages/airflow/example_dags/example_local_kubernetes_executor.py for tasks to queue
[2025-01-29T15:01:03.861+0000] {logging_mixin.py:190} INFO - [2025-01-29T15:01:03.861+0000] {dagbag.py:588} INFO - Filling up the DagBag from /home/airflow/.local/lib/python3.10/site-packages/airflow/example_dags/example_local_kubernetes_executor.py
[2025-01-29T15:01:03.869+0000] {processor.py:925} INFO - DAG(s) 'example_local_kubernetes_executor' retrieved from /home/airflow/.local/lib/python3.10/site-packages/airflow/example_dags/example_local_kubernetes_executor.py
[2025-01-29T15:01:03.898+0000] {logging_mixin.py:190} WARNING - /home/airflow/.local/lib/python3.10/site-packages/airflow/providers/cncf/kubernetes/utils/k8s_hashlib_wrapper.py:29 DeprecationWarning: Python version constraint 'PY39' is deprecated and will be removed in the future. Please get version info from the 'sys.version_info'.
[2025-01-29T15:01:03.904+0000] {logging_mixin.py:190} INFO - [2025-01-29T15:01:03.904+0000] {dag.py:3239} INFO - Sync 1 DAGs
[2025-01-29T15:01:03.917+0000] {logging_mixin.py:190} INFO - [2025-01-29T15:01:03.916+0000] {dag.py:4180} INFO - Setting next_dagrun for example_local_kubernetes_executor to None, run_after=None
[2025-01-29T15:01:03.933+0000] {processor.py:208} INFO - Processing /home/airflow/.local/lib/python3.10/site-packages/airflow/example_dags/example_local_kubernetes_executor.py took 0.080 seconds
[2025-01-29T15:01:34.041+0000] {processor.py:186} INFO - Started process (PID=958) to work on /home/airflow/.local/lib/python3.10/site-packages/airflow/example_dags/example_local_kubernetes_executor.py
[2025-01-29T15:01:34.042+0000] {processor.py:914} INFO - Processing file /home/airflow/.local/lib/python3.10/site-packages/airflow/example_dags/example_local_kubernetes_executor.py for tasks to queue
[2025-01-29T15:01:34.044+0000] {logging_mixin.py:190} INFO - [2025-01-29T15:01:34.044+0000] {dagbag.py:588} INFO - Filling up the DagBag from /home/airflow/.local/lib/python3.10/site-packages/airflow/example_dags/example_local_kubernetes_executor.py
[2025-01-29T15:01:34.053+0000] {processor.py:925} INFO - DAG(s) 'example_local_kubernetes_executor' retrieved from /home/airflow/.local/lib/python3.10/site-packages/airflow/example_dags/example_local_kubernetes_executor.py
[2025-01-29T15:01:34.081+0000] {logging_mixin.py:190} WARNING - /home/airflow/.local/lib/python3.10/site-packages/airflow/providers/cncf/kubernetes/utils/k8s_hashlib_wrapper.py:29 DeprecationWarning: Python version constraint 'PY39' is deprecated and will be removed in the future. Please get version info from the 'sys.version_info'.
[2025-01-29T15:01:34.087+0000] {logging_mixin.py:190} INFO - [2025-01-29T15:01:34.087+0000] {dag.py:3239} INFO - Sync 1 DAGs
[2025-01-29T15:01:34.099+0000] {logging_mixin.py:190} INFO - [2025-01-29T15:01:34.099+0000] {dag.py:4180} INFO - Setting next_dagrun for example_local_kubernetes_executor to None, run_after=None
[2025-01-29T15:01:34.115+0000] {processor.py:208} INFO - Processing /home/airflow/.local/lib/python3.10/site-packages/airflow/example_dags/example_local_kubernetes_executor.py took 0.079 seconds
[2025-01-29T15:02:04.541+0000] {processor.py:186} INFO - Started process (PID=1024) to work on /home/airflow/.local/lib/python3.10/site-packages/airflow/example_dags/example_local_kubernetes_executor.py
[2025-01-29T15:02:04.542+0000] {processor.py:914} INFO - Processing file /home/airflow/.local/lib/python3.10/site-packages/airflow/example_dags/example_local_kubernetes_executor.py for tasks to queue
[2025-01-29T15:02:04.544+0000] {logging_mixin.py:190} INFO - [2025-01-29T15:02:04.544+0000] {dagbag.py:588} INFO - Filling up the DagBag from /home/airflow/.local/lib/python3.10/site-packages/airflow/example_dags/example_local_kubernetes_executor.py
[2025-01-29T15:02:04.552+0000] {processor.py:925} INFO - DAG(s) 'example_local_kubernetes_executor' retrieved from /home/airflow/.local/lib/python3.10/site-packages/airflow/example_dags/example_local_kubernetes_executor.py
[2025-01-29T15:02:04.580+0000] {logging_mixin.py:190} WARNING - /home/airflow/.local/lib/python3.10/site-packages/airflow/providers/cncf/kubernetes/utils/k8s_hashlib_wrapper.py:29 DeprecationWarning: Python version constraint 'PY39' is deprecated and will be removed in the future. Please get version info from the 'sys.version_info'.
[2025-01-29T15:02:04.586+0000] {logging_mixin.py:190} INFO - [2025-01-29T15:02:04.586+0000] {dag.py:3239} INFO - Sync 1 DAGs
[2025-01-29T15:02:04.599+0000] {logging_mixin.py:190} INFO - [2025-01-29T15:02:04.599+0000] {dag.py:4180} INFO - Setting next_dagrun for example_local_kubernetes_executor to None, run_after=None
[2025-01-29T15:02:04.615+0000] {processor.py:208} INFO - Processing /home/airflow/.local/lib/python3.10/site-packages/airflow/example_dags/example_local_kubernetes_executor.py took 0.079 seconds
[2025-01-29T15:02:34.668+0000] {processor.py:186} INFO - Started process (PID=1090) to work on /home/airflow/.local/lib/python3.10/site-packages/airflow/example_dags/example_local_kubernetes_executor.py
[2025-01-29T15:02:34.668+0000] {processor.py:914} INFO - Processing file /home/airflow/.local/lib/python3.10/site-packages/airflow/example_dags/example_local_kubernetes_executor.py for tasks to queue
[2025-01-29T15:02:34.670+0000] {logging_mixin.py:190} INFO - [2025-01-29T15:02:34.670+0000] {dagbag.py:588} INFO - Filling up the DagBag from /home/airflow/.local/lib/python3.10/site-packages/airflow/example_dags/example_local_kubernetes_executor.py
[2025-01-29T15:02:34.678+0000] {processor.py:925} INFO - DAG(s) 'example_local_kubernetes_executor' retrieved from /home/airflow/.local/lib/python3.10/site-packages/airflow/example_dags/example_local_kubernetes_executor.py
[2025-01-29T15:02:34.707+0000] {logging_mixin.py:190} WARNING - /home/airflow/.local/lib/python3.10/site-packages/airflow/providers/cncf/kubernetes/utils/k8s_hashlib_wrapper.py:29 DeprecationWarning: Python version constraint 'PY39' is deprecated and will be removed in the future. Please get version info from the 'sys.version_info'.
[2025-01-29T15:02:34.713+0000] {logging_mixin.py:190} INFO - [2025-01-29T15:02:34.713+0000] {dag.py:3239} INFO - Sync 1 DAGs
[2025-01-29T15:02:34.726+0000] {logging_mixin.py:190} INFO - [2025-01-29T15:02:34.726+0000] {dag.py:4180} INFO - Setting next_dagrun for example_local_kubernetes_executor to None, run_after=None
[2025-01-29T15:02:34.741+0000] {processor.py:208} INFO - Processing /home/airflow/.local/lib/python3.10/site-packages/airflow/example_dags/example_local_kubernetes_executor.py took 0.079 seconds
[2025-01-29T15:03:04.831+0000] {processor.py:186} INFO - Started process (PID=1156) to work on /home/airflow/.local/lib/python3.10/site-packages/airflow/example_dags/example_local_kubernetes_executor.py
[2025-01-29T15:03:04.831+0000] {processor.py:914} INFO - Processing file /home/airflow/.local/lib/python3.10/site-packages/airflow/example_dags/example_local_kubernetes_executor.py for tasks to queue
[2025-01-29T15:03:04.834+0000] {logging_mixin.py:190} INFO - [2025-01-29T15:03:04.834+0000] {dagbag.py:588} INFO - Filling up the DagBag from /home/airflow/.local/lib/python3.10/site-packages/airflow/example_dags/example_local_kubernetes_executor.py
[2025-01-29T15:03:04.842+0000] {processor.py:925} INFO - DAG(s) 'example_local_kubernetes_executor' retrieved from /home/airflow/.local/lib/python3.10/site-packages/airflow/example_dags/example_local_kubernetes_executor.py
[2025-01-29T15:03:04.870+0000] {logging_mixin.py:190} WARNING - /home/airflow/.local/lib/python3.10/site-packages/airflow/providers/cncf/kubernetes/utils/k8s_hashlib_wrapper.py:29 DeprecationWarning: Python version constraint 'PY39' is deprecated and will be removed in the future. Please get version info from the 'sys.version_info'.
[2025-01-29T15:03:04.877+0000] {logging_mixin.py:190} INFO - [2025-01-29T15:03:04.876+0000] {dag.py:3239} INFO - Sync 1 DAGs
[2025-01-29T15:03:04.889+0000] {logging_mixin.py:190} INFO - [2025-01-29T15:03:04.889+0000] {dag.py:4180} INFO - Setting next_dagrun for example_local_kubernetes_executor to None, run_after=None
[2025-01-29T15:03:04.904+0000] {processor.py:208} INFO - Processing /home/airflow/.local/lib/python3.10/site-packages/airflow/example_dags/example_local_kubernetes_executor.py took 0.078 seconds
[2025-01-29T15:03:35.388+0000] {processor.py:186} INFO - Started process (PID=1222) to work on /home/airflow/.local/lib/python3.10/site-packages/airflow/example_dags/example_local_kubernetes_executor.py
[2025-01-29T15:03:35.389+0000] {processor.py:914} INFO - Processing file /home/airflow/.local/lib/python3.10/site-packages/airflow/example_dags/example_local_kubernetes_executor.py for tasks to queue
[2025-01-29T15:03:35.391+0000] {logging_mixin.py:190} INFO - [2025-01-29T15:03:35.391+0000] {dagbag.py:588} INFO - Filling up the DagBag from /home/airflow/.local/lib/python3.10/site-packages/airflow/example_dags/example_local_kubernetes_executor.py
[2025-01-29T15:03:35.400+0000] {processor.py:925} INFO - DAG(s) 'example_local_kubernetes_executor' retrieved from /home/airflow/.local/lib/python3.10/site-packages/airflow/example_dags/example_local_kubernetes_executor.py
[2025-01-29T15:03:35.429+0000] {logging_mixin.py:190} WARNING - /home/airflow/.local/lib/python3.10/site-packages/airflow/providers/cncf/kubernetes/utils/k8s_hashlib_wrapper.py:29 DeprecationWarning: Python version constraint 'PY39' is deprecated and will be removed in the future. Please get version info from the 'sys.version_info'.
[2025-01-29T15:03:35.435+0000] {logging_mixin.py:190} INFO - [2025-01-29T15:03:35.435+0000] {dag.py:3239} INFO - Sync 1 DAGs
[2025-01-29T15:03:35.448+0000] {logging_mixin.py:190} INFO - [2025-01-29T15:03:35.448+0000] {dag.py:4180} INFO - Setting next_dagrun for example_local_kubernetes_executor to None, run_after=None
[2025-01-29T15:03:35.463+0000] {processor.py:208} INFO - Processing /home/airflow/.local/lib/python3.10/site-packages/airflow/example_dags/example_local_kubernetes_executor.py took 0.080 seconds
[2025-01-29T15:04:05.696+0000] {processor.py:186} INFO - Started process (PID=1288) to work on /home/airflow/.local/lib/python3.10/site-packages/airflow/example_dags/example_local_kubernetes_executor.py
[2025-01-29T15:04:05.697+0000] {processor.py:914} INFO - Processing file /home/airflow/.local/lib/python3.10/site-packages/airflow/example_dags/example_local_kubernetes_executor.py for tasks to queue
[2025-01-29T15:04:05.699+0000] {logging_mixin.py:190} INFO - [2025-01-29T15:04:05.699+0000] {dagbag.py:588} INFO - Filling up the DagBag from /home/airflow/.local/lib/python3.10/site-packages/airflow/example_dags/example_local_kubernetes_executor.py
[2025-01-29T15:04:05.707+0000] {processor.py:925} INFO - DAG(s) 'example_local_kubernetes_executor' retrieved from /home/airflow/.local/lib/python3.10/site-packages/airflow/example_dags/example_local_kubernetes_executor.py
[2025-01-29T15:04:05.735+0000] {logging_mixin.py:190} WARNING - /home/airflow/.local/lib/python3.10/site-packages/airflow/providers/cncf/kubernetes/utils/k8s_hashlib_wrapper.py:29 DeprecationWarning: Python version constraint 'PY39' is deprecated and will be removed in the future. Please get version info from the 'sys.version_info'.
[2025-01-29T15:04:05.741+0000] {logging_mixin.py:190} INFO - [2025-01-29T15:04:05.741+0000] {dag.py:3239} INFO - Sync 1 DAGs
[2025-01-29T15:04:05.754+0000] {logging_mixin.py:190} INFO - [2025-01-29T15:04:05.754+0000] {dag.py:4180} INFO - Setting next_dagrun for example_local_kubernetes_executor to None, run_after=None
[2025-01-29T15:04:05.769+0000] {processor.py:208} INFO - Processing /home/airflow/.local/lib/python3.10/site-packages/airflow/example_dags/example_local_kubernetes_executor.py took 0.078 seconds
[2025-01-29T15:04:36.086+0000] {processor.py:186} INFO - Started process (PID=1354) to work on /home/airflow/.local/lib/python3.10/site-packages/airflow/example_dags/example_local_kubernetes_executor.py
[2025-01-29T15:04:36.087+0000] {processor.py:914} INFO - Processing file /home/airflow/.local/lib/python3.10/site-packages/airflow/example_dags/example_local_kubernetes_executor.py for tasks to queue
[2025-01-29T15:04:36.089+0000] {logging_mixin.py:190} INFO - [2025-01-29T15:04:36.089+0000] {dagbag.py:588} INFO - Filling up the DagBag from /home/airflow/.local/lib/python3.10/site-packages/airflow/example_dags/example_local_kubernetes_executor.py
[2025-01-29T15:04:36.097+0000] {processor.py:925} INFO - DAG(s) 'example_local_kubernetes_executor' retrieved from /home/airflow/.local/lib/python3.10/site-packages/airflow/example_dags/example_local_kubernetes_executor.py
[2025-01-29T15:04:36.126+0000] {logging_mixin.py:190} WARNING - /home/airflow/.local/lib/python3.10/site-packages/airflow/providers/cncf/kubernetes/utils/k8s_hashlib_wrapper.py:29 DeprecationWarning: Python version constraint 'PY39' is deprecated and will be removed in the future. Please get version info from the 'sys.version_info'.
[2025-01-29T15:04:36.133+0000] {logging_mixin.py:190} INFO - [2025-01-29T15:04:36.132+0000] {dag.py:3239} INFO - Sync 1 DAGs
[2025-01-29T15:04:36.145+0000] {logging_mixin.py:190} INFO - [2025-01-29T15:04:36.145+0000] {dag.py:4180} INFO - Setting next_dagrun for example_local_kubernetes_executor to None, run_after=None
[2025-01-29T15:04:36.160+0000] {processor.py:208} INFO - Processing /home/airflow/.local/lib/python3.10/site-packages/airflow/example_dags/example_local_kubernetes_executor.py took 0.078 seconds
[2025-01-29T15:05:06.441+0000] {processor.py:186} INFO - Started process (PID=1420) to work on /home/airflow/.local/lib/python3.10/site-packages/airflow/example_dags/example_local_kubernetes_executor.py
[2025-01-29T15:05:06.442+0000] {processor.py:914} INFO - Processing file /home/airflow/.local/lib/python3.10/site-packages/airflow/example_dags/example_local_kubernetes_executor.py for tasks to queue
[2025-01-29T15:05:06.444+0000] {logging_mixin.py:190} INFO - [2025-01-29T15:05:06.444+0000] {dagbag.py:588} INFO - Filling up the DagBag from /home/airflow/.local/lib/python3.10/site-packages/airflow/example_dags/example_local_kubernetes_executor.py
[2025-01-29T15:05:06.453+0000] {processor.py:925} INFO - DAG(s) 'example_local_kubernetes_executor' retrieved from /home/airflow/.local/lib/python3.10/site-packages/airflow/example_dags/example_local_kubernetes_executor.py
[2025-01-29T15:05:06.482+0000] {logging_mixin.py:190} WARNING - /home/airflow/.local/lib/python3.10/site-packages/airflow/providers/cncf/kubernetes/utils/k8s_hashlib_wrapper.py:29 DeprecationWarning: Python version constraint 'PY39' is deprecated and will be removed in the future. Please get version info from the 'sys.version_info'.
[2025-01-29T15:05:06.489+0000] {logging_mixin.py:190} INFO - [2025-01-29T15:05:06.488+0000] {dag.py:3239} INFO - Sync 1 DAGs
[2025-01-29T15:05:06.502+0000] {logging_mixin.py:190} INFO - [2025-01-29T15:05:06.502+0000] {dag.py:4180} INFO - Setting next_dagrun for example_local_kubernetes_executor to None, run_after=None
[2025-01-29T15:05:06.517+0000] {processor.py:208} INFO - Processing /home/airflow/.local/lib/python3.10/site-packages/airflow/example_dags/example_local_kubernetes_executor.py took 0.081 seconds
[2025-01-29T15:05:37.421+0000] {processor.py:186} INFO - Started process (PID=1486) to work on /home/airflow/.local/lib/python3.10/site-packages/airflow/example_dags/example_local_kubernetes_executor.py
[2025-01-29T15:05:37.422+0000] {processor.py:914} INFO - Processing file /home/airflow/.local/lib/python3.10/site-packages/airflow/example_dags/example_local_kubernetes_executor.py for tasks to queue
[2025-01-29T15:05:37.424+0000] {logging_mixin.py:190} INFO - [2025-01-29T15:05:37.424+0000] {dagbag.py:588} INFO - Filling up the DagBag from /home/airflow/.local/lib/python3.10/site-packages/airflow/example_dags/example_local_kubernetes_executor.py
[2025-01-29T15:05:37.432+0000] {processor.py:925} INFO - DAG(s) 'example_local_kubernetes_executor' retrieved from /home/airflow/.local/lib/python3.10/site-packages/airflow/example_dags/example_local_kubernetes_executor.py
[2025-01-29T15:05:37.460+0000] {logging_mixin.py:190} WARNING - /home/airflow/.local/lib/python3.10/site-packages/airflow/providers/cncf/kubernetes/utils/k8s_hashlib_wrapper.py:29 DeprecationWarning: Python version constraint 'PY39' is deprecated and will be removed in the future. Please get version info from the 'sys.version_info'.
[2025-01-29T15:05:37.466+0000] {logging_mixin.py:190} INFO - [2025-01-29T15:05:37.466+0000] {dag.py:3239} INFO - Sync 1 DAGs
[2025-01-29T15:05:37.479+0000] {logging_mixin.py:190} INFO - [2025-01-29T15:05:37.479+0000] {dag.py:4180} INFO - Setting next_dagrun for example_local_kubernetes_executor to None, run_after=None
[2025-01-29T15:05:37.495+0000] {processor.py:208} INFO - Processing /home/airflow/.local/lib/python3.10/site-packages/airflow/example_dags/example_local_kubernetes_executor.py took 0.078 seconds
[2025-01-29T15:06:07.841+0000] {processor.py:186} INFO - Started process (PID=1552) to work on /home/airflow/.local/lib/python3.10/site-packages/airflow/example_dags/example_local_kubernetes_executor.py
[2025-01-29T15:06:07.842+0000] {processor.py:914} INFO - Processing file /home/airflow/.local/lib/python3.10/site-packages/airflow/example_dags/example_local_kubernetes_executor.py for tasks to queue
[2025-01-29T15:06:07.844+0000] {logging_mixin.py:190} INFO - [2025-01-29T15:06:07.844+0000] {dagbag.py:588} INFO - Filling up the DagBag from /home/airflow/.local/lib/python3.10/site-packages/airflow/example_dags/example_local_kubernetes_executor.py
[2025-01-29T15:06:07.853+0000] {processor.py:925} INFO - DAG(s) 'example_local_kubernetes_executor' retrieved from /home/airflow/.local/lib/python3.10/site-packages/airflow/example_dags/example_local_kubernetes_executor.py
[2025-01-29T15:06:07.880+0000] {logging_mixin.py:190} WARNING - /home/airflow/.local/lib/python3.10/site-packages/airflow/providers/cncf/kubernetes/utils/k8s_hashlib_wrapper.py:29 DeprecationWarning: Python version constraint 'PY39' is deprecated and will be removed in the future. Please get version info from the 'sys.version_info'.
[2025-01-29T15:06:07.886+0000] {logging_mixin.py:190} INFO - [2025-01-29T15:06:07.886+0000] {dag.py:3239} INFO - Sync 1 DAGs
[2025-01-29T15:06:07.899+0000] {logging_mixin.py:190} INFO - [2025-01-29T15:06:07.899+0000] {dag.py:4180} INFO - Setting next_dagrun for example_local_kubernetes_executor to None, run_after=None
[2025-01-29T15:06:07.914+0000] {processor.py:208} INFO - Processing /home/airflow/.local/lib/python3.10/site-packages/airflow/example_dags/example_local_kubernetes_executor.py took 0.079 seconds
[2025-01-29T15:06:38.103+0000] {processor.py:186} INFO - Started process (PID=1618) to work on /home/airflow/.local/lib/python3.10/site-packages/airflow/example_dags/example_local_kubernetes_executor.py
[2025-01-29T15:06:38.104+0000] {processor.py:914} INFO - Processing file /home/airflow/.local/lib/python3.10/site-packages/airflow/example_dags/example_local_kubernetes_executor.py for tasks to queue
[2025-01-29T15:06:38.107+0000] {logging_mixin.py:190} INFO - [2025-01-29T15:06:38.107+0000] {dagbag.py:588} INFO - Filling up the DagBag from /home/airflow/.local/lib/python3.10/site-packages/airflow/example_dags/example_local_kubernetes_executor.py
[2025-01-29T15:06:38.116+0000] {processor.py:925} INFO - DAG(s) 'example_local_kubernetes_executor' retrieved from /home/airflow/.local/lib/python3.10/site-packages/airflow/example_dags/example_local_kubernetes_executor.py
[2025-01-29T15:06:38.144+0000] {logging_mixin.py:190} WARNING - /home/airflow/.local/lib/python3.10/site-packages/airflow/providers/cncf/kubernetes/utils/k8s_hashlib_wrapper.py:29 DeprecationWarning: Python version constraint 'PY39' is deprecated and will be removed in the future. Please get version info from the 'sys.version_info'.
[2025-01-29T15:06:38.150+0000] {logging_mixin.py:190} INFO - [2025-01-29T15:06:38.150+0000] {dag.py:3239} INFO - Sync 1 DAGs
[2025-01-29T15:06:38.162+0000] {logging_mixin.py:190} INFO - [2025-01-29T15:06:38.162+0000] {dag.py:4180} INFO - Setting next_dagrun for example_local_kubernetes_executor to None, run_after=None
[2025-01-29T15:06:38.177+0000] {processor.py:208} INFO - Processing /home/airflow/.local/lib/python3.10/site-packages/airflow/example_dags/example_local_kubernetes_executor.py took 0.079 seconds
[2025-01-29T15:07:08.452+0000] {processor.py:186} INFO - Started process (PID=1684) to work on /home/airflow/.local/lib/python3.10/site-packages/airflow/example_dags/example_local_kubernetes_executor.py
[2025-01-29T15:07:08.453+0000] {processor.py:914} INFO - Processing file /home/airflow/.local/lib/python3.10/site-packages/airflow/example_dags/example_local_kubernetes_executor.py for tasks to queue
[2025-01-29T15:07:08.455+0000] {logging_mixin.py:190} INFO - [2025-01-29T15:07:08.455+0000] {dagbag.py:588} INFO - Filling up the DagBag from /home/airflow/.local/lib/python3.10/site-packages/airflow/example_dags/example_local_kubernetes_executor.py
[2025-01-29T15:07:08.463+0000] {processor.py:925} INFO - DAG(s) 'example_local_kubernetes_executor' retrieved from /home/airflow/.local/lib/python3.10/site-packages/airflow/example_dags/example_local_kubernetes_executor.py
[2025-01-29T15:07:08.492+0000] {logging_mixin.py:190} WARNING - /home/airflow/.local/lib/python3.10/site-packages/airflow/providers/cncf/kubernetes/utils/k8s_hashlib_wrapper.py:29 DeprecationWarning: Python version constraint 'PY39' is deprecated and will be removed in the future. Please get version info from the 'sys.version_info'.
[2025-01-29T15:07:08.498+0000] {logging_mixin.py:190} INFO - [2025-01-29T15:07:08.498+0000] {dag.py:3239} INFO - Sync 1 DAGs
[2025-01-29T15:07:08.511+0000] {logging_mixin.py:190} INFO - [2025-01-29T15:07:08.511+0000] {dag.py:4180} INFO - Setting next_dagrun for example_local_kubernetes_executor to None, run_after=None
[2025-01-29T15:07:08.526+0000] {processor.py:208} INFO - Processing /home/airflow/.local/lib/python3.10/site-packages/airflow/example_dags/example_local_kubernetes_executor.py took 0.080 seconds
[2025-01-29T15:07:39.272+0000] {processor.py:186} INFO - Started process (PID=1750) to work on /home/airflow/.local/lib/python3.10/site-packages/airflow/example_dags/example_local_kubernetes_executor.py
[2025-01-29T15:07:39.273+0000] {processor.py:914} INFO - Processing file /home/airflow/.local/lib/python3.10/site-packages/airflow/example_dags/example_local_kubernetes_executor.py for tasks to queue
[2025-01-29T15:07:39.276+0000] {logging_mixin.py:190} INFO - [2025-01-29T15:07:39.275+0000] {dagbag.py:588} INFO - Filling up the DagBag from /home/airflow/.local/lib/python3.10/site-packages/airflow/example_dags/example_local_kubernetes_executor.py
[2025-01-29T15:07:39.284+0000] {processor.py:925} INFO - DAG(s) 'example_local_kubernetes_executor' retrieved from /home/airflow/.local/lib/python3.10/site-packages/airflow/example_dags/example_local_kubernetes_executor.py
[2025-01-29T15:07:39.311+0000] {logging_mixin.py:190} WARNING - /home/airflow/.local/lib/python3.10/site-packages/airflow/providers/cncf/kubernetes/utils/k8s_hashlib_wrapper.py:29 DeprecationWarning: Python version constraint 'PY39' is deprecated and will be removed in the future. Please get version info from the 'sys.version_info'.
[2025-01-29T15:07:39.317+0000] {logging_mixin.py:190} INFO - [2025-01-29T15:07:39.316+0000] {dag.py:3239} INFO - Sync 1 DAGs
[2025-01-29T15:07:39.330+0000] {logging_mixin.py:190} INFO - [2025-01-29T15:07:39.329+0000] {dag.py:4180} INFO - Setting next_dagrun for example_local_kubernetes_executor to None, run_after=None
[2025-01-29T15:07:39.344+0000] {processor.py:208} INFO - Processing /home/airflow/.local/lib/python3.10/site-packages/airflow/example_dags/example_local_kubernetes_executor.py took 0.077 seconds
[2025-01-29T15:08:10.399+0000] {processor.py:186} INFO - Started process (PID=1816) to work on /home/airflow/.local/lib/python3.10/site-packages/airflow/example_dags/example_local_kubernetes_executor.py
[2025-01-29T15:08:10.400+0000] {processor.py:914} INFO - Processing file /home/airflow/.local/lib/python3.10/site-packages/airflow/example_dags/example_local_kubernetes_executor.py for tasks to queue
[2025-01-29T15:08:10.402+0000] {logging_mixin.py:190} INFO - [2025-01-29T15:08:10.402+0000] {dagbag.py:588} INFO - Filling up the DagBag from /home/airflow/.local/lib/python3.10/site-packages/airflow/example_dags/example_local_kubernetes_executor.py
[2025-01-29T15:08:10.410+0000] {processor.py:925} INFO - DAG(s) 'example_local_kubernetes_executor' retrieved from /home/airflow/.local/lib/python3.10/site-packages/airflow/example_dags/example_local_kubernetes_executor.py
[2025-01-29T15:08:10.438+0000] {logging_mixin.py:190} WARNING - /home/airflow/.local/lib/python3.10/site-packages/airflow/providers/cncf/kubernetes/utils/k8s_hashlib_wrapper.py:29 DeprecationWarning: Python version constraint 'PY39' is deprecated and will be removed in the future. Please get version info from the 'sys.version_info'.
[2025-01-29T15:08:10.444+0000] {logging_mixin.py:190} INFO - [2025-01-29T15:08:10.443+0000] {dag.py:3239} INFO - Sync 1 DAGs
[2025-01-29T15:08:10.457+0000] {logging_mixin.py:190} INFO - [2025-01-29T15:08:10.457+0000] {dag.py:4180} INFO - Setting next_dagrun for example_local_kubernetes_executor to None, run_after=None
[2025-01-29T15:08:10.471+0000] {processor.py:208} INFO - Processing /home/airflow/.local/lib/python3.10/site-packages/airflow/example_dags/example_local_kubernetes_executor.py took 0.078 seconds
[2025-01-29T15:08:41.127+0000] {processor.py:186} INFO - Started process (PID=1882) to work on /home/airflow/.local/lib/python3.10/site-packages/airflow/example_dags/example_local_kubernetes_executor.py
[2025-01-29T15:08:41.128+0000] {processor.py:914} INFO - Processing file /home/airflow/.local/lib/python3.10/site-packages/airflow/example_dags/example_local_kubernetes_executor.py for tasks to queue
[2025-01-29T15:08:41.130+0000] {logging_mixin.py:190} INFO - [2025-01-29T15:08:41.130+0000] {dagbag.py:588} INFO - Filling up the DagBag from /home/airflow/.local/lib/python3.10/site-packages/airflow/example_dags/example_local_kubernetes_executor.py
[2025-01-29T15:08:41.138+0000] {processor.py:925} INFO - DAG(s) 'example_local_kubernetes_executor' retrieved from /home/airflow/.local/lib/python3.10/site-packages/airflow/example_dags/example_local_kubernetes_executor.py
[2025-01-29T15:08:41.166+0000] {logging_mixin.py:190} WARNING - /home/airflow/.local/lib/python3.10/site-packages/airflow/providers/cncf/kubernetes/utils/k8s_hashlib_wrapper.py:29 DeprecationWarning: Python version constraint 'PY39' is deprecated and will be removed in the future. Please get version info from the 'sys.version_info'.
[2025-01-29T15:08:41.172+0000] {logging_mixin.py:190} INFO - [2025-01-29T15:08:41.172+0000] {dag.py:3239} INFO - Sync 1 DAGs
[2025-01-29T15:08:41.186+0000] {logging_mixin.py:190} INFO - [2025-01-29T15:08:41.186+0000] {dag.py:4180} INFO - Setting next_dagrun for example_local_kubernetes_executor to None, run_after=None
[2025-01-29T15:08:41.200+0000] {processor.py:208} INFO - Processing /home/airflow/.local/lib/python3.10/site-packages/airflow/example_dags/example_local_kubernetes_executor.py took 0.078 seconds
[2025-01-29T15:09:12.279+0000] {processor.py:186} INFO - Started process (PID=1948) to work on /home/airflow/.local/lib/python3.10/site-packages/airflow/example_dags/example_local_kubernetes_executor.py
[2025-01-29T15:09:12.280+0000] {processor.py:914} INFO - Processing file /home/airflow/.local/lib/python3.10/site-packages/airflow/example_dags/example_local_kubernetes_executor.py for tasks to queue
[2025-01-29T15:09:12.283+0000] {logging_mixin.py:190} INFO - [2025-01-29T15:09:12.282+0000] {dagbag.py:588} INFO - Filling up the DagBag from /home/airflow/.local/lib/python3.10/site-packages/airflow/example_dags/example_local_kubernetes_executor.py
[2025-01-29T15:09:12.293+0000] {processor.py:925} INFO - DAG(s) 'example_local_kubernetes_executor' retrieved from /home/airflow/.local/lib/python3.10/site-packages/airflow/example_dags/example_local_kubernetes_executor.py
[2025-01-29T15:09:12.322+0000] {logging_mixin.py:190} WARNING - /home/airflow/.local/lib/python3.10/site-packages/airflow/providers/cncf/kubernetes/utils/k8s_hashlib_wrapper.py:29 DeprecationWarning: Python version constraint 'PY39' is deprecated and will be removed in the future. Please get version info from the 'sys.version_info'.
[2025-01-29T15:09:12.329+0000] {logging_mixin.py:190} INFO - [2025-01-29T15:09:12.329+0000] {dag.py:3239} INFO - Sync 1 DAGs
[2025-01-29T15:09:12.343+0000] {logging_mixin.py:190} INFO - [2025-01-29T15:09:12.343+0000] {dag.py:4180} INFO - Setting next_dagrun for example_local_kubernetes_executor to None, run_after=None
[2025-01-29T15:09:12.359+0000] {processor.py:208} INFO - Processing /home/airflow/.local/lib/python3.10/site-packages/airflow/example_dags/example_local_kubernetes_executor.py took 0.087 seconds
[2025-01-29T15:09:42.911+0000] {processor.py:186} INFO - Started process (PID=2014) to work on /home/airflow/.local/lib/python3.10/site-packages/airflow/example_dags/example_local_kubernetes_executor.py
[2025-01-29T15:09:42.912+0000] {processor.py:914} INFO - Processing file /home/airflow/.local/lib/python3.10/site-packages/airflow/example_dags/example_local_kubernetes_executor.py for tasks to queue
[2025-01-29T15:09:42.915+0000] {logging_mixin.py:190} INFO - [2025-01-29T15:09:42.914+0000] {dagbag.py:588} INFO - Filling up the DagBag from /home/airflow/.local/lib/python3.10/site-packages/airflow/example_dags/example_local_kubernetes_executor.py
[2025-01-29T15:09:42.923+0000] {processor.py:925} INFO - DAG(s) 'example_local_kubernetes_executor' retrieved from /home/airflow/.local/lib/python3.10/site-packages/airflow/example_dags/example_local_kubernetes_executor.py
[2025-01-29T15:09:42.953+0000] {logging_mixin.py:190} WARNING - /home/airflow/.local/lib/python3.10/site-packages/airflow/providers/cncf/kubernetes/utils/k8s_hashlib_wrapper.py:29 DeprecationWarning: Python version constraint 'PY39' is deprecated and will be removed in the future. Please get version info from the 'sys.version_info'.
[2025-01-29T15:09:42.959+0000] {logging_mixin.py:190} INFO - [2025-01-29T15:09:42.959+0000] {dag.py:3239} INFO - Sync 1 DAGs
[2025-01-29T15:09:43.138+0000] {logging_mixin.py:190} INFO - [2025-01-29T15:09:43.138+0000] {dag.py:4180} INFO - Setting next_dagrun for example_local_kubernetes_executor to None, run_after=None
[2025-01-29T15:09:43.153+0000] {processor.py:208} INFO - Processing /home/airflow/.local/lib/python3.10/site-packages/airflow/example_dags/example_local_kubernetes_executor.py took 0.248 seconds
[2025-01-29T15:10:13.614+0000] {processor.py:186} INFO - Started process (PID=2080) to work on /home/airflow/.local/lib/python3.10/site-packages/airflow/example_dags/example_local_kubernetes_executor.py
[2025-01-29T15:10:13.615+0000] {processor.py:914} INFO - Processing file /home/airflow/.local/lib/python3.10/site-packages/airflow/example_dags/example_local_kubernetes_executor.py for tasks to queue
[2025-01-29T15:10:13.617+0000] {logging_mixin.py:190} INFO - [2025-01-29T15:10:13.617+0000] {dagbag.py:588} INFO - Filling up the DagBag from /home/airflow/.local/lib/python3.10/site-packages/airflow/example_dags/example_local_kubernetes_executor.py
[2025-01-29T15:10:13.625+0000] {processor.py:925} INFO - DAG(s) 'example_local_kubernetes_executor' retrieved from /home/airflow/.local/lib/python3.10/site-packages/airflow/example_dags/example_local_kubernetes_executor.py
[2025-01-29T15:10:13.653+0000] {logging_mixin.py:190} WARNING - /home/airflow/.local/lib/python3.10/site-packages/airflow/providers/cncf/kubernetes/utils/k8s_hashlib_wrapper.py:29 DeprecationWarning: Python version constraint 'PY39' is deprecated and will be removed in the future. Please get version info from the 'sys.version_info'.
[2025-01-29T15:10:13.659+0000] {logging_mixin.py:190} INFO - [2025-01-29T15:10:13.659+0000] {dag.py:3239} INFO - Sync 1 DAGs
[2025-01-29T15:10:13.832+0000] {logging_mixin.py:190} INFO - [2025-01-29T15:10:13.832+0000] {dag.py:4180} INFO - Setting next_dagrun for example_local_kubernetes_executor to None, run_after=None
[2025-01-29T15:10:13.847+0000] {processor.py:208} INFO - Processing /home/airflow/.local/lib/python3.10/site-packages/airflow/example_dags/example_local_kubernetes_executor.py took 0.238 seconds
[2025-01-29T15:10:43.933+0000] {processor.py:186} INFO - Started process (PID=2146) to work on /home/airflow/.local/lib/python3.10/site-packages/airflow/example_dags/example_local_kubernetes_executor.py
[2025-01-29T15:10:43.934+0000] {processor.py:914} INFO - Processing file /home/airflow/.local/lib/python3.10/site-packages/airflow/example_dags/example_local_kubernetes_executor.py for tasks to queue
[2025-01-29T15:10:43.936+0000] {logging_mixin.py:190} INFO - [2025-01-29T15:10:43.936+0000] {dagbag.py:588} INFO - Filling up the DagBag from /home/airflow/.local/lib/python3.10/site-packages/airflow/example_dags/example_local_kubernetes_executor.py
[2025-01-29T15:10:43.944+0000] {processor.py:925} INFO - DAG(s) 'example_local_kubernetes_executor' retrieved from /home/airflow/.local/lib/python3.10/site-packages/airflow/example_dags/example_local_kubernetes_executor.py
[2025-01-29T15:10:43.971+0000] {logging_mixin.py:190} WARNING - /home/airflow/.local/lib/python3.10/site-packages/airflow/providers/cncf/kubernetes/utils/k8s_hashlib_wrapper.py:29 DeprecationWarning: Python version constraint 'PY39' is deprecated and will be removed in the future. Please get version info from the 'sys.version_info'.
[2025-01-29T15:10:43.977+0000] {logging_mixin.py:190} INFO - [2025-01-29T15:10:43.977+0000] {dag.py:3239} INFO - Sync 1 DAGs
[2025-01-29T15:10:44.151+0000] {logging_mixin.py:190} INFO - [2025-01-29T15:10:44.151+0000] {dag.py:4180} INFO - Setting next_dagrun for example_local_kubernetes_executor to None, run_after=None
[2025-01-29T15:10:44.166+0000] {processor.py:208} INFO - Processing /home/airflow/.local/lib/python3.10/site-packages/airflow/example_dags/example_local_kubernetes_executor.py took 0.238 seconds
[2025-01-29T15:11:14.266+0000] {processor.py:186} INFO - Started process (PID=2212) to work on /home/airflow/.local/lib/python3.10/site-packages/airflow/example_dags/example_local_kubernetes_executor.py
[2025-01-29T15:11:14.267+0000] {processor.py:914} INFO - Processing file /home/airflow/.local/lib/python3.10/site-packages/airflow/example_dags/example_local_kubernetes_executor.py for tasks to queue
[2025-01-29T15:11:14.270+0000] {logging_mixin.py:190} INFO - [2025-01-29T15:11:14.270+0000] {dagbag.py:588} INFO - Filling up the DagBag from /home/airflow/.local/lib/python3.10/site-packages/airflow/example_dags/example_local_kubernetes_executor.py
[2025-01-29T15:11:14.278+0000] {processor.py:925} INFO - DAG(s) 'example_local_kubernetes_executor' retrieved from /home/airflow/.local/lib/python3.10/site-packages/airflow/example_dags/example_local_kubernetes_executor.py
[2025-01-29T15:11:14.306+0000] {logging_mixin.py:190} WARNING - /home/airflow/.local/lib/python3.10/site-packages/airflow/providers/cncf/kubernetes/utils/k8s_hashlib_wrapper.py:29 DeprecationWarning: Python version constraint 'PY39' is deprecated and will be removed in the future. Please get version info from the 'sys.version_info'.
[2025-01-29T15:11:14.312+0000] {logging_mixin.py:190} INFO - [2025-01-29T15:11:14.312+0000] {dag.py:3239} INFO - Sync 1 DAGs
[2025-01-29T15:11:14.327+0000] {logging_mixin.py:190} INFO - [2025-01-29T15:11:14.327+0000] {dag.py:4180} INFO - Setting next_dagrun for example_local_kubernetes_executor to None, run_after=None
[2025-01-29T15:11:14.341+0000] {processor.py:208} INFO - Processing /home/airflow/.local/lib/python3.10/site-packages/airflow/example_dags/example_local_kubernetes_executor.py took 0.081 seconds
[2025-01-29T15:11:44.381+0000] {processor.py:186} INFO - Started process (PID=2277) to work on /home/airflow/.local/lib/python3.10/site-packages/airflow/example_dags/example_local_kubernetes_executor.py
[2025-01-29T15:11:44.381+0000] {processor.py:914} INFO - Processing file /home/airflow/.local/lib/python3.10/site-packages/airflow/example_dags/example_local_kubernetes_executor.py for tasks to queue
[2025-01-29T15:11:44.384+0000] {logging_mixin.py:190} INFO - [2025-01-29T15:11:44.384+0000] {dagbag.py:588} INFO - Filling up the DagBag from /home/airflow/.local/lib/python3.10/site-packages/airflow/example_dags/example_local_kubernetes_executor.py
[2025-01-29T15:11:44.392+0000] {processor.py:925} INFO - DAG(s) 'example_local_kubernetes_executor' retrieved from /home/airflow/.local/lib/python3.10/site-packages/airflow/example_dags/example_local_kubernetes_executor.py
[2025-01-29T15:11:44.420+0000] {logging_mixin.py:190} WARNING - /home/airflow/.local/lib/python3.10/site-packages/airflow/providers/cncf/kubernetes/utils/k8s_hashlib_wrapper.py:29 DeprecationWarning: Python version constraint 'PY39' is deprecated and will be removed in the future. Please get version info from the 'sys.version_info'.
[2025-01-29T15:11:44.427+0000] {logging_mixin.py:190} INFO - [2025-01-29T15:11:44.427+0000] {dag.py:3239} INFO - Sync 1 DAGs
[2025-01-29T15:11:44.439+0000] {logging_mixin.py:190} INFO - [2025-01-29T15:11:44.439+0000] {dag.py:4180} INFO - Setting next_dagrun for example_local_kubernetes_executor to None, run_after=None
[2025-01-29T15:11:44.454+0000] {processor.py:208} INFO - Processing /home/airflow/.local/lib/python3.10/site-packages/airflow/example_dags/example_local_kubernetes_executor.py took 0.079 seconds
[2025-01-29T15:12:14.555+0000] {processor.py:186} INFO - Started process (PID=2343) to work on /home/airflow/.local/lib/python3.10/site-packages/airflow/example_dags/example_local_kubernetes_executor.py
[2025-01-29T15:12:14.556+0000] {processor.py:914} INFO - Processing file /home/airflow/.local/lib/python3.10/site-packages/airflow/example_dags/example_local_kubernetes_executor.py for tasks to queue
[2025-01-29T15:12:14.558+0000] {logging_mixin.py:190} INFO - [2025-01-29T15:12:14.558+0000] {dagbag.py:588} INFO - Filling up the DagBag from /home/airflow/.local/lib/python3.10/site-packages/airflow/example_dags/example_local_kubernetes_executor.py
[2025-01-29T15:12:14.566+0000] {processor.py:925} INFO - DAG(s) 'example_local_kubernetes_executor' retrieved from /home/airflow/.local/lib/python3.10/site-packages/airflow/example_dags/example_local_kubernetes_executor.py
[2025-01-29T15:12:14.594+0000] {logging_mixin.py:190} WARNING - /home/airflow/.local/lib/python3.10/site-packages/airflow/providers/cncf/kubernetes/utils/k8s_hashlib_wrapper.py:29 DeprecationWarning: Python version constraint 'PY39' is deprecated and will be removed in the future. Please get version info from the 'sys.version_info'.
[2025-01-29T15:12:14.601+0000] {logging_mixin.py:190} INFO - [2025-01-29T15:12:14.601+0000] {dag.py:3239} INFO - Sync 1 DAGs
[2025-01-29T15:12:14.613+0000] {logging_mixin.py:190} INFO - [2025-01-29T15:12:14.613+0000] {dag.py:4180} INFO - Setting next_dagrun for example_local_kubernetes_executor to None, run_after=None
[2025-01-29T15:12:14.628+0000] {processor.py:208} INFO - Processing /home/airflow/.local/lib/python3.10/site-packages/airflow/example_dags/example_local_kubernetes_executor.py took 0.079 seconds
[2025-01-29T15:12:44.804+0000] {processor.py:186} INFO - Started process (PID=2409) to work on /home/airflow/.local/lib/python3.10/site-packages/airflow/example_dags/example_local_kubernetes_executor.py
[2025-01-29T15:12:44.804+0000] {processor.py:914} INFO - Processing file /home/airflow/.local/lib/python3.10/site-packages/airflow/example_dags/example_local_kubernetes_executor.py for tasks to queue
[2025-01-29T15:12:44.807+0000] {logging_mixin.py:190} INFO - [2025-01-29T15:12:44.807+0000] {dagbag.py:588} INFO - Filling up the DagBag from /home/airflow/.local/lib/python3.10/site-packages/airflow/example_dags/example_local_kubernetes_executor.py
[2025-01-29T15:12:44.815+0000] {processor.py:925} INFO - DAG(s) 'example_local_kubernetes_executor' retrieved from /home/airflow/.local/lib/python3.10/site-packages/airflow/example_dags/example_local_kubernetes_executor.py
[2025-01-29T15:12:44.843+0000] {logging_mixin.py:190} WARNING - /home/airflow/.local/lib/python3.10/site-packages/airflow/providers/cncf/kubernetes/utils/k8s_hashlib_wrapper.py:29 DeprecationWarning: Python version constraint 'PY39' is deprecated and will be removed in the future. Please get version info from the 'sys.version_info'.
[2025-01-29T15:12:44.850+0000] {logging_mixin.py:190} INFO - [2025-01-29T15:12:44.850+0000] {dag.py:3239} INFO - Sync 1 DAGs
[2025-01-29T15:12:44.862+0000] {logging_mixin.py:190} INFO - [2025-01-29T15:12:44.862+0000] {dag.py:4180} INFO - Setting next_dagrun for example_local_kubernetes_executor to None, run_after=None
[2025-01-29T15:12:44.878+0000] {processor.py:208} INFO - Processing /home/airflow/.local/lib/python3.10/site-packages/airflow/example_dags/example_local_kubernetes_executor.py took 0.080 seconds
[2025-01-29T15:13:14.970+0000] {processor.py:186} INFO - Started process (PID=2475) to work on /home/airflow/.local/lib/python3.10/site-packages/airflow/example_dags/example_local_kubernetes_executor.py
[2025-01-29T15:13:14.970+0000] {processor.py:914} INFO - Processing file /home/airflow/.local/lib/python3.10/site-packages/airflow/example_dags/example_local_kubernetes_executor.py for tasks to queue
[2025-01-29T15:13:14.973+0000] {logging_mixin.py:190} INFO - [2025-01-29T15:13:14.972+0000] {dagbag.py:588} INFO - Filling up the DagBag from /home/airflow/.local/lib/python3.10/site-packages/airflow/example_dags/example_local_kubernetes_executor.py
[2025-01-29T15:13:14.981+0000] {processor.py:925} INFO - DAG(s) 'example_local_kubernetes_executor' retrieved from /home/airflow/.local/lib/python3.10/site-packages/airflow/example_dags/example_local_kubernetes_executor.py
[2025-01-29T15:13:15.009+0000] {logging_mixin.py:190} WARNING - /home/airflow/.local/lib/python3.10/site-packages/airflow/providers/cncf/kubernetes/utils/k8s_hashlib_wrapper.py:29 DeprecationWarning: Python version constraint 'PY39' is deprecated and will be removed in the future. Please get version info from the 'sys.version_info'.
[2025-01-29T15:13:15.016+0000] {logging_mixin.py:190} INFO - [2025-01-29T15:13:15.016+0000] {dag.py:3239} INFO - Sync 1 DAGs
[2025-01-29T15:13:15.029+0000] {logging_mixin.py:190} INFO - [2025-01-29T15:13:15.029+0000] {dag.py:4180} INFO - Setting next_dagrun for example_local_kubernetes_executor to None, run_after=None
[2025-01-29T15:13:15.043+0000] {processor.py:208} INFO - Processing /home/airflow/.local/lib/python3.10/site-packages/airflow/example_dags/example_local_kubernetes_executor.py took 0.079 seconds
[2025-01-29T15:13:45.162+0000] {processor.py:186} INFO - Started process (PID=2541) to work on /home/airflow/.local/lib/python3.10/site-packages/airflow/example_dags/example_local_kubernetes_executor.py
[2025-01-29T15:13:45.162+0000] {processor.py:914} INFO - Processing file /home/airflow/.local/lib/python3.10/site-packages/airflow/example_dags/example_local_kubernetes_executor.py for tasks to queue
[2025-01-29T15:13:45.165+0000] {logging_mixin.py:190} INFO - [2025-01-29T15:13:45.165+0000] {dagbag.py:588} INFO - Filling up the DagBag from /home/airflow/.local/lib/python3.10/site-packages/airflow/example_dags/example_local_kubernetes_executor.py
[2025-01-29T15:13:45.174+0000] {processor.py:925} INFO - DAG(s) 'example_local_kubernetes_executor' retrieved from /home/airflow/.local/lib/python3.10/site-packages/airflow/example_dags/example_local_kubernetes_executor.py
[2025-01-29T15:13:45.204+0000] {logging_mixin.py:190} WARNING - /home/airflow/.local/lib/python3.10/site-packages/airflow/providers/cncf/kubernetes/utils/k8s_hashlib_wrapper.py:29 DeprecationWarning: Python version constraint 'PY39' is deprecated and will be removed in the future. Please get version info from the 'sys.version_info'.
[2025-01-29T15:13:45.210+0000] {logging_mixin.py:190} INFO - [2025-01-29T15:13:45.210+0000] {dag.py:3239} INFO - Sync 1 DAGs
[2025-01-29T15:13:45.223+0000] {logging_mixin.py:190} INFO - [2025-01-29T15:13:45.223+0000] {dag.py:4180} INFO - Setting next_dagrun for example_local_kubernetes_executor to None, run_after=None
[2025-01-29T15:13:45.237+0000] {processor.py:208} INFO - Processing /home/airflow/.local/lib/python3.10/site-packages/airflow/example_dags/example_local_kubernetes_executor.py took 0.081 seconds
[2025-01-29T15:14:15.425+0000] {processor.py:186} INFO - Started process (PID=2607) to work on /home/airflow/.local/lib/python3.10/site-packages/airflow/example_dags/example_local_kubernetes_executor.py
[2025-01-29T15:14:15.426+0000] {processor.py:914} INFO - Processing file /home/airflow/.local/lib/python3.10/site-packages/airflow/example_dags/example_local_kubernetes_executor.py for tasks to queue
[2025-01-29T15:14:15.428+0000] {logging_mixin.py:190} INFO - [2025-01-29T15:14:15.428+0000] {dagbag.py:588} INFO - Filling up the DagBag from /home/airflow/.local/lib/python3.10/site-packages/airflow/example_dags/example_local_kubernetes_executor.py
[2025-01-29T15:14:15.437+0000] {processor.py:925} INFO - DAG(s) 'example_local_kubernetes_executor' retrieved from /home/airflow/.local/lib/python3.10/site-packages/airflow/example_dags/example_local_kubernetes_executor.py
[2025-01-29T15:14:15.465+0000] {logging_mixin.py:190} WARNING - /home/airflow/.local/lib/python3.10/site-packages/airflow/providers/cncf/kubernetes/utils/k8s_hashlib_wrapper.py:29 DeprecationWarning: Python version constraint 'PY39' is deprecated and will be removed in the future. Please get version info from the 'sys.version_info'.
[2025-01-29T15:14:15.471+0000] {logging_mixin.py:190} INFO - [2025-01-29T15:14:15.471+0000] {dag.py:3239} INFO - Sync 1 DAGs
[2025-01-29T15:14:15.484+0000] {logging_mixin.py:190} INFO - [2025-01-29T15:14:15.484+0000] {dag.py:4180} INFO - Setting next_dagrun for example_local_kubernetes_executor to None, run_after=None
[2025-01-29T15:14:15.500+0000] {processor.py:208} INFO - Processing /home/airflow/.local/lib/python3.10/site-packages/airflow/example_dags/example_local_kubernetes_executor.py took 0.080 seconds
[2025-01-29T15:14:45.649+0000] {processor.py:186} INFO - Started process (PID=2673) to work on /home/airflow/.local/lib/python3.10/site-packages/airflow/example_dags/example_local_kubernetes_executor.py
[2025-01-29T15:14:45.650+0000] {processor.py:914} INFO - Processing file /home/airflow/.local/lib/python3.10/site-packages/airflow/example_dags/example_local_kubernetes_executor.py for tasks to queue
[2025-01-29T15:14:45.652+0000] {logging_mixin.py:190} INFO - [2025-01-29T15:14:45.652+0000] {dagbag.py:588} INFO - Filling up the DagBag from /home/airflow/.local/lib/python3.10/site-packages/airflow/example_dags/example_local_kubernetes_executor.py
[2025-01-29T15:14:45.660+0000] {processor.py:925} INFO - DAG(s) 'example_local_kubernetes_executor' retrieved from /home/airflow/.local/lib/python3.10/site-packages/airflow/example_dags/example_local_kubernetes_executor.py
[2025-01-29T15:14:45.689+0000] {logging_mixin.py:190} WARNING - /home/airflow/.local/lib/python3.10/site-packages/airflow/providers/cncf/kubernetes/utils/k8s_hashlib_wrapper.py:29 DeprecationWarning: Python version constraint 'PY39' is deprecated and will be removed in the future. Please get version info from the 'sys.version_info'.
[2025-01-29T15:14:45.695+0000] {logging_mixin.py:190} INFO - [2025-01-29T15:14:45.695+0000] {dag.py:3239} INFO - Sync 1 DAGs
[2025-01-29T15:14:45.708+0000] {logging_mixin.py:190} INFO - [2025-01-29T15:14:45.708+0000] {dag.py:4180} INFO - Setting next_dagrun for example_local_kubernetes_executor to None, run_after=None
[2025-01-29T15:14:45.722+0000] {processor.py:208} INFO - Processing /home/airflow/.local/lib/python3.10/site-packages/airflow/example_dags/example_local_kubernetes_executor.py took 0.078 seconds
[2025-01-29T15:15:16.071+0000] {processor.py:186} INFO - Started process (PID=2739) to work on /home/airflow/.local/lib/python3.10/site-packages/airflow/example_dags/example_local_kubernetes_executor.py
[2025-01-29T15:15:16.072+0000] {processor.py:914} INFO - Processing file /home/airflow/.local/lib/python3.10/site-packages/airflow/example_dags/example_local_kubernetes_executor.py for tasks to queue
[2025-01-29T15:15:16.074+0000] {logging_mixin.py:190} INFO - [2025-01-29T15:15:16.074+0000] {dagbag.py:588} INFO - Filling up the DagBag from /home/airflow/.local/lib/python3.10/site-packages/airflow/example_dags/example_local_kubernetes_executor.py
[2025-01-29T15:15:16.083+0000] {processor.py:925} INFO - DAG(s) 'example_local_kubernetes_executor' retrieved from /home/airflow/.local/lib/python3.10/site-packages/airflow/example_dags/example_local_kubernetes_executor.py
[2025-01-29T15:15:16.109+0000] {logging_mixin.py:190} WARNING - /home/airflow/.local/lib/python3.10/site-packages/airflow/providers/cncf/kubernetes/utils/k8s_hashlib_wrapper.py:29 DeprecationWarning: Python version constraint 'PY39' is deprecated and will be removed in the future. Please get version info from the 'sys.version_info'.
[2025-01-29T15:15:16.116+0000] {logging_mixin.py:190} INFO - [2025-01-29T15:15:16.116+0000] {dag.py:3239} INFO - Sync 1 DAGs
[2025-01-29T15:15:16.128+0000] {logging_mixin.py:190} INFO - [2025-01-29T15:15:16.128+0000] {dag.py:4180} INFO - Setting next_dagrun for example_local_kubernetes_executor to None, run_after=None
[2025-01-29T15:15:16.142+0000] {processor.py:208} INFO - Processing /home/airflow/.local/lib/python3.10/site-packages/airflow/example_dags/example_local_kubernetes_executor.py took 0.076 seconds
[2025-01-29T15:15:46.823+0000] {processor.py:186} INFO - Started process (PID=2805) to work on /home/airflow/.local/lib/python3.10/site-packages/airflow/example_dags/example_local_kubernetes_executor.py
[2025-01-29T15:15:46.824+0000] {processor.py:914} INFO - Processing file /home/airflow/.local/lib/python3.10/site-packages/airflow/example_dags/example_local_kubernetes_executor.py for tasks to queue
[2025-01-29T15:15:46.826+0000] {logging_mixin.py:190} INFO - [2025-01-29T15:15:46.826+0000] {dagbag.py:588} INFO - Filling up the DagBag from /home/airflow/.local/lib/python3.10/site-packages/airflow/example_dags/example_local_kubernetes_executor.py
[2025-01-29T15:15:46.835+0000] {processor.py:925} INFO - DAG(s) 'example_local_kubernetes_executor' retrieved from /home/airflow/.local/lib/python3.10/site-packages/airflow/example_dags/example_local_kubernetes_executor.py
[2025-01-29T15:15:46.863+0000] {logging_mixin.py:190} WARNING - /home/airflow/.local/lib/python3.10/site-packages/airflow/providers/cncf/kubernetes/utils/k8s_hashlib_wrapper.py:29 DeprecationWarning: Python version constraint 'PY39' is deprecated and will be removed in the future. Please get version info from the 'sys.version_info'.
[2025-01-29T15:15:46.870+0000] {logging_mixin.py:190} INFO - [2025-01-29T15:15:46.870+0000] {dag.py:3239} INFO - Sync 1 DAGs
[2025-01-29T15:15:46.884+0000] {logging_mixin.py:190} INFO - [2025-01-29T15:15:46.884+0000] {dag.py:4180} INFO - Setting next_dagrun for example_local_kubernetes_executor to None, run_after=None
[2025-01-29T15:15:46.901+0000] {processor.py:208} INFO - Processing /home/airflow/.local/lib/python3.10/site-packages/airflow/example_dags/example_local_kubernetes_executor.py took 0.083 seconds
[2025-01-29T15:16:17.124+0000] {processor.py:186} INFO - Started process (PID=2871) to work on /home/airflow/.local/lib/python3.10/site-packages/airflow/example_dags/example_local_kubernetes_executor.py
[2025-01-29T15:16:17.125+0000] {processor.py:914} INFO - Processing file /home/airflow/.local/lib/python3.10/site-packages/airflow/example_dags/example_local_kubernetes_executor.py for tasks to queue
[2025-01-29T15:16:17.127+0000] {logging_mixin.py:190} INFO - [2025-01-29T15:16:17.127+0000] {dagbag.py:588} INFO - Filling up the DagBag from /home/airflow/.local/lib/python3.10/site-packages/airflow/example_dags/example_local_kubernetes_executor.py
[2025-01-29T15:16:17.136+0000] {processor.py:925} INFO - DAG(s) 'example_local_kubernetes_executor' retrieved from /home/airflow/.local/lib/python3.10/site-packages/airflow/example_dags/example_local_kubernetes_executor.py
[2025-01-29T15:16:17.164+0000] {logging_mixin.py:190} WARNING - /home/airflow/.local/lib/python3.10/site-packages/airflow/providers/cncf/kubernetes/utils/k8s_hashlib_wrapper.py:29 DeprecationWarning: Python version constraint 'PY39' is deprecated and will be removed in the future. Please get version info from the 'sys.version_info'.
[2025-01-29T15:16:17.170+0000] {logging_mixin.py:190} INFO - [2025-01-29T15:16:17.170+0000] {dag.py:3239} INFO - Sync 1 DAGs
[2025-01-29T15:16:17.184+0000] {logging_mixin.py:190} INFO - [2025-01-29T15:16:17.183+0000] {dag.py:4180} INFO - Setting next_dagrun for example_local_kubernetes_executor to None, run_after=None
[2025-01-29T15:16:17.199+0000] {processor.py:208} INFO - Processing /home/airflow/.local/lib/python3.10/site-packages/airflow/example_dags/example_local_kubernetes_executor.py took 0.081 seconds
[2025-01-29T15:16:47.303+0000] {processor.py:186} INFO - Started process (PID=2937) to work on /home/airflow/.local/lib/python3.10/site-packages/airflow/example_dags/example_local_kubernetes_executor.py
[2025-01-29T15:16:47.304+0000] {processor.py:914} INFO - Processing file /home/airflow/.local/lib/python3.10/site-packages/airflow/example_dags/example_local_kubernetes_executor.py for tasks to queue
[2025-01-29T15:16:47.306+0000] {logging_mixin.py:190} INFO - [2025-01-29T15:16:47.306+0000] {dagbag.py:588} INFO - Filling up the DagBag from /home/airflow/.local/lib/python3.10/site-packages/airflow/example_dags/example_local_kubernetes_executor.py
[2025-01-29T15:16:47.315+0000] {processor.py:925} INFO - DAG(s) 'example_local_kubernetes_executor' retrieved from /home/airflow/.local/lib/python3.10/site-packages/airflow/example_dags/example_local_kubernetes_executor.py
[2025-01-29T15:16:47.345+0000] {logging_mixin.py:190} WARNING - /home/airflow/.local/lib/python3.10/site-packages/airflow/providers/cncf/kubernetes/utils/k8s_hashlib_wrapper.py:29 DeprecationWarning: Python version constraint 'PY39' is deprecated and will be removed in the future. Please get version info from the 'sys.version_info'.
[2025-01-29T15:16:47.352+0000] {logging_mixin.py:190} INFO - [2025-01-29T15:16:47.352+0000] {dag.py:3239} INFO - Sync 1 DAGs
[2025-01-29T15:16:47.366+0000] {logging_mixin.py:190} INFO - [2025-01-29T15:16:47.366+0000] {dag.py:4180} INFO - Setting next_dagrun for example_local_kubernetes_executor to None, run_after=None
[2025-01-29T15:16:47.382+0000] {processor.py:208} INFO - Processing /home/airflow/.local/lib/python3.10/site-packages/airflow/example_dags/example_local_kubernetes_executor.py took 0.084 seconds
[2025-01-29T15:17:17.593+0000] {processor.py:186} INFO - Started process (PID=3003) to work on /home/airflow/.local/lib/python3.10/site-packages/airflow/example_dags/example_local_kubernetes_executor.py
[2025-01-29T15:17:17.593+0000] {processor.py:914} INFO - Processing file /home/airflow/.local/lib/python3.10/site-packages/airflow/example_dags/example_local_kubernetes_executor.py for tasks to queue
[2025-01-29T15:17:17.596+0000] {logging_mixin.py:190} INFO - [2025-01-29T15:17:17.595+0000] {dagbag.py:588} INFO - Filling up the DagBag from /home/airflow/.local/lib/python3.10/site-packages/airflow/example_dags/example_local_kubernetes_executor.py
[2025-01-29T15:17:17.604+0000] {processor.py:925} INFO - DAG(s) 'example_local_kubernetes_executor' retrieved from /home/airflow/.local/lib/python3.10/site-packages/airflow/example_dags/example_local_kubernetes_executor.py
[2025-01-29T15:17:17.633+0000] {logging_mixin.py:190} WARNING - /home/airflow/.local/lib/python3.10/site-packages/airflow/providers/cncf/kubernetes/utils/k8s_hashlib_wrapper.py:29 DeprecationWarning: Python version constraint 'PY39' is deprecated and will be removed in the future. Please get version info from the 'sys.version_info'.
[2025-01-29T15:17:17.639+0000] {logging_mixin.py:190} INFO - [2025-01-29T15:17:17.639+0000] {dag.py:3239} INFO - Sync 1 DAGs
[2025-01-29T15:17:17.653+0000] {logging_mixin.py:190} INFO - [2025-01-29T15:17:17.652+0000] {dag.py:4180} INFO - Setting next_dagrun for example_local_kubernetes_executor to None, run_after=None
[2025-01-29T15:17:17.667+0000] {processor.py:208} INFO - Processing /home/airflow/.local/lib/python3.10/site-packages/airflow/example_dags/example_local_kubernetes_executor.py took 0.080 seconds
[2025-01-29T15:17:47.815+0000] {processor.py:186} INFO - Started process (PID=3069) to work on /home/airflow/.local/lib/python3.10/site-packages/airflow/example_dags/example_local_kubernetes_executor.py
[2025-01-29T15:17:47.816+0000] {processor.py:914} INFO - Processing file /home/airflow/.local/lib/python3.10/site-packages/airflow/example_dags/example_local_kubernetes_executor.py for tasks to queue
[2025-01-29T15:17:47.818+0000] {logging_mixin.py:190} INFO - [2025-01-29T15:17:47.818+0000] {dagbag.py:588} INFO - Filling up the DagBag from /home/airflow/.local/lib/python3.10/site-packages/airflow/example_dags/example_local_kubernetes_executor.py
[2025-01-29T15:17:47.827+0000] {processor.py:925} INFO - DAG(s) 'example_local_kubernetes_executor' retrieved from /home/airflow/.local/lib/python3.10/site-packages/airflow/example_dags/example_local_kubernetes_executor.py
[2025-01-29T15:17:47.855+0000] {logging_mixin.py:190} WARNING - /home/airflow/.local/lib/python3.10/site-packages/airflow/providers/cncf/kubernetes/utils/k8s_hashlib_wrapper.py:29 DeprecationWarning: Python version constraint 'PY39' is deprecated and will be removed in the future. Please get version info from the 'sys.version_info'.
[2025-01-29T15:17:47.862+0000] {logging_mixin.py:190} INFO - [2025-01-29T15:17:47.862+0000] {dag.py:3239} INFO - Sync 1 DAGs
[2025-01-29T15:17:47.875+0000] {logging_mixin.py:190} INFO - [2025-01-29T15:17:47.875+0000] {dag.py:4180} INFO - Setting next_dagrun for example_local_kubernetes_executor to None, run_after=None
[2025-01-29T15:17:47.891+0000] {processor.py:208} INFO - Processing /home/airflow/.local/lib/python3.10/site-packages/airflow/example_dags/example_local_kubernetes_executor.py took 0.082 seconds
[2025-01-29T15:18:18.090+0000] {processor.py:186} INFO - Started process (PID=3135) to work on /home/airflow/.local/lib/python3.10/site-packages/airflow/example_dags/example_local_kubernetes_executor.py
[2025-01-29T15:18:18.091+0000] {processor.py:914} INFO - Processing file /home/airflow/.local/lib/python3.10/site-packages/airflow/example_dags/example_local_kubernetes_executor.py for tasks to queue
[2025-01-29T15:18:18.093+0000] {logging_mixin.py:190} INFO - [2025-01-29T15:18:18.093+0000] {dagbag.py:588} INFO - Filling up the DagBag from /home/airflow/.local/lib/python3.10/site-packages/airflow/example_dags/example_local_kubernetes_executor.py
[2025-01-29T15:18:18.102+0000] {processor.py:925} INFO - DAG(s) 'example_local_kubernetes_executor' retrieved from /home/airflow/.local/lib/python3.10/site-packages/airflow/example_dags/example_local_kubernetes_executor.py
[2025-01-29T15:18:18.131+0000] {logging_mixin.py:190} WARNING - /home/airflow/.local/lib/python3.10/site-packages/airflow/providers/cncf/kubernetes/utils/k8s_hashlib_wrapper.py:29 DeprecationWarning: Python version constraint 'PY39' is deprecated and will be removed in the future. Please get version info from the 'sys.version_info'.
[2025-01-29T15:18:18.138+0000] {logging_mixin.py:190} INFO - [2025-01-29T15:18:18.138+0000] {dag.py:3239} INFO - Sync 1 DAGs
[2025-01-29T15:18:18.153+0000] {logging_mixin.py:190} INFO - [2025-01-29T15:18:18.153+0000] {dag.py:4180} INFO - Setting next_dagrun for example_local_kubernetes_executor to None, run_after=None
[2025-01-29T15:18:18.170+0000] {processor.py:208} INFO - Processing /home/airflow/.local/lib/python3.10/site-packages/airflow/example_dags/example_local_kubernetes_executor.py took 0.085 seconds
