[2025-01-29T14:54:57.394+0000] {processor.py:186} INFO - Started process (PID=88) to work on /home/airflow/.local/lib/python3.10/site-packages/airflow/example_dags/example_task_group_decorator.py
[2025-01-29T14:54:57.395+0000] {processor.py:914} INFO - Processing file /home/airflow/.local/lib/python3.10/site-packages/airflow/example_dags/example_task_group_decorator.py for tasks to queue
[2025-01-29T14:54:57.398+0000] {logging_mixin.py:190} INFO - [2025-01-29T14:54:57.398+0000] {dagbag.py:588} INFO - Filling up the DagBag from /home/airflow/.local/lib/python3.10/site-packages/airflow/example_dags/example_task_group_decorator.py
[2025-01-29T14:54:57.413+0000] {processor.py:925} INFO - DAG(s) 'example_task_group_decorator' retrieved from /home/airflow/.local/lib/python3.10/site-packages/airflow/example_dags/example_task_group_decorator.py
[2025-01-29T14:54:57.446+0000] {logging_mixin.py:190} INFO - [2025-01-29T14:54:57.446+0000] {dag.py:3239} INFO - Sync 1 DAGs
[2025-01-29T14:54:57.464+0000] {logging_mixin.py:190} INFO - [2025-01-29T14:54:57.464+0000] {dag.py:4180} INFO - Setting next_dagrun for example_task_group_decorator to None, run_after=None
[2025-01-29T14:54:57.491+0000] {processor.py:208} INFO - Processing /home/airflow/.local/lib/python3.10/site-packages/airflow/example_dags/example_task_group_decorator.py took 0.107 seconds
[2025-01-29T14:55:27.730+0000] {processor.py:186} INFO - Started process (PID=154) to work on /home/airflow/.local/lib/python3.10/site-packages/airflow/example_dags/example_task_group_decorator.py
[2025-01-29T14:55:27.731+0000] {processor.py:914} INFO - Processing file /home/airflow/.local/lib/python3.10/site-packages/airflow/example_dags/example_task_group_decorator.py for tasks to queue
[2025-01-29T14:55:27.734+0000] {logging_mixin.py:190} INFO - [2025-01-29T14:55:27.733+0000] {dagbag.py:588} INFO - Filling up the DagBag from /home/airflow/.local/lib/python3.10/site-packages/airflow/example_dags/example_task_group_decorator.py
[2025-01-29T14:55:27.748+0000] {processor.py:925} INFO - DAG(s) 'example_task_group_decorator' retrieved from /home/airflow/.local/lib/python3.10/site-packages/airflow/example_dags/example_task_group_decorator.py
[2025-01-29T14:55:27.773+0000] {logging_mixin.py:190} INFO - [2025-01-29T14:55:27.773+0000] {dag.py:3239} INFO - Sync 1 DAGs
[2025-01-29T14:55:27.787+0000] {logging_mixin.py:190} INFO - [2025-01-29T14:55:27.787+0000] {dag.py:4180} INFO - Setting next_dagrun for example_task_group_decorator to None, run_after=None
[2025-01-29T14:55:27.804+0000] {processor.py:208} INFO - Processing /home/airflow/.local/lib/python3.10/site-packages/airflow/example_dags/example_task_group_decorator.py took 0.079 seconds
[2025-01-29T14:55:58.287+0000] {processor.py:186} INFO - Started process (PID=220) to work on /home/airflow/.local/lib/python3.10/site-packages/airflow/example_dags/example_task_group_decorator.py
[2025-01-29T14:55:58.288+0000] {processor.py:914} INFO - Processing file /home/airflow/.local/lib/python3.10/site-packages/airflow/example_dags/example_task_group_decorator.py for tasks to queue
[2025-01-29T14:55:58.291+0000] {logging_mixin.py:190} INFO - [2025-01-29T14:55:58.290+0000] {dagbag.py:588} INFO - Filling up the DagBag from /home/airflow/.local/lib/python3.10/site-packages/airflow/example_dags/example_task_group_decorator.py
[2025-01-29T14:55:58.305+0000] {processor.py:925} INFO - DAG(s) 'example_task_group_decorator' retrieved from /home/airflow/.local/lib/python3.10/site-packages/airflow/example_dags/example_task_group_decorator.py
[2025-01-29T14:55:58.331+0000] {logging_mixin.py:190} INFO - [2025-01-29T14:55:58.331+0000] {dag.py:3239} INFO - Sync 1 DAGs
[2025-01-29T14:55:58.347+0000] {logging_mixin.py:190} INFO - [2025-01-29T14:55:58.346+0000] {dag.py:4180} INFO - Setting next_dagrun for example_task_group_decorator to None, run_after=None
[2025-01-29T14:55:58.364+0000] {processor.py:208} INFO - Processing /home/airflow/.local/lib/python3.10/site-packages/airflow/example_dags/example_task_group_decorator.py took 0.082 seconds
[2025-01-29T14:56:28.523+0000] {processor.py:186} INFO - Started process (PID=286) to work on /home/airflow/.local/lib/python3.10/site-packages/airflow/example_dags/example_task_group_decorator.py
[2025-01-29T14:56:28.524+0000] {processor.py:914} INFO - Processing file /home/airflow/.local/lib/python3.10/site-packages/airflow/example_dags/example_task_group_decorator.py for tasks to queue
[2025-01-29T14:56:28.527+0000] {logging_mixin.py:190} INFO - [2025-01-29T14:56:28.527+0000] {dagbag.py:588} INFO - Filling up the DagBag from /home/airflow/.local/lib/python3.10/site-packages/airflow/example_dags/example_task_group_decorator.py
[2025-01-29T14:56:28.541+0000] {processor.py:925} INFO - DAG(s) 'example_task_group_decorator' retrieved from /home/airflow/.local/lib/python3.10/site-packages/airflow/example_dags/example_task_group_decorator.py
[2025-01-29T14:56:28.564+0000] {logging_mixin.py:190} INFO - [2025-01-29T14:56:28.564+0000] {dag.py:3239} INFO - Sync 1 DAGs
[2025-01-29T14:56:28.578+0000] {logging_mixin.py:190} INFO - [2025-01-29T14:56:28.578+0000] {dag.py:4180} INFO - Setting next_dagrun for example_task_group_decorator to None, run_after=None
[2025-01-29T14:56:28.596+0000] {processor.py:208} INFO - Processing /home/airflow/.local/lib/python3.10/site-packages/airflow/example_dags/example_task_group_decorator.py took 0.077 seconds
[2025-01-29T14:56:58.801+0000] {processor.py:186} INFO - Started process (PID=352) to work on /home/airflow/.local/lib/python3.10/site-packages/airflow/example_dags/example_task_group_decorator.py
[2025-01-29T14:56:58.802+0000] {processor.py:914} INFO - Processing file /home/airflow/.local/lib/python3.10/site-packages/airflow/example_dags/example_task_group_decorator.py for tasks to queue
[2025-01-29T14:56:58.805+0000] {logging_mixin.py:190} INFO - [2025-01-29T14:56:58.804+0000] {dagbag.py:588} INFO - Filling up the DagBag from /home/airflow/.local/lib/python3.10/site-packages/airflow/example_dags/example_task_group_decorator.py
[2025-01-29T14:56:58.819+0000] {processor.py:925} INFO - DAG(s) 'example_task_group_decorator' retrieved from /home/airflow/.local/lib/python3.10/site-packages/airflow/example_dags/example_task_group_decorator.py
[2025-01-29T14:56:58.843+0000] {logging_mixin.py:190} INFO - [2025-01-29T14:56:58.843+0000] {dag.py:3239} INFO - Sync 1 DAGs
[2025-01-29T14:56:58.856+0000] {logging_mixin.py:190} INFO - [2025-01-29T14:56:58.856+0000] {dag.py:4180} INFO - Setting next_dagrun for example_task_group_decorator to None, run_after=None
[2025-01-29T14:56:58.872+0000] {processor.py:208} INFO - Processing /home/airflow/.local/lib/python3.10/site-packages/airflow/example_dags/example_task_group_decorator.py took 0.076 seconds
[2025-01-29T14:57:29.233+0000] {processor.py:186} INFO - Started process (PID=418) to work on /home/airflow/.local/lib/python3.10/site-packages/airflow/example_dags/example_task_group_decorator.py
[2025-01-29T14:57:29.234+0000] {processor.py:914} INFO - Processing file /home/airflow/.local/lib/python3.10/site-packages/airflow/example_dags/example_task_group_decorator.py for tasks to queue
[2025-01-29T14:57:29.236+0000] {logging_mixin.py:190} INFO - [2025-01-29T14:57:29.236+0000] {dagbag.py:588} INFO - Filling up the DagBag from /home/airflow/.local/lib/python3.10/site-packages/airflow/example_dags/example_task_group_decorator.py
[2025-01-29T14:57:29.249+0000] {processor.py:925} INFO - DAG(s) 'example_task_group_decorator' retrieved from /home/airflow/.local/lib/python3.10/site-packages/airflow/example_dags/example_task_group_decorator.py
[2025-01-29T14:57:29.273+0000] {logging_mixin.py:190} INFO - [2025-01-29T14:57:29.272+0000] {dag.py:3239} INFO - Sync 1 DAGs
[2025-01-29T14:57:29.285+0000] {logging_mixin.py:190} INFO - [2025-01-29T14:57:29.285+0000] {dag.py:4180} INFO - Setting next_dagrun for example_task_group_decorator to None, run_after=None
[2025-01-29T14:57:29.300+0000] {processor.py:208} INFO - Processing /home/airflow/.local/lib/python3.10/site-packages/airflow/example_dags/example_task_group_decorator.py took 0.072 seconds
[2025-01-29T14:57:59.612+0000] {processor.py:186} INFO - Started process (PID=484) to work on /home/airflow/.local/lib/python3.10/site-packages/airflow/example_dags/example_task_group_decorator.py
[2025-01-29T14:57:59.613+0000] {processor.py:914} INFO - Processing file /home/airflow/.local/lib/python3.10/site-packages/airflow/example_dags/example_task_group_decorator.py for tasks to queue
[2025-01-29T14:57:59.616+0000] {logging_mixin.py:190} INFO - [2025-01-29T14:57:59.615+0000] {dagbag.py:588} INFO - Filling up the DagBag from /home/airflow/.local/lib/python3.10/site-packages/airflow/example_dags/example_task_group_decorator.py
[2025-01-29T14:57:59.629+0000] {processor.py:925} INFO - DAG(s) 'example_task_group_decorator' retrieved from /home/airflow/.local/lib/python3.10/site-packages/airflow/example_dags/example_task_group_decorator.py
[2025-01-29T14:57:59.653+0000] {logging_mixin.py:190} INFO - [2025-01-29T14:57:59.652+0000] {dag.py:3239} INFO - Sync 1 DAGs
[2025-01-29T14:57:59.667+0000] {logging_mixin.py:190} INFO - [2025-01-29T14:57:59.666+0000] {dag.py:4180} INFO - Setting next_dagrun for example_task_group_decorator to None, run_after=None
[2025-01-29T14:57:59.684+0000] {processor.py:208} INFO - Processing /home/airflow/.local/lib/python3.10/site-packages/airflow/example_dags/example_task_group_decorator.py took 0.078 seconds
[2025-01-29T14:58:30.064+0000] {processor.py:186} INFO - Started process (PID=550) to work on /home/airflow/.local/lib/python3.10/site-packages/airflow/example_dags/example_task_group_decorator.py
[2025-01-29T14:58:30.065+0000] {processor.py:914} INFO - Processing file /home/airflow/.local/lib/python3.10/site-packages/airflow/example_dags/example_task_group_decorator.py for tasks to queue
[2025-01-29T14:58:30.067+0000] {logging_mixin.py:190} INFO - [2025-01-29T14:58:30.067+0000] {dagbag.py:588} INFO - Filling up the DagBag from /home/airflow/.local/lib/python3.10/site-packages/airflow/example_dags/example_task_group_decorator.py
[2025-01-29T14:58:30.086+0000] {processor.py:925} INFO - DAG(s) 'example_task_group_decorator' retrieved from /home/airflow/.local/lib/python3.10/site-packages/airflow/example_dags/example_task_group_decorator.py
[2025-01-29T14:58:30.115+0000] {logging_mixin.py:190} INFO - [2025-01-29T14:58:30.115+0000] {dag.py:3239} INFO - Sync 1 DAGs
[2025-01-29T14:58:30.132+0000] {logging_mixin.py:190} INFO - [2025-01-29T14:58:30.131+0000] {dag.py:4180} INFO - Setting next_dagrun for example_task_group_decorator to None, run_after=None
[2025-01-29T14:58:30.156+0000] {processor.py:208} INFO - Processing /home/airflow/.local/lib/python3.10/site-packages/airflow/example_dags/example_task_group_decorator.py took 0.100 seconds
[2025-01-29T14:59:00.424+0000] {processor.py:186} INFO - Started process (PID=616) to work on /home/airflow/.local/lib/python3.10/site-packages/airflow/example_dags/example_task_group_decorator.py
[2025-01-29T14:59:00.425+0000] {processor.py:914} INFO - Processing file /home/airflow/.local/lib/python3.10/site-packages/airflow/example_dags/example_task_group_decorator.py for tasks to queue
[2025-01-29T14:59:00.427+0000] {logging_mixin.py:190} INFO - [2025-01-29T14:59:00.427+0000] {dagbag.py:588} INFO - Filling up the DagBag from /home/airflow/.local/lib/python3.10/site-packages/airflow/example_dags/example_task_group_decorator.py
[2025-01-29T14:59:00.440+0000] {processor.py:925} INFO - DAG(s) 'example_task_group_decorator' retrieved from /home/airflow/.local/lib/python3.10/site-packages/airflow/example_dags/example_task_group_decorator.py
[2025-01-29T14:59:00.462+0000] {logging_mixin.py:190} INFO - [2025-01-29T14:59:00.462+0000] {dag.py:3239} INFO - Sync 1 DAGs
[2025-01-29T14:59:00.474+0000] {logging_mixin.py:190} INFO - [2025-01-29T14:59:00.474+0000] {dag.py:4180} INFO - Setting next_dagrun for example_task_group_decorator to None, run_after=None
[2025-01-29T14:59:00.489+0000] {processor.py:208} INFO - Processing /home/airflow/.local/lib/python3.10/site-packages/airflow/example_dags/example_task_group_decorator.py took 0.070 seconds
[2025-01-29T14:59:30.668+0000] {processor.py:186} INFO - Started process (PID=682) to work on /home/airflow/.local/lib/python3.10/site-packages/airflow/example_dags/example_task_group_decorator.py
[2025-01-29T14:59:30.669+0000] {processor.py:914} INFO - Processing file /home/airflow/.local/lib/python3.10/site-packages/airflow/example_dags/example_task_group_decorator.py for tasks to queue
[2025-01-29T14:59:30.672+0000] {logging_mixin.py:190} INFO - [2025-01-29T14:59:30.672+0000] {dagbag.py:588} INFO - Filling up the DagBag from /home/airflow/.local/lib/python3.10/site-packages/airflow/example_dags/example_task_group_decorator.py
[2025-01-29T14:59:30.685+0000] {processor.py:925} INFO - DAG(s) 'example_task_group_decorator' retrieved from /home/airflow/.local/lib/python3.10/site-packages/airflow/example_dags/example_task_group_decorator.py
[2025-01-29T14:59:30.707+0000] {logging_mixin.py:190} INFO - [2025-01-29T14:59:30.707+0000] {dag.py:3239} INFO - Sync 1 DAGs
[2025-01-29T14:59:30.719+0000] {logging_mixin.py:190} INFO - [2025-01-29T14:59:30.719+0000] {dag.py:4180} INFO - Setting next_dagrun for example_task_group_decorator to None, run_after=None
[2025-01-29T14:59:30.735+0000] {processor.py:208} INFO - Processing /home/airflow/.local/lib/python3.10/site-packages/airflow/example_dags/example_task_group_decorator.py took 0.071 seconds
[2025-01-29T15:00:00.981+0000] {processor.py:186} INFO - Started process (PID=748) to work on /home/airflow/.local/lib/python3.10/site-packages/airflow/example_dags/example_task_group_decorator.py
[2025-01-29T15:00:00.982+0000] {processor.py:914} INFO - Processing file /home/airflow/.local/lib/python3.10/site-packages/airflow/example_dags/example_task_group_decorator.py for tasks to queue
[2025-01-29T15:00:00.985+0000] {logging_mixin.py:190} INFO - [2025-01-29T15:00:00.985+0000] {dagbag.py:588} INFO - Filling up the DagBag from /home/airflow/.local/lib/python3.10/site-packages/airflow/example_dags/example_task_group_decorator.py
[2025-01-29T15:00:01.000+0000] {processor.py:925} INFO - DAG(s) 'example_task_group_decorator' retrieved from /home/airflow/.local/lib/python3.10/site-packages/airflow/example_dags/example_task_group_decorator.py
[2025-01-29T15:00:01.028+0000] {logging_mixin.py:190} INFO - [2025-01-29T15:00:01.028+0000] {dag.py:3239} INFO - Sync 1 DAGs
[2025-01-29T15:00:01.043+0000] {logging_mixin.py:190} INFO - [2025-01-29T15:00:01.042+0000] {dag.py:4180} INFO - Setting next_dagrun for example_task_group_decorator to None, run_after=None
[2025-01-29T15:00:01.061+0000] {processor.py:208} INFO - Processing /home/airflow/.local/lib/python3.10/site-packages/airflow/example_dags/example_task_group_decorator.py took 0.087 seconds
[2025-01-29T15:00:32.062+0000] {processor.py:186} INFO - Started process (PID=814) to work on /home/airflow/.local/lib/python3.10/site-packages/airflow/example_dags/example_task_group_decorator.py
[2025-01-29T15:00:32.063+0000] {processor.py:914} INFO - Processing file /home/airflow/.local/lib/python3.10/site-packages/airflow/example_dags/example_task_group_decorator.py for tasks to queue
[2025-01-29T15:00:32.065+0000] {logging_mixin.py:190} INFO - [2025-01-29T15:00:32.065+0000] {dagbag.py:588} INFO - Filling up the DagBag from /home/airflow/.local/lib/python3.10/site-packages/airflow/example_dags/example_task_group_decorator.py
[2025-01-29T15:00:32.078+0000] {processor.py:925} INFO - DAG(s) 'example_task_group_decorator' retrieved from /home/airflow/.local/lib/python3.10/site-packages/airflow/example_dags/example_task_group_decorator.py
[2025-01-29T15:00:32.101+0000] {logging_mixin.py:190} INFO - [2025-01-29T15:00:32.100+0000] {dag.py:3239} INFO - Sync 1 DAGs
[2025-01-29T15:00:32.113+0000] {logging_mixin.py:190} INFO - [2025-01-29T15:00:32.113+0000] {dag.py:4180} INFO - Setting next_dagrun for example_task_group_decorator to None, run_after=None
[2025-01-29T15:00:32.127+0000] {processor.py:208} INFO - Processing /home/airflow/.local/lib/python3.10/site-packages/airflow/example_dags/example_task_group_decorator.py took 0.070 seconds
[2025-01-29T15:01:03.276+0000] {processor.py:186} INFO - Started process (PID=880) to work on /home/airflow/.local/lib/python3.10/site-packages/airflow/example_dags/example_task_group_decorator.py
[2025-01-29T15:01:03.276+0000] {processor.py:914} INFO - Processing file /home/airflow/.local/lib/python3.10/site-packages/airflow/example_dags/example_task_group_decorator.py for tasks to queue
[2025-01-29T15:01:03.279+0000] {logging_mixin.py:190} INFO - [2025-01-29T15:01:03.279+0000] {dagbag.py:588} INFO - Filling up the DagBag from /home/airflow/.local/lib/python3.10/site-packages/airflow/example_dags/example_task_group_decorator.py
[2025-01-29T15:01:03.292+0000] {processor.py:925} INFO - DAG(s) 'example_task_group_decorator' retrieved from /home/airflow/.local/lib/python3.10/site-packages/airflow/example_dags/example_task_group_decorator.py
[2025-01-29T15:01:03.315+0000] {logging_mixin.py:190} INFO - [2025-01-29T15:01:03.315+0000] {dag.py:3239} INFO - Sync 1 DAGs
[2025-01-29T15:01:03.328+0000] {logging_mixin.py:190} INFO - [2025-01-29T15:01:03.327+0000] {dag.py:4180} INFO - Setting next_dagrun for example_task_group_decorator to None, run_after=None
[2025-01-29T15:01:03.342+0000] {processor.py:208} INFO - Processing /home/airflow/.local/lib/python3.10/site-packages/airflow/example_dags/example_task_group_decorator.py took 0.072 seconds
[2025-01-29T15:01:33.447+0000] {processor.py:186} INFO - Started process (PID=946) to work on /home/airflow/.local/lib/python3.10/site-packages/airflow/example_dags/example_task_group_decorator.py
[2025-01-29T15:01:33.448+0000] {processor.py:914} INFO - Processing file /home/airflow/.local/lib/python3.10/site-packages/airflow/example_dags/example_task_group_decorator.py for tasks to queue
[2025-01-29T15:01:33.450+0000] {logging_mixin.py:190} INFO - [2025-01-29T15:01:33.450+0000] {dagbag.py:588} INFO - Filling up the DagBag from /home/airflow/.local/lib/python3.10/site-packages/airflow/example_dags/example_task_group_decorator.py
[2025-01-29T15:01:33.464+0000] {processor.py:925} INFO - DAG(s) 'example_task_group_decorator' retrieved from /home/airflow/.local/lib/python3.10/site-packages/airflow/example_dags/example_task_group_decorator.py
[2025-01-29T15:01:33.487+0000] {logging_mixin.py:190} INFO - [2025-01-29T15:01:33.486+0000] {dag.py:3239} INFO - Sync 1 DAGs
[2025-01-29T15:01:33.499+0000] {logging_mixin.py:190} INFO - [2025-01-29T15:01:33.499+0000] {dag.py:4180} INFO - Setting next_dagrun for example_task_group_decorator to None, run_after=None
[2025-01-29T15:01:33.514+0000] {processor.py:208} INFO - Processing /home/airflow/.local/lib/python3.10/site-packages/airflow/example_dags/example_task_group_decorator.py took 0.072 seconds
[2025-01-29T15:02:03.799+0000] {processor.py:186} INFO - Started process (PID=1012) to work on /home/airflow/.local/lib/python3.10/site-packages/airflow/example_dags/example_task_group_decorator.py
[2025-01-29T15:02:03.800+0000] {processor.py:914} INFO - Processing file /home/airflow/.local/lib/python3.10/site-packages/airflow/example_dags/example_task_group_decorator.py for tasks to queue
[2025-01-29T15:02:03.803+0000] {logging_mixin.py:190} INFO - [2025-01-29T15:02:03.802+0000] {dagbag.py:588} INFO - Filling up the DagBag from /home/airflow/.local/lib/python3.10/site-packages/airflow/example_dags/example_task_group_decorator.py
[2025-01-29T15:02:03.817+0000] {processor.py:925} INFO - DAG(s) 'example_task_group_decorator' retrieved from /home/airflow/.local/lib/python3.10/site-packages/airflow/example_dags/example_task_group_decorator.py
[2025-01-29T15:02:03.840+0000] {logging_mixin.py:190} INFO - [2025-01-29T15:02:03.840+0000] {dag.py:3239} INFO - Sync 1 DAGs
[2025-01-29T15:02:03.853+0000] {logging_mixin.py:190} INFO - [2025-01-29T15:02:03.853+0000] {dag.py:4180} INFO - Setting next_dagrun for example_task_group_decorator to None, run_after=None
[2025-01-29T15:02:03.870+0000] {processor.py:208} INFO - Processing /home/airflow/.local/lib/python3.10/site-packages/airflow/example_dags/example_task_group_decorator.py took 0.077 seconds
[2025-01-29T15:02:34.017+0000] {processor.py:186} INFO - Started process (PID=1078) to work on /home/airflow/.local/lib/python3.10/site-packages/airflow/example_dags/example_task_group_decorator.py
[2025-01-29T15:02:34.018+0000] {processor.py:914} INFO - Processing file /home/airflow/.local/lib/python3.10/site-packages/airflow/example_dags/example_task_group_decorator.py for tasks to queue
[2025-01-29T15:02:34.022+0000] {logging_mixin.py:190} INFO - [2025-01-29T15:02:34.021+0000] {dagbag.py:588} INFO - Filling up the DagBag from /home/airflow/.local/lib/python3.10/site-packages/airflow/example_dags/example_task_group_decorator.py
[2025-01-29T15:02:34.035+0000] {processor.py:925} INFO - DAG(s) 'example_task_group_decorator' retrieved from /home/airflow/.local/lib/python3.10/site-packages/airflow/example_dags/example_task_group_decorator.py
[2025-01-29T15:02:34.059+0000] {logging_mixin.py:190} INFO - [2025-01-29T15:02:34.059+0000] {dag.py:3239} INFO - Sync 1 DAGs
[2025-01-29T15:02:34.072+0000] {logging_mixin.py:190} INFO - [2025-01-29T15:02:34.072+0000] {dag.py:4180} INFO - Setting next_dagrun for example_task_group_decorator to None, run_after=None
[2025-01-29T15:02:34.088+0000] {processor.py:208} INFO - Processing /home/airflow/.local/lib/python3.10/site-packages/airflow/example_dags/example_task_group_decorator.py took 0.077 seconds
[2025-01-29T15:03:04.208+0000] {processor.py:186} INFO - Started process (PID=1144) to work on /home/airflow/.local/lib/python3.10/site-packages/airflow/example_dags/example_task_group_decorator.py
[2025-01-29T15:03:04.209+0000] {processor.py:914} INFO - Processing file /home/airflow/.local/lib/python3.10/site-packages/airflow/example_dags/example_task_group_decorator.py for tasks to queue
[2025-01-29T15:03:04.211+0000] {logging_mixin.py:190} INFO - [2025-01-29T15:03:04.211+0000] {dagbag.py:588} INFO - Filling up the DagBag from /home/airflow/.local/lib/python3.10/site-packages/airflow/example_dags/example_task_group_decorator.py
[2025-01-29T15:03:04.225+0000] {processor.py:925} INFO - DAG(s) 'example_task_group_decorator' retrieved from /home/airflow/.local/lib/python3.10/site-packages/airflow/example_dags/example_task_group_decorator.py
[2025-01-29T15:03:04.247+0000] {logging_mixin.py:190} INFO - [2025-01-29T15:03:04.247+0000] {dag.py:3239} INFO - Sync 1 DAGs
[2025-01-29T15:03:04.260+0000] {logging_mixin.py:190} INFO - [2025-01-29T15:03:04.260+0000] {dag.py:4180} INFO - Setting next_dagrun for example_task_group_decorator to None, run_after=None
[2025-01-29T15:03:04.274+0000] {processor.py:208} INFO - Processing /home/airflow/.local/lib/python3.10/site-packages/airflow/example_dags/example_task_group_decorator.py took 0.071 seconds
[2025-01-29T15:03:34.711+0000] {processor.py:186} INFO - Started process (PID=1210) to work on /home/airflow/.local/lib/python3.10/site-packages/airflow/example_dags/example_task_group_decorator.py
[2025-01-29T15:03:34.712+0000] {processor.py:914} INFO - Processing file /home/airflow/.local/lib/python3.10/site-packages/airflow/example_dags/example_task_group_decorator.py for tasks to queue
[2025-01-29T15:03:34.714+0000] {logging_mixin.py:190} INFO - [2025-01-29T15:03:34.714+0000] {dagbag.py:588} INFO - Filling up the DagBag from /home/airflow/.local/lib/python3.10/site-packages/airflow/example_dags/example_task_group_decorator.py
[2025-01-29T15:03:34.727+0000] {processor.py:925} INFO - DAG(s) 'example_task_group_decorator' retrieved from /home/airflow/.local/lib/python3.10/site-packages/airflow/example_dags/example_task_group_decorator.py
[2025-01-29T15:03:34.750+0000] {logging_mixin.py:190} INFO - [2025-01-29T15:03:34.750+0000] {dag.py:3239} INFO - Sync 1 DAGs
[2025-01-29T15:03:34.763+0000] {logging_mixin.py:190} INFO - [2025-01-29T15:03:34.763+0000] {dag.py:4180} INFO - Setting next_dagrun for example_task_group_decorator to None, run_after=None
[2025-01-29T15:03:34.778+0000] {processor.py:208} INFO - Processing /home/airflow/.local/lib/python3.10/site-packages/airflow/example_dags/example_task_group_decorator.py took 0.072 seconds
[2025-01-29T15:04:04.807+0000] {processor.py:186} INFO - Started process (PID=1276) to work on /home/airflow/.local/lib/python3.10/site-packages/airflow/example_dags/example_task_group_decorator.py
[2025-01-29T15:04:04.808+0000] {processor.py:914} INFO - Processing file /home/airflow/.local/lib/python3.10/site-packages/airflow/example_dags/example_task_group_decorator.py for tasks to queue
[2025-01-29T15:04:04.810+0000] {logging_mixin.py:190} INFO - [2025-01-29T15:04:04.810+0000] {dagbag.py:588} INFO - Filling up the DagBag from /home/airflow/.local/lib/python3.10/site-packages/airflow/example_dags/example_task_group_decorator.py
[2025-01-29T15:04:04.823+0000] {processor.py:925} INFO - DAG(s) 'example_task_group_decorator' retrieved from /home/airflow/.local/lib/python3.10/site-packages/airflow/example_dags/example_task_group_decorator.py
[2025-01-29T15:04:04.845+0000] {logging_mixin.py:190} INFO - [2025-01-29T15:04:04.845+0000] {dag.py:3239} INFO - Sync 1 DAGs
[2025-01-29T15:04:04.858+0000] {logging_mixin.py:190} INFO - [2025-01-29T15:04:04.858+0000] {dag.py:4180} INFO - Setting next_dagrun for example_task_group_decorator to None, run_after=None
[2025-01-29T15:04:04.873+0000] {processor.py:208} INFO - Processing /home/airflow/.local/lib/python3.10/site-packages/airflow/example_dags/example_task_group_decorator.py took 0.071 seconds
[2025-01-29T15:04:35.007+0000] {processor.py:186} INFO - Started process (PID=1341) to work on /home/airflow/.local/lib/python3.10/site-packages/airflow/example_dags/example_task_group_decorator.py
[2025-01-29T15:04:35.008+0000] {processor.py:914} INFO - Processing file /home/airflow/.local/lib/python3.10/site-packages/airflow/example_dags/example_task_group_decorator.py for tasks to queue
[2025-01-29T15:04:35.010+0000] {logging_mixin.py:190} INFO - [2025-01-29T15:04:35.010+0000] {dagbag.py:588} INFO - Filling up the DagBag from /home/airflow/.local/lib/python3.10/site-packages/airflow/example_dags/example_task_group_decorator.py
[2025-01-29T15:04:35.024+0000] {processor.py:925} INFO - DAG(s) 'example_task_group_decorator' retrieved from /home/airflow/.local/lib/python3.10/site-packages/airflow/example_dags/example_task_group_decorator.py
[2025-01-29T15:04:35.045+0000] {logging_mixin.py:190} INFO - [2025-01-29T15:04:35.045+0000] {dag.py:3239} INFO - Sync 1 DAGs
[2025-01-29T15:04:35.058+0000] {logging_mixin.py:190} INFO - [2025-01-29T15:04:35.058+0000] {dag.py:4180} INFO - Setting next_dagrun for example_task_group_decorator to None, run_after=None
[2025-01-29T15:04:35.073+0000] {processor.py:208} INFO - Processing /home/airflow/.local/lib/python3.10/site-packages/airflow/example_dags/example_task_group_decorator.py took 0.072 seconds
[2025-01-29T15:05:05.451+0000] {processor.py:186} INFO - Started process (PID=1407) to work on /home/airflow/.local/lib/python3.10/site-packages/airflow/example_dags/example_task_group_decorator.py
[2025-01-29T15:05:05.452+0000] {processor.py:914} INFO - Processing file /home/airflow/.local/lib/python3.10/site-packages/airflow/example_dags/example_task_group_decorator.py for tasks to queue
[2025-01-29T15:05:05.454+0000] {logging_mixin.py:190} INFO - [2025-01-29T15:05:05.454+0000] {dagbag.py:588} INFO - Filling up the DagBag from /home/airflow/.local/lib/python3.10/site-packages/airflow/example_dags/example_task_group_decorator.py
[2025-01-29T15:05:05.467+0000] {processor.py:925} INFO - DAG(s) 'example_task_group_decorator' retrieved from /home/airflow/.local/lib/python3.10/site-packages/airflow/example_dags/example_task_group_decorator.py
[2025-01-29T15:05:05.490+0000] {logging_mixin.py:190} INFO - [2025-01-29T15:05:05.489+0000] {dag.py:3239} INFO - Sync 1 DAGs
[2025-01-29T15:05:05.503+0000] {logging_mixin.py:190} INFO - [2025-01-29T15:05:05.502+0000] {dag.py:4180} INFO - Setting next_dagrun for example_task_group_decorator to None, run_after=None
[2025-01-29T15:05:05.517+0000] {processor.py:208} INFO - Processing /home/airflow/.local/lib/python3.10/site-packages/airflow/example_dags/example_task_group_decorator.py took 0.072 seconds
[2025-01-29T15:05:35.686+0000] {processor.py:186} INFO - Started process (PID=1473) to work on /home/airflow/.local/lib/python3.10/site-packages/airflow/example_dags/example_task_group_decorator.py
[2025-01-29T15:05:35.687+0000] {processor.py:914} INFO - Processing file /home/airflow/.local/lib/python3.10/site-packages/airflow/example_dags/example_task_group_decorator.py for tasks to queue
[2025-01-29T15:05:35.689+0000] {logging_mixin.py:190} INFO - [2025-01-29T15:05:35.689+0000] {dagbag.py:588} INFO - Filling up the DagBag from /home/airflow/.local/lib/python3.10/site-packages/airflow/example_dags/example_task_group_decorator.py
[2025-01-29T15:05:35.703+0000] {processor.py:925} INFO - DAG(s) 'example_task_group_decorator' retrieved from /home/airflow/.local/lib/python3.10/site-packages/airflow/example_dags/example_task_group_decorator.py
[2025-01-29T15:05:35.725+0000] {logging_mixin.py:190} INFO - [2025-01-29T15:05:35.724+0000] {dag.py:3239} INFO - Sync 1 DAGs
[2025-01-29T15:05:35.737+0000] {logging_mixin.py:190} INFO - [2025-01-29T15:05:35.737+0000] {dag.py:4180} INFO - Setting next_dagrun for example_task_group_decorator to None, run_after=None
[2025-01-29T15:05:35.752+0000] {processor.py:208} INFO - Processing /home/airflow/.local/lib/python3.10/site-packages/airflow/example_dags/example_task_group_decorator.py took 0.071 seconds
[2025-01-29T15:06:05.982+0000] {processor.py:186} INFO - Started process (PID=1539) to work on /home/airflow/.local/lib/python3.10/site-packages/airflow/example_dags/example_task_group_decorator.py
[2025-01-29T15:06:05.983+0000] {processor.py:914} INFO - Processing file /home/airflow/.local/lib/python3.10/site-packages/airflow/example_dags/example_task_group_decorator.py for tasks to queue
[2025-01-29T15:06:05.985+0000] {logging_mixin.py:190} INFO - [2025-01-29T15:06:05.985+0000] {dagbag.py:588} INFO - Filling up the DagBag from /home/airflow/.local/lib/python3.10/site-packages/airflow/example_dags/example_task_group_decorator.py
[2025-01-29T15:06:05.998+0000] {processor.py:925} INFO - DAG(s) 'example_task_group_decorator' retrieved from /home/airflow/.local/lib/python3.10/site-packages/airflow/example_dags/example_task_group_decorator.py
[2025-01-29T15:06:06.019+0000] {logging_mixin.py:190} INFO - [2025-01-29T15:06:06.019+0000] {dag.py:3239} INFO - Sync 1 DAGs
[2025-01-29T15:06:06.032+0000] {logging_mixin.py:190} INFO - [2025-01-29T15:06:06.032+0000] {dag.py:4180} INFO - Setting next_dagrun for example_task_group_decorator to None, run_after=None
[2025-01-29T15:06:06.048+0000] {processor.py:208} INFO - Processing /home/airflow/.local/lib/python3.10/site-packages/airflow/example_dags/example_task_group_decorator.py took 0.071 seconds
[2025-01-29T15:06:36.232+0000] {processor.py:186} INFO - Started process (PID=1605) to work on /home/airflow/.local/lib/python3.10/site-packages/airflow/example_dags/example_task_group_decorator.py
[2025-01-29T15:06:36.233+0000] {processor.py:914} INFO - Processing file /home/airflow/.local/lib/python3.10/site-packages/airflow/example_dags/example_task_group_decorator.py for tasks to queue
[2025-01-29T15:06:36.235+0000] {logging_mixin.py:190} INFO - [2025-01-29T15:06:36.235+0000] {dagbag.py:588} INFO - Filling up the DagBag from /home/airflow/.local/lib/python3.10/site-packages/airflow/example_dags/example_task_group_decorator.py
[2025-01-29T15:06:36.248+0000] {processor.py:925} INFO - DAG(s) 'example_task_group_decorator' retrieved from /home/airflow/.local/lib/python3.10/site-packages/airflow/example_dags/example_task_group_decorator.py
[2025-01-29T15:06:36.270+0000] {logging_mixin.py:190} INFO - [2025-01-29T15:06:36.270+0000] {dag.py:3239} INFO - Sync 1 DAGs
[2025-01-29T15:06:36.282+0000] {logging_mixin.py:190} INFO - [2025-01-29T15:06:36.282+0000] {dag.py:4180} INFO - Setting next_dagrun for example_task_group_decorator to None, run_after=None
[2025-01-29T15:06:36.296+0000] {processor.py:208} INFO - Processing /home/airflow/.local/lib/python3.10/site-packages/airflow/example_dags/example_task_group_decorator.py took 0.069 seconds
[2025-01-29T15:07:06.572+0000] {processor.py:186} INFO - Started process (PID=1671) to work on /home/airflow/.local/lib/python3.10/site-packages/airflow/example_dags/example_task_group_decorator.py
[2025-01-29T15:07:06.573+0000] {processor.py:914} INFO - Processing file /home/airflow/.local/lib/python3.10/site-packages/airflow/example_dags/example_task_group_decorator.py for tasks to queue
[2025-01-29T15:07:06.576+0000] {logging_mixin.py:190} INFO - [2025-01-29T15:07:06.575+0000] {dagbag.py:588} INFO - Filling up the DagBag from /home/airflow/.local/lib/python3.10/site-packages/airflow/example_dags/example_task_group_decorator.py
[2025-01-29T15:07:06.589+0000] {processor.py:925} INFO - DAG(s) 'example_task_group_decorator' retrieved from /home/airflow/.local/lib/python3.10/site-packages/airflow/example_dags/example_task_group_decorator.py
[2025-01-29T15:07:06.612+0000] {logging_mixin.py:190} INFO - [2025-01-29T15:07:06.612+0000] {dag.py:3239} INFO - Sync 1 DAGs
[2025-01-29T15:07:06.625+0000] {logging_mixin.py:190} INFO - [2025-01-29T15:07:06.625+0000] {dag.py:4180} INFO - Setting next_dagrun for example_task_group_decorator to None, run_after=None
[2025-01-29T15:07:06.641+0000] {processor.py:208} INFO - Processing /home/airflow/.local/lib/python3.10/site-packages/airflow/example_dags/example_task_group_decorator.py took 0.074 seconds
[2025-01-29T15:07:37.008+0000] {processor.py:186} INFO - Started process (PID=1737) to work on /home/airflow/.local/lib/python3.10/site-packages/airflow/example_dags/example_task_group_decorator.py
[2025-01-29T15:07:37.009+0000] {processor.py:914} INFO - Processing file /home/airflow/.local/lib/python3.10/site-packages/airflow/example_dags/example_task_group_decorator.py for tasks to queue
[2025-01-29T15:07:37.011+0000] {logging_mixin.py:190} INFO - [2025-01-29T15:07:37.011+0000] {dagbag.py:588} INFO - Filling up the DagBag from /home/airflow/.local/lib/python3.10/site-packages/airflow/example_dags/example_task_group_decorator.py
[2025-01-29T15:07:37.025+0000] {processor.py:925} INFO - DAG(s) 'example_task_group_decorator' retrieved from /home/airflow/.local/lib/python3.10/site-packages/airflow/example_dags/example_task_group_decorator.py
[2025-01-29T15:07:37.049+0000] {logging_mixin.py:190} INFO - [2025-01-29T15:07:37.049+0000] {dag.py:3239} INFO - Sync 1 DAGs
[2025-01-29T15:07:37.062+0000] {logging_mixin.py:190} INFO - [2025-01-29T15:07:37.061+0000] {dag.py:4180} INFO - Setting next_dagrun for example_task_group_decorator to None, run_after=None
[2025-01-29T15:07:37.077+0000] {processor.py:208} INFO - Processing /home/airflow/.local/lib/python3.10/site-packages/airflow/example_dags/example_task_group_decorator.py took 0.073 seconds
[2025-01-29T15:08:07.939+0000] {processor.py:186} INFO - Started process (PID=1803) to work on /home/airflow/.local/lib/python3.10/site-packages/airflow/example_dags/example_task_group_decorator.py
[2025-01-29T15:08:07.940+0000] {processor.py:914} INFO - Processing file /home/airflow/.local/lib/python3.10/site-packages/airflow/example_dags/example_task_group_decorator.py for tasks to queue
[2025-01-29T15:08:07.943+0000] {logging_mixin.py:190} INFO - [2025-01-29T15:08:07.942+0000] {dagbag.py:588} INFO - Filling up the DagBag from /home/airflow/.local/lib/python3.10/site-packages/airflow/example_dags/example_task_group_decorator.py
[2025-01-29T15:08:07.957+0000] {processor.py:925} INFO - DAG(s) 'example_task_group_decorator' retrieved from /home/airflow/.local/lib/python3.10/site-packages/airflow/example_dags/example_task_group_decorator.py
[2025-01-29T15:08:07.980+0000] {logging_mixin.py:190} INFO - [2025-01-29T15:08:07.980+0000] {dag.py:3239} INFO - Sync 1 DAGs
[2025-01-29T15:08:07.993+0000] {logging_mixin.py:190} INFO - [2025-01-29T15:08:07.992+0000] {dag.py:4180} INFO - Setting next_dagrun for example_task_group_decorator to None, run_after=None
[2025-01-29T15:08:08.008+0000] {processor.py:208} INFO - Processing /home/airflow/.local/lib/python3.10/site-packages/airflow/example_dags/example_task_group_decorator.py took 0.074 seconds
[2025-01-29T15:08:38.506+0000] {processor.py:186} INFO - Started process (PID=1869) to work on /home/airflow/.local/lib/python3.10/site-packages/airflow/example_dags/example_task_group_decorator.py
[2025-01-29T15:08:38.507+0000] {processor.py:914} INFO - Processing file /home/airflow/.local/lib/python3.10/site-packages/airflow/example_dags/example_task_group_decorator.py for tasks to queue
[2025-01-29T15:08:38.509+0000] {logging_mixin.py:190} INFO - [2025-01-29T15:08:38.509+0000] {dagbag.py:588} INFO - Filling up the DagBag from /home/airflow/.local/lib/python3.10/site-packages/airflow/example_dags/example_task_group_decorator.py
[2025-01-29T15:08:38.522+0000] {processor.py:925} INFO - DAG(s) 'example_task_group_decorator' retrieved from /home/airflow/.local/lib/python3.10/site-packages/airflow/example_dags/example_task_group_decorator.py
[2025-01-29T15:08:38.545+0000] {logging_mixin.py:190} INFO - [2025-01-29T15:08:38.545+0000] {dag.py:3239} INFO - Sync 1 DAGs
[2025-01-29T15:08:38.558+0000] {logging_mixin.py:190} INFO - [2025-01-29T15:08:38.558+0000] {dag.py:4180} INFO - Setting next_dagrun for example_task_group_decorator to None, run_after=None
[2025-01-29T15:08:38.574+0000] {processor.py:208} INFO - Processing /home/airflow/.local/lib/python3.10/site-packages/airflow/example_dags/example_task_group_decorator.py took 0.074 seconds
[2025-01-29T15:09:09.611+0000] {processor.py:186} INFO - Started process (PID=1935) to work on /home/airflow/.local/lib/python3.10/site-packages/airflow/example_dags/example_task_group_decorator.py
[2025-01-29T15:09:09.612+0000] {processor.py:914} INFO - Processing file /home/airflow/.local/lib/python3.10/site-packages/airflow/example_dags/example_task_group_decorator.py for tasks to queue
[2025-01-29T15:09:09.614+0000] {logging_mixin.py:190} INFO - [2025-01-29T15:09:09.614+0000] {dagbag.py:588} INFO - Filling up the DagBag from /home/airflow/.local/lib/python3.10/site-packages/airflow/example_dags/example_task_group_decorator.py
[2025-01-29T15:09:09.630+0000] {processor.py:925} INFO - DAG(s) 'example_task_group_decorator' retrieved from /home/airflow/.local/lib/python3.10/site-packages/airflow/example_dags/example_task_group_decorator.py
[2025-01-29T15:09:09.663+0000] {logging_mixin.py:190} INFO - [2025-01-29T15:09:09.662+0000] {dag.py:3239} INFO - Sync 1 DAGs
[2025-01-29T15:09:09.677+0000] {logging_mixin.py:190} INFO - [2025-01-29T15:09:09.677+0000] {dag.py:4180} INFO - Setting next_dagrun for example_task_group_decorator to None, run_after=None
[2025-01-29T15:09:09.693+0000] {processor.py:208} INFO - Processing /home/airflow/.local/lib/python3.10/site-packages/airflow/example_dags/example_task_group_decorator.py took 0.087 seconds
[2025-01-29T15:09:40.225+0000] {processor.py:186} INFO - Started process (PID=2001) to work on /home/airflow/.local/lib/python3.10/site-packages/airflow/example_dags/example_task_group_decorator.py
[2025-01-29T15:09:40.226+0000] {processor.py:914} INFO - Processing file /home/airflow/.local/lib/python3.10/site-packages/airflow/example_dags/example_task_group_decorator.py for tasks to queue
[2025-01-29T15:09:40.228+0000] {logging_mixin.py:190} INFO - [2025-01-29T15:09:40.228+0000] {dagbag.py:588} INFO - Filling up the DagBag from /home/airflow/.local/lib/python3.10/site-packages/airflow/example_dags/example_task_group_decorator.py
[2025-01-29T15:09:40.242+0000] {processor.py:925} INFO - DAG(s) 'example_task_group_decorator' retrieved from /home/airflow/.local/lib/python3.10/site-packages/airflow/example_dags/example_task_group_decorator.py
[2025-01-29T15:09:40.265+0000] {logging_mixin.py:190} INFO - [2025-01-29T15:09:40.265+0000] {dag.py:3239} INFO - Sync 1 DAGs
[2025-01-29T15:09:40.278+0000] {logging_mixin.py:190} INFO - [2025-01-29T15:09:40.277+0000] {dag.py:4180} INFO - Setting next_dagrun for example_task_group_decorator to None, run_after=None
[2025-01-29T15:09:40.293+0000] {processor.py:208} INFO - Processing /home/airflow/.local/lib/python3.10/site-packages/airflow/example_dags/example_task_group_decorator.py took 0.074 seconds
[2025-01-29T15:10:10.448+0000] {processor.py:186} INFO - Started process (PID=2066) to work on /home/airflow/.local/lib/python3.10/site-packages/airflow/example_dags/example_task_group_decorator.py
[2025-01-29T15:10:10.449+0000] {processor.py:914} INFO - Processing file /home/airflow/.local/lib/python3.10/site-packages/airflow/example_dags/example_task_group_decorator.py for tasks to queue
[2025-01-29T15:10:10.452+0000] {logging_mixin.py:190} INFO - [2025-01-29T15:10:10.452+0000] {dagbag.py:588} INFO - Filling up the DagBag from /home/airflow/.local/lib/python3.10/site-packages/airflow/example_dags/example_task_group_decorator.py
[2025-01-29T15:10:10.467+0000] {processor.py:925} INFO - DAG(s) 'example_task_group_decorator' retrieved from /home/airflow/.local/lib/python3.10/site-packages/airflow/example_dags/example_task_group_decorator.py
[2025-01-29T15:10:10.491+0000] {logging_mixin.py:190} INFO - [2025-01-29T15:10:10.491+0000] {dag.py:3239} INFO - Sync 1 DAGs
[2025-01-29T15:10:10.504+0000] {logging_mixin.py:190} INFO - [2025-01-29T15:10:10.504+0000] {dag.py:4180} INFO - Setting next_dagrun for example_task_group_decorator to None, run_after=None
[2025-01-29T15:10:10.521+0000] {processor.py:208} INFO - Processing /home/airflow/.local/lib/python3.10/site-packages/airflow/example_dags/example_task_group_decorator.py took 0.078 seconds
[2025-01-29T15:10:41.524+0000] {processor.py:186} INFO - Started process (PID=2132) to work on /home/airflow/.local/lib/python3.10/site-packages/airflow/example_dags/example_task_group_decorator.py
[2025-01-29T15:10:41.525+0000] {processor.py:914} INFO - Processing file /home/airflow/.local/lib/python3.10/site-packages/airflow/example_dags/example_task_group_decorator.py for tasks to queue
[2025-01-29T15:10:41.527+0000] {logging_mixin.py:190} INFO - [2025-01-29T15:10:41.527+0000] {dagbag.py:588} INFO - Filling up the DagBag from /home/airflow/.local/lib/python3.10/site-packages/airflow/example_dags/example_task_group_decorator.py
[2025-01-29T15:10:41.540+0000] {processor.py:925} INFO - DAG(s) 'example_task_group_decorator' retrieved from /home/airflow/.local/lib/python3.10/site-packages/airflow/example_dags/example_task_group_decorator.py
[2025-01-29T15:10:41.565+0000] {logging_mixin.py:190} INFO - [2025-01-29T15:10:41.565+0000] {dag.py:3239} INFO - Sync 1 DAGs
[2025-01-29T15:10:41.579+0000] {logging_mixin.py:190} INFO - [2025-01-29T15:10:41.578+0000] {dag.py:4180} INFO - Setting next_dagrun for example_task_group_decorator to None, run_after=None
[2025-01-29T15:10:41.594+0000] {processor.py:208} INFO - Processing /home/airflow/.local/lib/python3.10/site-packages/airflow/example_dags/example_task_group_decorator.py took 0.075 seconds
[2025-01-29T15:11:12.041+0000] {processor.py:186} INFO - Started process (PID=2198) to work on /home/airflow/.local/lib/python3.10/site-packages/airflow/example_dags/example_task_group_decorator.py
[2025-01-29T15:11:12.042+0000] {processor.py:914} INFO - Processing file /home/airflow/.local/lib/python3.10/site-packages/airflow/example_dags/example_task_group_decorator.py for tasks to queue
[2025-01-29T15:11:12.044+0000] {logging_mixin.py:190} INFO - [2025-01-29T15:11:12.044+0000] {dagbag.py:588} INFO - Filling up the DagBag from /home/airflow/.local/lib/python3.10/site-packages/airflow/example_dags/example_task_group_decorator.py
[2025-01-29T15:11:12.213+0000] {processor.py:925} INFO - DAG(s) 'example_task_group_decorator' retrieved from /home/airflow/.local/lib/python3.10/site-packages/airflow/example_dags/example_task_group_decorator.py
[2025-01-29T15:11:12.234+0000] {logging_mixin.py:190} INFO - [2025-01-29T15:11:12.234+0000] {dag.py:3239} INFO - Sync 1 DAGs
[2025-01-29T15:11:12.246+0000] {logging_mixin.py:190} INFO - [2025-01-29T15:11:12.246+0000] {dag.py:4180} INFO - Setting next_dagrun for example_task_group_decorator to None, run_after=None
[2025-01-29T15:11:12.260+0000] {processor.py:208} INFO - Processing /home/airflow/.local/lib/python3.10/site-packages/airflow/example_dags/example_task_group_decorator.py took 0.224 seconds
[2025-01-29T15:11:42.449+0000] {processor.py:186} INFO - Started process (PID=2264) to work on /home/airflow/.local/lib/python3.10/site-packages/airflow/example_dags/example_task_group_decorator.py
[2025-01-29T15:11:42.449+0000] {processor.py:914} INFO - Processing file /home/airflow/.local/lib/python3.10/site-packages/airflow/example_dags/example_task_group_decorator.py for tasks to queue
[2025-01-29T15:11:42.452+0000] {logging_mixin.py:190} INFO - [2025-01-29T15:11:42.452+0000] {dagbag.py:588} INFO - Filling up the DagBag from /home/airflow/.local/lib/python3.10/site-packages/airflow/example_dags/example_task_group_decorator.py
[2025-01-29T15:11:42.465+0000] {processor.py:925} INFO - DAG(s) 'example_task_group_decorator' retrieved from /home/airflow/.local/lib/python3.10/site-packages/airflow/example_dags/example_task_group_decorator.py
[2025-01-29T15:11:42.488+0000] {logging_mixin.py:190} INFO - [2025-01-29T15:11:42.488+0000] {dag.py:3239} INFO - Sync 1 DAGs
[2025-01-29T15:11:42.501+0000] {logging_mixin.py:190} INFO - [2025-01-29T15:11:42.501+0000] {dag.py:4180} INFO - Setting next_dagrun for example_task_group_decorator to None, run_after=None
[2025-01-29T15:11:42.515+0000] {processor.py:208} INFO - Processing /home/airflow/.local/lib/python3.10/site-packages/airflow/example_dags/example_task_group_decorator.py took 0.072 seconds
[2025-01-29T15:12:12.633+0000] {processor.py:186} INFO - Started process (PID=2330) to work on /home/airflow/.local/lib/python3.10/site-packages/airflow/example_dags/example_task_group_decorator.py
[2025-01-29T15:12:12.634+0000] {processor.py:914} INFO - Processing file /home/airflow/.local/lib/python3.10/site-packages/airflow/example_dags/example_task_group_decorator.py for tasks to queue
[2025-01-29T15:12:12.637+0000] {logging_mixin.py:190} INFO - [2025-01-29T15:12:12.637+0000] {dagbag.py:588} INFO - Filling up the DagBag from /home/airflow/.local/lib/python3.10/site-packages/airflow/example_dags/example_task_group_decorator.py
[2025-01-29T15:12:12.650+0000] {processor.py:925} INFO - DAG(s) 'example_task_group_decorator' retrieved from /home/airflow/.local/lib/python3.10/site-packages/airflow/example_dags/example_task_group_decorator.py
[2025-01-29T15:12:12.674+0000] {logging_mixin.py:190} INFO - [2025-01-29T15:12:12.674+0000] {dag.py:3239} INFO - Sync 1 DAGs
[2025-01-29T15:12:12.687+0000] {logging_mixin.py:190} INFO - [2025-01-29T15:12:12.687+0000] {dag.py:4180} INFO - Setting next_dagrun for example_task_group_decorator to None, run_after=None
[2025-01-29T15:12:12.701+0000] {processor.py:208} INFO - Processing /home/airflow/.local/lib/python3.10/site-packages/airflow/example_dags/example_task_group_decorator.py took 0.073 seconds
[2025-01-29T15:12:43.080+0000] {processor.py:186} INFO - Started process (PID=2396) to work on /home/airflow/.local/lib/python3.10/site-packages/airflow/example_dags/example_task_group_decorator.py
[2025-01-29T15:12:43.081+0000] {processor.py:914} INFO - Processing file /home/airflow/.local/lib/python3.10/site-packages/airflow/example_dags/example_task_group_decorator.py for tasks to queue
[2025-01-29T15:12:43.083+0000] {logging_mixin.py:190} INFO - [2025-01-29T15:12:43.083+0000] {dagbag.py:588} INFO - Filling up the DagBag from /home/airflow/.local/lib/python3.10/site-packages/airflow/example_dags/example_task_group_decorator.py
[2025-01-29T15:12:43.097+0000] {processor.py:925} INFO - DAG(s) 'example_task_group_decorator' retrieved from /home/airflow/.local/lib/python3.10/site-packages/airflow/example_dags/example_task_group_decorator.py
[2025-01-29T15:12:43.120+0000] {logging_mixin.py:190} INFO - [2025-01-29T15:12:43.120+0000] {dag.py:3239} INFO - Sync 1 DAGs
[2025-01-29T15:12:43.133+0000] {logging_mixin.py:190} INFO - [2025-01-29T15:12:43.133+0000] {dag.py:4180} INFO - Setting next_dagrun for example_task_group_decorator to None, run_after=None
[2025-01-29T15:12:43.147+0000] {processor.py:208} INFO - Processing /home/airflow/.local/lib/python3.10/site-packages/airflow/example_dags/example_task_group_decorator.py took 0.073 seconds
[2025-01-29T15:13:13.242+0000] {processor.py:186} INFO - Started process (PID=2462) to work on /home/airflow/.local/lib/python3.10/site-packages/airflow/example_dags/example_task_group_decorator.py
[2025-01-29T15:13:13.243+0000] {processor.py:914} INFO - Processing file /home/airflow/.local/lib/python3.10/site-packages/airflow/example_dags/example_task_group_decorator.py for tasks to queue
[2025-01-29T15:13:13.245+0000] {logging_mixin.py:190} INFO - [2025-01-29T15:13:13.245+0000] {dagbag.py:588} INFO - Filling up the DagBag from /home/airflow/.local/lib/python3.10/site-packages/airflow/example_dags/example_task_group_decorator.py
[2025-01-29T15:13:13.258+0000] {processor.py:925} INFO - DAG(s) 'example_task_group_decorator' retrieved from /home/airflow/.local/lib/python3.10/site-packages/airflow/example_dags/example_task_group_decorator.py
[2025-01-29T15:13:13.282+0000] {logging_mixin.py:190} INFO - [2025-01-29T15:13:13.282+0000] {dag.py:3239} INFO - Sync 1 DAGs
[2025-01-29T15:13:13.294+0000] {logging_mixin.py:190} INFO - [2025-01-29T15:13:13.294+0000] {dag.py:4180} INFO - Setting next_dagrun for example_task_group_decorator to None, run_after=None
[2025-01-29T15:13:13.308+0000] {processor.py:208} INFO - Processing /home/airflow/.local/lib/python3.10/site-packages/airflow/example_dags/example_task_group_decorator.py took 0.072 seconds
[2025-01-29T15:13:43.387+0000] {processor.py:186} INFO - Started process (PID=2528) to work on /home/airflow/.local/lib/python3.10/site-packages/airflow/example_dags/example_task_group_decorator.py
[2025-01-29T15:13:43.388+0000] {processor.py:914} INFO - Processing file /home/airflow/.local/lib/python3.10/site-packages/airflow/example_dags/example_task_group_decorator.py for tasks to queue
[2025-01-29T15:13:43.390+0000] {logging_mixin.py:190} INFO - [2025-01-29T15:13:43.390+0000] {dagbag.py:588} INFO - Filling up the DagBag from /home/airflow/.local/lib/python3.10/site-packages/airflow/example_dags/example_task_group_decorator.py
[2025-01-29T15:13:43.404+0000] {processor.py:925} INFO - DAG(s) 'example_task_group_decorator' retrieved from /home/airflow/.local/lib/python3.10/site-packages/airflow/example_dags/example_task_group_decorator.py
[2025-01-29T15:13:43.427+0000] {logging_mixin.py:190} INFO - [2025-01-29T15:13:43.427+0000] {dag.py:3239} INFO - Sync 1 DAGs
[2025-01-29T15:13:43.439+0000] {logging_mixin.py:190} INFO - [2025-01-29T15:13:43.439+0000] {dag.py:4180} INFO - Setting next_dagrun for example_task_group_decorator to None, run_after=None
[2025-01-29T15:13:43.454+0000] {processor.py:208} INFO - Processing /home/airflow/.local/lib/python3.10/site-packages/airflow/example_dags/example_task_group_decorator.py took 0.072 seconds
[2025-01-29T15:14:13.598+0000] {processor.py:186} INFO - Started process (PID=2594) to work on /home/airflow/.local/lib/python3.10/site-packages/airflow/example_dags/example_task_group_decorator.py
[2025-01-29T15:14:13.599+0000] {processor.py:914} INFO - Processing file /home/airflow/.local/lib/python3.10/site-packages/airflow/example_dags/example_task_group_decorator.py for tasks to queue
[2025-01-29T15:14:13.601+0000] {logging_mixin.py:190} INFO - [2025-01-29T15:14:13.601+0000] {dagbag.py:588} INFO - Filling up the DagBag from /home/airflow/.local/lib/python3.10/site-packages/airflow/example_dags/example_task_group_decorator.py
[2025-01-29T15:14:13.614+0000] {processor.py:925} INFO - DAG(s) 'example_task_group_decorator' retrieved from /home/airflow/.local/lib/python3.10/site-packages/airflow/example_dags/example_task_group_decorator.py
[2025-01-29T15:14:13.637+0000] {logging_mixin.py:190} INFO - [2025-01-29T15:14:13.637+0000] {dag.py:3239} INFO - Sync 1 DAGs
[2025-01-29T15:14:13.651+0000] {logging_mixin.py:190} INFO - [2025-01-29T15:14:13.651+0000] {dag.py:4180} INFO - Setting next_dagrun for example_task_group_decorator to None, run_after=None
[2025-01-29T15:14:13.666+0000] {processor.py:208} INFO - Processing /home/airflow/.local/lib/python3.10/site-packages/airflow/example_dags/example_task_group_decorator.py took 0.073 seconds
[2025-01-29T15:14:43.873+0000] {processor.py:186} INFO - Started process (PID=2660) to work on /home/airflow/.local/lib/python3.10/site-packages/airflow/example_dags/example_task_group_decorator.py
[2025-01-29T15:14:43.874+0000] {processor.py:914} INFO - Processing file /home/airflow/.local/lib/python3.10/site-packages/airflow/example_dags/example_task_group_decorator.py for tasks to queue
[2025-01-29T15:14:43.876+0000] {logging_mixin.py:190} INFO - [2025-01-29T15:14:43.876+0000] {dagbag.py:588} INFO - Filling up the DagBag from /home/airflow/.local/lib/python3.10/site-packages/airflow/example_dags/example_task_group_decorator.py
[2025-01-29T15:14:43.890+0000] {processor.py:925} INFO - DAG(s) 'example_task_group_decorator' retrieved from /home/airflow/.local/lib/python3.10/site-packages/airflow/example_dags/example_task_group_decorator.py
[2025-01-29T15:14:43.913+0000] {logging_mixin.py:190} INFO - [2025-01-29T15:14:43.913+0000] {dag.py:3239} INFO - Sync 1 DAGs
[2025-01-29T15:14:43.926+0000] {logging_mixin.py:190} INFO - [2025-01-29T15:14:43.926+0000] {dag.py:4180} INFO - Setting next_dagrun for example_task_group_decorator to None, run_after=None
[2025-01-29T15:14:43.940+0000] {processor.py:208} INFO - Processing /home/airflow/.local/lib/python3.10/site-packages/airflow/example_dags/example_task_group_decorator.py took 0.072 seconds
[2025-01-29T15:15:14.195+0000] {processor.py:186} INFO - Started process (PID=2726) to work on /home/airflow/.local/lib/python3.10/site-packages/airflow/example_dags/example_task_group_decorator.py
[2025-01-29T15:15:14.196+0000] {processor.py:914} INFO - Processing file /home/airflow/.local/lib/python3.10/site-packages/airflow/example_dags/example_task_group_decorator.py for tasks to queue
[2025-01-29T15:15:14.198+0000] {logging_mixin.py:190} INFO - [2025-01-29T15:15:14.198+0000] {dagbag.py:588} INFO - Filling up the DagBag from /home/airflow/.local/lib/python3.10/site-packages/airflow/example_dags/example_task_group_decorator.py
[2025-01-29T15:15:14.212+0000] {processor.py:925} INFO - DAG(s) 'example_task_group_decorator' retrieved from /home/airflow/.local/lib/python3.10/site-packages/airflow/example_dags/example_task_group_decorator.py
[2025-01-29T15:15:14.234+0000] {logging_mixin.py:190} INFO - [2025-01-29T15:15:14.234+0000] {dag.py:3239} INFO - Sync 1 DAGs
[2025-01-29T15:15:14.248+0000] {logging_mixin.py:190} INFO - [2025-01-29T15:15:14.247+0000] {dag.py:4180} INFO - Setting next_dagrun for example_task_group_decorator to None, run_after=None
[2025-01-29T15:15:14.261+0000] {processor.py:208} INFO - Processing /home/airflow/.local/lib/python3.10/site-packages/airflow/example_dags/example_task_group_decorator.py took 0.071 seconds
[2025-01-29T15:15:45.131+0000] {processor.py:186} INFO - Started process (PID=2792) to work on /home/airflow/.local/lib/python3.10/site-packages/airflow/example_dags/example_task_group_decorator.py
[2025-01-29T15:15:45.132+0000] {processor.py:914} INFO - Processing file /home/airflow/.local/lib/python3.10/site-packages/airflow/example_dags/example_task_group_decorator.py for tasks to queue
[2025-01-29T15:15:45.134+0000] {logging_mixin.py:190} INFO - [2025-01-29T15:15:45.134+0000] {dagbag.py:588} INFO - Filling up the DagBag from /home/airflow/.local/lib/python3.10/site-packages/airflow/example_dags/example_task_group_decorator.py
[2025-01-29T15:15:45.147+0000] {processor.py:925} INFO - DAG(s) 'example_task_group_decorator' retrieved from /home/airflow/.local/lib/python3.10/site-packages/airflow/example_dags/example_task_group_decorator.py
[2025-01-29T15:15:45.170+0000] {logging_mixin.py:190} INFO - [2025-01-29T15:15:45.170+0000] {dag.py:3239} INFO - Sync 1 DAGs
[2025-01-29T15:15:45.183+0000] {logging_mixin.py:190} INFO - [2025-01-29T15:15:45.183+0000] {dag.py:4180} INFO - Setting next_dagrun for example_task_group_decorator to None, run_after=None
[2025-01-29T15:15:45.197+0000] {processor.py:208} INFO - Processing /home/airflow/.local/lib/python3.10/site-packages/airflow/example_dags/example_task_group_decorator.py took 0.072 seconds
[2025-01-29T15:16:15.438+0000] {processor.py:186} INFO - Started process (PID=2858) to work on /home/airflow/.local/lib/python3.10/site-packages/airflow/example_dags/example_task_group_decorator.py
[2025-01-29T15:16:15.439+0000] {processor.py:914} INFO - Processing file /home/airflow/.local/lib/python3.10/site-packages/airflow/example_dags/example_task_group_decorator.py for tasks to queue
[2025-01-29T15:16:15.442+0000] {logging_mixin.py:190} INFO - [2025-01-29T15:16:15.442+0000] {dagbag.py:588} INFO - Filling up the DagBag from /home/airflow/.local/lib/python3.10/site-packages/airflow/example_dags/example_task_group_decorator.py
[2025-01-29T15:16:15.457+0000] {processor.py:925} INFO - DAG(s) 'example_task_group_decorator' retrieved from /home/airflow/.local/lib/python3.10/site-packages/airflow/example_dags/example_task_group_decorator.py
[2025-01-29T15:16:15.484+0000] {logging_mixin.py:190} INFO - [2025-01-29T15:16:15.484+0000] {dag.py:3239} INFO - Sync 1 DAGs
[2025-01-29T15:16:15.500+0000] {logging_mixin.py:190} INFO - [2025-01-29T15:16:15.499+0000] {dag.py:4180} INFO - Setting next_dagrun for example_task_group_decorator to None, run_after=None
[2025-01-29T15:16:15.516+0000] {processor.py:208} INFO - Processing /home/airflow/.local/lib/python3.10/site-packages/airflow/example_dags/example_task_group_decorator.py took 0.084 seconds
[2025-01-29T15:16:45.626+0000] {processor.py:186} INFO - Started process (PID=2924) to work on /home/airflow/.local/lib/python3.10/site-packages/airflow/example_dags/example_task_group_decorator.py
[2025-01-29T15:16:45.626+0000] {processor.py:914} INFO - Processing file /home/airflow/.local/lib/python3.10/site-packages/airflow/example_dags/example_task_group_decorator.py for tasks to queue
[2025-01-29T15:16:45.629+0000] {logging_mixin.py:190} INFO - [2025-01-29T15:16:45.629+0000] {dagbag.py:588} INFO - Filling up the DagBag from /home/airflow/.local/lib/python3.10/site-packages/airflow/example_dags/example_task_group_decorator.py
[2025-01-29T15:16:45.642+0000] {processor.py:925} INFO - DAG(s) 'example_task_group_decorator' retrieved from /home/airflow/.local/lib/python3.10/site-packages/airflow/example_dags/example_task_group_decorator.py
[2025-01-29T15:16:45.665+0000] {logging_mixin.py:190} INFO - [2025-01-29T15:16:45.665+0000] {dag.py:3239} INFO - Sync 1 DAGs
[2025-01-29T15:16:45.679+0000] {logging_mixin.py:190} INFO - [2025-01-29T15:16:45.678+0000] {dag.py:4180} INFO - Setting next_dagrun for example_task_group_decorator to None, run_after=None
[2025-01-29T15:16:45.692+0000] {processor.py:208} INFO - Processing /home/airflow/.local/lib/python3.10/site-packages/airflow/example_dags/example_task_group_decorator.py took 0.072 seconds
[2025-01-29T15:17:15.899+0000] {processor.py:186} INFO - Started process (PID=2990) to work on /home/airflow/.local/lib/python3.10/site-packages/airflow/example_dags/example_task_group_decorator.py
[2025-01-29T15:17:15.900+0000] {processor.py:914} INFO - Processing file /home/airflow/.local/lib/python3.10/site-packages/airflow/example_dags/example_task_group_decorator.py for tasks to queue
[2025-01-29T15:17:15.902+0000] {logging_mixin.py:190} INFO - [2025-01-29T15:17:15.902+0000] {dagbag.py:588} INFO - Filling up the DagBag from /home/airflow/.local/lib/python3.10/site-packages/airflow/example_dags/example_task_group_decorator.py
[2025-01-29T15:17:15.915+0000] {processor.py:925} INFO - DAG(s) 'example_task_group_decorator' retrieved from /home/airflow/.local/lib/python3.10/site-packages/airflow/example_dags/example_task_group_decorator.py
[2025-01-29T15:17:15.939+0000] {logging_mixin.py:190} INFO - [2025-01-29T15:17:15.938+0000] {dag.py:3239} INFO - Sync 1 DAGs
[2025-01-29T15:17:15.951+0000] {logging_mixin.py:190} INFO - [2025-01-29T15:17:15.951+0000] {dag.py:4180} INFO - Setting next_dagrun for example_task_group_decorator to None, run_after=None
[2025-01-29T15:17:15.966+0000] {processor.py:208} INFO - Processing /home/airflow/.local/lib/python3.10/site-packages/airflow/example_dags/example_task_group_decorator.py took 0.072 seconds
[2025-01-29T15:17:46.120+0000] {processor.py:186} INFO - Started process (PID=3056) to work on /home/airflow/.local/lib/python3.10/site-packages/airflow/example_dags/example_task_group_decorator.py
[2025-01-29T15:17:46.121+0000] {processor.py:914} INFO - Processing file /home/airflow/.local/lib/python3.10/site-packages/airflow/example_dags/example_task_group_decorator.py for tasks to queue
[2025-01-29T15:17:46.123+0000] {logging_mixin.py:190} INFO - [2025-01-29T15:17:46.123+0000] {dagbag.py:588} INFO - Filling up the DagBag from /home/airflow/.local/lib/python3.10/site-packages/airflow/example_dags/example_task_group_decorator.py
[2025-01-29T15:17:46.137+0000] {processor.py:925} INFO - DAG(s) 'example_task_group_decorator' retrieved from /home/airflow/.local/lib/python3.10/site-packages/airflow/example_dags/example_task_group_decorator.py
[2025-01-29T15:17:46.160+0000] {logging_mixin.py:190} INFO - [2025-01-29T15:17:46.160+0000] {dag.py:3239} INFO - Sync 1 DAGs
[2025-01-29T15:17:46.173+0000] {logging_mixin.py:190} INFO - [2025-01-29T15:17:46.173+0000] {dag.py:4180} INFO - Setting next_dagrun for example_task_group_decorator to None, run_after=None
[2025-01-29T15:17:46.187+0000] {processor.py:208} INFO - Processing /home/airflow/.local/lib/python3.10/site-packages/airflow/example_dags/example_task_group_decorator.py took 0.072 seconds
[2025-01-29T15:18:16.373+0000] {processor.py:186} INFO - Started process (PID=3122) to work on /home/airflow/.local/lib/python3.10/site-packages/airflow/example_dags/example_task_group_decorator.py
[2025-01-29T15:18:16.373+0000] {processor.py:914} INFO - Processing file /home/airflow/.local/lib/python3.10/site-packages/airflow/example_dags/example_task_group_decorator.py for tasks to queue
[2025-01-29T15:18:16.376+0000] {logging_mixin.py:190} INFO - [2025-01-29T15:18:16.376+0000] {dagbag.py:588} INFO - Filling up the DagBag from /home/airflow/.local/lib/python3.10/site-packages/airflow/example_dags/example_task_group_decorator.py
[2025-01-29T15:18:16.390+0000] {processor.py:925} INFO - DAG(s) 'example_task_group_decorator' retrieved from /home/airflow/.local/lib/python3.10/site-packages/airflow/example_dags/example_task_group_decorator.py
[2025-01-29T15:18:16.416+0000] {logging_mixin.py:190} INFO - [2025-01-29T15:18:16.416+0000] {dag.py:3239} INFO - Sync 1 DAGs
[2025-01-29T15:18:16.431+0000] {logging_mixin.py:190} INFO - [2025-01-29T15:18:16.431+0000] {dag.py:4180} INFO - Setting next_dagrun for example_task_group_decorator to None, run_after=None
[2025-01-29T15:18:16.453+0000] {processor.py:208} INFO - Processing /home/airflow/.local/lib/python3.10/site-packages/airflow/example_dags/example_task_group_decorator.py took 0.087 seconds
