[2025-01-29T14:54:58.332+0000] {processor.py:186} INFO - Started process (PID=99) to work on /home/airflow/.local/lib/python3.10/site-packages/airflow/example_dags/example_setup_teardown.py
[2025-01-29T14:54:58.333+0000] {processor.py:914} INFO - Processing file /home/airflow/.local/lib/python3.10/site-packages/airflow/example_dags/example_setup_teardown.py for tasks to queue
[2025-01-29T14:54:58.336+0000] {logging_mixin.py:190} INFO - [2025-01-29T14:54:58.336+0000] {dagbag.py:588} INFO - Filling up the DagBag from /home/airflow/.local/lib/python3.10/site-packages/airflow/example_dags/example_setup_teardown.py
[2025-01-29T14:54:58.345+0000] {processor.py:925} INFO - DAG(s) 'example_setup_teardown' retrieved from /home/airflow/.local/lib/python3.10/site-packages/airflow/example_dags/example_setup_teardown.py
[2025-01-29T14:54:58.370+0000] {logging_mixin.py:190} INFO - [2025-01-29T14:54:58.370+0000] {dag.py:3239} INFO - Sync 1 DAGs
[2025-01-29T14:54:58.383+0000] {logging_mixin.py:190} INFO - [2025-01-29T14:54:58.383+0000] {dag.py:4180} INFO - Setting next_dagrun for example_setup_teardown to None, run_after=None
[2025-01-29T14:54:58.400+0000] {processor.py:208} INFO - Processing /home/airflow/.local/lib/python3.10/site-packages/airflow/example_dags/example_setup_teardown.py took 0.073 seconds
[2025-01-29T14:55:28.533+0000] {processor.py:186} INFO - Started process (PID=165) to work on /home/airflow/.local/lib/python3.10/site-packages/airflow/example_dags/example_setup_teardown.py
[2025-01-29T14:55:28.534+0000] {processor.py:914} INFO - Processing file /home/airflow/.local/lib/python3.10/site-packages/airflow/example_dags/example_setup_teardown.py for tasks to queue
[2025-01-29T14:55:28.536+0000] {logging_mixin.py:190} INFO - [2025-01-29T14:55:28.536+0000] {dagbag.py:588} INFO - Filling up the DagBag from /home/airflow/.local/lib/python3.10/site-packages/airflow/example_dags/example_setup_teardown.py
[2025-01-29T14:55:28.543+0000] {processor.py:925} INFO - DAG(s) 'example_setup_teardown' retrieved from /home/airflow/.local/lib/python3.10/site-packages/airflow/example_dags/example_setup_teardown.py
[2025-01-29T14:55:28.560+0000] {logging_mixin.py:190} INFO - [2025-01-29T14:55:28.560+0000] {dag.py:3239} INFO - Sync 1 DAGs
[2025-01-29T14:55:28.572+0000] {logging_mixin.py:190} INFO - [2025-01-29T14:55:28.572+0000] {dag.py:4180} INFO - Setting next_dagrun for example_setup_teardown to None, run_after=None
[2025-01-29T14:55:28.587+0000] {processor.py:208} INFO - Processing /home/airflow/.local/lib/python3.10/site-packages/airflow/example_dags/example_setup_teardown.py took 0.059 seconds
[2025-01-29T14:55:58.884+0000] {processor.py:186} INFO - Started process (PID=231) to work on /home/airflow/.local/lib/python3.10/site-packages/airflow/example_dags/example_setup_teardown.py
[2025-01-29T14:55:58.885+0000] {processor.py:914} INFO - Processing file /home/airflow/.local/lib/python3.10/site-packages/airflow/example_dags/example_setup_teardown.py for tasks to queue
[2025-01-29T14:55:58.887+0000] {logging_mixin.py:190} INFO - [2025-01-29T14:55:58.887+0000] {dagbag.py:588} INFO - Filling up the DagBag from /home/airflow/.local/lib/python3.10/site-packages/airflow/example_dags/example_setup_teardown.py
[2025-01-29T14:55:58.895+0000] {processor.py:925} INFO - DAG(s) 'example_setup_teardown' retrieved from /home/airflow/.local/lib/python3.10/site-packages/airflow/example_dags/example_setup_teardown.py
[2025-01-29T14:55:58.914+0000] {logging_mixin.py:190} INFO - [2025-01-29T14:55:58.913+0000] {dag.py:3239} INFO - Sync 1 DAGs
[2025-01-29T14:55:58.927+0000] {logging_mixin.py:190} INFO - [2025-01-29T14:55:58.927+0000] {dag.py:4180} INFO - Setting next_dagrun for example_setup_teardown to None, run_after=None
[2025-01-29T14:55:58.942+0000] {processor.py:208} INFO - Processing /home/airflow/.local/lib/python3.10/site-packages/airflow/example_dags/example_setup_teardown.py took 0.064 seconds
[2025-01-29T14:56:29.090+0000] {processor.py:186} INFO - Started process (PID=297) to work on /home/airflow/.local/lib/python3.10/site-packages/airflow/example_dags/example_setup_teardown.py
[2025-01-29T14:56:29.091+0000] {processor.py:914} INFO - Processing file /home/airflow/.local/lib/python3.10/site-packages/airflow/example_dags/example_setup_teardown.py for tasks to queue
[2025-01-29T14:56:29.093+0000] {logging_mixin.py:190} INFO - [2025-01-29T14:56:29.093+0000] {dagbag.py:588} INFO - Filling up the DagBag from /home/airflow/.local/lib/python3.10/site-packages/airflow/example_dags/example_setup_teardown.py
[2025-01-29T14:56:29.100+0000] {processor.py:925} INFO - DAG(s) 'example_setup_teardown' retrieved from /home/airflow/.local/lib/python3.10/site-packages/airflow/example_dags/example_setup_teardown.py
[2025-01-29T14:56:29.121+0000] {logging_mixin.py:190} INFO - [2025-01-29T14:56:29.121+0000] {dag.py:3239} INFO - Sync 1 DAGs
[2025-01-29T14:56:29.135+0000] {logging_mixin.py:190} INFO - [2025-01-29T14:56:29.134+0000] {dag.py:4180} INFO - Setting next_dagrun for example_setup_teardown to None, run_after=None
[2025-01-29T14:56:29.152+0000] {processor.py:208} INFO - Processing /home/airflow/.local/lib/python3.10/site-packages/airflow/example_dags/example_setup_teardown.py took 0.067 seconds
[2025-01-29T14:56:59.437+0000] {processor.py:186} INFO - Started process (PID=363) to work on /home/airflow/.local/lib/python3.10/site-packages/airflow/example_dags/example_setup_teardown.py
[2025-01-29T14:56:59.438+0000] {processor.py:914} INFO - Processing file /home/airflow/.local/lib/python3.10/site-packages/airflow/example_dags/example_setup_teardown.py for tasks to queue
[2025-01-29T14:56:59.440+0000] {logging_mixin.py:190} INFO - [2025-01-29T14:56:59.440+0000] {dagbag.py:588} INFO - Filling up the DagBag from /home/airflow/.local/lib/python3.10/site-packages/airflow/example_dags/example_setup_teardown.py
[2025-01-29T14:56:59.448+0000] {processor.py:925} INFO - DAG(s) 'example_setup_teardown' retrieved from /home/airflow/.local/lib/python3.10/site-packages/airflow/example_dags/example_setup_teardown.py
[2025-01-29T14:56:59.466+0000] {logging_mixin.py:190} INFO - [2025-01-29T14:56:59.465+0000] {dag.py:3239} INFO - Sync 1 DAGs
[2025-01-29T14:56:59.479+0000] {logging_mixin.py:190} INFO - [2025-01-29T14:56:59.478+0000] {dag.py:4180} INFO - Setting next_dagrun for example_setup_teardown to None, run_after=None
[2025-01-29T14:56:59.494+0000] {processor.py:208} INFO - Processing /home/airflow/.local/lib/python3.10/site-packages/airflow/example_dags/example_setup_teardown.py took 0.063 seconds
[2025-01-29T14:57:29.857+0000] {processor.py:186} INFO - Started process (PID=429) to work on /home/airflow/.local/lib/python3.10/site-packages/airflow/example_dags/example_setup_teardown.py
[2025-01-29T14:57:29.858+0000] {processor.py:914} INFO - Processing file /home/airflow/.local/lib/python3.10/site-packages/airflow/example_dags/example_setup_teardown.py for tasks to queue
[2025-01-29T14:57:29.860+0000] {logging_mixin.py:190} INFO - [2025-01-29T14:57:29.860+0000] {dagbag.py:588} INFO - Filling up the DagBag from /home/airflow/.local/lib/python3.10/site-packages/airflow/example_dags/example_setup_teardown.py
[2025-01-29T14:57:29.867+0000] {processor.py:925} INFO - DAG(s) 'example_setup_teardown' retrieved from /home/airflow/.local/lib/python3.10/site-packages/airflow/example_dags/example_setup_teardown.py
[2025-01-29T14:57:29.885+0000] {logging_mixin.py:190} INFO - [2025-01-29T14:57:29.885+0000] {dag.py:3239} INFO - Sync 1 DAGs
[2025-01-29T14:57:29.898+0000] {logging_mixin.py:190} INFO - [2025-01-29T14:57:29.898+0000] {dag.py:4180} INFO - Setting next_dagrun for example_setup_teardown to None, run_after=None
[2025-01-29T14:57:29.913+0000] {processor.py:208} INFO - Processing /home/airflow/.local/lib/python3.10/site-packages/airflow/example_dags/example_setup_teardown.py took 0.062 seconds
[2025-01-29T14:58:00.218+0000] {processor.py:186} INFO - Started process (PID=495) to work on /home/airflow/.local/lib/python3.10/site-packages/airflow/example_dags/example_setup_teardown.py
[2025-01-29T14:58:00.219+0000] {processor.py:914} INFO - Processing file /home/airflow/.local/lib/python3.10/site-packages/airflow/example_dags/example_setup_teardown.py for tasks to queue
[2025-01-29T14:58:00.222+0000] {logging_mixin.py:190} INFO - [2025-01-29T14:58:00.222+0000] {dagbag.py:588} INFO - Filling up the DagBag from /home/airflow/.local/lib/python3.10/site-packages/airflow/example_dags/example_setup_teardown.py
[2025-01-29T14:58:00.229+0000] {processor.py:925} INFO - DAG(s) 'example_setup_teardown' retrieved from /home/airflow/.local/lib/python3.10/site-packages/airflow/example_dags/example_setup_teardown.py
[2025-01-29T14:58:00.249+0000] {logging_mixin.py:190} INFO - [2025-01-29T14:58:00.248+0000] {dag.py:3239} INFO - Sync 1 DAGs
[2025-01-29T14:58:00.261+0000] {logging_mixin.py:190} INFO - [2025-01-29T14:58:00.261+0000] {dag.py:4180} INFO - Setting next_dagrun for example_setup_teardown to None, run_after=None
[2025-01-29T14:58:00.277+0000] {processor.py:208} INFO - Processing /home/airflow/.local/lib/python3.10/site-packages/airflow/example_dags/example_setup_teardown.py took 0.064 seconds
[2025-01-29T14:58:30.701+0000] {processor.py:186} INFO - Started process (PID=561) to work on /home/airflow/.local/lib/python3.10/site-packages/airflow/example_dags/example_setup_teardown.py
[2025-01-29T14:58:30.702+0000] {processor.py:914} INFO - Processing file /home/airflow/.local/lib/python3.10/site-packages/airflow/example_dags/example_setup_teardown.py for tasks to queue
[2025-01-29T14:58:30.704+0000] {logging_mixin.py:190} INFO - [2025-01-29T14:58:30.704+0000] {dagbag.py:588} INFO - Filling up the DagBag from /home/airflow/.local/lib/python3.10/site-packages/airflow/example_dags/example_setup_teardown.py
[2025-01-29T14:58:30.713+0000] {processor.py:925} INFO - DAG(s) 'example_setup_teardown' retrieved from /home/airflow/.local/lib/python3.10/site-packages/airflow/example_dags/example_setup_teardown.py
[2025-01-29T14:58:30.735+0000] {logging_mixin.py:190} INFO - [2025-01-29T14:58:30.735+0000] {dag.py:3239} INFO - Sync 1 DAGs
[2025-01-29T14:58:30.751+0000] {logging_mixin.py:190} INFO - [2025-01-29T14:58:30.751+0000] {dag.py:4180} INFO - Setting next_dagrun for example_setup_teardown to None, run_after=None
[2025-01-29T14:58:30.771+0000] {processor.py:208} INFO - Processing /home/airflow/.local/lib/python3.10/site-packages/airflow/example_dags/example_setup_teardown.py took 0.077 seconds
[2025-01-29T14:59:00.968+0000] {processor.py:186} INFO - Started process (PID=627) to work on /home/airflow/.local/lib/python3.10/site-packages/airflow/example_dags/example_setup_teardown.py
[2025-01-29T14:59:00.968+0000] {processor.py:914} INFO - Processing file /home/airflow/.local/lib/python3.10/site-packages/airflow/example_dags/example_setup_teardown.py for tasks to queue
[2025-01-29T14:59:00.971+0000] {logging_mixin.py:190} INFO - [2025-01-29T14:59:00.971+0000] {dagbag.py:588} INFO - Filling up the DagBag from /home/airflow/.local/lib/python3.10/site-packages/airflow/example_dags/example_setup_teardown.py
[2025-01-29T14:59:00.978+0000] {processor.py:925} INFO - DAG(s) 'example_setup_teardown' retrieved from /home/airflow/.local/lib/python3.10/site-packages/airflow/example_dags/example_setup_teardown.py
[2025-01-29T14:59:00.996+0000] {logging_mixin.py:190} INFO - [2025-01-29T14:59:00.996+0000] {dag.py:3239} INFO - Sync 1 DAGs
[2025-01-29T14:59:01.009+0000] {logging_mixin.py:190} INFO - [2025-01-29T14:59:01.008+0000] {dag.py:4180} INFO - Setting next_dagrun for example_setup_teardown to None, run_after=None
[2025-01-29T14:59:01.024+0000] {processor.py:208} INFO - Processing /home/airflow/.local/lib/python3.10/site-packages/airflow/example_dags/example_setup_teardown.py took 0.061 seconds
[2025-01-29T14:59:31.210+0000] {processor.py:186} INFO - Started process (PID=693) to work on /home/airflow/.local/lib/python3.10/site-packages/airflow/example_dags/example_setup_teardown.py
[2025-01-29T14:59:31.211+0000] {processor.py:914} INFO - Processing file /home/airflow/.local/lib/python3.10/site-packages/airflow/example_dags/example_setup_teardown.py for tasks to queue
[2025-01-29T14:59:31.213+0000] {logging_mixin.py:190} INFO - [2025-01-29T14:59:31.213+0000] {dagbag.py:588} INFO - Filling up the DagBag from /home/airflow/.local/lib/python3.10/site-packages/airflow/example_dags/example_setup_teardown.py
[2025-01-29T14:59:31.220+0000] {processor.py:925} INFO - DAG(s) 'example_setup_teardown' retrieved from /home/airflow/.local/lib/python3.10/site-packages/airflow/example_dags/example_setup_teardown.py
[2025-01-29T14:59:31.238+0000] {logging_mixin.py:190} INFO - [2025-01-29T14:59:31.238+0000] {dag.py:3239} INFO - Sync 1 DAGs
[2025-01-29T14:59:31.250+0000] {logging_mixin.py:190} INFO - [2025-01-29T14:59:31.250+0000] {dag.py:4180} INFO - Setting next_dagrun for example_setup_teardown to None, run_after=None
[2025-01-29T14:59:31.268+0000] {processor.py:208} INFO - Processing /home/airflow/.local/lib/python3.10/site-packages/airflow/example_dags/example_setup_teardown.py took 0.063 seconds
[2025-01-29T15:00:01.563+0000] {processor.py:186} INFO - Started process (PID=759) to work on /home/airflow/.local/lib/python3.10/site-packages/airflow/example_dags/example_setup_teardown.py
[2025-01-29T15:00:01.564+0000] {processor.py:914} INFO - Processing file /home/airflow/.local/lib/python3.10/site-packages/airflow/example_dags/example_setup_teardown.py for tasks to queue
[2025-01-29T15:00:01.566+0000] {logging_mixin.py:190} INFO - [2025-01-29T15:00:01.566+0000] {dagbag.py:588} INFO - Filling up the DagBag from /home/airflow/.local/lib/python3.10/site-packages/airflow/example_dags/example_setup_teardown.py
[2025-01-29T15:00:01.574+0000] {processor.py:925} INFO - DAG(s) 'example_setup_teardown' retrieved from /home/airflow/.local/lib/python3.10/site-packages/airflow/example_dags/example_setup_teardown.py
[2025-01-29T15:00:01.592+0000] {logging_mixin.py:190} INFO - [2025-01-29T15:00:01.592+0000] {dag.py:3239} INFO - Sync 1 DAGs
[2025-01-29T15:00:01.604+0000] {logging_mixin.py:190} INFO - [2025-01-29T15:00:01.604+0000] {dag.py:4180} INFO - Setting next_dagrun for example_setup_teardown to None, run_after=None
[2025-01-29T15:00:01.619+0000] {processor.py:208} INFO - Processing /home/airflow/.local/lib/python3.10/site-packages/airflow/example_dags/example_setup_teardown.py took 0.061 seconds
[2025-01-29T15:00:32.677+0000] {processor.py:186} INFO - Started process (PID=825) to work on /home/airflow/.local/lib/python3.10/site-packages/airflow/example_dags/example_setup_teardown.py
[2025-01-29T15:00:32.678+0000] {processor.py:914} INFO - Processing file /home/airflow/.local/lib/python3.10/site-packages/airflow/example_dags/example_setup_teardown.py for tasks to queue
[2025-01-29T15:00:32.680+0000] {logging_mixin.py:190} INFO - [2025-01-29T15:00:32.680+0000] {dagbag.py:588} INFO - Filling up the DagBag from /home/airflow/.local/lib/python3.10/site-packages/airflow/example_dags/example_setup_teardown.py
[2025-01-29T15:00:32.687+0000] {processor.py:925} INFO - DAG(s) 'example_setup_teardown' retrieved from /home/airflow/.local/lib/python3.10/site-packages/airflow/example_dags/example_setup_teardown.py
[2025-01-29T15:00:32.705+0000] {logging_mixin.py:190} INFO - [2025-01-29T15:00:32.705+0000] {dag.py:3239} INFO - Sync 1 DAGs
[2025-01-29T15:00:32.718+0000] {logging_mixin.py:190} INFO - [2025-01-29T15:00:32.718+0000] {dag.py:4180} INFO - Setting next_dagrun for example_setup_teardown to None, run_after=None
[2025-01-29T15:00:32.732+0000] {processor.py:208} INFO - Processing /home/airflow/.local/lib/python3.10/site-packages/airflow/example_dags/example_setup_teardown.py took 0.061 seconds
[2025-01-29T15:01:03.820+0000] {processor.py:186} INFO - Started process (PID=891) to work on /home/airflow/.local/lib/python3.10/site-packages/airflow/example_dags/example_setup_teardown.py
[2025-01-29T15:01:03.821+0000] {processor.py:914} INFO - Processing file /home/airflow/.local/lib/python3.10/site-packages/airflow/example_dags/example_setup_teardown.py for tasks to queue
[2025-01-29T15:01:03.823+0000] {logging_mixin.py:190} INFO - [2025-01-29T15:01:03.823+0000] {dagbag.py:588} INFO - Filling up the DagBag from /home/airflow/.local/lib/python3.10/site-packages/airflow/example_dags/example_setup_teardown.py
[2025-01-29T15:01:03.830+0000] {processor.py:925} INFO - DAG(s) 'example_setup_teardown' retrieved from /home/airflow/.local/lib/python3.10/site-packages/airflow/example_dags/example_setup_teardown.py
[2025-01-29T15:01:03.849+0000] {logging_mixin.py:190} INFO - [2025-01-29T15:01:03.849+0000] {dag.py:3239} INFO - Sync 1 DAGs
[2025-01-29T15:01:03.862+0000] {logging_mixin.py:190} INFO - [2025-01-29T15:01:03.862+0000] {dag.py:4180} INFO - Setting next_dagrun for example_setup_teardown to None, run_after=None
[2025-01-29T15:01:03.878+0000] {processor.py:208} INFO - Processing /home/airflow/.local/lib/python3.10/site-packages/airflow/example_dags/example_setup_teardown.py took 0.063 seconds
[2025-01-29T15:01:33.990+0000] {processor.py:186} INFO - Started process (PID=957) to work on /home/airflow/.local/lib/python3.10/site-packages/airflow/example_dags/example_setup_teardown.py
[2025-01-29T15:01:33.991+0000] {processor.py:914} INFO - Processing file /home/airflow/.local/lib/python3.10/site-packages/airflow/example_dags/example_setup_teardown.py for tasks to queue
[2025-01-29T15:01:33.993+0000] {logging_mixin.py:190} INFO - [2025-01-29T15:01:33.993+0000] {dagbag.py:588} INFO - Filling up the DagBag from /home/airflow/.local/lib/python3.10/site-packages/airflow/example_dags/example_setup_teardown.py
[2025-01-29T15:01:34.001+0000] {processor.py:925} INFO - DAG(s) 'example_setup_teardown' retrieved from /home/airflow/.local/lib/python3.10/site-packages/airflow/example_dags/example_setup_teardown.py
[2025-01-29T15:01:34.019+0000] {logging_mixin.py:190} INFO - [2025-01-29T15:01:34.019+0000] {dag.py:3239} INFO - Sync 1 DAGs
[2025-01-29T15:01:34.032+0000] {logging_mixin.py:190} INFO - [2025-01-29T15:01:34.032+0000] {dag.py:4180} INFO - Setting next_dagrun for example_setup_teardown to None, run_after=None
[2025-01-29T15:01:34.047+0000] {processor.py:208} INFO - Processing /home/airflow/.local/lib/python3.10/site-packages/airflow/example_dags/example_setup_teardown.py took 0.062 seconds
[2025-01-29T15:02:04.513+0000] {processor.py:186} INFO - Started process (PID=1023) to work on /home/airflow/.local/lib/python3.10/site-packages/airflow/example_dags/example_setup_teardown.py
[2025-01-29T15:02:04.514+0000] {processor.py:914} INFO - Processing file /home/airflow/.local/lib/python3.10/site-packages/airflow/example_dags/example_setup_teardown.py for tasks to queue
[2025-01-29T15:02:04.516+0000] {logging_mixin.py:190} INFO - [2025-01-29T15:02:04.516+0000] {dagbag.py:588} INFO - Filling up the DagBag from /home/airflow/.local/lib/python3.10/site-packages/airflow/example_dags/example_setup_teardown.py
[2025-01-29T15:02:04.524+0000] {processor.py:925} INFO - DAG(s) 'example_setup_teardown' retrieved from /home/airflow/.local/lib/python3.10/site-packages/airflow/example_dags/example_setup_teardown.py
[2025-01-29T15:02:04.542+0000] {logging_mixin.py:190} INFO - [2025-01-29T15:02:04.542+0000] {dag.py:3239} INFO - Sync 1 DAGs
[2025-01-29T15:02:04.555+0000] {logging_mixin.py:190} INFO - [2025-01-29T15:02:04.555+0000] {dag.py:4180} INFO - Setting next_dagrun for example_setup_teardown to None, run_after=None
[2025-01-29T15:02:04.571+0000] {processor.py:208} INFO - Processing /home/airflow/.local/lib/python3.10/site-packages/airflow/example_dags/example_setup_teardown.py took 0.063 seconds
[2025-01-29T15:02:34.640+0000] {processor.py:186} INFO - Started process (PID=1089) to work on /home/airflow/.local/lib/python3.10/site-packages/airflow/example_dags/example_setup_teardown.py
[2025-01-29T15:02:34.641+0000] {processor.py:914} INFO - Processing file /home/airflow/.local/lib/python3.10/site-packages/airflow/example_dags/example_setup_teardown.py for tasks to queue
[2025-01-29T15:02:34.644+0000] {logging_mixin.py:190} INFO - [2025-01-29T15:02:34.644+0000] {dagbag.py:588} INFO - Filling up the DagBag from /home/airflow/.local/lib/python3.10/site-packages/airflow/example_dags/example_setup_teardown.py
[2025-01-29T15:02:34.653+0000] {processor.py:925} INFO - DAG(s) 'example_setup_teardown' retrieved from /home/airflow/.local/lib/python3.10/site-packages/airflow/example_dags/example_setup_teardown.py
[2025-01-29T15:02:34.671+0000] {logging_mixin.py:190} INFO - [2025-01-29T15:02:34.671+0000] {dag.py:3239} INFO - Sync 1 DAGs
[2025-01-29T15:02:34.684+0000] {logging_mixin.py:190} INFO - [2025-01-29T15:02:34.683+0000] {dag.py:4180} INFO - Setting next_dagrun for example_setup_teardown to None, run_after=None
[2025-01-29T15:02:34.699+0000] {processor.py:208} INFO - Processing /home/airflow/.local/lib/python3.10/site-packages/airflow/example_dags/example_setup_teardown.py took 0.064 seconds
[2025-01-29T15:03:04.735+0000] {processor.py:186} INFO - Started process (PID=1155) to work on /home/airflow/.local/lib/python3.10/site-packages/airflow/example_dags/example_setup_teardown.py
[2025-01-29T15:03:04.736+0000] {processor.py:914} INFO - Processing file /home/airflow/.local/lib/python3.10/site-packages/airflow/example_dags/example_setup_teardown.py for tasks to queue
[2025-01-29T15:03:04.739+0000] {logging_mixin.py:190} INFO - [2025-01-29T15:03:04.739+0000] {dagbag.py:588} INFO - Filling up the DagBag from /home/airflow/.local/lib/python3.10/site-packages/airflow/example_dags/example_setup_teardown.py
[2025-01-29T15:03:04.747+0000] {processor.py:925} INFO - DAG(s) 'example_setup_teardown' retrieved from /home/airflow/.local/lib/python3.10/site-packages/airflow/example_dags/example_setup_teardown.py
[2025-01-29T15:03:04.766+0000] {logging_mixin.py:190} INFO - [2025-01-29T15:03:04.766+0000] {dag.py:3239} INFO - Sync 1 DAGs
[2025-01-29T15:03:04.779+0000] {logging_mixin.py:190} INFO - [2025-01-29T15:03:04.779+0000] {dag.py:4180} INFO - Setting next_dagrun for example_setup_teardown to None, run_after=None
[2025-01-29T15:03:04.795+0000] {processor.py:208} INFO - Processing /home/airflow/.local/lib/python3.10/site-packages/airflow/example_dags/example_setup_teardown.py took 0.067 seconds
[2025-01-29T15:03:35.346+0000] {processor.py:186} INFO - Started process (PID=1221) to work on /home/airflow/.local/lib/python3.10/site-packages/airflow/example_dags/example_setup_teardown.py
[2025-01-29T15:03:35.347+0000] {processor.py:914} INFO - Processing file /home/airflow/.local/lib/python3.10/site-packages/airflow/example_dags/example_setup_teardown.py for tasks to queue
[2025-01-29T15:03:35.350+0000] {logging_mixin.py:190} INFO - [2025-01-29T15:03:35.349+0000] {dagbag.py:588} INFO - Filling up the DagBag from /home/airflow/.local/lib/python3.10/site-packages/airflow/example_dags/example_setup_teardown.py
[2025-01-29T15:03:35.357+0000] {processor.py:925} INFO - DAG(s) 'example_setup_teardown' retrieved from /home/airflow/.local/lib/python3.10/site-packages/airflow/example_dags/example_setup_teardown.py
[2025-01-29T15:03:35.376+0000] {logging_mixin.py:190} INFO - [2025-01-29T15:03:35.375+0000] {dag.py:3239} INFO - Sync 1 DAGs
[2025-01-29T15:03:35.390+0000] {logging_mixin.py:190} INFO - [2025-01-29T15:03:35.389+0000] {dag.py:4180} INFO - Setting next_dagrun for example_setup_teardown to None, run_after=None
[2025-01-29T15:03:35.405+0000] {processor.py:208} INFO - Processing /home/airflow/.local/lib/python3.10/site-packages/airflow/example_dags/example_setup_teardown.py took 0.064 seconds
[2025-01-29T15:04:05.684+0000] {processor.py:186} INFO - Started process (PID=1287) to work on /home/airflow/.local/lib/python3.10/site-packages/airflow/example_dags/example_setup_teardown.py
[2025-01-29T15:04:05.685+0000] {processor.py:914} INFO - Processing file /home/airflow/.local/lib/python3.10/site-packages/airflow/example_dags/example_setup_teardown.py for tasks to queue
[2025-01-29T15:04:05.687+0000] {logging_mixin.py:190} INFO - [2025-01-29T15:04:05.687+0000] {dagbag.py:588} INFO - Filling up the DagBag from /home/airflow/.local/lib/python3.10/site-packages/airflow/example_dags/example_setup_teardown.py
[2025-01-29T15:04:05.694+0000] {processor.py:925} INFO - DAG(s) 'example_setup_teardown' retrieved from /home/airflow/.local/lib/python3.10/site-packages/airflow/example_dags/example_setup_teardown.py
[2025-01-29T15:04:05.711+0000] {logging_mixin.py:190} INFO - [2025-01-29T15:04:05.710+0000] {dag.py:3239} INFO - Sync 1 DAGs
[2025-01-29T15:04:05.723+0000] {logging_mixin.py:190} INFO - [2025-01-29T15:04:05.723+0000] {dag.py:4180} INFO - Setting next_dagrun for example_setup_teardown to None, run_after=None
[2025-01-29T15:04:05.738+0000] {processor.py:208} INFO - Processing /home/airflow/.local/lib/python3.10/site-packages/airflow/example_dags/example_setup_teardown.py took 0.058 seconds
[2025-01-29T15:04:36.057+0000] {processor.py:186} INFO - Started process (PID=1353) to work on /home/airflow/.local/lib/python3.10/site-packages/airflow/example_dags/example_setup_teardown.py
[2025-01-29T15:04:36.058+0000] {processor.py:914} INFO - Processing file /home/airflow/.local/lib/python3.10/site-packages/airflow/example_dags/example_setup_teardown.py for tasks to queue
[2025-01-29T15:04:36.060+0000] {logging_mixin.py:190} INFO - [2025-01-29T15:04:36.059+0000] {dagbag.py:588} INFO - Filling up the DagBag from /home/airflow/.local/lib/python3.10/site-packages/airflow/example_dags/example_setup_teardown.py
[2025-01-29T15:04:36.067+0000] {processor.py:925} INFO - DAG(s) 'example_setup_teardown' retrieved from /home/airflow/.local/lib/python3.10/site-packages/airflow/example_dags/example_setup_teardown.py
[2025-01-29T15:04:36.084+0000] {logging_mixin.py:190} INFO - [2025-01-29T15:04:36.084+0000] {dag.py:3239} INFO - Sync 1 DAGs
[2025-01-29T15:04:36.097+0000] {logging_mixin.py:190} INFO - [2025-01-29T15:04:36.097+0000] {dag.py:4180} INFO - Setting next_dagrun for example_setup_teardown to None, run_after=None
[2025-01-29T15:04:36.112+0000] {processor.py:208} INFO - Processing /home/airflow/.local/lib/python3.10/site-packages/airflow/example_dags/example_setup_teardown.py took 0.061 seconds
[2025-01-29T15:05:06.411+0000] {processor.py:186} INFO - Started process (PID=1419) to work on /home/airflow/.local/lib/python3.10/site-packages/airflow/example_dags/example_setup_teardown.py
[2025-01-29T15:05:06.412+0000] {processor.py:914} INFO - Processing file /home/airflow/.local/lib/python3.10/site-packages/airflow/example_dags/example_setup_teardown.py for tasks to queue
[2025-01-29T15:05:06.414+0000] {logging_mixin.py:190} INFO - [2025-01-29T15:05:06.414+0000] {dagbag.py:588} INFO - Filling up the DagBag from /home/airflow/.local/lib/python3.10/site-packages/airflow/example_dags/example_setup_teardown.py
[2025-01-29T15:05:06.421+0000] {processor.py:925} INFO - DAG(s) 'example_setup_teardown' retrieved from /home/airflow/.local/lib/python3.10/site-packages/airflow/example_dags/example_setup_teardown.py
[2025-01-29T15:05:06.439+0000] {logging_mixin.py:190} INFO - [2025-01-29T15:05:06.438+0000] {dag.py:3239} INFO - Sync 1 DAGs
[2025-01-29T15:05:06.452+0000] {logging_mixin.py:190} INFO - [2025-01-29T15:05:06.452+0000] {dag.py:4180} INFO - Setting next_dagrun for example_setup_teardown to None, run_after=None
[2025-01-29T15:05:06.468+0000] {processor.py:208} INFO - Processing /home/airflow/.local/lib/python3.10/site-packages/airflow/example_dags/example_setup_teardown.py took 0.062 seconds
[2025-01-29T15:05:37.411+0000] {processor.py:186} INFO - Started process (PID=1485) to work on /home/airflow/.local/lib/python3.10/site-packages/airflow/example_dags/example_setup_teardown.py
[2025-01-29T15:05:37.412+0000] {processor.py:914} INFO - Processing file /home/airflow/.local/lib/python3.10/site-packages/airflow/example_dags/example_setup_teardown.py for tasks to queue
[2025-01-29T15:05:37.414+0000] {logging_mixin.py:190} INFO - [2025-01-29T15:05:37.414+0000] {dagbag.py:588} INFO - Filling up the DagBag from /home/airflow/.local/lib/python3.10/site-packages/airflow/example_dags/example_setup_teardown.py
[2025-01-29T15:05:37.421+0000] {processor.py:925} INFO - DAG(s) 'example_setup_teardown' retrieved from /home/airflow/.local/lib/python3.10/site-packages/airflow/example_dags/example_setup_teardown.py
[2025-01-29T15:05:37.439+0000] {logging_mixin.py:190} INFO - [2025-01-29T15:05:37.439+0000] {dag.py:3239} INFO - Sync 1 DAGs
[2025-01-29T15:05:37.451+0000] {logging_mixin.py:190} INFO - [2025-01-29T15:05:37.451+0000] {dag.py:4180} INFO - Setting next_dagrun for example_setup_teardown to None, run_after=None
[2025-01-29T15:05:37.467+0000] {processor.py:208} INFO - Processing /home/airflow/.local/lib/python3.10/site-packages/airflow/example_dags/example_setup_teardown.py took 0.061 seconds
[2025-01-29T15:06:07.784+0000] {processor.py:186} INFO - Started process (PID=1551) to work on /home/airflow/.local/lib/python3.10/site-packages/airflow/example_dags/example_setup_teardown.py
[2025-01-29T15:06:07.785+0000] {processor.py:914} INFO - Processing file /home/airflow/.local/lib/python3.10/site-packages/airflow/example_dags/example_setup_teardown.py for tasks to queue
[2025-01-29T15:06:07.787+0000] {logging_mixin.py:190} INFO - [2025-01-29T15:06:07.787+0000] {dagbag.py:588} INFO - Filling up the DagBag from /home/airflow/.local/lib/python3.10/site-packages/airflow/example_dags/example_setup_teardown.py
[2025-01-29T15:06:07.794+0000] {processor.py:925} INFO - DAG(s) 'example_setup_teardown' retrieved from /home/airflow/.local/lib/python3.10/site-packages/airflow/example_dags/example_setup_teardown.py
[2025-01-29T15:06:07.811+0000] {logging_mixin.py:190} INFO - [2025-01-29T15:06:07.811+0000] {dag.py:3239} INFO - Sync 1 DAGs
[2025-01-29T15:06:07.824+0000] {logging_mixin.py:190} INFO - [2025-01-29T15:06:07.824+0000] {dag.py:4180} INFO - Setting next_dagrun for example_setup_teardown to None, run_after=None
[2025-01-29T15:06:07.841+0000] {processor.py:208} INFO - Processing /home/airflow/.local/lib/python3.10/site-packages/airflow/example_dags/example_setup_teardown.py took 0.062 seconds
[2025-01-29T15:06:38.046+0000] {processor.py:186} INFO - Started process (PID=1617) to work on /home/airflow/.local/lib/python3.10/site-packages/airflow/example_dags/example_setup_teardown.py
[2025-01-29T15:06:38.047+0000] {processor.py:914} INFO - Processing file /home/airflow/.local/lib/python3.10/site-packages/airflow/example_dags/example_setup_teardown.py for tasks to queue
[2025-01-29T15:06:38.049+0000] {logging_mixin.py:190} INFO - [2025-01-29T15:06:38.049+0000] {dagbag.py:588} INFO - Filling up the DagBag from /home/airflow/.local/lib/python3.10/site-packages/airflow/example_dags/example_setup_teardown.py
[2025-01-29T15:06:38.056+0000] {processor.py:925} INFO - DAG(s) 'example_setup_teardown' retrieved from /home/airflow/.local/lib/python3.10/site-packages/airflow/example_dags/example_setup_teardown.py
[2025-01-29T15:06:38.074+0000] {logging_mixin.py:190} INFO - [2025-01-29T15:06:38.073+0000] {dag.py:3239} INFO - Sync 1 DAGs
[2025-01-29T15:06:38.086+0000] {logging_mixin.py:190} INFO - [2025-01-29T15:06:38.086+0000] {dag.py:4180} INFO - Setting next_dagrun for example_setup_teardown to None, run_after=None
[2025-01-29T15:06:38.101+0000] {processor.py:208} INFO - Processing /home/airflow/.local/lib/python3.10/site-packages/airflow/example_dags/example_setup_teardown.py took 0.061 seconds
[2025-01-29T15:07:08.362+0000] {processor.py:186} INFO - Started process (PID=1683) to work on /home/airflow/.local/lib/python3.10/site-packages/airflow/example_dags/example_setup_teardown.py
[2025-01-29T15:07:08.363+0000] {processor.py:914} INFO - Processing file /home/airflow/.local/lib/python3.10/site-packages/airflow/example_dags/example_setup_teardown.py for tasks to queue
[2025-01-29T15:07:08.365+0000] {logging_mixin.py:190} INFO - [2025-01-29T15:07:08.365+0000] {dagbag.py:588} INFO - Filling up the DagBag from /home/airflow/.local/lib/python3.10/site-packages/airflow/example_dags/example_setup_teardown.py
[2025-01-29T15:07:08.372+0000] {processor.py:925} INFO - DAG(s) 'example_setup_teardown' retrieved from /home/airflow/.local/lib/python3.10/site-packages/airflow/example_dags/example_setup_teardown.py
[2025-01-29T15:07:08.391+0000] {logging_mixin.py:190} INFO - [2025-01-29T15:07:08.391+0000] {dag.py:3239} INFO - Sync 1 DAGs
[2025-01-29T15:07:08.405+0000] {logging_mixin.py:190} INFO - [2025-01-29T15:07:08.404+0000] {dag.py:4180} INFO - Setting next_dagrun for example_setup_teardown to None, run_after=None
[2025-01-29T15:07:08.420+0000] {processor.py:208} INFO - Processing /home/airflow/.local/lib/python3.10/site-packages/airflow/example_dags/example_setup_teardown.py took 0.064 seconds
[2025-01-29T15:07:39.202+0000] {processor.py:186} INFO - Started process (PID=1749) to work on /home/airflow/.local/lib/python3.10/site-packages/airflow/example_dags/example_setup_teardown.py
[2025-01-29T15:07:39.203+0000] {processor.py:914} INFO - Processing file /home/airflow/.local/lib/python3.10/site-packages/airflow/example_dags/example_setup_teardown.py for tasks to queue
[2025-01-29T15:07:39.205+0000] {logging_mixin.py:190} INFO - [2025-01-29T15:07:39.205+0000] {dagbag.py:588} INFO - Filling up the DagBag from /home/airflow/.local/lib/python3.10/site-packages/airflow/example_dags/example_setup_teardown.py
[2025-01-29T15:07:39.212+0000] {processor.py:925} INFO - DAG(s) 'example_setup_teardown' retrieved from /home/airflow/.local/lib/python3.10/site-packages/airflow/example_dags/example_setup_teardown.py
[2025-01-29T15:07:39.230+0000] {logging_mixin.py:190} INFO - [2025-01-29T15:07:39.230+0000] {dag.py:3239} INFO - Sync 1 DAGs
[2025-01-29T15:07:39.242+0000] {logging_mixin.py:190} INFO - [2025-01-29T15:07:39.242+0000] {dag.py:4180} INFO - Setting next_dagrun for example_setup_teardown to None, run_after=None
[2025-01-29T15:07:39.259+0000] {processor.py:208} INFO - Processing /home/airflow/.local/lib/python3.10/site-packages/airflow/example_dags/example_setup_teardown.py took 0.062 seconds
[2025-01-29T15:08:10.177+0000] {processor.py:186} INFO - Started process (PID=1815) to work on /home/airflow/.local/lib/python3.10/site-packages/airflow/example_dags/example_setup_teardown.py
[2025-01-29T15:08:10.179+0000] {processor.py:914} INFO - Processing file /home/airflow/.local/lib/python3.10/site-packages/airflow/example_dags/example_setup_teardown.py for tasks to queue
[2025-01-29T15:08:10.181+0000] {logging_mixin.py:190} INFO - [2025-01-29T15:08:10.181+0000] {dagbag.py:588} INFO - Filling up the DagBag from /home/airflow/.local/lib/python3.10/site-packages/airflow/example_dags/example_setup_teardown.py
[2025-01-29T15:08:10.189+0000] {processor.py:925} INFO - DAG(s) 'example_setup_teardown' retrieved from /home/airflow/.local/lib/python3.10/site-packages/airflow/example_dags/example_setup_teardown.py
[2025-01-29T15:08:10.209+0000] {logging_mixin.py:190} INFO - [2025-01-29T15:08:10.209+0000] {dag.py:3239} INFO - Sync 1 DAGs
[2025-01-29T15:08:10.223+0000] {logging_mixin.py:190} INFO - [2025-01-29T15:08:10.222+0000] {dag.py:4180} INFO - Setting next_dagrun for example_setup_teardown to None, run_after=None
[2025-01-29T15:08:10.393+0000] {processor.py:208} INFO - Processing /home/airflow/.local/lib/python3.10/site-packages/airflow/example_dags/example_setup_teardown.py took 0.221 seconds
[2025-01-29T15:08:40.928+0000] {processor.py:186} INFO - Started process (PID=1881) to work on /home/airflow/.local/lib/python3.10/site-packages/airflow/example_dags/example_setup_teardown.py
[2025-01-29T15:08:40.929+0000] {processor.py:914} INFO - Processing file /home/airflow/.local/lib/python3.10/site-packages/airflow/example_dags/example_setup_teardown.py for tasks to queue
[2025-01-29T15:08:40.931+0000] {logging_mixin.py:190} INFO - [2025-01-29T15:08:40.931+0000] {dagbag.py:588} INFO - Filling up the DagBag from /home/airflow/.local/lib/python3.10/site-packages/airflow/example_dags/example_setup_teardown.py
[2025-01-29T15:08:40.939+0000] {processor.py:925} INFO - DAG(s) 'example_setup_teardown' retrieved from /home/airflow/.local/lib/python3.10/site-packages/airflow/example_dags/example_setup_teardown.py
[2025-01-29T15:08:40.959+0000] {logging_mixin.py:190} INFO - [2025-01-29T15:08:40.958+0000] {dag.py:3239} INFO - Sync 1 DAGs
[2025-01-29T15:08:40.972+0000] {logging_mixin.py:190} INFO - [2025-01-29T15:08:40.972+0000] {dag.py:4180} INFO - Setting next_dagrun for example_setup_teardown to None, run_after=None
[2025-01-29T15:08:41.157+0000] {processor.py:208} INFO - Processing /home/airflow/.local/lib/python3.10/site-packages/airflow/example_dags/example_setup_teardown.py took 0.235 seconds
[2025-01-29T15:09:12.195+0000] {processor.py:186} INFO - Started process (PID=1947) to work on /home/airflow/.local/lib/python3.10/site-packages/airflow/example_dags/example_setup_teardown.py
[2025-01-29T15:09:12.196+0000] {processor.py:914} INFO - Processing file /home/airflow/.local/lib/python3.10/site-packages/airflow/example_dags/example_setup_teardown.py for tasks to queue
[2025-01-29T15:09:12.199+0000] {logging_mixin.py:190} INFO - [2025-01-29T15:09:12.198+0000] {dagbag.py:588} INFO - Filling up the DagBag from /home/airflow/.local/lib/python3.10/site-packages/airflow/example_dags/example_setup_teardown.py
[2025-01-29T15:09:12.206+0000] {processor.py:925} INFO - DAG(s) 'example_setup_teardown' retrieved from /home/airflow/.local/lib/python3.10/site-packages/airflow/example_dags/example_setup_teardown.py
[2025-01-29T15:09:12.225+0000] {logging_mixin.py:190} INFO - [2025-01-29T15:09:12.224+0000] {dag.py:3239} INFO - Sync 1 DAGs
[2025-01-29T15:09:12.237+0000] {logging_mixin.py:190} INFO - [2025-01-29T15:09:12.237+0000] {dag.py:4180} INFO - Setting next_dagrun for example_setup_teardown to None, run_after=None
[2025-01-29T15:09:12.414+0000] {processor.py:208} INFO - Processing /home/airflow/.local/lib/python3.10/site-packages/airflow/example_dags/example_setup_teardown.py took 0.224 seconds
[2025-01-29T15:09:42.787+0000] {processor.py:186} INFO - Started process (PID=2013) to work on /home/airflow/.local/lib/python3.10/site-packages/airflow/example_dags/example_setup_teardown.py
[2025-01-29T15:09:42.788+0000] {processor.py:914} INFO - Processing file /home/airflow/.local/lib/python3.10/site-packages/airflow/example_dags/example_setup_teardown.py for tasks to queue
[2025-01-29T15:09:42.791+0000] {logging_mixin.py:190} INFO - [2025-01-29T15:09:42.791+0000] {dagbag.py:588} INFO - Filling up the DagBag from /home/airflow/.local/lib/python3.10/site-packages/airflow/example_dags/example_setup_teardown.py
[2025-01-29T15:09:42.798+0000] {processor.py:925} INFO - DAG(s) 'example_setup_teardown' retrieved from /home/airflow/.local/lib/python3.10/site-packages/airflow/example_dags/example_setup_teardown.py
[2025-01-29T15:09:42.817+0000] {logging_mixin.py:190} INFO - [2025-01-29T15:09:42.817+0000] {dag.py:3239} INFO - Sync 1 DAGs
[2025-01-29T15:09:42.830+0000] {logging_mixin.py:190} INFO - [2025-01-29T15:09:42.830+0000] {dag.py:4180} INFO - Setting next_dagrun for example_setup_teardown to None, run_after=None
[2025-01-29T15:09:43.018+0000] {processor.py:208} INFO - Processing /home/airflow/.local/lib/python3.10/site-packages/airflow/example_dags/example_setup_teardown.py took 0.236 seconds
[2025-01-29T15:10:13.361+0000] {processor.py:186} INFO - Started process (PID=2079) to work on /home/airflow/.local/lib/python3.10/site-packages/airflow/example_dags/example_setup_teardown.py
[2025-01-29T15:10:13.361+0000] {processor.py:914} INFO - Processing file /home/airflow/.local/lib/python3.10/site-packages/airflow/example_dags/example_setup_teardown.py for tasks to queue
[2025-01-29T15:10:13.363+0000] {logging_mixin.py:190} INFO - [2025-01-29T15:10:13.363+0000] {dagbag.py:588} INFO - Filling up the DagBag from /home/airflow/.local/lib/python3.10/site-packages/airflow/example_dags/example_setup_teardown.py
[2025-01-29T15:10:13.371+0000] {processor.py:925} INFO - DAG(s) 'example_setup_teardown' retrieved from /home/airflow/.local/lib/python3.10/site-packages/airflow/example_dags/example_setup_teardown.py
[2025-01-29T15:10:13.388+0000] {logging_mixin.py:190} INFO - [2025-01-29T15:10:13.388+0000] {dag.py:3239} INFO - Sync 1 DAGs
[2025-01-29T15:10:13.401+0000] {logging_mixin.py:190} INFO - [2025-01-29T15:10:13.401+0000] {dag.py:4180} INFO - Setting next_dagrun for example_setup_teardown to None, run_after=None
[2025-01-29T15:10:13.574+0000] {processor.py:208} INFO - Processing /home/airflow/.local/lib/python3.10/site-packages/airflow/example_dags/example_setup_teardown.py took 0.218 seconds
[2025-01-29T15:10:43.744+0000] {processor.py:186} INFO - Started process (PID=2145) to work on /home/airflow/.local/lib/python3.10/site-packages/airflow/example_dags/example_setup_teardown.py
[2025-01-29T15:10:43.745+0000] {processor.py:914} INFO - Processing file /home/airflow/.local/lib/python3.10/site-packages/airflow/example_dags/example_setup_teardown.py for tasks to queue
[2025-01-29T15:10:43.747+0000] {logging_mixin.py:190} INFO - [2025-01-29T15:10:43.747+0000] {dagbag.py:588} INFO - Filling up the DagBag from /home/airflow/.local/lib/python3.10/site-packages/airflow/example_dags/example_setup_teardown.py
[2025-01-29T15:10:43.755+0000] {processor.py:925} INFO - DAG(s) 'example_setup_teardown' retrieved from /home/airflow/.local/lib/python3.10/site-packages/airflow/example_dags/example_setup_teardown.py
[2025-01-29T15:10:43.774+0000] {logging_mixin.py:190} INFO - [2025-01-29T15:10:43.774+0000] {dag.py:3239} INFO - Sync 1 DAGs
[2025-01-29T15:10:43.787+0000] {logging_mixin.py:190} INFO - [2025-01-29T15:10:43.787+0000] {dag.py:4180} INFO - Setting next_dagrun for example_setup_teardown to None, run_after=None
[2025-01-29T15:10:43.804+0000] {processor.py:208} INFO - Processing /home/airflow/.local/lib/python3.10/site-packages/airflow/example_dags/example_setup_teardown.py took 0.065 seconds
[2025-01-29T15:11:14.174+0000] {processor.py:186} INFO - Started process (PID=2211) to work on /home/airflow/.local/lib/python3.10/site-packages/airflow/example_dags/example_setup_teardown.py
[2025-01-29T15:11:14.175+0000] {processor.py:914} INFO - Processing file /home/airflow/.local/lib/python3.10/site-packages/airflow/example_dags/example_setup_teardown.py for tasks to queue
[2025-01-29T15:11:14.177+0000] {logging_mixin.py:190} INFO - [2025-01-29T15:11:14.177+0000] {dagbag.py:588} INFO - Filling up the DagBag from /home/airflow/.local/lib/python3.10/site-packages/airflow/example_dags/example_setup_teardown.py
[2025-01-29T15:11:14.184+0000] {processor.py:925} INFO - DAG(s) 'example_setup_teardown' retrieved from /home/airflow/.local/lib/python3.10/site-packages/airflow/example_dags/example_setup_teardown.py
[2025-01-29T15:11:14.203+0000] {logging_mixin.py:190} INFO - [2025-01-29T15:11:14.203+0000] {dag.py:3239} INFO - Sync 1 DAGs
[2025-01-29T15:11:14.216+0000] {logging_mixin.py:190} INFO - [2025-01-29T15:11:14.216+0000] {dag.py:4180} INFO - Setting next_dagrun for example_setup_teardown to None, run_after=None
[2025-01-29T15:11:14.230+0000] {processor.py:208} INFO - Processing /home/airflow/.local/lib/python3.10/site-packages/airflow/example_dags/example_setup_teardown.py took 0.062 seconds
[2025-01-29T15:11:44.288+0000] {processor.py:186} INFO - Started process (PID=2276) to work on /home/airflow/.local/lib/python3.10/site-packages/airflow/example_dags/example_setup_teardown.py
[2025-01-29T15:11:44.289+0000] {processor.py:914} INFO - Processing file /home/airflow/.local/lib/python3.10/site-packages/airflow/example_dags/example_setup_teardown.py for tasks to queue
[2025-01-29T15:11:44.291+0000] {logging_mixin.py:190} INFO - [2025-01-29T15:11:44.291+0000] {dagbag.py:588} INFO - Filling up the DagBag from /home/airflow/.local/lib/python3.10/site-packages/airflow/example_dags/example_setup_teardown.py
[2025-01-29T15:11:44.298+0000] {processor.py:925} INFO - DAG(s) 'example_setup_teardown' retrieved from /home/airflow/.local/lib/python3.10/site-packages/airflow/example_dags/example_setup_teardown.py
[2025-01-29T15:11:44.316+0000] {logging_mixin.py:190} INFO - [2025-01-29T15:11:44.316+0000] {dag.py:3239} INFO - Sync 1 DAGs
[2025-01-29T15:11:44.328+0000] {logging_mixin.py:190} INFO - [2025-01-29T15:11:44.328+0000] {dag.py:4180} INFO - Setting next_dagrun for example_setup_teardown to None, run_after=None
[2025-01-29T15:11:44.342+0000] {processor.py:208} INFO - Processing /home/airflow/.local/lib/python3.10/site-packages/airflow/example_dags/example_setup_teardown.py took 0.060 seconds
[2025-01-29T15:12:14.460+0000] {processor.py:186} INFO - Started process (PID=2342) to work on /home/airflow/.local/lib/python3.10/site-packages/airflow/example_dags/example_setup_teardown.py
[2025-01-29T15:12:14.461+0000] {processor.py:914} INFO - Processing file /home/airflow/.local/lib/python3.10/site-packages/airflow/example_dags/example_setup_teardown.py for tasks to queue
[2025-01-29T15:12:14.464+0000] {logging_mixin.py:190} INFO - [2025-01-29T15:12:14.463+0000] {dagbag.py:588} INFO - Filling up the DagBag from /home/airflow/.local/lib/python3.10/site-packages/airflow/example_dags/example_setup_teardown.py
[2025-01-29T15:12:14.471+0000] {processor.py:925} INFO - DAG(s) 'example_setup_teardown' retrieved from /home/airflow/.local/lib/python3.10/site-packages/airflow/example_dags/example_setup_teardown.py
[2025-01-29T15:12:14.489+0000] {logging_mixin.py:190} INFO - [2025-01-29T15:12:14.489+0000] {dag.py:3239} INFO - Sync 1 DAGs
[2025-01-29T15:12:14.502+0000] {logging_mixin.py:190} INFO - [2025-01-29T15:12:14.502+0000] {dag.py:4180} INFO - Setting next_dagrun for example_setup_teardown to None, run_after=None
[2025-01-29T15:12:14.517+0000] {processor.py:208} INFO - Processing /home/airflow/.local/lib/python3.10/site-packages/airflow/example_dags/example_setup_teardown.py took 0.061 seconds
[2025-01-29T15:12:44.792+0000] {processor.py:186} INFO - Started process (PID=2408) to work on /home/airflow/.local/lib/python3.10/site-packages/airflow/example_dags/example_setup_teardown.py
[2025-01-29T15:12:44.793+0000] {processor.py:914} INFO - Processing file /home/airflow/.local/lib/python3.10/site-packages/airflow/example_dags/example_setup_teardown.py for tasks to queue
[2025-01-29T15:12:44.796+0000] {logging_mixin.py:190} INFO - [2025-01-29T15:12:44.795+0000] {dagbag.py:588} INFO - Filling up the DagBag from /home/airflow/.local/lib/python3.10/site-packages/airflow/example_dags/example_setup_teardown.py
[2025-01-29T15:12:44.803+0000] {processor.py:925} INFO - DAG(s) 'example_setup_teardown' retrieved from /home/airflow/.local/lib/python3.10/site-packages/airflow/example_dags/example_setup_teardown.py
[2025-01-29T15:12:44.821+0000] {logging_mixin.py:190} INFO - [2025-01-29T15:12:44.820+0000] {dag.py:3239} INFO - Sync 1 DAGs
[2025-01-29T15:12:44.833+0000] {logging_mixin.py:190} INFO - [2025-01-29T15:12:44.833+0000] {dag.py:4180} INFO - Setting next_dagrun for example_setup_teardown to None, run_after=None
[2025-01-29T15:12:44.849+0000] {processor.py:208} INFO - Processing /home/airflow/.local/lib/python3.10/site-packages/airflow/example_dags/example_setup_teardown.py took 0.061 seconds
[2025-01-29T15:13:14.928+0000] {processor.py:186} INFO - Started process (PID=2474) to work on /home/airflow/.local/lib/python3.10/site-packages/airflow/example_dags/example_setup_teardown.py
[2025-01-29T15:13:14.929+0000] {processor.py:914} INFO - Processing file /home/airflow/.local/lib/python3.10/site-packages/airflow/example_dags/example_setup_teardown.py for tasks to queue
[2025-01-29T15:13:14.931+0000] {logging_mixin.py:190} INFO - [2025-01-29T15:13:14.931+0000] {dagbag.py:588} INFO - Filling up the DagBag from /home/airflow/.local/lib/python3.10/site-packages/airflow/example_dags/example_setup_teardown.py
[2025-01-29T15:13:14.939+0000] {processor.py:925} INFO - DAG(s) 'example_setup_teardown' retrieved from /home/airflow/.local/lib/python3.10/site-packages/airflow/example_dags/example_setup_teardown.py
[2025-01-29T15:13:14.957+0000] {logging_mixin.py:190} INFO - [2025-01-29T15:13:14.957+0000] {dag.py:3239} INFO - Sync 1 DAGs
[2025-01-29T15:13:14.970+0000] {logging_mixin.py:190} INFO - [2025-01-29T15:13:14.970+0000] {dag.py:4180} INFO - Setting next_dagrun for example_setup_teardown to None, run_after=None
[2025-01-29T15:13:14.985+0000] {processor.py:208} INFO - Processing /home/airflow/.local/lib/python3.10/site-packages/airflow/example_dags/example_setup_teardown.py took 0.062 seconds
[2025-01-29T15:13:45.115+0000] {processor.py:186} INFO - Started process (PID=2540) to work on /home/airflow/.local/lib/python3.10/site-packages/airflow/example_dags/example_setup_teardown.py
[2025-01-29T15:13:45.116+0000] {processor.py:914} INFO - Processing file /home/airflow/.local/lib/python3.10/site-packages/airflow/example_dags/example_setup_teardown.py for tasks to queue
[2025-01-29T15:13:45.118+0000] {logging_mixin.py:190} INFO - [2025-01-29T15:13:45.118+0000] {dagbag.py:588} INFO - Filling up the DagBag from /home/airflow/.local/lib/python3.10/site-packages/airflow/example_dags/example_setup_teardown.py
[2025-01-29T15:13:45.125+0000] {processor.py:925} INFO - DAG(s) 'example_setup_teardown' retrieved from /home/airflow/.local/lib/python3.10/site-packages/airflow/example_dags/example_setup_teardown.py
[2025-01-29T15:13:45.144+0000] {logging_mixin.py:190} INFO - [2025-01-29T15:13:45.144+0000] {dag.py:3239} INFO - Sync 1 DAGs
[2025-01-29T15:13:45.158+0000] {logging_mixin.py:190} INFO - [2025-01-29T15:13:45.157+0000] {dag.py:4180} INFO - Setting next_dagrun for example_setup_teardown to None, run_after=None
[2025-01-29T15:13:45.176+0000] {processor.py:208} INFO - Processing /home/airflow/.local/lib/python3.10/site-packages/airflow/example_dags/example_setup_teardown.py took 0.066 seconds
[2025-01-29T15:14:15.398+0000] {processor.py:186} INFO - Started process (PID=2606) to work on /home/airflow/.local/lib/python3.10/site-packages/airflow/example_dags/example_setup_teardown.py
[2025-01-29T15:14:15.399+0000] {processor.py:914} INFO - Processing file /home/airflow/.local/lib/python3.10/site-packages/airflow/example_dags/example_setup_teardown.py for tasks to queue
[2025-01-29T15:14:15.401+0000] {logging_mixin.py:190} INFO - [2025-01-29T15:14:15.401+0000] {dagbag.py:588} INFO - Filling up the DagBag from /home/airflow/.local/lib/python3.10/site-packages/airflow/example_dags/example_setup_teardown.py
[2025-01-29T15:14:15.409+0000] {processor.py:925} INFO - DAG(s) 'example_setup_teardown' retrieved from /home/airflow/.local/lib/python3.10/site-packages/airflow/example_dags/example_setup_teardown.py
[2025-01-29T15:14:15.428+0000] {logging_mixin.py:190} INFO - [2025-01-29T15:14:15.427+0000] {dag.py:3239} INFO - Sync 1 DAGs
[2025-01-29T15:14:15.440+0000] {logging_mixin.py:190} INFO - [2025-01-29T15:14:15.440+0000] {dag.py:4180} INFO - Setting next_dagrun for example_setup_teardown to None, run_after=None
[2025-01-29T15:14:15.455+0000] {processor.py:208} INFO - Processing /home/airflow/.local/lib/python3.10/site-packages/airflow/example_dags/example_setup_teardown.py took 0.062 seconds
[2025-01-29T15:14:45.598+0000] {processor.py:186} INFO - Started process (PID=2672) to work on /home/airflow/.local/lib/python3.10/site-packages/airflow/example_dags/example_setup_teardown.py
[2025-01-29T15:14:45.599+0000] {processor.py:914} INFO - Processing file /home/airflow/.local/lib/python3.10/site-packages/airflow/example_dags/example_setup_teardown.py for tasks to queue
[2025-01-29T15:14:45.601+0000] {logging_mixin.py:190} INFO - [2025-01-29T15:14:45.601+0000] {dagbag.py:588} INFO - Filling up the DagBag from /home/airflow/.local/lib/python3.10/site-packages/airflow/example_dags/example_setup_teardown.py
[2025-01-29T15:14:45.609+0000] {processor.py:925} INFO - DAG(s) 'example_setup_teardown' retrieved from /home/airflow/.local/lib/python3.10/site-packages/airflow/example_dags/example_setup_teardown.py
[2025-01-29T15:14:45.627+0000] {logging_mixin.py:190} INFO - [2025-01-29T15:14:45.627+0000] {dag.py:3239} INFO - Sync 1 DAGs
[2025-01-29T15:14:45.640+0000] {logging_mixin.py:190} INFO - [2025-01-29T15:14:45.640+0000] {dag.py:4180} INFO - Setting next_dagrun for example_setup_teardown to None, run_after=None
[2025-01-29T15:14:45.656+0000] {processor.py:208} INFO - Processing /home/airflow/.local/lib/python3.10/site-packages/airflow/example_dags/example_setup_teardown.py took 0.063 seconds
[2025-01-29T15:15:15.987+0000] {processor.py:186} INFO - Started process (PID=2738) to work on /home/airflow/.local/lib/python3.10/site-packages/airflow/example_dags/example_setup_teardown.py
[2025-01-29T15:15:15.988+0000] {processor.py:914} INFO - Processing file /home/airflow/.local/lib/python3.10/site-packages/airflow/example_dags/example_setup_teardown.py for tasks to queue
[2025-01-29T15:15:15.990+0000] {logging_mixin.py:190} INFO - [2025-01-29T15:15:15.990+0000] {dagbag.py:588} INFO - Filling up the DagBag from /home/airflow/.local/lib/python3.10/site-packages/airflow/example_dags/example_setup_teardown.py
[2025-01-29T15:15:15.997+0000] {processor.py:925} INFO - DAG(s) 'example_setup_teardown' retrieved from /home/airflow/.local/lib/python3.10/site-packages/airflow/example_dags/example_setup_teardown.py
[2025-01-29T15:15:16.015+0000] {logging_mixin.py:190} INFO - [2025-01-29T15:15:16.015+0000] {dag.py:3239} INFO - Sync 1 DAGs
[2025-01-29T15:15:16.026+0000] {logging_mixin.py:190} INFO - [2025-01-29T15:15:16.026+0000] {dag.py:4180} INFO - Setting next_dagrun for example_setup_teardown to None, run_after=None
[2025-01-29T15:15:16.041+0000] {processor.py:208} INFO - Processing /home/airflow/.local/lib/python3.10/site-packages/airflow/example_dags/example_setup_teardown.py took 0.059 seconds
[2025-01-29T15:15:46.802+0000] {processor.py:186} INFO - Started process (PID=2804) to work on /home/airflow/.local/lib/python3.10/site-packages/airflow/example_dags/example_setup_teardown.py
[2025-01-29T15:15:46.803+0000] {processor.py:914} INFO - Processing file /home/airflow/.local/lib/python3.10/site-packages/airflow/example_dags/example_setup_teardown.py for tasks to queue
[2025-01-29T15:15:46.805+0000] {logging_mixin.py:190} INFO - [2025-01-29T15:15:46.805+0000] {dagbag.py:588} INFO - Filling up the DagBag from /home/airflow/.local/lib/python3.10/site-packages/airflow/example_dags/example_setup_teardown.py
[2025-01-29T15:15:46.813+0000] {processor.py:925} INFO - DAG(s) 'example_setup_teardown' retrieved from /home/airflow/.local/lib/python3.10/site-packages/airflow/example_dags/example_setup_teardown.py
[2025-01-29T15:15:46.831+0000] {logging_mixin.py:190} INFO - [2025-01-29T15:15:46.831+0000] {dag.py:3239} INFO - Sync 1 DAGs
[2025-01-29T15:15:46.844+0000] {logging_mixin.py:190} INFO - [2025-01-29T15:15:46.843+0000] {dag.py:4180} INFO - Setting next_dagrun for example_setup_teardown to None, run_after=None
[2025-01-29T15:15:46.860+0000] {processor.py:208} INFO - Processing /home/airflow/.local/lib/python3.10/site-packages/airflow/example_dags/example_setup_teardown.py took 0.064 seconds
[2025-01-29T15:16:17.112+0000] {processor.py:186} INFO - Started process (PID=2870) to work on /home/airflow/.local/lib/python3.10/site-packages/airflow/example_dags/example_setup_teardown.py
[2025-01-29T15:16:17.113+0000] {processor.py:914} INFO - Processing file /home/airflow/.local/lib/python3.10/site-packages/airflow/example_dags/example_setup_teardown.py for tasks to queue
[2025-01-29T15:16:17.116+0000] {logging_mixin.py:190} INFO - [2025-01-29T15:16:17.115+0000] {dagbag.py:588} INFO - Filling up the DagBag from /home/airflow/.local/lib/python3.10/site-packages/airflow/example_dags/example_setup_teardown.py
[2025-01-29T15:16:17.123+0000] {processor.py:925} INFO - DAG(s) 'example_setup_teardown' retrieved from /home/airflow/.local/lib/python3.10/site-packages/airflow/example_dags/example_setup_teardown.py
[2025-01-29T15:16:17.141+0000] {logging_mixin.py:190} INFO - [2025-01-29T15:16:17.141+0000] {dag.py:3239} INFO - Sync 1 DAGs
[2025-01-29T15:16:17.153+0000] {logging_mixin.py:190} INFO - [2025-01-29T15:16:17.153+0000] {dag.py:4180} INFO - Setting next_dagrun for example_setup_teardown to None, run_after=None
[2025-01-29T15:16:17.169+0000] {processor.py:208} INFO - Processing /home/airflow/.local/lib/python3.10/site-packages/airflow/example_dags/example_setup_teardown.py took 0.062 seconds
[2025-01-29T15:16:47.277+0000] {processor.py:186} INFO - Started process (PID=2936) to work on /home/airflow/.local/lib/python3.10/site-packages/airflow/example_dags/example_setup_teardown.py
[2025-01-29T15:16:47.278+0000] {processor.py:914} INFO - Processing file /home/airflow/.local/lib/python3.10/site-packages/airflow/example_dags/example_setup_teardown.py for tasks to queue
[2025-01-29T15:16:47.281+0000] {logging_mixin.py:190} INFO - [2025-01-29T15:16:47.280+0000] {dagbag.py:588} INFO - Filling up the DagBag from /home/airflow/.local/lib/python3.10/site-packages/airflow/example_dags/example_setup_teardown.py
[2025-01-29T15:16:47.288+0000] {processor.py:925} INFO - DAG(s) 'example_setup_teardown' retrieved from /home/airflow/.local/lib/python3.10/site-packages/airflow/example_dags/example_setup_teardown.py
[2025-01-29T15:16:47.305+0000] {logging_mixin.py:190} INFO - [2025-01-29T15:16:47.305+0000] {dag.py:3239} INFO - Sync 1 DAGs
[2025-01-29T15:16:47.318+0000] {logging_mixin.py:190} INFO - [2025-01-29T15:16:47.318+0000] {dag.py:4180} INFO - Setting next_dagrun for example_setup_teardown to None, run_after=None
[2025-01-29T15:16:47.333+0000] {processor.py:208} INFO - Processing /home/airflow/.local/lib/python3.10/site-packages/airflow/example_dags/example_setup_teardown.py took 0.061 seconds
[2025-01-29T15:17:17.564+0000] {processor.py:186} INFO - Started process (PID=3002) to work on /home/airflow/.local/lib/python3.10/site-packages/airflow/example_dags/example_setup_teardown.py
[2025-01-29T15:17:17.565+0000] {processor.py:914} INFO - Processing file /home/airflow/.local/lib/python3.10/site-packages/airflow/example_dags/example_setup_teardown.py for tasks to queue
[2025-01-29T15:17:17.568+0000] {logging_mixin.py:190} INFO - [2025-01-29T15:17:17.568+0000] {dagbag.py:588} INFO - Filling up the DagBag from /home/airflow/.local/lib/python3.10/site-packages/airflow/example_dags/example_setup_teardown.py
[2025-01-29T15:17:17.575+0000] {processor.py:925} INFO - DAG(s) 'example_setup_teardown' retrieved from /home/airflow/.local/lib/python3.10/site-packages/airflow/example_dags/example_setup_teardown.py
[2025-01-29T15:17:17.593+0000] {logging_mixin.py:190} INFO - [2025-01-29T15:17:17.593+0000] {dag.py:3239} INFO - Sync 1 DAGs
[2025-01-29T15:17:17.606+0000] {logging_mixin.py:190} INFO - [2025-01-29T15:17:17.606+0000] {dag.py:4180} INFO - Setting next_dagrun for example_setup_teardown to None, run_after=None
[2025-01-29T15:17:17.622+0000] {processor.py:208} INFO - Processing /home/airflow/.local/lib/python3.10/site-packages/airflow/example_dags/example_setup_teardown.py took 0.062 seconds
[2025-01-29T15:17:47.785+0000] {processor.py:186} INFO - Started process (PID=3068) to work on /home/airflow/.local/lib/python3.10/site-packages/airflow/example_dags/example_setup_teardown.py
[2025-01-29T15:17:47.786+0000] {processor.py:914} INFO - Processing file /home/airflow/.local/lib/python3.10/site-packages/airflow/example_dags/example_setup_teardown.py for tasks to queue
[2025-01-29T15:17:47.788+0000] {logging_mixin.py:190} INFO - [2025-01-29T15:17:47.788+0000] {dagbag.py:588} INFO - Filling up the DagBag from /home/airflow/.local/lib/python3.10/site-packages/airflow/example_dags/example_setup_teardown.py
[2025-01-29T15:17:47.796+0000] {processor.py:925} INFO - DAG(s) 'example_setup_teardown' retrieved from /home/airflow/.local/lib/python3.10/site-packages/airflow/example_dags/example_setup_teardown.py
[2025-01-29T15:17:47.815+0000] {logging_mixin.py:190} INFO - [2025-01-29T15:17:47.815+0000] {dag.py:3239} INFO - Sync 1 DAGs
[2025-01-29T15:17:47.829+0000] {logging_mixin.py:190} INFO - [2025-01-29T15:17:47.828+0000] {dag.py:4180} INFO - Setting next_dagrun for example_setup_teardown to None, run_after=None
[2025-01-29T15:17:47.844+0000] {processor.py:208} INFO - Processing /home/airflow/.local/lib/python3.10/site-packages/airflow/example_dags/example_setup_teardown.py took 0.064 seconds
[2025-01-29T15:18:18.070+0000] {processor.py:186} INFO - Started process (PID=3134) to work on /home/airflow/.local/lib/python3.10/site-packages/airflow/example_dags/example_setup_teardown.py
[2025-01-29T15:18:18.071+0000] {processor.py:914} INFO - Processing file /home/airflow/.local/lib/python3.10/site-packages/airflow/example_dags/example_setup_teardown.py for tasks to queue
[2025-01-29T15:18:18.073+0000] {logging_mixin.py:190} INFO - [2025-01-29T15:18:18.073+0000] {dagbag.py:588} INFO - Filling up the DagBag from /home/airflow/.local/lib/python3.10/site-packages/airflow/example_dags/example_setup_teardown.py
[2025-01-29T15:18:18.080+0000] {processor.py:925} INFO - DAG(s) 'example_setup_teardown' retrieved from /home/airflow/.local/lib/python3.10/site-packages/airflow/example_dags/example_setup_teardown.py
[2025-01-29T15:18:18.099+0000] {logging_mixin.py:190} INFO - [2025-01-29T15:18:18.099+0000] {dag.py:3239} INFO - Sync 1 DAGs
[2025-01-29T15:18:18.113+0000] {logging_mixin.py:190} INFO - [2025-01-29T15:18:18.112+0000] {dag.py:4180} INFO - Setting next_dagrun for example_setup_teardown to None, run_after=None
[2025-01-29T15:18:18.129+0000] {processor.py:208} INFO - Processing /home/airflow/.local/lib/python3.10/site-packages/airflow/example_dags/example_setup_teardown.py took 0.065 seconds
