[2025-01-29T14:54:57.955+0000] {processor.py:186} INFO - Started process (PID=94) to work on /home/airflow/.local/lib/python3.10/site-packages/airflow/example_dags/tutorial_dag.py
[2025-01-29T14:54:57.956+0000] {processor.py:914} INFO - Processing file /home/airflow/.local/lib/python3.10/site-packages/airflow/example_dags/tutorial_dag.py for tasks to queue
[2025-01-29T14:54:57.960+0000] {logging_mixin.py:190} INFO - [2025-01-29T14:54:57.960+0000] {dagbag.py:588} INFO - Filling up the DagBag from /home/airflow/.local/lib/python3.10/site-packages/airflow/example_dags/tutorial_dag.py
[2025-01-29T14:54:57.967+0000] {processor.py:925} INFO - DAG(s) 'tutorial_dag' retrieved from /home/airflow/.local/lib/python3.10/site-packages/airflow/example_dags/tutorial_dag.py
[2025-01-29T14:54:57.992+0000] {logging_mixin.py:190} INFO - [2025-01-29T14:54:57.992+0000] {dag.py:3239} INFO - Sync 1 DAGs
[2025-01-29T14:54:58.006+0000] {logging_mixin.py:190} INFO - [2025-01-29T14:54:58.006+0000] {dag.py:4180} INFO - Setting next_dagrun for tutorial_dag to None, run_after=None
[2025-01-29T14:54:58.023+0000] {processor.py:208} INFO - Processing /home/airflow/.local/lib/python3.10/site-packages/airflow/example_dags/tutorial_dag.py took 0.074 seconds
[2025-01-29T14:55:28.089+0000] {processor.py:186} INFO - Started process (PID=160) to work on /home/airflow/.local/lib/python3.10/site-packages/airflow/example_dags/tutorial_dag.py
[2025-01-29T14:55:28.090+0000] {processor.py:914} INFO - Processing file /home/airflow/.local/lib/python3.10/site-packages/airflow/example_dags/tutorial_dag.py for tasks to queue
[2025-01-29T14:55:28.093+0000] {logging_mixin.py:190} INFO - [2025-01-29T14:55:28.093+0000] {dagbag.py:588} INFO - Filling up the DagBag from /home/airflow/.local/lib/python3.10/site-packages/airflow/example_dags/tutorial_dag.py
[2025-01-29T14:55:28.099+0000] {processor.py:925} INFO - DAG(s) 'tutorial_dag' retrieved from /home/airflow/.local/lib/python3.10/site-packages/airflow/example_dags/tutorial_dag.py
[2025-01-29T14:55:28.117+0000] {logging_mixin.py:190} INFO - [2025-01-29T14:55:28.116+0000] {dag.py:3239} INFO - Sync 1 DAGs
[2025-01-29T14:55:28.130+0000] {logging_mixin.py:190} INFO - [2025-01-29T14:55:28.130+0000] {dag.py:4180} INFO - Setting next_dagrun for tutorial_dag to None, run_after=None
[2025-01-29T14:55:28.146+0000] {processor.py:208} INFO - Processing /home/airflow/.local/lib/python3.10/site-packages/airflow/example_dags/tutorial_dag.py took 0.062 seconds
[2025-01-29T14:55:58.623+0000] {processor.py:186} INFO - Started process (PID=226) to work on /home/airflow/.local/lib/python3.10/site-packages/airflow/example_dags/tutorial_dag.py
[2025-01-29T14:55:58.624+0000] {processor.py:914} INFO - Processing file /home/airflow/.local/lib/python3.10/site-packages/airflow/example_dags/tutorial_dag.py for tasks to queue
[2025-01-29T14:55:58.627+0000] {logging_mixin.py:190} INFO - [2025-01-29T14:55:58.627+0000] {dagbag.py:588} INFO - Filling up the DagBag from /home/airflow/.local/lib/python3.10/site-packages/airflow/example_dags/tutorial_dag.py
[2025-01-29T14:55:58.635+0000] {processor.py:925} INFO - DAG(s) 'tutorial_dag' retrieved from /home/airflow/.local/lib/python3.10/site-packages/airflow/example_dags/tutorial_dag.py
[2025-01-29T14:55:58.654+0000] {logging_mixin.py:190} INFO - [2025-01-29T14:55:58.654+0000] {dag.py:3239} INFO - Sync 1 DAGs
[2025-01-29T14:55:58.669+0000] {logging_mixin.py:190} INFO - [2025-01-29T14:55:58.668+0000] {dag.py:4180} INFO - Setting next_dagrun for tutorial_dag to None, run_after=None
[2025-01-29T14:55:58.686+0000] {processor.py:208} INFO - Processing /home/airflow/.local/lib/python3.10/site-packages/airflow/example_dags/tutorial_dag.py took 0.069 seconds
[2025-01-29T14:56:28.841+0000] {processor.py:186} INFO - Started process (PID=292) to work on /home/airflow/.local/lib/python3.10/site-packages/airflow/example_dags/tutorial_dag.py
[2025-01-29T14:56:28.842+0000] {processor.py:914} INFO - Processing file /home/airflow/.local/lib/python3.10/site-packages/airflow/example_dags/tutorial_dag.py for tasks to queue
[2025-01-29T14:56:28.845+0000] {logging_mixin.py:190} INFO - [2025-01-29T14:56:28.845+0000] {dagbag.py:588} INFO - Filling up the DagBag from /home/airflow/.local/lib/python3.10/site-packages/airflow/example_dags/tutorial_dag.py
[2025-01-29T14:56:28.852+0000] {processor.py:925} INFO - DAG(s) 'tutorial_dag' retrieved from /home/airflow/.local/lib/python3.10/site-packages/airflow/example_dags/tutorial_dag.py
[2025-01-29T14:56:28.870+0000] {logging_mixin.py:190} INFO - [2025-01-29T14:56:28.870+0000] {dag.py:3239} INFO - Sync 1 DAGs
[2025-01-29T14:56:28.883+0000] {logging_mixin.py:190} INFO - [2025-01-29T14:56:28.883+0000] {dag.py:4180} INFO - Setting next_dagrun for tutorial_dag to None, run_after=None
[2025-01-29T14:56:28.899+0000] {processor.py:208} INFO - Processing /home/airflow/.local/lib/python3.10/site-packages/airflow/example_dags/tutorial_dag.py took 0.064 seconds
[2025-01-29T14:56:59.132+0000] {processor.py:186} INFO - Started process (PID=358) to work on /home/airflow/.local/lib/python3.10/site-packages/airflow/example_dags/tutorial_dag.py
[2025-01-29T14:56:59.133+0000] {processor.py:914} INFO - Processing file /home/airflow/.local/lib/python3.10/site-packages/airflow/example_dags/tutorial_dag.py for tasks to queue
[2025-01-29T14:56:59.136+0000] {logging_mixin.py:190} INFO - [2025-01-29T14:56:59.135+0000] {dagbag.py:588} INFO - Filling up the DagBag from /home/airflow/.local/lib/python3.10/site-packages/airflow/example_dags/tutorial_dag.py
[2025-01-29T14:56:59.141+0000] {processor.py:925} INFO - DAG(s) 'tutorial_dag' retrieved from /home/airflow/.local/lib/python3.10/site-packages/airflow/example_dags/tutorial_dag.py
[2025-01-29T14:56:59.159+0000] {logging_mixin.py:190} INFO - [2025-01-29T14:56:59.159+0000] {dag.py:3239} INFO - Sync 1 DAGs
[2025-01-29T14:56:59.173+0000] {logging_mixin.py:190} INFO - [2025-01-29T14:56:59.172+0000] {dag.py:4180} INFO - Setting next_dagrun for tutorial_dag to None, run_after=None
[2025-01-29T14:56:59.189+0000] {processor.py:208} INFO - Processing /home/airflow/.local/lib/python3.10/site-packages/airflow/example_dags/tutorial_dag.py took 0.062 seconds
[2025-01-29T14:57:29.641+0000] {processor.py:186} INFO - Started process (PID=424) to work on /home/airflow/.local/lib/python3.10/site-packages/airflow/example_dags/tutorial_dag.py
[2025-01-29T14:57:29.642+0000] {processor.py:914} INFO - Processing file /home/airflow/.local/lib/python3.10/site-packages/airflow/example_dags/tutorial_dag.py for tasks to queue
[2025-01-29T14:57:29.644+0000] {logging_mixin.py:190} INFO - [2025-01-29T14:57:29.644+0000] {dagbag.py:588} INFO - Filling up the DagBag from /home/airflow/.local/lib/python3.10/site-packages/airflow/example_dags/tutorial_dag.py
[2025-01-29T14:57:29.650+0000] {processor.py:925} INFO - DAG(s) 'tutorial_dag' retrieved from /home/airflow/.local/lib/python3.10/site-packages/airflow/example_dags/tutorial_dag.py
[2025-01-29T14:57:29.667+0000] {logging_mixin.py:190} INFO - [2025-01-29T14:57:29.666+0000] {dag.py:3239} INFO - Sync 1 DAGs
[2025-01-29T14:57:29.679+0000] {logging_mixin.py:190} INFO - [2025-01-29T14:57:29.679+0000] {dag.py:4180} INFO - Setting next_dagrun for tutorial_dag to None, run_after=None
[2025-01-29T14:57:29.693+0000] {processor.py:208} INFO - Processing /home/airflow/.local/lib/python3.10/site-packages/airflow/example_dags/tutorial_dag.py took 0.058 seconds
[2025-01-29T14:57:59.932+0000] {processor.py:186} INFO - Started process (PID=490) to work on /home/airflow/.local/lib/python3.10/site-packages/airflow/example_dags/tutorial_dag.py
[2025-01-29T14:57:59.933+0000] {processor.py:914} INFO - Processing file /home/airflow/.local/lib/python3.10/site-packages/airflow/example_dags/tutorial_dag.py for tasks to queue
[2025-01-29T14:57:59.936+0000] {logging_mixin.py:190} INFO - [2025-01-29T14:57:59.936+0000] {dagbag.py:588} INFO - Filling up the DagBag from /home/airflow/.local/lib/python3.10/site-packages/airflow/example_dags/tutorial_dag.py
[2025-01-29T14:57:59.942+0000] {processor.py:925} INFO - DAG(s) 'tutorial_dag' retrieved from /home/airflow/.local/lib/python3.10/site-packages/airflow/example_dags/tutorial_dag.py
[2025-01-29T14:57:59.962+0000] {logging_mixin.py:190} INFO - [2025-01-29T14:57:59.962+0000] {dag.py:3239} INFO - Sync 1 DAGs
[2025-01-29T14:57:59.977+0000] {logging_mixin.py:190} INFO - [2025-01-29T14:57:59.977+0000] {dag.py:4180} INFO - Setting next_dagrun for tutorial_dag to None, run_after=None
[2025-01-29T14:57:59.997+0000] {processor.py:208} INFO - Processing /home/airflow/.local/lib/python3.10/site-packages/airflow/example_dags/tutorial_dag.py took 0.070 seconds
[2025-01-29T14:58:30.422+0000] {processor.py:186} INFO - Started process (PID=556) to work on /home/airflow/.local/lib/python3.10/site-packages/airflow/example_dags/tutorial_dag.py
[2025-01-29T14:58:30.423+0000] {processor.py:914} INFO - Processing file /home/airflow/.local/lib/python3.10/site-packages/airflow/example_dags/tutorial_dag.py for tasks to queue
[2025-01-29T14:58:30.426+0000] {logging_mixin.py:190} INFO - [2025-01-29T14:58:30.425+0000] {dagbag.py:588} INFO - Filling up the DagBag from /home/airflow/.local/lib/python3.10/site-packages/airflow/example_dags/tutorial_dag.py
[2025-01-29T14:58:30.432+0000] {processor.py:925} INFO - DAG(s) 'tutorial_dag' retrieved from /home/airflow/.local/lib/python3.10/site-packages/airflow/example_dags/tutorial_dag.py
[2025-01-29T14:58:30.449+0000] {logging_mixin.py:190} INFO - [2025-01-29T14:58:30.449+0000] {dag.py:3239} INFO - Sync 1 DAGs
[2025-01-29T14:58:30.469+0000] {logging_mixin.py:190} INFO - [2025-01-29T14:58:30.469+0000] {dag.py:4180} INFO - Setting next_dagrun for tutorial_dag to None, run_after=None
[2025-01-29T14:58:30.490+0000] {processor.py:208} INFO - Processing /home/airflow/.local/lib/python3.10/site-packages/airflow/example_dags/tutorial_dag.py took 0.073 seconds
[2025-01-29T14:59:00.725+0000] {processor.py:186} INFO - Started process (PID=622) to work on /home/airflow/.local/lib/python3.10/site-packages/airflow/example_dags/tutorial_dag.py
[2025-01-29T14:59:00.726+0000] {processor.py:914} INFO - Processing file /home/airflow/.local/lib/python3.10/site-packages/airflow/example_dags/tutorial_dag.py for tasks to queue
[2025-01-29T14:59:00.729+0000] {logging_mixin.py:190} INFO - [2025-01-29T14:59:00.728+0000] {dagbag.py:588} INFO - Filling up the DagBag from /home/airflow/.local/lib/python3.10/site-packages/airflow/example_dags/tutorial_dag.py
[2025-01-29T14:59:00.735+0000] {processor.py:925} INFO - DAG(s) 'tutorial_dag' retrieved from /home/airflow/.local/lib/python3.10/site-packages/airflow/example_dags/tutorial_dag.py
[2025-01-29T14:59:00.752+0000] {logging_mixin.py:190} INFO - [2025-01-29T14:59:00.752+0000] {dag.py:3239} INFO - Sync 1 DAGs
[2025-01-29T14:59:00.765+0000] {logging_mixin.py:190} INFO - [2025-01-29T14:59:00.765+0000] {dag.py:4180} INFO - Setting next_dagrun for tutorial_dag to None, run_after=None
[2025-01-29T14:59:00.780+0000] {processor.py:208} INFO - Processing /home/airflow/.local/lib/python3.10/site-packages/airflow/example_dags/tutorial_dag.py took 0.060 seconds
[2025-01-29T14:59:30.971+0000] {processor.py:186} INFO - Started process (PID=688) to work on /home/airflow/.local/lib/python3.10/site-packages/airflow/example_dags/tutorial_dag.py
[2025-01-29T14:59:30.972+0000] {processor.py:914} INFO - Processing file /home/airflow/.local/lib/python3.10/site-packages/airflow/example_dags/tutorial_dag.py for tasks to queue
[2025-01-29T14:59:30.974+0000] {logging_mixin.py:190} INFO - [2025-01-29T14:59:30.974+0000] {dagbag.py:588} INFO - Filling up the DagBag from /home/airflow/.local/lib/python3.10/site-packages/airflow/example_dags/tutorial_dag.py
[2025-01-29T14:59:30.980+0000] {processor.py:925} INFO - DAG(s) 'tutorial_dag' retrieved from /home/airflow/.local/lib/python3.10/site-packages/airflow/example_dags/tutorial_dag.py
[2025-01-29T14:59:30.997+0000] {logging_mixin.py:190} INFO - [2025-01-29T14:59:30.997+0000] {dag.py:3239} INFO - Sync 1 DAGs
[2025-01-29T14:59:31.010+0000] {logging_mixin.py:190} INFO - [2025-01-29T14:59:31.009+0000] {dag.py:4180} INFO - Setting next_dagrun for tutorial_dag to None, run_after=None
[2025-01-29T14:59:31.025+0000] {processor.py:208} INFO - Processing /home/airflow/.local/lib/python3.10/site-packages/airflow/example_dags/tutorial_dag.py took 0.059 seconds
[2025-01-29T15:00:01.320+0000] {processor.py:186} INFO - Started process (PID=754) to work on /home/airflow/.local/lib/python3.10/site-packages/airflow/example_dags/tutorial_dag.py
[2025-01-29T15:00:01.321+0000] {processor.py:914} INFO - Processing file /home/airflow/.local/lib/python3.10/site-packages/airflow/example_dags/tutorial_dag.py for tasks to queue
[2025-01-29T15:00:01.324+0000] {logging_mixin.py:190} INFO - [2025-01-29T15:00:01.323+0000] {dagbag.py:588} INFO - Filling up the DagBag from /home/airflow/.local/lib/python3.10/site-packages/airflow/example_dags/tutorial_dag.py
[2025-01-29T15:00:01.330+0000] {processor.py:925} INFO - DAG(s) 'tutorial_dag' retrieved from /home/airflow/.local/lib/python3.10/site-packages/airflow/example_dags/tutorial_dag.py
[2025-01-29T15:00:01.347+0000] {logging_mixin.py:190} INFO - [2025-01-29T15:00:01.346+0000] {dag.py:3239} INFO - Sync 1 DAGs
[2025-01-29T15:00:01.359+0000] {logging_mixin.py:190} INFO - [2025-01-29T15:00:01.359+0000] {dag.py:4180} INFO - Setting next_dagrun for tutorial_dag to None, run_after=None
[2025-01-29T15:00:01.374+0000] {processor.py:208} INFO - Processing /home/airflow/.local/lib/python3.10/site-packages/airflow/example_dags/tutorial_dag.py took 0.059 seconds
[2025-01-29T15:00:32.439+0000] {processor.py:186} INFO - Started process (PID=820) to work on /home/airflow/.local/lib/python3.10/site-packages/airflow/example_dags/tutorial_dag.py
[2025-01-29T15:00:32.440+0000] {processor.py:914} INFO - Processing file /home/airflow/.local/lib/python3.10/site-packages/airflow/example_dags/tutorial_dag.py for tasks to queue
[2025-01-29T15:00:32.443+0000] {logging_mixin.py:190} INFO - [2025-01-29T15:00:32.442+0000] {dagbag.py:588} INFO - Filling up the DagBag from /home/airflow/.local/lib/python3.10/site-packages/airflow/example_dags/tutorial_dag.py
[2025-01-29T15:00:32.449+0000] {processor.py:925} INFO - DAG(s) 'tutorial_dag' retrieved from /home/airflow/.local/lib/python3.10/site-packages/airflow/example_dags/tutorial_dag.py
[2025-01-29T15:00:32.466+0000] {logging_mixin.py:190} INFO - [2025-01-29T15:00:32.465+0000] {dag.py:3239} INFO - Sync 1 DAGs
[2025-01-29T15:00:32.478+0000] {logging_mixin.py:190} INFO - [2025-01-29T15:00:32.478+0000] {dag.py:4180} INFO - Setting next_dagrun for tutorial_dag to None, run_after=None
[2025-01-29T15:00:32.493+0000] {processor.py:208} INFO - Processing /home/airflow/.local/lib/python3.10/site-packages/airflow/example_dags/tutorial_dag.py took 0.060 seconds
[2025-01-29T15:01:03.578+0000] {processor.py:186} INFO - Started process (PID=886) to work on /home/airflow/.local/lib/python3.10/site-packages/airflow/example_dags/tutorial_dag.py
[2025-01-29T15:01:03.578+0000] {processor.py:914} INFO - Processing file /home/airflow/.local/lib/python3.10/site-packages/airflow/example_dags/tutorial_dag.py for tasks to queue
[2025-01-29T15:01:03.581+0000] {logging_mixin.py:190} INFO - [2025-01-29T15:01:03.581+0000] {dagbag.py:588} INFO - Filling up the DagBag from /home/airflow/.local/lib/python3.10/site-packages/airflow/example_dags/tutorial_dag.py
[2025-01-29T15:01:03.588+0000] {processor.py:925} INFO - DAG(s) 'tutorial_dag' retrieved from /home/airflow/.local/lib/python3.10/site-packages/airflow/example_dags/tutorial_dag.py
[2025-01-29T15:01:03.604+0000] {logging_mixin.py:190} INFO - [2025-01-29T15:01:03.604+0000] {dag.py:3239} INFO - Sync 1 DAGs
[2025-01-29T15:01:03.617+0000] {logging_mixin.py:190} INFO - [2025-01-29T15:01:03.616+0000] {dag.py:4180} INFO - Setting next_dagrun for tutorial_dag to None, run_after=None
[2025-01-29T15:01:03.632+0000] {processor.py:208} INFO - Processing /home/airflow/.local/lib/python3.10/site-packages/airflow/example_dags/tutorial_dag.py took 0.060 seconds
[2025-01-29T15:01:33.754+0000] {processor.py:186} INFO - Started process (PID=952) to work on /home/airflow/.local/lib/python3.10/site-packages/airflow/example_dags/tutorial_dag.py
[2025-01-29T15:01:33.755+0000] {processor.py:914} INFO - Processing file /home/airflow/.local/lib/python3.10/site-packages/airflow/example_dags/tutorial_dag.py for tasks to queue
[2025-01-29T15:01:33.757+0000] {logging_mixin.py:190} INFO - [2025-01-29T15:01:33.757+0000] {dagbag.py:588} INFO - Filling up the DagBag from /home/airflow/.local/lib/python3.10/site-packages/airflow/example_dags/tutorial_dag.py
[2025-01-29T15:01:33.764+0000] {processor.py:925} INFO - DAG(s) 'tutorial_dag' retrieved from /home/airflow/.local/lib/python3.10/site-packages/airflow/example_dags/tutorial_dag.py
[2025-01-29T15:01:33.781+0000] {logging_mixin.py:190} INFO - [2025-01-29T15:01:33.781+0000] {dag.py:3239} INFO - Sync 1 DAGs
[2025-01-29T15:01:33.794+0000] {logging_mixin.py:190} INFO - [2025-01-29T15:01:33.793+0000] {dag.py:4180} INFO - Setting next_dagrun for tutorial_dag to None, run_after=None
[2025-01-29T15:01:33.809+0000] {processor.py:208} INFO - Processing /home/airflow/.local/lib/python3.10/site-packages/airflow/example_dags/tutorial_dag.py took 0.061 seconds
[2025-01-29T15:02:04.222+0000] {processor.py:186} INFO - Started process (PID=1018) to work on /home/airflow/.local/lib/python3.10/site-packages/airflow/example_dags/tutorial_dag.py
[2025-01-29T15:02:04.223+0000] {processor.py:914} INFO - Processing file /home/airflow/.local/lib/python3.10/site-packages/airflow/example_dags/tutorial_dag.py for tasks to queue
[2025-01-29T15:02:04.225+0000] {logging_mixin.py:190} INFO - [2025-01-29T15:02:04.225+0000] {dagbag.py:588} INFO - Filling up the DagBag from /home/airflow/.local/lib/python3.10/site-packages/airflow/example_dags/tutorial_dag.py
[2025-01-29T15:02:04.231+0000] {processor.py:925} INFO - DAG(s) 'tutorial_dag' retrieved from /home/airflow/.local/lib/python3.10/site-packages/airflow/example_dags/tutorial_dag.py
[2025-01-29T15:02:04.249+0000] {logging_mixin.py:190} INFO - [2025-01-29T15:02:04.249+0000] {dag.py:3239} INFO - Sync 1 DAGs
[2025-01-29T15:02:04.262+0000] {logging_mixin.py:190} INFO - [2025-01-29T15:02:04.262+0000] {dag.py:4180} INFO - Setting next_dagrun for tutorial_dag to None, run_after=None
[2025-01-29T15:02:04.278+0000] {processor.py:208} INFO - Processing /home/airflow/.local/lib/python3.10/site-packages/airflow/example_dags/tutorial_dag.py took 0.062 seconds
[2025-01-29T15:02:34.336+0000] {processor.py:186} INFO - Started process (PID=1084) to work on /home/airflow/.local/lib/python3.10/site-packages/airflow/example_dags/tutorial_dag.py
[2025-01-29T15:02:34.337+0000] {processor.py:914} INFO - Processing file /home/airflow/.local/lib/python3.10/site-packages/airflow/example_dags/tutorial_dag.py for tasks to queue
[2025-01-29T15:02:34.340+0000] {logging_mixin.py:190} INFO - [2025-01-29T15:02:34.340+0000] {dagbag.py:588} INFO - Filling up the DagBag from /home/airflow/.local/lib/python3.10/site-packages/airflow/example_dags/tutorial_dag.py
[2025-01-29T15:02:34.347+0000] {processor.py:925} INFO - DAG(s) 'tutorial_dag' retrieved from /home/airflow/.local/lib/python3.10/site-packages/airflow/example_dags/tutorial_dag.py
[2025-01-29T15:02:34.364+0000] {logging_mixin.py:190} INFO - [2025-01-29T15:02:34.364+0000] {dag.py:3239} INFO - Sync 1 DAGs
[2025-01-29T15:02:34.378+0000] {logging_mixin.py:190} INFO - [2025-01-29T15:02:34.377+0000] {dag.py:4180} INFO - Setting next_dagrun for tutorial_dag to None, run_after=None
[2025-01-29T15:02:34.395+0000] {processor.py:208} INFO - Processing /home/airflow/.local/lib/python3.10/site-packages/airflow/example_dags/tutorial_dag.py took 0.065 seconds
[2025-01-29T15:03:04.515+0000] {processor.py:186} INFO - Started process (PID=1150) to work on /home/airflow/.local/lib/python3.10/site-packages/airflow/example_dags/tutorial_dag.py
[2025-01-29T15:03:04.516+0000] {processor.py:914} INFO - Processing file /home/airflow/.local/lib/python3.10/site-packages/airflow/example_dags/tutorial_dag.py for tasks to queue
[2025-01-29T15:03:04.518+0000] {logging_mixin.py:190} INFO - [2025-01-29T15:03:04.518+0000] {dagbag.py:588} INFO - Filling up the DagBag from /home/airflow/.local/lib/python3.10/site-packages/airflow/example_dags/tutorial_dag.py
[2025-01-29T15:03:04.524+0000] {processor.py:925} INFO - DAG(s) 'tutorial_dag' retrieved from /home/airflow/.local/lib/python3.10/site-packages/airflow/example_dags/tutorial_dag.py
[2025-01-29T15:03:04.542+0000] {logging_mixin.py:190} INFO - [2025-01-29T15:03:04.542+0000] {dag.py:3239} INFO - Sync 1 DAGs
[2025-01-29T15:03:04.554+0000] {logging_mixin.py:190} INFO - [2025-01-29T15:03:04.554+0000] {dag.py:4180} INFO - Setting next_dagrun for tutorial_dag to None, run_after=None
[2025-01-29T15:03:04.570+0000] {processor.py:208} INFO - Processing /home/airflow/.local/lib/python3.10/site-packages/airflow/example_dags/tutorial_dag.py took 0.060 seconds
[2025-01-29T15:03:35.109+0000] {processor.py:186} INFO - Started process (PID=1216) to work on /home/airflow/.local/lib/python3.10/site-packages/airflow/example_dags/tutorial_dag.py
[2025-01-29T15:03:35.110+0000] {processor.py:914} INFO - Processing file /home/airflow/.local/lib/python3.10/site-packages/airflow/example_dags/tutorial_dag.py for tasks to queue
[2025-01-29T15:03:35.112+0000] {logging_mixin.py:190} INFO - [2025-01-29T15:03:35.112+0000] {dagbag.py:588} INFO - Filling up the DagBag from /home/airflow/.local/lib/python3.10/site-packages/airflow/example_dags/tutorial_dag.py
[2025-01-29T15:03:35.119+0000] {processor.py:925} INFO - DAG(s) 'tutorial_dag' retrieved from /home/airflow/.local/lib/python3.10/site-packages/airflow/example_dags/tutorial_dag.py
[2025-01-29T15:03:35.135+0000] {logging_mixin.py:190} INFO - [2025-01-29T15:03:35.135+0000] {dag.py:3239} INFO - Sync 1 DAGs
[2025-01-29T15:03:35.148+0000] {logging_mixin.py:190} INFO - [2025-01-29T15:03:35.148+0000] {dag.py:4180} INFO - Setting next_dagrun for tutorial_dag to None, run_after=None
[2025-01-29T15:03:35.164+0000] {processor.py:208} INFO - Processing /home/airflow/.local/lib/python3.10/site-packages/airflow/example_dags/tutorial_dag.py took 0.060 seconds
[2025-01-29T15:04:05.401+0000] {processor.py:186} INFO - Started process (PID=1282) to work on /home/airflow/.local/lib/python3.10/site-packages/airflow/example_dags/tutorial_dag.py
[2025-01-29T15:04:05.402+0000] {processor.py:914} INFO - Processing file /home/airflow/.local/lib/python3.10/site-packages/airflow/example_dags/tutorial_dag.py for tasks to queue
[2025-01-29T15:04:05.404+0000] {logging_mixin.py:190} INFO - [2025-01-29T15:04:05.404+0000] {dagbag.py:588} INFO - Filling up the DagBag from /home/airflow/.local/lib/python3.10/site-packages/airflow/example_dags/tutorial_dag.py
[2025-01-29T15:04:05.411+0000] {processor.py:925} INFO - DAG(s) 'tutorial_dag' retrieved from /home/airflow/.local/lib/python3.10/site-packages/airflow/example_dags/tutorial_dag.py
[2025-01-29T15:04:05.428+0000] {logging_mixin.py:190} INFO - [2025-01-29T15:04:05.427+0000] {dag.py:3239} INFO - Sync 1 DAGs
[2025-01-29T15:04:05.440+0000] {logging_mixin.py:190} INFO - [2025-01-29T15:04:05.440+0000] {dag.py:4180} INFO - Setting next_dagrun for tutorial_dag to None, run_after=None
[2025-01-29T15:04:05.455+0000] {processor.py:208} INFO - Processing /home/airflow/.local/lib/python3.10/site-packages/airflow/example_dags/tutorial_dag.py took 0.059 seconds
[2025-01-29T15:04:35.773+0000] {processor.py:186} INFO - Started process (PID=1348) to work on /home/airflow/.local/lib/python3.10/site-packages/airflow/example_dags/tutorial_dag.py
[2025-01-29T15:04:35.773+0000] {processor.py:914} INFO - Processing file /home/airflow/.local/lib/python3.10/site-packages/airflow/example_dags/tutorial_dag.py for tasks to queue
[2025-01-29T15:04:35.776+0000] {logging_mixin.py:190} INFO - [2025-01-29T15:04:35.775+0000] {dagbag.py:588} INFO - Filling up the DagBag from /home/airflow/.local/lib/python3.10/site-packages/airflow/example_dags/tutorial_dag.py
[2025-01-29T15:04:35.782+0000] {processor.py:925} INFO - DAG(s) 'tutorial_dag' retrieved from /home/airflow/.local/lib/python3.10/site-packages/airflow/example_dags/tutorial_dag.py
[2025-01-29T15:04:35.799+0000] {logging_mixin.py:190} INFO - [2025-01-29T15:04:35.799+0000] {dag.py:3239} INFO - Sync 1 DAGs
[2025-01-29T15:04:35.812+0000] {logging_mixin.py:190} INFO - [2025-01-29T15:04:35.812+0000] {dag.py:4180} INFO - Setting next_dagrun for tutorial_dag to None, run_after=None
[2025-01-29T15:04:35.827+0000] {processor.py:208} INFO - Processing /home/airflow/.local/lib/python3.10/site-packages/airflow/example_dags/tutorial_dag.py took 0.059 seconds
[2025-01-29T15:05:06.037+0000] {processor.py:186} INFO - Started process (PID=1414) to work on /home/airflow/.local/lib/python3.10/site-packages/airflow/example_dags/tutorial_dag.py
[2025-01-29T15:05:06.038+0000] {processor.py:914} INFO - Processing file /home/airflow/.local/lib/python3.10/site-packages/airflow/example_dags/tutorial_dag.py for tasks to queue
[2025-01-29T15:05:06.040+0000] {logging_mixin.py:190} INFO - [2025-01-29T15:05:06.040+0000] {dagbag.py:588} INFO - Filling up the DagBag from /home/airflow/.local/lib/python3.10/site-packages/airflow/example_dags/tutorial_dag.py
[2025-01-29T15:05:06.046+0000] {processor.py:925} INFO - DAG(s) 'tutorial_dag' retrieved from /home/airflow/.local/lib/python3.10/site-packages/airflow/example_dags/tutorial_dag.py
[2025-01-29T15:05:06.063+0000] {logging_mixin.py:190} INFO - [2025-01-29T15:05:06.063+0000] {dag.py:3239} INFO - Sync 1 DAGs
[2025-01-29T15:05:06.075+0000] {logging_mixin.py:190} INFO - [2025-01-29T15:05:06.075+0000] {dag.py:4180} INFO - Setting next_dagrun for tutorial_dag to None, run_after=None
[2025-01-29T15:05:06.090+0000] {processor.py:208} INFO - Processing /home/airflow/.local/lib/python3.10/site-packages/airflow/example_dags/tutorial_dag.py took 0.058 seconds
[2025-01-29T15:05:37.143+0000] {processor.py:186} INFO - Started process (PID=1480) to work on /home/airflow/.local/lib/python3.10/site-packages/airflow/example_dags/tutorial_dag.py
[2025-01-29T15:05:37.143+0000] {processor.py:914} INFO - Processing file /home/airflow/.local/lib/python3.10/site-packages/airflow/example_dags/tutorial_dag.py for tasks to queue
[2025-01-29T15:05:37.146+0000] {logging_mixin.py:190} INFO - [2025-01-29T15:05:37.145+0000] {dagbag.py:588} INFO - Filling up the DagBag from /home/airflow/.local/lib/python3.10/site-packages/airflow/example_dags/tutorial_dag.py
[2025-01-29T15:05:37.152+0000] {processor.py:925} INFO - DAG(s) 'tutorial_dag' retrieved from /home/airflow/.local/lib/python3.10/site-packages/airflow/example_dags/tutorial_dag.py
[2025-01-29T15:05:37.169+0000] {logging_mixin.py:190} INFO - [2025-01-29T15:05:37.169+0000] {dag.py:3239} INFO - Sync 1 DAGs
[2025-01-29T15:05:37.182+0000] {logging_mixin.py:190} INFO - [2025-01-29T15:05:37.182+0000] {dag.py:4180} INFO - Setting next_dagrun for tutorial_dag to None, run_after=None
[2025-01-29T15:05:37.197+0000] {processor.py:208} INFO - Processing /home/airflow/.local/lib/python3.10/site-packages/airflow/example_dags/tutorial_dag.py took 0.060 seconds
[2025-01-29T15:06:07.435+0000] {processor.py:186} INFO - Started process (PID=1546) to work on /home/airflow/.local/lib/python3.10/site-packages/airflow/example_dags/tutorial_dag.py
[2025-01-29T15:06:07.436+0000] {processor.py:914} INFO - Processing file /home/airflow/.local/lib/python3.10/site-packages/airflow/example_dags/tutorial_dag.py for tasks to queue
[2025-01-29T15:06:07.439+0000] {logging_mixin.py:190} INFO - [2025-01-29T15:06:07.438+0000] {dagbag.py:588} INFO - Filling up the DagBag from /home/airflow/.local/lib/python3.10/site-packages/airflow/example_dags/tutorial_dag.py
[2025-01-29T15:06:07.447+0000] {processor.py:925} INFO - DAG(s) 'tutorial_dag' retrieved from /home/airflow/.local/lib/python3.10/site-packages/airflow/example_dags/tutorial_dag.py
[2025-01-29T15:06:07.466+0000] {logging_mixin.py:190} INFO - [2025-01-29T15:06:07.466+0000] {dag.py:3239} INFO - Sync 1 DAGs
[2025-01-29T15:06:07.482+0000] {logging_mixin.py:190} INFO - [2025-01-29T15:06:07.481+0000] {dag.py:4180} INFO - Setting next_dagrun for tutorial_dag to None, run_after=None
[2025-01-29T15:06:07.499+0000] {processor.py:208} INFO - Processing /home/airflow/.local/lib/python3.10/site-packages/airflow/example_dags/tutorial_dag.py took 0.070 seconds
[2025-01-29T15:06:37.601+0000] {processor.py:186} INFO - Started process (PID=1611) to work on /home/airflow/.local/lib/python3.10/site-packages/airflow/example_dags/tutorial_dag.py
[2025-01-29T15:06:37.602+0000] {processor.py:914} INFO - Processing file /home/airflow/.local/lib/python3.10/site-packages/airflow/example_dags/tutorial_dag.py for tasks to queue
[2025-01-29T15:06:37.604+0000] {logging_mixin.py:190} INFO - [2025-01-29T15:06:37.604+0000] {dagbag.py:588} INFO - Filling up the DagBag from /home/airflow/.local/lib/python3.10/site-packages/airflow/example_dags/tutorial_dag.py
[2025-01-29T15:06:37.610+0000] {processor.py:925} INFO - DAG(s) 'tutorial_dag' retrieved from /home/airflow/.local/lib/python3.10/site-packages/airflow/example_dags/tutorial_dag.py
[2025-01-29T15:06:37.627+0000] {logging_mixin.py:190} INFO - [2025-01-29T15:06:37.626+0000] {dag.py:3239} INFO - Sync 1 DAGs
[2025-01-29T15:06:37.639+0000] {logging_mixin.py:190} INFO - [2025-01-29T15:06:37.639+0000] {dag.py:4180} INFO - Setting next_dagrun for tutorial_dag to None, run_after=None
[2025-01-29T15:06:37.655+0000] {processor.py:208} INFO - Processing /home/airflow/.local/lib/python3.10/site-packages/airflow/example_dags/tutorial_dag.py took 0.060 seconds
[2025-01-29T15:07:07.955+0000] {processor.py:186} INFO - Started process (PID=1677) to work on /home/airflow/.local/lib/python3.10/site-packages/airflow/example_dags/tutorial_dag.py
[2025-01-29T15:07:07.956+0000] {processor.py:914} INFO - Processing file /home/airflow/.local/lib/python3.10/site-packages/airflow/example_dags/tutorial_dag.py for tasks to queue
[2025-01-29T15:07:07.958+0000] {logging_mixin.py:190} INFO - [2025-01-29T15:07:07.958+0000] {dagbag.py:588} INFO - Filling up the DagBag from /home/airflow/.local/lib/python3.10/site-packages/airflow/example_dags/tutorial_dag.py
[2025-01-29T15:07:07.964+0000] {processor.py:925} INFO - DAG(s) 'tutorial_dag' retrieved from /home/airflow/.local/lib/python3.10/site-packages/airflow/example_dags/tutorial_dag.py
[2025-01-29T15:07:07.981+0000] {logging_mixin.py:190} INFO - [2025-01-29T15:07:07.981+0000] {dag.py:3239} INFO - Sync 1 DAGs
[2025-01-29T15:07:07.994+0000] {logging_mixin.py:190} INFO - [2025-01-29T15:07:07.994+0000] {dag.py:4180} INFO - Setting next_dagrun for tutorial_dag to None, run_after=None
[2025-01-29T15:07:08.009+0000] {processor.py:208} INFO - Processing /home/airflow/.local/lib/python3.10/site-packages/airflow/example_dags/tutorial_dag.py took 0.059 seconds
[2025-01-29T15:07:38.547+0000] {processor.py:186} INFO - Started process (PID=1743) to work on /home/airflow/.local/lib/python3.10/site-packages/airflow/example_dags/tutorial_dag.py
[2025-01-29T15:07:38.548+0000] {processor.py:914} INFO - Processing file /home/airflow/.local/lib/python3.10/site-packages/airflow/example_dags/tutorial_dag.py for tasks to queue
[2025-01-29T15:07:38.550+0000] {logging_mixin.py:190} INFO - [2025-01-29T15:07:38.550+0000] {dagbag.py:588} INFO - Filling up the DagBag from /home/airflow/.local/lib/python3.10/site-packages/airflow/example_dags/tutorial_dag.py
[2025-01-29T15:07:38.557+0000] {processor.py:925} INFO - DAG(s) 'tutorial_dag' retrieved from /home/airflow/.local/lib/python3.10/site-packages/airflow/example_dags/tutorial_dag.py
[2025-01-29T15:07:38.575+0000] {logging_mixin.py:190} INFO - [2025-01-29T15:07:38.575+0000] {dag.py:3239} INFO - Sync 1 DAGs
[2025-01-29T15:07:38.588+0000] {logging_mixin.py:190} INFO - [2025-01-29T15:07:38.588+0000] {dag.py:4180} INFO - Setting next_dagrun for tutorial_dag to None, run_after=None
[2025-01-29T15:07:38.605+0000] {processor.py:208} INFO - Processing /home/airflow/.local/lib/python3.10/site-packages/airflow/example_dags/tutorial_dag.py took 0.064 seconds
[2025-01-29T15:08:09.556+0000] {processor.py:186} INFO - Started process (PID=1809) to work on /home/airflow/.local/lib/python3.10/site-packages/airflow/example_dags/tutorial_dag.py
[2025-01-29T15:08:09.557+0000] {processor.py:914} INFO - Processing file /home/airflow/.local/lib/python3.10/site-packages/airflow/example_dags/tutorial_dag.py for tasks to queue
[2025-01-29T15:08:09.559+0000] {logging_mixin.py:190} INFO - [2025-01-29T15:08:09.559+0000] {dagbag.py:588} INFO - Filling up the DagBag from /home/airflow/.local/lib/python3.10/site-packages/airflow/example_dags/tutorial_dag.py
[2025-01-29T15:08:09.566+0000] {processor.py:925} INFO - DAG(s) 'tutorial_dag' retrieved from /home/airflow/.local/lib/python3.10/site-packages/airflow/example_dags/tutorial_dag.py
[2025-01-29T15:08:09.585+0000] {logging_mixin.py:190} INFO - [2025-01-29T15:08:09.584+0000] {dag.py:3239} INFO - Sync 1 DAGs
[2025-01-29T15:08:09.597+0000] {logging_mixin.py:190} INFO - [2025-01-29T15:08:09.597+0000] {dag.py:4180} INFO - Setting next_dagrun for tutorial_dag to None, run_after=None
[2025-01-29T15:08:09.613+0000] {processor.py:208} INFO - Processing /home/airflow/.local/lib/python3.10/site-packages/airflow/example_dags/tutorial_dag.py took 0.063 seconds
[2025-01-29T15:08:40.182+0000] {processor.py:186} INFO - Started process (PID=1875) to work on /home/airflow/.local/lib/python3.10/site-packages/airflow/example_dags/tutorial_dag.py
[2025-01-29T15:08:40.184+0000] {processor.py:914} INFO - Processing file /home/airflow/.local/lib/python3.10/site-packages/airflow/example_dags/tutorial_dag.py for tasks to queue
[2025-01-29T15:08:40.187+0000] {logging_mixin.py:190} INFO - [2025-01-29T15:08:40.186+0000] {dagbag.py:588} INFO - Filling up the DagBag from /home/airflow/.local/lib/python3.10/site-packages/airflow/example_dags/tutorial_dag.py
[2025-01-29T15:08:40.194+0000] {processor.py:925} INFO - DAG(s) 'tutorial_dag' retrieved from /home/airflow/.local/lib/python3.10/site-packages/airflow/example_dags/tutorial_dag.py
[2025-01-29T15:08:40.211+0000] {logging_mixin.py:190} INFO - [2025-01-29T15:08:40.211+0000] {dag.py:3239} INFO - Sync 1 DAGs
[2025-01-29T15:08:40.223+0000] {logging_mixin.py:190} INFO - [2025-01-29T15:08:40.223+0000] {dag.py:4180} INFO - Setting next_dagrun for tutorial_dag to None, run_after=None
[2025-01-29T15:08:40.238+0000] {processor.py:208} INFO - Processing /home/airflow/.local/lib/python3.10/site-packages/airflow/example_dags/tutorial_dag.py took 0.062 seconds
[2025-01-29T15:09:11.382+0000] {processor.py:186} INFO - Started process (PID=1941) to work on /home/airflow/.local/lib/python3.10/site-packages/airflow/example_dags/tutorial_dag.py
[2025-01-29T15:09:11.383+0000] {processor.py:914} INFO - Processing file /home/airflow/.local/lib/python3.10/site-packages/airflow/example_dags/tutorial_dag.py for tasks to queue
[2025-01-29T15:09:11.385+0000] {logging_mixin.py:190} INFO - [2025-01-29T15:09:11.385+0000] {dagbag.py:588} INFO - Filling up the DagBag from /home/airflow/.local/lib/python3.10/site-packages/airflow/example_dags/tutorial_dag.py
[2025-01-29T15:09:11.392+0000] {processor.py:925} INFO - DAG(s) 'tutorial_dag' retrieved from /home/airflow/.local/lib/python3.10/site-packages/airflow/example_dags/tutorial_dag.py
[2025-01-29T15:09:11.410+0000] {logging_mixin.py:190} INFO - [2025-01-29T15:09:11.410+0000] {dag.py:3239} INFO - Sync 1 DAGs
[2025-01-29T15:09:11.423+0000] {logging_mixin.py:190} INFO - [2025-01-29T15:09:11.423+0000] {dag.py:4180} INFO - Setting next_dagrun for tutorial_dag to None, run_after=None
[2025-01-29T15:09:11.443+0000] {processor.py:208} INFO - Processing /home/airflow/.local/lib/python3.10/site-packages/airflow/example_dags/tutorial_dag.py took 0.066 seconds
[2025-01-29T15:09:41.970+0000] {processor.py:186} INFO - Started process (PID=2007) to work on /home/airflow/.local/lib/python3.10/site-packages/airflow/example_dags/tutorial_dag.py
[2025-01-29T15:09:41.971+0000] {processor.py:914} INFO - Processing file /home/airflow/.local/lib/python3.10/site-packages/airflow/example_dags/tutorial_dag.py for tasks to queue
[2025-01-29T15:09:41.974+0000] {logging_mixin.py:190} INFO - [2025-01-29T15:09:41.973+0000] {dagbag.py:588} INFO - Filling up the DagBag from /home/airflow/.local/lib/python3.10/site-packages/airflow/example_dags/tutorial_dag.py
[2025-01-29T15:09:41.980+0000] {processor.py:925} INFO - DAG(s) 'tutorial_dag' retrieved from /home/airflow/.local/lib/python3.10/site-packages/airflow/example_dags/tutorial_dag.py
[2025-01-29T15:09:41.999+0000] {logging_mixin.py:190} INFO - [2025-01-29T15:09:41.998+0000] {dag.py:3239} INFO - Sync 1 DAGs
[2025-01-29T15:09:42.012+0000] {logging_mixin.py:190} INFO - [2025-01-29T15:09:42.012+0000] {dag.py:4180} INFO - Setting next_dagrun for tutorial_dag to None, run_after=None
[2025-01-29T15:09:42.035+0000] {processor.py:208} INFO - Processing /home/airflow/.local/lib/python3.10/site-packages/airflow/example_dags/tutorial_dag.py took 0.070 seconds
[2025-01-29T15:10:12.117+0000] {processor.py:186} INFO - Started process (PID=2072) to work on /home/airflow/.local/lib/python3.10/site-packages/airflow/example_dags/tutorial_dag.py
[2025-01-29T15:10:12.118+0000] {processor.py:914} INFO - Processing file /home/airflow/.local/lib/python3.10/site-packages/airflow/example_dags/tutorial_dag.py for tasks to queue
[2025-01-29T15:10:12.120+0000] {logging_mixin.py:190} INFO - [2025-01-29T15:10:12.120+0000] {dagbag.py:588} INFO - Filling up the DagBag from /home/airflow/.local/lib/python3.10/site-packages/airflow/example_dags/tutorial_dag.py
[2025-01-29T15:10:12.126+0000] {processor.py:925} INFO - DAG(s) 'tutorial_dag' retrieved from /home/airflow/.local/lib/python3.10/site-packages/airflow/example_dags/tutorial_dag.py
[2025-01-29T15:10:12.145+0000] {logging_mixin.py:190} INFO - [2025-01-29T15:10:12.144+0000] {dag.py:3239} INFO - Sync 1 DAGs
[2025-01-29T15:10:12.158+0000] {logging_mixin.py:190} INFO - [2025-01-29T15:10:12.157+0000] {dag.py:4180} INFO - Setting next_dagrun for tutorial_dag to None, run_after=None
[2025-01-29T15:10:12.174+0000] {processor.py:208} INFO - Processing /home/airflow/.local/lib/python3.10/site-packages/airflow/example_dags/tutorial_dag.py took 0.062 seconds
[2025-01-29T15:10:42.775+0000] {processor.py:186} INFO - Started process (PID=2138) to work on /home/airflow/.local/lib/python3.10/site-packages/airflow/example_dags/tutorial_dag.py
[2025-01-29T15:10:42.776+0000] {processor.py:914} INFO - Processing file /home/airflow/.local/lib/python3.10/site-packages/airflow/example_dags/tutorial_dag.py for tasks to queue
[2025-01-29T15:10:42.778+0000] {logging_mixin.py:190} INFO - [2025-01-29T15:10:42.778+0000] {dagbag.py:588} INFO - Filling up the DagBag from /home/airflow/.local/lib/python3.10/site-packages/airflow/example_dags/tutorial_dag.py
[2025-01-29T15:10:42.785+0000] {processor.py:925} INFO - DAG(s) 'tutorial_dag' retrieved from /home/airflow/.local/lib/python3.10/site-packages/airflow/example_dags/tutorial_dag.py
[2025-01-29T15:10:42.801+0000] {logging_mixin.py:190} INFO - [2025-01-29T15:10:42.800+0000] {dag.py:3239} INFO - Sync 1 DAGs
[2025-01-29T15:10:42.814+0000] {logging_mixin.py:190} INFO - [2025-01-29T15:10:42.813+0000] {dag.py:4180} INFO - Setting next_dagrun for tutorial_dag to None, run_after=None
[2025-01-29T15:10:42.829+0000] {processor.py:208} INFO - Processing /home/airflow/.local/lib/python3.10/site-packages/airflow/example_dags/tutorial_dag.py took 0.059 seconds
[2025-01-29T15:11:13.567+0000] {processor.py:186} INFO - Started process (PID=2204) to work on /home/airflow/.local/lib/python3.10/site-packages/airflow/example_dags/tutorial_dag.py
[2025-01-29T15:11:13.568+0000] {processor.py:914} INFO - Processing file /home/airflow/.local/lib/python3.10/site-packages/airflow/example_dags/tutorial_dag.py for tasks to queue
[2025-01-29T15:11:13.571+0000] {logging_mixin.py:190} INFO - [2025-01-29T15:11:13.570+0000] {dagbag.py:588} INFO - Filling up the DagBag from /home/airflow/.local/lib/python3.10/site-packages/airflow/example_dags/tutorial_dag.py
[2025-01-29T15:11:13.577+0000] {processor.py:925} INFO - DAG(s) 'tutorial_dag' retrieved from /home/airflow/.local/lib/python3.10/site-packages/airflow/example_dags/tutorial_dag.py
[2025-01-29T15:11:13.593+0000] {logging_mixin.py:190} INFO - [2025-01-29T15:11:13.593+0000] {dag.py:3239} INFO - Sync 1 DAGs
[2025-01-29T15:11:13.606+0000] {logging_mixin.py:190} INFO - [2025-01-29T15:11:13.606+0000] {dag.py:4180} INFO - Setting next_dagrun for tutorial_dag to None, run_after=None
[2025-01-29T15:11:13.621+0000] {processor.py:208} INFO - Processing /home/airflow/.local/lib/python3.10/site-packages/airflow/example_dags/tutorial_dag.py took 0.058 seconds
[2025-01-29T15:11:43.827+0000] {processor.py:186} INFO - Started process (PID=2270) to work on /home/airflow/.local/lib/python3.10/site-packages/airflow/example_dags/tutorial_dag.py
[2025-01-29T15:11:43.828+0000] {processor.py:914} INFO - Processing file /home/airflow/.local/lib/python3.10/site-packages/airflow/example_dags/tutorial_dag.py for tasks to queue
[2025-01-29T15:11:43.831+0000] {logging_mixin.py:190} INFO - [2025-01-29T15:11:43.830+0000] {dagbag.py:588} INFO - Filling up the DagBag from /home/airflow/.local/lib/python3.10/site-packages/airflow/example_dags/tutorial_dag.py
[2025-01-29T15:11:43.837+0000] {processor.py:925} INFO - DAG(s) 'tutorial_dag' retrieved from /home/airflow/.local/lib/python3.10/site-packages/airflow/example_dags/tutorial_dag.py
[2025-01-29T15:11:43.855+0000] {logging_mixin.py:190} INFO - [2025-01-29T15:11:43.855+0000] {dag.py:3239} INFO - Sync 1 DAGs
[2025-01-29T15:11:43.869+0000] {logging_mixin.py:190} INFO - [2025-01-29T15:11:43.868+0000] {dag.py:4180} INFO - Setting next_dagrun for tutorial_dag to None, run_after=None
[2025-01-29T15:11:43.884+0000] {processor.py:208} INFO - Processing /home/airflow/.local/lib/python3.10/site-packages/airflow/example_dags/tutorial_dag.py took 0.062 seconds
[2025-01-29T15:12:13.999+0000] {processor.py:186} INFO - Started process (PID=2336) to work on /home/airflow/.local/lib/python3.10/site-packages/airflow/example_dags/tutorial_dag.py
[2025-01-29T15:12:14.000+0000] {processor.py:914} INFO - Processing file /home/airflow/.local/lib/python3.10/site-packages/airflow/example_dags/tutorial_dag.py for tasks to queue
[2025-01-29T15:12:14.003+0000] {logging_mixin.py:190} INFO - [2025-01-29T15:12:14.003+0000] {dagbag.py:588} INFO - Filling up the DagBag from /home/airflow/.local/lib/python3.10/site-packages/airflow/example_dags/tutorial_dag.py
[2025-01-29T15:12:14.009+0000] {processor.py:925} INFO - DAG(s) 'tutorial_dag' retrieved from /home/airflow/.local/lib/python3.10/site-packages/airflow/example_dags/tutorial_dag.py
[2025-01-29T15:12:14.026+0000] {logging_mixin.py:190} INFO - [2025-01-29T15:12:14.025+0000] {dag.py:3239} INFO - Sync 1 DAGs
[2025-01-29T15:12:14.038+0000] {logging_mixin.py:190} INFO - [2025-01-29T15:12:14.038+0000] {dag.py:4180} INFO - Setting next_dagrun for tutorial_dag to None, run_after=None
[2025-01-29T15:12:14.053+0000] {processor.py:208} INFO - Processing /home/airflow/.local/lib/python3.10/site-packages/airflow/example_dags/tutorial_dag.py took 0.058 seconds
[2025-01-29T15:12:44.459+0000] {processor.py:186} INFO - Started process (PID=2402) to work on /home/airflow/.local/lib/python3.10/site-packages/airflow/example_dags/tutorial_dag.py
[2025-01-29T15:12:44.460+0000] {processor.py:914} INFO - Processing file /home/airflow/.local/lib/python3.10/site-packages/airflow/example_dags/tutorial_dag.py for tasks to queue
[2025-01-29T15:12:44.462+0000] {logging_mixin.py:190} INFO - [2025-01-29T15:12:44.462+0000] {dagbag.py:588} INFO - Filling up the DagBag from /home/airflow/.local/lib/python3.10/site-packages/airflow/example_dags/tutorial_dag.py
[2025-01-29T15:12:44.468+0000] {processor.py:925} INFO - DAG(s) 'tutorial_dag' retrieved from /home/airflow/.local/lib/python3.10/site-packages/airflow/example_dags/tutorial_dag.py
[2025-01-29T15:12:44.485+0000] {logging_mixin.py:190} INFO - [2025-01-29T15:12:44.485+0000] {dag.py:3239} INFO - Sync 1 DAGs
[2025-01-29T15:12:44.498+0000] {logging_mixin.py:190} INFO - [2025-01-29T15:12:44.498+0000] {dag.py:4180} INFO - Setting next_dagrun for tutorial_dag to None, run_after=None
[2025-01-29T15:12:44.513+0000] {processor.py:208} INFO - Processing /home/airflow/.local/lib/python3.10/site-packages/airflow/example_dags/tutorial_dag.py took 0.059 seconds
[2025-01-29T15:13:14.612+0000] {processor.py:186} INFO - Started process (PID=2468) to work on /home/airflow/.local/lib/python3.10/site-packages/airflow/example_dags/tutorial_dag.py
[2025-01-29T15:13:14.613+0000] {processor.py:914} INFO - Processing file /home/airflow/.local/lib/python3.10/site-packages/airflow/example_dags/tutorial_dag.py for tasks to queue
[2025-01-29T15:13:14.615+0000] {logging_mixin.py:190} INFO - [2025-01-29T15:13:14.615+0000] {dagbag.py:588} INFO - Filling up the DagBag from /home/airflow/.local/lib/python3.10/site-packages/airflow/example_dags/tutorial_dag.py
[2025-01-29T15:13:14.621+0000] {processor.py:925} INFO - DAG(s) 'tutorial_dag' retrieved from /home/airflow/.local/lib/python3.10/site-packages/airflow/example_dags/tutorial_dag.py
[2025-01-29T15:13:14.638+0000] {logging_mixin.py:190} INFO - [2025-01-29T15:13:14.638+0000] {dag.py:3239} INFO - Sync 1 DAGs
[2025-01-29T15:13:14.650+0000] {logging_mixin.py:190} INFO - [2025-01-29T15:13:14.650+0000] {dag.py:4180} INFO - Setting next_dagrun for tutorial_dag to None, run_after=None
[2025-01-29T15:13:14.665+0000] {processor.py:208} INFO - Processing /home/airflow/.local/lib/python3.10/site-packages/airflow/example_dags/tutorial_dag.py took 0.058 seconds
[2025-01-29T15:13:44.803+0000] {processor.py:186} INFO - Started process (PID=2534) to work on /home/airflow/.local/lib/python3.10/site-packages/airflow/example_dags/tutorial_dag.py
[2025-01-29T15:13:44.803+0000] {processor.py:914} INFO - Processing file /home/airflow/.local/lib/python3.10/site-packages/airflow/example_dags/tutorial_dag.py for tasks to queue
[2025-01-29T15:13:44.806+0000] {logging_mixin.py:190} INFO - [2025-01-29T15:13:44.806+0000] {dagbag.py:588} INFO - Filling up the DagBag from /home/airflow/.local/lib/python3.10/site-packages/airflow/example_dags/tutorial_dag.py
[2025-01-29T15:13:44.812+0000] {processor.py:925} INFO - DAG(s) 'tutorial_dag' retrieved from /home/airflow/.local/lib/python3.10/site-packages/airflow/example_dags/tutorial_dag.py
[2025-01-29T15:13:44.828+0000] {logging_mixin.py:190} INFO - [2025-01-29T15:13:44.828+0000] {dag.py:3239} INFO - Sync 1 DAGs
[2025-01-29T15:13:44.841+0000] {logging_mixin.py:190} INFO - [2025-01-29T15:13:44.841+0000] {dag.py:4180} INFO - Setting next_dagrun for tutorial_dag to None, run_after=None
[2025-01-29T15:13:44.855+0000] {processor.py:208} INFO - Processing /home/airflow/.local/lib/python3.10/site-packages/airflow/example_dags/tutorial_dag.py took 0.058 seconds
[2025-01-29T15:14:14.980+0000] {processor.py:186} INFO - Started process (PID=2600) to work on /home/airflow/.local/lib/python3.10/site-packages/airflow/example_dags/tutorial_dag.py
[2025-01-29T15:14:14.980+0000] {processor.py:914} INFO - Processing file /home/airflow/.local/lib/python3.10/site-packages/airflow/example_dags/tutorial_dag.py for tasks to queue
[2025-01-29T15:14:14.983+0000] {logging_mixin.py:190} INFO - [2025-01-29T15:14:14.983+0000] {dagbag.py:588} INFO - Filling up the DagBag from /home/airflow/.local/lib/python3.10/site-packages/airflow/example_dags/tutorial_dag.py
[2025-01-29T15:14:14.989+0000] {processor.py:925} INFO - DAG(s) 'tutorial_dag' retrieved from /home/airflow/.local/lib/python3.10/site-packages/airflow/example_dags/tutorial_dag.py
[2025-01-29T15:14:15.006+0000] {logging_mixin.py:190} INFO - [2025-01-29T15:14:15.006+0000] {dag.py:3239} INFO - Sync 1 DAGs
[2025-01-29T15:14:15.018+0000] {logging_mixin.py:190} INFO - [2025-01-29T15:14:15.018+0000] {dag.py:4180} INFO - Setting next_dagrun for tutorial_dag to None, run_after=None
[2025-01-29T15:14:15.033+0000] {processor.py:208} INFO - Processing /home/airflow/.local/lib/python3.10/site-packages/airflow/example_dags/tutorial_dag.py took 0.059 seconds
[2025-01-29T15:14:45.245+0000] {processor.py:186} INFO - Started process (PID=2666) to work on /home/airflow/.local/lib/python3.10/site-packages/airflow/example_dags/tutorial_dag.py
[2025-01-29T15:14:45.246+0000] {processor.py:914} INFO - Processing file /home/airflow/.local/lib/python3.10/site-packages/airflow/example_dags/tutorial_dag.py for tasks to queue
[2025-01-29T15:14:45.249+0000] {logging_mixin.py:190} INFO - [2025-01-29T15:14:45.249+0000] {dagbag.py:588} INFO - Filling up the DagBag from /home/airflow/.local/lib/python3.10/site-packages/airflow/example_dags/tutorial_dag.py
[2025-01-29T15:14:45.255+0000] {processor.py:925} INFO - DAG(s) 'tutorial_dag' retrieved from /home/airflow/.local/lib/python3.10/site-packages/airflow/example_dags/tutorial_dag.py
[2025-01-29T15:14:45.272+0000] {logging_mixin.py:190} INFO - [2025-01-29T15:14:45.272+0000] {dag.py:3239} INFO - Sync 1 DAGs
[2025-01-29T15:14:45.285+0000] {logging_mixin.py:190} INFO - [2025-01-29T15:14:45.285+0000] {dag.py:4180} INFO - Setting next_dagrun for tutorial_dag to None, run_after=None
[2025-01-29T15:14:45.299+0000] {processor.py:208} INFO - Processing /home/airflow/.local/lib/python3.10/site-packages/airflow/example_dags/tutorial_dag.py took 0.060 seconds
[2025-01-29T15:15:15.576+0000] {processor.py:186} INFO - Started process (PID=2732) to work on /home/airflow/.local/lib/python3.10/site-packages/airflow/example_dags/tutorial_dag.py
[2025-01-29T15:15:15.577+0000] {processor.py:914} INFO - Processing file /home/airflow/.local/lib/python3.10/site-packages/airflow/example_dags/tutorial_dag.py for tasks to queue
[2025-01-29T15:15:15.580+0000] {logging_mixin.py:190} INFO - [2025-01-29T15:15:15.579+0000] {dagbag.py:588} INFO - Filling up the DagBag from /home/airflow/.local/lib/python3.10/site-packages/airflow/example_dags/tutorial_dag.py
[2025-01-29T15:15:15.586+0000] {processor.py:925} INFO - DAG(s) 'tutorial_dag' retrieved from /home/airflow/.local/lib/python3.10/site-packages/airflow/example_dags/tutorial_dag.py
[2025-01-29T15:15:15.603+0000] {logging_mixin.py:190} INFO - [2025-01-29T15:15:15.603+0000] {dag.py:3239} INFO - Sync 1 DAGs
[2025-01-29T15:15:15.616+0000] {logging_mixin.py:190} INFO - [2025-01-29T15:15:15.616+0000] {dag.py:4180} INFO - Setting next_dagrun for tutorial_dag to None, run_after=None
[2025-01-29T15:15:15.631+0000] {processor.py:208} INFO - Processing /home/airflow/.local/lib/python3.10/site-packages/airflow/example_dags/tutorial_dag.py took 0.060 seconds
[2025-01-29T15:15:46.524+0000] {processor.py:186} INFO - Started process (PID=2799) to work on /home/airflow/.local/lib/python3.10/site-packages/airflow/example_dags/tutorial_dag.py
[2025-01-29T15:15:46.525+0000] {processor.py:914} INFO - Processing file /home/airflow/.local/lib/python3.10/site-packages/airflow/example_dags/tutorial_dag.py for tasks to queue
[2025-01-29T15:15:46.528+0000] {logging_mixin.py:190} INFO - [2025-01-29T15:15:46.527+0000] {dagbag.py:588} INFO - Filling up the DagBag from /home/airflow/.local/lib/python3.10/site-packages/airflow/example_dags/tutorial_dag.py
[2025-01-29T15:15:46.534+0000] {processor.py:925} INFO - DAG(s) 'tutorial_dag' retrieved from /home/airflow/.local/lib/python3.10/site-packages/airflow/example_dags/tutorial_dag.py
[2025-01-29T15:15:46.551+0000] {logging_mixin.py:190} INFO - [2025-01-29T15:15:46.551+0000] {dag.py:3239} INFO - Sync 1 DAGs
[2025-01-29T15:15:46.564+0000] {logging_mixin.py:190} INFO - [2025-01-29T15:15:46.564+0000] {dag.py:4180} INFO - Setting next_dagrun for tutorial_dag to None, run_after=None
[2025-01-29T15:15:46.580+0000] {processor.py:208} INFO - Processing /home/airflow/.local/lib/python3.10/site-packages/airflow/example_dags/tutorial_dag.py took 0.062 seconds
[2025-01-29T15:16:16.833+0000] {processor.py:186} INFO - Started process (PID=2865) to work on /home/airflow/.local/lib/python3.10/site-packages/airflow/example_dags/tutorial_dag.py
[2025-01-29T15:16:16.833+0000] {processor.py:914} INFO - Processing file /home/airflow/.local/lib/python3.10/site-packages/airflow/example_dags/tutorial_dag.py for tasks to queue
[2025-01-29T15:16:16.836+0000] {logging_mixin.py:190} INFO - [2025-01-29T15:16:16.836+0000] {dagbag.py:588} INFO - Filling up the DagBag from /home/airflow/.local/lib/python3.10/site-packages/airflow/example_dags/tutorial_dag.py
[2025-01-29T15:16:16.842+0000] {processor.py:925} INFO - DAG(s) 'tutorial_dag' retrieved from /home/airflow/.local/lib/python3.10/site-packages/airflow/example_dags/tutorial_dag.py
[2025-01-29T15:16:16.859+0000] {logging_mixin.py:190} INFO - [2025-01-29T15:16:16.859+0000] {dag.py:3239} INFO - Sync 1 DAGs
[2025-01-29T15:16:16.872+0000] {logging_mixin.py:190} INFO - [2025-01-29T15:16:16.871+0000] {dag.py:4180} INFO - Setting next_dagrun for tutorial_dag to None, run_after=None
[2025-01-29T15:16:16.887+0000] {processor.py:208} INFO - Processing /home/airflow/.local/lib/python3.10/site-packages/airflow/example_dags/tutorial_dag.py took 0.060 seconds
[2025-01-29T15:16:47.019+0000] {processor.py:186} INFO - Started process (PID=2931) to work on /home/airflow/.local/lib/python3.10/site-packages/airflow/example_dags/tutorial_dag.py
[2025-01-29T15:16:47.020+0000] {processor.py:914} INFO - Processing file /home/airflow/.local/lib/python3.10/site-packages/airflow/example_dags/tutorial_dag.py for tasks to queue
[2025-01-29T15:16:47.022+0000] {logging_mixin.py:190} INFO - [2025-01-29T15:16:47.022+0000] {dagbag.py:588} INFO - Filling up the DagBag from /home/airflow/.local/lib/python3.10/site-packages/airflow/example_dags/tutorial_dag.py
[2025-01-29T15:16:47.028+0000] {processor.py:925} INFO - DAG(s) 'tutorial_dag' retrieved from /home/airflow/.local/lib/python3.10/site-packages/airflow/example_dags/tutorial_dag.py
[2025-01-29T15:16:47.045+0000] {logging_mixin.py:190} INFO - [2025-01-29T15:16:47.045+0000] {dag.py:3239} INFO - Sync 1 DAGs
[2025-01-29T15:16:47.059+0000] {logging_mixin.py:190} INFO - [2025-01-29T15:16:47.058+0000] {dag.py:4180} INFO - Setting next_dagrun for tutorial_dag to None, run_after=None
[2025-01-29T15:16:47.073+0000] {processor.py:208} INFO - Processing /home/airflow/.local/lib/python3.10/site-packages/airflow/example_dags/tutorial_dag.py took 0.060 seconds
[2025-01-29T15:17:17.301+0000] {processor.py:186} INFO - Started process (PID=2997) to work on /home/airflow/.local/lib/python3.10/site-packages/airflow/example_dags/tutorial_dag.py
[2025-01-29T15:17:17.302+0000] {processor.py:914} INFO - Processing file /home/airflow/.local/lib/python3.10/site-packages/airflow/example_dags/tutorial_dag.py for tasks to queue
[2025-01-29T15:17:17.305+0000] {logging_mixin.py:190} INFO - [2025-01-29T15:17:17.305+0000] {dagbag.py:588} INFO - Filling up the DagBag from /home/airflow/.local/lib/python3.10/site-packages/airflow/example_dags/tutorial_dag.py
[2025-01-29T15:17:17.311+0000] {processor.py:925} INFO - DAG(s) 'tutorial_dag' retrieved from /home/airflow/.local/lib/python3.10/site-packages/airflow/example_dags/tutorial_dag.py
[2025-01-29T15:17:17.329+0000] {logging_mixin.py:190} INFO - [2025-01-29T15:17:17.328+0000] {dag.py:3239} INFO - Sync 1 DAGs
[2025-01-29T15:17:17.344+0000] {logging_mixin.py:190} INFO - [2025-01-29T15:17:17.343+0000] {dag.py:4180} INFO - Setting next_dagrun for tutorial_dag to None, run_after=None
[2025-01-29T15:17:17.359+0000] {processor.py:208} INFO - Processing /home/airflow/.local/lib/python3.10/site-packages/airflow/example_dags/tutorial_dag.py took 0.063 seconds
[2025-01-29T15:17:47.515+0000] {processor.py:186} INFO - Started process (PID=3063) to work on /home/airflow/.local/lib/python3.10/site-packages/airflow/example_dags/tutorial_dag.py
[2025-01-29T15:17:47.516+0000] {processor.py:914} INFO - Processing file /home/airflow/.local/lib/python3.10/site-packages/airflow/example_dags/tutorial_dag.py for tasks to queue
[2025-01-29T15:17:47.519+0000] {logging_mixin.py:190} INFO - [2025-01-29T15:17:47.518+0000] {dagbag.py:588} INFO - Filling up the DagBag from /home/airflow/.local/lib/python3.10/site-packages/airflow/example_dags/tutorial_dag.py
[2025-01-29T15:17:47.525+0000] {processor.py:925} INFO - DAG(s) 'tutorial_dag' retrieved from /home/airflow/.local/lib/python3.10/site-packages/airflow/example_dags/tutorial_dag.py
[2025-01-29T15:17:47.542+0000] {logging_mixin.py:190} INFO - [2025-01-29T15:17:47.542+0000] {dag.py:3239} INFO - Sync 1 DAGs
[2025-01-29T15:17:47.556+0000] {logging_mixin.py:190} INFO - [2025-01-29T15:17:47.556+0000] {dag.py:4180} INFO - Setting next_dagrun for tutorial_dag to None, run_after=None
[2025-01-29T15:17:47.573+0000] {processor.py:208} INFO - Processing /home/airflow/.local/lib/python3.10/site-packages/airflow/example_dags/tutorial_dag.py took 0.063 seconds
[2025-01-29T15:18:17.791+0000] {processor.py:186} INFO - Started process (PID=3129) to work on /home/airflow/.local/lib/python3.10/site-packages/airflow/example_dags/tutorial_dag.py
[2025-01-29T15:18:17.792+0000] {processor.py:914} INFO - Processing file /home/airflow/.local/lib/python3.10/site-packages/airflow/example_dags/tutorial_dag.py for tasks to queue
[2025-01-29T15:18:17.795+0000] {logging_mixin.py:190} INFO - [2025-01-29T15:18:17.795+0000] {dagbag.py:588} INFO - Filling up the DagBag from /home/airflow/.local/lib/python3.10/site-packages/airflow/example_dags/tutorial_dag.py
[2025-01-29T15:18:17.802+0000] {processor.py:925} INFO - DAG(s) 'tutorial_dag' retrieved from /home/airflow/.local/lib/python3.10/site-packages/airflow/example_dags/tutorial_dag.py
[2025-01-29T15:18:17.819+0000] {logging_mixin.py:190} INFO - [2025-01-29T15:18:17.819+0000] {dag.py:3239} INFO - Sync 1 DAGs
[2025-01-29T15:18:17.833+0000] {logging_mixin.py:190} INFO - [2025-01-29T15:18:17.832+0000] {dag.py:4180} INFO - Setting next_dagrun for tutorial_dag to None, run_after=None
[2025-01-29T15:18:17.851+0000] {processor.py:208} INFO - Processing /home/airflow/.local/lib/python3.10/site-packages/airflow/example_dags/tutorial_dag.py took 0.065 seconds
