[2025-01-29T14:54:56.712+0000] {processor.py:186} INFO - Started process (PID=81) to work on /home/airflow/.local/lib/python3.10/site-packages/airflow/example_dags/tutorial_taskflow_api.py
[2025-01-29T14:54:56.714+0000] {processor.py:914} INFO - Processing file /home/airflow/.local/lib/python3.10/site-packages/airflow/example_dags/tutorial_taskflow_api.py for tasks to queue
[2025-01-29T14:54:56.719+0000] {logging_mixin.py:190} INFO - [2025-01-29T14:54:56.719+0000] {dagbag.py:588} INFO - Filling up the DagBag from /home/airflow/.local/lib/python3.10/site-packages/airflow/example_dags/tutorial_taskflow_api.py
[2025-01-29T14:54:56.733+0000] {processor.py:925} INFO - DAG(s) 'tutorial_taskflow_api' retrieved from /home/airflow/.local/lib/python3.10/site-packages/airflow/example_dags/tutorial_taskflow_api.py
[2025-01-29T14:54:56.759+0000] {logging_mixin.py:190} INFO - [2025-01-29T14:54:56.758+0000] {dag.py:3239} INFO - Sync 1 DAGs
[2025-01-29T14:54:56.774+0000] {logging_mixin.py:190} INFO - [2025-01-29T14:54:56.773+0000] {dag.py:4180} INFO - Setting next_dagrun for tutorial_taskflow_api to None, run_after=None
[2025-01-29T14:54:56.792+0000] {processor.py:208} INFO - Processing /home/airflow/.local/lib/python3.10/site-packages/airflow/example_dags/tutorial_taskflow_api.py took 0.087 seconds
[2025-01-29T14:55:27.249+0000] {processor.py:186} INFO - Started process (PID=147) to work on /home/airflow/.local/lib/python3.10/site-packages/airflow/example_dags/tutorial_taskflow_api.py
[2025-01-29T14:55:27.250+0000] {processor.py:914} INFO - Processing file /home/airflow/.local/lib/python3.10/site-packages/airflow/example_dags/tutorial_taskflow_api.py for tasks to queue
[2025-01-29T14:55:27.252+0000] {logging_mixin.py:190} INFO - [2025-01-29T14:55:27.252+0000] {dagbag.py:588} INFO - Filling up the DagBag from /home/airflow/.local/lib/python3.10/site-packages/airflow/example_dags/tutorial_taskflow_api.py
[2025-01-29T14:55:27.259+0000] {processor.py:925} INFO - DAG(s) 'tutorial_taskflow_api' retrieved from /home/airflow/.local/lib/python3.10/site-packages/airflow/example_dags/tutorial_taskflow_api.py
[2025-01-29T14:55:27.275+0000] {logging_mixin.py:190} INFO - [2025-01-29T14:55:27.275+0000] {dag.py:3239} INFO - Sync 1 DAGs
[2025-01-29T14:55:27.288+0000] {logging_mixin.py:190} INFO - [2025-01-29T14:55:27.288+0000] {dag.py:4180} INFO - Setting next_dagrun for tutorial_taskflow_api to None, run_after=None
[2025-01-29T14:55:27.303+0000] {processor.py:208} INFO - Processing /home/airflow/.local/lib/python3.10/site-packages/airflow/example_dags/tutorial_taskflow_api.py took 0.059 seconds
[2025-01-29T14:55:57.805+0000] {processor.py:186} INFO - Started process (PID=213) to work on /home/airflow/.local/lib/python3.10/site-packages/airflow/example_dags/tutorial_taskflow_api.py
[2025-01-29T14:55:57.806+0000] {processor.py:914} INFO - Processing file /home/airflow/.local/lib/python3.10/site-packages/airflow/example_dags/tutorial_taskflow_api.py for tasks to queue
[2025-01-29T14:55:57.808+0000] {logging_mixin.py:190} INFO - [2025-01-29T14:55:57.808+0000] {dagbag.py:588} INFO - Filling up the DagBag from /home/airflow/.local/lib/python3.10/site-packages/airflow/example_dags/tutorial_taskflow_api.py
[2025-01-29T14:55:57.815+0000] {processor.py:925} INFO - DAG(s) 'tutorial_taskflow_api' retrieved from /home/airflow/.local/lib/python3.10/site-packages/airflow/example_dags/tutorial_taskflow_api.py
[2025-01-29T14:55:57.833+0000] {logging_mixin.py:190} INFO - [2025-01-29T14:55:57.833+0000] {dag.py:3239} INFO - Sync 1 DAGs
[2025-01-29T14:55:57.846+0000] {logging_mixin.py:190} INFO - [2025-01-29T14:55:57.846+0000] {dag.py:4180} INFO - Setting next_dagrun for tutorial_taskflow_api to None, run_after=None
[2025-01-29T14:55:57.867+0000] {processor.py:208} INFO - Processing /home/airflow/.local/lib/python3.10/site-packages/airflow/example_dags/tutorial_taskflow_api.py took 0.068 seconds
[2025-01-29T14:56:28.014+0000] {processor.py:186} INFO - Started process (PID=279) to work on /home/airflow/.local/lib/python3.10/site-packages/airflow/example_dags/tutorial_taskflow_api.py
[2025-01-29T14:56:28.015+0000] {processor.py:914} INFO - Processing file /home/airflow/.local/lib/python3.10/site-packages/airflow/example_dags/tutorial_taskflow_api.py for tasks to queue
[2025-01-29T14:56:28.017+0000] {logging_mixin.py:190} INFO - [2025-01-29T14:56:28.017+0000] {dagbag.py:588} INFO - Filling up the DagBag from /home/airflow/.local/lib/python3.10/site-packages/airflow/example_dags/tutorial_taskflow_api.py
[2025-01-29T14:56:28.025+0000] {processor.py:925} INFO - DAG(s) 'tutorial_taskflow_api' retrieved from /home/airflow/.local/lib/python3.10/site-packages/airflow/example_dags/tutorial_taskflow_api.py
[2025-01-29T14:56:28.043+0000] {logging_mixin.py:190} INFO - [2025-01-29T14:56:28.042+0000] {dag.py:3239} INFO - Sync 1 DAGs
[2025-01-29T14:56:28.056+0000] {logging_mixin.py:190} INFO - [2025-01-29T14:56:28.056+0000] {dag.py:4180} INFO - Setting next_dagrun for tutorial_taskflow_api to None, run_after=None
[2025-01-29T14:56:28.074+0000] {processor.py:208} INFO - Processing /home/airflow/.local/lib/python3.10/site-packages/airflow/example_dags/tutorial_taskflow_api.py took 0.066 seconds
[2025-01-29T14:56:58.330+0000] {processor.py:186} INFO - Started process (PID=345) to work on /home/airflow/.local/lib/python3.10/site-packages/airflow/example_dags/tutorial_taskflow_api.py
[2025-01-29T14:56:58.331+0000] {processor.py:914} INFO - Processing file /home/airflow/.local/lib/python3.10/site-packages/airflow/example_dags/tutorial_taskflow_api.py for tasks to queue
[2025-01-29T14:56:58.334+0000] {logging_mixin.py:190} INFO - [2025-01-29T14:56:58.334+0000] {dagbag.py:588} INFO - Filling up the DagBag from /home/airflow/.local/lib/python3.10/site-packages/airflow/example_dags/tutorial_taskflow_api.py
[2025-01-29T14:56:58.341+0000] {processor.py:925} INFO - DAG(s) 'tutorial_taskflow_api' retrieved from /home/airflow/.local/lib/python3.10/site-packages/airflow/example_dags/tutorial_taskflow_api.py
[2025-01-29T14:56:58.359+0000] {logging_mixin.py:190} INFO - [2025-01-29T14:56:58.359+0000] {dag.py:3239} INFO - Sync 1 DAGs
[2025-01-29T14:56:58.371+0000] {logging_mixin.py:190} INFO - [2025-01-29T14:56:58.371+0000] {dag.py:4180} INFO - Setting next_dagrun for tutorial_taskflow_api to None, run_after=None
[2025-01-29T14:56:58.387+0000] {processor.py:208} INFO - Processing /home/airflow/.local/lib/python3.10/site-packages/airflow/example_dags/tutorial_taskflow_api.py took 0.062 seconds
[2025-01-29T14:57:28.797+0000] {processor.py:186} INFO - Started process (PID=411) to work on /home/airflow/.local/lib/python3.10/site-packages/airflow/example_dags/tutorial_taskflow_api.py
[2025-01-29T14:57:28.798+0000] {processor.py:914} INFO - Processing file /home/airflow/.local/lib/python3.10/site-packages/airflow/example_dags/tutorial_taskflow_api.py for tasks to queue
[2025-01-29T14:57:28.801+0000] {logging_mixin.py:190} INFO - [2025-01-29T14:57:28.800+0000] {dagbag.py:588} INFO - Filling up the DagBag from /home/airflow/.local/lib/python3.10/site-packages/airflow/example_dags/tutorial_taskflow_api.py
[2025-01-29T14:57:28.807+0000] {processor.py:925} INFO - DAG(s) 'tutorial_taskflow_api' retrieved from /home/airflow/.local/lib/python3.10/site-packages/airflow/example_dags/tutorial_taskflow_api.py
[2025-01-29T14:57:28.824+0000] {logging_mixin.py:190} INFO - [2025-01-29T14:57:28.824+0000] {dag.py:3239} INFO - Sync 1 DAGs
[2025-01-29T14:57:28.836+0000] {logging_mixin.py:190} INFO - [2025-01-29T14:57:28.836+0000] {dag.py:4180} INFO - Setting next_dagrun for tutorial_taskflow_api to None, run_after=None
[2025-01-29T14:57:28.852+0000] {processor.py:208} INFO - Processing /home/airflow/.local/lib/python3.10/site-packages/airflow/example_dags/tutorial_taskflow_api.py took 0.060 seconds
[2025-01-29T14:57:59.164+0000] {processor.py:186} INFO - Started process (PID=477) to work on /home/airflow/.local/lib/python3.10/site-packages/airflow/example_dags/tutorial_taskflow_api.py
[2025-01-29T14:57:59.165+0000] {processor.py:914} INFO - Processing file /home/airflow/.local/lib/python3.10/site-packages/airflow/example_dags/tutorial_taskflow_api.py for tasks to queue
[2025-01-29T14:57:59.167+0000] {logging_mixin.py:190} INFO - [2025-01-29T14:57:59.167+0000] {dagbag.py:588} INFO - Filling up the DagBag from /home/airflow/.local/lib/python3.10/site-packages/airflow/example_dags/tutorial_taskflow_api.py
[2025-01-29T14:57:59.175+0000] {processor.py:925} INFO - DAG(s) 'tutorial_taskflow_api' retrieved from /home/airflow/.local/lib/python3.10/site-packages/airflow/example_dags/tutorial_taskflow_api.py
[2025-01-29T14:57:59.195+0000] {logging_mixin.py:190} INFO - [2025-01-29T14:57:59.195+0000] {dag.py:3239} INFO - Sync 1 DAGs
[2025-01-29T14:57:59.212+0000] {logging_mixin.py:190} INFO - [2025-01-29T14:57:59.212+0000] {dag.py:4180} INFO - Setting next_dagrun for tutorial_taskflow_api to None, run_after=None
[2025-01-29T14:57:59.233+0000] {processor.py:208} INFO - Processing /home/airflow/.local/lib/python3.10/site-packages/airflow/example_dags/tutorial_taskflow_api.py took 0.076 seconds
[2025-01-29T14:58:29.492+0000] {processor.py:186} INFO - Started process (PID=543) to work on /home/airflow/.local/lib/python3.10/site-packages/airflow/example_dags/tutorial_taskflow_api.py
[2025-01-29T14:58:29.493+0000] {processor.py:914} INFO - Processing file /home/airflow/.local/lib/python3.10/site-packages/airflow/example_dags/tutorial_taskflow_api.py for tasks to queue
[2025-01-29T14:58:29.496+0000] {logging_mixin.py:190} INFO - [2025-01-29T14:58:29.496+0000] {dagbag.py:588} INFO - Filling up the DagBag from /home/airflow/.local/lib/python3.10/site-packages/airflow/example_dags/tutorial_taskflow_api.py
[2025-01-29T14:58:29.503+0000] {processor.py:925} INFO - DAG(s) 'tutorial_taskflow_api' retrieved from /home/airflow/.local/lib/python3.10/site-packages/airflow/example_dags/tutorial_taskflow_api.py
[2025-01-29T14:58:29.520+0000] {logging_mixin.py:190} INFO - [2025-01-29T14:58:29.520+0000] {dag.py:3239} INFO - Sync 1 DAGs
[2025-01-29T14:58:29.534+0000] {logging_mixin.py:190} INFO - [2025-01-29T14:58:29.534+0000] {dag.py:4180} INFO - Setting next_dagrun for tutorial_taskflow_api to None, run_after=None
[2025-01-29T14:58:29.550+0000] {processor.py:208} INFO - Processing /home/airflow/.local/lib/python3.10/site-packages/airflow/example_dags/tutorial_taskflow_api.py took 0.064 seconds
[2025-01-29T14:58:59.973+0000] {processor.py:186} INFO - Started process (PID=609) to work on /home/airflow/.local/lib/python3.10/site-packages/airflow/example_dags/tutorial_taskflow_api.py
[2025-01-29T14:58:59.974+0000] {processor.py:914} INFO - Processing file /home/airflow/.local/lib/python3.10/site-packages/airflow/example_dags/tutorial_taskflow_api.py for tasks to queue
[2025-01-29T14:58:59.977+0000] {logging_mixin.py:190} INFO - [2025-01-29T14:58:59.977+0000] {dagbag.py:588} INFO - Filling up the DagBag from /home/airflow/.local/lib/python3.10/site-packages/airflow/example_dags/tutorial_taskflow_api.py
[2025-01-29T14:58:59.985+0000] {processor.py:925} INFO - DAG(s) 'tutorial_taskflow_api' retrieved from /home/airflow/.local/lib/python3.10/site-packages/airflow/example_dags/tutorial_taskflow_api.py
[2025-01-29T14:59:00.002+0000] {logging_mixin.py:190} INFO - [2025-01-29T14:59:00.002+0000] {dag.py:3239} INFO - Sync 1 DAGs
[2025-01-29T14:59:00.015+0000] {logging_mixin.py:190} INFO - [2025-01-29T14:59:00.014+0000] {dag.py:4180} INFO - Setting next_dagrun for tutorial_taskflow_api to None, run_after=None
[2025-01-29T14:59:00.032+0000] {processor.py:208} INFO - Processing /home/airflow/.local/lib/python3.10/site-packages/airflow/example_dags/tutorial_taskflow_api.py took 0.064 seconds
[2025-01-29T14:59:30.139+0000] {processor.py:186} INFO - Started process (PID=675) to work on /home/airflow/.local/lib/python3.10/site-packages/airflow/example_dags/tutorial_taskflow_api.py
[2025-01-29T14:59:30.140+0000] {processor.py:914} INFO - Processing file /home/airflow/.local/lib/python3.10/site-packages/airflow/example_dags/tutorial_taskflow_api.py for tasks to queue
[2025-01-29T14:59:30.142+0000] {logging_mixin.py:190} INFO - [2025-01-29T14:59:30.142+0000] {dagbag.py:588} INFO - Filling up the DagBag from /home/airflow/.local/lib/python3.10/site-packages/airflow/example_dags/tutorial_taskflow_api.py
[2025-01-29T14:59:30.149+0000] {processor.py:925} INFO - DAG(s) 'tutorial_taskflow_api' retrieved from /home/airflow/.local/lib/python3.10/site-packages/airflow/example_dags/tutorial_taskflow_api.py
[2025-01-29T14:59:30.167+0000] {logging_mixin.py:190} INFO - [2025-01-29T14:59:30.166+0000] {dag.py:3239} INFO - Sync 1 DAGs
[2025-01-29T14:59:30.180+0000] {logging_mixin.py:190} INFO - [2025-01-29T14:59:30.180+0000] {dag.py:4180} INFO - Setting next_dagrun for tutorial_taskflow_api to None, run_after=None
[2025-01-29T14:59:30.197+0000] {processor.py:208} INFO - Processing /home/airflow/.local/lib/python3.10/site-packages/airflow/example_dags/tutorial_taskflow_api.py took 0.064 seconds
[2025-01-29T15:00:00.497+0000] {processor.py:186} INFO - Started process (PID=741) to work on /home/airflow/.local/lib/python3.10/site-packages/airflow/example_dags/tutorial_taskflow_api.py
[2025-01-29T15:00:00.498+0000] {processor.py:914} INFO - Processing file /home/airflow/.local/lib/python3.10/site-packages/airflow/example_dags/tutorial_taskflow_api.py for tasks to queue
[2025-01-29T15:00:00.500+0000] {logging_mixin.py:190} INFO - [2025-01-29T15:00:00.500+0000] {dagbag.py:588} INFO - Filling up the DagBag from /home/airflow/.local/lib/python3.10/site-packages/airflow/example_dags/tutorial_taskflow_api.py
[2025-01-29T15:00:00.508+0000] {processor.py:925} INFO - DAG(s) 'tutorial_taskflow_api' retrieved from /home/airflow/.local/lib/python3.10/site-packages/airflow/example_dags/tutorial_taskflow_api.py
[2025-01-29T15:00:00.526+0000] {logging_mixin.py:190} INFO - [2025-01-29T15:00:00.526+0000] {dag.py:3239} INFO - Sync 1 DAGs
[2025-01-29T15:00:00.540+0000] {logging_mixin.py:190} INFO - [2025-01-29T15:00:00.540+0000] {dag.py:4180} INFO - Setting next_dagrun for tutorial_taskflow_api to None, run_after=None
[2025-01-29T15:00:00.557+0000] {processor.py:208} INFO - Processing /home/airflow/.local/lib/python3.10/site-packages/airflow/example_dags/tutorial_taskflow_api.py took 0.067 seconds
[2025-01-29T15:00:30.641+0000] {processor.py:186} INFO - Started process (PID=807) to work on /home/airflow/.local/lib/python3.10/site-packages/airflow/example_dags/tutorial_taskflow_api.py
[2025-01-29T15:00:30.642+0000] {processor.py:914} INFO - Processing file /home/airflow/.local/lib/python3.10/site-packages/airflow/example_dags/tutorial_taskflow_api.py for tasks to queue
[2025-01-29T15:00:30.644+0000] {logging_mixin.py:190} INFO - [2025-01-29T15:00:30.644+0000] {dagbag.py:588} INFO - Filling up the DagBag from /home/airflow/.local/lib/python3.10/site-packages/airflow/example_dags/tutorial_taskflow_api.py
[2025-01-29T15:00:30.651+0000] {processor.py:925} INFO - DAG(s) 'tutorial_taskflow_api' retrieved from /home/airflow/.local/lib/python3.10/site-packages/airflow/example_dags/tutorial_taskflow_api.py
[2025-01-29T15:00:30.667+0000] {logging_mixin.py:190} INFO - [2025-01-29T15:00:30.667+0000] {dag.py:3239} INFO - Sync 1 DAGs
[2025-01-29T15:00:30.680+0000] {logging_mixin.py:190} INFO - [2025-01-29T15:00:30.680+0000] {dag.py:4180} INFO - Setting next_dagrun for tutorial_taskflow_api to None, run_after=None
[2025-01-29T15:00:30.694+0000] {processor.py:208} INFO - Processing /home/airflow/.local/lib/python3.10/site-packages/airflow/example_dags/tutorial_taskflow_api.py took 0.058 seconds
[2025-01-29T15:01:00.763+0000] {processor.py:186} INFO - Started process (PID=873) to work on /home/airflow/.local/lib/python3.10/site-packages/airflow/example_dags/tutorial_taskflow_api.py
[2025-01-29T15:01:00.764+0000] {processor.py:914} INFO - Processing file /home/airflow/.local/lib/python3.10/site-packages/airflow/example_dags/tutorial_taskflow_api.py for tasks to queue
[2025-01-29T15:01:00.766+0000] {logging_mixin.py:190} INFO - [2025-01-29T15:01:00.766+0000] {dagbag.py:588} INFO - Filling up the DagBag from /home/airflow/.local/lib/python3.10/site-packages/airflow/example_dags/tutorial_taskflow_api.py
[2025-01-29T15:01:00.773+0000] {processor.py:925} INFO - DAG(s) 'tutorial_taskflow_api' retrieved from /home/airflow/.local/lib/python3.10/site-packages/airflow/example_dags/tutorial_taskflow_api.py
[2025-01-29T15:01:00.789+0000] {logging_mixin.py:190} INFO - [2025-01-29T15:01:00.789+0000] {dag.py:3239} INFO - Sync 1 DAGs
[2025-01-29T15:01:00.801+0000] {logging_mixin.py:190} INFO - [2025-01-29T15:01:00.801+0000] {dag.py:4180} INFO - Setting next_dagrun for tutorial_taskflow_api to None, run_after=None
[2025-01-29T15:01:00.816+0000] {processor.py:208} INFO - Processing /home/airflow/.local/lib/python3.10/site-packages/airflow/example_dags/tutorial_taskflow_api.py took 0.057 seconds
[2025-01-29T15:01:30.929+0000] {processor.py:186} INFO - Started process (PID=939) to work on /home/airflow/.local/lib/python3.10/site-packages/airflow/example_dags/tutorial_taskflow_api.py
[2025-01-29T15:01:30.930+0000] {processor.py:914} INFO - Processing file /home/airflow/.local/lib/python3.10/site-packages/airflow/example_dags/tutorial_taskflow_api.py for tasks to queue
[2025-01-29T15:01:30.932+0000] {logging_mixin.py:190} INFO - [2025-01-29T15:01:30.932+0000] {dagbag.py:588} INFO - Filling up the DagBag from /home/airflow/.local/lib/python3.10/site-packages/airflow/example_dags/tutorial_taskflow_api.py
[2025-01-29T15:01:30.939+0000] {processor.py:925} INFO - DAG(s) 'tutorial_taskflow_api' retrieved from /home/airflow/.local/lib/python3.10/site-packages/airflow/example_dags/tutorial_taskflow_api.py
[2025-01-29T15:01:30.955+0000] {logging_mixin.py:190} INFO - [2025-01-29T15:01:30.955+0000] {dag.py:3239} INFO - Sync 1 DAGs
[2025-01-29T15:01:30.968+0000] {logging_mixin.py:190} INFO - [2025-01-29T15:01:30.968+0000] {dag.py:4180} INFO - Setting next_dagrun for tutorial_taskflow_api to None, run_after=None
[2025-01-29T15:01:30.983+0000] {processor.py:208} INFO - Processing /home/airflow/.local/lib/python3.10/site-packages/airflow/example_dags/tutorial_taskflow_api.py took 0.059 seconds
[2025-01-29T15:02:01.271+0000] {processor.py:186} INFO - Started process (PID=1005) to work on /home/airflow/.local/lib/python3.10/site-packages/airflow/example_dags/tutorial_taskflow_api.py
[2025-01-29T15:02:01.272+0000] {processor.py:914} INFO - Processing file /home/airflow/.local/lib/python3.10/site-packages/airflow/example_dags/tutorial_taskflow_api.py for tasks to queue
[2025-01-29T15:02:01.274+0000] {logging_mixin.py:190} INFO - [2025-01-29T15:02:01.274+0000] {dagbag.py:588} INFO - Filling up the DagBag from /home/airflow/.local/lib/python3.10/site-packages/airflow/example_dags/tutorial_taskflow_api.py
[2025-01-29T15:02:01.281+0000] {processor.py:925} INFO - DAG(s) 'tutorial_taskflow_api' retrieved from /home/airflow/.local/lib/python3.10/site-packages/airflow/example_dags/tutorial_taskflow_api.py
[2025-01-29T15:02:01.300+0000] {logging_mixin.py:190} INFO - [2025-01-29T15:02:01.300+0000] {dag.py:3239} INFO - Sync 1 DAGs
[2025-01-29T15:02:01.313+0000] {logging_mixin.py:190} INFO - [2025-01-29T15:02:01.313+0000] {dag.py:4180} INFO - Setting next_dagrun for tutorial_taskflow_api to None, run_after=None
[2025-01-29T15:02:01.329+0000] {processor.py:208} INFO - Processing /home/airflow/.local/lib/python3.10/site-packages/airflow/example_dags/tutorial_taskflow_api.py took 0.063 seconds
[2025-01-29T15:02:31.482+0000] {processor.py:186} INFO - Started process (PID=1071) to work on /home/airflow/.local/lib/python3.10/site-packages/airflow/example_dags/tutorial_taskflow_api.py
[2025-01-29T15:02:31.482+0000] {processor.py:914} INFO - Processing file /home/airflow/.local/lib/python3.10/site-packages/airflow/example_dags/tutorial_taskflow_api.py for tasks to queue
[2025-01-29T15:02:31.484+0000] {logging_mixin.py:190} INFO - [2025-01-29T15:02:31.484+0000] {dagbag.py:588} INFO - Filling up the DagBag from /home/airflow/.local/lib/python3.10/site-packages/airflow/example_dags/tutorial_taskflow_api.py
[2025-01-29T15:02:31.491+0000] {processor.py:925} INFO - DAG(s) 'tutorial_taskflow_api' retrieved from /home/airflow/.local/lib/python3.10/site-packages/airflow/example_dags/tutorial_taskflow_api.py
[2025-01-29T15:02:31.508+0000] {logging_mixin.py:190} INFO - [2025-01-29T15:02:31.508+0000] {dag.py:3239} INFO - Sync 1 DAGs
[2025-01-29T15:02:31.521+0000] {logging_mixin.py:190} INFO - [2025-01-29T15:02:31.521+0000] {dag.py:4180} INFO - Setting next_dagrun for tutorial_taskflow_api to None, run_after=None
[2025-01-29T15:02:31.535+0000] {processor.py:208} INFO - Processing /home/airflow/.local/lib/python3.10/site-packages/airflow/example_dags/tutorial_taskflow_api.py took 0.058 seconds
[2025-01-29T15:03:01.688+0000] {processor.py:186} INFO - Started process (PID=1137) to work on /home/airflow/.local/lib/python3.10/site-packages/airflow/example_dags/tutorial_taskflow_api.py
[2025-01-29T15:03:01.688+0000] {processor.py:914} INFO - Processing file /home/airflow/.local/lib/python3.10/site-packages/airflow/example_dags/tutorial_taskflow_api.py for tasks to queue
[2025-01-29T15:03:01.691+0000] {logging_mixin.py:190} INFO - [2025-01-29T15:03:01.691+0000] {dagbag.py:588} INFO - Filling up the DagBag from /home/airflow/.local/lib/python3.10/site-packages/airflow/example_dags/tutorial_taskflow_api.py
[2025-01-29T15:03:01.698+0000] {processor.py:925} INFO - DAG(s) 'tutorial_taskflow_api' retrieved from /home/airflow/.local/lib/python3.10/site-packages/airflow/example_dags/tutorial_taskflow_api.py
[2025-01-29T15:03:01.714+0000] {logging_mixin.py:190} INFO - [2025-01-29T15:03:01.714+0000] {dag.py:3239} INFO - Sync 1 DAGs
[2025-01-29T15:03:01.727+0000] {logging_mixin.py:190} INFO - [2025-01-29T15:03:01.726+0000] {dag.py:4180} INFO - Setting next_dagrun for tutorial_taskflow_api to None, run_after=None
[2025-01-29T15:03:01.741+0000] {processor.py:208} INFO - Processing /home/airflow/.local/lib/python3.10/site-packages/airflow/example_dags/tutorial_taskflow_api.py took 0.059 seconds
[2025-01-29T15:03:32.081+0000] {processor.py:186} INFO - Started process (PID=1203) to work on /home/airflow/.local/lib/python3.10/site-packages/airflow/example_dags/tutorial_taskflow_api.py
[2025-01-29T15:03:32.082+0000] {processor.py:914} INFO - Processing file /home/airflow/.local/lib/python3.10/site-packages/airflow/example_dags/tutorial_taskflow_api.py for tasks to queue
[2025-01-29T15:03:32.084+0000] {logging_mixin.py:190} INFO - [2025-01-29T15:03:32.084+0000] {dagbag.py:588} INFO - Filling up the DagBag from /home/airflow/.local/lib/python3.10/site-packages/airflow/example_dags/tutorial_taskflow_api.py
[2025-01-29T15:03:32.091+0000] {processor.py:925} INFO - DAG(s) 'tutorial_taskflow_api' retrieved from /home/airflow/.local/lib/python3.10/site-packages/airflow/example_dags/tutorial_taskflow_api.py
[2025-01-29T15:03:32.107+0000] {logging_mixin.py:190} INFO - [2025-01-29T15:03:32.107+0000] {dag.py:3239} INFO - Sync 1 DAGs
[2025-01-29T15:03:32.120+0000] {logging_mixin.py:190} INFO - [2025-01-29T15:03:32.119+0000] {dag.py:4180} INFO - Setting next_dagrun for tutorial_taskflow_api to None, run_after=None
[2025-01-29T15:03:32.135+0000] {processor.py:208} INFO - Processing /home/airflow/.local/lib/python3.10/site-packages/airflow/example_dags/tutorial_taskflow_api.py took 0.059 seconds
[2025-01-29T15:04:02.221+0000] {processor.py:186} INFO - Started process (PID=1269) to work on /home/airflow/.local/lib/python3.10/site-packages/airflow/example_dags/tutorial_taskflow_api.py
[2025-01-29T15:04:02.222+0000] {processor.py:914} INFO - Processing file /home/airflow/.local/lib/python3.10/site-packages/airflow/example_dags/tutorial_taskflow_api.py for tasks to queue
[2025-01-29T15:04:02.224+0000] {logging_mixin.py:190} INFO - [2025-01-29T15:04:02.224+0000] {dagbag.py:588} INFO - Filling up the DagBag from /home/airflow/.local/lib/python3.10/site-packages/airflow/example_dags/tutorial_taskflow_api.py
[2025-01-29T15:04:02.231+0000] {processor.py:925} INFO - DAG(s) 'tutorial_taskflow_api' retrieved from /home/airflow/.local/lib/python3.10/site-packages/airflow/example_dags/tutorial_taskflow_api.py
[2025-01-29T15:04:02.246+0000] {logging_mixin.py:190} INFO - [2025-01-29T15:04:02.246+0000] {dag.py:3239} INFO - Sync 1 DAGs
[2025-01-29T15:04:02.259+0000] {logging_mixin.py:190} INFO - [2025-01-29T15:04:02.259+0000] {dag.py:4180} INFO - Setting next_dagrun for tutorial_taskflow_api to None, run_after=None
[2025-01-29T15:04:02.273+0000] {processor.py:208} INFO - Processing /home/airflow/.local/lib/python3.10/site-packages/airflow/example_dags/tutorial_taskflow_api.py took 0.057 seconds
[2025-01-29T15:04:32.654+0000] {processor.py:186} INFO - Started process (PID=1335) to work on /home/airflow/.local/lib/python3.10/site-packages/airflow/example_dags/tutorial_taskflow_api.py
[2025-01-29T15:04:32.654+0000] {processor.py:914} INFO - Processing file /home/airflow/.local/lib/python3.10/site-packages/airflow/example_dags/tutorial_taskflow_api.py for tasks to queue
[2025-01-29T15:04:32.656+0000] {logging_mixin.py:190} INFO - [2025-01-29T15:04:32.656+0000] {dagbag.py:588} INFO - Filling up the DagBag from /home/airflow/.local/lib/python3.10/site-packages/airflow/example_dags/tutorial_taskflow_api.py
[2025-01-29T15:04:32.663+0000] {processor.py:925} INFO - DAG(s) 'tutorial_taskflow_api' retrieved from /home/airflow/.local/lib/python3.10/site-packages/airflow/example_dags/tutorial_taskflow_api.py
[2025-01-29T15:04:32.680+0000] {logging_mixin.py:190} INFO - [2025-01-29T15:04:32.680+0000] {dag.py:3239} INFO - Sync 1 DAGs
[2025-01-29T15:04:32.692+0000] {logging_mixin.py:190} INFO - [2025-01-29T15:04:32.692+0000] {dag.py:4180} INFO - Setting next_dagrun for tutorial_taskflow_api to None, run_after=None
[2025-01-29T15:04:32.705+0000] {processor.py:208} INFO - Processing /home/airflow/.local/lib/python3.10/site-packages/airflow/example_dags/tutorial_taskflow_api.py took 0.057 seconds
[2025-01-29T15:05:03.100+0000] {processor.py:186} INFO - Started process (PID=1401) to work on /home/airflow/.local/lib/python3.10/site-packages/airflow/example_dags/tutorial_taskflow_api.py
[2025-01-29T15:05:03.100+0000] {processor.py:914} INFO - Processing file /home/airflow/.local/lib/python3.10/site-packages/airflow/example_dags/tutorial_taskflow_api.py for tasks to queue
[2025-01-29T15:05:03.103+0000] {logging_mixin.py:190} INFO - [2025-01-29T15:05:03.103+0000] {dagbag.py:588} INFO - Filling up the DagBag from /home/airflow/.local/lib/python3.10/site-packages/airflow/example_dags/tutorial_taskflow_api.py
[2025-01-29T15:05:03.110+0000] {processor.py:925} INFO - DAG(s) 'tutorial_taskflow_api' retrieved from /home/airflow/.local/lib/python3.10/site-packages/airflow/example_dags/tutorial_taskflow_api.py
[2025-01-29T15:05:03.126+0000] {logging_mixin.py:190} INFO - [2025-01-29T15:05:03.126+0000] {dag.py:3239} INFO - Sync 1 DAGs
[2025-01-29T15:05:03.138+0000] {logging_mixin.py:190} INFO - [2025-01-29T15:05:03.138+0000] {dag.py:4180} INFO - Setting next_dagrun for tutorial_taskflow_api to None, run_after=None
[2025-01-29T15:05:03.152+0000] {processor.py:208} INFO - Processing /home/airflow/.local/lib/python3.10/site-packages/airflow/example_dags/tutorial_taskflow_api.py took 0.057 seconds
[2025-01-29T15:05:33.338+0000] {processor.py:186} INFO - Started process (PID=1467) to work on /home/airflow/.local/lib/python3.10/site-packages/airflow/example_dags/tutorial_taskflow_api.py
[2025-01-29T15:05:33.339+0000] {processor.py:914} INFO - Processing file /home/airflow/.local/lib/python3.10/site-packages/airflow/example_dags/tutorial_taskflow_api.py for tasks to queue
[2025-01-29T15:05:33.341+0000] {logging_mixin.py:190} INFO - [2025-01-29T15:05:33.341+0000] {dagbag.py:588} INFO - Filling up the DagBag from /home/airflow/.local/lib/python3.10/site-packages/airflow/example_dags/tutorial_taskflow_api.py
[2025-01-29T15:05:33.348+0000] {processor.py:925} INFO - DAG(s) 'tutorial_taskflow_api' retrieved from /home/airflow/.local/lib/python3.10/site-packages/airflow/example_dags/tutorial_taskflow_api.py
[2025-01-29T15:05:33.365+0000] {logging_mixin.py:190} INFO - [2025-01-29T15:05:33.364+0000] {dag.py:3239} INFO - Sync 1 DAGs
[2025-01-29T15:05:33.377+0000] {logging_mixin.py:190} INFO - [2025-01-29T15:05:33.377+0000] {dag.py:4180} INFO - Setting next_dagrun for tutorial_taskflow_api to None, run_after=None
[2025-01-29T15:05:33.390+0000] {processor.py:208} INFO - Processing /home/airflow/.local/lib/python3.10/site-packages/airflow/example_dags/tutorial_taskflow_api.py took 0.057 seconds
[2025-01-29T15:06:03.629+0000] {processor.py:186} INFO - Started process (PID=1533) to work on /home/airflow/.local/lib/python3.10/site-packages/airflow/example_dags/tutorial_taskflow_api.py
[2025-01-29T15:06:03.630+0000] {processor.py:914} INFO - Processing file /home/airflow/.local/lib/python3.10/site-packages/airflow/example_dags/tutorial_taskflow_api.py for tasks to queue
[2025-01-29T15:06:03.632+0000] {logging_mixin.py:190} INFO - [2025-01-29T15:06:03.632+0000] {dagbag.py:588} INFO - Filling up the DagBag from /home/airflow/.local/lib/python3.10/site-packages/airflow/example_dags/tutorial_taskflow_api.py
[2025-01-29T15:06:03.639+0000] {processor.py:925} INFO - DAG(s) 'tutorial_taskflow_api' retrieved from /home/airflow/.local/lib/python3.10/site-packages/airflow/example_dags/tutorial_taskflow_api.py
[2025-01-29T15:06:03.657+0000] {logging_mixin.py:190} INFO - [2025-01-29T15:06:03.656+0000] {dag.py:3239} INFO - Sync 1 DAGs
[2025-01-29T15:06:03.669+0000] {logging_mixin.py:190} INFO - [2025-01-29T15:06:03.668+0000] {dag.py:4180} INFO - Setting next_dagrun for tutorial_taskflow_api to None, run_after=None
[2025-01-29T15:06:03.683+0000] {processor.py:208} INFO - Processing /home/airflow/.local/lib/python3.10/site-packages/airflow/example_dags/tutorial_taskflow_api.py took 0.058 seconds
[2025-01-29T15:06:33.858+0000] {processor.py:186} INFO - Started process (PID=1599) to work on /home/airflow/.local/lib/python3.10/site-packages/airflow/example_dags/tutorial_taskflow_api.py
[2025-01-29T15:06:33.859+0000] {processor.py:914} INFO - Processing file /home/airflow/.local/lib/python3.10/site-packages/airflow/example_dags/tutorial_taskflow_api.py for tasks to queue
[2025-01-29T15:06:33.861+0000] {logging_mixin.py:190} INFO - [2025-01-29T15:06:33.861+0000] {dagbag.py:588} INFO - Filling up the DagBag from /home/airflow/.local/lib/python3.10/site-packages/airflow/example_dags/tutorial_taskflow_api.py
[2025-01-29T15:06:33.868+0000] {processor.py:925} INFO - DAG(s) 'tutorial_taskflow_api' retrieved from /home/airflow/.local/lib/python3.10/site-packages/airflow/example_dags/tutorial_taskflow_api.py
[2025-01-29T15:06:33.884+0000] {logging_mixin.py:190} INFO - [2025-01-29T15:06:33.884+0000] {dag.py:3239} INFO - Sync 1 DAGs
[2025-01-29T15:06:33.896+0000] {logging_mixin.py:190} INFO - [2025-01-29T15:06:33.896+0000] {dag.py:4180} INFO - Setting next_dagrun for tutorial_taskflow_api to None, run_after=None
[2025-01-29T15:06:33.912+0000] {processor.py:208} INFO - Processing /home/airflow/.local/lib/python3.10/site-packages/airflow/example_dags/tutorial_taskflow_api.py took 0.059 seconds
[2025-01-29T15:07:04.191+0000] {processor.py:186} INFO - Started process (PID=1665) to work on /home/airflow/.local/lib/python3.10/site-packages/airflow/example_dags/tutorial_taskflow_api.py
[2025-01-29T15:07:04.192+0000] {processor.py:914} INFO - Processing file /home/airflow/.local/lib/python3.10/site-packages/airflow/example_dags/tutorial_taskflow_api.py for tasks to queue
[2025-01-29T15:07:04.194+0000] {logging_mixin.py:190} INFO - [2025-01-29T15:07:04.194+0000] {dagbag.py:588} INFO - Filling up the DagBag from /home/airflow/.local/lib/python3.10/site-packages/airflow/example_dags/tutorial_taskflow_api.py
[2025-01-29T15:07:04.200+0000] {processor.py:925} INFO - DAG(s) 'tutorial_taskflow_api' retrieved from /home/airflow/.local/lib/python3.10/site-packages/airflow/example_dags/tutorial_taskflow_api.py
[2025-01-29T15:07:04.217+0000] {logging_mixin.py:190} INFO - [2025-01-29T15:07:04.217+0000] {dag.py:3239} INFO - Sync 1 DAGs
[2025-01-29T15:07:04.229+0000] {logging_mixin.py:190} INFO - [2025-01-29T15:07:04.229+0000] {dag.py:4180} INFO - Setting next_dagrun for tutorial_taskflow_api to None, run_after=None
[2025-01-29T15:07:04.245+0000] {processor.py:208} INFO - Processing /home/airflow/.local/lib/python3.10/site-packages/airflow/example_dags/tutorial_taskflow_api.py took 0.059 seconds
[2025-01-29T15:07:34.460+0000] {processor.py:186} INFO - Started process (PID=1731) to work on /home/airflow/.local/lib/python3.10/site-packages/airflow/example_dags/tutorial_taskflow_api.py
[2025-01-29T15:07:34.461+0000] {processor.py:914} INFO - Processing file /home/airflow/.local/lib/python3.10/site-packages/airflow/example_dags/tutorial_taskflow_api.py for tasks to queue
[2025-01-29T15:07:34.463+0000] {logging_mixin.py:190} INFO - [2025-01-29T15:07:34.463+0000] {dagbag.py:588} INFO - Filling up the DagBag from /home/airflow/.local/lib/python3.10/site-packages/airflow/example_dags/tutorial_taskflow_api.py
[2025-01-29T15:07:34.470+0000] {processor.py:925} INFO - DAG(s) 'tutorial_taskflow_api' retrieved from /home/airflow/.local/lib/python3.10/site-packages/airflow/example_dags/tutorial_taskflow_api.py
[2025-01-29T15:07:34.487+0000] {logging_mixin.py:190} INFO - [2025-01-29T15:07:34.487+0000] {dag.py:3239} INFO - Sync 1 DAGs
[2025-01-29T15:07:34.500+0000] {logging_mixin.py:190} INFO - [2025-01-29T15:07:34.500+0000] {dag.py:4180} INFO - Setting next_dagrun for tutorial_taskflow_api to None, run_after=None
[2025-01-29T15:07:34.515+0000] {processor.py:208} INFO - Processing /home/airflow/.local/lib/python3.10/site-packages/airflow/example_dags/tutorial_taskflow_api.py took 0.060 seconds
[2025-01-29T15:08:05.329+0000] {processor.py:186} INFO - Started process (PID=1797) to work on /home/airflow/.local/lib/python3.10/site-packages/airflow/example_dags/tutorial_taskflow_api.py
[2025-01-29T15:08:05.330+0000] {processor.py:914} INFO - Processing file /home/airflow/.local/lib/python3.10/site-packages/airflow/example_dags/tutorial_taskflow_api.py for tasks to queue
[2025-01-29T15:08:05.332+0000] {logging_mixin.py:190} INFO - [2025-01-29T15:08:05.332+0000] {dagbag.py:588} INFO - Filling up the DagBag from /home/airflow/.local/lib/python3.10/site-packages/airflow/example_dags/tutorial_taskflow_api.py
[2025-01-29T15:08:05.339+0000] {processor.py:925} INFO - DAG(s) 'tutorial_taskflow_api' retrieved from /home/airflow/.local/lib/python3.10/site-packages/airflow/example_dags/tutorial_taskflow_api.py
[2025-01-29T15:08:05.357+0000] {logging_mixin.py:190} INFO - [2025-01-29T15:08:05.357+0000] {dag.py:3239} INFO - Sync 1 DAGs
[2025-01-29T15:08:05.370+0000] {logging_mixin.py:190} INFO - [2025-01-29T15:08:05.370+0000] {dag.py:4180} INFO - Setting next_dagrun for tutorial_taskflow_api to None, run_after=None
[2025-01-29T15:08:05.386+0000] {processor.py:208} INFO - Processing /home/airflow/.local/lib/python3.10/site-packages/airflow/example_dags/tutorial_taskflow_api.py took 0.062 seconds
[2025-01-29T15:08:36.262+0000] {processor.py:186} INFO - Started process (PID=1862) to work on /home/airflow/.local/lib/python3.10/site-packages/airflow/example_dags/tutorial_taskflow_api.py
[2025-01-29T15:08:36.263+0000] {processor.py:914} INFO - Processing file /home/airflow/.local/lib/python3.10/site-packages/airflow/example_dags/tutorial_taskflow_api.py for tasks to queue
[2025-01-29T15:08:36.265+0000] {logging_mixin.py:190} INFO - [2025-01-29T15:08:36.265+0000] {dagbag.py:588} INFO - Filling up the DagBag from /home/airflow/.local/lib/python3.10/site-packages/airflow/example_dags/tutorial_taskflow_api.py
[2025-01-29T15:08:36.273+0000] {processor.py:925} INFO - DAG(s) 'tutorial_taskflow_api' retrieved from /home/airflow/.local/lib/python3.10/site-packages/airflow/example_dags/tutorial_taskflow_api.py
[2025-01-29T15:08:36.289+0000] {logging_mixin.py:190} INFO - [2025-01-29T15:08:36.289+0000] {dag.py:3239} INFO - Sync 1 DAGs
[2025-01-29T15:08:36.301+0000] {logging_mixin.py:190} INFO - [2025-01-29T15:08:36.301+0000] {dag.py:4180} INFO - Setting next_dagrun for tutorial_taskflow_api to None, run_after=None
[2025-01-29T15:08:36.316+0000] {processor.py:208} INFO - Processing /home/airflow/.local/lib/python3.10/site-packages/airflow/example_dags/tutorial_taskflow_api.py took 0.059 seconds
[2025-01-29T15:09:06.379+0000] {processor.py:186} INFO - Started process (PID=1928) to work on /home/airflow/.local/lib/python3.10/site-packages/airflow/example_dags/tutorial_taskflow_api.py
[2025-01-29T15:09:06.380+0000] {processor.py:914} INFO - Processing file /home/airflow/.local/lib/python3.10/site-packages/airflow/example_dags/tutorial_taskflow_api.py for tasks to queue
[2025-01-29T15:09:06.382+0000] {logging_mixin.py:190} INFO - [2025-01-29T15:09:06.382+0000] {dagbag.py:588} INFO - Filling up the DagBag from /home/airflow/.local/lib/python3.10/site-packages/airflow/example_dags/tutorial_taskflow_api.py
[2025-01-29T15:09:06.389+0000] {processor.py:925} INFO - DAG(s) 'tutorial_taskflow_api' retrieved from /home/airflow/.local/lib/python3.10/site-packages/airflow/example_dags/tutorial_taskflow_api.py
[2025-01-29T15:09:06.406+0000] {logging_mixin.py:190} INFO - [2025-01-29T15:09:06.406+0000] {dag.py:3239} INFO - Sync 1 DAGs
[2025-01-29T15:09:06.419+0000] {logging_mixin.py:190} INFO - [2025-01-29T15:09:06.419+0000] {dag.py:4180} INFO - Setting next_dagrun for tutorial_taskflow_api to None, run_after=None
[2025-01-29T15:09:06.437+0000] {processor.py:208} INFO - Processing /home/airflow/.local/lib/python3.10/site-packages/airflow/example_dags/tutorial_taskflow_api.py took 0.063 seconds
[2025-01-29T15:09:36.619+0000] {processor.py:186} INFO - Started process (PID=1994) to work on /home/airflow/.local/lib/python3.10/site-packages/airflow/example_dags/tutorial_taskflow_api.py
[2025-01-29T15:09:36.619+0000] {processor.py:914} INFO - Processing file /home/airflow/.local/lib/python3.10/site-packages/airflow/example_dags/tutorial_taskflow_api.py for tasks to queue
[2025-01-29T15:09:36.621+0000] {logging_mixin.py:190} INFO - [2025-01-29T15:09:36.621+0000] {dagbag.py:588} INFO - Filling up the DagBag from /home/airflow/.local/lib/python3.10/site-packages/airflow/example_dags/tutorial_taskflow_api.py
[2025-01-29T15:09:36.628+0000] {processor.py:925} INFO - DAG(s) 'tutorial_taskflow_api' retrieved from /home/airflow/.local/lib/python3.10/site-packages/airflow/example_dags/tutorial_taskflow_api.py
[2025-01-29T15:09:36.645+0000] {logging_mixin.py:190} INFO - [2025-01-29T15:09:36.644+0000] {dag.py:3239} INFO - Sync 1 DAGs
[2025-01-29T15:09:36.658+0000] {logging_mixin.py:190} INFO - [2025-01-29T15:09:36.657+0000] {dag.py:4180} INFO - Setting next_dagrun for tutorial_taskflow_api to None, run_after=None
[2025-01-29T15:09:36.672+0000] {processor.py:208} INFO - Processing /home/airflow/.local/lib/python3.10/site-packages/airflow/example_dags/tutorial_taskflow_api.py took 0.059 seconds
[2025-01-29T15:10:07.140+0000] {processor.py:186} INFO - Started process (PID=2060) to work on /home/airflow/.local/lib/python3.10/site-packages/airflow/example_dags/tutorial_taskflow_api.py
[2025-01-29T15:10:07.140+0000] {processor.py:914} INFO - Processing file /home/airflow/.local/lib/python3.10/site-packages/airflow/example_dags/tutorial_taskflow_api.py for tasks to queue
[2025-01-29T15:10:07.142+0000] {logging_mixin.py:190} INFO - [2025-01-29T15:10:07.142+0000] {dagbag.py:588} INFO - Filling up the DagBag from /home/airflow/.local/lib/python3.10/site-packages/airflow/example_dags/tutorial_taskflow_api.py
[2025-01-29T15:10:07.149+0000] {processor.py:925} INFO - DAG(s) 'tutorial_taskflow_api' retrieved from /home/airflow/.local/lib/python3.10/site-packages/airflow/example_dags/tutorial_taskflow_api.py
[2025-01-29T15:10:07.166+0000] {logging_mixin.py:190} INFO - [2025-01-29T15:10:07.165+0000] {dag.py:3239} INFO - Sync 1 DAGs
[2025-01-29T15:10:07.178+0000] {logging_mixin.py:190} INFO - [2025-01-29T15:10:07.178+0000] {dag.py:4180} INFO - Setting next_dagrun for tutorial_taskflow_api to None, run_after=None
[2025-01-29T15:10:07.194+0000] {processor.py:208} INFO - Processing /home/airflow/.local/lib/python3.10/site-packages/airflow/example_dags/tutorial_taskflow_api.py took 0.059 seconds
[2025-01-29T15:10:38.118+0000] {processor.py:186} INFO - Started process (PID=2126) to work on /home/airflow/.local/lib/python3.10/site-packages/airflow/example_dags/tutorial_taskflow_api.py
[2025-01-29T15:10:38.119+0000] {processor.py:914} INFO - Processing file /home/airflow/.local/lib/python3.10/site-packages/airflow/example_dags/tutorial_taskflow_api.py for tasks to queue
[2025-01-29T15:10:38.121+0000] {logging_mixin.py:190} INFO - [2025-01-29T15:10:38.121+0000] {dagbag.py:588} INFO - Filling up the DagBag from /home/airflow/.local/lib/python3.10/site-packages/airflow/example_dags/tutorial_taskflow_api.py
[2025-01-29T15:10:38.128+0000] {processor.py:925} INFO - DAG(s) 'tutorial_taskflow_api' retrieved from /home/airflow/.local/lib/python3.10/site-packages/airflow/example_dags/tutorial_taskflow_api.py
[2025-01-29T15:10:38.144+0000] {logging_mixin.py:190} INFO - [2025-01-29T15:10:38.144+0000] {dag.py:3239} INFO - Sync 1 DAGs
[2025-01-29T15:10:38.156+0000] {logging_mixin.py:190} INFO - [2025-01-29T15:10:38.156+0000] {dag.py:4180} INFO - Setting next_dagrun for tutorial_taskflow_api to None, run_after=None
[2025-01-29T15:10:38.171+0000] {processor.py:208} INFO - Processing /home/airflow/.local/lib/python3.10/site-packages/airflow/example_dags/tutorial_taskflow_api.py took 0.059 seconds
[2025-01-29T15:11:08.955+0000] {processor.py:186} INFO - Started process (PID=2192) to work on /home/airflow/.local/lib/python3.10/site-packages/airflow/example_dags/tutorial_taskflow_api.py
[2025-01-29T15:11:08.956+0000] {processor.py:914} INFO - Processing file /home/airflow/.local/lib/python3.10/site-packages/airflow/example_dags/tutorial_taskflow_api.py for tasks to queue
[2025-01-29T15:11:08.959+0000] {logging_mixin.py:190} INFO - [2025-01-29T15:11:08.959+0000] {dagbag.py:588} INFO - Filling up the DagBag from /home/airflow/.local/lib/python3.10/site-packages/airflow/example_dags/tutorial_taskflow_api.py
[2025-01-29T15:11:08.968+0000] {processor.py:925} INFO - DAG(s) 'tutorial_taskflow_api' retrieved from /home/airflow/.local/lib/python3.10/site-packages/airflow/example_dags/tutorial_taskflow_api.py
[2025-01-29T15:11:09.165+0000] {logging_mixin.py:190} INFO - [2025-01-29T15:11:09.165+0000] {dag.py:3239} INFO - Sync 1 DAGs
[2025-01-29T15:11:09.176+0000] {logging_mixin.py:190} INFO - [2025-01-29T15:11:09.176+0000] {dag.py:4180} INFO - Setting next_dagrun for tutorial_taskflow_api to None, run_after=None
[2025-01-29T15:11:09.196+0000] {processor.py:208} INFO - Processing /home/airflow/.local/lib/python3.10/site-packages/airflow/example_dags/tutorial_taskflow_api.py took 0.246 seconds
[2025-01-29T15:11:40.162+0000] {processor.py:186} INFO - Started process (PID=2258) to work on /home/airflow/.local/lib/python3.10/site-packages/airflow/example_dags/tutorial_taskflow_api.py
[2025-01-29T15:11:40.163+0000] {processor.py:914} INFO - Processing file /home/airflow/.local/lib/python3.10/site-packages/airflow/example_dags/tutorial_taskflow_api.py for tasks to queue
[2025-01-29T15:11:40.166+0000] {logging_mixin.py:190} INFO - [2025-01-29T15:11:40.165+0000] {dagbag.py:588} INFO - Filling up the DagBag from /home/airflow/.local/lib/python3.10/site-packages/airflow/example_dags/tutorial_taskflow_api.py
[2025-01-29T15:11:40.172+0000] {processor.py:925} INFO - DAG(s) 'tutorial_taskflow_api' retrieved from /home/airflow/.local/lib/python3.10/site-packages/airflow/example_dags/tutorial_taskflow_api.py
[2025-01-29T15:11:40.189+0000] {logging_mixin.py:190} INFO - [2025-01-29T15:11:40.189+0000] {dag.py:3239} INFO - Sync 1 DAGs
[2025-01-29T15:11:40.202+0000] {logging_mixin.py:190} INFO - [2025-01-29T15:11:40.202+0000] {dag.py:4180} INFO - Setting next_dagrun for tutorial_taskflow_api to None, run_after=None
[2025-01-29T15:11:40.216+0000] {processor.py:208} INFO - Processing /home/airflow/.local/lib/python3.10/site-packages/airflow/example_dags/tutorial_taskflow_api.py took 0.059 seconds
[2025-01-29T15:12:10.339+0000] {processor.py:186} INFO - Started process (PID=2324) to work on /home/airflow/.local/lib/python3.10/site-packages/airflow/example_dags/tutorial_taskflow_api.py
[2025-01-29T15:12:10.339+0000] {processor.py:914} INFO - Processing file /home/airflow/.local/lib/python3.10/site-packages/airflow/example_dags/tutorial_taskflow_api.py for tasks to queue
[2025-01-29T15:12:10.342+0000] {logging_mixin.py:190} INFO - [2025-01-29T15:12:10.342+0000] {dagbag.py:588} INFO - Filling up the DagBag from /home/airflow/.local/lib/python3.10/site-packages/airflow/example_dags/tutorial_taskflow_api.py
[2025-01-29T15:12:10.348+0000] {processor.py:925} INFO - DAG(s) 'tutorial_taskflow_api' retrieved from /home/airflow/.local/lib/python3.10/site-packages/airflow/example_dags/tutorial_taskflow_api.py
[2025-01-29T15:12:10.366+0000] {logging_mixin.py:190} INFO - [2025-01-29T15:12:10.366+0000] {dag.py:3239} INFO - Sync 1 DAGs
[2025-01-29T15:12:10.379+0000] {logging_mixin.py:190} INFO - [2025-01-29T15:12:10.379+0000] {dag.py:4180} INFO - Setting next_dagrun for tutorial_taskflow_api to None, run_after=None
[2025-01-29T15:12:10.393+0000] {processor.py:208} INFO - Processing /home/airflow/.local/lib/python3.10/site-packages/airflow/example_dags/tutorial_taskflow_api.py took 0.060 seconds
[2025-01-29T15:12:40.764+0000] {processor.py:186} INFO - Started process (PID=2390) to work on /home/airflow/.local/lib/python3.10/site-packages/airflow/example_dags/tutorial_taskflow_api.py
[2025-01-29T15:12:40.765+0000] {processor.py:914} INFO - Processing file /home/airflow/.local/lib/python3.10/site-packages/airflow/example_dags/tutorial_taskflow_api.py for tasks to queue
[2025-01-29T15:12:40.768+0000] {logging_mixin.py:190} INFO - [2025-01-29T15:12:40.768+0000] {dagbag.py:588} INFO - Filling up the DagBag from /home/airflow/.local/lib/python3.10/site-packages/airflow/example_dags/tutorial_taskflow_api.py
[2025-01-29T15:12:40.776+0000] {processor.py:925} INFO - DAG(s) 'tutorial_taskflow_api' retrieved from /home/airflow/.local/lib/python3.10/site-packages/airflow/example_dags/tutorial_taskflow_api.py
[2025-01-29T15:12:40.795+0000] {logging_mixin.py:190} INFO - [2025-01-29T15:12:40.794+0000] {dag.py:3239} INFO - Sync 1 DAGs
[2025-01-29T15:12:40.809+0000] {logging_mixin.py:190} INFO - [2025-01-29T15:12:40.809+0000] {dag.py:4180} INFO - Setting next_dagrun for tutorial_taskflow_api to None, run_after=None
[2025-01-29T15:12:40.833+0000] {processor.py:208} INFO - Processing /home/airflow/.local/lib/python3.10/site-packages/airflow/example_dags/tutorial_taskflow_api.py took 0.075 seconds
[2025-01-29T15:13:10.948+0000] {processor.py:186} INFO - Started process (PID=2456) to work on /home/airflow/.local/lib/python3.10/site-packages/airflow/example_dags/tutorial_taskflow_api.py
[2025-01-29T15:13:10.949+0000] {processor.py:914} INFO - Processing file /home/airflow/.local/lib/python3.10/site-packages/airflow/example_dags/tutorial_taskflow_api.py for tasks to queue
[2025-01-29T15:13:10.952+0000] {logging_mixin.py:190} INFO - [2025-01-29T15:13:10.951+0000] {dagbag.py:588} INFO - Filling up the DagBag from /home/airflow/.local/lib/python3.10/site-packages/airflow/example_dags/tutorial_taskflow_api.py
[2025-01-29T15:13:10.959+0000] {processor.py:925} INFO - DAG(s) 'tutorial_taskflow_api' retrieved from /home/airflow/.local/lib/python3.10/site-packages/airflow/example_dags/tutorial_taskflow_api.py
[2025-01-29T15:13:10.977+0000] {logging_mixin.py:190} INFO - [2025-01-29T15:13:10.976+0000] {dag.py:3239} INFO - Sync 1 DAGs
[2025-01-29T15:13:10.990+0000] {logging_mixin.py:190} INFO - [2025-01-29T15:13:10.989+0000] {dag.py:4180} INFO - Setting next_dagrun for tutorial_taskflow_api to None, run_after=None
[2025-01-29T15:13:11.004+0000] {processor.py:208} INFO - Processing /home/airflow/.local/lib/python3.10/site-packages/airflow/example_dags/tutorial_taskflow_api.py took 0.062 seconds
[2025-01-29T15:13:41.092+0000] {processor.py:186} INFO - Started process (PID=2522) to work on /home/airflow/.local/lib/python3.10/site-packages/airflow/example_dags/tutorial_taskflow_api.py
[2025-01-29T15:13:41.093+0000] {processor.py:914} INFO - Processing file /home/airflow/.local/lib/python3.10/site-packages/airflow/example_dags/tutorial_taskflow_api.py for tasks to queue
[2025-01-29T15:13:41.096+0000] {logging_mixin.py:190} INFO - [2025-01-29T15:13:41.096+0000] {dagbag.py:588} INFO - Filling up the DagBag from /home/airflow/.local/lib/python3.10/site-packages/airflow/example_dags/tutorial_taskflow_api.py
[2025-01-29T15:13:41.103+0000] {processor.py:925} INFO - DAG(s) 'tutorial_taskflow_api' retrieved from /home/airflow/.local/lib/python3.10/site-packages/airflow/example_dags/tutorial_taskflow_api.py
[2025-01-29T15:13:41.121+0000] {logging_mixin.py:190} INFO - [2025-01-29T15:13:41.120+0000] {dag.py:3239} INFO - Sync 1 DAGs
[2025-01-29T15:13:41.134+0000] {logging_mixin.py:190} INFO - [2025-01-29T15:13:41.134+0000] {dag.py:4180} INFO - Setting next_dagrun for tutorial_taskflow_api to None, run_after=None
[2025-01-29T15:13:41.149+0000] {processor.py:208} INFO - Processing /home/airflow/.local/lib/python3.10/site-packages/airflow/example_dags/tutorial_taskflow_api.py took 0.062 seconds
[2025-01-29T15:14:11.282+0000] {processor.py:186} INFO - Started process (PID=2588) to work on /home/airflow/.local/lib/python3.10/site-packages/airflow/example_dags/tutorial_taskflow_api.py
[2025-01-29T15:14:11.283+0000] {processor.py:914} INFO - Processing file /home/airflow/.local/lib/python3.10/site-packages/airflow/example_dags/tutorial_taskflow_api.py for tasks to queue
[2025-01-29T15:14:11.286+0000] {logging_mixin.py:190} INFO - [2025-01-29T15:14:11.286+0000] {dagbag.py:588} INFO - Filling up the DagBag from /home/airflow/.local/lib/python3.10/site-packages/airflow/example_dags/tutorial_taskflow_api.py
[2025-01-29T15:14:11.294+0000] {processor.py:925} INFO - DAG(s) 'tutorial_taskflow_api' retrieved from /home/airflow/.local/lib/python3.10/site-packages/airflow/example_dags/tutorial_taskflow_api.py
[2025-01-29T15:14:11.313+0000] {logging_mixin.py:190} INFO - [2025-01-29T15:14:11.313+0000] {dag.py:3239} INFO - Sync 1 DAGs
[2025-01-29T15:14:11.327+0000] {logging_mixin.py:190} INFO - [2025-01-29T15:14:11.327+0000] {dag.py:4180} INFO - Setting next_dagrun for tutorial_taskflow_api to None, run_after=None
[2025-01-29T15:14:11.346+0000] {processor.py:208} INFO - Processing /home/airflow/.local/lib/python3.10/site-packages/airflow/example_dags/tutorial_taskflow_api.py took 0.070 seconds
[2025-01-29T15:14:41.578+0000] {processor.py:186} INFO - Started process (PID=2654) to work on /home/airflow/.local/lib/python3.10/site-packages/airflow/example_dags/tutorial_taskflow_api.py
[2025-01-29T15:14:41.578+0000] {processor.py:914} INFO - Processing file /home/airflow/.local/lib/python3.10/site-packages/airflow/example_dags/tutorial_taskflow_api.py for tasks to queue
[2025-01-29T15:14:41.581+0000] {logging_mixin.py:190} INFO - [2025-01-29T15:14:41.581+0000] {dagbag.py:588} INFO - Filling up the DagBag from /home/airflow/.local/lib/python3.10/site-packages/airflow/example_dags/tutorial_taskflow_api.py
[2025-01-29T15:14:41.588+0000] {processor.py:925} INFO - DAG(s) 'tutorial_taskflow_api' retrieved from /home/airflow/.local/lib/python3.10/site-packages/airflow/example_dags/tutorial_taskflow_api.py
[2025-01-29T15:14:41.605+0000] {logging_mixin.py:190} INFO - [2025-01-29T15:14:41.604+0000] {dag.py:3239} INFO - Sync 1 DAGs
[2025-01-29T15:14:41.617+0000] {logging_mixin.py:190} INFO - [2025-01-29T15:14:41.617+0000] {dag.py:4180} INFO - Setting next_dagrun for tutorial_taskflow_api to None, run_after=None
[2025-01-29T15:14:41.632+0000] {processor.py:208} INFO - Processing /home/airflow/.local/lib/python3.10/site-packages/airflow/example_dags/tutorial_taskflow_api.py took 0.060 seconds
[2025-01-29T15:15:11.889+0000] {processor.py:186} INFO - Started process (PID=2720) to work on /home/airflow/.local/lib/python3.10/site-packages/airflow/example_dags/tutorial_taskflow_api.py
[2025-01-29T15:15:11.890+0000] {processor.py:914} INFO - Processing file /home/airflow/.local/lib/python3.10/site-packages/airflow/example_dags/tutorial_taskflow_api.py for tasks to queue
[2025-01-29T15:15:11.892+0000] {logging_mixin.py:190} INFO - [2025-01-29T15:15:11.892+0000] {dagbag.py:588} INFO - Filling up the DagBag from /home/airflow/.local/lib/python3.10/site-packages/airflow/example_dags/tutorial_taskflow_api.py
[2025-01-29T15:15:11.901+0000] {processor.py:925} INFO - DAG(s) 'tutorial_taskflow_api' retrieved from /home/airflow/.local/lib/python3.10/site-packages/airflow/example_dags/tutorial_taskflow_api.py
[2025-01-29T15:15:11.921+0000] {logging_mixin.py:190} INFO - [2025-01-29T15:15:11.921+0000] {dag.py:3239} INFO - Sync 1 DAGs
[2025-01-29T15:15:11.937+0000] {logging_mixin.py:190} INFO - [2025-01-29T15:15:11.937+0000] {dag.py:4180} INFO - Setting next_dagrun for tutorial_taskflow_api to None, run_after=None
[2025-01-29T15:15:11.960+0000] {processor.py:208} INFO - Processing /home/airflow/.local/lib/python3.10/site-packages/airflow/example_dags/tutorial_taskflow_api.py took 0.077 seconds
[2025-01-29T15:15:42.831+0000] {processor.py:186} INFO - Started process (PID=2786) to work on /home/airflow/.local/lib/python3.10/site-packages/airflow/example_dags/tutorial_taskflow_api.py
[2025-01-29T15:15:42.832+0000] {processor.py:914} INFO - Processing file /home/airflow/.local/lib/python3.10/site-packages/airflow/example_dags/tutorial_taskflow_api.py for tasks to queue
[2025-01-29T15:15:42.834+0000] {logging_mixin.py:190} INFO - [2025-01-29T15:15:42.834+0000] {dagbag.py:588} INFO - Filling up the DagBag from /home/airflow/.local/lib/python3.10/site-packages/airflow/example_dags/tutorial_taskflow_api.py
[2025-01-29T15:15:42.841+0000] {processor.py:925} INFO - DAG(s) 'tutorial_taskflow_api' retrieved from /home/airflow/.local/lib/python3.10/site-packages/airflow/example_dags/tutorial_taskflow_api.py
[2025-01-29T15:15:42.858+0000] {logging_mixin.py:190} INFO - [2025-01-29T15:15:42.858+0000] {dag.py:3239} INFO - Sync 1 DAGs
[2025-01-29T15:15:42.871+0000] {logging_mixin.py:190} INFO - [2025-01-29T15:15:42.870+0000] {dag.py:4180} INFO - Setting next_dagrun for tutorial_taskflow_api to None, run_after=None
[2025-01-29T15:15:42.885+0000] {processor.py:208} INFO - Processing /home/airflow/.local/lib/python3.10/site-packages/airflow/example_dags/tutorial_taskflow_api.py took 0.059 seconds
[2025-01-29T15:16:13.137+0000] {processor.py:186} INFO - Started process (PID=2852) to work on /home/airflow/.local/lib/python3.10/site-packages/airflow/example_dags/tutorial_taskflow_api.py
[2025-01-29T15:16:13.138+0000] {processor.py:914} INFO - Processing file /home/airflow/.local/lib/python3.10/site-packages/airflow/example_dags/tutorial_taskflow_api.py for tasks to queue
[2025-01-29T15:16:13.140+0000] {logging_mixin.py:190} INFO - [2025-01-29T15:16:13.140+0000] {dagbag.py:588} INFO - Filling up the DagBag from /home/airflow/.local/lib/python3.10/site-packages/airflow/example_dags/tutorial_taskflow_api.py
[2025-01-29T15:16:13.147+0000] {processor.py:925} INFO - DAG(s) 'tutorial_taskflow_api' retrieved from /home/airflow/.local/lib/python3.10/site-packages/airflow/example_dags/tutorial_taskflow_api.py
[2025-01-29T15:16:13.165+0000] {logging_mixin.py:190} INFO - [2025-01-29T15:16:13.165+0000] {dag.py:3239} INFO - Sync 1 DAGs
[2025-01-29T15:16:13.178+0000] {logging_mixin.py:190} INFO - [2025-01-29T15:16:13.178+0000] {dag.py:4180} INFO - Setting next_dagrun for tutorial_taskflow_api to None, run_after=None
[2025-01-29T15:16:13.192+0000] {processor.py:208} INFO - Processing /home/airflow/.local/lib/python3.10/site-packages/airflow/example_dags/tutorial_taskflow_api.py took 0.060 seconds
[2025-01-29T15:16:43.334+0000] {processor.py:186} INFO - Started process (PID=2918) to work on /home/airflow/.local/lib/python3.10/site-packages/airflow/example_dags/tutorial_taskflow_api.py
[2025-01-29T15:16:43.335+0000] {processor.py:914} INFO - Processing file /home/airflow/.local/lib/python3.10/site-packages/airflow/example_dags/tutorial_taskflow_api.py for tasks to queue
[2025-01-29T15:16:43.337+0000] {logging_mixin.py:190} INFO - [2025-01-29T15:16:43.337+0000] {dagbag.py:588} INFO - Filling up the DagBag from /home/airflow/.local/lib/python3.10/site-packages/airflow/example_dags/tutorial_taskflow_api.py
[2025-01-29T15:16:43.344+0000] {processor.py:925} INFO - DAG(s) 'tutorial_taskflow_api' retrieved from /home/airflow/.local/lib/python3.10/site-packages/airflow/example_dags/tutorial_taskflow_api.py
[2025-01-29T15:16:43.362+0000] {logging_mixin.py:190} INFO - [2025-01-29T15:16:43.362+0000] {dag.py:3239} INFO - Sync 1 DAGs
[2025-01-29T15:16:43.374+0000] {logging_mixin.py:190} INFO - [2025-01-29T15:16:43.374+0000] {dag.py:4180} INFO - Setting next_dagrun for tutorial_taskflow_api to None, run_after=None
[2025-01-29T15:16:43.396+0000] {processor.py:208} INFO - Processing /home/airflow/.local/lib/python3.10/site-packages/airflow/example_dags/tutorial_taskflow_api.py took 0.067 seconds
[2025-01-29T15:17:13.602+0000] {processor.py:186} INFO - Started process (PID=2984) to work on /home/airflow/.local/lib/python3.10/site-packages/airflow/example_dags/tutorial_taskflow_api.py
[2025-01-29T15:17:13.603+0000] {processor.py:914} INFO - Processing file /home/airflow/.local/lib/python3.10/site-packages/airflow/example_dags/tutorial_taskflow_api.py for tasks to queue
[2025-01-29T15:17:13.605+0000] {logging_mixin.py:190} INFO - [2025-01-29T15:17:13.605+0000] {dagbag.py:588} INFO - Filling up the DagBag from /home/airflow/.local/lib/python3.10/site-packages/airflow/example_dags/tutorial_taskflow_api.py
[2025-01-29T15:17:13.612+0000] {processor.py:925} INFO - DAG(s) 'tutorial_taskflow_api' retrieved from /home/airflow/.local/lib/python3.10/site-packages/airflow/example_dags/tutorial_taskflow_api.py
[2025-01-29T15:17:13.629+0000] {logging_mixin.py:190} INFO - [2025-01-29T15:17:13.629+0000] {dag.py:3239} INFO - Sync 1 DAGs
[2025-01-29T15:17:13.641+0000] {logging_mixin.py:190} INFO - [2025-01-29T15:17:13.641+0000] {dag.py:4180} INFO - Setting next_dagrun for tutorial_taskflow_api to None, run_after=None
[2025-01-29T15:17:13.662+0000] {processor.py:208} INFO - Processing /home/airflow/.local/lib/python3.10/site-packages/airflow/example_dags/tutorial_taskflow_api.py took 0.065 seconds
[2025-01-29T15:17:43.825+0000] {processor.py:186} INFO - Started process (PID=3050) to work on /home/airflow/.local/lib/python3.10/site-packages/airflow/example_dags/tutorial_taskflow_api.py
[2025-01-29T15:17:43.826+0000] {processor.py:914} INFO - Processing file /home/airflow/.local/lib/python3.10/site-packages/airflow/example_dags/tutorial_taskflow_api.py for tasks to queue
[2025-01-29T15:17:43.828+0000] {logging_mixin.py:190} INFO - [2025-01-29T15:17:43.828+0000] {dagbag.py:588} INFO - Filling up the DagBag from /home/airflow/.local/lib/python3.10/site-packages/airflow/example_dags/tutorial_taskflow_api.py
[2025-01-29T15:17:43.835+0000] {processor.py:925} INFO - DAG(s) 'tutorial_taskflow_api' retrieved from /home/airflow/.local/lib/python3.10/site-packages/airflow/example_dags/tutorial_taskflow_api.py
[2025-01-29T15:17:43.852+0000] {logging_mixin.py:190} INFO - [2025-01-29T15:17:43.852+0000] {dag.py:3239} INFO - Sync 1 DAGs
[2025-01-29T15:17:43.864+0000] {logging_mixin.py:190} INFO - [2025-01-29T15:17:43.864+0000] {dag.py:4180} INFO - Setting next_dagrun for tutorial_taskflow_api to None, run_after=None
[2025-01-29T15:17:43.885+0000] {processor.py:208} INFO - Processing /home/airflow/.local/lib/python3.10/site-packages/airflow/example_dags/tutorial_taskflow_api.py took 0.065 seconds
[2025-01-29T15:18:14.058+0000] {processor.py:186} INFO - Started process (PID=3116) to work on /home/airflow/.local/lib/python3.10/site-packages/airflow/example_dags/tutorial_taskflow_api.py
[2025-01-29T15:18:14.059+0000] {processor.py:914} INFO - Processing file /home/airflow/.local/lib/python3.10/site-packages/airflow/example_dags/tutorial_taskflow_api.py for tasks to queue
[2025-01-29T15:18:14.061+0000] {logging_mixin.py:190} INFO - [2025-01-29T15:18:14.061+0000] {dagbag.py:588} INFO - Filling up the DagBag from /home/airflow/.local/lib/python3.10/site-packages/airflow/example_dags/tutorial_taskflow_api.py
[2025-01-29T15:18:14.068+0000] {processor.py:925} INFO - DAG(s) 'tutorial_taskflow_api' retrieved from /home/airflow/.local/lib/python3.10/site-packages/airflow/example_dags/tutorial_taskflow_api.py
[2025-01-29T15:18:14.085+0000] {logging_mixin.py:190} INFO - [2025-01-29T15:18:14.085+0000] {dag.py:3239} INFO - Sync 1 DAGs
[2025-01-29T15:18:14.098+0000] {logging_mixin.py:190} INFO - [2025-01-29T15:18:14.097+0000] {dag.py:4180} INFO - Setting next_dagrun for tutorial_taskflow_api to None, run_after=None
[2025-01-29T15:18:14.111+0000] {processor.py:208} INFO - Processing /home/airflow/.local/lib/python3.10/site-packages/airflow/example_dags/tutorial_taskflow_api.py took 0.059 seconds
