[2025-01-29T14:54:59.581+0000] {processor.py:186} INFO - Started process (PID=116) to work on /home/airflow/.local/lib/python3.10/site-packages/airflow/example_dags/tutorial_taskflow_templates.py
[2025-01-29T14:54:59.582+0000] {processor.py:914} INFO - Processing file /home/airflow/.local/lib/python3.10/site-packages/airflow/example_dags/tutorial_taskflow_templates.py for tasks to queue
[2025-01-29T14:54:59.584+0000] {logging_mixin.py:190} INFO - [2025-01-29T14:54:59.584+0000] {dagbag.py:588} INFO - Filling up the DagBag from /home/airflow/.local/lib/python3.10/site-packages/airflow/example_dags/tutorial_taskflow_templates.py
[2025-01-29T14:54:59.596+0000] {processor.py:925} INFO - DAG(s) 'tutorial_taskflow_templates' retrieved from /home/airflow/.local/lib/python3.10/site-packages/airflow/example_dags/tutorial_taskflow_templates.py
[2025-01-29T14:54:59.615+0000] {logging_mixin.py:190} INFO - [2025-01-29T14:54:59.614+0000] {dag.py:3239} INFO - Sync 1 DAGs
[2025-01-29T14:54:59.636+0000] {logging_mixin.py:190} INFO - [2025-01-29T14:54:59.636+0000] {dag.py:4180} INFO - Setting next_dagrun for tutorial_taskflow_templates to 2025-01-28T00:00:00+00:00, run_after=2025-01-29T00:00:00+00:00
[2025-01-29T14:54:59.654+0000] {processor.py:208} INFO - Processing /home/airflow/.local/lib/python3.10/site-packages/airflow/example_dags/tutorial_taskflow_templates.py took 0.079 seconds
[2025-01-29T14:55:30.651+0000] {processor.py:186} INFO - Started process (PID=182) to work on /home/airflow/.local/lib/python3.10/site-packages/airflow/example_dags/tutorial_taskflow_templates.py
[2025-01-29T14:55:30.652+0000] {processor.py:914} INFO - Processing file /home/airflow/.local/lib/python3.10/site-packages/airflow/example_dags/tutorial_taskflow_templates.py for tasks to queue
[2025-01-29T14:55:30.655+0000] {logging_mixin.py:190} INFO - [2025-01-29T14:55:30.655+0000] {dagbag.py:588} INFO - Filling up the DagBag from /home/airflow/.local/lib/python3.10/site-packages/airflow/example_dags/tutorial_taskflow_templates.py
[2025-01-29T14:55:30.666+0000] {processor.py:925} INFO - DAG(s) 'tutorial_taskflow_templates' retrieved from /home/airflow/.local/lib/python3.10/site-packages/airflow/example_dags/tutorial_taskflow_templates.py
[2025-01-29T14:55:30.686+0000] {logging_mixin.py:190} INFO - [2025-01-29T14:55:30.686+0000] {dag.py:3239} INFO - Sync 1 DAGs
[2025-01-29T14:55:30.714+0000] {logging_mixin.py:190} INFO - [2025-01-29T14:55:30.714+0000] {dag.py:4180} INFO - Setting next_dagrun for tutorial_taskflow_templates to 2025-01-28T00:00:00+00:00, run_after=2025-01-29T00:00:00+00:00
[2025-01-29T14:55:30.732+0000] {processor.py:208} INFO - Processing /home/airflow/.local/lib/python3.10/site-packages/airflow/example_dags/tutorial_taskflow_templates.py took 0.086 seconds
[2025-01-29T14:56:00.788+0000] {processor.py:186} INFO - Started process (PID=248) to work on /home/airflow/.local/lib/python3.10/site-packages/airflow/example_dags/tutorial_taskflow_templates.py
[2025-01-29T14:56:00.789+0000] {processor.py:914} INFO - Processing file /home/airflow/.local/lib/python3.10/site-packages/airflow/example_dags/tutorial_taskflow_templates.py for tasks to queue
[2025-01-29T14:56:00.791+0000] {logging_mixin.py:190} INFO - [2025-01-29T14:56:00.791+0000] {dagbag.py:588} INFO - Filling up the DagBag from /home/airflow/.local/lib/python3.10/site-packages/airflow/example_dags/tutorial_taskflow_templates.py
[2025-01-29T14:56:00.802+0000] {processor.py:925} INFO - DAG(s) 'tutorial_taskflow_templates' retrieved from /home/airflow/.local/lib/python3.10/site-packages/airflow/example_dags/tutorial_taskflow_templates.py
[2025-01-29T14:56:00.820+0000] {logging_mixin.py:190} INFO - [2025-01-29T14:56:00.820+0000] {dag.py:3239} INFO - Sync 1 DAGs
[2025-01-29T14:56:00.841+0000] {logging_mixin.py:190} INFO - [2025-01-29T14:56:00.841+0000] {dag.py:4180} INFO - Setting next_dagrun for tutorial_taskflow_templates to 2025-01-28T00:00:00+00:00, run_after=2025-01-29T00:00:00+00:00
[2025-01-29T14:56:00.858+0000] {processor.py:208} INFO - Processing /home/airflow/.local/lib/python3.10/site-packages/airflow/example_dags/tutorial_taskflow_templates.py took 0.075 seconds
[2025-01-29T14:56:31.053+0000] {processor.py:186} INFO - Started process (PID=314) to work on /home/airflow/.local/lib/python3.10/site-packages/airflow/example_dags/tutorial_taskflow_templates.py
[2025-01-29T14:56:31.054+0000] {processor.py:914} INFO - Processing file /home/airflow/.local/lib/python3.10/site-packages/airflow/example_dags/tutorial_taskflow_templates.py for tasks to queue
[2025-01-29T14:56:31.056+0000] {logging_mixin.py:190} INFO - [2025-01-29T14:56:31.056+0000] {dagbag.py:588} INFO - Filling up the DagBag from /home/airflow/.local/lib/python3.10/site-packages/airflow/example_dags/tutorial_taskflow_templates.py
[2025-01-29T14:56:31.068+0000] {processor.py:925} INFO - DAG(s) 'tutorial_taskflow_templates' retrieved from /home/airflow/.local/lib/python3.10/site-packages/airflow/example_dags/tutorial_taskflow_templates.py
[2025-01-29T14:56:31.086+0000] {logging_mixin.py:190} INFO - [2025-01-29T14:56:31.086+0000] {dag.py:3239} INFO - Sync 1 DAGs
[2025-01-29T14:56:31.111+0000] {logging_mixin.py:190} INFO - [2025-01-29T14:56:31.111+0000] {dag.py:4180} INFO - Setting next_dagrun for tutorial_taskflow_templates to 2025-01-28T00:00:00+00:00, run_after=2025-01-29T00:00:00+00:00
[2025-01-29T14:56:31.128+0000] {processor.py:208} INFO - Processing /home/airflow/.local/lib/python3.10/site-packages/airflow/example_dags/tutorial_taskflow_templates.py took 0.081 seconds
[2025-01-29T14:57:01.597+0000] {processor.py:186} INFO - Started process (PID=380) to work on /home/airflow/.local/lib/python3.10/site-packages/airflow/example_dags/tutorial_taskflow_templates.py
[2025-01-29T14:57:01.598+0000] {processor.py:914} INFO - Processing file /home/airflow/.local/lib/python3.10/site-packages/airflow/example_dags/tutorial_taskflow_templates.py for tasks to queue
[2025-01-29T14:57:01.600+0000] {logging_mixin.py:190} INFO - [2025-01-29T14:57:01.600+0000] {dagbag.py:588} INFO - Filling up the DagBag from /home/airflow/.local/lib/python3.10/site-packages/airflow/example_dags/tutorial_taskflow_templates.py
[2025-01-29T14:57:01.613+0000] {processor.py:925} INFO - DAG(s) 'tutorial_taskflow_templates' retrieved from /home/airflow/.local/lib/python3.10/site-packages/airflow/example_dags/tutorial_taskflow_templates.py
[2025-01-29T14:57:01.632+0000] {logging_mixin.py:190} INFO - [2025-01-29T14:57:01.631+0000] {dag.py:3239} INFO - Sync 1 DAGs
[2025-01-29T14:57:01.657+0000] {logging_mixin.py:190} INFO - [2025-01-29T14:57:01.657+0000] {dag.py:4180} INFO - Setting next_dagrun for tutorial_taskflow_templates to 2025-01-28T00:00:00+00:00, run_after=2025-01-29T00:00:00+00:00
[2025-01-29T14:57:01.677+0000] {processor.py:208} INFO - Processing /home/airflow/.local/lib/python3.10/site-packages/airflow/example_dags/tutorial_taskflow_templates.py took 0.086 seconds
[2025-01-29T14:57:31.763+0000] {processor.py:186} INFO - Started process (PID=446) to work on /home/airflow/.local/lib/python3.10/site-packages/airflow/example_dags/tutorial_taskflow_templates.py
[2025-01-29T14:57:31.764+0000] {processor.py:914} INFO - Processing file /home/airflow/.local/lib/python3.10/site-packages/airflow/example_dags/tutorial_taskflow_templates.py for tasks to queue
[2025-01-29T14:57:31.766+0000] {logging_mixin.py:190} INFO - [2025-01-29T14:57:31.765+0000] {dagbag.py:588} INFO - Filling up the DagBag from /home/airflow/.local/lib/python3.10/site-packages/airflow/example_dags/tutorial_taskflow_templates.py
[2025-01-29T14:57:31.776+0000] {processor.py:925} INFO - DAG(s) 'tutorial_taskflow_templates' retrieved from /home/airflow/.local/lib/python3.10/site-packages/airflow/example_dags/tutorial_taskflow_templates.py
[2025-01-29T14:57:31.793+0000] {logging_mixin.py:190} INFO - [2025-01-29T14:57:31.793+0000] {dag.py:3239} INFO - Sync 1 DAGs
[2025-01-29T14:57:31.888+0000] {logging_mixin.py:190} INFO - [2025-01-29T14:57:31.888+0000] {dag.py:4180} INFO - Setting next_dagrun for tutorial_taskflow_templates to 2025-01-28T00:00:00+00:00, run_after=2025-01-29T00:00:00+00:00
[2025-01-29T14:57:31.904+0000] {processor.py:208} INFO - Processing /home/airflow/.local/lib/python3.10/site-packages/airflow/example_dags/tutorial_taskflow_templates.py took 0.073 seconds
[2025-01-29T14:58:02.273+0000] {processor.py:186} INFO - Started process (PID=512) to work on /home/airflow/.local/lib/python3.10/site-packages/airflow/example_dags/tutorial_taskflow_templates.py
[2025-01-29T14:58:02.274+0000] {processor.py:914} INFO - Processing file /home/airflow/.local/lib/python3.10/site-packages/airflow/example_dags/tutorial_taskflow_templates.py for tasks to queue
[2025-01-29T14:58:02.276+0000] {logging_mixin.py:190} INFO - [2025-01-29T14:58:02.276+0000] {dagbag.py:588} INFO - Filling up the DagBag from /home/airflow/.local/lib/python3.10/site-packages/airflow/example_dags/tutorial_taskflow_templates.py
[2025-01-29T14:58:02.287+0000] {processor.py:925} INFO - DAG(s) 'tutorial_taskflow_templates' retrieved from /home/airflow/.local/lib/python3.10/site-packages/airflow/example_dags/tutorial_taskflow_templates.py
[2025-01-29T14:58:02.304+0000] {logging_mixin.py:190} INFO - [2025-01-29T14:58:02.304+0000] {dag.py:3239} INFO - Sync 1 DAGs
[2025-01-29T14:58:02.325+0000] {logging_mixin.py:190} INFO - [2025-01-29T14:58:02.324+0000] {dag.py:4180} INFO - Setting next_dagrun for tutorial_taskflow_templates to 2025-01-28T00:00:00+00:00, run_after=2025-01-29T00:00:00+00:00
[2025-01-29T14:58:02.340+0000] {processor.py:208} INFO - Processing /home/airflow/.local/lib/python3.10/site-packages/airflow/example_dags/tutorial_taskflow_templates.py took 0.073 seconds
[2025-01-29T14:58:32.787+0000] {processor.py:186} INFO - Started process (PID=578) to work on /home/airflow/.local/lib/python3.10/site-packages/airflow/example_dags/tutorial_taskflow_templates.py
[2025-01-29T14:58:32.788+0000] {processor.py:914} INFO - Processing file /home/airflow/.local/lib/python3.10/site-packages/airflow/example_dags/tutorial_taskflow_templates.py for tasks to queue
[2025-01-29T14:58:32.790+0000] {logging_mixin.py:190} INFO - [2025-01-29T14:58:32.790+0000] {dagbag.py:588} INFO - Filling up the DagBag from /home/airflow/.local/lib/python3.10/site-packages/airflow/example_dags/tutorial_taskflow_templates.py
[2025-01-29T14:58:32.801+0000] {processor.py:925} INFO - DAG(s) 'tutorial_taskflow_templates' retrieved from /home/airflow/.local/lib/python3.10/site-packages/airflow/example_dags/tutorial_taskflow_templates.py
[2025-01-29T14:58:32.819+0000] {logging_mixin.py:190} INFO - [2025-01-29T14:58:32.819+0000] {dag.py:3239} INFO - Sync 1 DAGs
[2025-01-29T14:58:32.838+0000] {logging_mixin.py:190} INFO - [2025-01-29T14:58:32.838+0000] {dag.py:4180} INFO - Setting next_dagrun for tutorial_taskflow_templates to 2025-01-28T00:00:00+00:00, run_after=2025-01-29T00:00:00+00:00
[2025-01-29T14:58:32.854+0000] {processor.py:208} INFO - Processing /home/airflow/.local/lib/python3.10/site-packages/airflow/example_dags/tutorial_taskflow_templates.py took 0.071 seconds
[2025-01-29T14:59:03.016+0000] {processor.py:186} INFO - Started process (PID=644) to work on /home/airflow/.local/lib/python3.10/site-packages/airflow/example_dags/tutorial_taskflow_templates.py
[2025-01-29T14:59:03.017+0000] {processor.py:914} INFO - Processing file /home/airflow/.local/lib/python3.10/site-packages/airflow/example_dags/tutorial_taskflow_templates.py for tasks to queue
[2025-01-29T14:59:03.019+0000] {logging_mixin.py:190} INFO - [2025-01-29T14:59:03.019+0000] {dagbag.py:588} INFO - Filling up the DagBag from /home/airflow/.local/lib/python3.10/site-packages/airflow/example_dags/tutorial_taskflow_templates.py
[2025-01-29T14:59:03.031+0000] {processor.py:925} INFO - DAG(s) 'tutorial_taskflow_templates' retrieved from /home/airflow/.local/lib/python3.10/site-packages/airflow/example_dags/tutorial_taskflow_templates.py
[2025-01-29T14:59:03.048+0000] {logging_mixin.py:190} INFO - [2025-01-29T14:59:03.048+0000] {dag.py:3239} INFO - Sync 1 DAGs
[2025-01-29T14:59:03.069+0000] {logging_mixin.py:190} INFO - [2025-01-29T14:59:03.069+0000] {dag.py:4180} INFO - Setting next_dagrun for tutorial_taskflow_templates to 2025-01-28T00:00:00+00:00, run_after=2025-01-29T00:00:00+00:00
[2025-01-29T14:59:03.085+0000] {processor.py:208} INFO - Processing /home/airflow/.local/lib/python3.10/site-packages/airflow/example_dags/tutorial_taskflow_templates.py took 0.074 seconds
[2025-01-29T14:59:33.238+0000] {processor.py:186} INFO - Started process (PID=710) to work on /home/airflow/.local/lib/python3.10/site-packages/airflow/example_dags/tutorial_taskflow_templates.py
[2025-01-29T14:59:33.239+0000] {processor.py:914} INFO - Processing file /home/airflow/.local/lib/python3.10/site-packages/airflow/example_dags/tutorial_taskflow_templates.py for tasks to queue
[2025-01-29T14:59:33.241+0000] {logging_mixin.py:190} INFO - [2025-01-29T14:59:33.241+0000] {dagbag.py:588} INFO - Filling up the DagBag from /home/airflow/.local/lib/python3.10/site-packages/airflow/example_dags/tutorial_taskflow_templates.py
[2025-01-29T14:59:33.252+0000] {processor.py:925} INFO - DAG(s) 'tutorial_taskflow_templates' retrieved from /home/airflow/.local/lib/python3.10/site-packages/airflow/example_dags/tutorial_taskflow_templates.py
[2025-01-29T14:59:33.269+0000] {logging_mixin.py:190} INFO - [2025-01-29T14:59:33.269+0000] {dag.py:3239} INFO - Sync 1 DAGs
[2025-01-29T14:59:33.289+0000] {logging_mixin.py:190} INFO - [2025-01-29T14:59:33.289+0000] {dag.py:4180} INFO - Setting next_dagrun for tutorial_taskflow_templates to 2025-01-28T00:00:00+00:00, run_after=2025-01-29T00:00:00+00:00
[2025-01-29T14:59:33.303+0000] {processor.py:208} INFO - Processing /home/airflow/.local/lib/python3.10/site-packages/airflow/example_dags/tutorial_taskflow_templates.py took 0.070 seconds
[2025-01-29T15:00:03.498+0000] {processor.py:186} INFO - Started process (PID=776) to work on /home/airflow/.local/lib/python3.10/site-packages/airflow/example_dags/tutorial_taskflow_templates.py
[2025-01-29T15:00:03.499+0000] {processor.py:914} INFO - Processing file /home/airflow/.local/lib/python3.10/site-packages/airflow/example_dags/tutorial_taskflow_templates.py for tasks to queue
[2025-01-29T15:00:03.501+0000] {logging_mixin.py:190} INFO - [2025-01-29T15:00:03.501+0000] {dagbag.py:588} INFO - Filling up the DagBag from /home/airflow/.local/lib/python3.10/site-packages/airflow/example_dags/tutorial_taskflow_templates.py
[2025-01-29T15:00:03.512+0000] {processor.py:925} INFO - DAG(s) 'tutorial_taskflow_templates' retrieved from /home/airflow/.local/lib/python3.10/site-packages/airflow/example_dags/tutorial_taskflow_templates.py
[2025-01-29T15:00:03.532+0000] {logging_mixin.py:190} INFO - [2025-01-29T15:00:03.532+0000] {dag.py:3239} INFO - Sync 1 DAGs
[2025-01-29T15:00:03.555+0000] {logging_mixin.py:190} INFO - [2025-01-29T15:00:03.555+0000] {dag.py:4180} INFO - Setting next_dagrun for tutorial_taskflow_templates to 2025-01-28T00:00:00+00:00, run_after=2025-01-29T00:00:00+00:00
[2025-01-29T15:00:03.571+0000] {processor.py:208} INFO - Processing /home/airflow/.local/lib/python3.10/site-packages/airflow/example_dags/tutorial_taskflow_templates.py took 0.078 seconds
[2025-01-29T15:00:34.544+0000] {processor.py:186} INFO - Started process (PID=842) to work on /home/airflow/.local/lib/python3.10/site-packages/airflow/example_dags/tutorial_taskflow_templates.py
[2025-01-29T15:00:34.545+0000] {processor.py:914} INFO - Processing file /home/airflow/.local/lib/python3.10/site-packages/airflow/example_dags/tutorial_taskflow_templates.py for tasks to queue
[2025-01-29T15:00:34.547+0000] {logging_mixin.py:190} INFO - [2025-01-29T15:00:34.547+0000] {dagbag.py:588} INFO - Filling up the DagBag from /home/airflow/.local/lib/python3.10/site-packages/airflow/example_dags/tutorial_taskflow_templates.py
[2025-01-29T15:00:34.558+0000] {processor.py:925} INFO - DAG(s) 'tutorial_taskflow_templates' retrieved from /home/airflow/.local/lib/python3.10/site-packages/airflow/example_dags/tutorial_taskflow_templates.py
[2025-01-29T15:00:34.577+0000] {logging_mixin.py:190} INFO - [2025-01-29T15:00:34.577+0000] {dag.py:3239} INFO - Sync 1 DAGs
[2025-01-29T15:00:34.598+0000] {logging_mixin.py:190} INFO - [2025-01-29T15:00:34.598+0000] {dag.py:4180} INFO - Setting next_dagrun for tutorial_taskflow_templates to 2025-01-28T00:00:00+00:00, run_after=2025-01-29T00:00:00+00:00
[2025-01-29T15:00:34.614+0000] {processor.py:208} INFO - Processing /home/airflow/.local/lib/python3.10/site-packages/airflow/example_dags/tutorial_taskflow_templates.py took 0.075 seconds
[2025-01-29T15:01:04.769+0000] {processor.py:186} INFO - Started process (PID=908) to work on /home/airflow/.local/lib/python3.10/site-packages/airflow/example_dags/tutorial_taskflow_templates.py
[2025-01-29T15:01:04.770+0000] {processor.py:914} INFO - Processing file /home/airflow/.local/lib/python3.10/site-packages/airflow/example_dags/tutorial_taskflow_templates.py for tasks to queue
[2025-01-29T15:01:04.772+0000] {logging_mixin.py:190} INFO - [2025-01-29T15:01:04.772+0000] {dagbag.py:588} INFO - Filling up the DagBag from /home/airflow/.local/lib/python3.10/site-packages/airflow/example_dags/tutorial_taskflow_templates.py
[2025-01-29T15:01:04.783+0000] {processor.py:925} INFO - DAG(s) 'tutorial_taskflow_templates' retrieved from /home/airflow/.local/lib/python3.10/site-packages/airflow/example_dags/tutorial_taskflow_templates.py
[2025-01-29T15:01:04.800+0000] {logging_mixin.py:190} INFO - [2025-01-29T15:01:04.800+0000] {dag.py:3239} INFO - Sync 1 DAGs
[2025-01-29T15:01:04.820+0000] {logging_mixin.py:190} INFO - [2025-01-29T15:01:04.820+0000] {dag.py:4180} INFO - Setting next_dagrun for tutorial_taskflow_templates to 2025-01-28T00:00:00+00:00, run_after=2025-01-29T00:00:00+00:00
[2025-01-29T15:01:04.836+0000] {processor.py:208} INFO - Processing /home/airflow/.local/lib/python3.10/site-packages/airflow/example_dags/tutorial_taskflow_templates.py took 0.072 seconds
[2025-01-29T15:01:35.853+0000] {processor.py:186} INFO - Started process (PID=974) to work on /home/airflow/.local/lib/python3.10/site-packages/airflow/example_dags/tutorial_taskflow_templates.py
[2025-01-29T15:01:35.854+0000] {processor.py:914} INFO - Processing file /home/airflow/.local/lib/python3.10/site-packages/airflow/example_dags/tutorial_taskflow_templates.py for tasks to queue
[2025-01-29T15:01:35.856+0000] {logging_mixin.py:190} INFO - [2025-01-29T15:01:35.856+0000] {dagbag.py:588} INFO - Filling up the DagBag from /home/airflow/.local/lib/python3.10/site-packages/airflow/example_dags/tutorial_taskflow_templates.py
[2025-01-29T15:01:35.868+0000] {processor.py:925} INFO - DAG(s) 'tutorial_taskflow_templates' retrieved from /home/airflow/.local/lib/python3.10/site-packages/airflow/example_dags/tutorial_taskflow_templates.py
[2025-01-29T15:01:35.885+0000] {logging_mixin.py:190} INFO - [2025-01-29T15:01:35.885+0000] {dag.py:3239} INFO - Sync 1 DAGs
[2025-01-29T15:01:35.905+0000] {logging_mixin.py:190} INFO - [2025-01-29T15:01:35.905+0000] {dag.py:4180} INFO - Setting next_dagrun for tutorial_taskflow_templates to 2025-01-28T00:00:00+00:00, run_after=2025-01-29T00:00:00+00:00
[2025-01-29T15:01:35.920+0000] {processor.py:208} INFO - Processing /home/airflow/.local/lib/python3.10/site-packages/airflow/example_dags/tutorial_taskflow_templates.py took 0.072 seconds
[2025-01-29T15:02:06.355+0000] {processor.py:186} INFO - Started process (PID=1040) to work on /home/airflow/.local/lib/python3.10/site-packages/airflow/example_dags/tutorial_taskflow_templates.py
[2025-01-29T15:02:06.356+0000] {processor.py:914} INFO - Processing file /home/airflow/.local/lib/python3.10/site-packages/airflow/example_dags/tutorial_taskflow_templates.py for tasks to queue
[2025-01-29T15:02:06.358+0000] {logging_mixin.py:190} INFO - [2025-01-29T15:02:06.358+0000] {dagbag.py:588} INFO - Filling up the DagBag from /home/airflow/.local/lib/python3.10/site-packages/airflow/example_dags/tutorial_taskflow_templates.py
[2025-01-29T15:02:06.370+0000] {processor.py:925} INFO - DAG(s) 'tutorial_taskflow_templates' retrieved from /home/airflow/.local/lib/python3.10/site-packages/airflow/example_dags/tutorial_taskflow_templates.py
[2025-01-29T15:02:06.387+0000] {logging_mixin.py:190} INFO - [2025-01-29T15:02:06.387+0000] {dag.py:3239} INFO - Sync 1 DAGs
[2025-01-29T15:02:06.408+0000] {logging_mixin.py:190} INFO - [2025-01-29T15:02:06.408+0000] {dag.py:4180} INFO - Setting next_dagrun for tutorial_taskflow_templates to 2025-01-28T00:00:00+00:00, run_after=2025-01-29T00:00:00+00:00
[2025-01-29T15:02:06.423+0000] {processor.py:208} INFO - Processing /home/airflow/.local/lib/python3.10/site-packages/airflow/example_dags/tutorial_taskflow_templates.py took 0.073 seconds
[2025-01-29T15:02:36.484+0000] {processor.py:186} INFO - Started process (PID=1106) to work on /home/airflow/.local/lib/python3.10/site-packages/airflow/example_dags/tutorial_taskflow_templates.py
[2025-01-29T15:02:36.485+0000] {processor.py:914} INFO - Processing file /home/airflow/.local/lib/python3.10/site-packages/airflow/example_dags/tutorial_taskflow_templates.py for tasks to queue
[2025-01-29T15:02:36.488+0000] {logging_mixin.py:190} INFO - [2025-01-29T15:02:36.487+0000] {dagbag.py:588} INFO - Filling up the DagBag from /home/airflow/.local/lib/python3.10/site-packages/airflow/example_dags/tutorial_taskflow_templates.py
[2025-01-29T15:02:36.499+0000] {processor.py:925} INFO - DAG(s) 'tutorial_taskflow_templates' retrieved from /home/airflow/.local/lib/python3.10/site-packages/airflow/example_dags/tutorial_taskflow_templates.py
[2025-01-29T15:02:36.517+0000] {logging_mixin.py:190} INFO - [2025-01-29T15:02:36.517+0000] {dag.py:3239} INFO - Sync 1 DAGs
[2025-01-29T15:02:36.538+0000] {logging_mixin.py:190} INFO - [2025-01-29T15:02:36.538+0000] {dag.py:4180} INFO - Setting next_dagrun for tutorial_taskflow_templates to 2025-01-28T00:00:00+00:00, run_after=2025-01-29T00:00:00+00:00
[2025-01-29T15:02:36.552+0000] {processor.py:208} INFO - Processing /home/airflow/.local/lib/python3.10/site-packages/airflow/example_dags/tutorial_taskflow_templates.py took 0.074 seconds
[2025-01-29T15:03:06.863+0000] {processor.py:186} INFO - Started process (PID=1172) to work on /home/airflow/.local/lib/python3.10/site-packages/airflow/example_dags/tutorial_taskflow_templates.py
[2025-01-29T15:03:06.864+0000] {processor.py:914} INFO - Processing file /home/airflow/.local/lib/python3.10/site-packages/airflow/example_dags/tutorial_taskflow_templates.py for tasks to queue
[2025-01-29T15:03:06.866+0000] {logging_mixin.py:190} INFO - [2025-01-29T15:03:06.866+0000] {dagbag.py:588} INFO - Filling up the DagBag from /home/airflow/.local/lib/python3.10/site-packages/airflow/example_dags/tutorial_taskflow_templates.py
[2025-01-29T15:03:06.877+0000] {processor.py:925} INFO - DAG(s) 'tutorial_taskflow_templates' retrieved from /home/airflow/.local/lib/python3.10/site-packages/airflow/example_dags/tutorial_taskflow_templates.py
[2025-01-29T15:03:06.896+0000] {logging_mixin.py:190} INFO - [2025-01-29T15:03:06.895+0000] {dag.py:3239} INFO - Sync 1 DAGs
[2025-01-29T15:03:06.917+0000] {logging_mixin.py:190} INFO - [2025-01-29T15:03:06.917+0000] {dag.py:4180} INFO - Setting next_dagrun for tutorial_taskflow_templates to 2025-01-28T00:00:00+00:00, run_after=2025-01-29T00:00:00+00:00
[2025-01-29T15:03:06.933+0000] {processor.py:208} INFO - Processing /home/airflow/.local/lib/python3.10/site-packages/airflow/example_dags/tutorial_taskflow_templates.py took 0.076 seconds
[2025-01-29T15:03:37.191+0000] {processor.py:186} INFO - Started process (PID=1238) to work on /home/airflow/.local/lib/python3.10/site-packages/airflow/example_dags/tutorial_taskflow_templates.py
[2025-01-29T15:03:37.192+0000] {processor.py:914} INFO - Processing file /home/airflow/.local/lib/python3.10/site-packages/airflow/example_dags/tutorial_taskflow_templates.py for tasks to queue
[2025-01-29T15:03:37.194+0000] {logging_mixin.py:190} INFO - [2025-01-29T15:03:37.194+0000] {dagbag.py:588} INFO - Filling up the DagBag from /home/airflow/.local/lib/python3.10/site-packages/airflow/example_dags/tutorial_taskflow_templates.py
[2025-01-29T15:03:37.205+0000] {processor.py:925} INFO - DAG(s) 'tutorial_taskflow_templates' retrieved from /home/airflow/.local/lib/python3.10/site-packages/airflow/example_dags/tutorial_taskflow_templates.py
[2025-01-29T15:03:37.223+0000] {logging_mixin.py:190} INFO - [2025-01-29T15:03:37.223+0000] {dag.py:3239} INFO - Sync 1 DAGs
[2025-01-29T15:03:37.243+0000] {logging_mixin.py:190} INFO - [2025-01-29T15:03:37.243+0000] {dag.py:4180} INFO - Setting next_dagrun for tutorial_taskflow_templates to 2025-01-28T00:00:00+00:00, run_after=2025-01-29T00:00:00+00:00
[2025-01-29T15:03:37.258+0000] {processor.py:208} INFO - Processing /home/airflow/.local/lib/python3.10/site-packages/airflow/example_dags/tutorial_taskflow_templates.py took 0.072 seconds
[2025-01-29T15:04:07.503+0000] {processor.py:186} INFO - Started process (PID=1304) to work on /home/airflow/.local/lib/python3.10/site-packages/airflow/example_dags/tutorial_taskflow_templates.py
[2025-01-29T15:04:07.504+0000] {processor.py:914} INFO - Processing file /home/airflow/.local/lib/python3.10/site-packages/airflow/example_dags/tutorial_taskflow_templates.py for tasks to queue
[2025-01-29T15:04:07.507+0000] {logging_mixin.py:190} INFO - [2025-01-29T15:04:07.507+0000] {dagbag.py:588} INFO - Filling up the DagBag from /home/airflow/.local/lib/python3.10/site-packages/airflow/example_dags/tutorial_taskflow_templates.py
[2025-01-29T15:04:07.523+0000] {processor.py:925} INFO - DAG(s) 'tutorial_taskflow_templates' retrieved from /home/airflow/.local/lib/python3.10/site-packages/airflow/example_dags/tutorial_taskflow_templates.py
[2025-01-29T15:04:07.547+0000] {logging_mixin.py:190} INFO - [2025-01-29T15:04:07.546+0000] {dag.py:3239} INFO - Sync 1 DAGs
[2025-01-29T15:04:07.577+0000] {logging_mixin.py:190} INFO - [2025-01-29T15:04:07.577+0000] {dag.py:4180} INFO - Setting next_dagrun for tutorial_taskflow_templates to 2025-01-28T00:00:00+00:00, run_after=2025-01-29T00:00:00+00:00
[2025-01-29T15:04:07.600+0000] {processor.py:208} INFO - Processing /home/airflow/.local/lib/python3.10/site-packages/airflow/example_dags/tutorial_taskflow_templates.py took 0.105 seconds
[2025-01-29T15:04:37.878+0000] {processor.py:186} INFO - Started process (PID=1370) to work on /home/airflow/.local/lib/python3.10/site-packages/airflow/example_dags/tutorial_taskflow_templates.py
[2025-01-29T15:04:37.879+0000] {processor.py:914} INFO - Processing file /home/airflow/.local/lib/python3.10/site-packages/airflow/example_dags/tutorial_taskflow_templates.py for tasks to queue
[2025-01-29T15:04:37.882+0000] {logging_mixin.py:190} INFO - [2025-01-29T15:04:37.881+0000] {dagbag.py:588} INFO - Filling up the DagBag from /home/airflow/.local/lib/python3.10/site-packages/airflow/example_dags/tutorial_taskflow_templates.py
[2025-01-29T15:04:37.893+0000] {processor.py:925} INFO - DAG(s) 'tutorial_taskflow_templates' retrieved from /home/airflow/.local/lib/python3.10/site-packages/airflow/example_dags/tutorial_taskflow_templates.py
[2025-01-29T15:04:37.911+0000] {logging_mixin.py:190} INFO - [2025-01-29T15:04:37.911+0000] {dag.py:3239} INFO - Sync 1 DAGs
[2025-01-29T15:04:37.932+0000] {logging_mixin.py:190} INFO - [2025-01-29T15:04:37.931+0000] {dag.py:4180} INFO - Setting next_dagrun for tutorial_taskflow_templates to 2025-01-28T00:00:00+00:00, run_after=2025-01-29T00:00:00+00:00
[2025-01-29T15:04:37.946+0000] {processor.py:208} INFO - Processing /home/airflow/.local/lib/python3.10/site-packages/airflow/example_dags/tutorial_taskflow_templates.py took 0.073 seconds
[2025-01-29T15:05:08.240+0000] {processor.py:186} INFO - Started process (PID=1436) to work on /home/airflow/.local/lib/python3.10/site-packages/airflow/example_dags/tutorial_taskflow_templates.py
[2025-01-29T15:05:08.241+0000] {processor.py:914} INFO - Processing file /home/airflow/.local/lib/python3.10/site-packages/airflow/example_dags/tutorial_taskflow_templates.py for tasks to queue
[2025-01-29T15:05:08.243+0000] {logging_mixin.py:190} INFO - [2025-01-29T15:05:08.243+0000] {dagbag.py:588} INFO - Filling up the DagBag from /home/airflow/.local/lib/python3.10/site-packages/airflow/example_dags/tutorial_taskflow_templates.py
[2025-01-29T15:05:08.254+0000] {processor.py:925} INFO - DAG(s) 'tutorial_taskflow_templates' retrieved from /home/airflow/.local/lib/python3.10/site-packages/airflow/example_dags/tutorial_taskflow_templates.py
[2025-01-29T15:05:08.275+0000] {logging_mixin.py:190} INFO - [2025-01-29T15:05:08.275+0000] {dag.py:3239} INFO - Sync 1 DAGs
[2025-01-29T15:05:08.299+0000] {logging_mixin.py:190} INFO - [2025-01-29T15:05:08.299+0000] {dag.py:4180} INFO - Setting next_dagrun for tutorial_taskflow_templates to 2025-01-28T00:00:00+00:00, run_after=2025-01-29T00:00:00+00:00
[2025-01-29T15:05:08.314+0000] {processor.py:208} INFO - Processing /home/airflow/.local/lib/python3.10/site-packages/airflow/example_dags/tutorial_taskflow_templates.py took 0.079 seconds
[2025-01-29T15:05:39.217+0000] {processor.py:186} INFO - Started process (PID=1502) to work on /home/airflow/.local/lib/python3.10/site-packages/airflow/example_dags/tutorial_taskflow_templates.py
[2025-01-29T15:05:39.218+0000] {processor.py:914} INFO - Processing file /home/airflow/.local/lib/python3.10/site-packages/airflow/example_dags/tutorial_taskflow_templates.py for tasks to queue
[2025-01-29T15:05:39.220+0000] {logging_mixin.py:190} INFO - [2025-01-29T15:05:39.220+0000] {dagbag.py:588} INFO - Filling up the DagBag from /home/airflow/.local/lib/python3.10/site-packages/airflow/example_dags/tutorial_taskflow_templates.py
[2025-01-29T15:05:39.232+0000] {processor.py:925} INFO - DAG(s) 'tutorial_taskflow_templates' retrieved from /home/airflow/.local/lib/python3.10/site-packages/airflow/example_dags/tutorial_taskflow_templates.py
[2025-01-29T15:05:39.250+0000] {logging_mixin.py:190} INFO - [2025-01-29T15:05:39.250+0000] {dag.py:3239} INFO - Sync 1 DAGs
[2025-01-29T15:05:39.270+0000] {logging_mixin.py:190} INFO - [2025-01-29T15:05:39.270+0000] {dag.py:4180} INFO - Setting next_dagrun for tutorial_taskflow_templates to 2025-01-28T00:00:00+00:00, run_after=2025-01-29T00:00:00+00:00
[2025-01-29T15:05:39.284+0000] {processor.py:208} INFO - Processing /home/airflow/.local/lib/python3.10/site-packages/airflow/example_dags/tutorial_taskflow_templates.py took 0.073 seconds
[2025-01-29T15:06:09.637+0000] {processor.py:186} INFO - Started process (PID=1568) to work on /home/airflow/.local/lib/python3.10/site-packages/airflow/example_dags/tutorial_taskflow_templates.py
[2025-01-29T15:06:09.638+0000] {processor.py:914} INFO - Processing file /home/airflow/.local/lib/python3.10/site-packages/airflow/example_dags/tutorial_taskflow_templates.py for tasks to queue
[2025-01-29T15:06:09.640+0000] {logging_mixin.py:190} INFO - [2025-01-29T15:06:09.640+0000] {dagbag.py:588} INFO - Filling up the DagBag from /home/airflow/.local/lib/python3.10/site-packages/airflow/example_dags/tutorial_taskflow_templates.py
[2025-01-29T15:06:09.652+0000] {processor.py:925} INFO - DAG(s) 'tutorial_taskflow_templates' retrieved from /home/airflow/.local/lib/python3.10/site-packages/airflow/example_dags/tutorial_taskflow_templates.py
[2025-01-29T15:06:09.669+0000] {logging_mixin.py:190} INFO - [2025-01-29T15:06:09.669+0000] {dag.py:3239} INFO - Sync 1 DAGs
[2025-01-29T15:06:09.689+0000] {logging_mixin.py:190} INFO - [2025-01-29T15:06:09.689+0000] {dag.py:4180} INFO - Setting next_dagrun for tutorial_taskflow_templates to 2025-01-28T00:00:00+00:00, run_after=2025-01-29T00:00:00+00:00
[2025-01-29T15:06:09.703+0000] {processor.py:208} INFO - Processing /home/airflow/.local/lib/python3.10/site-packages/airflow/example_dags/tutorial_taskflow_templates.py took 0.072 seconds
[2025-01-29T15:06:39.824+0000] {processor.py:186} INFO - Started process (PID=1634) to work on /home/airflow/.local/lib/python3.10/site-packages/airflow/example_dags/tutorial_taskflow_templates.py
[2025-01-29T15:06:39.824+0000] {processor.py:914} INFO - Processing file /home/airflow/.local/lib/python3.10/site-packages/airflow/example_dags/tutorial_taskflow_templates.py for tasks to queue
[2025-01-29T15:06:39.827+0000] {logging_mixin.py:190} INFO - [2025-01-29T15:06:39.827+0000] {dagbag.py:588} INFO - Filling up the DagBag from /home/airflow/.local/lib/python3.10/site-packages/airflow/example_dags/tutorial_taskflow_templates.py
[2025-01-29T15:06:39.838+0000] {processor.py:925} INFO - DAG(s) 'tutorial_taskflow_templates' retrieved from /home/airflow/.local/lib/python3.10/site-packages/airflow/example_dags/tutorial_taskflow_templates.py
[2025-01-29T15:06:39.856+0000] {logging_mixin.py:190} INFO - [2025-01-29T15:06:39.855+0000] {dag.py:3239} INFO - Sync 1 DAGs
[2025-01-29T15:06:39.875+0000] {logging_mixin.py:190} INFO - [2025-01-29T15:06:39.875+0000] {dag.py:4180} INFO - Setting next_dagrun for tutorial_taskflow_templates to 2025-01-28T00:00:00+00:00, run_after=2025-01-29T00:00:00+00:00
[2025-01-29T15:06:39.889+0000] {processor.py:208} INFO - Processing /home/airflow/.local/lib/python3.10/site-packages/airflow/example_dags/tutorial_taskflow_templates.py took 0.071 seconds
[2025-01-29T15:07:10.293+0000] {processor.py:186} INFO - Started process (PID=1700) to work on /home/airflow/.local/lib/python3.10/site-packages/airflow/example_dags/tutorial_taskflow_templates.py
[2025-01-29T15:07:10.294+0000] {processor.py:914} INFO - Processing file /home/airflow/.local/lib/python3.10/site-packages/airflow/example_dags/tutorial_taskflow_templates.py for tasks to queue
[2025-01-29T15:07:10.296+0000] {logging_mixin.py:190} INFO - [2025-01-29T15:07:10.296+0000] {dagbag.py:588} INFO - Filling up the DagBag from /home/airflow/.local/lib/python3.10/site-packages/airflow/example_dags/tutorial_taskflow_templates.py
[2025-01-29T15:07:10.307+0000] {processor.py:925} INFO - DAG(s) 'tutorial_taskflow_templates' retrieved from /home/airflow/.local/lib/python3.10/site-packages/airflow/example_dags/tutorial_taskflow_templates.py
[2025-01-29T15:07:10.325+0000] {logging_mixin.py:190} INFO - [2025-01-29T15:07:10.324+0000] {dag.py:3239} INFO - Sync 1 DAGs
[2025-01-29T15:07:10.346+0000] {logging_mixin.py:190} INFO - [2025-01-29T15:07:10.345+0000] {dag.py:4180} INFO - Setting next_dagrun for tutorial_taskflow_templates to 2025-01-28T00:00:00+00:00, run_after=2025-01-29T00:00:00+00:00
[2025-01-29T15:07:10.361+0000] {processor.py:208} INFO - Processing /home/airflow/.local/lib/python3.10/site-packages/airflow/example_dags/tutorial_taskflow_templates.py took 0.072 seconds
[2025-01-29T15:07:41.191+0000] {processor.py:186} INFO - Started process (PID=1766) to work on /home/airflow/.local/lib/python3.10/site-packages/airflow/example_dags/tutorial_taskflow_templates.py
[2025-01-29T15:07:41.192+0000] {processor.py:914} INFO - Processing file /home/airflow/.local/lib/python3.10/site-packages/airflow/example_dags/tutorial_taskflow_templates.py for tasks to queue
[2025-01-29T15:07:41.195+0000] {logging_mixin.py:190} INFO - [2025-01-29T15:07:41.195+0000] {dagbag.py:588} INFO - Filling up the DagBag from /home/airflow/.local/lib/python3.10/site-packages/airflow/example_dags/tutorial_taskflow_templates.py
[2025-01-29T15:07:41.207+0000] {processor.py:925} INFO - DAG(s) 'tutorial_taskflow_templates' retrieved from /home/airflow/.local/lib/python3.10/site-packages/airflow/example_dags/tutorial_taskflow_templates.py
[2025-01-29T15:07:41.226+0000] {logging_mixin.py:190} INFO - [2025-01-29T15:07:41.225+0000] {dag.py:3239} INFO - Sync 1 DAGs
[2025-01-29T15:07:41.247+0000] {logging_mixin.py:190} INFO - [2025-01-29T15:07:41.247+0000] {dag.py:4180} INFO - Setting next_dagrun for tutorial_taskflow_templates to 2025-01-28T00:00:00+00:00, run_after=2025-01-29T00:00:00+00:00
[2025-01-29T15:07:41.263+0000] {processor.py:208} INFO - Processing /home/airflow/.local/lib/python3.10/site-packages/airflow/example_dags/tutorial_taskflow_templates.py took 0.077 seconds
[2025-01-29T15:08:11.803+0000] {processor.py:186} INFO - Started process (PID=1832) to work on /home/airflow/.local/lib/python3.10/site-packages/airflow/example_dags/tutorial_taskflow_templates.py
[2025-01-29T15:08:11.804+0000] {processor.py:914} INFO - Processing file /home/airflow/.local/lib/python3.10/site-packages/airflow/example_dags/tutorial_taskflow_templates.py for tasks to queue
[2025-01-29T15:08:11.806+0000] {logging_mixin.py:190} INFO - [2025-01-29T15:08:11.806+0000] {dagbag.py:588} INFO - Filling up the DagBag from /home/airflow/.local/lib/python3.10/site-packages/airflow/example_dags/tutorial_taskflow_templates.py
[2025-01-29T15:08:11.817+0000] {processor.py:925} INFO - DAG(s) 'tutorial_taskflow_templates' retrieved from /home/airflow/.local/lib/python3.10/site-packages/airflow/example_dags/tutorial_taskflow_templates.py
[2025-01-29T15:08:11.835+0000] {logging_mixin.py:190} INFO - [2025-01-29T15:08:11.834+0000] {dag.py:3239} INFO - Sync 1 DAGs
[2025-01-29T15:08:11.856+0000] {logging_mixin.py:190} INFO - [2025-01-29T15:08:11.856+0000] {dag.py:4180} INFO - Setting next_dagrun for tutorial_taskflow_templates to 2025-01-28T00:00:00+00:00, run_after=2025-01-29T00:00:00+00:00
[2025-01-29T15:08:11.870+0000] {processor.py:208} INFO - Processing /home/airflow/.local/lib/python3.10/site-packages/airflow/example_dags/tutorial_taskflow_templates.py took 0.072 seconds
[2025-01-29T15:08:43.119+0000] {processor.py:186} INFO - Started process (PID=1898) to work on /home/airflow/.local/lib/python3.10/site-packages/airflow/example_dags/tutorial_taskflow_templates.py
[2025-01-29T15:08:43.120+0000] {processor.py:914} INFO - Processing file /home/airflow/.local/lib/python3.10/site-packages/airflow/example_dags/tutorial_taskflow_templates.py for tasks to queue
[2025-01-29T15:08:43.122+0000] {logging_mixin.py:190} INFO - [2025-01-29T15:08:43.122+0000] {dagbag.py:588} INFO - Filling up the DagBag from /home/airflow/.local/lib/python3.10/site-packages/airflow/example_dags/tutorial_taskflow_templates.py
[2025-01-29T15:08:43.133+0000] {processor.py:925} INFO - DAG(s) 'tutorial_taskflow_templates' retrieved from /home/airflow/.local/lib/python3.10/site-packages/airflow/example_dags/tutorial_taskflow_templates.py
[2025-01-29T15:08:43.152+0000] {logging_mixin.py:190} INFO - [2025-01-29T15:08:43.151+0000] {dag.py:3239} INFO - Sync 1 DAGs
[2025-01-29T15:08:43.173+0000] {logging_mixin.py:190} INFO - [2025-01-29T15:08:43.173+0000] {dag.py:4180} INFO - Setting next_dagrun for tutorial_taskflow_templates to 2025-01-28T00:00:00+00:00, run_after=2025-01-29T00:00:00+00:00
[2025-01-29T15:08:43.188+0000] {processor.py:208} INFO - Processing /home/airflow/.local/lib/python3.10/site-packages/airflow/example_dags/tutorial_taskflow_templates.py took 0.074 seconds
[2025-01-29T15:09:14.601+0000] {processor.py:186} INFO - Started process (PID=1964) to work on /home/airflow/.local/lib/python3.10/site-packages/airflow/example_dags/tutorial_taskflow_templates.py
[2025-01-29T15:09:14.602+0000] {processor.py:914} INFO - Processing file /home/airflow/.local/lib/python3.10/site-packages/airflow/example_dags/tutorial_taskflow_templates.py for tasks to queue
[2025-01-29T15:09:14.604+0000] {logging_mixin.py:190} INFO - [2025-01-29T15:09:14.603+0000] {dagbag.py:588} INFO - Filling up the DagBag from /home/airflow/.local/lib/python3.10/site-packages/airflow/example_dags/tutorial_taskflow_templates.py
[2025-01-29T15:09:14.615+0000] {processor.py:925} INFO - DAG(s) 'tutorial_taskflow_templates' retrieved from /home/airflow/.local/lib/python3.10/site-packages/airflow/example_dags/tutorial_taskflow_templates.py
[2025-01-29T15:09:14.633+0000] {logging_mixin.py:190} INFO - [2025-01-29T15:09:14.633+0000] {dag.py:3239} INFO - Sync 1 DAGs
[2025-01-29T15:09:14.811+0000] {logging_mixin.py:190} INFO - [2025-01-29T15:09:14.811+0000] {dag.py:4180} INFO - Setting next_dagrun for tutorial_taskflow_templates to 2025-01-28T00:00:00+00:00, run_after=2025-01-29T00:00:00+00:00
[2025-01-29T15:09:14.826+0000] {processor.py:208} INFO - Processing /home/airflow/.local/lib/python3.10/site-packages/airflow/example_dags/tutorial_taskflow_templates.py took 0.230 seconds
[2025-01-29T15:09:45.078+0000] {processor.py:186} INFO - Started process (PID=2030) to work on /home/airflow/.local/lib/python3.10/site-packages/airflow/example_dags/tutorial_taskflow_templates.py
[2025-01-29T15:09:45.078+0000] {processor.py:914} INFO - Processing file /home/airflow/.local/lib/python3.10/site-packages/airflow/example_dags/tutorial_taskflow_templates.py for tasks to queue
[2025-01-29T15:09:45.081+0000] {logging_mixin.py:190} INFO - [2025-01-29T15:09:45.080+0000] {dagbag.py:588} INFO - Filling up the DagBag from /home/airflow/.local/lib/python3.10/site-packages/airflow/example_dags/tutorial_taskflow_templates.py
[2025-01-29T15:09:45.092+0000] {processor.py:925} INFO - DAG(s) 'tutorial_taskflow_templates' retrieved from /home/airflow/.local/lib/python3.10/site-packages/airflow/example_dags/tutorial_taskflow_templates.py
[2025-01-29T15:09:45.111+0000] {logging_mixin.py:190} INFO - [2025-01-29T15:09:45.111+0000] {dag.py:3239} INFO - Sync 1 DAGs
[2025-01-29T15:09:45.286+0000] {logging_mixin.py:190} INFO - [2025-01-29T15:09:45.286+0000] {dag.py:4180} INFO - Setting next_dagrun for tutorial_taskflow_templates to 2025-01-28T00:00:00+00:00, run_after=2025-01-29T00:00:00+00:00
[2025-01-29T15:09:45.301+0000] {processor.py:208} INFO - Processing /home/airflow/.local/lib/python3.10/site-packages/airflow/example_dags/tutorial_taskflow_templates.py took 0.228 seconds
[2025-01-29T15:10:16.346+0000] {processor.py:186} INFO - Started process (PID=2096) to work on /home/airflow/.local/lib/python3.10/site-packages/airflow/example_dags/tutorial_taskflow_templates.py
[2025-01-29T15:10:16.347+0000] {processor.py:914} INFO - Processing file /home/airflow/.local/lib/python3.10/site-packages/airflow/example_dags/tutorial_taskflow_templates.py for tasks to queue
[2025-01-29T15:10:16.349+0000] {logging_mixin.py:190} INFO - [2025-01-29T15:10:16.349+0000] {dagbag.py:588} INFO - Filling up the DagBag from /home/airflow/.local/lib/python3.10/site-packages/airflow/example_dags/tutorial_taskflow_templates.py
[2025-01-29T15:10:16.360+0000] {processor.py:925} INFO - DAG(s) 'tutorial_taskflow_templates' retrieved from /home/airflow/.local/lib/python3.10/site-packages/airflow/example_dags/tutorial_taskflow_templates.py
[2025-01-29T15:10:16.377+0000] {logging_mixin.py:190} INFO - [2025-01-29T15:10:16.376+0000] {dag.py:3239} INFO - Sync 1 DAGs
[2025-01-29T15:10:16.559+0000] {logging_mixin.py:190} INFO - [2025-01-29T15:10:16.559+0000] {dag.py:4180} INFO - Setting next_dagrun for tutorial_taskflow_templates to 2025-01-28T00:00:00+00:00, run_after=2025-01-29T00:00:00+00:00
[2025-01-29T15:10:16.574+0000] {processor.py:208} INFO - Processing /home/airflow/.local/lib/python3.10/site-packages/airflow/example_dags/tutorial_taskflow_templates.py took 0.233 seconds
[2025-01-29T15:10:46.913+0000] {processor.py:186} INFO - Started process (PID=2162) to work on /home/airflow/.local/lib/python3.10/site-packages/airflow/example_dags/tutorial_taskflow_templates.py
[2025-01-29T15:10:46.914+0000] {processor.py:914} INFO - Processing file /home/airflow/.local/lib/python3.10/site-packages/airflow/example_dags/tutorial_taskflow_templates.py for tasks to queue
[2025-01-29T15:10:46.916+0000] {logging_mixin.py:190} INFO - [2025-01-29T15:10:46.916+0000] {dagbag.py:588} INFO - Filling up the DagBag from /home/airflow/.local/lib/python3.10/site-packages/airflow/example_dags/tutorial_taskflow_templates.py
[2025-01-29T15:10:46.927+0000] {processor.py:925} INFO - DAG(s) 'tutorial_taskflow_templates' retrieved from /home/airflow/.local/lib/python3.10/site-packages/airflow/example_dags/tutorial_taskflow_templates.py
[2025-01-29T15:10:46.943+0000] {logging_mixin.py:190} INFO - [2025-01-29T15:10:46.943+0000] {dag.py:3239} INFO - Sync 1 DAGs
[2025-01-29T15:10:47.123+0000] {logging_mixin.py:190} INFO - [2025-01-29T15:10:47.123+0000] {dag.py:4180} INFO - Setting next_dagrun for tutorial_taskflow_templates to 2025-01-28T00:00:00+00:00, run_after=2025-01-29T00:00:00+00:00
[2025-01-29T15:10:47.138+0000] {processor.py:208} INFO - Processing /home/airflow/.local/lib/python3.10/site-packages/airflow/example_dags/tutorial_taskflow_templates.py took 0.230 seconds
[2025-01-29T15:11:17.505+0000] {processor.py:186} INFO - Started process (PID=2228) to work on /home/airflow/.local/lib/python3.10/site-packages/airflow/example_dags/tutorial_taskflow_templates.py
[2025-01-29T15:11:17.506+0000] {processor.py:914} INFO - Processing file /home/airflow/.local/lib/python3.10/site-packages/airflow/example_dags/tutorial_taskflow_templates.py for tasks to queue
[2025-01-29T15:11:17.509+0000] {logging_mixin.py:190} INFO - [2025-01-29T15:11:17.509+0000] {dagbag.py:588} INFO - Filling up the DagBag from /home/airflow/.local/lib/python3.10/site-packages/airflow/example_dags/tutorial_taskflow_templates.py
[2025-01-29T15:11:17.524+0000] {processor.py:925} INFO - DAG(s) 'tutorial_taskflow_templates' retrieved from /home/airflow/.local/lib/python3.10/site-packages/airflow/example_dags/tutorial_taskflow_templates.py
[2025-01-29T15:11:17.544+0000] {logging_mixin.py:190} INFO - [2025-01-29T15:11:17.543+0000] {dag.py:3239} INFO - Sync 1 DAGs
[2025-01-29T15:11:17.568+0000] {logging_mixin.py:190} INFO - [2025-01-29T15:11:17.568+0000] {dag.py:4180} INFO - Setting next_dagrun for tutorial_taskflow_templates to 2025-01-28T00:00:00+00:00, run_after=2025-01-29T00:00:00+00:00
[2025-01-29T15:11:17.590+0000] {processor.py:208} INFO - Processing /home/airflow/.local/lib/python3.10/site-packages/airflow/example_dags/tutorial_taskflow_templates.py took 0.092 seconds
[2025-01-29T15:11:48.121+0000] {processor.py:186} INFO - Started process (PID=2294) to work on /home/airflow/.local/lib/python3.10/site-packages/airflow/example_dags/tutorial_taskflow_templates.py
[2025-01-29T15:11:48.122+0000] {processor.py:914} INFO - Processing file /home/airflow/.local/lib/python3.10/site-packages/airflow/example_dags/tutorial_taskflow_templates.py for tasks to queue
[2025-01-29T15:11:48.124+0000] {logging_mixin.py:190} INFO - [2025-01-29T15:11:48.124+0000] {dagbag.py:588} INFO - Filling up the DagBag from /home/airflow/.local/lib/python3.10/site-packages/airflow/example_dags/tutorial_taskflow_templates.py
[2025-01-29T15:11:48.136+0000] {processor.py:925} INFO - DAG(s) 'tutorial_taskflow_templates' retrieved from /home/airflow/.local/lib/python3.10/site-packages/airflow/example_dags/tutorial_taskflow_templates.py
[2025-01-29T15:11:48.154+0000] {logging_mixin.py:190} INFO - [2025-01-29T15:11:48.153+0000] {dag.py:3239} INFO - Sync 1 DAGs
[2025-01-29T15:11:48.173+0000] {logging_mixin.py:190} INFO - [2025-01-29T15:11:48.173+0000] {dag.py:4180} INFO - Setting next_dagrun for tutorial_taskflow_templates to 2025-01-28T00:00:00+00:00, run_after=2025-01-29T00:00:00+00:00
[2025-01-29T15:11:48.188+0000] {processor.py:208} INFO - Processing /home/airflow/.local/lib/python3.10/site-packages/airflow/example_dags/tutorial_taskflow_templates.py took 0.072 seconds
[2025-01-29T15:12:18.305+0000] {processor.py:186} INFO - Started process (PID=2360) to work on /home/airflow/.local/lib/python3.10/site-packages/airflow/example_dags/tutorial_taskflow_templates.py
[2025-01-29T15:12:18.306+0000] {processor.py:914} INFO - Processing file /home/airflow/.local/lib/python3.10/site-packages/airflow/example_dags/tutorial_taskflow_templates.py for tasks to queue
[2025-01-29T15:12:18.308+0000] {logging_mixin.py:190} INFO - [2025-01-29T15:12:18.308+0000] {dagbag.py:588} INFO - Filling up the DagBag from /home/airflow/.local/lib/python3.10/site-packages/airflow/example_dags/tutorial_taskflow_templates.py
[2025-01-29T15:12:18.320+0000] {processor.py:925} INFO - DAG(s) 'tutorial_taskflow_templates' retrieved from /home/airflow/.local/lib/python3.10/site-packages/airflow/example_dags/tutorial_taskflow_templates.py
[2025-01-29T15:12:18.338+0000] {logging_mixin.py:190} INFO - [2025-01-29T15:12:18.338+0000] {dag.py:3239} INFO - Sync 1 DAGs
[2025-01-29T15:12:18.361+0000] {logging_mixin.py:190} INFO - [2025-01-29T15:12:18.360+0000] {dag.py:4180} INFO - Setting next_dagrun for tutorial_taskflow_templates to 2025-01-28T00:00:00+00:00, run_after=2025-01-29T00:00:00+00:00
[2025-01-29T15:12:18.377+0000] {processor.py:208} INFO - Processing /home/airflow/.local/lib/python3.10/site-packages/airflow/example_dags/tutorial_taskflow_templates.py took 0.077 seconds
[2025-01-29T15:12:48.425+0000] {processor.py:186} INFO - Started process (PID=2426) to work on /home/airflow/.local/lib/python3.10/site-packages/airflow/example_dags/tutorial_taskflow_templates.py
[2025-01-29T15:12:48.425+0000] {processor.py:914} INFO - Processing file /home/airflow/.local/lib/python3.10/site-packages/airflow/example_dags/tutorial_taskflow_templates.py for tasks to queue
[2025-01-29T15:12:48.428+0000] {logging_mixin.py:190} INFO - [2025-01-29T15:12:48.428+0000] {dagbag.py:588} INFO - Filling up the DagBag from /home/airflow/.local/lib/python3.10/site-packages/airflow/example_dags/tutorial_taskflow_templates.py
[2025-01-29T15:12:48.439+0000] {processor.py:925} INFO - DAG(s) 'tutorial_taskflow_templates' retrieved from /home/airflow/.local/lib/python3.10/site-packages/airflow/example_dags/tutorial_taskflow_templates.py
[2025-01-29T15:12:48.457+0000] {logging_mixin.py:190} INFO - [2025-01-29T15:12:48.457+0000] {dag.py:3239} INFO - Sync 1 DAGs
[2025-01-29T15:12:48.477+0000] {logging_mixin.py:190} INFO - [2025-01-29T15:12:48.477+0000] {dag.py:4180} INFO - Setting next_dagrun for tutorial_taskflow_templates to 2025-01-28T00:00:00+00:00, run_after=2025-01-29T00:00:00+00:00
[2025-01-29T15:12:48.494+0000] {processor.py:208} INFO - Processing /home/airflow/.local/lib/python3.10/site-packages/airflow/example_dags/tutorial_taskflow_templates.py took 0.074 seconds
[2025-01-29T15:13:19.731+0000] {processor.py:186} INFO - Started process (PID=2492) to work on /home/airflow/.local/lib/python3.10/site-packages/airflow/example_dags/tutorial_taskflow_templates.py
[2025-01-29T15:13:19.732+0000] {processor.py:914} INFO - Processing file /home/airflow/.local/lib/python3.10/site-packages/airflow/example_dags/tutorial_taskflow_templates.py for tasks to queue
[2025-01-29T15:13:19.734+0000] {logging_mixin.py:190} INFO - [2025-01-29T15:13:19.734+0000] {dagbag.py:588} INFO - Filling up the DagBag from /home/airflow/.local/lib/python3.10/site-packages/airflow/example_dags/tutorial_taskflow_templates.py
[2025-01-29T15:13:19.745+0000] {processor.py:925} INFO - DAG(s) 'tutorial_taskflow_templates' retrieved from /home/airflow/.local/lib/python3.10/site-packages/airflow/example_dags/tutorial_taskflow_templates.py
[2025-01-29T15:13:19.763+0000] {logging_mixin.py:190} INFO - [2025-01-29T15:13:19.763+0000] {dag.py:3239} INFO - Sync 1 DAGs
[2025-01-29T15:13:19.782+0000] {logging_mixin.py:190} INFO - [2025-01-29T15:13:19.782+0000] {dag.py:4180} INFO - Setting next_dagrun for tutorial_taskflow_templates to 2025-01-28T00:00:00+00:00, run_after=2025-01-29T00:00:00+00:00
[2025-01-29T15:13:19.798+0000] {processor.py:208} INFO - Processing /home/airflow/.local/lib/python3.10/site-packages/airflow/example_dags/tutorial_taskflow_templates.py took 0.072 seconds
[2025-01-29T15:13:50.007+0000] {processor.py:186} INFO - Started process (PID=2557) to work on /home/airflow/.local/lib/python3.10/site-packages/airflow/example_dags/tutorial_taskflow_templates.py
[2025-01-29T15:13:50.008+0000] {processor.py:914} INFO - Processing file /home/airflow/.local/lib/python3.10/site-packages/airflow/example_dags/tutorial_taskflow_templates.py for tasks to queue
[2025-01-29T15:13:50.010+0000] {logging_mixin.py:190} INFO - [2025-01-29T15:13:50.010+0000] {dagbag.py:588} INFO - Filling up the DagBag from /home/airflow/.local/lib/python3.10/site-packages/airflow/example_dags/tutorial_taskflow_templates.py
[2025-01-29T15:13:50.021+0000] {processor.py:925} INFO - DAG(s) 'tutorial_taskflow_templates' retrieved from /home/airflow/.local/lib/python3.10/site-packages/airflow/example_dags/tutorial_taskflow_templates.py
[2025-01-29T15:13:50.038+0000] {logging_mixin.py:190} INFO - [2025-01-29T15:13:50.038+0000] {dag.py:3239} INFO - Sync 1 DAGs
[2025-01-29T15:13:50.057+0000] {logging_mixin.py:190} INFO - [2025-01-29T15:13:50.057+0000] {dag.py:4180} INFO - Setting next_dagrun for tutorial_taskflow_templates to 2025-01-28T00:00:00+00:00, run_after=2025-01-29T00:00:00+00:00
[2025-01-29T15:13:50.072+0000] {processor.py:208} INFO - Processing /home/airflow/.local/lib/python3.10/site-packages/airflow/example_dags/tutorial_taskflow_templates.py took 0.070 seconds
[2025-01-29T15:14:20.250+0000] {processor.py:186} INFO - Started process (PID=2623) to work on /home/airflow/.local/lib/python3.10/site-packages/airflow/example_dags/tutorial_taskflow_templates.py
[2025-01-29T15:14:20.251+0000] {processor.py:914} INFO - Processing file /home/airflow/.local/lib/python3.10/site-packages/airflow/example_dags/tutorial_taskflow_templates.py for tasks to queue
[2025-01-29T15:14:20.253+0000] {logging_mixin.py:190} INFO - [2025-01-29T15:14:20.253+0000] {dagbag.py:588} INFO - Filling up the DagBag from /home/airflow/.local/lib/python3.10/site-packages/airflow/example_dags/tutorial_taskflow_templates.py
[2025-01-29T15:14:20.264+0000] {processor.py:925} INFO - DAG(s) 'tutorial_taskflow_templates' retrieved from /home/airflow/.local/lib/python3.10/site-packages/airflow/example_dags/tutorial_taskflow_templates.py
[2025-01-29T15:14:20.282+0000] {logging_mixin.py:190} INFO - [2025-01-29T15:14:20.281+0000] {dag.py:3239} INFO - Sync 1 DAGs
[2025-01-29T15:14:20.301+0000] {logging_mixin.py:190} INFO - [2025-01-29T15:14:20.301+0000] {dag.py:4180} INFO - Setting next_dagrun for tutorial_taskflow_templates to 2025-01-28T00:00:00+00:00, run_after=2025-01-29T00:00:00+00:00
[2025-01-29T15:14:20.318+0000] {processor.py:208} INFO - Processing /home/airflow/.local/lib/python3.10/site-packages/airflow/example_dags/tutorial_taskflow_templates.py took 0.073 seconds
[2025-01-29T15:14:50.423+0000] {processor.py:186} INFO - Started process (PID=2689) to work on /home/airflow/.local/lib/python3.10/site-packages/airflow/example_dags/tutorial_taskflow_templates.py
[2025-01-29T15:14:50.424+0000] {processor.py:914} INFO - Processing file /home/airflow/.local/lib/python3.10/site-packages/airflow/example_dags/tutorial_taskflow_templates.py for tasks to queue
[2025-01-29T15:14:50.426+0000] {logging_mixin.py:190} INFO - [2025-01-29T15:14:50.426+0000] {dagbag.py:588} INFO - Filling up the DagBag from /home/airflow/.local/lib/python3.10/site-packages/airflow/example_dags/tutorial_taskflow_templates.py
[2025-01-29T15:14:50.438+0000] {processor.py:925} INFO - DAG(s) 'tutorial_taskflow_templates' retrieved from /home/airflow/.local/lib/python3.10/site-packages/airflow/example_dags/tutorial_taskflow_templates.py
[2025-01-29T15:14:50.455+0000] {logging_mixin.py:190} INFO - [2025-01-29T15:14:50.455+0000] {dag.py:3239} INFO - Sync 1 DAGs
[2025-01-29T15:14:50.475+0000] {logging_mixin.py:190} INFO - [2025-01-29T15:14:50.475+0000] {dag.py:4180} INFO - Setting next_dagrun for tutorial_taskflow_templates to 2025-01-28T00:00:00+00:00, run_after=2025-01-29T00:00:00+00:00
[2025-01-29T15:14:50.491+0000] {processor.py:208} INFO - Processing /home/airflow/.local/lib/python3.10/site-packages/airflow/example_dags/tutorial_taskflow_templates.py took 0.073 seconds
[2025-01-29T15:15:20.869+0000] {processor.py:186} INFO - Started process (PID=2755) to work on /home/airflow/.local/lib/python3.10/site-packages/airflow/example_dags/tutorial_taskflow_templates.py
[2025-01-29T15:15:20.870+0000] {processor.py:914} INFO - Processing file /home/airflow/.local/lib/python3.10/site-packages/airflow/example_dags/tutorial_taskflow_templates.py for tasks to queue
[2025-01-29T15:15:20.873+0000] {logging_mixin.py:190} INFO - [2025-01-29T15:15:20.873+0000] {dagbag.py:588} INFO - Filling up the DagBag from /home/airflow/.local/lib/python3.10/site-packages/airflow/example_dags/tutorial_taskflow_templates.py
[2025-01-29T15:15:20.885+0000] {processor.py:925} INFO - DAG(s) 'tutorial_taskflow_templates' retrieved from /home/airflow/.local/lib/python3.10/site-packages/airflow/example_dags/tutorial_taskflow_templates.py
[2025-01-29T15:15:20.903+0000] {logging_mixin.py:190} INFO - [2025-01-29T15:15:20.903+0000] {dag.py:3239} INFO - Sync 1 DAGs
[2025-01-29T15:15:20.926+0000] {logging_mixin.py:190} INFO - [2025-01-29T15:15:20.926+0000] {dag.py:4180} INFO - Setting next_dagrun for tutorial_taskflow_templates to 2025-01-28T00:00:00+00:00, run_after=2025-01-29T00:00:00+00:00
[2025-01-29T15:15:20.943+0000] {processor.py:208} INFO - Processing /home/airflow/.local/lib/python3.10/site-packages/airflow/example_dags/tutorial_taskflow_templates.py took 0.079 seconds
[2025-01-29T15:15:51.674+0000] {processor.py:186} INFO - Started process (PID=2821) to work on /home/airflow/.local/lib/python3.10/site-packages/airflow/example_dags/tutorial_taskflow_templates.py
[2025-01-29T15:15:51.675+0000] {processor.py:914} INFO - Processing file /home/airflow/.local/lib/python3.10/site-packages/airflow/example_dags/tutorial_taskflow_templates.py for tasks to queue
[2025-01-29T15:15:51.677+0000] {logging_mixin.py:190} INFO - [2025-01-29T15:15:51.677+0000] {dagbag.py:588} INFO - Filling up the DagBag from /home/airflow/.local/lib/python3.10/site-packages/airflow/example_dags/tutorial_taskflow_templates.py
[2025-01-29T15:15:51.688+0000] {processor.py:925} INFO - DAG(s) 'tutorial_taskflow_templates' retrieved from /home/airflow/.local/lib/python3.10/site-packages/airflow/example_dags/tutorial_taskflow_templates.py
[2025-01-29T15:15:51.706+0000] {logging_mixin.py:190} INFO - [2025-01-29T15:15:51.706+0000] {dag.py:3239} INFO - Sync 1 DAGs
[2025-01-29T15:15:51.738+0000] {logging_mixin.py:190} INFO - [2025-01-29T15:15:51.738+0000] {dag.py:4180} INFO - Setting next_dagrun for tutorial_taskflow_templates to 2025-01-28T00:00:00+00:00, run_after=2025-01-29T00:00:00+00:00
[2025-01-29T15:15:51.756+0000] {processor.py:208} INFO - Processing /home/airflow/.local/lib/python3.10/site-packages/airflow/example_dags/tutorial_taskflow_templates.py took 0.088 seconds
[2025-01-29T15:16:21.982+0000] {processor.py:186} INFO - Started process (PID=2887) to work on /home/airflow/.local/lib/python3.10/site-packages/airflow/example_dags/tutorial_taskflow_templates.py
[2025-01-29T15:16:21.983+0000] {processor.py:914} INFO - Processing file /home/airflow/.local/lib/python3.10/site-packages/airflow/example_dags/tutorial_taskflow_templates.py for tasks to queue
[2025-01-29T15:16:21.985+0000] {logging_mixin.py:190} INFO - [2025-01-29T15:16:21.985+0000] {dagbag.py:588} INFO - Filling up the DagBag from /home/airflow/.local/lib/python3.10/site-packages/airflow/example_dags/tutorial_taskflow_templates.py
[2025-01-29T15:16:21.997+0000] {processor.py:925} INFO - DAG(s) 'tutorial_taskflow_templates' retrieved from /home/airflow/.local/lib/python3.10/site-packages/airflow/example_dags/tutorial_taskflow_templates.py
[2025-01-29T15:16:22.014+0000] {logging_mixin.py:190} INFO - [2025-01-29T15:16:22.014+0000] {dag.py:3239} INFO - Sync 1 DAGs
[2025-01-29T15:16:22.035+0000] {logging_mixin.py:190} INFO - [2025-01-29T15:16:22.035+0000] {dag.py:4180} INFO - Setting next_dagrun for tutorial_taskflow_templates to 2025-01-28T00:00:00+00:00, run_after=2025-01-29T00:00:00+00:00
[2025-01-29T15:16:22.050+0000] {processor.py:208} INFO - Processing /home/airflow/.local/lib/python3.10/site-packages/airflow/example_dags/tutorial_taskflow_templates.py took 0.073 seconds
[2025-01-29T15:16:52.260+0000] {processor.py:186} INFO - Started process (PID=2953) to work on /home/airflow/.local/lib/python3.10/site-packages/airflow/example_dags/tutorial_taskflow_templates.py
[2025-01-29T15:16:52.261+0000] {processor.py:914} INFO - Processing file /home/airflow/.local/lib/python3.10/site-packages/airflow/example_dags/tutorial_taskflow_templates.py for tasks to queue
[2025-01-29T15:16:52.263+0000] {logging_mixin.py:190} INFO - [2025-01-29T15:16:52.263+0000] {dagbag.py:588} INFO - Filling up the DagBag from /home/airflow/.local/lib/python3.10/site-packages/airflow/example_dags/tutorial_taskflow_templates.py
[2025-01-29T15:16:52.277+0000] {processor.py:925} INFO - DAG(s) 'tutorial_taskflow_templates' retrieved from /home/airflow/.local/lib/python3.10/site-packages/airflow/example_dags/tutorial_taskflow_templates.py
[2025-01-29T15:16:52.297+0000] {logging_mixin.py:190} INFO - [2025-01-29T15:16:52.297+0000] {dag.py:3239} INFO - Sync 1 DAGs
[2025-01-29T15:16:52.320+0000] {logging_mixin.py:190} INFO - [2025-01-29T15:16:52.320+0000] {dag.py:4180} INFO - Setting next_dagrun for tutorial_taskflow_templates to 2025-01-28T00:00:00+00:00, run_after=2025-01-29T00:00:00+00:00
[2025-01-29T15:16:52.337+0000] {processor.py:208} INFO - Processing /home/airflow/.local/lib/python3.10/site-packages/airflow/example_dags/tutorial_taskflow_templates.py took 0.083 seconds
[2025-01-29T15:17:22.457+0000] {processor.py:186} INFO - Started process (PID=3019) to work on /home/airflow/.local/lib/python3.10/site-packages/airflow/example_dags/tutorial_taskflow_templates.py
[2025-01-29T15:17:22.458+0000] {processor.py:914} INFO - Processing file /home/airflow/.local/lib/python3.10/site-packages/airflow/example_dags/tutorial_taskflow_templates.py for tasks to queue
[2025-01-29T15:17:22.460+0000] {logging_mixin.py:190} INFO - [2025-01-29T15:17:22.460+0000] {dagbag.py:588} INFO - Filling up the DagBag from /home/airflow/.local/lib/python3.10/site-packages/airflow/example_dags/tutorial_taskflow_templates.py
[2025-01-29T15:17:22.471+0000] {processor.py:925} INFO - DAG(s) 'tutorial_taskflow_templates' retrieved from /home/airflow/.local/lib/python3.10/site-packages/airflow/example_dags/tutorial_taskflow_templates.py
[2025-01-29T15:17:22.489+0000] {logging_mixin.py:190} INFO - [2025-01-29T15:17:22.489+0000] {dag.py:3239} INFO - Sync 1 DAGs
[2025-01-29T15:17:22.509+0000] {logging_mixin.py:190} INFO - [2025-01-29T15:17:22.509+0000] {dag.py:4180} INFO - Setting next_dagrun for tutorial_taskflow_templates to 2025-01-28T00:00:00+00:00, run_after=2025-01-29T00:00:00+00:00
[2025-01-29T15:17:22.524+0000] {processor.py:208} INFO - Processing /home/airflow/.local/lib/python3.10/site-packages/airflow/example_dags/tutorial_taskflow_templates.py took 0.072 seconds
[2025-01-29T15:17:52.752+0000] {processor.py:186} INFO - Started process (PID=3085) to work on /home/airflow/.local/lib/python3.10/site-packages/airflow/example_dags/tutorial_taskflow_templates.py
[2025-01-29T15:17:52.753+0000] {processor.py:914} INFO - Processing file /home/airflow/.local/lib/python3.10/site-packages/airflow/example_dags/tutorial_taskflow_templates.py for tasks to queue
[2025-01-29T15:17:52.755+0000] {logging_mixin.py:190} INFO - [2025-01-29T15:17:52.755+0000] {dagbag.py:588} INFO - Filling up the DagBag from /home/airflow/.local/lib/python3.10/site-packages/airflow/example_dags/tutorial_taskflow_templates.py
[2025-01-29T15:17:52.767+0000] {processor.py:925} INFO - DAG(s) 'tutorial_taskflow_templates' retrieved from /home/airflow/.local/lib/python3.10/site-packages/airflow/example_dags/tutorial_taskflow_templates.py
[2025-01-29T15:17:52.785+0000] {logging_mixin.py:190} INFO - [2025-01-29T15:17:52.784+0000] {dag.py:3239} INFO - Sync 1 DAGs
[2025-01-29T15:17:52.804+0000] {logging_mixin.py:190} INFO - [2025-01-29T15:17:52.804+0000] {dag.py:4180} INFO - Setting next_dagrun for tutorial_taskflow_templates to 2025-01-28T00:00:00+00:00, run_after=2025-01-29T00:00:00+00:00
[2025-01-29T15:17:52.818+0000] {processor.py:208} INFO - Processing /home/airflow/.local/lib/python3.10/site-packages/airflow/example_dags/tutorial_taskflow_templates.py took 0.072 seconds
