[2025-01-08T07:33:55.413+0000] {processor.py:157} INFO - Started process (PID=55) to work on /opt/airflow/dags/churn.py
[2025-01-08T07:33:55.415+0000] {processor.py:829} INFO - Processing file /opt/airflow/dags/churn.py for tasks to queue
[2025-01-08T07:33:55.419+0000] {logging_mixin.py:154} INFO - [2025-01-08T07:33:55.418+0000] {dagbag.py:536} INFO - Filling up the DagBag from /opt/airflow/dags/churn.py
[2025-01-08T07:33:57.084+0000] {processor.py:839} INFO - DAG(s) dict_keys(['prepare_churn_dataset']) retrieved from /opt/airflow/dags/churn.py
[2025-01-08T07:33:57.322+0000] {logging_mixin.py:154} INFO - [2025-01-08T07:33:57.322+0000] {manager.py:499} INFO - Created Permission View: %s
[2025-01-08T07:33:57.335+0000] {logging_mixin.py:154} INFO - [2025-01-08T07:33:57.335+0000] {manager.py:499} INFO - Created Permission View: %s
[2025-01-08T07:33:57.345+0000] {logging_mixin.py:154} INFO - [2025-01-08T07:33:57.345+0000] {manager.py:499} INFO - Created Permission View: %s
[2025-01-08T07:33:57.346+0000] {logging_mixin.py:154} INFO - [2025-01-08T07:33:57.345+0000] {dag.py:2941} INFO - Sync 1 DAGs
[2025-01-08T07:33:57.358+0000] {logging_mixin.py:154} INFO - [2025-01-08T07:33:57.358+0000] {dag.py:2963} INFO - Creating ORM DAG for prepare_churn_dataset
[2025-01-08T07:33:57.371+0000] {logging_mixin.py:154} INFO - [2025-01-08T07:33:57.370+0000] {dag.py:3722} INFO - Setting next_dagrun for prepare_churn_dataset to 2023-01-01T00:00:00+00:00, run_after=2023-01-01T00:00:00+00:00
[2025-01-08T07:33:57.393+0000] {processor.py:179} INFO - Processing /opt/airflow/dags/churn.py took 1.985 seconds
[2025-01-08T07:34:27.746+0000] {processor.py:157} INFO - Started process (PID=120) to work on /opt/airflow/dags/churn.py
[2025-01-08T07:34:27.747+0000] {processor.py:829} INFO - Processing file /opt/airflow/dags/churn.py for tasks to queue
[2025-01-08T07:34:27.749+0000] {logging_mixin.py:154} INFO - [2025-01-08T07:34:27.749+0000] {dagbag.py:536} INFO - Filling up the DagBag from /opt/airflow/dags/churn.py
[2025-01-08T07:34:28.175+0000] {processor.py:839} INFO - DAG(s) dict_keys(['prepare_churn_dataset']) retrieved from /opt/airflow/dags/churn.py
[2025-01-08T07:34:28.195+0000] {logging_mixin.py:154} INFO - [2025-01-08T07:34:28.194+0000] {dag.py:2941} INFO - Sync 1 DAGs
[2025-01-08T07:34:28.213+0000] {logging_mixin.py:154} INFO - [2025-01-08T07:34:28.213+0000] {dag.py:3722} INFO - Setting next_dagrun for prepare_churn_dataset to 2023-01-01T00:00:00+00:00, run_after=2023-01-01T00:00:00+00:00
[2025-01-08T07:34:28.231+0000] {processor.py:179} INFO - Processing /opt/airflow/dags/churn.py took 0.488 seconds
[2025-01-08T07:34:58.600+0000] {processor.py:157} INFO - Started process (PID=179) to work on /opt/airflow/dags/churn.py
[2025-01-08T07:34:58.601+0000] {processor.py:829} INFO - Processing file /opt/airflow/dags/churn.py for tasks to queue
[2025-01-08T07:34:58.603+0000] {logging_mixin.py:154} INFO - [2025-01-08T07:34:58.603+0000] {dagbag.py:536} INFO - Filling up the DagBag from /opt/airflow/dags/churn.py
[2025-01-08T07:34:59.057+0000] {processor.py:839} INFO - DAG(s) dict_keys(['prepare_churn_dataset']) retrieved from /opt/airflow/dags/churn.py
[2025-01-08T07:34:59.075+0000] {logging_mixin.py:154} INFO - [2025-01-08T07:34:59.075+0000] {dag.py:2941} INFO - Sync 1 DAGs
[2025-01-08T07:34:59.094+0000] {logging_mixin.py:154} INFO - [2025-01-08T07:34:59.093+0000] {dag.py:3722} INFO - Setting next_dagrun for prepare_churn_dataset to 2023-01-01T00:00:00+00:00, run_after=2023-01-01T00:00:00+00:00
[2025-01-08T07:34:59.112+0000] {processor.py:179} INFO - Processing /opt/airflow/dags/churn.py took 0.516 seconds
[2025-01-08T07:35:29.386+0000] {processor.py:157} INFO - Started process (PID=234) to work on /opt/airflow/dags/churn.py
[2025-01-08T07:35:29.387+0000] {processor.py:829} INFO - Processing file /opt/airflow/dags/churn.py for tasks to queue
[2025-01-08T07:35:29.389+0000] {logging_mixin.py:154} INFO - [2025-01-08T07:35:29.389+0000] {dagbag.py:536} INFO - Filling up the DagBag from /opt/airflow/dags/churn.py
[2025-01-08T07:35:29.816+0000] {processor.py:839} INFO - DAG(s) dict_keys(['prepare_churn_dataset']) retrieved from /opt/airflow/dags/churn.py
[2025-01-08T07:35:29.832+0000] {logging_mixin.py:154} INFO - [2025-01-08T07:35:29.831+0000] {dag.py:2941} INFO - Sync 1 DAGs
[2025-01-08T07:35:29.850+0000] {logging_mixin.py:154} INFO - [2025-01-08T07:35:29.850+0000] {dag.py:3722} INFO - Setting next_dagrun for prepare_churn_dataset to 2023-01-01T00:00:00+00:00, run_after=2023-01-01T00:00:00+00:00
[2025-01-08T07:35:29.868+0000] {processor.py:179} INFO - Processing /opt/airflow/dags/churn.py took 0.484 seconds
[2025-01-08T07:36:00.121+0000] {processor.py:157} INFO - Started process (PID=293) to work on /opt/airflow/dags/churn.py
[2025-01-08T07:36:00.122+0000] {processor.py:829} INFO - Processing file /opt/airflow/dags/churn.py for tasks to queue
[2025-01-08T07:36:00.124+0000] {logging_mixin.py:154} INFO - [2025-01-08T07:36:00.124+0000] {dagbag.py:536} INFO - Filling up the DagBag from /opt/airflow/dags/churn.py
[2025-01-08T07:36:00.578+0000] {processor.py:839} INFO - DAG(s) dict_keys(['prepare_churn_dataset']) retrieved from /opt/airflow/dags/churn.py
[2025-01-08T07:36:00.595+0000] {logging_mixin.py:154} INFO - [2025-01-08T07:36:00.594+0000] {dag.py:2941} INFO - Sync 1 DAGs
[2025-01-08T07:36:00.612+0000] {logging_mixin.py:154} INFO - [2025-01-08T07:36:00.612+0000] {dag.py:3722} INFO - Setting next_dagrun for prepare_churn_dataset to 2023-01-01T00:00:00+00:00, run_after=2023-01-01T00:00:00+00:00
[2025-01-08T07:36:00.630+0000] {processor.py:179} INFO - Processing /opt/airflow/dags/churn.py took 0.512 seconds
[2025-01-08T07:36:30.824+0000] {processor.py:157} INFO - Started process (PID=350) to work on /opt/airflow/dags/churn.py
[2025-01-08T07:36:30.825+0000] {processor.py:829} INFO - Processing file /opt/airflow/dags/churn.py for tasks to queue
[2025-01-08T07:36:30.827+0000] {logging_mixin.py:154} INFO - [2025-01-08T07:36:30.827+0000] {dagbag.py:536} INFO - Filling up the DagBag from /opt/airflow/dags/churn.py
[2025-01-08T07:36:31.263+0000] {processor.py:839} INFO - DAG(s) dict_keys(['prepare_churn_dataset']) retrieved from /opt/airflow/dags/churn.py
[2025-01-08T07:36:31.279+0000] {logging_mixin.py:154} INFO - [2025-01-08T07:36:31.278+0000] {dag.py:2941} INFO - Sync 1 DAGs
[2025-01-08T07:36:31.296+0000] {logging_mixin.py:154} INFO - [2025-01-08T07:36:31.296+0000] {dag.py:3722} INFO - Setting next_dagrun for prepare_churn_dataset to 2023-01-01T00:00:00+00:00, run_after=2023-01-01T00:00:00+00:00
[2025-01-08T07:36:31.313+0000] {processor.py:179} INFO - Processing /opt/airflow/dags/churn.py took 0.492 seconds
[2025-01-08T07:37:01.442+0000] {processor.py:157} INFO - Started process (PID=407) to work on /opt/airflow/dags/churn.py
[2025-01-08T07:37:01.443+0000] {processor.py:829} INFO - Processing file /opt/airflow/dags/churn.py for tasks to queue
[2025-01-08T07:37:01.445+0000] {logging_mixin.py:154} INFO - [2025-01-08T07:37:01.445+0000] {dagbag.py:536} INFO - Filling up the DagBag from /opt/airflow/dags/churn.py
[2025-01-08T07:37:01.868+0000] {processor.py:839} INFO - DAG(s) dict_keys(['prepare_churn_dataset']) retrieved from /opt/airflow/dags/churn.py
[2025-01-08T07:37:01.884+0000] {logging_mixin.py:154} INFO - [2025-01-08T07:37:01.883+0000] {dag.py:2941} INFO - Sync 1 DAGs
[2025-01-08T07:37:01.903+0000] {logging_mixin.py:154} INFO - [2025-01-08T07:37:01.903+0000] {dag.py:3722} INFO - Setting next_dagrun for prepare_churn_dataset to 2023-01-01T00:00:00+00:00, run_after=2023-01-01T00:00:00+00:00
[2025-01-08T07:37:01.920+0000] {processor.py:179} INFO - Processing /opt/airflow/dags/churn.py took 0.481 seconds
[2025-01-08T07:37:32.123+0000] {processor.py:157} INFO - Started process (PID=465) to work on /opt/airflow/dags/churn.py
[2025-01-08T07:37:32.124+0000] {processor.py:829} INFO - Processing file /opt/airflow/dags/churn.py for tasks to queue
[2025-01-08T07:37:32.126+0000] {logging_mixin.py:154} INFO - [2025-01-08T07:37:32.126+0000] {dagbag.py:536} INFO - Filling up the DagBag from /opt/airflow/dags/churn.py
[2025-01-08T07:37:32.556+0000] {processor.py:839} INFO - DAG(s) dict_keys(['prepare_churn_dataset']) retrieved from /opt/airflow/dags/churn.py
[2025-01-08T07:37:32.572+0000] {logging_mixin.py:154} INFO - [2025-01-08T07:37:32.572+0000] {dag.py:2941} INFO - Sync 1 DAGs
[2025-01-08T07:37:32.590+0000] {logging_mixin.py:154} INFO - [2025-01-08T07:37:32.589+0000] {dag.py:3722} INFO - Setting next_dagrun for prepare_churn_dataset to 2023-01-01T00:00:00+00:00, run_after=2023-01-01T00:00:00+00:00
[2025-01-08T07:37:32.612+0000] {processor.py:179} INFO - Processing /opt/airflow/dags/churn.py took 0.492 seconds
[2025-01-08T07:38:02.648+0000] {processor.py:157} INFO - Started process (PID=521) to work on /opt/airflow/dags/churn.py
[2025-01-08T07:38:02.649+0000] {processor.py:829} INFO - Processing file /opt/airflow/dags/churn.py for tasks to queue
[2025-01-08T07:38:02.651+0000] {logging_mixin.py:154} INFO - [2025-01-08T07:38:02.650+0000] {dagbag.py:536} INFO - Filling up the DagBag from /opt/airflow/dags/churn.py
[2025-01-08T07:38:03.164+0000] {processor.py:839} INFO - DAG(s) dict_keys(['prepare_churn_dataset']) retrieved from /opt/airflow/dags/churn.py
[2025-01-08T07:38:03.185+0000] {logging_mixin.py:154} INFO - [2025-01-08T07:38:03.185+0000] {dag.py:2941} INFO - Sync 1 DAGs
[2025-01-08T07:38:03.206+0000] {logging_mixin.py:154} INFO - [2025-01-08T07:38:03.206+0000] {dag.py:3722} INFO - Setting next_dagrun for prepare_churn_dataset to 2023-01-01T00:00:00+00:00, run_after=2023-01-01T00:00:00+00:00
[2025-01-08T07:38:03.226+0000] {processor.py:179} INFO - Processing /opt/airflow/dags/churn.py took 0.581 seconds
[2025-01-08T07:38:34.008+0000] {processor.py:157} INFO - Started process (PID=579) to work on /opt/airflow/dags/churn.py
[2025-01-08T07:38:34.008+0000] {processor.py:829} INFO - Processing file /opt/airflow/dags/churn.py for tasks to queue
[2025-01-08T07:38:34.010+0000] {logging_mixin.py:154} INFO - [2025-01-08T07:38:34.010+0000] {dagbag.py:536} INFO - Filling up the DagBag from /opt/airflow/dags/churn.py
[2025-01-08T07:38:34.442+0000] {processor.py:839} INFO - DAG(s) dict_keys(['prepare_churn_dataset']) retrieved from /opt/airflow/dags/churn.py
[2025-01-08T07:38:34.458+0000] {logging_mixin.py:154} INFO - [2025-01-08T07:38:34.457+0000] {dag.py:2941} INFO - Sync 1 DAGs
[2025-01-08T07:38:34.476+0000] {logging_mixin.py:154} INFO - [2025-01-08T07:38:34.476+0000] {dag.py:3722} INFO - Setting next_dagrun for prepare_churn_dataset to 2023-01-01T00:00:00+00:00, run_after=2023-01-01T00:00:00+00:00
[2025-01-08T07:38:34.492+0000] {processor.py:179} INFO - Processing /opt/airflow/dags/churn.py took 0.487 seconds
[2025-01-08T07:39:04.882+0000] {processor.py:157} INFO - Started process (PID=635) to work on /opt/airflow/dags/churn.py
[2025-01-08T07:39:04.883+0000] {processor.py:829} INFO - Processing file /opt/airflow/dags/churn.py for tasks to queue
[2025-01-08T07:39:04.885+0000] {logging_mixin.py:154} INFO - [2025-01-08T07:39:04.884+0000] {dagbag.py:536} INFO - Filling up the DagBag from /opt/airflow/dags/churn.py
[2025-01-08T07:39:05.283+0000] {processor.py:839} INFO - DAG(s) dict_keys(['prepare_churn_dataset']) retrieved from /opt/airflow/dags/churn.py
[2025-01-08T07:39:05.298+0000] {logging_mixin.py:154} INFO - [2025-01-08T07:39:05.298+0000] {dag.py:2941} INFO - Sync 1 DAGs
[2025-01-08T07:39:05.316+0000] {logging_mixin.py:154} INFO - [2025-01-08T07:39:05.315+0000] {dag.py:3722} INFO - Setting next_dagrun for prepare_churn_dataset to 2023-01-01T00:00:00+00:00, run_after=2023-01-01T00:00:00+00:00
[2025-01-08T07:39:05.333+0000] {processor.py:179} INFO - Processing /opt/airflow/dags/churn.py took 0.454 seconds
[2025-01-08T07:39:35.604+0000] {processor.py:157} INFO - Started process (PID=691) to work on /opt/airflow/dags/churn.py
[2025-01-08T07:39:35.605+0000] {processor.py:829} INFO - Processing file /opt/airflow/dags/churn.py for tasks to queue
[2025-01-08T07:39:35.606+0000] {logging_mixin.py:154} INFO - [2025-01-08T07:39:35.606+0000] {dagbag.py:536} INFO - Filling up the DagBag from /opt/airflow/dags/churn.py
[2025-01-08T07:39:36.004+0000] {processor.py:839} INFO - DAG(s) dict_keys(['prepare_churn_dataset']) retrieved from /opt/airflow/dags/churn.py
[2025-01-08T07:39:36.020+0000] {logging_mixin.py:154} INFO - [2025-01-08T07:39:36.019+0000] {dag.py:2941} INFO - Sync 1 DAGs
[2025-01-08T07:39:36.036+0000] {logging_mixin.py:154} INFO - [2025-01-08T07:39:36.036+0000] {dag.py:3722} INFO - Setting next_dagrun for prepare_churn_dataset to 2023-01-01T00:00:00+00:00, run_after=2023-01-01T00:00:00+00:00
[2025-01-08T07:39:36.056+0000] {processor.py:179} INFO - Processing /opt/airflow/dags/churn.py took 0.456 seconds
[2025-01-08T07:40:06.223+0000] {processor.py:157} INFO - Started process (PID=751) to work on /opt/airflow/dags/churn.py
[2025-01-08T07:40:06.224+0000] {processor.py:829} INFO - Processing file /opt/airflow/dags/churn.py for tasks to queue
[2025-01-08T07:40:06.227+0000] {logging_mixin.py:154} INFO - [2025-01-08T07:40:06.227+0000] {dagbag.py:536} INFO - Filling up the DagBag from /opt/airflow/dags/churn.py
[2025-01-08T07:40:05.146+0000] {processor.py:839} INFO - DAG(s) dict_keys(['prepare_churn_dataset']) retrieved from /opt/airflow/dags/churn.py
[2025-01-08T07:40:05.161+0000] {logging_mixin.py:154} INFO - [2025-01-08T07:40:05.160+0000] {dag.py:2941} INFO - Sync 1 DAGs
[2025-01-08T07:40:05.178+0000] {logging_mixin.py:154} INFO - [2025-01-08T07:40:05.178+0000] {dag.py:3722} INFO - Setting next_dagrun for prepare_churn_dataset to 2023-01-01T00:00:00+00:00, run_after=2023-01-01T00:00:00+00:00
[2025-01-08T07:40:05.192+0000] {processor.py:179} INFO - Processing /opt/airflow/dags/churn.py took 0.479 seconds
[2025-01-08T07:40:35.502+0000] {processor.py:157} INFO - Started process (PID=810) to work on /opt/airflow/dags/churn.py
[2025-01-08T07:40:35.503+0000] {processor.py:829} INFO - Processing file /opt/airflow/dags/churn.py for tasks to queue
[2025-01-08T07:40:35.505+0000] {logging_mixin.py:154} INFO - [2025-01-08T07:40:35.504+0000] {dagbag.py:536} INFO - Filling up the DagBag from /opt/airflow/dags/churn.py
[2025-01-08T07:40:35.887+0000] {processor.py:839} INFO - DAG(s) dict_keys(['prepare_churn_dataset']) retrieved from /opt/airflow/dags/churn.py
[2025-01-08T07:40:35.903+0000] {logging_mixin.py:154} INFO - [2025-01-08T07:40:35.903+0000] {dag.py:2941} INFO - Sync 1 DAGs
[2025-01-08T07:40:35.922+0000] {logging_mixin.py:154} INFO - [2025-01-08T07:40:35.921+0000] {dag.py:3722} INFO - Setting next_dagrun for prepare_churn_dataset to 2023-01-01T00:00:00+00:00, run_after=2023-01-01T00:00:00+00:00
[2025-01-08T07:40:35.943+0000] {processor.py:179} INFO - Processing /opt/airflow/dags/churn.py took 0.444 seconds
[2025-01-08T07:41:06.009+0000] {processor.py:157} INFO - Started process (PID=860) to work on /opt/airflow/dags/churn.py
[2025-01-08T07:41:06.010+0000] {processor.py:829} INFO - Processing file /opt/airflow/dags/churn.py for tasks to queue
[2025-01-08T07:41:06.012+0000] {logging_mixin.py:154} INFO - [2025-01-08T07:41:06.012+0000] {dagbag.py:536} INFO - Filling up the DagBag from /opt/airflow/dags/churn.py
[2025-01-08T07:41:06.431+0000] {processor.py:839} INFO - DAG(s) dict_keys(['prepare_churn_dataset']) retrieved from /opt/airflow/dags/churn.py
[2025-01-08T07:41:06.447+0000] {logging_mixin.py:154} INFO - [2025-01-08T07:41:06.446+0000] {dag.py:2941} INFO - Sync 1 DAGs
[2025-01-08T07:41:06.464+0000] {logging_mixin.py:154} INFO - [2025-01-08T07:41:06.464+0000] {dag.py:3722} INFO - Setting next_dagrun for prepare_churn_dataset to 2023-01-01T00:00:00+00:00, run_after=2023-01-01T00:00:00+00:00
[2025-01-08T07:41:06.478+0000] {processor.py:179} INFO - Processing /opt/airflow/dags/churn.py took 0.472 seconds
[2025-01-08T07:41:36.652+0000] {processor.py:157} INFO - Started process (PID=916) to work on /opt/airflow/dags/churn.py
[2025-01-08T07:41:36.653+0000] {processor.py:829} INFO - Processing file /opt/airflow/dags/churn.py for tasks to queue
[2025-01-08T07:41:36.655+0000] {logging_mixin.py:154} INFO - [2025-01-08T07:41:36.655+0000] {dagbag.py:536} INFO - Filling up the DagBag from /opt/airflow/dags/churn.py
[2025-01-08T07:41:37.071+0000] {processor.py:839} INFO - DAG(s) dict_keys(['prepare_churn_dataset']) retrieved from /opt/airflow/dags/churn.py
[2025-01-08T07:41:37.088+0000] {logging_mixin.py:154} INFO - [2025-01-08T07:41:37.087+0000] {dag.py:2941} INFO - Sync 1 DAGs
[2025-01-08T07:41:37.106+0000] {logging_mixin.py:154} INFO - [2025-01-08T07:41:37.105+0000] {dag.py:3722} INFO - Setting next_dagrun for prepare_churn_dataset to 2023-01-01T00:00:00+00:00, run_after=2023-01-01T00:00:00+00:00
[2025-01-08T07:41:37.121+0000] {processor.py:179} INFO - Processing /opt/airflow/dags/churn.py took 0.471 seconds
[2025-01-08T07:42:07.948+0000] {processor.py:157} INFO - Started process (PID=972) to work on /opt/airflow/dags/churn.py
[2025-01-08T07:42:07.949+0000] {processor.py:829} INFO - Processing file /opt/airflow/dags/churn.py for tasks to queue
[2025-01-08T07:42:07.950+0000] {logging_mixin.py:154} INFO - [2025-01-08T07:42:07.950+0000] {dagbag.py:536} INFO - Filling up the DagBag from /opt/airflow/dags/churn.py
[2025-01-08T07:42:08.389+0000] {processor.py:839} INFO - DAG(s) dict_keys(['prepare_churn_dataset']) retrieved from /opt/airflow/dags/churn.py
[2025-01-08T07:42:08.406+0000] {logging_mixin.py:154} INFO - [2025-01-08T07:42:08.405+0000] {dag.py:2941} INFO - Sync 1 DAGs
[2025-01-08T07:42:08.424+0000] {logging_mixin.py:154} INFO - [2025-01-08T07:42:08.423+0000] {dag.py:3722} INFO - Setting next_dagrun for prepare_churn_dataset to 2023-01-01T00:00:00+00:00, run_after=2023-01-01T00:00:00+00:00
[2025-01-08T07:42:08.439+0000] {processor.py:179} INFO - Processing /opt/airflow/dags/churn.py took 0.494 seconds
[2025-01-08T07:42:38.541+0000] {processor.py:157} INFO - Started process (PID=1028) to work on /opt/airflow/dags/churn.py
[2025-01-08T07:42:38.541+0000] {processor.py:829} INFO - Processing file /opt/airflow/dags/churn.py for tasks to queue
[2025-01-08T07:42:38.543+0000] {logging_mixin.py:154} INFO - [2025-01-08T07:42:38.543+0000] {dagbag.py:536} INFO - Filling up the DagBag from /opt/airflow/dags/churn.py
[2025-01-08T07:42:38.970+0000] {processor.py:839} INFO - DAG(s) dict_keys(['prepare_churn_dataset']) retrieved from /opt/airflow/dags/churn.py
[2025-01-08T07:42:38.986+0000] {logging_mixin.py:154} INFO - [2025-01-08T07:42:38.986+0000] {dag.py:2941} INFO - Sync 1 DAGs
[2025-01-08T07:42:39.003+0000] {logging_mixin.py:154} INFO - [2025-01-08T07:42:39.003+0000] {dag.py:3722} INFO - Setting next_dagrun for prepare_churn_dataset to 2023-01-01T00:00:00+00:00, run_after=2023-01-01T00:00:00+00:00
[2025-01-08T07:42:39.020+0000] {processor.py:179} INFO - Processing /opt/airflow/dags/churn.py took 0.483 seconds
[2025-01-08T07:43:09.827+0000] {processor.py:157} INFO - Started process (PID=1084) to work on /opt/airflow/dags/churn.py
[2025-01-08T07:43:09.828+0000] {processor.py:829} INFO - Processing file /opt/airflow/dags/churn.py for tasks to queue
[2025-01-08T07:43:09.830+0000] {logging_mixin.py:154} INFO - [2025-01-08T07:43:09.830+0000] {dagbag.py:536} INFO - Filling up the DagBag from /opt/airflow/dags/churn.py
[2025-01-08T07:43:10.253+0000] {processor.py:839} INFO - DAG(s) dict_keys(['prepare_churn_dataset']) retrieved from /opt/airflow/dags/churn.py
[2025-01-08T07:43:10.270+0000] {logging_mixin.py:154} INFO - [2025-01-08T07:43:10.270+0000] {dag.py:2941} INFO - Sync 1 DAGs
[2025-01-08T07:43:10.288+0000] {logging_mixin.py:154} INFO - [2025-01-08T07:43:10.288+0000] {dag.py:3722} INFO - Setting next_dagrun for prepare_churn_dataset to 2023-01-01T00:00:00+00:00, run_after=2023-01-01T00:00:00+00:00
[2025-01-08T07:43:10.303+0000] {processor.py:179} INFO - Processing /opt/airflow/dags/churn.py took 0.478 seconds
[2025-01-08T07:43:41.156+0000] {processor.py:157} INFO - Started process (PID=1141) to work on /opt/airflow/dags/churn.py
[2025-01-08T07:43:41.157+0000] {processor.py:829} INFO - Processing file /opt/airflow/dags/churn.py for tasks to queue
[2025-01-08T07:43:41.159+0000] {logging_mixin.py:154} INFO - [2025-01-08T07:43:41.159+0000] {dagbag.py:536} INFO - Filling up the DagBag from /opt/airflow/dags/churn.py
[2025-01-08T07:43:41.590+0000] {processor.py:839} INFO - DAG(s) dict_keys(['prepare_churn_dataset']) retrieved from /opt/airflow/dags/churn.py
[2025-01-08T07:43:41.606+0000] {logging_mixin.py:154} INFO - [2025-01-08T07:43:41.605+0000] {dag.py:2941} INFO - Sync 1 DAGs
[2025-01-08T07:43:41.624+0000] {logging_mixin.py:154} INFO - [2025-01-08T07:43:41.624+0000] {dag.py:3722} INFO - Setting next_dagrun for prepare_churn_dataset to 2023-01-01T00:00:00+00:00, run_after=2023-01-01T00:00:00+00:00
[2025-01-08T07:43:41.641+0000] {processor.py:179} INFO - Processing /opt/airflow/dags/churn.py took 0.488 seconds
[2025-01-08T07:44:11.676+0000] {processor.py:157} INFO - Started process (PID=1198) to work on /opt/airflow/dags/churn.py
[2025-01-08T07:44:11.677+0000] {processor.py:829} INFO - Processing file /opt/airflow/dags/churn.py for tasks to queue
[2025-01-08T07:44:11.679+0000] {logging_mixin.py:154} INFO - [2025-01-08T07:44:11.679+0000] {dagbag.py:536} INFO - Filling up the DagBag from /opt/airflow/dags/churn.py
[2025-01-08T07:44:12.110+0000] {processor.py:839} INFO - DAG(s) dict_keys(['prepare_churn_dataset']) retrieved from /opt/airflow/dags/churn.py
[2025-01-08T07:44:12.127+0000] {logging_mixin.py:154} INFO - [2025-01-08T07:44:12.127+0000] {dag.py:2941} INFO - Sync 1 DAGs
[2025-01-08T07:44:12.147+0000] {logging_mixin.py:154} INFO - [2025-01-08T07:44:12.147+0000] {dag.py:3722} INFO - Setting next_dagrun for prepare_churn_dataset to 2023-01-01T00:00:00+00:00, run_after=2023-01-01T00:00:00+00:00
[2025-01-08T07:44:12.165+0000] {processor.py:179} INFO - Processing /opt/airflow/dags/churn.py took 0.491 seconds
[2025-01-08T07:44:42.909+0000] {processor.py:157} INFO - Started process (PID=1253) to work on /opt/airflow/dags/churn.py
[2025-01-08T07:44:42.910+0000] {processor.py:829} INFO - Processing file /opt/airflow/dags/churn.py for tasks to queue
[2025-01-08T07:44:42.912+0000] {logging_mixin.py:154} INFO - [2025-01-08T07:44:42.912+0000] {dagbag.py:536} INFO - Filling up the DagBag from /opt/airflow/dags/churn.py
[2025-01-08T07:44:43.397+0000] {processor.py:839} INFO - DAG(s) dict_keys(['prepare_churn_dataset']) retrieved from /opt/airflow/dags/churn.py
[2025-01-08T07:44:43.415+0000] {logging_mixin.py:154} INFO - [2025-01-08T07:44:43.414+0000] {dag.py:2941} INFO - Sync 1 DAGs
[2025-01-08T07:44:43.432+0000] {logging_mixin.py:154} INFO - [2025-01-08T07:44:43.432+0000] {dag.py:3722} INFO - Setting next_dagrun for prepare_churn_dataset to 2023-01-01T00:00:00+00:00, run_after=2023-01-01T00:00:00+00:00
[2025-01-08T07:44:43.448+0000] {processor.py:179} INFO - Processing /opt/airflow/dags/churn.py took 0.543 seconds
[2025-01-08T07:45:13.581+0000] {processor.py:157} INFO - Started process (PID=1310) to work on /opt/airflow/dags/churn.py
[2025-01-08T07:45:13.583+0000] {processor.py:829} INFO - Processing file /opt/airflow/dags/churn.py for tasks to queue
[2025-01-08T07:45:13.585+0000] {logging_mixin.py:154} INFO - [2025-01-08T07:45:13.585+0000] {dagbag.py:536} INFO - Filling up the DagBag from /opt/airflow/dags/churn.py
[2025-01-08T07:45:14.055+0000] {processor.py:839} INFO - DAG(s) dict_keys(['prepare_churn_dataset']) retrieved from /opt/airflow/dags/churn.py
[2025-01-08T07:45:14.079+0000] {logging_mixin.py:154} INFO - [2025-01-08T07:45:14.079+0000] {dag.py:2941} INFO - Sync 1 DAGs
[2025-01-08T07:45:14.103+0000] {logging_mixin.py:154} INFO - [2025-01-08T07:45:14.103+0000] {dag.py:3722} INFO - Setting next_dagrun for prepare_churn_dataset to 2023-01-01T00:00:00+00:00, run_after=2023-01-01T00:00:00+00:00
[2025-01-08T07:45:14.123+0000] {processor.py:179} INFO - Processing /opt/airflow/dags/churn.py took 0.545 seconds
[2025-01-08T07:45:44.205+0000] {processor.py:157} INFO - Started process (PID=1366) to work on /opt/airflow/dags/churn.py
[2025-01-08T07:45:44.206+0000] {processor.py:829} INFO - Processing file /opt/airflow/dags/churn.py for tasks to queue
[2025-01-08T07:45:44.208+0000] {logging_mixin.py:154} INFO - [2025-01-08T07:45:44.208+0000] {dagbag.py:536} INFO - Filling up the DagBag from /opt/airflow/dags/churn.py
[2025-01-08T07:45:44.628+0000] {processor.py:839} INFO - DAG(s) dict_keys(['prepare_churn_dataset']) retrieved from /opt/airflow/dags/churn.py
[2025-01-08T07:45:44.643+0000] {logging_mixin.py:154} INFO - [2025-01-08T07:45:44.643+0000] {dag.py:2941} INFO - Sync 1 DAGs
[2025-01-08T07:45:44.662+0000] {logging_mixin.py:154} INFO - [2025-01-08T07:45:44.662+0000] {dag.py:3722} INFO - Setting next_dagrun for prepare_churn_dataset to 2023-01-01T00:00:00+00:00, run_after=2023-01-01T00:00:00+00:00
[2025-01-08T07:45:44.680+0000] {processor.py:179} INFO - Processing /opt/airflow/dags/churn.py took 0.478 seconds
[2025-01-08T07:46:14.727+0000] {processor.py:157} INFO - Started process (PID=1421) to work on /opt/airflow/dags/churn.py
[2025-01-08T07:46:14.728+0000] {processor.py:829} INFO - Processing file /opt/airflow/dags/churn.py for tasks to queue
[2025-01-08T07:46:14.730+0000] {logging_mixin.py:154} INFO - [2025-01-08T07:46:14.730+0000] {dagbag.py:536} INFO - Filling up the DagBag from /opt/airflow/dags/churn.py
[2025-01-08T07:46:15.174+0000] {processor.py:839} INFO - DAG(s) dict_keys(['prepare_churn_dataset']) retrieved from /opt/airflow/dags/churn.py
[2025-01-08T07:46:15.189+0000] {logging_mixin.py:154} INFO - [2025-01-08T07:46:15.189+0000] {dag.py:2941} INFO - Sync 1 DAGs
[2025-01-08T07:46:15.206+0000] {logging_mixin.py:154} INFO - [2025-01-08T07:46:15.206+0000] {dag.py:3722} INFO - Setting next_dagrun for prepare_churn_dataset to 2023-01-01T00:00:00+00:00, run_after=2023-01-01T00:00:00+00:00
[2025-01-08T07:46:15.222+0000] {processor.py:179} INFO - Processing /opt/airflow/dags/churn.py took 0.498 seconds
[2025-01-08T07:46:45.412+0000] {processor.py:157} INFO - Started process (PID=1483) to work on /opt/airflow/dags/churn.py
[2025-01-08T07:46:45.413+0000] {processor.py:829} INFO - Processing file /opt/airflow/dags/churn.py for tasks to queue
[2025-01-08T07:46:45.418+0000] {logging_mixin.py:154} INFO - [2025-01-08T07:46:45.418+0000] {dagbag.py:536} INFO - Filling up the DagBag from /opt/airflow/dags/churn.py
[2025-01-08T07:46:45.933+0000] {processor.py:839} INFO - DAG(s) dict_keys(['prepare_churn_dataset']) retrieved from /opt/airflow/dags/churn.py
[2025-01-08T07:46:45.952+0000] {logging_mixin.py:154} INFO - [2025-01-08T07:46:45.951+0000] {dag.py:2941} INFO - Sync 1 DAGs
[2025-01-08T07:46:45.973+0000] {logging_mixin.py:154} INFO - [2025-01-08T07:46:45.972+0000] {dag.py:3722} INFO - Setting next_dagrun for prepare_churn_dataset to 2023-01-01T00:00:00+00:00, run_after=2023-01-01T00:00:00+00:00
[2025-01-08T07:46:45.991+0000] {processor.py:179} INFO - Processing /opt/airflow/dags/churn.py took 0.583 seconds
[2025-01-08T07:47:16.246+0000] {processor.py:157} INFO - Started process (PID=1541) to work on /opt/airflow/dags/churn.py
[2025-01-08T07:47:16.247+0000] {processor.py:829} INFO - Processing file /opt/airflow/dags/churn.py for tasks to queue
[2025-01-08T07:47:16.249+0000] {logging_mixin.py:154} INFO - [2025-01-08T07:47:16.248+0000] {dagbag.py:536} INFO - Filling up the DagBag from /opt/airflow/dags/churn.py
[2025-01-08T07:47:16.699+0000] {processor.py:839} INFO - DAG(s) dict_keys(['prepare_churn_dataset']) retrieved from /opt/airflow/dags/churn.py
[2025-01-08T07:47:16.721+0000] {logging_mixin.py:154} INFO - [2025-01-08T07:47:16.720+0000] {dag.py:2941} INFO - Sync 1 DAGs
[2025-01-08T07:47:16.742+0000] {logging_mixin.py:154} INFO - [2025-01-08T07:47:16.741+0000] {dag.py:3722} INFO - Setting next_dagrun for prepare_churn_dataset to 2023-01-01T00:00:00+00:00, run_after=2023-01-01T00:00:00+00:00
[2025-01-08T07:47:16.757+0000] {processor.py:179} INFO - Processing /opt/airflow/dags/churn.py took 0.514 seconds
[2025-01-08T07:47:46.872+0000] {processor.py:157} INFO - Started process (PID=1600) to work on /opt/airflow/dags/churn.py
[2025-01-08T07:47:46.872+0000] {processor.py:829} INFO - Processing file /opt/airflow/dags/churn.py for tasks to queue
[2025-01-08T07:47:46.874+0000] {logging_mixin.py:154} INFO - [2025-01-08T07:47:46.874+0000] {dagbag.py:536} INFO - Filling up the DagBag from /opt/airflow/dags/churn.py
[2025-01-08T07:47:47.293+0000] {processor.py:839} INFO - DAG(s) dict_keys(['prepare_churn_dataset']) retrieved from /opt/airflow/dags/churn.py
[2025-01-08T07:47:47.309+0000] {logging_mixin.py:154} INFO - [2025-01-08T07:47:47.308+0000] {dag.py:2941} INFO - Sync 1 DAGs
[2025-01-08T07:47:47.326+0000] {logging_mixin.py:154} INFO - [2025-01-08T07:47:47.326+0000] {dag.py:3722} INFO - Setting next_dagrun for prepare_churn_dataset to 2023-01-01T00:00:00+00:00, run_after=2023-01-01T00:00:00+00:00
[2025-01-08T07:47:47.343+0000] {processor.py:179} INFO - Processing /opt/airflow/dags/churn.py took 0.474 seconds
[2025-01-08T07:48:18.148+0000] {processor.py:157} INFO - Started process (PID=1656) to work on /opt/airflow/dags/churn.py
[2025-01-08T07:48:18.149+0000] {processor.py:829} INFO - Processing file /opt/airflow/dags/churn.py for tasks to queue
[2025-01-08T07:48:18.150+0000] {logging_mixin.py:154} INFO - [2025-01-08T07:48:18.150+0000] {dagbag.py:536} INFO - Filling up the DagBag from /opt/airflow/dags/churn.py
[2025-01-08T07:48:18.562+0000] {processor.py:839} INFO - DAG(s) dict_keys(['prepare_churn_dataset']) retrieved from /opt/airflow/dags/churn.py
[2025-01-08T07:48:18.580+0000] {logging_mixin.py:154} INFO - [2025-01-08T07:48:18.579+0000] {dag.py:2941} INFO - Sync 1 DAGs
[2025-01-08T07:48:18.599+0000] {logging_mixin.py:154} INFO - [2025-01-08T07:48:18.598+0000] {dag.py:3722} INFO - Setting next_dagrun for prepare_churn_dataset to 2023-01-01T00:00:00+00:00, run_after=2023-01-01T00:00:00+00:00
[2025-01-08T07:48:18.614+0000] {processor.py:179} INFO - Processing /opt/airflow/dags/churn.py took 0.469 seconds
[2025-01-08T07:48:48.742+0000] {processor.py:157} INFO - Started process (PID=1714) to work on /opt/airflow/dags/churn.py
[2025-01-08T07:48:48.743+0000] {processor.py:829} INFO - Processing file /opt/airflow/dags/churn.py for tasks to queue
[2025-01-08T07:48:48.745+0000] {logging_mixin.py:154} INFO - [2025-01-08T07:48:48.744+0000] {dagbag.py:536} INFO - Filling up the DagBag from /opt/airflow/dags/churn.py
[2025-01-08T07:48:49.147+0000] {processor.py:839} INFO - DAG(s) dict_keys(['prepare_churn_dataset']) retrieved from /opt/airflow/dags/churn.py
[2025-01-08T07:48:49.162+0000] {logging_mixin.py:154} INFO - [2025-01-08T07:48:49.161+0000] {dag.py:2941} INFO - Sync 1 DAGs
[2025-01-08T07:48:49.178+0000] {logging_mixin.py:154} INFO - [2025-01-08T07:48:49.177+0000] {dag.py:3722} INFO - Setting next_dagrun for prepare_churn_dataset to 2023-01-01T00:00:00+00:00, run_after=2023-01-01T00:00:00+00:00
[2025-01-08T07:48:49.199+0000] {processor.py:179} INFO - Processing /opt/airflow/dags/churn.py took 0.460 seconds
[2025-01-08T07:49:19.317+0000] {processor.py:157} INFO - Started process (PID=1770) to work on /opt/airflow/dags/churn.py
[2025-01-08T07:49:19.318+0000] {processor.py:829} INFO - Processing file /opt/airflow/dags/churn.py for tasks to queue
[2025-01-08T07:49:19.320+0000] {logging_mixin.py:154} INFO - [2025-01-08T07:49:19.320+0000] {dagbag.py:536} INFO - Filling up the DagBag from /opt/airflow/dags/churn.py
[2025-01-08T07:49:19.733+0000] {processor.py:839} INFO - DAG(s) dict_keys(['prepare_churn_dataset']) retrieved from /opt/airflow/dags/churn.py
[2025-01-08T07:49:19.750+0000] {logging_mixin.py:154} INFO - [2025-01-08T07:49:19.749+0000] {dag.py:2941} INFO - Sync 1 DAGs
[2025-01-08T07:49:19.766+0000] {logging_mixin.py:154} INFO - [2025-01-08T07:49:19.766+0000] {dag.py:3722} INFO - Setting next_dagrun for prepare_churn_dataset to 2023-01-01T00:00:00+00:00, run_after=2023-01-01T00:00:00+00:00
[2025-01-08T07:49:19.786+0000] {processor.py:179} INFO - Processing /opt/airflow/dags/churn.py took 0.472 seconds
[2025-01-08T07:49:50.593+0000] {processor.py:157} INFO - Started process (PID=1826) to work on /opt/airflow/dags/churn.py
[2025-01-08T07:49:50.594+0000] {processor.py:829} INFO - Processing file /opt/airflow/dags/churn.py for tasks to queue
[2025-01-08T07:49:50.596+0000] {logging_mixin.py:154} INFO - [2025-01-08T07:49:50.596+0000] {dagbag.py:536} INFO - Filling up the DagBag from /opt/airflow/dags/churn.py
[2025-01-08T07:49:50.867+0000] {processor.py:839} INFO - DAG(s) dict_keys(['prepare_churn_dataset']) retrieved from /opt/airflow/dags/churn.py
[2025-01-08T07:49:50.885+0000] {logging_mixin.py:154} INFO - [2025-01-08T07:49:50.885+0000] {dag.py:2941} INFO - Sync 1 DAGs
[2025-01-08T07:49:50.905+0000] {logging_mixin.py:154} INFO - [2025-01-08T07:49:50.905+0000] {dag.py:3722} INFO - Setting next_dagrun for prepare_churn_dataset to 2023-01-01T00:00:00+00:00, run_after=2023-01-01T00:00:00+00:00
[2025-01-08T07:49:50.921+0000] {processor.py:179} INFO - Processing /opt/airflow/dags/churn.py took 0.331 seconds
[2025-01-08T07:50:20.991+0000] {processor.py:157} INFO - Started process (PID=1882) to work on /opt/airflow/dags/churn.py
[2025-01-08T07:50:20.992+0000] {processor.py:829} INFO - Processing file /opt/airflow/dags/churn.py for tasks to queue
[2025-01-08T07:50:20.994+0000] {logging_mixin.py:154} INFO - [2025-01-08T07:50:20.994+0000] {dagbag.py:536} INFO - Filling up the DagBag from /opt/airflow/dags/churn.py
[2025-01-08T07:50:21.257+0000] {processor.py:839} INFO - DAG(s) dict_keys(['prepare_churn_dataset']) retrieved from /opt/airflow/dags/churn.py
[2025-01-08T07:50:21.275+0000] {logging_mixin.py:154} INFO - [2025-01-08T07:50:21.274+0000] {dag.py:2941} INFO - Sync 1 DAGs
[2025-01-08T07:50:21.293+0000] {logging_mixin.py:154} INFO - [2025-01-08T07:50:21.293+0000] {dag.py:3722} INFO - Setting next_dagrun for prepare_churn_dataset to 2023-01-01T00:00:00+00:00, run_after=2023-01-01T00:00:00+00:00
[2025-01-08T07:50:21.309+0000] {processor.py:179} INFO - Processing /opt/airflow/dags/churn.py took 0.321 seconds
[2025-01-08T07:50:52.018+0000] {processor.py:157} INFO - Started process (PID=1938) to work on /opt/airflow/dags/churn.py
[2025-01-08T07:50:52.019+0000] {processor.py:829} INFO - Processing file /opt/airflow/dags/churn.py for tasks to queue
[2025-01-08T07:50:52.022+0000] {logging_mixin.py:154} INFO - [2025-01-08T07:50:52.021+0000] {dagbag.py:536} INFO - Filling up the DagBag from /opt/airflow/dags/churn.py
[2025-01-08T07:50:52.285+0000] {processor.py:839} INFO - DAG(s) dict_keys(['prepare_churn_dataset']) retrieved from /opt/airflow/dags/churn.py
[2025-01-08T07:50:52.302+0000] {logging_mixin.py:154} INFO - [2025-01-08T07:50:52.302+0000] {dag.py:2941} INFO - Sync 1 DAGs
[2025-01-08T07:50:52.321+0000] {logging_mixin.py:154} INFO - [2025-01-08T07:50:52.320+0000] {dag.py:3722} INFO - Setting next_dagrun for prepare_churn_dataset to 2023-01-01T00:00:00+00:00, run_after=2023-01-01T00:00:00+00:00
[2025-01-08T07:50:52.336+0000] {processor.py:179} INFO - Processing /opt/airflow/dags/churn.py took 0.322 seconds
[2025-01-08T07:51:22.403+0000] {processor.py:157} INFO - Started process (PID=1997) to work on /opt/airflow/dags/churn.py
[2025-01-08T07:51:22.404+0000] {processor.py:829} INFO - Processing file /opt/airflow/dags/churn.py for tasks to queue
[2025-01-08T07:51:22.406+0000] {logging_mixin.py:154} INFO - [2025-01-08T07:51:22.406+0000] {dagbag.py:536} INFO - Filling up the DagBag from /opt/airflow/dags/churn.py
[2025-01-08T07:51:22.665+0000] {processor.py:839} INFO - DAG(s) dict_keys(['prepare_churn_dataset']) retrieved from /opt/airflow/dags/churn.py
[2025-01-08T07:51:22.682+0000] {logging_mixin.py:154} INFO - [2025-01-08T07:51:22.682+0000] {dag.py:2941} INFO - Sync 1 DAGs
[2025-01-08T07:51:22.700+0000] {logging_mixin.py:154} INFO - [2025-01-08T07:51:22.700+0000] {dag.py:3722} INFO - Setting next_dagrun for prepare_churn_dataset to 2023-01-01T00:00:00+00:00, run_after=2023-01-01T00:00:00+00:00
[2025-01-08T07:51:22.722+0000] {processor.py:179} INFO - Processing /opt/airflow/dags/churn.py took 0.322 seconds
[2025-01-08T07:51:53.037+0000] {processor.py:157} INFO - Started process (PID=2050) to work on /opt/airflow/dags/churn.py
[2025-01-08T07:51:53.038+0000] {processor.py:829} INFO - Processing file /opt/airflow/dags/churn.py for tasks to queue
[2025-01-08T07:51:53.040+0000] {logging_mixin.py:154} INFO - [2025-01-08T07:51:53.039+0000] {dagbag.py:536} INFO - Filling up the DagBag from /opt/airflow/dags/churn.py
[2025-01-08T07:51:53.314+0000] {processor.py:839} INFO - DAG(s) dict_keys(['prepare_churn_dataset']) retrieved from /opt/airflow/dags/churn.py
[2025-01-08T07:51:53.332+0000] {logging_mixin.py:154} INFO - [2025-01-08T07:51:53.331+0000] {dag.py:2941} INFO - Sync 1 DAGs
[2025-01-08T07:51:53.352+0000] {logging_mixin.py:154} INFO - [2025-01-08T07:51:53.352+0000] {dag.py:3722} INFO - Setting next_dagrun for prepare_churn_dataset to 2023-01-01T00:00:00+00:00, run_after=2023-01-01T00:00:00+00:00
[2025-01-08T07:51:53.368+0000] {processor.py:179} INFO - Processing /opt/airflow/dags/churn.py took 0.334 seconds
[2025-01-08T07:52:23.700+0000] {processor.py:157} INFO - Started process (PID=2106) to work on /opt/airflow/dags/churn.py
[2025-01-08T07:52:23.701+0000] {processor.py:829} INFO - Processing file /opt/airflow/dags/churn.py for tasks to queue
[2025-01-08T07:52:23.703+0000] {logging_mixin.py:154} INFO - [2025-01-08T07:52:23.703+0000] {dagbag.py:536} INFO - Filling up the DagBag from /opt/airflow/dags/churn.py
[2025-01-08T07:52:24.005+0000] {processor.py:839} INFO - DAG(s) dict_keys(['prepare_churn_dataset']) retrieved from /opt/airflow/dags/churn.py
[2025-01-08T07:52:24.022+0000] {logging_mixin.py:154} INFO - [2025-01-08T07:52:24.022+0000] {dag.py:2941} INFO - Sync 1 DAGs
[2025-01-08T07:52:24.040+0000] {logging_mixin.py:154} INFO - [2025-01-08T07:52:24.040+0000] {dag.py:3722} INFO - Setting next_dagrun for prepare_churn_dataset to 2023-01-01T00:00:00+00:00, run_after=2023-01-01T00:00:00+00:00
[2025-01-08T07:52:24.055+0000] {processor.py:179} INFO - Processing /opt/airflow/dags/churn.py took 0.358 seconds
[2025-01-08T07:52:54.205+0000] {processor.py:157} INFO - Started process (PID=2165) to work on /opt/airflow/dags/churn.py
[2025-01-08T07:52:54.206+0000] {processor.py:829} INFO - Processing file /opt/airflow/dags/churn.py for tasks to queue
[2025-01-08T07:52:54.209+0000] {logging_mixin.py:154} INFO - [2025-01-08T07:52:54.208+0000] {dagbag.py:536} INFO - Filling up the DagBag from /opt/airflow/dags/churn.py
[2025-01-08T07:52:54.486+0000] {processor.py:839} INFO - DAG(s) dict_keys(['prepare_churn_dataset']) retrieved from /opt/airflow/dags/churn.py
[2025-01-08T07:52:54.507+0000] {logging_mixin.py:154} INFO - [2025-01-08T07:52:54.506+0000] {dag.py:2941} INFO - Sync 1 DAGs
[2025-01-08T07:52:54.527+0000] {logging_mixin.py:154} INFO - [2025-01-08T07:52:54.527+0000] {dag.py:3722} INFO - Setting next_dagrun for prepare_churn_dataset to 2023-01-01T00:00:00+00:00, run_after=2023-01-01T00:00:00+00:00
[2025-01-08T07:52:54.544+0000] {processor.py:179} INFO - Processing /opt/airflow/dags/churn.py took 0.342 seconds
[2025-01-08T07:53:14.606+0000] {processor.py:157} INFO - Started process (PID=2202) to work on /opt/airflow/dags/churn.py
[2025-01-08T07:53:14.606+0000] {processor.py:829} INFO - Processing file /opt/airflow/dags/churn.py for tasks to queue
[2025-01-08T07:53:14.608+0000] {logging_mixin.py:154} INFO - [2025-01-08T07:53:14.608+0000] {dagbag.py:536} INFO - Filling up the DagBag from /opt/airflow/dags/churn.py
[2025-01-08T07:53:14.893+0000] {processor.py:839} INFO - DAG(s) dict_keys(['prepare_churn_dataset']) retrieved from /opt/airflow/dags/churn.py
[2025-01-08T07:53:14.988+0000] {logging_mixin.py:154} INFO - [2025-01-08T07:53:14.988+0000] {dag.py:2941} INFO - Sync 1 DAGs
[2025-01-08T07:53:15.010+0000] {logging_mixin.py:154} INFO - [2025-01-08T07:53:15.009+0000] {dag.py:3722} INFO - Setting next_dagrun for prepare_churn_dataset to 2023-01-01T00:00:00+00:00, run_after=2023-01-01T00:00:00+00:00
[2025-01-08T07:53:15.034+0000] {processor.py:179} INFO - Processing /opt/airflow/dags/churn.py took 0.431 seconds
[2025-01-08T07:53:45.145+0000] {processor.py:157} INFO - Started process (PID=2262) to work on /opt/airflow/dags/churn.py
[2025-01-08T07:53:45.146+0000] {processor.py:829} INFO - Processing file /opt/airflow/dags/churn.py for tasks to queue
[2025-01-08T07:53:45.149+0000] {logging_mixin.py:154} INFO - [2025-01-08T07:53:45.148+0000] {dagbag.py:536} INFO - Filling up the DagBag from /opt/airflow/dags/churn.py
[2025-01-08T07:53:45.411+0000] {processor.py:839} INFO - DAG(s) dict_keys(['prepare_churn_dataset']) retrieved from /opt/airflow/dags/churn.py
[2025-01-08T07:53:45.431+0000] {logging_mixin.py:154} INFO - [2025-01-08T07:53:45.431+0000] {dag.py:2941} INFO - Sync 1 DAGs
[2025-01-08T07:53:45.451+0000] {logging_mixin.py:154} INFO - [2025-01-08T07:53:45.450+0000] {dag.py:3722} INFO - Setting next_dagrun for prepare_churn_dataset to 2023-01-01T00:00:00+00:00, run_after=2023-01-01T00:00:00+00:00
[2025-01-08T07:53:45.473+0000] {processor.py:179} INFO - Processing /opt/airflow/dags/churn.py took 0.331 seconds
[2025-01-08T07:54:16.344+0000] {processor.py:157} INFO - Started process (PID=2319) to work on /opt/airflow/dags/churn.py
[2025-01-08T07:54:16.345+0000] {processor.py:829} INFO - Processing file /opt/airflow/dags/churn.py for tasks to queue
[2025-01-08T07:54:16.347+0000] {logging_mixin.py:154} INFO - [2025-01-08T07:54:16.346+0000] {dagbag.py:536} INFO - Filling up the DagBag from /opt/airflow/dags/churn.py
[2025-01-08T07:54:16.614+0000] {processor.py:839} INFO - DAG(s) dict_keys(['prepare_churn_dataset']) retrieved from /opt/airflow/dags/churn.py
[2025-01-08T07:54:16.634+0000] {logging_mixin.py:154} INFO - [2025-01-08T07:54:16.634+0000] {dag.py:2941} INFO - Sync 1 DAGs
[2025-01-08T07:54:16.655+0000] {logging_mixin.py:154} INFO - [2025-01-08T07:54:16.655+0000] {dag.py:3722} INFO - Setting next_dagrun for prepare_churn_dataset to 2023-01-01T00:00:00+00:00, run_after=2023-01-01T00:00:00+00:00
[2025-01-08T07:54:16.671+0000] {processor.py:179} INFO - Processing /opt/airflow/dags/churn.py took 0.330 seconds
[2025-01-08T07:54:47.542+0000] {processor.py:157} INFO - Started process (PID=2375) to work on /opt/airflow/dags/churn.py
[2025-01-08T07:54:47.543+0000] {processor.py:829} INFO - Processing file /opt/airflow/dags/churn.py for tasks to queue
[2025-01-08T07:54:47.546+0000] {logging_mixin.py:154} INFO - [2025-01-08T07:54:47.546+0000] {dagbag.py:536} INFO - Filling up the DagBag from /opt/airflow/dags/churn.py
[2025-01-08T07:54:47.828+0000] {processor.py:839} INFO - DAG(s) dict_keys(['prepare_churn_dataset']) retrieved from /opt/airflow/dags/churn.py
[2025-01-08T07:54:47.847+0000] {logging_mixin.py:154} INFO - [2025-01-08T07:54:47.847+0000] {dag.py:2941} INFO - Sync 1 DAGs
[2025-01-08T07:54:47.870+0000] {logging_mixin.py:154} INFO - [2025-01-08T07:54:47.870+0000] {dag.py:3722} INFO - Setting next_dagrun for prepare_churn_dataset to 2023-01-01T00:00:00+00:00, run_after=2023-01-01T00:00:00+00:00
[2025-01-08T07:54:47.888+0000] {processor.py:179} INFO - Processing /opt/airflow/dags/churn.py took 0.350 seconds
[2025-01-08T07:55:18.155+0000] {processor.py:157} INFO - Started process (PID=2438) to work on /opt/airflow/dags/churn.py
[2025-01-08T07:55:18.156+0000] {processor.py:829} INFO - Processing file /opt/airflow/dags/churn.py for tasks to queue
[2025-01-08T07:55:18.158+0000] {logging_mixin.py:154} INFO - [2025-01-08T07:55:18.158+0000] {dagbag.py:536} INFO - Filling up the DagBag from /opt/airflow/dags/churn.py
[2025-01-08T07:55:18.419+0000] {processor.py:839} INFO - DAG(s) dict_keys(['prepare_churn_dataset']) retrieved from /opt/airflow/dags/churn.py
[2025-01-08T07:55:18.439+0000] {logging_mixin.py:154} INFO - [2025-01-08T07:55:18.438+0000] {dag.py:2941} INFO - Sync 1 DAGs
[2025-01-08T07:55:18.459+0000] {logging_mixin.py:154} INFO - [2025-01-08T07:55:18.458+0000] {dag.py:3722} INFO - Setting next_dagrun for prepare_churn_dataset to 2023-01-01T00:00:00+00:00, run_after=2023-01-01T00:00:00+00:00
[2025-01-08T07:55:18.478+0000] {processor.py:179} INFO - Processing /opt/airflow/dags/churn.py took 0.325 seconds
[2025-01-08T07:55:49.276+0000] {processor.py:157} INFO - Started process (PID=2494) to work on /opt/airflow/dags/churn.py
[2025-01-08T07:55:49.277+0000] {processor.py:829} INFO - Processing file /opt/airflow/dags/churn.py for tasks to queue
[2025-01-08T07:55:49.279+0000] {logging_mixin.py:154} INFO - [2025-01-08T07:55:49.279+0000] {dagbag.py:536} INFO - Filling up the DagBag from /opt/airflow/dags/churn.py
[2025-01-08T07:55:49.534+0000] {processor.py:839} INFO - DAG(s) dict_keys(['prepare_churn_dataset']) retrieved from /opt/airflow/dags/churn.py
[2025-01-08T07:55:49.552+0000] {logging_mixin.py:154} INFO - [2025-01-08T07:55:49.551+0000] {dag.py:2941} INFO - Sync 1 DAGs
[2025-01-08T07:55:49.570+0000] {logging_mixin.py:154} INFO - [2025-01-08T07:55:49.570+0000] {dag.py:3722} INFO - Setting next_dagrun for prepare_churn_dataset to 2023-01-01T00:00:00+00:00, run_after=2023-01-01T00:00:00+00:00
[2025-01-08T07:55:49.585+0000] {processor.py:179} INFO - Processing /opt/airflow/dags/churn.py took 0.312 seconds
[2025-01-08T07:56:20.426+0000] {processor.py:157} INFO - Started process (PID=2550) to work on /opt/airflow/dags/churn.py
[2025-01-08T07:56:20.427+0000] {processor.py:829} INFO - Processing file /opt/airflow/dags/churn.py for tasks to queue
[2025-01-08T07:56:20.429+0000] {logging_mixin.py:154} INFO - [2025-01-08T07:56:20.429+0000] {dagbag.py:536} INFO - Filling up the DagBag from /opt/airflow/dags/churn.py
[2025-01-08T07:56:20.688+0000] {processor.py:839} INFO - DAG(s) dict_keys(['prepare_churn_dataset']) retrieved from /opt/airflow/dags/churn.py
[2025-01-08T07:56:20.708+0000] {logging_mixin.py:154} INFO - [2025-01-08T07:56:20.708+0000] {dag.py:2941} INFO - Sync 1 DAGs
[2025-01-08T07:56:20.729+0000] {logging_mixin.py:154} INFO - [2025-01-08T07:56:20.729+0000] {dag.py:3722} INFO - Setting next_dagrun for prepare_churn_dataset to 2023-01-01T00:00:00+00:00, run_after=2023-01-01T00:00:00+00:00
[2025-01-08T07:56:20.746+0000] {processor.py:179} INFO - Processing /opt/airflow/dags/churn.py took 0.323 seconds
[2025-01-08T07:56:50.796+0000] {processor.py:157} INFO - Started process (PID=2608) to work on /opt/airflow/dags/churn.py
[2025-01-08T07:56:50.797+0000] {processor.py:829} INFO - Processing file /opt/airflow/dags/churn.py for tasks to queue
[2025-01-08T07:56:50.798+0000] {logging_mixin.py:154} INFO - [2025-01-08T07:56:50.798+0000] {dagbag.py:536} INFO - Filling up the DagBag from /opt/airflow/dags/churn.py
[2025-01-08T07:56:51.064+0000] {processor.py:839} INFO - DAG(s) dict_keys(['prepare_churn_dataset']) retrieved from /opt/airflow/dags/churn.py
[2025-01-08T07:56:51.083+0000] {logging_mixin.py:154} INFO - [2025-01-08T07:56:51.083+0000] {dag.py:2941} INFO - Sync 1 DAGs
[2025-01-08T07:56:51.103+0000] {logging_mixin.py:154} INFO - [2025-01-08T07:56:51.102+0000] {dag.py:3722} INFO - Setting next_dagrun for prepare_churn_dataset to 2023-01-01T00:00:00+00:00, run_after=2023-01-01T00:00:00+00:00
[2025-01-08T07:56:51.120+0000] {processor.py:179} INFO - Processing /opt/airflow/dags/churn.py took 0.327 seconds
[2025-01-08T07:57:21.210+0000] {processor.py:157} INFO - Started process (PID=2666) to work on /opt/airflow/dags/churn.py
[2025-01-08T07:57:21.211+0000] {processor.py:829} INFO - Processing file /opt/airflow/dags/churn.py for tasks to queue
[2025-01-08T07:57:21.213+0000] {logging_mixin.py:154} INFO - [2025-01-08T07:57:21.213+0000] {dagbag.py:536} INFO - Filling up the DagBag from /opt/airflow/dags/churn.py
[2025-01-08T07:57:21.470+0000] {processor.py:839} INFO - DAG(s) dict_keys(['prepare_churn_dataset']) retrieved from /opt/airflow/dags/churn.py
[2025-01-08T07:57:21.489+0000] {logging_mixin.py:154} INFO - [2025-01-08T07:57:21.489+0000] {dag.py:2941} INFO - Sync 1 DAGs
[2025-01-08T07:57:21.508+0000] {logging_mixin.py:154} INFO - [2025-01-08T07:57:21.507+0000] {dag.py:3722} INFO - Setting next_dagrun for prepare_churn_dataset to 2023-01-01T00:00:00+00:00, run_after=2023-01-01T00:00:00+00:00
[2025-01-08T07:57:21.524+0000] {processor.py:179} INFO - Processing /opt/airflow/dags/churn.py took 0.317 seconds
[2025-01-08T07:57:52.342+0000] {processor.py:157} INFO - Started process (PID=2724) to work on /opt/airflow/dags/churn.py
[2025-01-08T07:57:52.342+0000] {processor.py:829} INFO - Processing file /opt/airflow/dags/churn.py for tasks to queue
[2025-01-08T07:57:52.345+0000] {logging_mixin.py:154} INFO - [2025-01-08T07:57:52.344+0000] {dagbag.py:536} INFO - Filling up the DagBag from /opt/airflow/dags/churn.py
[2025-01-08T07:57:52.592+0000] {processor.py:839} INFO - DAG(s) dict_keys(['prepare_churn_dataset']) retrieved from /opt/airflow/dags/churn.py
[2025-01-08T07:57:52.609+0000] {logging_mixin.py:154} INFO - [2025-01-08T07:57:52.609+0000] {dag.py:2941} INFO - Sync 1 DAGs
[2025-01-08T07:57:52.626+0000] {logging_mixin.py:154} INFO - [2025-01-08T07:57:52.626+0000] {dag.py:3722} INFO - Setting next_dagrun for prepare_churn_dataset to 2023-01-01T00:00:00+00:00, run_after=2023-01-01T00:00:00+00:00
[2025-01-08T07:57:52.642+0000] {processor.py:179} INFO - Processing /opt/airflow/dags/churn.py took 0.303 seconds
[2025-01-08T12:46:25.334+0000] {processor.py:157} INFO - Started process (PID=48) to work on /opt/airflow/dags/churn.py
[2025-01-08T12:46:25.336+0000] {processor.py:829} INFO - Processing file /opt/airflow/dags/churn.py for tasks to queue
[2025-01-08T12:46:25.339+0000] {logging_mixin.py:154} INFO - [2025-01-08T12:46:25.339+0000] {dagbag.py:536} INFO - Filling up the DagBag from /opt/airflow/dags/churn.py
[2025-01-08T12:46:25.862+0000] {processor.py:839} INFO - DAG(s) dict_keys(['prepare_churn_dataset']) retrieved from /opt/airflow/dags/churn.py
[2025-01-08T12:46:26.093+0000] {logging_mixin.py:154} INFO - [2025-01-08T12:46:26.093+0000] {dag.py:2941} INFO - Sync 1 DAGs
[2025-01-08T12:46:26.115+0000] {logging_mixin.py:154} INFO - [2025-01-08T12:46:26.115+0000] {dag.py:3722} INFO - Setting next_dagrun for prepare_churn_dataset to 2023-01-01T00:00:00+00:00, run_after=2023-01-01T00:00:00+00:00
[2025-01-08T12:46:26.133+0000] {processor.py:179} INFO - Processing /opt/airflow/dags/churn.py took 0.803 seconds
[2025-01-08T12:47:30.765+0000] {processor.py:157} INFO - Started process (PID=48) to work on /opt/airflow/dags/churn.py
[2025-01-08T12:47:30.767+0000] {processor.py:829} INFO - Processing file /opt/airflow/dags/churn.py for tasks to queue
[2025-01-08T12:47:30.770+0000] {logging_mixin.py:154} INFO - [2025-01-08T12:47:30.770+0000] {dagbag.py:536} INFO - Filling up the DagBag from /opt/airflow/dags/churn.py
[2025-01-08T12:47:32.257+0000] {processor.py:839} INFO - DAG(s) dict_keys(['prepare_churn_dataset']) retrieved from /opt/airflow/dags/churn.py
[2025-01-08T12:47:32.609+0000] {logging_mixin.py:154} INFO - [2025-01-08T12:47:32.608+0000] {dag.py:2941} INFO - Sync 1 DAGs
[2025-01-08T12:47:32.636+0000] {logging_mixin.py:154} INFO - [2025-01-08T12:47:32.635+0000] {dag.py:3722} INFO - Setting next_dagrun for prepare_churn_dataset to 2023-01-01T00:00:00+00:00, run_after=2023-01-01T00:00:00+00:00
[2025-01-08T12:47:32.664+0000] {processor.py:179} INFO - Processing /opt/airflow/dags/churn.py took 1.903 seconds
[2025-01-08T12:48:02.769+0000] {processor.py:157} INFO - Started process (PID=116) to work on /opt/airflow/dags/churn.py
[2025-01-08T12:48:02.770+0000] {processor.py:829} INFO - Processing file /opt/airflow/dags/churn.py for tasks to queue
[2025-01-08T12:48:02.772+0000] {logging_mixin.py:154} INFO - [2025-01-08T12:48:02.772+0000] {dagbag.py:536} INFO - Filling up the DagBag from /opt/airflow/dags/churn.py
[2025-01-08T12:48:03.170+0000] {processor.py:839} INFO - DAG(s) dict_keys(['prepare_churn_dataset']) retrieved from /opt/airflow/dags/churn.py
[2025-01-08T12:48:03.186+0000] {logging_mixin.py:154} INFO - [2025-01-08T12:48:03.186+0000] {dag.py:2941} INFO - Sync 1 DAGs
[2025-01-08T12:48:03.205+0000] {logging_mixin.py:154} INFO - [2025-01-08T12:48:03.205+0000] {dag.py:3722} INFO - Setting next_dagrun for prepare_churn_dataset to 2023-01-01T00:00:00+00:00, run_after=2023-01-01T00:00:00+00:00
[2025-01-08T12:48:03.222+0000] {processor.py:179} INFO - Processing /opt/airflow/dags/churn.py took 0.456 seconds
[2025-01-08T12:48:33.301+0000] {processor.py:157} INFO - Started process (PID=179) to work on /opt/airflow/dags/churn.py
[2025-01-08T12:48:33.302+0000] {processor.py:829} INFO - Processing file /opt/airflow/dags/churn.py for tasks to queue
[2025-01-08T12:48:33.304+0000] {logging_mixin.py:154} INFO - [2025-01-08T12:48:33.303+0000] {dagbag.py:536} INFO - Filling up the DagBag from /opt/airflow/dags/churn.py
[2025-01-08T12:48:33.710+0000] {processor.py:839} INFO - DAG(s) dict_keys(['prepare_churn_dataset']) retrieved from /opt/airflow/dags/churn.py
[2025-01-08T12:48:33.732+0000] {logging_mixin.py:154} INFO - [2025-01-08T12:48:33.732+0000] {dag.py:2941} INFO - Sync 1 DAGs
[2025-01-08T12:48:33.753+0000] {logging_mixin.py:154} INFO - [2025-01-08T12:48:33.753+0000] {dag.py:3722} INFO - Setting next_dagrun for prepare_churn_dataset to 2023-01-01T00:00:00+00:00, run_after=2023-01-01T00:00:00+00:00
[2025-01-08T12:48:33.773+0000] {processor.py:179} INFO - Processing /opt/airflow/dags/churn.py took 0.475 seconds
[2025-01-08T12:49:03.889+0000] {processor.py:157} INFO - Started process (PID=239) to work on /opt/airflow/dags/churn.py
[2025-01-08T12:49:03.890+0000] {processor.py:829} INFO - Processing file /opt/airflow/dags/churn.py for tasks to queue
[2025-01-08T12:49:03.892+0000] {logging_mixin.py:154} INFO - [2025-01-08T12:49:03.891+0000] {dagbag.py:536} INFO - Filling up the DagBag from /opt/airflow/dags/churn.py
[2025-01-08T12:49:04.292+0000] {processor.py:839} INFO - DAG(s) dict_keys(['prepare_churn_dataset']) retrieved from /opt/airflow/dags/churn.py
[2025-01-08T12:49:04.308+0000] {logging_mixin.py:154} INFO - [2025-01-08T12:49:04.308+0000] {dag.py:2941} INFO - Sync 1 DAGs
[2025-01-08T12:49:04.328+0000] {logging_mixin.py:154} INFO - [2025-01-08T12:49:04.327+0000] {dag.py:3722} INFO - Setting next_dagrun for prepare_churn_dataset to 2023-01-01T00:00:00+00:00, run_after=2023-01-01T00:00:00+00:00
[2025-01-08T12:49:04.344+0000] {processor.py:179} INFO - Processing /opt/airflow/dags/churn.py took 0.457 seconds
[2025-01-08T12:49:34.652+0000] {processor.py:157} INFO - Started process (PID=290) to work on /opt/airflow/dags/churn.py
[2025-01-08T12:49:34.653+0000] {processor.py:829} INFO - Processing file /opt/airflow/dags/churn.py for tasks to queue
[2025-01-08T12:49:34.655+0000] {logging_mixin.py:154} INFO - [2025-01-08T12:49:34.655+0000] {dagbag.py:536} INFO - Filling up the DagBag from /opt/airflow/dags/churn.py
[2025-01-08T12:49:35.059+0000] {processor.py:839} INFO - DAG(s) dict_keys(['prepare_churn_dataset']) retrieved from /opt/airflow/dags/churn.py
[2025-01-08T12:49:35.074+0000] {logging_mixin.py:154} INFO - [2025-01-08T12:49:35.073+0000] {dag.py:2941} INFO - Sync 1 DAGs
[2025-01-08T12:49:35.091+0000] {logging_mixin.py:154} INFO - [2025-01-08T12:49:35.090+0000] {dag.py:3722} INFO - Setting next_dagrun for prepare_churn_dataset to 2023-01-01T00:00:00+00:00, run_after=2023-01-01T00:00:00+00:00
[2025-01-08T12:49:35.105+0000] {processor.py:179} INFO - Processing /opt/airflow/dags/churn.py took 0.457 seconds
[2025-01-08T12:50:05.385+0000] {processor.py:157} INFO - Started process (PID=346) to work on /opt/airflow/dags/churn.py
[2025-01-08T12:50:05.386+0000] {processor.py:829} INFO - Processing file /opt/airflow/dags/churn.py for tasks to queue
[2025-01-08T12:50:05.388+0000] {logging_mixin.py:154} INFO - [2025-01-08T12:50:05.387+0000] {dagbag.py:536} INFO - Filling up the DagBag from /opt/airflow/dags/churn.py
[2025-01-08T12:50:05.818+0000] {processor.py:839} INFO - DAG(s) dict_keys(['prepare_churn_dataset']) retrieved from /opt/airflow/dags/churn.py
[2025-01-08T12:50:05.834+0000] {logging_mixin.py:154} INFO - [2025-01-08T12:50:05.834+0000] {dag.py:2941} INFO - Sync 1 DAGs
[2025-01-08T12:50:05.851+0000] {logging_mixin.py:154} INFO - [2025-01-08T12:50:05.851+0000] {dag.py:3722} INFO - Setting next_dagrun for prepare_churn_dataset to 2023-01-01T00:00:00+00:00, run_after=2023-01-01T00:00:00+00:00
[2025-01-08T12:50:05.877+0000] {processor.py:179} INFO - Processing /opt/airflow/dags/churn.py took 0.494 seconds
[2025-01-08T12:50:36.007+0000] {processor.py:157} INFO - Started process (PID=404) to work on /opt/airflow/dags/churn.py
[2025-01-08T12:50:36.008+0000] {processor.py:829} INFO - Processing file /opt/airflow/dags/churn.py for tasks to queue
[2025-01-08T12:50:36.011+0000] {logging_mixin.py:154} INFO - [2025-01-08T12:50:36.011+0000] {dagbag.py:536} INFO - Filling up the DagBag from /opt/airflow/dags/churn.py
[2025-01-08T12:50:36.410+0000] {processor.py:839} INFO - DAG(s) dict_keys(['prepare_churn_dataset']) retrieved from /opt/airflow/dags/churn.py
[2025-01-08T12:50:36.425+0000] {logging_mixin.py:154} INFO - [2025-01-08T12:50:36.425+0000] {dag.py:2941} INFO - Sync 1 DAGs
[2025-01-08T12:50:36.440+0000] {logging_mixin.py:154} INFO - [2025-01-08T12:50:36.440+0000] {dag.py:3722} INFO - Setting next_dagrun for prepare_churn_dataset to 2023-01-01T00:00:00+00:00, run_after=2023-01-01T00:00:00+00:00
[2025-01-08T12:50:36.453+0000] {processor.py:179} INFO - Processing /opt/airflow/dags/churn.py took 0.451 seconds
[2025-01-08T12:51:06.641+0000] {processor.py:157} INFO - Started process (PID=462) to work on /opt/airflow/dags/churn.py
[2025-01-08T12:51:06.642+0000] {processor.py:829} INFO - Processing file /opt/airflow/dags/churn.py for tasks to queue
[2025-01-08T12:51:06.644+0000] {logging_mixin.py:154} INFO - [2025-01-08T12:51:06.644+0000] {dagbag.py:536} INFO - Filling up the DagBag from /opt/airflow/dags/churn.py
[2025-01-08T12:51:07.044+0000] {processor.py:839} INFO - DAG(s) dict_keys(['prepare_churn_dataset']) retrieved from /opt/airflow/dags/churn.py
[2025-01-08T12:51:07.061+0000] {logging_mixin.py:154} INFO - [2025-01-08T12:51:07.060+0000] {dag.py:2941} INFO - Sync 1 DAGs
[2025-01-08T12:51:07.079+0000] {logging_mixin.py:154} INFO - [2025-01-08T12:51:07.079+0000] {dag.py:3722} INFO - Setting next_dagrun for prepare_churn_dataset to 2023-01-01T00:00:00+00:00, run_after=2023-01-01T00:00:00+00:00
[2025-01-08T12:51:07.093+0000] {processor.py:179} INFO - Processing /opt/airflow/dags/churn.py took 0.455 seconds
[2025-01-08T12:51:37.207+0000] {processor.py:157} INFO - Started process (PID=519) to work on /opt/airflow/dags/churn.py
[2025-01-08T12:51:37.208+0000] {processor.py:829} INFO - Processing file /opt/airflow/dags/churn.py for tasks to queue
[2025-01-08T12:51:37.211+0000] {logging_mixin.py:154} INFO - [2025-01-08T12:51:37.210+0000] {dagbag.py:536} INFO - Filling up the DagBag from /opt/airflow/dags/churn.py
[2025-01-08T12:51:37.598+0000] {processor.py:839} INFO - DAG(s) dict_keys(['prepare_churn_dataset']) retrieved from /opt/airflow/dags/churn.py
[2025-01-08T12:51:37.615+0000] {logging_mixin.py:154} INFO - [2025-01-08T12:51:37.614+0000] {dag.py:2941} INFO - Sync 1 DAGs
[2025-01-08T12:51:37.631+0000] {logging_mixin.py:154} INFO - [2025-01-08T12:51:37.631+0000] {dag.py:3722} INFO - Setting next_dagrun for prepare_churn_dataset to 2023-01-01T00:00:00+00:00, run_after=2023-01-01T00:00:00+00:00
[2025-01-08T12:51:37.648+0000] {processor.py:179} INFO - Processing /opt/airflow/dags/churn.py took 0.443 seconds
[2025-01-08T12:52:07.700+0000] {processor.py:157} INFO - Started process (PID=575) to work on /opt/airflow/dags/churn.py
[2025-01-08T12:52:07.701+0000] {processor.py:829} INFO - Processing file /opt/airflow/dags/churn.py for tasks to queue
[2025-01-08T12:52:07.702+0000] {logging_mixin.py:154} INFO - [2025-01-08T12:52:07.702+0000] {dagbag.py:536} INFO - Filling up the DagBag from /opt/airflow/dags/churn.py
[2025-01-08T12:52:08.084+0000] {processor.py:839} INFO - DAG(s) dict_keys(['prepare_churn_dataset']) retrieved from /opt/airflow/dags/churn.py
[2025-01-08T12:52:08.101+0000] {logging_mixin.py:154} INFO - [2025-01-08T12:52:08.100+0000] {dag.py:2941} INFO - Sync 1 DAGs
[2025-01-08T12:52:08.119+0000] {logging_mixin.py:154} INFO - [2025-01-08T12:52:08.119+0000] {dag.py:3722} INFO - Setting next_dagrun for prepare_churn_dataset to 2023-01-01T00:00:00+00:00, run_after=2023-01-01T00:00:00+00:00
[2025-01-08T12:52:08.136+0000] {processor.py:179} INFO - Processing /opt/airflow/dags/churn.py took 0.439 seconds
[2025-01-08T12:52:38.332+0000] {processor.py:157} INFO - Started process (PID=631) to work on /opt/airflow/dags/churn.py
[2025-01-08T12:52:38.333+0000] {processor.py:829} INFO - Processing file /opt/airflow/dags/churn.py for tasks to queue
[2025-01-08T12:52:38.335+0000] {logging_mixin.py:154} INFO - [2025-01-08T12:52:38.334+0000] {dagbag.py:536} INFO - Filling up the DagBag from /opt/airflow/dags/churn.py
[2025-01-08T12:52:38.724+0000] {processor.py:839} INFO - DAG(s) dict_keys(['prepare_churn_dataset']) retrieved from /opt/airflow/dags/churn.py
[2025-01-08T12:52:38.740+0000] {logging_mixin.py:154} INFO - [2025-01-08T12:52:38.739+0000] {dag.py:2941} INFO - Sync 1 DAGs
[2025-01-08T12:52:38.761+0000] {logging_mixin.py:154} INFO - [2025-01-08T12:52:38.761+0000] {dag.py:3722} INFO - Setting next_dagrun for prepare_churn_dataset to 2023-01-01T00:00:00+00:00, run_after=2023-01-01T00:00:00+00:00
[2025-01-08T12:52:38.778+0000] {processor.py:179} INFO - Processing /opt/airflow/dags/churn.py took 0.449 seconds
[2025-01-08T12:53:09.055+0000] {processor.py:157} INFO - Started process (PID=688) to work on /opt/airflow/dags/churn.py
[2025-01-08T12:53:09.055+0000] {processor.py:829} INFO - Processing file /opt/airflow/dags/churn.py for tasks to queue
[2025-01-08T12:53:09.057+0000] {logging_mixin.py:154} INFO - [2025-01-08T12:53:09.057+0000] {dagbag.py:536} INFO - Filling up the DagBag from /opt/airflow/dags/churn.py
[2025-01-08T12:53:09.461+0000] {processor.py:839} INFO - DAG(s) dict_keys(['prepare_churn_dataset']) retrieved from /opt/airflow/dags/churn.py
[2025-01-08T12:53:09.477+0000] {logging_mixin.py:154} INFO - [2025-01-08T12:53:09.476+0000] {dag.py:2941} INFO - Sync 1 DAGs
[2025-01-08T12:53:09.494+0000] {logging_mixin.py:154} INFO - [2025-01-08T12:53:09.493+0000] {dag.py:3722} INFO - Setting next_dagrun for prepare_churn_dataset to 2023-01-01T00:00:00+00:00, run_after=2023-01-01T00:00:00+00:00
[2025-01-08T12:53:09.508+0000] {processor.py:179} INFO - Processing /opt/airflow/dags/churn.py took 0.456 seconds
[2025-01-08T12:53:39.769+0000] {processor.py:157} INFO - Started process (PID=748) to work on /opt/airflow/dags/churn.py
[2025-01-08T12:53:39.769+0000] {processor.py:829} INFO - Processing file /opt/airflow/dags/churn.py for tasks to queue
[2025-01-08T12:53:39.771+0000] {logging_mixin.py:154} INFO - [2025-01-08T12:53:39.771+0000] {dagbag.py:536} INFO - Filling up the DagBag from /opt/airflow/dags/churn.py
[2025-01-08T12:53:40.154+0000] {processor.py:839} INFO - DAG(s) dict_keys(['prepare_churn_dataset']) retrieved from /opt/airflow/dags/churn.py
[2025-01-08T12:53:40.169+0000] {logging_mixin.py:154} INFO - [2025-01-08T12:53:40.168+0000] {dag.py:2941} INFO - Sync 1 DAGs
[2025-01-08T12:53:40.184+0000] {logging_mixin.py:154} INFO - [2025-01-08T12:53:40.184+0000] {dag.py:3722} INFO - Setting next_dagrun for prepare_churn_dataset to 2023-01-01T00:00:00+00:00, run_after=2023-01-01T00:00:00+00:00
[2025-01-08T12:53:40.199+0000] {processor.py:179} INFO - Processing /opt/airflow/dags/churn.py took 0.449 seconds
[2025-01-08T12:54:10.353+0000] {processor.py:157} INFO - Started process (PID=806) to work on /opt/airflow/dags/churn.py
[2025-01-08T12:54:10.354+0000] {processor.py:829} INFO - Processing file /opt/airflow/dags/churn.py for tasks to queue
[2025-01-08T12:54:10.356+0000] {logging_mixin.py:154} INFO - [2025-01-08T12:54:10.355+0000] {dagbag.py:536} INFO - Filling up the DagBag from /opt/airflow/dags/churn.py
[2025-01-08T12:54:10.734+0000] {processor.py:839} INFO - DAG(s) dict_keys(['prepare_churn_dataset']) retrieved from /opt/airflow/dags/churn.py
[2025-01-08T12:54:10.749+0000] {logging_mixin.py:154} INFO - [2025-01-08T12:54:10.749+0000] {dag.py:2941} INFO - Sync 1 DAGs
[2025-01-08T12:54:10.765+0000] {logging_mixin.py:154} INFO - [2025-01-08T12:54:10.765+0000] {dag.py:3722} INFO - Setting next_dagrun for prepare_churn_dataset to 2023-01-01T00:00:00+00:00, run_after=2023-01-01T00:00:00+00:00
[2025-01-08T12:54:10.782+0000] {processor.py:179} INFO - Processing /opt/airflow/dags/churn.py took 0.432 seconds
[2025-01-08T12:54:41.097+0000] {processor.py:157} INFO - Started process (PID=865) to work on /opt/airflow/dags/churn.py
[2025-01-08T12:54:41.098+0000] {processor.py:829} INFO - Processing file /opt/airflow/dags/churn.py for tasks to queue
[2025-01-08T12:54:41.099+0000] {logging_mixin.py:154} INFO - [2025-01-08T12:54:41.099+0000] {dagbag.py:536} INFO - Filling up the DagBag from /opt/airflow/dags/churn.py
[2025-01-08T12:54:41.481+0000] {processor.py:839} INFO - DAG(s) dict_keys(['prepare_churn_dataset']) retrieved from /opt/airflow/dags/churn.py
[2025-01-08T12:54:41.497+0000] {logging_mixin.py:154} INFO - [2025-01-08T12:54:41.496+0000] {dag.py:2941} INFO - Sync 1 DAGs
[2025-01-08T12:54:41.514+0000] {logging_mixin.py:154} INFO - [2025-01-08T12:54:41.514+0000] {dag.py:3722} INFO - Setting next_dagrun for prepare_churn_dataset to 2023-01-01T00:00:00+00:00, run_after=2023-01-01T00:00:00+00:00
[2025-01-08T12:54:41.531+0000] {processor.py:179} INFO - Processing /opt/airflow/dags/churn.py took 0.436 seconds
[2025-01-08T12:55:11.800+0000] {processor.py:157} INFO - Started process (PID=918) to work on /opt/airflow/dags/churn.py
[2025-01-08T12:55:11.801+0000] {processor.py:829} INFO - Processing file /opt/airflow/dags/churn.py for tasks to queue
[2025-01-08T12:55:11.803+0000] {logging_mixin.py:154} INFO - [2025-01-08T12:55:11.803+0000] {dagbag.py:536} INFO - Filling up the DagBag from /opt/airflow/dags/churn.py
[2025-01-08T12:55:12.168+0000] {processor.py:839} INFO - DAG(s) dict_keys(['prepare_churn_dataset']) retrieved from /opt/airflow/dags/churn.py
[2025-01-08T12:55:12.182+0000] {logging_mixin.py:154} INFO - [2025-01-08T12:55:12.182+0000] {dag.py:2941} INFO - Sync 1 DAGs
[2025-01-08T12:55:12.200+0000] {logging_mixin.py:154} INFO - [2025-01-08T12:55:12.199+0000] {dag.py:3722} INFO - Setting next_dagrun for prepare_churn_dataset to 2023-01-01T00:00:00+00:00, run_after=2023-01-01T00:00:00+00:00
[2025-01-08T12:55:12.214+0000] {processor.py:179} INFO - Processing /opt/airflow/dags/churn.py took 0.416 seconds
[2025-01-08T12:55:42.664+0000] {processor.py:157} INFO - Started process (PID=974) to work on /opt/airflow/dags/churn.py
[2025-01-08T12:55:42.665+0000] {processor.py:829} INFO - Processing file /opt/airflow/dags/churn.py for tasks to queue
[2025-01-08T12:55:42.667+0000] {logging_mixin.py:154} INFO - [2025-01-08T12:55:42.667+0000] {dagbag.py:536} INFO - Filling up the DagBag from /opt/airflow/dags/churn.py
[2025-01-08T12:55:43.058+0000] {processor.py:839} INFO - DAG(s) dict_keys(['prepare_churn_dataset']) retrieved from /opt/airflow/dags/churn.py
[2025-01-08T12:55:43.073+0000] {logging_mixin.py:154} INFO - [2025-01-08T12:55:43.073+0000] {dag.py:2941} INFO - Sync 1 DAGs
[2025-01-08T12:55:43.090+0000] {logging_mixin.py:154} INFO - [2025-01-08T12:55:43.089+0000] {dag.py:3722} INFO - Setting next_dagrun for prepare_churn_dataset to 2023-01-01T00:00:00+00:00, run_after=2023-01-01T00:00:00+00:00
[2025-01-08T12:55:43.104+0000] {processor.py:179} INFO - Processing /opt/airflow/dags/churn.py took 0.442 seconds
[2025-01-08T12:56:13.144+0000] {processor.py:157} INFO - Started process (PID=1033) to work on /opt/airflow/dags/churn.py
[2025-01-08T12:56:13.145+0000] {processor.py:829} INFO - Processing file /opt/airflow/dags/churn.py for tasks to queue
[2025-01-08T12:56:13.147+0000] {logging_mixin.py:154} INFO - [2025-01-08T12:56:13.147+0000] {dagbag.py:536} INFO - Filling up the DagBag from /opt/airflow/dags/churn.py
[2025-01-08T12:56:13.531+0000] {processor.py:839} INFO - DAG(s) dict_keys(['prepare_churn_dataset']) retrieved from /opt/airflow/dags/churn.py
[2025-01-08T12:56:13.546+0000] {logging_mixin.py:154} INFO - [2025-01-08T12:56:13.545+0000] {dag.py:2941} INFO - Sync 1 DAGs
[2025-01-08T12:56:13.562+0000] {logging_mixin.py:154} INFO - [2025-01-08T12:56:13.562+0000] {dag.py:3722} INFO - Setting next_dagrun for prepare_churn_dataset to 2023-01-01T00:00:00+00:00, run_after=2023-01-01T00:00:00+00:00
[2025-01-08T12:56:13.577+0000] {processor.py:179} INFO - Processing /opt/airflow/dags/churn.py took 0.438 seconds
[2025-01-08T12:56:44.122+0000] {processor.py:157} INFO - Started process (PID=1089) to work on /opt/airflow/dags/churn.py
[2025-01-08T12:56:44.123+0000] {processor.py:829} INFO - Processing file /opt/airflow/dags/churn.py for tasks to queue
[2025-01-08T12:56:44.125+0000] {logging_mixin.py:154} INFO - [2025-01-08T12:56:44.125+0000] {dagbag.py:536} INFO - Filling up the DagBag from /opt/airflow/dags/churn.py
[2025-01-08T12:56:44.536+0000] {processor.py:839} INFO - DAG(s) dict_keys(['prepare_churn_dataset']) retrieved from /opt/airflow/dags/churn.py
[2025-01-08T12:56:44.552+0000] {logging_mixin.py:154} INFO - [2025-01-08T12:56:44.551+0000] {dag.py:2941} INFO - Sync 1 DAGs
[2025-01-08T12:56:44.570+0000] {logging_mixin.py:154} INFO - [2025-01-08T12:56:44.569+0000] {dag.py:3722} INFO - Setting next_dagrun for prepare_churn_dataset to 2023-01-01T00:00:00+00:00, run_after=2023-01-01T00:00:00+00:00
[2025-01-08T12:56:44.587+0000] {processor.py:179} INFO - Processing /opt/airflow/dags/churn.py took 0.468 seconds
[2025-01-08T12:57:14.654+0000] {processor.py:157} INFO - Started process (PID=1140) to work on /opt/airflow/dags/churn.py
[2025-01-08T12:57:14.655+0000] {processor.py:829} INFO - Processing file /opt/airflow/dags/churn.py for tasks to queue
[2025-01-08T12:57:14.657+0000] {logging_mixin.py:154} INFO - [2025-01-08T12:57:14.657+0000] {dagbag.py:536} INFO - Filling up the DagBag from /opt/airflow/dags/churn.py
[2025-01-08T12:57:15.080+0000] {processor.py:839} INFO - DAG(s) dict_keys(['prepare_churn_dataset']) retrieved from /opt/airflow/dags/churn.py
[2025-01-08T12:57:15.096+0000] {logging_mixin.py:154} INFO - [2025-01-08T12:57:15.096+0000] {dag.py:2941} INFO - Sync 1 DAGs
[2025-01-08T12:57:15.113+0000] {logging_mixin.py:154} INFO - [2025-01-08T12:57:15.113+0000] {dag.py:3722} INFO - Setting next_dagrun for prepare_churn_dataset to 2023-01-01T00:00:00+00:00, run_after=2023-01-01T00:00:00+00:00
[2025-01-08T12:57:15.130+0000] {processor.py:179} INFO - Processing /opt/airflow/dags/churn.py took 0.478 seconds
[2025-01-08T12:57:45.198+0000] {processor.py:157} INFO - Started process (PID=1191) to work on /opt/airflow/dags/churn.py
[2025-01-08T12:57:45.199+0000] {processor.py:829} INFO - Processing file /opt/airflow/dags/churn.py for tasks to queue
[2025-01-08T12:57:45.201+0000] {logging_mixin.py:154} INFO - [2025-01-08T12:57:45.201+0000] {dagbag.py:536} INFO - Filling up the DagBag from /opt/airflow/dags/churn.py
[2025-01-08T12:57:45.584+0000] {processor.py:839} INFO - DAG(s) dict_keys(['prepare_churn_dataset']) retrieved from /opt/airflow/dags/churn.py
[2025-01-08T12:57:45.598+0000] {logging_mixin.py:154} INFO - [2025-01-08T12:57:45.598+0000] {dag.py:2941} INFO - Sync 1 DAGs
[2025-01-08T12:57:45.614+0000] {logging_mixin.py:154} INFO - [2025-01-08T12:57:45.614+0000] {dag.py:3722} INFO - Setting next_dagrun for prepare_churn_dataset to 2023-01-01T00:00:00+00:00, run_after=2023-01-01T00:00:00+00:00
[2025-01-08T12:57:45.630+0000] {processor.py:179} INFO - Processing /opt/airflow/dags/churn.py took 0.435 seconds
[2025-01-08T12:58:15.897+0000] {processor.py:157} INFO - Started process (PID=1248) to work on /opt/airflow/dags/churn.py
[2025-01-08T12:58:15.898+0000] {processor.py:829} INFO - Processing file /opt/airflow/dags/churn.py for tasks to queue
[2025-01-08T12:58:15.900+0000] {logging_mixin.py:154} INFO - [2025-01-08T12:58:15.899+0000] {dagbag.py:536} INFO - Filling up the DagBag from /opt/airflow/dags/churn.py
[2025-01-08T12:58:16.283+0000] {processor.py:839} INFO - DAG(s) dict_keys(['prepare_churn_dataset']) retrieved from /opt/airflow/dags/churn.py
[2025-01-08T12:58:16.297+0000] {logging_mixin.py:154} INFO - [2025-01-08T12:58:16.297+0000] {dag.py:2941} INFO - Sync 1 DAGs
[2025-01-08T12:58:16.314+0000] {logging_mixin.py:154} INFO - [2025-01-08T12:58:16.314+0000] {dag.py:3722} INFO - Setting next_dagrun for prepare_churn_dataset to 2023-01-01T00:00:00+00:00, run_after=2023-01-01T00:00:00+00:00
[2025-01-08T12:58:16.329+0000] {processor.py:179} INFO - Processing /opt/airflow/dags/churn.py took 0.435 seconds
[2025-01-08T12:58:46.640+0000] {processor.py:157} INFO - Started process (PID=1308) to work on /opt/airflow/dags/churn.py
[2025-01-08T12:58:46.641+0000] {processor.py:829} INFO - Processing file /opt/airflow/dags/churn.py for tasks to queue
[2025-01-08T12:58:46.643+0000] {logging_mixin.py:154} INFO - [2025-01-08T12:58:46.643+0000] {dagbag.py:536} INFO - Filling up the DagBag from /opt/airflow/dags/churn.py
[2025-01-08T12:58:47.047+0000] {processor.py:839} INFO - DAG(s) dict_keys(['prepare_churn_dataset']) retrieved from /opt/airflow/dags/churn.py
[2025-01-08T12:58:47.062+0000] {logging_mixin.py:154} INFO - [2025-01-08T12:58:47.062+0000] {dag.py:2941} INFO - Sync 1 DAGs
[2025-01-08T12:58:47.080+0000] {logging_mixin.py:154} INFO - [2025-01-08T12:58:47.080+0000] {dag.py:3722} INFO - Setting next_dagrun for prepare_churn_dataset to 2023-01-01T00:00:00+00:00, run_after=2023-01-01T00:00:00+00:00
[2025-01-08T12:58:47.096+0000] {processor.py:179} INFO - Processing /opt/airflow/dags/churn.py took 0.459 seconds
[2025-01-08T12:59:17.908+0000] {processor.py:157} INFO - Started process (PID=1364) to work on /opt/airflow/dags/churn.py
[2025-01-08T12:59:17.909+0000] {processor.py:829} INFO - Processing file /opt/airflow/dags/churn.py for tasks to queue
[2025-01-08T12:59:17.911+0000] {logging_mixin.py:154} INFO - [2025-01-08T12:59:17.910+0000] {dagbag.py:536} INFO - Filling up the DagBag from /opt/airflow/dags/churn.py
[2025-01-08T12:59:18.309+0000] {processor.py:839} INFO - DAG(s) dict_keys(['prepare_churn_dataset']) retrieved from /opt/airflow/dags/churn.py
[2025-01-08T12:59:18.324+0000] {logging_mixin.py:154} INFO - [2025-01-08T12:59:18.324+0000] {dag.py:2941} INFO - Sync 1 DAGs
[2025-01-08T12:59:18.340+0000] {logging_mixin.py:154} INFO - [2025-01-08T12:59:18.340+0000] {dag.py:3722} INFO - Setting next_dagrun for prepare_churn_dataset to 2023-01-01T00:00:00+00:00, run_after=2023-01-01T00:00:00+00:00
[2025-01-08T12:59:18.355+0000] {processor.py:179} INFO - Processing /opt/airflow/dags/churn.py took 0.450 seconds
[2025-01-08T12:59:48.421+0000] {processor.py:157} INFO - Started process (PID=1423) to work on /opt/airflow/dags/churn.py
[2025-01-08T12:59:48.422+0000] {processor.py:829} INFO - Processing file /opt/airflow/dags/churn.py for tasks to queue
[2025-01-08T12:59:48.424+0000] {logging_mixin.py:154} INFO - [2025-01-08T12:59:48.424+0000] {dagbag.py:536} INFO - Filling up the DagBag from /opt/airflow/dags/churn.py
[2025-01-08T12:59:48.809+0000] {processor.py:839} INFO - DAG(s) dict_keys(['prepare_churn_dataset']) retrieved from /opt/airflow/dags/churn.py
[2025-01-08T12:59:48.826+0000] {logging_mixin.py:154} INFO - [2025-01-08T12:59:48.826+0000] {dag.py:2941} INFO - Sync 1 DAGs
[2025-01-08T12:59:48.842+0000] {logging_mixin.py:154} INFO - [2025-01-08T12:59:48.842+0000] {dag.py:3722} INFO - Setting next_dagrun for prepare_churn_dataset to 2023-01-01T00:00:00+00:00, run_after=2023-01-01T00:00:00+00:00
[2025-01-08T12:59:48.862+0000] {processor.py:179} INFO - Processing /opt/airflow/dags/churn.py took 0.444 seconds
[2025-01-08T13:00:18.936+0000] {processor.py:157} INFO - Started process (PID=1479) to work on /opt/airflow/dags/churn.py
[2025-01-08T13:00:18.937+0000] {processor.py:829} INFO - Processing file /opt/airflow/dags/churn.py for tasks to queue
[2025-01-08T13:00:18.939+0000] {logging_mixin.py:154} INFO - [2025-01-08T13:00:18.938+0000] {dagbag.py:536} INFO - Filling up the DagBag from /opt/airflow/dags/churn.py
[2025-01-08T13:00:19.350+0000] {processor.py:839} INFO - DAG(s) dict_keys(['prepare_churn_dataset']) retrieved from /opt/airflow/dags/churn.py
[2025-01-08T13:00:19.368+0000] {logging_mixin.py:154} INFO - [2025-01-08T13:00:19.367+0000] {dag.py:2941} INFO - Sync 1 DAGs
[2025-01-08T13:00:19.388+0000] {logging_mixin.py:154} INFO - [2025-01-08T13:00:19.387+0000] {dag.py:3722} INFO - Setting next_dagrun for prepare_churn_dataset to 2023-01-01T00:00:00+00:00, run_after=2023-01-01T00:00:00+00:00
[2025-01-08T13:00:19.404+0000] {processor.py:179} INFO - Processing /opt/airflow/dags/churn.py took 0.471 seconds
[2025-01-08T13:00:49.580+0000] {processor.py:157} INFO - Started process (PID=1535) to work on /opt/airflow/dags/churn.py
[2025-01-08T13:00:49.581+0000] {processor.py:829} INFO - Processing file /opt/airflow/dags/churn.py for tasks to queue
[2025-01-08T13:00:49.583+0000] {logging_mixin.py:154} INFO - [2025-01-08T13:00:49.583+0000] {dagbag.py:536} INFO - Filling up the DagBag from /opt/airflow/dags/churn.py
[2025-01-08T13:00:49.992+0000] {processor.py:839} INFO - DAG(s) dict_keys(['prepare_churn_dataset']) retrieved from /opt/airflow/dags/churn.py
[2025-01-08T13:00:50.007+0000] {logging_mixin.py:154} INFO - [2025-01-08T13:00:50.007+0000] {dag.py:2941} INFO - Sync 1 DAGs
[2025-01-08T13:00:50.026+0000] {logging_mixin.py:154} INFO - [2025-01-08T13:00:50.025+0000] {dag.py:3722} INFO - Setting next_dagrun for prepare_churn_dataset to 2023-01-01T00:00:00+00:00, run_after=2023-01-01T00:00:00+00:00
[2025-01-08T13:00:50.041+0000] {processor.py:179} INFO - Processing /opt/airflow/dags/churn.py took 0.464 seconds
[2025-01-08T13:01:21.010+0000] {processor.py:157} INFO - Started process (PID=1592) to work on /opt/airflow/dags/churn.py
[2025-01-08T13:01:21.011+0000] {processor.py:829} INFO - Processing file /opt/airflow/dags/churn.py for tasks to queue
[2025-01-08T13:01:21.013+0000] {logging_mixin.py:154} INFO - [2025-01-08T13:01:21.012+0000] {dagbag.py:536} INFO - Filling up the DagBag from /opt/airflow/dags/churn.py
[2025-01-08T13:01:21.262+0000] {processor.py:839} INFO - DAG(s) dict_keys(['prepare_churn_dataset']) retrieved from /opt/airflow/dags/churn.py
[2025-01-08T13:01:21.279+0000] {logging_mixin.py:154} INFO - [2025-01-08T13:01:21.279+0000] {dag.py:2941} INFO - Sync 1 DAGs
[2025-01-08T13:01:21.298+0000] {logging_mixin.py:154} INFO - [2025-01-08T13:01:21.297+0000] {dag.py:3722} INFO - Setting next_dagrun for prepare_churn_dataset to 2023-01-01T00:00:00+00:00, run_after=2023-01-01T00:00:00+00:00
[2025-01-08T13:01:21.314+0000] {processor.py:179} INFO - Processing /opt/airflow/dags/churn.py took 0.307 seconds
[2025-01-08T13:01:51.510+0000] {processor.py:157} INFO - Started process (PID=1648) to work on /opt/airflow/dags/churn.py
[2025-01-08T13:01:51.511+0000] {processor.py:829} INFO - Processing file /opt/airflow/dags/churn.py for tasks to queue
[2025-01-08T13:01:51.513+0000] {logging_mixin.py:154} INFO - [2025-01-08T13:01:51.513+0000] {dagbag.py:536} INFO - Filling up the DagBag from /opt/airflow/dags/churn.py
[2025-01-08T13:01:51.764+0000] {processor.py:839} INFO - DAG(s) dict_keys(['prepare_churn_dataset']) retrieved from /opt/airflow/dags/churn.py
[2025-01-08T13:01:51.783+0000] {logging_mixin.py:154} INFO - [2025-01-08T13:01:51.782+0000] {dag.py:2941} INFO - Sync 1 DAGs
[2025-01-08T13:01:51.801+0000] {logging_mixin.py:154} INFO - [2025-01-08T13:01:51.800+0000] {dag.py:3722} INFO - Setting next_dagrun for prepare_churn_dataset to 2023-01-01T00:00:00+00:00, run_after=2023-01-01T00:00:00+00:00
[2025-01-08T13:01:51.818+0000] {processor.py:179} INFO - Processing /opt/airflow/dags/churn.py took 0.311 seconds
[2025-01-08T13:02:21.936+0000] {processor.py:157} INFO - Started process (PID=1704) to work on /opt/airflow/dags/churn.py
[2025-01-08T13:02:21.937+0000] {processor.py:829} INFO - Processing file /opt/airflow/dags/churn.py for tasks to queue
[2025-01-08T13:02:21.939+0000] {logging_mixin.py:154} INFO - [2025-01-08T13:02:21.939+0000] {dagbag.py:536} INFO - Filling up the DagBag from /opt/airflow/dags/churn.py
[2025-01-08T13:02:22.208+0000] {processor.py:839} INFO - DAG(s) dict_keys(['prepare_churn_dataset']) retrieved from /opt/airflow/dags/churn.py
[2025-01-08T13:02:22.230+0000] {logging_mixin.py:154} INFO - [2025-01-08T13:02:22.229+0000] {dag.py:2941} INFO - Sync 1 DAGs
[2025-01-08T13:02:22.252+0000] {logging_mixin.py:154} INFO - [2025-01-08T13:02:22.252+0000] {dag.py:3722} INFO - Setting next_dagrun for prepare_churn_dataset to 2023-01-01T00:00:00+00:00, run_after=2023-01-01T00:00:00+00:00
[2025-01-08T13:02:22.270+0000] {processor.py:179} INFO - Processing /opt/airflow/dags/churn.py took 0.337 seconds
