[2025-01-15T21:47:57.301+0000] {processor.py:157} INFO - Started process (PID=74) to work on /home/airflow/.local/lib/python3.10/site-packages/airflow/example_dags/example_kubernetes_executor.py
[2025-01-15T21:47:57.303+0000] {processor.py:829} INFO - Processing file /home/airflow/.local/lib/python3.10/site-packages/airflow/example_dags/example_kubernetes_executor.py for tasks to queue
[2025-01-15T21:47:57.305+0000] {logging_mixin.py:154} INFO - [2025-01-15T21:47:57.305+0000] {dagbag.py:536} INFO - Filling up the DagBag from /home/airflow/.local/lib/python3.10/site-packages/airflow/example_dags/example_kubernetes_executor.py
[2025-01-15T21:47:57.323+0000] {processor.py:839} INFO - DAG(s) dict_keys(['example_kubernetes_executor']) retrieved from /home/airflow/.local/lib/python3.10/site-packages/airflow/example_dags/example_kubernetes_executor.py
[2025-01-15T21:47:57.380+0000] {logging_mixin.py:154} INFO - [2025-01-15T21:47:57.380+0000] {dag.py:2941} INFO - Sync 1 DAGs
[2025-01-15T21:47:57.392+0000] {logging_mixin.py:154} INFO - [2025-01-15T21:47:57.392+0000] {dag.py:3722} INFO - Setting next_dagrun for example_kubernetes_executor to None, run_after=None
[2025-01-15T21:47:57.422+0000] {processor.py:179} INFO - Processing /home/airflow/.local/lib/python3.10/site-packages/airflow/example_dags/example_kubernetes_executor.py took 0.124 seconds
[2025-01-15T21:48:39.539+0000] {processor.py:157} INFO - Started process (PID=81) to work on /home/airflow/.local/lib/python3.10/site-packages/airflow/example_dags/example_kubernetes_executor.py
[2025-01-15T21:48:39.541+0000] {processor.py:829} INFO - Processing file /home/airflow/.local/lib/python3.10/site-packages/airflow/example_dags/example_kubernetes_executor.py for tasks to queue
[2025-01-15T21:48:39.546+0000] {logging_mixin.py:154} INFO - [2025-01-15T21:48:39.546+0000] {dagbag.py:536} INFO - Filling up the DagBag from /home/airflow/.local/lib/python3.10/site-packages/airflow/example_dags/example_kubernetes_executor.py
[2025-01-15T21:48:39.589+0000] {processor.py:839} INFO - DAG(s) dict_keys(['example_kubernetes_executor']) retrieved from /home/airflow/.local/lib/python3.10/site-packages/airflow/example_dags/example_kubernetes_executor.py
[2025-01-15T21:48:39.615+0000] {logging_mixin.py:154} INFO - [2025-01-15T21:48:39.615+0000] {dag.py:2941} INFO - Sync 1 DAGs
[2025-01-15T21:48:39.643+0000] {logging_mixin.py:154} INFO - [2025-01-15T21:48:39.642+0000] {dag.py:3722} INFO - Setting next_dagrun for example_kubernetes_executor to None, run_after=None
[2025-01-15T21:48:39.684+0000] {processor.py:179} INFO - Processing /home/airflow/.local/lib/python3.10/site-packages/airflow/example_dags/example_kubernetes_executor.py took 0.151 seconds
[2025-01-15T21:49:10.546+0000] {processor.py:157} INFO - Started process (PID=137) to work on /home/airflow/.local/lib/python3.10/site-packages/airflow/example_dags/example_kubernetes_executor.py
[2025-01-15T21:49:10.547+0000] {processor.py:829} INFO - Processing file /home/airflow/.local/lib/python3.10/site-packages/airflow/example_dags/example_kubernetes_executor.py for tasks to queue
[2025-01-15T21:49:10.549+0000] {logging_mixin.py:154} INFO - [2025-01-15T21:49:10.549+0000] {dagbag.py:536} INFO - Filling up the DagBag from /home/airflow/.local/lib/python3.10/site-packages/airflow/example_dags/example_kubernetes_executor.py
[2025-01-15T21:49:10.562+0000] {processor.py:839} INFO - DAG(s) dict_keys(['example_kubernetes_executor']) retrieved from /home/airflow/.local/lib/python3.10/site-packages/airflow/example_dags/example_kubernetes_executor.py
[2025-01-15T21:49:10.607+0000] {logging_mixin.py:154} INFO - [2025-01-15T21:49:10.606+0000] {dag.py:2941} INFO - Sync 1 DAGs
[2025-01-15T21:49:10.619+0000] {logging_mixin.py:154} INFO - [2025-01-15T21:49:10.619+0000] {dag.py:3722} INFO - Setting next_dagrun for example_kubernetes_executor to None, run_after=None
[2025-01-15T21:49:10.647+0000] {processor.py:179} INFO - Processing /home/airflow/.local/lib/python3.10/site-packages/airflow/example_dags/example_kubernetes_executor.py took 0.104 seconds
[2025-01-15T21:49:41.167+0000] {processor.py:157} INFO - Started process (PID=193) to work on /home/airflow/.local/lib/python3.10/site-packages/airflow/example_dags/example_kubernetes_executor.py
[2025-01-15T21:49:41.168+0000] {processor.py:829} INFO - Processing file /home/airflow/.local/lib/python3.10/site-packages/airflow/example_dags/example_kubernetes_executor.py for tasks to queue
[2025-01-15T21:49:41.170+0000] {logging_mixin.py:154} INFO - [2025-01-15T21:49:41.170+0000] {dagbag.py:536} INFO - Filling up the DagBag from /home/airflow/.local/lib/python3.10/site-packages/airflow/example_dags/example_kubernetes_executor.py
[2025-01-15T21:49:41.182+0000] {processor.py:839} INFO - DAG(s) dict_keys(['example_kubernetes_executor']) retrieved from /home/airflow/.local/lib/python3.10/site-packages/airflow/example_dags/example_kubernetes_executor.py
[2025-01-15T21:49:41.220+0000] {logging_mixin.py:154} INFO - [2025-01-15T21:49:41.220+0000] {dag.py:2941} INFO - Sync 1 DAGs
[2025-01-15T21:49:41.232+0000] {logging_mixin.py:154} INFO - [2025-01-15T21:49:41.232+0000] {dag.py:3722} INFO - Setting next_dagrun for example_kubernetes_executor to None, run_after=None
[2025-01-15T21:49:41.250+0000] {processor.py:179} INFO - Processing /home/airflow/.local/lib/python3.10/site-packages/airflow/example_dags/example_kubernetes_executor.py took 0.086 seconds
[2025-01-15T21:50:12.068+0000] {processor.py:157} INFO - Started process (PID=250) to work on /home/airflow/.local/lib/python3.10/site-packages/airflow/example_dags/example_kubernetes_executor.py
[2025-01-15T21:50:12.069+0000] {processor.py:829} INFO - Processing file /home/airflow/.local/lib/python3.10/site-packages/airflow/example_dags/example_kubernetes_executor.py for tasks to queue
[2025-01-15T21:50:12.070+0000] {logging_mixin.py:154} INFO - [2025-01-15T21:50:12.070+0000] {dagbag.py:536} INFO - Filling up the DagBag from /home/airflow/.local/lib/python3.10/site-packages/airflow/example_dags/example_kubernetes_executor.py
[2025-01-15T21:50:12.080+0000] {processor.py:839} INFO - DAG(s) dict_keys(['example_kubernetes_executor']) retrieved from /home/airflow/.local/lib/python3.10/site-packages/airflow/example_dags/example_kubernetes_executor.py
[2025-01-15T21:50:12.110+0000] {logging_mixin.py:154} INFO - [2025-01-15T21:50:12.110+0000] {dag.py:2941} INFO - Sync 1 DAGs
[2025-01-15T21:50:12.120+0000] {logging_mixin.py:154} INFO - [2025-01-15T21:50:12.120+0000] {dag.py:3722} INFO - Setting next_dagrun for example_kubernetes_executor to None, run_after=None
[2025-01-15T21:50:12.138+0000] {processor.py:179} INFO - Processing /home/airflow/.local/lib/python3.10/site-packages/airflow/example_dags/example_kubernetes_executor.py took 0.072 seconds
[2025-01-15T21:50:42.592+0000] {processor.py:157} INFO - Started process (PID=306) to work on /home/airflow/.local/lib/python3.10/site-packages/airflow/example_dags/example_kubernetes_executor.py
[2025-01-15T21:50:42.593+0000] {processor.py:829} INFO - Processing file /home/airflow/.local/lib/python3.10/site-packages/airflow/example_dags/example_kubernetes_executor.py for tasks to queue
[2025-01-15T21:50:42.595+0000] {logging_mixin.py:154} INFO - [2025-01-15T21:50:42.594+0000] {dagbag.py:536} INFO - Filling up the DagBag from /home/airflow/.local/lib/python3.10/site-packages/airflow/example_dags/example_kubernetes_executor.py
[2025-01-15T21:50:42.606+0000] {processor.py:839} INFO - DAG(s) dict_keys(['example_kubernetes_executor']) retrieved from /home/airflow/.local/lib/python3.10/site-packages/airflow/example_dags/example_kubernetes_executor.py
[2025-01-15T21:50:42.641+0000] {logging_mixin.py:154} INFO - [2025-01-15T21:50:42.641+0000] {dag.py:2941} INFO - Sync 1 DAGs
[2025-01-15T21:50:42.653+0000] {logging_mixin.py:154} INFO - [2025-01-15T21:50:42.652+0000] {dag.py:3722} INFO - Setting next_dagrun for example_kubernetes_executor to None, run_after=None
[2025-01-15T21:50:42.679+0000] {processor.py:179} INFO - Processing /home/airflow/.local/lib/python3.10/site-packages/airflow/example_dags/example_kubernetes_executor.py took 0.090 seconds
[2025-01-15T21:51:12.965+0000] {processor.py:157} INFO - Started process (PID=362) to work on /home/airflow/.local/lib/python3.10/site-packages/airflow/example_dags/example_kubernetes_executor.py
[2025-01-15T21:51:12.966+0000] {processor.py:829} INFO - Processing file /home/airflow/.local/lib/python3.10/site-packages/airflow/example_dags/example_kubernetes_executor.py for tasks to queue
[2025-01-15T21:51:12.968+0000] {logging_mixin.py:154} INFO - [2025-01-15T21:51:12.968+0000] {dagbag.py:536} INFO - Filling up the DagBag from /home/airflow/.local/lib/python3.10/site-packages/airflow/example_dags/example_kubernetes_executor.py
[2025-01-15T21:51:12.981+0000] {processor.py:839} INFO - DAG(s) dict_keys(['example_kubernetes_executor']) retrieved from /home/airflow/.local/lib/python3.10/site-packages/airflow/example_dags/example_kubernetes_executor.py
[2025-01-15T21:51:13.032+0000] {logging_mixin.py:154} INFO - [2025-01-15T21:51:13.031+0000] {dag.py:2941} INFO - Sync 1 DAGs
[2025-01-15T21:51:13.044+0000] {logging_mixin.py:154} INFO - [2025-01-15T21:51:13.043+0000] {dag.py:3722} INFO - Setting next_dagrun for example_kubernetes_executor to None, run_after=None
[2025-01-15T21:51:13.062+0000] {processor.py:179} INFO - Processing /home/airflow/.local/lib/python3.10/site-packages/airflow/example_dags/example_kubernetes_executor.py took 0.100 seconds
[2025-01-15T21:51:43.195+0000] {processor.py:157} INFO - Started process (PID=418) to work on /home/airflow/.local/lib/python3.10/site-packages/airflow/example_dags/example_kubernetes_executor.py
[2025-01-15T21:51:43.196+0000] {processor.py:829} INFO - Processing file /home/airflow/.local/lib/python3.10/site-packages/airflow/example_dags/example_kubernetes_executor.py for tasks to queue
[2025-01-15T21:51:43.199+0000] {logging_mixin.py:154} INFO - [2025-01-15T21:51:43.198+0000] {dagbag.py:536} INFO - Filling up the DagBag from /home/airflow/.local/lib/python3.10/site-packages/airflow/example_dags/example_kubernetes_executor.py
[2025-01-15T21:51:43.209+0000] {processor.py:839} INFO - DAG(s) dict_keys(['example_kubernetes_executor']) retrieved from /home/airflow/.local/lib/python3.10/site-packages/airflow/example_dags/example_kubernetes_executor.py
[2025-01-15T21:51:43.247+0000] {logging_mixin.py:154} INFO - [2025-01-15T21:51:43.246+0000] {dag.py:2941} INFO - Sync 1 DAGs
[2025-01-15T21:51:43.259+0000] {logging_mixin.py:154} INFO - [2025-01-15T21:51:43.259+0000] {dag.py:3722} INFO - Setting next_dagrun for example_kubernetes_executor to None, run_after=None
[2025-01-15T21:51:43.277+0000] {processor.py:179} INFO - Processing /home/airflow/.local/lib/python3.10/site-packages/airflow/example_dags/example_kubernetes_executor.py took 0.084 seconds
[2025-01-15T21:52:14.303+0000] {processor.py:157} INFO - Started process (PID=474) to work on /home/airflow/.local/lib/python3.10/site-packages/airflow/example_dags/example_kubernetes_executor.py
[2025-01-15T21:52:14.304+0000] {processor.py:829} INFO - Processing file /home/airflow/.local/lib/python3.10/site-packages/airflow/example_dags/example_kubernetes_executor.py for tasks to queue
[2025-01-15T21:52:14.306+0000] {logging_mixin.py:154} INFO - [2025-01-15T21:52:14.305+0000] {dagbag.py:536} INFO - Filling up the DagBag from /home/airflow/.local/lib/python3.10/site-packages/airflow/example_dags/example_kubernetes_executor.py
[2025-01-15T21:52:14.317+0000] {processor.py:839} INFO - DAG(s) dict_keys(['example_kubernetes_executor']) retrieved from /home/airflow/.local/lib/python3.10/site-packages/airflow/example_dags/example_kubernetes_executor.py
[2025-01-15T21:52:14.352+0000] {logging_mixin.py:154} INFO - [2025-01-15T21:52:14.352+0000] {dag.py:2941} INFO - Sync 1 DAGs
[2025-01-15T21:52:14.364+0000] {logging_mixin.py:154} INFO - [2025-01-15T21:52:14.364+0000] {dag.py:3722} INFO - Setting next_dagrun for example_kubernetes_executor to None, run_after=None
[2025-01-15T21:52:14.379+0000] {processor.py:179} INFO - Processing /home/airflow/.local/lib/python3.10/site-packages/airflow/example_dags/example_kubernetes_executor.py took 0.079 seconds
[2025-01-15T21:52:45.034+0000] {processor.py:157} INFO - Started process (PID=530) to work on /home/airflow/.local/lib/python3.10/site-packages/airflow/example_dags/example_kubernetes_executor.py
[2025-01-15T21:52:45.035+0000] {processor.py:829} INFO - Processing file /home/airflow/.local/lib/python3.10/site-packages/airflow/example_dags/example_kubernetes_executor.py for tasks to queue
[2025-01-15T21:52:45.037+0000] {logging_mixin.py:154} INFO - [2025-01-15T21:52:45.037+0000] {dagbag.py:536} INFO - Filling up the DagBag from /home/airflow/.local/lib/python3.10/site-packages/airflow/example_dags/example_kubernetes_executor.py
[2025-01-15T21:52:45.049+0000] {processor.py:839} INFO - DAG(s) dict_keys(['example_kubernetes_executor']) retrieved from /home/airflow/.local/lib/python3.10/site-packages/airflow/example_dags/example_kubernetes_executor.py
[2025-01-15T21:52:45.087+0000] {logging_mixin.py:154} INFO - [2025-01-15T21:52:45.087+0000] {dag.py:2941} INFO - Sync 1 DAGs
[2025-01-15T21:52:45.099+0000] {logging_mixin.py:154} INFO - [2025-01-15T21:52:45.099+0000] {dag.py:3722} INFO - Setting next_dagrun for example_kubernetes_executor to None, run_after=None
[2025-01-15T21:52:45.117+0000] {processor.py:179} INFO - Processing /home/airflow/.local/lib/python3.10/site-packages/airflow/example_dags/example_kubernetes_executor.py took 0.086 seconds
[2025-01-15T21:53:15.891+0000] {processor.py:157} INFO - Started process (PID=586) to work on /home/airflow/.local/lib/python3.10/site-packages/airflow/example_dags/example_kubernetes_executor.py
[2025-01-15T21:53:15.892+0000] {processor.py:829} INFO - Processing file /home/airflow/.local/lib/python3.10/site-packages/airflow/example_dags/example_kubernetes_executor.py for tasks to queue
[2025-01-15T21:53:15.894+0000] {logging_mixin.py:154} INFO - [2025-01-15T21:53:15.894+0000] {dagbag.py:536} INFO - Filling up the DagBag from /home/airflow/.local/lib/python3.10/site-packages/airflow/example_dags/example_kubernetes_executor.py
[2025-01-15T21:53:15.906+0000] {processor.py:839} INFO - DAG(s) dict_keys(['example_kubernetes_executor']) retrieved from /home/airflow/.local/lib/python3.10/site-packages/airflow/example_dags/example_kubernetes_executor.py
[2025-01-15T21:53:15.942+0000] {logging_mixin.py:154} INFO - [2025-01-15T21:53:15.942+0000] {dag.py:2941} INFO - Sync 1 DAGs
[2025-01-15T21:53:15.953+0000] {logging_mixin.py:154} INFO - [2025-01-15T21:53:15.953+0000] {dag.py:3722} INFO - Setting next_dagrun for example_kubernetes_executor to None, run_after=None
[2025-01-15T21:53:15.968+0000] {processor.py:179} INFO - Processing /home/airflow/.local/lib/python3.10/site-packages/airflow/example_dags/example_kubernetes_executor.py took 0.080 seconds
[2025-01-15T21:53:47.207+0000] {processor.py:157} INFO - Started process (PID=642) to work on /home/airflow/.local/lib/python3.10/site-packages/airflow/example_dags/example_kubernetes_executor.py
[2025-01-15T21:53:47.208+0000] {processor.py:829} INFO - Processing file /home/airflow/.local/lib/python3.10/site-packages/airflow/example_dags/example_kubernetes_executor.py for tasks to queue
[2025-01-15T21:53:47.210+0000] {logging_mixin.py:154} INFO - [2025-01-15T21:53:47.209+0000] {dagbag.py:536} INFO - Filling up the DagBag from /home/airflow/.local/lib/python3.10/site-packages/airflow/example_dags/example_kubernetes_executor.py
[2025-01-15T21:53:47.227+0000] {processor.py:839} INFO - DAG(s) dict_keys(['example_kubernetes_executor']) retrieved from /home/airflow/.local/lib/python3.10/site-packages/airflow/example_dags/example_kubernetes_executor.py
[2025-01-15T21:53:47.266+0000] {logging_mixin.py:154} INFO - [2025-01-15T21:53:47.266+0000] {dag.py:2941} INFO - Sync 1 DAGs
[2025-01-15T21:53:47.280+0000] {logging_mixin.py:154} INFO - [2025-01-15T21:53:47.280+0000] {dag.py:3722} INFO - Setting next_dagrun for example_kubernetes_executor to None, run_after=None
[2025-01-15T21:53:47.296+0000] {processor.py:179} INFO - Processing /home/airflow/.local/lib/python3.10/site-packages/airflow/example_dags/example_kubernetes_executor.py took 0.092 seconds
[2025-01-15T21:54:18.125+0000] {processor.py:157} INFO - Started process (PID=698) to work on /home/airflow/.local/lib/python3.10/site-packages/airflow/example_dags/example_kubernetes_executor.py
[2025-01-15T21:54:18.126+0000] {processor.py:829} INFO - Processing file /home/airflow/.local/lib/python3.10/site-packages/airflow/example_dags/example_kubernetes_executor.py for tasks to queue
[2025-01-15T21:54:18.129+0000] {logging_mixin.py:154} INFO - [2025-01-15T21:54:18.128+0000] {dagbag.py:536} INFO - Filling up the DagBag from /home/airflow/.local/lib/python3.10/site-packages/airflow/example_dags/example_kubernetes_executor.py
[2025-01-15T21:54:18.140+0000] {processor.py:839} INFO - DAG(s) dict_keys(['example_kubernetes_executor']) retrieved from /home/airflow/.local/lib/python3.10/site-packages/airflow/example_dags/example_kubernetes_executor.py
[2025-01-15T21:54:18.178+0000] {logging_mixin.py:154} INFO - [2025-01-15T21:54:18.178+0000] {dag.py:2941} INFO - Sync 1 DAGs
[2025-01-15T21:54:18.190+0000] {logging_mixin.py:154} INFO - [2025-01-15T21:54:18.190+0000] {dag.py:3722} INFO - Setting next_dagrun for example_kubernetes_executor to None, run_after=None
[2025-01-15T21:54:18.206+0000] {processor.py:179} INFO - Processing /home/airflow/.local/lib/python3.10/site-packages/airflow/example_dags/example_kubernetes_executor.py took 0.084 seconds
[2025-01-15T21:54:49.213+0000] {processor.py:157} INFO - Started process (PID=754) to work on /home/airflow/.local/lib/python3.10/site-packages/airflow/example_dags/example_kubernetes_executor.py
[2025-01-15T21:54:49.213+0000] {processor.py:829} INFO - Processing file /home/airflow/.local/lib/python3.10/site-packages/airflow/example_dags/example_kubernetes_executor.py for tasks to queue
[2025-01-15T21:54:49.215+0000] {logging_mixin.py:154} INFO - [2025-01-15T21:54:49.215+0000] {dagbag.py:536} INFO - Filling up the DagBag from /home/airflow/.local/lib/python3.10/site-packages/airflow/example_dags/example_kubernetes_executor.py
[2025-01-15T21:54:49.226+0000] {processor.py:839} INFO - DAG(s) dict_keys(['example_kubernetes_executor']) retrieved from /home/airflow/.local/lib/python3.10/site-packages/airflow/example_dags/example_kubernetes_executor.py
[2025-01-15T21:54:49.260+0000] {logging_mixin.py:154} INFO - [2025-01-15T21:54:49.259+0000] {dag.py:2941} INFO - Sync 1 DAGs
[2025-01-15T21:54:49.270+0000] {logging_mixin.py:154} INFO - [2025-01-15T21:54:49.270+0000] {dag.py:3722} INFO - Setting next_dagrun for example_kubernetes_executor to None, run_after=None
[2025-01-15T21:54:49.285+0000] {processor.py:179} INFO - Processing /home/airflow/.local/lib/python3.10/site-packages/airflow/example_dags/example_kubernetes_executor.py took 0.075 seconds
[2025-01-15T21:55:19.649+0000] {processor.py:157} INFO - Started process (PID=810) to work on /home/airflow/.local/lib/python3.10/site-packages/airflow/example_dags/example_kubernetes_executor.py
[2025-01-15T21:55:19.650+0000] {processor.py:829} INFO - Processing file /home/airflow/.local/lib/python3.10/site-packages/airflow/example_dags/example_kubernetes_executor.py for tasks to queue
[2025-01-15T21:55:19.652+0000] {logging_mixin.py:154} INFO - [2025-01-15T21:55:19.652+0000] {dagbag.py:536} INFO - Filling up the DagBag from /home/airflow/.local/lib/python3.10/site-packages/airflow/example_dags/example_kubernetes_executor.py
[2025-01-15T21:55:19.664+0000] {processor.py:839} INFO - DAG(s) dict_keys(['example_kubernetes_executor']) retrieved from /home/airflow/.local/lib/python3.10/site-packages/airflow/example_dags/example_kubernetes_executor.py
[2025-01-15T21:55:19.698+0000] {logging_mixin.py:154} INFO - [2025-01-15T21:55:19.698+0000] {dag.py:2941} INFO - Sync 1 DAGs
[2025-01-15T21:55:19.708+0000] {logging_mixin.py:154} INFO - [2025-01-15T21:55:19.708+0000] {dag.py:3722} INFO - Setting next_dagrun for example_kubernetes_executor to None, run_after=None
[2025-01-15T21:55:19.725+0000] {processor.py:179} INFO - Processing /home/airflow/.local/lib/python3.10/site-packages/airflow/example_dags/example_kubernetes_executor.py took 0.079 seconds
[2025-01-15T21:55:51.045+0000] {processor.py:157} INFO - Started process (PID=873) to work on /home/airflow/.local/lib/python3.10/site-packages/airflow/example_dags/example_kubernetes_executor.py
[2025-01-15T21:55:51.046+0000] {processor.py:829} INFO - Processing file /home/airflow/.local/lib/python3.10/site-packages/airflow/example_dags/example_kubernetes_executor.py for tasks to queue
[2025-01-15T21:55:51.048+0000] {logging_mixin.py:154} INFO - [2025-01-15T21:55:51.047+0000] {dagbag.py:536} INFO - Filling up the DagBag from /home/airflow/.local/lib/python3.10/site-packages/airflow/example_dags/example_kubernetes_executor.py
[2025-01-15T21:55:51.059+0000] {processor.py:839} INFO - DAG(s) dict_keys(['example_kubernetes_executor']) retrieved from /home/airflow/.local/lib/python3.10/site-packages/airflow/example_dags/example_kubernetes_executor.py
[2025-01-15T21:55:51.095+0000] {logging_mixin.py:154} INFO - [2025-01-15T21:55:51.095+0000] {dag.py:2941} INFO - Sync 1 DAGs
[2025-01-15T21:55:51.106+0000] {logging_mixin.py:154} INFO - [2025-01-15T21:55:51.106+0000] {dag.py:3722} INFO - Setting next_dagrun for example_kubernetes_executor to None, run_after=None
[2025-01-15T21:55:51.123+0000] {processor.py:179} INFO - Processing /home/airflow/.local/lib/python3.10/site-packages/airflow/example_dags/example_kubernetes_executor.py took 0.081 seconds
[2025-01-15T21:56:22.110+0000] {processor.py:157} INFO - Started process (PID=934) to work on /home/airflow/.local/lib/python3.10/site-packages/airflow/example_dags/example_kubernetes_executor.py
[2025-01-15T21:56:22.111+0000] {processor.py:829} INFO - Processing file /home/airflow/.local/lib/python3.10/site-packages/airflow/example_dags/example_kubernetes_executor.py for tasks to queue
[2025-01-15T21:56:22.113+0000] {logging_mixin.py:154} INFO - [2025-01-15T21:56:22.113+0000] {dagbag.py:536} INFO - Filling up the DagBag from /home/airflow/.local/lib/python3.10/site-packages/airflow/example_dags/example_kubernetes_executor.py
[2025-01-15T21:56:22.125+0000] {processor.py:839} INFO - DAG(s) dict_keys(['example_kubernetes_executor']) retrieved from /home/airflow/.local/lib/python3.10/site-packages/airflow/example_dags/example_kubernetes_executor.py
[2025-01-15T21:56:22.161+0000] {logging_mixin.py:154} INFO - [2025-01-15T21:56:22.161+0000] {dag.py:2941} INFO - Sync 1 DAGs
[2025-01-15T21:56:22.172+0000] {logging_mixin.py:154} INFO - [2025-01-15T21:56:22.172+0000] {dag.py:3722} INFO - Setting next_dagrun for example_kubernetes_executor to None, run_after=None
[2025-01-15T21:56:22.189+0000] {processor.py:179} INFO - Processing /home/airflow/.local/lib/python3.10/site-packages/airflow/example_dags/example_kubernetes_executor.py took 0.081 seconds
[2025-01-15T21:56:52.781+0000] {processor.py:157} INFO - Started process (PID=985) to work on /home/airflow/.local/lib/python3.10/site-packages/airflow/example_dags/example_kubernetes_executor.py
[2025-01-15T21:56:52.782+0000] {processor.py:829} INFO - Processing file /home/airflow/.local/lib/python3.10/site-packages/airflow/example_dags/example_kubernetes_executor.py for tasks to queue
[2025-01-15T21:56:52.784+0000] {logging_mixin.py:154} INFO - [2025-01-15T21:56:52.783+0000] {dagbag.py:536} INFO - Filling up the DagBag from /home/airflow/.local/lib/python3.10/site-packages/airflow/example_dags/example_kubernetes_executor.py
[2025-01-15T21:56:52.796+0000] {processor.py:839} INFO - DAG(s) dict_keys(['example_kubernetes_executor']) retrieved from /home/airflow/.local/lib/python3.10/site-packages/airflow/example_dags/example_kubernetes_executor.py
[2025-01-15T21:56:52.832+0000] {logging_mixin.py:154} INFO - [2025-01-15T21:56:52.832+0000] {dag.py:2941} INFO - Sync 1 DAGs
[2025-01-15T21:56:52.844+0000] {logging_mixin.py:154} INFO - [2025-01-15T21:56:52.844+0000] {dag.py:3722} INFO - Setting next_dagrun for example_kubernetes_executor to None, run_after=None
[2025-01-15T21:56:53.008+0000] {processor.py:179} INFO - Processing /home/airflow/.local/lib/python3.10/site-packages/airflow/example_dags/example_kubernetes_executor.py took 0.230 seconds
[2025-01-15T21:57:23.239+0000] {processor.py:157} INFO - Started process (PID=1043) to work on /home/airflow/.local/lib/python3.10/site-packages/airflow/example_dags/example_kubernetes_executor.py
[2025-01-15T21:57:23.240+0000] {processor.py:829} INFO - Processing file /home/airflow/.local/lib/python3.10/site-packages/airflow/example_dags/example_kubernetes_executor.py for tasks to queue
[2025-01-15T21:57:23.242+0000] {logging_mixin.py:154} INFO - [2025-01-15T21:57:23.242+0000] {dagbag.py:536} INFO - Filling up the DagBag from /home/airflow/.local/lib/python3.10/site-packages/airflow/example_dags/example_kubernetes_executor.py
[2025-01-15T21:57:23.253+0000] {processor.py:839} INFO - DAG(s) dict_keys(['example_kubernetes_executor']) retrieved from /home/airflow/.local/lib/python3.10/site-packages/airflow/example_dags/example_kubernetes_executor.py
[2025-01-15T21:57:23.287+0000] {logging_mixin.py:154} INFO - [2025-01-15T21:57:23.287+0000] {dag.py:2941} INFO - Sync 1 DAGs
[2025-01-15T21:57:23.297+0000] {logging_mixin.py:154} INFO - [2025-01-15T21:57:23.297+0000] {dag.py:3722} INFO - Setting next_dagrun for example_kubernetes_executor to None, run_after=None
[2025-01-15T21:57:23.311+0000] {processor.py:179} INFO - Processing /home/airflow/.local/lib/python3.10/site-packages/airflow/example_dags/example_kubernetes_executor.py took 0.074 seconds
[2025-01-15T21:57:53.712+0000] {processor.py:157} INFO - Started process (PID=1097) to work on /home/airflow/.local/lib/python3.10/site-packages/airflow/example_dags/example_kubernetes_executor.py
[2025-01-15T21:57:53.713+0000] {processor.py:829} INFO - Processing file /home/airflow/.local/lib/python3.10/site-packages/airflow/example_dags/example_kubernetes_executor.py for tasks to queue
[2025-01-15T21:57:53.715+0000] {logging_mixin.py:154} INFO - [2025-01-15T21:57:53.714+0000] {dagbag.py:536} INFO - Filling up the DagBag from /home/airflow/.local/lib/python3.10/site-packages/airflow/example_dags/example_kubernetes_executor.py
[2025-01-15T21:57:53.726+0000] {processor.py:839} INFO - DAG(s) dict_keys(['example_kubernetes_executor']) retrieved from /home/airflow/.local/lib/python3.10/site-packages/airflow/example_dags/example_kubernetes_executor.py
[2025-01-15T21:57:53.903+0000] {logging_mixin.py:154} INFO - [2025-01-15T21:57:53.903+0000] {dag.py:2941} INFO - Sync 1 DAGs
[2025-01-15T21:57:53.913+0000] {logging_mixin.py:154} INFO - [2025-01-15T21:57:53.913+0000] {dag.py:3722} INFO - Setting next_dagrun for example_kubernetes_executor to None, run_after=None
[2025-01-15T21:57:53.928+0000] {processor.py:179} INFO - Processing /home/airflow/.local/lib/python3.10/site-packages/airflow/example_dags/example_kubernetes_executor.py took 0.218 seconds
[2025-01-15T21:58:24.049+0000] {processor.py:157} INFO - Started process (PID=1153) to work on /home/airflow/.local/lib/python3.10/site-packages/airflow/example_dags/example_kubernetes_executor.py
[2025-01-15T21:58:24.051+0000] {processor.py:829} INFO - Processing file /home/airflow/.local/lib/python3.10/site-packages/airflow/example_dags/example_kubernetes_executor.py for tasks to queue
[2025-01-15T21:58:24.053+0000] {logging_mixin.py:154} INFO - [2025-01-15T21:58:24.052+0000] {dagbag.py:536} INFO - Filling up the DagBag from /home/airflow/.local/lib/python3.10/site-packages/airflow/example_dags/example_kubernetes_executor.py
[2025-01-15T21:58:24.065+0000] {processor.py:839} INFO - DAG(s) dict_keys(['example_kubernetes_executor']) retrieved from /home/airflow/.local/lib/python3.10/site-packages/airflow/example_dags/example_kubernetes_executor.py
[2025-01-15T21:58:24.104+0000] {logging_mixin.py:154} INFO - [2025-01-15T21:58:24.104+0000] {dag.py:2941} INFO - Sync 1 DAGs
[2025-01-15T21:58:24.118+0000] {logging_mixin.py:154} INFO - [2025-01-15T21:58:24.118+0000] {dag.py:3722} INFO - Setting next_dagrun for example_kubernetes_executor to None, run_after=None
[2025-01-15T21:58:24.317+0000] {processor.py:179} INFO - Processing /home/airflow/.local/lib/python3.10/site-packages/airflow/example_dags/example_kubernetes_executor.py took 0.270 seconds
[2025-01-15T21:58:54.730+0000] {processor.py:157} INFO - Started process (PID=1209) to work on /home/airflow/.local/lib/python3.10/site-packages/airflow/example_dags/example_kubernetes_executor.py
[2025-01-15T21:58:54.731+0000] {processor.py:829} INFO - Processing file /home/airflow/.local/lib/python3.10/site-packages/airflow/example_dags/example_kubernetes_executor.py for tasks to queue
[2025-01-15T21:58:54.733+0000] {logging_mixin.py:154} INFO - [2025-01-15T21:58:54.733+0000] {dagbag.py:536} INFO - Filling up the DagBag from /home/airflow/.local/lib/python3.10/site-packages/airflow/example_dags/example_kubernetes_executor.py
[2025-01-15T21:58:54.745+0000] {processor.py:839} INFO - DAG(s) dict_keys(['example_kubernetes_executor']) retrieved from /home/airflow/.local/lib/python3.10/site-packages/airflow/example_dags/example_kubernetes_executor.py
[2025-01-15T21:58:54.783+0000] {logging_mixin.py:154} INFO - [2025-01-15T21:58:54.783+0000] {dag.py:2941} INFO - Sync 1 DAGs
[2025-01-15T21:58:54.795+0000] {logging_mixin.py:154} INFO - [2025-01-15T21:58:54.795+0000] {dag.py:3722} INFO - Setting next_dagrun for example_kubernetes_executor to None, run_after=None
[2025-01-15T21:58:54.813+0000] {processor.py:179} INFO - Processing /home/airflow/.local/lib/python3.10/site-packages/airflow/example_dags/example_kubernetes_executor.py took 0.086 seconds
[2025-01-15T21:59:25.697+0000] {processor.py:157} INFO - Started process (PID=1265) to work on /home/airflow/.local/lib/python3.10/site-packages/airflow/example_dags/example_kubernetes_executor.py
[2025-01-15T21:59:25.698+0000] {processor.py:829} INFO - Processing file /home/airflow/.local/lib/python3.10/site-packages/airflow/example_dags/example_kubernetes_executor.py for tasks to queue
[2025-01-15T21:59:25.700+0000] {logging_mixin.py:154} INFO - [2025-01-15T21:59:25.700+0000] {dagbag.py:536} INFO - Filling up the DagBag from /home/airflow/.local/lib/python3.10/site-packages/airflow/example_dags/example_kubernetes_executor.py
[2025-01-15T21:59:25.711+0000] {processor.py:839} INFO - DAG(s) dict_keys(['example_kubernetes_executor']) retrieved from /home/airflow/.local/lib/python3.10/site-packages/airflow/example_dags/example_kubernetes_executor.py
[2025-01-15T21:59:25.899+0000] {logging_mixin.py:154} INFO - [2025-01-15T21:59:25.899+0000] {dag.py:2941} INFO - Sync 1 DAGs
[2025-01-15T21:59:25.910+0000] {logging_mixin.py:154} INFO - [2025-01-15T21:59:25.910+0000] {dag.py:3722} INFO - Setting next_dagrun for example_kubernetes_executor to None, run_after=None
[2025-01-15T21:59:25.926+0000] {processor.py:179} INFO - Processing /home/airflow/.local/lib/python3.10/site-packages/airflow/example_dags/example_kubernetes_executor.py took 0.231 seconds
[2025-01-15T21:59:55.973+0000] {processor.py:157} INFO - Started process (PID=1321) to work on /home/airflow/.local/lib/python3.10/site-packages/airflow/example_dags/example_kubernetes_executor.py
[2025-01-15T21:59:55.974+0000] {processor.py:829} INFO - Processing file /home/airflow/.local/lib/python3.10/site-packages/airflow/example_dags/example_kubernetes_executor.py for tasks to queue
[2025-01-15T21:59:55.975+0000] {logging_mixin.py:154} INFO - [2025-01-15T21:59:55.975+0000] {dagbag.py:536} INFO - Filling up the DagBag from /home/airflow/.local/lib/python3.10/site-packages/airflow/example_dags/example_kubernetes_executor.py
[2025-01-15T21:59:55.988+0000] {processor.py:839} INFO - DAG(s) dict_keys(['example_kubernetes_executor']) retrieved from /home/airflow/.local/lib/python3.10/site-packages/airflow/example_dags/example_kubernetes_executor.py
[2025-01-15T21:59:56.030+0000] {logging_mixin.py:154} INFO - [2025-01-15T21:59:56.029+0000] {dag.py:2941} INFO - Sync 1 DAGs
[2025-01-15T21:59:56.299+0000] {logging_mixin.py:154} INFO - [2025-01-15T21:59:56.298+0000] {dag.py:3722} INFO - Setting next_dagrun for example_kubernetes_executor to None, run_after=None
[2025-01-15T21:59:56.314+0000] {processor.py:179} INFO - Processing /home/airflow/.local/lib/python3.10/site-packages/airflow/example_dags/example_kubernetes_executor.py took 0.344 seconds
[2025-01-15T22:00:27.294+0000] {processor.py:157} INFO - Started process (PID=1377) to work on /home/airflow/.local/lib/python3.10/site-packages/airflow/example_dags/example_kubernetes_executor.py
[2025-01-15T22:00:27.296+0000] {processor.py:829} INFO - Processing file /home/airflow/.local/lib/python3.10/site-packages/airflow/example_dags/example_kubernetes_executor.py for tasks to queue
[2025-01-15T22:00:27.298+0000] {logging_mixin.py:154} INFO - [2025-01-15T22:00:27.297+0000] {dagbag.py:536} INFO - Filling up the DagBag from /home/airflow/.local/lib/python3.10/site-packages/airflow/example_dags/example_kubernetes_executor.py
[2025-01-15T22:00:27.311+0000] {processor.py:839} INFO - DAG(s) dict_keys(['example_kubernetes_executor']) retrieved from /home/airflow/.local/lib/python3.10/site-packages/airflow/example_dags/example_kubernetes_executor.py
[2025-01-15T22:00:27.355+0000] {logging_mixin.py:154} INFO - [2025-01-15T22:00:27.354+0000] {dag.py:2941} INFO - Sync 1 DAGs
[2025-01-15T22:00:27.368+0000] {logging_mixin.py:154} INFO - [2025-01-15T22:00:27.368+0000] {dag.py:3722} INFO - Setting next_dagrun for example_kubernetes_executor to None, run_after=None
[2025-01-15T22:00:27.387+0000] {processor.py:179} INFO - Processing /home/airflow/.local/lib/python3.10/site-packages/airflow/example_dags/example_kubernetes_executor.py took 0.096 seconds
[2025-01-15T22:00:58.435+0000] {processor.py:157} INFO - Started process (PID=1433) to work on /home/airflow/.local/lib/python3.10/site-packages/airflow/example_dags/example_kubernetes_executor.py
[2025-01-15T22:00:58.435+0000] {processor.py:829} INFO - Processing file /home/airflow/.local/lib/python3.10/site-packages/airflow/example_dags/example_kubernetes_executor.py for tasks to queue
[2025-01-15T22:00:58.437+0000] {logging_mixin.py:154} INFO - [2025-01-15T22:00:58.437+0000] {dagbag.py:536} INFO - Filling up the DagBag from /home/airflow/.local/lib/python3.10/site-packages/airflow/example_dags/example_kubernetes_executor.py
[2025-01-15T22:00:58.449+0000] {processor.py:839} INFO - DAG(s) dict_keys(['example_kubernetes_executor']) retrieved from /home/airflow/.local/lib/python3.10/site-packages/airflow/example_dags/example_kubernetes_executor.py
[2025-01-15T22:00:58.645+0000] {logging_mixin.py:154} INFO - [2025-01-15T22:00:58.645+0000] {dag.py:2941} INFO - Sync 1 DAGs
[2025-01-15T22:00:58.656+0000] {logging_mixin.py:154} INFO - [2025-01-15T22:00:58.656+0000] {dag.py:3722} INFO - Setting next_dagrun for example_kubernetes_executor to None, run_after=None
[2025-01-15T22:00:58.673+0000] {processor.py:179} INFO - Processing /home/airflow/.local/lib/python3.10/site-packages/airflow/example_dags/example_kubernetes_executor.py took 0.241 seconds
[2025-01-15T22:01:28.729+0000] {processor.py:157} INFO - Started process (PID=1489) to work on /home/airflow/.local/lib/python3.10/site-packages/airflow/example_dags/example_kubernetes_executor.py
[2025-01-15T22:01:28.730+0000] {processor.py:829} INFO - Processing file /home/airflow/.local/lib/python3.10/site-packages/airflow/example_dags/example_kubernetes_executor.py for tasks to queue
[2025-01-15T22:01:28.732+0000] {logging_mixin.py:154} INFO - [2025-01-15T22:01:28.731+0000] {dagbag.py:536} INFO - Filling up the DagBag from /home/airflow/.local/lib/python3.10/site-packages/airflow/example_dags/example_kubernetes_executor.py
[2025-01-15T22:01:28.744+0000] {processor.py:839} INFO - DAG(s) dict_keys(['example_kubernetes_executor']) retrieved from /home/airflow/.local/lib/python3.10/site-packages/airflow/example_dags/example_kubernetes_executor.py
[2025-01-15T22:01:28.787+0000] {logging_mixin.py:154} INFO - [2025-01-15T22:01:28.787+0000] {dag.py:2941} INFO - Sync 1 DAGs
[2025-01-15T22:01:28.958+0000] {logging_mixin.py:154} INFO - [2025-01-15T22:01:28.958+0000] {dag.py:3722} INFO - Setting next_dagrun for example_kubernetes_executor to None, run_after=None
[2025-01-15T22:01:28.975+0000] {processor.py:179} INFO - Processing /home/airflow/.local/lib/python3.10/site-packages/airflow/example_dags/example_kubernetes_executor.py took 0.250 seconds
[2025-01-15T22:01:59.338+0000] {processor.py:157} INFO - Started process (PID=1545) to work on /home/airflow/.local/lib/python3.10/site-packages/airflow/example_dags/example_kubernetes_executor.py
[2025-01-15T22:01:59.339+0000] {processor.py:829} INFO - Processing file /home/airflow/.local/lib/python3.10/site-packages/airflow/example_dags/example_kubernetes_executor.py for tasks to queue
[2025-01-15T22:01:59.341+0000] {logging_mixin.py:154} INFO - [2025-01-15T22:01:59.340+0000] {dagbag.py:536} INFO - Filling up the DagBag from /home/airflow/.local/lib/python3.10/site-packages/airflow/example_dags/example_kubernetes_executor.py
[2025-01-15T22:01:59.353+0000] {processor.py:839} INFO - DAG(s) dict_keys(['example_kubernetes_executor']) retrieved from /home/airflow/.local/lib/python3.10/site-packages/airflow/example_dags/example_kubernetes_executor.py
[2025-01-15T22:01:59.390+0000] {logging_mixin.py:154} INFO - [2025-01-15T22:01:59.390+0000] {dag.py:2941} INFO - Sync 1 DAGs
[2025-01-15T22:01:59.402+0000] {logging_mixin.py:154} INFO - [2025-01-15T22:01:59.402+0000] {dag.py:3722} INFO - Setting next_dagrun for example_kubernetes_executor to None, run_after=None
[2025-01-15T22:01:59.418+0000] {processor.py:179} INFO - Processing /home/airflow/.local/lib/python3.10/site-packages/airflow/example_dags/example_kubernetes_executor.py took 0.083 seconds
[2025-01-15T22:02:30.181+0000] {processor.py:157} INFO - Started process (PID=1601) to work on /home/airflow/.local/lib/python3.10/site-packages/airflow/example_dags/example_kubernetes_executor.py
[2025-01-15T22:02:30.182+0000] {processor.py:829} INFO - Processing file /home/airflow/.local/lib/python3.10/site-packages/airflow/example_dags/example_kubernetes_executor.py for tasks to queue
[2025-01-15T22:02:30.184+0000] {logging_mixin.py:154} INFO - [2025-01-15T22:02:30.184+0000] {dagbag.py:536} INFO - Filling up the DagBag from /home/airflow/.local/lib/python3.10/site-packages/airflow/example_dags/example_kubernetes_executor.py
[2025-01-15T22:02:30.196+0000] {processor.py:839} INFO - DAG(s) dict_keys(['example_kubernetes_executor']) retrieved from /home/airflow/.local/lib/python3.10/site-packages/airflow/example_dags/example_kubernetes_executor.py
[2025-01-15T22:02:30.385+0000] {logging_mixin.py:154} INFO - [2025-01-15T22:02:30.385+0000] {dag.py:2941} INFO - Sync 1 DAGs
[2025-01-15T22:02:30.396+0000] {logging_mixin.py:154} INFO - [2025-01-15T22:02:30.396+0000] {dag.py:3722} INFO - Setting next_dagrun for example_kubernetes_executor to None, run_after=None
[2025-01-15T22:02:30.414+0000] {processor.py:179} INFO - Processing /home/airflow/.local/lib/python3.10/site-packages/airflow/example_dags/example_kubernetes_executor.py took 0.236 seconds
[2025-01-15T22:04:08.571+0000] {processor.py:157} INFO - Started process (PID=81) to work on /home/airflow/.local/lib/python3.10/site-packages/airflow/example_dags/example_kubernetes_executor.py
[2025-01-15T22:04:08.572+0000] {processor.py:829} INFO - Processing file /home/airflow/.local/lib/python3.10/site-packages/airflow/example_dags/example_kubernetes_executor.py for tasks to queue
[2025-01-15T22:04:08.575+0000] {logging_mixin.py:154} INFO - [2025-01-15T22:04:08.575+0000] {dagbag.py:536} INFO - Filling up the DagBag from /home/airflow/.local/lib/python3.10/site-packages/airflow/example_dags/example_kubernetes_executor.py
[2025-01-15T22:04:08.599+0000] {processor.py:839} INFO - DAG(s) dict_keys(['example_kubernetes_executor']) retrieved from /home/airflow/.local/lib/python3.10/site-packages/airflow/example_dags/example_kubernetes_executor.py
[2025-01-15T22:04:08.612+0000] {logging_mixin.py:154} INFO - [2025-01-15T22:04:08.612+0000] {dag.py:2941} INFO - Sync 1 DAGs
[2025-01-15T22:04:08.627+0000] {logging_mixin.py:154} INFO - [2025-01-15T22:04:08.626+0000] {dag.py:3722} INFO - Setting next_dagrun for example_kubernetes_executor to None, run_after=None
[2025-01-15T22:04:08.648+0000] {processor.py:179} INFO - Processing /home/airflow/.local/lib/python3.10/site-packages/airflow/example_dags/example_kubernetes_executor.py took 0.081 seconds
[2025-01-15T22:04:39.891+0000] {processor.py:157} INFO - Started process (PID=137) to work on /home/airflow/.local/lib/python3.10/site-packages/airflow/example_dags/example_kubernetes_executor.py
[2025-01-15T22:04:39.892+0000] {processor.py:829} INFO - Processing file /home/airflow/.local/lib/python3.10/site-packages/airflow/example_dags/example_kubernetes_executor.py for tasks to queue
[2025-01-15T22:04:39.894+0000] {logging_mixin.py:154} INFO - [2025-01-15T22:04:39.894+0000] {dagbag.py:536} INFO - Filling up the DagBag from /home/airflow/.local/lib/python3.10/site-packages/airflow/example_dags/example_kubernetes_executor.py
[2025-01-15T22:04:39.906+0000] {processor.py:839} INFO - DAG(s) dict_keys(['example_kubernetes_executor']) retrieved from /home/airflow/.local/lib/python3.10/site-packages/airflow/example_dags/example_kubernetes_executor.py
[2025-01-15T22:04:39.952+0000] {logging_mixin.py:154} INFO - [2025-01-15T22:04:39.952+0000] {dag.py:2941} INFO - Sync 1 DAGs
[2025-01-15T22:04:39.964+0000] {logging_mixin.py:154} INFO - [2025-01-15T22:04:39.964+0000] {dag.py:3722} INFO - Setting next_dagrun for example_kubernetes_executor to None, run_after=None
[2025-01-15T22:04:39.982+0000] {processor.py:179} INFO - Processing /home/airflow/.local/lib/python3.10/site-packages/airflow/example_dags/example_kubernetes_executor.py took 0.094 seconds
[2025-01-15T22:05:11.031+0000] {processor.py:157} INFO - Started process (PID=193) to work on /home/airflow/.local/lib/python3.10/site-packages/airflow/example_dags/example_kubernetes_executor.py
[2025-01-15T22:05:11.032+0000] {processor.py:829} INFO - Processing file /home/airflow/.local/lib/python3.10/site-packages/airflow/example_dags/example_kubernetes_executor.py for tasks to queue
[2025-01-15T22:05:11.034+0000] {logging_mixin.py:154} INFO - [2025-01-15T22:05:11.034+0000] {dagbag.py:536} INFO - Filling up the DagBag from /home/airflow/.local/lib/python3.10/site-packages/airflow/example_dags/example_kubernetes_executor.py
[2025-01-15T22:05:11.046+0000] {processor.py:839} INFO - DAG(s) dict_keys(['example_kubernetes_executor']) retrieved from /home/airflow/.local/lib/python3.10/site-packages/airflow/example_dags/example_kubernetes_executor.py
[2025-01-15T22:05:11.083+0000] {logging_mixin.py:154} INFO - [2025-01-15T22:05:11.083+0000] {dag.py:2941} INFO - Sync 1 DAGs
[2025-01-15T22:05:11.095+0000] {logging_mixin.py:154} INFO - [2025-01-15T22:05:11.094+0000] {dag.py:3722} INFO - Setting next_dagrun for example_kubernetes_executor to None, run_after=None
[2025-01-15T22:05:11.112+0000] {processor.py:179} INFO - Processing /home/airflow/.local/lib/python3.10/site-packages/airflow/example_dags/example_kubernetes_executor.py took 0.084 seconds
[2025-01-15T22:05:41.619+0000] {processor.py:157} INFO - Started process (PID=249) to work on /home/airflow/.local/lib/python3.10/site-packages/airflow/example_dags/example_kubernetes_executor.py
[2025-01-15T22:05:41.620+0000] {processor.py:829} INFO - Processing file /home/airflow/.local/lib/python3.10/site-packages/airflow/example_dags/example_kubernetes_executor.py for tasks to queue
[2025-01-15T22:05:41.622+0000] {logging_mixin.py:154} INFO - [2025-01-15T22:05:41.622+0000] {dagbag.py:536} INFO - Filling up the DagBag from /home/airflow/.local/lib/python3.10/site-packages/airflow/example_dags/example_kubernetes_executor.py
[2025-01-15T22:05:41.634+0000] {processor.py:839} INFO - DAG(s) dict_keys(['example_kubernetes_executor']) retrieved from /home/airflow/.local/lib/python3.10/site-packages/airflow/example_dags/example_kubernetes_executor.py
[2025-01-15T22:05:41.670+0000] {logging_mixin.py:154} INFO - [2025-01-15T22:05:41.670+0000] {dag.py:2941} INFO - Sync 1 DAGs
[2025-01-15T22:05:41.686+0000] {logging_mixin.py:154} INFO - [2025-01-15T22:05:41.685+0000] {dag.py:3722} INFO - Setting next_dagrun for example_kubernetes_executor to None, run_after=None
[2025-01-15T22:05:41.704+0000] {processor.py:179} INFO - Processing /home/airflow/.local/lib/python3.10/site-packages/airflow/example_dags/example_kubernetes_executor.py took 0.088 seconds
[2025-01-15T22:06:12.285+0000] {processor.py:157} INFO - Started process (PID=305) to work on /home/airflow/.local/lib/python3.10/site-packages/airflow/example_dags/example_kubernetes_executor.py
[2025-01-15T22:06:12.286+0000] {processor.py:829} INFO - Processing file /home/airflow/.local/lib/python3.10/site-packages/airflow/example_dags/example_kubernetes_executor.py for tasks to queue
[2025-01-15T22:06:12.288+0000] {logging_mixin.py:154} INFO - [2025-01-15T22:06:12.288+0000] {dagbag.py:536} INFO - Filling up the DagBag from /home/airflow/.local/lib/python3.10/site-packages/airflow/example_dags/example_kubernetes_executor.py
[2025-01-15T22:06:12.303+0000] {processor.py:839} INFO - DAG(s) dict_keys(['example_kubernetes_executor']) retrieved from /home/airflow/.local/lib/python3.10/site-packages/airflow/example_dags/example_kubernetes_executor.py
[2025-01-15T22:06:12.343+0000] {logging_mixin.py:154} INFO - [2025-01-15T22:06:12.343+0000] {dag.py:2941} INFO - Sync 1 DAGs
[2025-01-15T22:06:12.354+0000] {logging_mixin.py:154} INFO - [2025-01-15T22:06:12.354+0000] {dag.py:3722} INFO - Setting next_dagrun for example_kubernetes_executor to None, run_after=None
[2025-01-15T22:06:12.373+0000] {processor.py:179} INFO - Processing /home/airflow/.local/lib/python3.10/site-packages/airflow/example_dags/example_kubernetes_executor.py took 0.091 seconds
[2025-01-15T22:06:43.019+0000] {processor.py:157} INFO - Started process (PID=361) to work on /home/airflow/.local/lib/python3.10/site-packages/airflow/example_dags/example_kubernetes_executor.py
[2025-01-15T22:06:43.020+0000] {processor.py:829} INFO - Processing file /home/airflow/.local/lib/python3.10/site-packages/airflow/example_dags/example_kubernetes_executor.py for tasks to queue
[2025-01-15T22:06:43.022+0000] {logging_mixin.py:154} INFO - [2025-01-15T22:06:43.022+0000] {dagbag.py:536} INFO - Filling up the DagBag from /home/airflow/.local/lib/python3.10/site-packages/airflow/example_dags/example_kubernetes_executor.py
[2025-01-15T22:06:43.034+0000] {processor.py:839} INFO - DAG(s) dict_keys(['example_kubernetes_executor']) retrieved from /home/airflow/.local/lib/python3.10/site-packages/airflow/example_dags/example_kubernetes_executor.py
[2025-01-15T22:06:43.071+0000] {logging_mixin.py:154} INFO - [2025-01-15T22:06:43.071+0000] {dag.py:2941} INFO - Sync 1 DAGs
[2025-01-15T22:06:43.083+0000] {logging_mixin.py:154} INFO - [2025-01-15T22:06:43.082+0000] {dag.py:3722} INFO - Setting next_dagrun for example_kubernetes_executor to None, run_after=None
[2025-01-15T22:06:43.102+0000] {processor.py:179} INFO - Processing /home/airflow/.local/lib/python3.10/site-packages/airflow/example_dags/example_kubernetes_executor.py took 0.086 seconds
[2025-01-15T22:07:13.545+0000] {processor.py:157} INFO - Started process (PID=417) to work on /home/airflow/.local/lib/python3.10/site-packages/airflow/example_dags/example_kubernetes_executor.py
[2025-01-15T22:07:13.546+0000] {processor.py:829} INFO - Processing file /home/airflow/.local/lib/python3.10/site-packages/airflow/example_dags/example_kubernetes_executor.py for tasks to queue
[2025-01-15T22:07:13.548+0000] {logging_mixin.py:154} INFO - [2025-01-15T22:07:13.547+0000] {dagbag.py:536} INFO - Filling up the DagBag from /home/airflow/.local/lib/python3.10/site-packages/airflow/example_dags/example_kubernetes_executor.py
[2025-01-15T22:07:13.561+0000] {processor.py:839} INFO - DAG(s) dict_keys(['example_kubernetes_executor']) retrieved from /home/airflow/.local/lib/python3.10/site-packages/airflow/example_dags/example_kubernetes_executor.py
[2025-01-15T22:07:13.599+0000] {logging_mixin.py:154} INFO - [2025-01-15T22:07:13.599+0000] {dag.py:2941} INFO - Sync 1 DAGs
[2025-01-15T22:07:13.610+0000] {logging_mixin.py:154} INFO - [2025-01-15T22:07:13.610+0000] {dag.py:3722} INFO - Setting next_dagrun for example_kubernetes_executor to None, run_after=None
[2025-01-15T22:07:13.630+0000] {processor.py:179} INFO - Processing /home/airflow/.local/lib/python3.10/site-packages/airflow/example_dags/example_kubernetes_executor.py took 0.088 seconds
[2025-01-15T22:08:33.873+0000] {processor.py:157} INFO - Started process (PID=83) to work on /home/airflow/.local/lib/python3.10/site-packages/airflow/example_dags/example_kubernetes_executor.py
[2025-01-15T22:08:33.874+0000] {processor.py:829} INFO - Processing file /home/airflow/.local/lib/python3.10/site-packages/airflow/example_dags/example_kubernetes_executor.py for tasks to queue
[2025-01-15T22:08:33.877+0000] {logging_mixin.py:154} INFO - [2025-01-15T22:08:33.877+0000] {dagbag.py:536} INFO - Filling up the DagBag from /home/airflow/.local/lib/python3.10/site-packages/airflow/example_dags/example_kubernetes_executor.py
[2025-01-15T22:08:33.897+0000] {processor.py:839} INFO - DAG(s) dict_keys(['example_kubernetes_executor']) retrieved from /home/airflow/.local/lib/python3.10/site-packages/airflow/example_dags/example_kubernetes_executor.py
[2025-01-15T22:08:33.912+0000] {logging_mixin.py:154} INFO - [2025-01-15T22:08:33.912+0000] {dag.py:2941} INFO - Sync 1 DAGs
[2025-01-15T22:08:33.926+0000] {logging_mixin.py:154} INFO - [2025-01-15T22:08:33.926+0000] {dag.py:3722} INFO - Setting next_dagrun for example_kubernetes_executor to None, run_after=None
[2025-01-15T22:08:33.949+0000] {processor.py:179} INFO - Processing /home/airflow/.local/lib/python3.10/site-packages/airflow/example_dags/example_kubernetes_executor.py took 0.080 seconds
[2025-01-15T22:09:05.773+0000] {processor.py:157} INFO - Started process (PID=139) to work on /home/airflow/.local/lib/python3.10/site-packages/airflow/example_dags/example_kubernetes_executor.py
[2025-01-15T22:09:05.774+0000] {processor.py:829} INFO - Processing file /home/airflow/.local/lib/python3.10/site-packages/airflow/example_dags/example_kubernetes_executor.py for tasks to queue
[2025-01-15T22:09:05.777+0000] {logging_mixin.py:154} INFO - [2025-01-15T22:09:05.776+0000] {dagbag.py:536} INFO - Filling up the DagBag from /home/airflow/.local/lib/python3.10/site-packages/airflow/example_dags/example_kubernetes_executor.py
[2025-01-15T22:09:05.794+0000] {processor.py:839} INFO - DAG(s) dict_keys(['example_kubernetes_executor']) retrieved from /home/airflow/.local/lib/python3.10/site-packages/airflow/example_dags/example_kubernetes_executor.py
[2025-01-15T22:09:05.867+0000] {logging_mixin.py:154} INFO - [2025-01-15T22:09:05.867+0000] {dag.py:2941} INFO - Sync 1 DAGs
[2025-01-15T22:09:05.887+0000] {logging_mixin.py:154} INFO - [2025-01-15T22:09:05.887+0000] {dag.py:3722} INFO - Setting next_dagrun for example_kubernetes_executor to None, run_after=None
[2025-01-15T22:09:05.921+0000] {processor.py:179} INFO - Processing /home/airflow/.local/lib/python3.10/site-packages/airflow/example_dags/example_kubernetes_executor.py took 0.152 seconds
