[2025-01-15T21:47:55.126+0000] {processor.py:157} INFO - Started process (PID=52) to work on /home/airflow/.local/lib/python3.10/site-packages/airflow/example_dags/example_short_circuit_operator.py
[2025-01-15T21:47:55.128+0000] {processor.py:829} INFO - Processing file /home/airflow/.local/lib/python3.10/site-packages/airflow/example_dags/example_short_circuit_operator.py for tasks to queue
[2025-01-15T21:47:55.131+0000] {logging_mixin.py:154} INFO - [2025-01-15T21:47:55.131+0000] {dagbag.py:536} INFO - Filling up the DagBag from /home/airflow/.local/lib/python3.10/site-packages/airflow/example_dags/example_short_circuit_operator.py
[2025-01-15T21:47:55.148+0000] {processor.py:839} INFO - DAG(s) dict_keys(['example_short_circuit_operator']) retrieved from /home/airflow/.local/lib/python3.10/site-packages/airflow/example_dags/example_short_circuit_operator.py
[2025-01-15T21:47:55.198+0000] {logging_mixin.py:154} INFO - [2025-01-15T21:47:55.198+0000] {dag.py:2941} INFO - Sync 1 DAGs
[2025-01-15T21:47:55.228+0000] {logging_mixin.py:154} INFO - [2025-01-15T21:47:55.228+0000] {dag.py:3722} INFO - Setting next_dagrun for example_short_circuit_operator to 2025-01-14T21:47:55.228160+00:00, run_after=2025-01-15T21:47:55.228160+00:00
[2025-01-15T21:47:55.254+0000] {processor.py:179} INFO - Processing /home/airflow/.local/lib/python3.10/site-packages/airflow/example_dags/example_short_circuit_operator.py took 0.131 seconds
[2025-01-15T21:48:36.984+0000] {processor.py:157} INFO - Started process (PID=59) to work on /home/airflow/.local/lib/python3.10/site-packages/airflow/example_dags/example_short_circuit_operator.py
[2025-01-15T21:48:36.986+0000] {processor.py:829} INFO - Processing file /home/airflow/.local/lib/python3.10/site-packages/airflow/example_dags/example_short_circuit_operator.py for tasks to queue
[2025-01-15T21:48:36.991+0000] {logging_mixin.py:154} INFO - [2025-01-15T21:48:36.991+0000] {dagbag.py:536} INFO - Filling up the DagBag from /home/airflow/.local/lib/python3.10/site-packages/airflow/example_dags/example_short_circuit_operator.py
[2025-01-15T21:48:37.012+0000] {processor.py:839} INFO - DAG(s) dict_keys(['example_short_circuit_operator']) retrieved from /home/airflow/.local/lib/python3.10/site-packages/airflow/example_dags/example_short_circuit_operator.py
[2025-01-15T21:48:37.035+0000] {logging_mixin.py:154} INFO - [2025-01-15T21:48:37.034+0000] {dag.py:2941} INFO - Sync 1 DAGs
[2025-01-15T21:48:37.087+0000] {logging_mixin.py:154} INFO - [2025-01-15T21:48:37.087+0000] {dag.py:3722} INFO - Setting next_dagrun for example_short_circuit_operator to 2025-01-14T21:48:37.086878+00:00, run_after=2025-01-15T21:48:37.086878+00:00
[2025-01-15T21:48:37.127+0000] {processor.py:179} INFO - Processing /home/airflow/.local/lib/python3.10/site-packages/airflow/example_dags/example_short_circuit_operator.py took 0.150 seconds
[2025-01-15T21:49:07.524+0000] {processor.py:157} INFO - Started process (PID=113) to work on /home/airflow/.local/lib/python3.10/site-packages/airflow/example_dags/example_short_circuit_operator.py
[2025-01-15T21:49:07.525+0000] {processor.py:829} INFO - Processing file /home/airflow/.local/lib/python3.10/site-packages/airflow/example_dags/example_short_circuit_operator.py for tasks to queue
[2025-01-15T21:49:07.527+0000] {logging_mixin.py:154} INFO - [2025-01-15T21:49:07.527+0000] {dagbag.py:536} INFO - Filling up the DagBag from /home/airflow/.local/lib/python3.10/site-packages/airflow/example_dags/example_short_circuit_operator.py
[2025-01-15T21:49:07.533+0000] {processor.py:839} INFO - DAG(s) dict_keys(['example_short_circuit_operator']) retrieved from /home/airflow/.local/lib/python3.10/site-packages/airflow/example_dags/example_short_circuit_operator.py
[2025-01-15T21:49:07.553+0000] {logging_mixin.py:154} INFO - [2025-01-15T21:49:07.552+0000] {dag.py:2941} INFO - Sync 1 DAGs
[2025-01-15T21:49:07.572+0000] {logging_mixin.py:154} INFO - [2025-01-15T21:49:07.571+0000] {dag.py:3722} INFO - Setting next_dagrun for example_short_circuit_operator to 2025-01-14T21:49:07.571552+00:00, run_after=2025-01-15T21:49:07.571552+00:00
[2025-01-15T21:49:07.586+0000] {processor.py:179} INFO - Processing /home/airflow/.local/lib/python3.10/site-packages/airflow/example_dags/example_short_circuit_operator.py took 0.064 seconds
[2025-01-15T21:49:37.805+0000] {processor.py:157} INFO - Started process (PID=173) to work on /home/airflow/.local/lib/python3.10/site-packages/airflow/example_dags/example_short_circuit_operator.py
[2025-01-15T21:49:37.805+0000] {processor.py:829} INFO - Processing file /home/airflow/.local/lib/python3.10/site-packages/airflow/example_dags/example_short_circuit_operator.py for tasks to queue
[2025-01-15T21:49:37.807+0000] {logging_mixin.py:154} INFO - [2025-01-15T21:49:37.807+0000] {dagbag.py:536} INFO - Filling up the DagBag from /home/airflow/.local/lib/python3.10/site-packages/airflow/example_dags/example_short_circuit_operator.py
[2025-01-15T21:49:37.814+0000] {processor.py:839} INFO - DAG(s) dict_keys(['example_short_circuit_operator']) retrieved from /home/airflow/.local/lib/python3.10/site-packages/airflow/example_dags/example_short_circuit_operator.py
[2025-01-15T21:49:37.836+0000] {logging_mixin.py:154} INFO - [2025-01-15T21:49:37.836+0000] {dag.py:2941} INFO - Sync 1 DAGs
[2025-01-15T21:49:37.857+0000] {logging_mixin.py:154} INFO - [2025-01-15T21:49:37.857+0000] {dag.py:3722} INFO - Setting next_dagrun for example_short_circuit_operator to 2025-01-14T21:49:37.857206+00:00, run_after=2025-01-15T21:49:37.857206+00:00
[2025-01-15T21:49:37.876+0000] {processor.py:179} INFO - Processing /home/airflow/.local/lib/python3.10/site-packages/airflow/example_dags/example_short_circuit_operator.py took 0.074 seconds
[2025-01-15T21:50:07.934+0000] {processor.py:157} INFO - Started process (PID=229) to work on /home/airflow/.local/lib/python3.10/site-packages/airflow/example_dags/example_short_circuit_operator.py
[2025-01-15T21:50:07.935+0000] {processor.py:829} INFO - Processing file /home/airflow/.local/lib/python3.10/site-packages/airflow/example_dags/example_short_circuit_operator.py for tasks to queue
[2025-01-15T21:50:07.937+0000] {logging_mixin.py:154} INFO - [2025-01-15T21:50:07.937+0000] {dagbag.py:536} INFO - Filling up the DagBag from /home/airflow/.local/lib/python3.10/site-packages/airflow/example_dags/example_short_circuit_operator.py
[2025-01-15T21:50:07.942+0000] {processor.py:839} INFO - DAG(s) dict_keys(['example_short_circuit_operator']) retrieved from /home/airflow/.local/lib/python3.10/site-packages/airflow/example_dags/example_short_circuit_operator.py
[2025-01-15T21:50:07.959+0000] {logging_mixin.py:154} INFO - [2025-01-15T21:50:07.959+0000] {dag.py:2941} INFO - Sync 1 DAGs
[2025-01-15T21:50:07.976+0000] {logging_mixin.py:154} INFO - [2025-01-15T21:50:07.975+0000] {dag.py:3722} INFO - Setting next_dagrun for example_short_circuit_operator to 2025-01-14T21:50:07.975761+00:00, run_after=2025-01-15T21:50:07.975761+00:00
[2025-01-15T21:50:07.989+0000] {processor.py:179} INFO - Processing /home/airflow/.local/lib/python3.10/site-packages/airflow/example_dags/example_short_circuit_operator.py took 0.057 seconds
[2025-01-15T21:50:38.089+0000] {processor.py:157} INFO - Started process (PID=285) to work on /home/airflow/.local/lib/python3.10/site-packages/airflow/example_dags/example_short_circuit_operator.py
[2025-01-15T21:50:38.090+0000] {processor.py:829} INFO - Processing file /home/airflow/.local/lib/python3.10/site-packages/airflow/example_dags/example_short_circuit_operator.py for tasks to queue
[2025-01-15T21:50:38.093+0000] {logging_mixin.py:154} INFO - [2025-01-15T21:50:38.092+0000] {dagbag.py:536} INFO - Filling up the DagBag from /home/airflow/.local/lib/python3.10/site-packages/airflow/example_dags/example_short_circuit_operator.py
[2025-01-15T21:50:38.099+0000] {processor.py:839} INFO - DAG(s) dict_keys(['example_short_circuit_operator']) retrieved from /home/airflow/.local/lib/python3.10/site-packages/airflow/example_dags/example_short_circuit_operator.py
[2025-01-15T21:50:38.123+0000] {logging_mixin.py:154} INFO - [2025-01-15T21:50:38.123+0000] {dag.py:2941} INFO - Sync 1 DAGs
[2025-01-15T21:50:38.145+0000] {logging_mixin.py:154} INFO - [2025-01-15T21:50:38.145+0000] {dag.py:3722} INFO - Setting next_dagrun for example_short_circuit_operator to 2025-01-14T21:50:38.145022+00:00, run_after=2025-01-15T21:50:38.145022+00:00
[2025-01-15T21:50:38.163+0000] {processor.py:179} INFO - Processing /home/airflow/.local/lib/python3.10/site-packages/airflow/example_dags/example_short_circuit_operator.py took 0.076 seconds
[2025-01-15T21:51:08.399+0000] {processor.py:157} INFO - Started process (PID=341) to work on /home/airflow/.local/lib/python3.10/site-packages/airflow/example_dags/example_short_circuit_operator.py
[2025-01-15T21:51:08.400+0000] {processor.py:829} INFO - Processing file /home/airflow/.local/lib/python3.10/site-packages/airflow/example_dags/example_short_circuit_operator.py for tasks to queue
[2025-01-15T21:51:08.403+0000] {logging_mixin.py:154} INFO - [2025-01-15T21:51:08.403+0000] {dagbag.py:536} INFO - Filling up the DagBag from /home/airflow/.local/lib/python3.10/site-packages/airflow/example_dags/example_short_circuit_operator.py
[2025-01-15T21:51:08.410+0000] {processor.py:839} INFO - DAG(s) dict_keys(['example_short_circuit_operator']) retrieved from /home/airflow/.local/lib/python3.10/site-packages/airflow/example_dags/example_short_circuit_operator.py
[2025-01-15T21:51:08.436+0000] {logging_mixin.py:154} INFO - [2025-01-15T21:51:08.436+0000] {dag.py:2941} INFO - Sync 1 DAGs
[2025-01-15T21:51:08.457+0000] {logging_mixin.py:154} INFO - [2025-01-15T21:51:08.457+0000] {dag.py:3722} INFO - Setting next_dagrun for example_short_circuit_operator to 2025-01-14T21:51:08.457276+00:00, run_after=2025-01-15T21:51:08.457276+00:00
[2025-01-15T21:51:08.472+0000] {processor.py:179} INFO - Processing /home/airflow/.local/lib/python3.10/site-packages/airflow/example_dags/example_short_circuit_operator.py took 0.076 seconds
[2025-01-15T21:51:38.664+0000] {processor.py:157} INFO - Started process (PID=394) to work on /home/airflow/.local/lib/python3.10/site-packages/airflow/example_dags/example_short_circuit_operator.py
[2025-01-15T21:51:38.665+0000] {processor.py:829} INFO - Processing file /home/airflow/.local/lib/python3.10/site-packages/airflow/example_dags/example_short_circuit_operator.py for tasks to queue
[2025-01-15T21:51:38.668+0000] {logging_mixin.py:154} INFO - [2025-01-15T21:51:38.667+0000] {dagbag.py:536} INFO - Filling up the DagBag from /home/airflow/.local/lib/python3.10/site-packages/airflow/example_dags/example_short_circuit_operator.py
[2025-01-15T21:51:38.673+0000] {processor.py:839} INFO - DAG(s) dict_keys(['example_short_circuit_operator']) retrieved from /home/airflow/.local/lib/python3.10/site-packages/airflow/example_dags/example_short_circuit_operator.py
[2025-01-15T21:51:38.693+0000] {logging_mixin.py:154} INFO - [2025-01-15T21:51:38.693+0000] {dag.py:2941} INFO - Sync 1 DAGs
[2025-01-15T21:51:38.711+0000] {logging_mixin.py:154} INFO - [2025-01-15T21:51:38.711+0000] {dag.py:3722} INFO - Setting next_dagrun for example_short_circuit_operator to 2025-01-14T21:51:38.711298+00:00, run_after=2025-01-15T21:51:38.711298+00:00
[2025-01-15T21:51:38.726+0000] {processor.py:179} INFO - Processing /home/airflow/.local/lib/python3.10/site-packages/airflow/example_dags/example_short_circuit_operator.py took 0.064 seconds
[2025-01-15T21:52:08.765+0000] {processor.py:157} INFO - Started process (PID=450) to work on /home/airflow/.local/lib/python3.10/site-packages/airflow/example_dags/example_short_circuit_operator.py
[2025-01-15T21:52:08.766+0000] {processor.py:829} INFO - Processing file /home/airflow/.local/lib/python3.10/site-packages/airflow/example_dags/example_short_circuit_operator.py for tasks to queue
[2025-01-15T21:52:08.768+0000] {logging_mixin.py:154} INFO - [2025-01-15T21:52:08.768+0000] {dagbag.py:536} INFO - Filling up the DagBag from /home/airflow/.local/lib/python3.10/site-packages/airflow/example_dags/example_short_circuit_operator.py
[2025-01-15T21:52:08.774+0000] {processor.py:839} INFO - DAG(s) dict_keys(['example_short_circuit_operator']) retrieved from /home/airflow/.local/lib/python3.10/site-packages/airflow/example_dags/example_short_circuit_operator.py
[2025-01-15T21:52:08.794+0000] {logging_mixin.py:154} INFO - [2025-01-15T21:52:08.794+0000] {dag.py:2941} INFO - Sync 1 DAGs
[2025-01-15T21:52:08.814+0000] {logging_mixin.py:154} INFO - [2025-01-15T21:52:08.814+0000] {dag.py:3722} INFO - Setting next_dagrun for example_short_circuit_operator to 2025-01-14T21:52:08.814111+00:00, run_after=2025-01-15T21:52:08.814111+00:00
[2025-01-15T21:52:08.831+0000] {processor.py:179} INFO - Processing /home/airflow/.local/lib/python3.10/site-packages/airflow/example_dags/example_short_circuit_operator.py took 0.068 seconds
[2025-01-15T21:52:39.134+0000] {processor.py:157} INFO - Started process (PID=506) to work on /home/airflow/.local/lib/python3.10/site-packages/airflow/example_dags/example_short_circuit_operator.py
[2025-01-15T21:52:39.135+0000] {processor.py:829} INFO - Processing file /home/airflow/.local/lib/python3.10/site-packages/airflow/example_dags/example_short_circuit_operator.py for tasks to queue
[2025-01-15T21:52:39.137+0000] {logging_mixin.py:154} INFO - [2025-01-15T21:52:39.137+0000] {dagbag.py:536} INFO - Filling up the DagBag from /home/airflow/.local/lib/python3.10/site-packages/airflow/example_dags/example_short_circuit_operator.py
[2025-01-15T21:52:39.143+0000] {processor.py:839} INFO - DAG(s) dict_keys(['example_short_circuit_operator']) retrieved from /home/airflow/.local/lib/python3.10/site-packages/airflow/example_dags/example_short_circuit_operator.py
[2025-01-15T21:52:39.163+0000] {logging_mixin.py:154} INFO - [2025-01-15T21:52:39.163+0000] {dag.py:2941} INFO - Sync 1 DAGs
[2025-01-15T21:52:39.182+0000] {logging_mixin.py:154} INFO - [2025-01-15T21:52:39.182+0000] {dag.py:3722} INFO - Setting next_dagrun for example_short_circuit_operator to 2025-01-14T21:52:39.182321+00:00, run_after=2025-01-15T21:52:39.182321+00:00
[2025-01-15T21:52:39.197+0000] {processor.py:179} INFO - Processing /home/airflow/.local/lib/python3.10/site-packages/airflow/example_dags/example_short_circuit_operator.py took 0.066 seconds
[2025-01-15T21:53:09.259+0000] {processor.py:157} INFO - Started process (PID=562) to work on /home/airflow/.local/lib/python3.10/site-packages/airflow/example_dags/example_short_circuit_operator.py
[2025-01-15T21:53:09.260+0000] {processor.py:829} INFO - Processing file /home/airflow/.local/lib/python3.10/site-packages/airflow/example_dags/example_short_circuit_operator.py for tasks to queue
[2025-01-15T21:53:09.262+0000] {logging_mixin.py:154} INFO - [2025-01-15T21:53:09.262+0000] {dagbag.py:536} INFO - Filling up the DagBag from /home/airflow/.local/lib/python3.10/site-packages/airflow/example_dags/example_short_circuit_operator.py
[2025-01-15T21:53:09.268+0000] {processor.py:839} INFO - DAG(s) dict_keys(['example_short_circuit_operator']) retrieved from /home/airflow/.local/lib/python3.10/site-packages/airflow/example_dags/example_short_circuit_operator.py
[2025-01-15T21:53:09.287+0000] {logging_mixin.py:154} INFO - [2025-01-15T21:53:09.287+0000] {dag.py:2941} INFO - Sync 1 DAGs
[2025-01-15T21:53:09.306+0000] {logging_mixin.py:154} INFO - [2025-01-15T21:53:09.305+0000] {dag.py:3722} INFO - Setting next_dagrun for example_short_circuit_operator to 2025-01-14T21:53:09.305584+00:00, run_after=2025-01-15T21:53:09.305584+00:00
[2025-01-15T21:53:09.319+0000] {processor.py:179} INFO - Processing /home/airflow/.local/lib/python3.10/site-packages/airflow/example_dags/example_short_circuit_operator.py took 0.063 seconds
[2025-01-15T21:53:39.587+0000] {processor.py:157} INFO - Started process (PID=618) to work on /home/airflow/.local/lib/python3.10/site-packages/airflow/example_dags/example_short_circuit_operator.py
[2025-01-15T21:53:39.588+0000] {processor.py:829} INFO - Processing file /home/airflow/.local/lib/python3.10/site-packages/airflow/example_dags/example_short_circuit_operator.py for tasks to queue
[2025-01-15T21:53:39.590+0000] {logging_mixin.py:154} INFO - [2025-01-15T21:53:39.590+0000] {dagbag.py:536} INFO - Filling up the DagBag from /home/airflow/.local/lib/python3.10/site-packages/airflow/example_dags/example_short_circuit_operator.py
[2025-01-15T21:53:39.597+0000] {processor.py:839} INFO - DAG(s) dict_keys(['example_short_circuit_operator']) retrieved from /home/airflow/.local/lib/python3.10/site-packages/airflow/example_dags/example_short_circuit_operator.py
[2025-01-15T21:53:39.618+0000] {logging_mixin.py:154} INFO - [2025-01-15T21:53:39.618+0000] {dag.py:2941} INFO - Sync 1 DAGs
[2025-01-15T21:53:39.638+0000] {logging_mixin.py:154} INFO - [2025-01-15T21:53:39.638+0000] {dag.py:3722} INFO - Setting next_dagrun for example_short_circuit_operator to 2025-01-14T21:53:39.638133+00:00, run_after=2025-01-15T21:53:39.638133+00:00
[2025-01-15T21:53:39.653+0000] {processor.py:179} INFO - Processing /home/airflow/.local/lib/python3.10/site-packages/airflow/example_dags/example_short_circuit_operator.py took 0.069 seconds
[2025-01-15T21:54:10.197+0000] {processor.py:157} INFO - Started process (PID=674) to work on /home/airflow/.local/lib/python3.10/site-packages/airflow/example_dags/example_short_circuit_operator.py
[2025-01-15T21:54:10.198+0000] {processor.py:829} INFO - Processing file /home/airflow/.local/lib/python3.10/site-packages/airflow/example_dags/example_short_circuit_operator.py for tasks to queue
[2025-01-15T21:54:10.201+0000] {logging_mixin.py:154} INFO - [2025-01-15T21:54:10.201+0000] {dagbag.py:536} INFO - Filling up the DagBag from /home/airflow/.local/lib/python3.10/site-packages/airflow/example_dags/example_short_circuit_operator.py
[2025-01-15T21:54:10.208+0000] {processor.py:839} INFO - DAG(s) dict_keys(['example_short_circuit_operator']) retrieved from /home/airflow/.local/lib/python3.10/site-packages/airflow/example_dags/example_short_circuit_operator.py
[2025-01-15T21:54:10.230+0000] {logging_mixin.py:154} INFO - [2025-01-15T21:54:10.229+0000] {dag.py:2941} INFO - Sync 1 DAGs
[2025-01-15T21:54:10.250+0000] {logging_mixin.py:154} INFO - [2025-01-15T21:54:10.250+0000] {dag.py:3722} INFO - Setting next_dagrun for example_short_circuit_operator to 2025-01-14T21:54:10.249962+00:00, run_after=2025-01-15T21:54:10.249962+00:00
[2025-01-15T21:54:10.268+0000] {processor.py:179} INFO - Processing /home/airflow/.local/lib/python3.10/site-packages/airflow/example_dags/example_short_circuit_operator.py took 0.074 seconds
[2025-01-15T21:54:40.333+0000] {processor.py:157} INFO - Started process (PID=730) to work on /home/airflow/.local/lib/python3.10/site-packages/airflow/example_dags/example_short_circuit_operator.py
[2025-01-15T21:54:40.334+0000] {processor.py:829} INFO - Processing file /home/airflow/.local/lib/python3.10/site-packages/airflow/example_dags/example_short_circuit_operator.py for tasks to queue
[2025-01-15T21:54:40.336+0000] {logging_mixin.py:154} INFO - [2025-01-15T21:54:40.336+0000] {dagbag.py:536} INFO - Filling up the DagBag from /home/airflow/.local/lib/python3.10/site-packages/airflow/example_dags/example_short_circuit_operator.py
[2025-01-15T21:54:40.343+0000] {processor.py:839} INFO - DAG(s) dict_keys(['example_short_circuit_operator']) retrieved from /home/airflow/.local/lib/python3.10/site-packages/airflow/example_dags/example_short_circuit_operator.py
[2025-01-15T21:54:40.364+0000] {logging_mixin.py:154} INFO - [2025-01-15T21:54:40.363+0000] {dag.py:2941} INFO - Sync 1 DAGs
[2025-01-15T21:54:40.383+0000] {logging_mixin.py:154} INFO - [2025-01-15T21:54:40.383+0000] {dag.py:3722} INFO - Setting next_dagrun for example_short_circuit_operator to 2025-01-14T21:54:40.383152+00:00, run_after=2025-01-15T21:54:40.383152+00:00
[2025-01-15T21:54:40.399+0000] {processor.py:179} INFO - Processing /home/airflow/.local/lib/python3.10/site-packages/airflow/example_dags/example_short_circuit_operator.py took 0.069 seconds
[2025-01-15T21:55:10.692+0000] {processor.py:157} INFO - Started process (PID=786) to work on /home/airflow/.local/lib/python3.10/site-packages/airflow/example_dags/example_short_circuit_operator.py
[2025-01-15T21:55:10.693+0000] {processor.py:829} INFO - Processing file /home/airflow/.local/lib/python3.10/site-packages/airflow/example_dags/example_short_circuit_operator.py for tasks to queue
[2025-01-15T21:55:10.695+0000] {logging_mixin.py:154} INFO - [2025-01-15T21:55:10.695+0000] {dagbag.py:536} INFO - Filling up the DagBag from /home/airflow/.local/lib/python3.10/site-packages/airflow/example_dags/example_short_circuit_operator.py
[2025-01-15T21:55:10.702+0000] {processor.py:839} INFO - DAG(s) dict_keys(['example_short_circuit_operator']) retrieved from /home/airflow/.local/lib/python3.10/site-packages/airflow/example_dags/example_short_circuit_operator.py
[2025-01-15T21:55:10.723+0000] {logging_mixin.py:154} INFO - [2025-01-15T21:55:10.723+0000] {dag.py:2941} INFO - Sync 1 DAGs
[2025-01-15T21:55:10.743+0000] {logging_mixin.py:154} INFO - [2025-01-15T21:55:10.743+0000] {dag.py:3722} INFO - Setting next_dagrun for example_short_circuit_operator to 2025-01-14T21:55:10.743297+00:00, run_after=2025-01-15T21:55:10.743297+00:00
[2025-01-15T21:55:10.759+0000] {processor.py:179} INFO - Processing /home/airflow/.local/lib/python3.10/site-packages/airflow/example_dags/example_short_circuit_operator.py took 0.070 seconds
[2025-01-15T21:55:41.002+0000] {processor.py:157} INFO - Started process (PID=842) to work on /home/airflow/.local/lib/python3.10/site-packages/airflow/example_dags/example_short_circuit_operator.py
[2025-01-15T21:55:41.003+0000] {processor.py:829} INFO - Processing file /home/airflow/.local/lib/python3.10/site-packages/airflow/example_dags/example_short_circuit_operator.py for tasks to queue
[2025-01-15T21:55:41.005+0000] {logging_mixin.py:154} INFO - [2025-01-15T21:55:41.005+0000] {dagbag.py:536} INFO - Filling up the DagBag from /home/airflow/.local/lib/python3.10/site-packages/airflow/example_dags/example_short_circuit_operator.py
[2025-01-15T21:55:41.012+0000] {processor.py:839} INFO - DAG(s) dict_keys(['example_short_circuit_operator']) retrieved from /home/airflow/.local/lib/python3.10/site-packages/airflow/example_dags/example_short_circuit_operator.py
[2025-01-15T21:55:41.033+0000] {logging_mixin.py:154} INFO - [2025-01-15T21:55:41.033+0000] {dag.py:2941} INFO - Sync 1 DAGs
[2025-01-15T21:55:41.052+0000] {logging_mixin.py:154} INFO - [2025-01-15T21:55:41.052+0000] {dag.py:3722} INFO - Setting next_dagrun for example_short_circuit_operator to 2025-01-14T21:55:41.052385+00:00, run_after=2025-01-15T21:55:41.052385+00:00
[2025-01-15T21:55:41.067+0000] {processor.py:179} INFO - Processing /home/airflow/.local/lib/python3.10/site-packages/airflow/example_dags/example_short_circuit_operator.py took 0.068 seconds
[2025-01-15T21:56:11.124+0000] {processor.py:157} INFO - Started process (PID=898) to work on /home/airflow/.local/lib/python3.10/site-packages/airflow/example_dags/example_short_circuit_operator.py
[2025-01-15T21:56:11.125+0000] {processor.py:829} INFO - Processing file /home/airflow/.local/lib/python3.10/site-packages/airflow/example_dags/example_short_circuit_operator.py for tasks to queue
[2025-01-15T21:56:11.128+0000] {logging_mixin.py:154} INFO - [2025-01-15T21:56:11.128+0000] {dagbag.py:536} INFO - Filling up the DagBag from /home/airflow/.local/lib/python3.10/site-packages/airflow/example_dags/example_short_circuit_operator.py
[2025-01-15T21:56:11.135+0000] {processor.py:839} INFO - DAG(s) dict_keys(['example_short_circuit_operator']) retrieved from /home/airflow/.local/lib/python3.10/site-packages/airflow/example_dags/example_short_circuit_operator.py
[2025-01-15T21:56:11.156+0000] {logging_mixin.py:154} INFO - [2025-01-15T21:56:11.155+0000] {dag.py:2941} INFO - Sync 1 DAGs
[2025-01-15T21:56:11.176+0000] {logging_mixin.py:154} INFO - [2025-01-15T21:56:11.176+0000] {dag.py:3722} INFO - Setting next_dagrun for example_short_circuit_operator to 2025-01-14T21:56:11.176183+00:00, run_after=2025-01-15T21:56:11.176183+00:00
[2025-01-15T21:56:11.194+0000] {processor.py:179} INFO - Processing /home/airflow/.local/lib/python3.10/site-packages/airflow/example_dags/example_short_circuit_operator.py took 0.073 seconds
[2025-01-15T21:56:41.322+0000] {processor.py:157} INFO - Started process (PID=954) to work on /home/airflow/.local/lib/python3.10/site-packages/airflow/example_dags/example_short_circuit_operator.py
[2025-01-15T21:56:41.323+0000] {processor.py:829} INFO - Processing file /home/airflow/.local/lib/python3.10/site-packages/airflow/example_dags/example_short_circuit_operator.py for tasks to queue
[2025-01-15T21:56:41.326+0000] {logging_mixin.py:154} INFO - [2025-01-15T21:56:41.325+0000] {dagbag.py:536} INFO - Filling up the DagBag from /home/airflow/.local/lib/python3.10/site-packages/airflow/example_dags/example_short_circuit_operator.py
[2025-01-15T21:56:41.332+0000] {processor.py:839} INFO - DAG(s) dict_keys(['example_short_circuit_operator']) retrieved from /home/airflow/.local/lib/python3.10/site-packages/airflow/example_dags/example_short_circuit_operator.py
[2025-01-15T21:56:41.352+0000] {logging_mixin.py:154} INFO - [2025-01-15T21:56:41.352+0000] {dag.py:2941} INFO - Sync 1 DAGs
[2025-01-15T21:56:41.371+0000] {logging_mixin.py:154} INFO - [2025-01-15T21:56:41.371+0000] {dag.py:3722} INFO - Setting next_dagrun for example_short_circuit_operator to 2025-01-14T21:56:41.371310+00:00, run_after=2025-01-15T21:56:41.371310+00:00
[2025-01-15T21:56:41.386+0000] {processor.py:179} INFO - Processing /home/airflow/.local/lib/python3.10/site-packages/airflow/example_dags/example_short_circuit_operator.py took 0.066 seconds
[2025-01-15T21:57:11.927+0000] {processor.py:157} INFO - Started process (PID=1010) to work on /home/airflow/.local/lib/python3.10/site-packages/airflow/example_dags/example_short_circuit_operator.py
[2025-01-15T21:57:11.928+0000] {processor.py:829} INFO - Processing file /home/airflow/.local/lib/python3.10/site-packages/airflow/example_dags/example_short_circuit_operator.py for tasks to queue
[2025-01-15T21:57:11.930+0000] {logging_mixin.py:154} INFO - [2025-01-15T21:57:11.930+0000] {dagbag.py:536} INFO - Filling up the DagBag from /home/airflow/.local/lib/python3.10/site-packages/airflow/example_dags/example_short_circuit_operator.py
[2025-01-15T21:57:11.937+0000] {processor.py:839} INFO - DAG(s) dict_keys(['example_short_circuit_operator']) retrieved from /home/airflow/.local/lib/python3.10/site-packages/airflow/example_dags/example_short_circuit_operator.py
[2025-01-15T21:57:11.957+0000] {logging_mixin.py:154} INFO - [2025-01-15T21:57:11.957+0000] {dag.py:2941} INFO - Sync 1 DAGs
[2025-01-15T21:57:11.977+0000] {logging_mixin.py:154} INFO - [2025-01-15T21:57:11.976+0000] {dag.py:3722} INFO - Setting next_dagrun for example_short_circuit_operator to 2025-01-14T21:57:11.976676+00:00, run_after=2025-01-15T21:57:11.976676+00:00
[2025-01-15T21:57:11.991+0000] {processor.py:179} INFO - Processing /home/airflow/.local/lib/python3.10/site-packages/airflow/example_dags/example_short_circuit_operator.py took 0.066 seconds
[2025-01-15T21:57:42.448+0000] {processor.py:157} INFO - Started process (PID=1066) to work on /home/airflow/.local/lib/python3.10/site-packages/airflow/example_dags/example_short_circuit_operator.py
[2025-01-15T21:57:42.448+0000] {processor.py:829} INFO - Processing file /home/airflow/.local/lib/python3.10/site-packages/airflow/example_dags/example_short_circuit_operator.py for tasks to queue
[2025-01-15T21:57:42.450+0000] {logging_mixin.py:154} INFO - [2025-01-15T21:57:42.450+0000] {dagbag.py:536} INFO - Filling up the DagBag from /home/airflow/.local/lib/python3.10/site-packages/airflow/example_dags/example_short_circuit_operator.py
[2025-01-15T21:57:42.457+0000] {processor.py:839} INFO - DAG(s) dict_keys(['example_short_circuit_operator']) retrieved from /home/airflow/.local/lib/python3.10/site-packages/airflow/example_dags/example_short_circuit_operator.py
[2025-01-15T21:57:42.477+0000] {logging_mixin.py:154} INFO - [2025-01-15T21:57:42.477+0000] {dag.py:2941} INFO - Sync 1 DAGs
[2025-01-15T21:57:42.497+0000] {logging_mixin.py:154} INFO - [2025-01-15T21:57:42.497+0000] {dag.py:3722} INFO - Setting next_dagrun for example_short_circuit_operator to 2025-01-14T21:57:42.496923+00:00, run_after=2025-01-15T21:57:42.496923+00:00
[2025-01-15T21:57:42.514+0000] {processor.py:179} INFO - Processing /home/airflow/.local/lib/python3.10/site-packages/airflow/example_dags/example_short_circuit_operator.py took 0.069 seconds
[2025-01-15T21:58:12.761+0000] {processor.py:157} INFO - Started process (PID=1122) to work on /home/airflow/.local/lib/python3.10/site-packages/airflow/example_dags/example_short_circuit_operator.py
[2025-01-15T21:58:12.762+0000] {processor.py:829} INFO - Processing file /home/airflow/.local/lib/python3.10/site-packages/airflow/example_dags/example_short_circuit_operator.py for tasks to queue
[2025-01-15T21:58:12.764+0000] {logging_mixin.py:154} INFO - [2025-01-15T21:58:12.764+0000] {dagbag.py:536} INFO - Filling up the DagBag from /home/airflow/.local/lib/python3.10/site-packages/airflow/example_dags/example_short_circuit_operator.py
[2025-01-15T21:58:12.771+0000] {processor.py:839} INFO - DAG(s) dict_keys(['example_short_circuit_operator']) retrieved from /home/airflow/.local/lib/python3.10/site-packages/airflow/example_dags/example_short_circuit_operator.py
[2025-01-15T21:58:12.794+0000] {logging_mixin.py:154} INFO - [2025-01-15T21:58:12.793+0000] {dag.py:2941} INFO - Sync 1 DAGs
[2025-01-15T21:58:12.815+0000] {logging_mixin.py:154} INFO - [2025-01-15T21:58:12.814+0000] {dag.py:3722} INFO - Setting next_dagrun for example_short_circuit_operator to 2025-01-14T21:58:12.814746+00:00, run_after=2025-01-15T21:58:12.814746+00:00
[2025-01-15T21:58:12.831+0000] {processor.py:179} INFO - Processing /home/airflow/.local/lib/python3.10/site-packages/airflow/example_dags/example_short_circuit_operator.py took 0.073 seconds
[2025-01-15T21:58:43.308+0000] {processor.py:157} INFO - Started process (PID=1185) to work on /home/airflow/.local/lib/python3.10/site-packages/airflow/example_dags/example_short_circuit_operator.py
[2025-01-15T21:58:43.309+0000] {processor.py:829} INFO - Processing file /home/airflow/.local/lib/python3.10/site-packages/airflow/example_dags/example_short_circuit_operator.py for tasks to queue
[2025-01-15T21:58:43.311+0000] {logging_mixin.py:154} INFO - [2025-01-15T21:58:43.311+0000] {dagbag.py:536} INFO - Filling up the DagBag from /home/airflow/.local/lib/python3.10/site-packages/airflow/example_dags/example_short_circuit_operator.py
[2025-01-15T21:58:43.317+0000] {processor.py:839} INFO - DAG(s) dict_keys(['example_short_circuit_operator']) retrieved from /home/airflow/.local/lib/python3.10/site-packages/airflow/example_dags/example_short_circuit_operator.py
[2025-01-15T21:58:43.336+0000] {logging_mixin.py:154} INFO - [2025-01-15T21:58:43.336+0000] {dag.py:2941} INFO - Sync 1 DAGs
[2025-01-15T21:58:43.482+0000] {logging_mixin.py:154} INFO - [2025-01-15T21:58:43.481+0000] {dag.py:3722} INFO - Setting next_dagrun for example_short_circuit_operator to 2025-01-14T21:58:43.481782+00:00, run_after=2025-01-15T21:58:43.481782+00:00
[2025-01-15T21:58:43.499+0000] {processor.py:179} INFO - Processing /home/airflow/.local/lib/python3.10/site-packages/airflow/example_dags/example_short_circuit_operator.py took 0.194 seconds
[2025-01-15T21:59:13.957+0000] {processor.py:157} INFO - Started process (PID=1241) to work on /home/airflow/.local/lib/python3.10/site-packages/airflow/example_dags/example_short_circuit_operator.py
[2025-01-15T21:59:13.958+0000] {processor.py:829} INFO - Processing file /home/airflow/.local/lib/python3.10/site-packages/airflow/example_dags/example_short_circuit_operator.py for tasks to queue
[2025-01-15T21:59:13.962+0000] {logging_mixin.py:154} INFO - [2025-01-15T21:59:13.961+0000] {dagbag.py:536} INFO - Filling up the DagBag from /home/airflow/.local/lib/python3.10/site-packages/airflow/example_dags/example_short_circuit_operator.py
[2025-01-15T21:59:13.968+0000] {processor.py:839} INFO - DAG(s) dict_keys(['example_short_circuit_operator']) retrieved from /home/airflow/.local/lib/python3.10/site-packages/airflow/example_dags/example_short_circuit_operator.py
[2025-01-15T21:59:13.992+0000] {logging_mixin.py:154} INFO - [2025-01-15T21:59:13.991+0000] {dag.py:2941} INFO - Sync 1 DAGs
[2025-01-15T21:59:14.015+0000] {logging_mixin.py:154} INFO - [2025-01-15T21:59:14.015+0000] {dag.py:3722} INFO - Setting next_dagrun for example_short_circuit_operator to 2025-01-14T21:59:14.014942+00:00, run_after=2025-01-15T21:59:14.014942+00:00
[2025-01-15T21:59:14.211+0000] {processor.py:179} INFO - Processing /home/airflow/.local/lib/python3.10/site-packages/airflow/example_dags/example_short_circuit_operator.py took 0.257 seconds
[2025-01-15T21:59:44.379+0000] {processor.py:157} INFO - Started process (PID=1297) to work on /home/airflow/.local/lib/python3.10/site-packages/airflow/example_dags/example_short_circuit_operator.py
[2025-01-15T21:59:44.380+0000] {processor.py:829} INFO - Processing file /home/airflow/.local/lib/python3.10/site-packages/airflow/example_dags/example_short_circuit_operator.py for tasks to queue
[2025-01-15T21:59:44.383+0000] {logging_mixin.py:154} INFO - [2025-01-15T21:59:44.382+0000] {dagbag.py:536} INFO - Filling up the DagBag from /home/airflow/.local/lib/python3.10/site-packages/airflow/example_dags/example_short_circuit_operator.py
[2025-01-15T21:59:44.389+0000] {processor.py:839} INFO - DAG(s) dict_keys(['example_short_circuit_operator']) retrieved from /home/airflow/.local/lib/python3.10/site-packages/airflow/example_dags/example_short_circuit_operator.py
[2025-01-15T21:59:44.410+0000] {logging_mixin.py:154} INFO - [2025-01-15T21:59:44.409+0000] {dag.py:2941} INFO - Sync 1 DAGs
[2025-01-15T21:59:44.428+0000] {logging_mixin.py:154} INFO - [2025-01-15T21:59:44.428+0000] {dag.py:3722} INFO - Setting next_dagrun for example_short_circuit_operator to 2025-01-14T21:59:44.428097+00:00, run_after=2025-01-15T21:59:44.428097+00:00
[2025-01-15T21:59:44.443+0000] {processor.py:179} INFO - Processing /home/airflow/.local/lib/python3.10/site-packages/airflow/example_dags/example_short_circuit_operator.py took 0.066 seconds
[2025-01-15T22:00:14.732+0000] {processor.py:157} INFO - Started process (PID=1353) to work on /home/airflow/.local/lib/python3.10/site-packages/airflow/example_dags/example_short_circuit_operator.py
[2025-01-15T22:00:14.732+0000] {processor.py:829} INFO - Processing file /home/airflow/.local/lib/python3.10/site-packages/airflow/example_dags/example_short_circuit_operator.py for tasks to queue
[2025-01-15T22:00:14.734+0000] {logging_mixin.py:154} INFO - [2025-01-15T22:00:14.734+0000] {dagbag.py:536} INFO - Filling up the DagBag from /home/airflow/.local/lib/python3.10/site-packages/airflow/example_dags/example_short_circuit_operator.py
[2025-01-15T22:00:14.741+0000] {processor.py:839} INFO - DAG(s) dict_keys(['example_short_circuit_operator']) retrieved from /home/airflow/.local/lib/python3.10/site-packages/airflow/example_dags/example_short_circuit_operator.py
[2025-01-15T22:00:14.763+0000] {logging_mixin.py:154} INFO - [2025-01-15T22:00:14.762+0000] {dag.py:2941} INFO - Sync 1 DAGs
[2025-01-15T22:00:14.916+0000] {logging_mixin.py:154} INFO - [2025-01-15T22:00:14.916+0000] {dag.py:3722} INFO - Setting next_dagrun for example_short_circuit_operator to 2025-01-14T22:00:14.916462+00:00, run_after=2025-01-15T22:00:14.916462+00:00
[2025-01-15T22:00:14.931+0000] {processor.py:179} INFO - Processing /home/airflow/.local/lib/python3.10/site-packages/airflow/example_dags/example_short_circuit_operator.py took 0.202 seconds
[2025-01-15T22:00:45.039+0000] {processor.py:157} INFO - Started process (PID=1409) to work on /home/airflow/.local/lib/python3.10/site-packages/airflow/example_dags/example_short_circuit_operator.py
[2025-01-15T22:00:45.041+0000] {processor.py:829} INFO - Processing file /home/airflow/.local/lib/python3.10/site-packages/airflow/example_dags/example_short_circuit_operator.py for tasks to queue
[2025-01-15T22:00:45.043+0000] {logging_mixin.py:154} INFO - [2025-01-15T22:00:45.043+0000] {dagbag.py:536} INFO - Filling up the DagBag from /home/airflow/.local/lib/python3.10/site-packages/airflow/example_dags/example_short_circuit_operator.py
[2025-01-15T22:00:45.051+0000] {processor.py:839} INFO - DAG(s) dict_keys(['example_short_circuit_operator']) retrieved from /home/airflow/.local/lib/python3.10/site-packages/airflow/example_dags/example_short_circuit_operator.py
[2025-01-15T22:00:45.074+0000] {logging_mixin.py:154} INFO - [2025-01-15T22:00:45.074+0000] {dag.py:2941} INFO - Sync 1 DAGs
[2025-01-15T22:00:45.097+0000] {logging_mixin.py:154} INFO - [2025-01-15T22:00:45.096+0000] {dag.py:3722} INFO - Setting next_dagrun for example_short_circuit_operator to 2025-01-14T22:00:45.096635+00:00, run_after=2025-01-15T22:00:45.096635+00:00
[2025-01-15T22:00:45.267+0000] {processor.py:179} INFO - Processing /home/airflow/.local/lib/python3.10/site-packages/airflow/example_dags/example_short_circuit_operator.py took 0.231 seconds
[2025-01-15T22:01:16.100+0000] {processor.py:157} INFO - Started process (PID=1465) to work on /home/airflow/.local/lib/python3.10/site-packages/airflow/example_dags/example_short_circuit_operator.py
[2025-01-15T22:01:16.101+0000] {processor.py:829} INFO - Processing file /home/airflow/.local/lib/python3.10/site-packages/airflow/example_dags/example_short_circuit_operator.py for tasks to queue
[2025-01-15T22:01:16.102+0000] {logging_mixin.py:154} INFO - [2025-01-15T22:01:16.102+0000] {dagbag.py:536} INFO - Filling up the DagBag from /home/airflow/.local/lib/python3.10/site-packages/airflow/example_dags/example_short_circuit_operator.py
[2025-01-15T22:01:16.109+0000] {processor.py:839} INFO - DAG(s) dict_keys(['example_short_circuit_operator']) retrieved from /home/airflow/.local/lib/python3.10/site-packages/airflow/example_dags/example_short_circuit_operator.py
[2025-01-15T22:01:16.130+0000] {logging_mixin.py:154} INFO - [2025-01-15T22:01:16.129+0000] {dag.py:2941} INFO - Sync 1 DAGs
[2025-01-15T22:01:16.149+0000] {logging_mixin.py:154} INFO - [2025-01-15T22:01:16.149+0000] {dag.py:3722} INFO - Setting next_dagrun for example_short_circuit_operator to 2025-01-14T22:01:16.149205+00:00, run_after=2025-01-15T22:01:16.149205+00:00
[2025-01-15T22:01:16.165+0000] {processor.py:179} INFO - Processing /home/airflow/.local/lib/python3.10/site-packages/airflow/example_dags/example_short_circuit_operator.py took 0.068 seconds
[2025-01-15T22:01:46.247+0000] {processor.py:157} INFO - Started process (PID=1521) to work on /home/airflow/.local/lib/python3.10/site-packages/airflow/example_dags/example_short_circuit_operator.py
[2025-01-15T22:01:46.248+0000] {processor.py:829} INFO - Processing file /home/airflow/.local/lib/python3.10/site-packages/airflow/example_dags/example_short_circuit_operator.py for tasks to queue
[2025-01-15T22:01:46.250+0000] {logging_mixin.py:154} INFO - [2025-01-15T22:01:46.250+0000] {dagbag.py:536} INFO - Filling up the DagBag from /home/airflow/.local/lib/python3.10/site-packages/airflow/example_dags/example_short_circuit_operator.py
[2025-01-15T22:01:46.256+0000] {processor.py:839} INFO - DAG(s) dict_keys(['example_short_circuit_operator']) retrieved from /home/airflow/.local/lib/python3.10/site-packages/airflow/example_dags/example_short_circuit_operator.py
[2025-01-15T22:01:46.276+0000] {logging_mixin.py:154} INFO - [2025-01-15T22:01:46.276+0000] {dag.py:2941} INFO - Sync 1 DAGs
[2025-01-15T22:01:46.451+0000] {logging_mixin.py:154} INFO - [2025-01-15T22:01:46.451+0000] {dag.py:3722} INFO - Setting next_dagrun for example_short_circuit_operator to 2025-01-14T22:01:46.451411+00:00, run_after=2025-01-15T22:01:46.451411+00:00
[2025-01-15T22:01:46.468+0000] {processor.py:179} INFO - Processing /home/airflow/.local/lib/python3.10/site-packages/airflow/example_dags/example_short_circuit_operator.py took 0.223 seconds
[2025-01-15T22:02:16.534+0000] {processor.py:157} INFO - Started process (PID=1579) to work on /home/airflow/.local/lib/python3.10/site-packages/airflow/example_dags/example_short_circuit_operator.py
[2025-01-15T22:02:16.535+0000] {processor.py:829} INFO - Processing file /home/airflow/.local/lib/python3.10/site-packages/airflow/example_dags/example_short_circuit_operator.py for tasks to queue
[2025-01-15T22:02:16.536+0000] {logging_mixin.py:154} INFO - [2025-01-15T22:02:16.536+0000] {dagbag.py:536} INFO - Filling up the DagBag from /home/airflow/.local/lib/python3.10/site-packages/airflow/example_dags/example_short_circuit_operator.py
[2025-01-15T22:02:16.542+0000] {processor.py:839} INFO - DAG(s) dict_keys(['example_short_circuit_operator']) retrieved from /home/airflow/.local/lib/python3.10/site-packages/airflow/example_dags/example_short_circuit_operator.py
[2025-01-15T22:02:16.568+0000] {logging_mixin.py:154} INFO - [2025-01-15T22:02:16.568+0000] {dag.py:2941} INFO - Sync 1 DAGs
[2025-01-15T22:02:16.606+0000] {logging_mixin.py:154} INFO - [2025-01-15T22:02:16.606+0000] {dag.py:3722} INFO - Setting next_dagrun for example_short_circuit_operator to 2025-01-14T22:02:16.606135+00:00, run_after=2025-01-15T22:02:16.606135+00:00
[2025-01-15T22:02:16.800+0000] {processor.py:179} INFO - Processing /home/airflow/.local/lib/python3.10/site-packages/airflow/example_dags/example_short_circuit_operator.py took 0.269 seconds
[2025-01-15T22:02:47.732+0000] {processor.py:157} INFO - Started process (PID=1635) to work on /home/airflow/.local/lib/python3.10/site-packages/airflow/example_dags/example_short_circuit_operator.py
[2025-01-15T22:02:47.733+0000] {processor.py:829} INFO - Processing file /home/airflow/.local/lib/python3.10/site-packages/airflow/example_dags/example_short_circuit_operator.py for tasks to queue
[2025-01-15T22:02:47.735+0000] {logging_mixin.py:154} INFO - [2025-01-15T22:02:47.735+0000] {dagbag.py:536} INFO - Filling up the DagBag from /home/airflow/.local/lib/python3.10/site-packages/airflow/example_dags/example_short_circuit_operator.py
[2025-01-15T22:02:47.741+0000] {processor.py:839} INFO - DAG(s) dict_keys(['example_short_circuit_operator']) retrieved from /home/airflow/.local/lib/python3.10/site-packages/airflow/example_dags/example_short_circuit_operator.py
[2025-01-15T22:02:47.761+0000] {logging_mixin.py:154} INFO - [2025-01-15T22:02:47.761+0000] {dag.py:2941} INFO - Sync 1 DAGs
[2025-01-15T22:02:47.780+0000] {logging_mixin.py:154} INFO - [2025-01-15T22:02:47.780+0000] {dag.py:3722} INFO - Setting next_dagrun for example_short_circuit_operator to 2025-01-14T22:02:47.780071+00:00, run_after=2025-01-15T22:02:47.780071+00:00
[2025-01-15T22:02:47.795+0000] {processor.py:179} INFO - Processing /home/airflow/.local/lib/python3.10/site-packages/airflow/example_dags/example_short_circuit_operator.py took 0.066 seconds
[2025-01-15T22:04:06.560+0000] {processor.py:157} INFO - Started process (PID=59) to work on /home/airflow/.local/lib/python3.10/site-packages/airflow/example_dags/example_short_circuit_operator.py
[2025-01-15T22:04:06.561+0000] {processor.py:829} INFO - Processing file /home/airflow/.local/lib/python3.10/site-packages/airflow/example_dags/example_short_circuit_operator.py for tasks to queue
[2025-01-15T22:04:06.564+0000] {logging_mixin.py:154} INFO - [2025-01-15T22:04:06.563+0000] {dagbag.py:536} INFO - Filling up the DagBag from /home/airflow/.local/lib/python3.10/site-packages/airflow/example_dags/example_short_circuit_operator.py
[2025-01-15T22:04:06.575+0000] {processor.py:839} INFO - DAG(s) dict_keys(['example_short_circuit_operator']) retrieved from /home/airflow/.local/lib/python3.10/site-packages/airflow/example_dags/example_short_circuit_operator.py
[2025-01-15T22:04:06.589+0000] {logging_mixin.py:154} INFO - [2025-01-15T22:04:06.589+0000] {dag.py:2941} INFO - Sync 1 DAGs
[2025-01-15T22:04:06.617+0000] {logging_mixin.py:154} INFO - [2025-01-15T22:04:06.617+0000] {dag.py:3722} INFO - Setting next_dagrun for example_short_circuit_operator to 2025-01-14T22:04:06.616851+00:00, run_after=2025-01-15T22:04:06.616851+00:00
[2025-01-15T22:04:06.638+0000] {processor.py:179} INFO - Processing /home/airflow/.local/lib/python3.10/site-packages/airflow/example_dags/example_short_circuit_operator.py took 0.082 seconds
[2025-01-15T22:04:37.221+0000] {processor.py:157} INFO - Started process (PID=113) to work on /home/airflow/.local/lib/python3.10/site-packages/airflow/example_dags/example_short_circuit_operator.py
[2025-01-15T22:04:37.222+0000] {processor.py:829} INFO - Processing file /home/airflow/.local/lib/python3.10/site-packages/airflow/example_dags/example_short_circuit_operator.py for tasks to queue
[2025-01-15T22:04:37.223+0000] {logging_mixin.py:154} INFO - [2025-01-15T22:04:37.223+0000] {dagbag.py:536} INFO - Filling up the DagBag from /home/airflow/.local/lib/python3.10/site-packages/airflow/example_dags/example_short_circuit_operator.py
[2025-01-15T22:04:37.231+0000] {processor.py:839} INFO - DAG(s) dict_keys(['example_short_circuit_operator']) retrieved from /home/airflow/.local/lib/python3.10/site-packages/airflow/example_dags/example_short_circuit_operator.py
[2025-01-15T22:04:37.253+0000] {logging_mixin.py:154} INFO - [2025-01-15T22:04:37.253+0000] {dag.py:2941} INFO - Sync 1 DAGs
[2025-01-15T22:04:37.274+0000] {logging_mixin.py:154} INFO - [2025-01-15T22:04:37.274+0000] {dag.py:3722} INFO - Setting next_dagrun for example_short_circuit_operator to 2025-01-14T22:04:37.274317+00:00, run_after=2025-01-15T22:04:37.274317+00:00
[2025-01-15T22:04:37.297+0000] {processor.py:179} INFO - Processing /home/airflow/.local/lib/python3.10/site-packages/airflow/example_dags/example_short_circuit_operator.py took 0.080 seconds
[2025-01-15T22:05:07.333+0000] {processor.py:157} INFO - Started process (PID=169) to work on /home/airflow/.local/lib/python3.10/site-packages/airflow/example_dags/example_short_circuit_operator.py
[2025-01-15T22:05:07.334+0000] {processor.py:829} INFO - Processing file /home/airflow/.local/lib/python3.10/site-packages/airflow/example_dags/example_short_circuit_operator.py for tasks to queue
[2025-01-15T22:05:07.336+0000] {logging_mixin.py:154} INFO - [2025-01-15T22:05:07.335+0000] {dagbag.py:536} INFO - Filling up the DagBag from /home/airflow/.local/lib/python3.10/site-packages/airflow/example_dags/example_short_circuit_operator.py
[2025-01-15T22:05:07.342+0000] {processor.py:839} INFO - DAG(s) dict_keys(['example_short_circuit_operator']) retrieved from /home/airflow/.local/lib/python3.10/site-packages/airflow/example_dags/example_short_circuit_operator.py
[2025-01-15T22:05:07.363+0000] {logging_mixin.py:154} INFO - [2025-01-15T22:05:07.363+0000] {dag.py:2941} INFO - Sync 1 DAGs
[2025-01-15T22:05:07.381+0000] {logging_mixin.py:154} INFO - [2025-01-15T22:05:07.381+0000] {dag.py:3722} INFO - Setting next_dagrun for example_short_circuit_operator to 2025-01-14T22:05:07.380953+00:00, run_after=2025-01-15T22:05:07.380953+00:00
[2025-01-15T22:05:07.400+0000] {processor.py:179} INFO - Processing /home/airflow/.local/lib/python3.10/site-packages/airflow/example_dags/example_short_circuit_operator.py took 0.070 seconds
[2025-01-15T22:05:37.967+0000] {processor.py:157} INFO - Started process (PID=225) to work on /home/airflow/.local/lib/python3.10/site-packages/airflow/example_dags/example_short_circuit_operator.py
[2025-01-15T22:05:37.968+0000] {processor.py:829} INFO - Processing file /home/airflow/.local/lib/python3.10/site-packages/airflow/example_dags/example_short_circuit_operator.py for tasks to queue
[2025-01-15T22:05:37.971+0000] {logging_mixin.py:154} INFO - [2025-01-15T22:05:37.970+0000] {dagbag.py:536} INFO - Filling up the DagBag from /home/airflow/.local/lib/python3.10/site-packages/airflow/example_dags/example_short_circuit_operator.py
[2025-01-15T22:05:37.978+0000] {processor.py:839} INFO - DAG(s) dict_keys(['example_short_circuit_operator']) retrieved from /home/airflow/.local/lib/python3.10/site-packages/airflow/example_dags/example_short_circuit_operator.py
[2025-01-15T22:05:38.002+0000] {logging_mixin.py:154} INFO - [2025-01-15T22:05:38.002+0000] {dag.py:2941} INFO - Sync 1 DAGs
[2025-01-15T22:05:38.027+0000] {logging_mixin.py:154} INFO - [2025-01-15T22:05:38.027+0000] {dag.py:3722} INFO - Setting next_dagrun for example_short_circuit_operator to 2025-01-14T22:05:38.027409+00:00, run_after=2025-01-15T22:05:38.027409+00:00
[2025-01-15T22:05:38.050+0000] {processor.py:179} INFO - Processing /home/airflow/.local/lib/python3.10/site-packages/airflow/example_dags/example_short_circuit_operator.py took 0.086 seconds
[2025-01-15T22:06:08.435+0000] {processor.py:157} INFO - Started process (PID=281) to work on /home/airflow/.local/lib/python3.10/site-packages/airflow/example_dags/example_short_circuit_operator.py
[2025-01-15T22:06:08.435+0000] {processor.py:829} INFO - Processing file /home/airflow/.local/lib/python3.10/site-packages/airflow/example_dags/example_short_circuit_operator.py for tasks to queue
[2025-01-15T22:06:08.438+0000] {logging_mixin.py:154} INFO - [2025-01-15T22:06:08.437+0000] {dagbag.py:536} INFO - Filling up the DagBag from /home/airflow/.local/lib/python3.10/site-packages/airflow/example_dags/example_short_circuit_operator.py
[2025-01-15T22:06:08.444+0000] {processor.py:839} INFO - DAG(s) dict_keys(['example_short_circuit_operator']) retrieved from /home/airflow/.local/lib/python3.10/site-packages/airflow/example_dags/example_short_circuit_operator.py
[2025-01-15T22:06:08.464+0000] {logging_mixin.py:154} INFO - [2025-01-15T22:06:08.464+0000] {dag.py:2941} INFO - Sync 1 DAGs
[2025-01-15T22:06:08.484+0000] {logging_mixin.py:154} INFO - [2025-01-15T22:06:08.484+0000] {dag.py:3722} INFO - Setting next_dagrun for example_short_circuit_operator to 2025-01-14T22:06:08.484544+00:00, run_after=2025-01-15T22:06:08.484544+00:00
[2025-01-15T22:06:08.502+0000] {processor.py:179} INFO - Processing /home/airflow/.local/lib/python3.10/site-packages/airflow/example_dags/example_short_circuit_operator.py took 0.071 seconds
[2025-01-15T22:06:39.262+0000] {processor.py:157} INFO - Started process (PID=337) to work on /home/airflow/.local/lib/python3.10/site-packages/airflow/example_dags/example_short_circuit_operator.py
[2025-01-15T22:06:39.263+0000] {processor.py:829} INFO - Processing file /home/airflow/.local/lib/python3.10/site-packages/airflow/example_dags/example_short_circuit_operator.py for tasks to queue
[2025-01-15T22:06:39.265+0000] {logging_mixin.py:154} INFO - [2025-01-15T22:06:39.264+0000] {dagbag.py:536} INFO - Filling up the DagBag from /home/airflow/.local/lib/python3.10/site-packages/airflow/example_dags/example_short_circuit_operator.py
[2025-01-15T22:06:39.271+0000] {processor.py:839} INFO - DAG(s) dict_keys(['example_short_circuit_operator']) retrieved from /home/airflow/.local/lib/python3.10/site-packages/airflow/example_dags/example_short_circuit_operator.py
[2025-01-15T22:06:39.293+0000] {logging_mixin.py:154} INFO - [2025-01-15T22:06:39.293+0000] {dag.py:2941} INFO - Sync 1 DAGs
[2025-01-15T22:06:39.314+0000] {logging_mixin.py:154} INFO - [2025-01-15T22:06:39.313+0000] {dag.py:3722} INFO - Setting next_dagrun for example_short_circuit_operator to 2025-01-14T22:06:39.313532+00:00, run_after=2025-01-15T22:06:39.313532+00:00
[2025-01-15T22:06:39.331+0000] {processor.py:179} INFO - Processing /home/airflow/.local/lib/python3.10/site-packages/airflow/example_dags/example_short_circuit_operator.py took 0.072 seconds
[2025-01-15T22:07:09.958+0000] {processor.py:157} INFO - Started process (PID=393) to work on /home/airflow/.local/lib/python3.10/site-packages/airflow/example_dags/example_short_circuit_operator.py
[2025-01-15T22:07:09.959+0000] {processor.py:829} INFO - Processing file /home/airflow/.local/lib/python3.10/site-packages/airflow/example_dags/example_short_circuit_operator.py for tasks to queue
[2025-01-15T22:07:09.961+0000] {logging_mixin.py:154} INFO - [2025-01-15T22:07:09.961+0000] {dagbag.py:536} INFO - Filling up the DagBag from /home/airflow/.local/lib/python3.10/site-packages/airflow/example_dags/example_short_circuit_operator.py
[2025-01-15T22:07:09.967+0000] {processor.py:839} INFO - DAG(s) dict_keys(['example_short_circuit_operator']) retrieved from /home/airflow/.local/lib/python3.10/site-packages/airflow/example_dags/example_short_circuit_operator.py
[2025-01-15T22:07:09.988+0000] {logging_mixin.py:154} INFO - [2025-01-15T22:07:09.988+0000] {dag.py:2941} INFO - Sync 1 DAGs
[2025-01-15T22:07:10.007+0000] {logging_mixin.py:154} INFO - [2025-01-15T22:07:10.007+0000] {dag.py:3722} INFO - Setting next_dagrun for example_short_circuit_operator to 2025-01-14T22:07:10.007518+00:00, run_after=2025-01-15T22:07:10.007518+00:00
[2025-01-15T22:07:10.024+0000] {processor.py:179} INFO - Processing /home/airflow/.local/lib/python3.10/site-packages/airflow/example_dags/example_short_circuit_operator.py took 0.068 seconds
[2025-01-15T22:08:31.992+0000] {processor.py:157} INFO - Started process (PID=54) to work on /home/airflow/.local/lib/python3.10/site-packages/airflow/example_dags/example_short_circuit_operator.py
[2025-01-15T22:08:31.993+0000] {processor.py:829} INFO - Processing file /home/airflow/.local/lib/python3.10/site-packages/airflow/example_dags/example_short_circuit_operator.py for tasks to queue
[2025-01-15T22:08:31.997+0000] {logging_mixin.py:154} INFO - [2025-01-15T22:08:31.997+0000] {dagbag.py:536} INFO - Filling up the DagBag from /home/airflow/.local/lib/python3.10/site-packages/airflow/example_dags/example_short_circuit_operator.py
[2025-01-15T22:08:32.012+0000] {processor.py:839} INFO - DAG(s) dict_keys(['example_short_circuit_operator']) retrieved from /home/airflow/.local/lib/python3.10/site-packages/airflow/example_dags/example_short_circuit_operator.py
[2025-01-15T22:08:32.029+0000] {logging_mixin.py:154} INFO - [2025-01-15T22:08:32.028+0000] {dag.py:2941} INFO - Sync 1 DAGs
[2025-01-15T22:08:32.059+0000] {logging_mixin.py:154} INFO - [2025-01-15T22:08:32.059+0000] {dag.py:3722} INFO - Setting next_dagrun for example_short_circuit_operator to 2025-01-14T22:08:32.059399+00:00, run_after=2025-01-15T22:08:32.059399+00:00
[2025-01-15T22:08:32.081+0000] {processor.py:179} INFO - Processing /home/airflow/.local/lib/python3.10/site-packages/airflow/example_dags/example_short_circuit_operator.py took 0.095 seconds
[2025-01-15T22:09:02.133+0000] {processor.py:157} INFO - Started process (PID=115) to work on /home/airflow/.local/lib/python3.10/site-packages/airflow/example_dags/example_short_circuit_operator.py
[2025-01-15T22:09:02.134+0000] {processor.py:829} INFO - Processing file /home/airflow/.local/lib/python3.10/site-packages/airflow/example_dags/example_short_circuit_operator.py for tasks to queue
[2025-01-15T22:09:02.136+0000] {logging_mixin.py:154} INFO - [2025-01-15T22:09:02.136+0000] {dagbag.py:536} INFO - Filling up the DagBag from /home/airflow/.local/lib/python3.10/site-packages/airflow/example_dags/example_short_circuit_operator.py
[2025-01-15T22:09:02.143+0000] {processor.py:839} INFO - DAG(s) dict_keys(['example_short_circuit_operator']) retrieved from /home/airflow/.local/lib/python3.10/site-packages/airflow/example_dags/example_short_circuit_operator.py
[2025-01-15T22:09:02.165+0000] {logging_mixin.py:154} INFO - [2025-01-15T22:09:02.165+0000] {dag.py:2941} INFO - Sync 1 DAGs
[2025-01-15T22:09:02.186+0000] {logging_mixin.py:154} INFO - [2025-01-15T22:09:02.186+0000] {dag.py:3722} INFO - Setting next_dagrun for example_short_circuit_operator to 2025-01-14T22:09:02.185842+00:00, run_after=2025-01-15T22:09:02.185842+00:00
[2025-01-15T22:09:02.205+0000] {processor.py:179} INFO - Processing /home/airflow/.local/lib/python3.10/site-packages/airflow/example_dags/example_short_circuit_operator.py took 0.075 seconds
