[2025-01-15T21:47:56.631+0000] {processor.py:157} INFO - Started process (PID=63) to work on /home/airflow/.local/lib/python3.10/site-packages/airflow/example_dags/example_time_delta_sensor_async.py
[2025-01-15T21:47:56.632+0000] {processor.py:829} INFO - Processing file /home/airflow/.local/lib/python3.10/site-packages/airflow/example_dags/example_time_delta_sensor_async.py for tasks to queue
[2025-01-15T21:47:56.635+0000] {logging_mixin.py:154} INFO - [2025-01-15T21:47:56.635+0000] {dagbag.py:536} INFO - Filling up the DagBag from /home/airflow/.local/lib/python3.10/site-packages/airflow/example_dags/example_time_delta_sensor_async.py
[2025-01-15T21:47:56.645+0000] {processor.py:839} INFO - DAG(s) dict_keys(['example_time_delta_sensor_async']) retrieved from /home/airflow/.local/lib/python3.10/site-packages/airflow/example_dags/example_time_delta_sensor_async.py
[2025-01-15T21:47:56.693+0000] {logging_mixin.py:154} INFO - [2025-01-15T21:47:56.692+0000] {dag.py:2941} INFO - Sync 1 DAGs
[2025-01-15T21:47:56.714+0000] {logging_mixin.py:154} INFO - [2025-01-15T21:47:56.714+0000] {dag.py:3722} INFO - Setting next_dagrun for example_time_delta_sensor_async to None, run_after=None
[2025-01-15T21:47:56.738+0000] {processor.py:179} INFO - Processing /home/airflow/.local/lib/python3.10/site-packages/airflow/example_dags/example_time_delta_sensor_async.py took 0.111 seconds
[2025-01-15T21:48:38.762+0000] {processor.py:157} INFO - Started process (PID=70) to work on /home/airflow/.local/lib/python3.10/site-packages/airflow/example_dags/example_time_delta_sensor_async.py
[2025-01-15T21:48:38.764+0000] {processor.py:829} INFO - Processing file /home/airflow/.local/lib/python3.10/site-packages/airflow/example_dags/example_time_delta_sensor_async.py for tasks to queue
[2025-01-15T21:48:38.769+0000] {logging_mixin.py:154} INFO - [2025-01-15T21:48:38.768+0000] {dagbag.py:536} INFO - Filling up the DagBag from /home/airflow/.local/lib/python3.10/site-packages/airflow/example_dags/example_time_delta_sensor_async.py
[2025-01-15T21:48:38.782+0000] {processor.py:839} INFO - DAG(s) dict_keys(['example_time_delta_sensor_async']) retrieved from /home/airflow/.local/lib/python3.10/site-packages/airflow/example_dags/example_time_delta_sensor_async.py
[2025-01-15T21:48:38.800+0000] {logging_mixin.py:154} INFO - [2025-01-15T21:48:38.799+0000] {dag.py:2941} INFO - Sync 1 DAGs
[2025-01-15T21:48:38.824+0000] {logging_mixin.py:154} INFO - [2025-01-15T21:48:38.823+0000] {dag.py:3722} INFO - Setting next_dagrun for example_time_delta_sensor_async to None, run_after=None
[2025-01-15T21:48:38.855+0000] {processor.py:179} INFO - Processing /home/airflow/.local/lib/python3.10/site-packages/airflow/example_dags/example_time_delta_sensor_async.py took 0.097 seconds
[2025-01-15T21:49:09.003+0000] {processor.py:157} INFO - Started process (PID=126) to work on /home/airflow/.local/lib/python3.10/site-packages/airflow/example_dags/example_time_delta_sensor_async.py
[2025-01-15T21:49:09.003+0000] {processor.py:829} INFO - Processing file /home/airflow/.local/lib/python3.10/site-packages/airflow/example_dags/example_time_delta_sensor_async.py for tasks to queue
[2025-01-15T21:49:09.005+0000] {logging_mixin.py:154} INFO - [2025-01-15T21:49:09.005+0000] {dagbag.py:536} INFO - Filling up the DagBag from /home/airflow/.local/lib/python3.10/site-packages/airflow/example_dags/example_time_delta_sensor_async.py
[2025-01-15T21:49:09.009+0000] {processor.py:839} INFO - DAG(s) dict_keys(['example_time_delta_sensor_async']) retrieved from /home/airflow/.local/lib/python3.10/site-packages/airflow/example_dags/example_time_delta_sensor_async.py
[2025-01-15T21:49:09.026+0000] {logging_mixin.py:154} INFO - [2025-01-15T21:49:09.026+0000] {dag.py:2941} INFO - Sync 1 DAGs
[2025-01-15T21:49:09.036+0000] {logging_mixin.py:154} INFO - [2025-01-15T21:49:09.036+0000] {dag.py:3722} INFO - Setting next_dagrun for example_time_delta_sensor_async to None, run_after=None
[2025-01-15T21:49:09.058+0000] {processor.py:179} INFO - Processing /home/airflow/.local/lib/python3.10/site-packages/airflow/example_dags/example_time_delta_sensor_async.py took 0.058 seconds
[2025-01-15T21:49:39.576+0000] {processor.py:157} INFO - Started process (PID=182) to work on /home/airflow/.local/lib/python3.10/site-packages/airflow/example_dags/example_time_delta_sensor_async.py
[2025-01-15T21:49:39.577+0000] {processor.py:829} INFO - Processing file /home/airflow/.local/lib/python3.10/site-packages/airflow/example_dags/example_time_delta_sensor_async.py for tasks to queue
[2025-01-15T21:49:39.579+0000] {logging_mixin.py:154} INFO - [2025-01-15T21:49:39.579+0000] {dagbag.py:536} INFO - Filling up the DagBag from /home/airflow/.local/lib/python3.10/site-packages/airflow/example_dags/example_time_delta_sensor_async.py
[2025-01-15T21:49:39.583+0000] {processor.py:839} INFO - DAG(s) dict_keys(['example_time_delta_sensor_async']) retrieved from /home/airflow/.local/lib/python3.10/site-packages/airflow/example_dags/example_time_delta_sensor_async.py
[2025-01-15T21:49:39.602+0000] {logging_mixin.py:154} INFO - [2025-01-15T21:49:39.602+0000] {dag.py:2941} INFO - Sync 1 DAGs
[2025-01-15T21:49:39.614+0000] {logging_mixin.py:154} INFO - [2025-01-15T21:49:39.614+0000] {dag.py:3722} INFO - Setting next_dagrun for example_time_delta_sensor_async to None, run_after=None
[2025-01-15T21:49:39.638+0000] {processor.py:179} INFO - Processing /home/airflow/.local/lib/python3.10/site-packages/airflow/example_dags/example_time_delta_sensor_async.py took 0.065 seconds
[2025-01-15T21:50:09.707+0000] {processor.py:157} INFO - Started process (PID=239) to work on /home/airflow/.local/lib/python3.10/site-packages/airflow/example_dags/example_time_delta_sensor_async.py
[2025-01-15T21:50:09.708+0000] {processor.py:829} INFO - Processing file /home/airflow/.local/lib/python3.10/site-packages/airflow/example_dags/example_time_delta_sensor_async.py for tasks to queue
[2025-01-15T21:50:09.710+0000] {logging_mixin.py:154} INFO - [2025-01-15T21:50:09.710+0000] {dagbag.py:536} INFO - Filling up the DagBag from /home/airflow/.local/lib/python3.10/site-packages/airflow/example_dags/example_time_delta_sensor_async.py
[2025-01-15T21:50:09.713+0000] {processor.py:839} INFO - DAG(s) dict_keys(['example_time_delta_sensor_async']) retrieved from /home/airflow/.local/lib/python3.10/site-packages/airflow/example_dags/example_time_delta_sensor_async.py
[2025-01-15T21:50:09.730+0000] {logging_mixin.py:154} INFO - [2025-01-15T21:50:09.730+0000] {dag.py:2941} INFO - Sync 1 DAGs
[2025-01-15T21:50:09.740+0000] {logging_mixin.py:154} INFO - [2025-01-15T21:50:09.740+0000] {dag.py:3722} INFO - Setting next_dagrun for example_time_delta_sensor_async to None, run_after=None
[2025-01-15T21:50:09.754+0000] {processor.py:179} INFO - Processing /home/airflow/.local/lib/python3.10/site-packages/airflow/example_dags/example_time_delta_sensor_async.py took 0.050 seconds
[2025-01-15T21:50:40.064+0000] {processor.py:157} INFO - Started process (PID=295) to work on /home/airflow/.local/lib/python3.10/site-packages/airflow/example_dags/example_time_delta_sensor_async.py
[2025-01-15T21:50:40.065+0000] {processor.py:829} INFO - Processing file /home/airflow/.local/lib/python3.10/site-packages/airflow/example_dags/example_time_delta_sensor_async.py for tasks to queue
[2025-01-15T21:50:40.067+0000] {logging_mixin.py:154} INFO - [2025-01-15T21:50:40.067+0000] {dagbag.py:536} INFO - Filling up the DagBag from /home/airflow/.local/lib/python3.10/site-packages/airflow/example_dags/example_time_delta_sensor_async.py
[2025-01-15T21:50:40.072+0000] {processor.py:839} INFO - DAG(s) dict_keys(['example_time_delta_sensor_async']) retrieved from /home/airflow/.local/lib/python3.10/site-packages/airflow/example_dags/example_time_delta_sensor_async.py
[2025-01-15T21:50:40.093+0000] {logging_mixin.py:154} INFO - [2025-01-15T21:50:40.093+0000] {dag.py:2941} INFO - Sync 1 DAGs
[2025-01-15T21:50:40.106+0000] {logging_mixin.py:154} INFO - [2025-01-15T21:50:40.106+0000] {dag.py:3722} INFO - Setting next_dagrun for example_time_delta_sensor_async to None, run_after=None
[2025-01-15T21:50:40.126+0000] {processor.py:179} INFO - Processing /home/airflow/.local/lib/python3.10/site-packages/airflow/example_dags/example_time_delta_sensor_async.py took 0.066 seconds
[2025-01-15T21:51:11.412+0000] {processor.py:157} INFO - Started process (PID=351) to work on /home/airflow/.local/lib/python3.10/site-packages/airflow/example_dags/example_time_delta_sensor_async.py
[2025-01-15T21:51:11.413+0000] {processor.py:829} INFO - Processing file /home/airflow/.local/lib/python3.10/site-packages/airflow/example_dags/example_time_delta_sensor_async.py for tasks to queue
[2025-01-15T21:51:11.415+0000] {logging_mixin.py:154} INFO - [2025-01-15T21:51:11.415+0000] {dagbag.py:536} INFO - Filling up the DagBag from /home/airflow/.local/lib/python3.10/site-packages/airflow/example_dags/example_time_delta_sensor_async.py
[2025-01-15T21:51:11.420+0000] {processor.py:839} INFO - DAG(s) dict_keys(['example_time_delta_sensor_async']) retrieved from /home/airflow/.local/lib/python3.10/site-packages/airflow/example_dags/example_time_delta_sensor_async.py
[2025-01-15T21:51:11.445+0000] {logging_mixin.py:154} INFO - [2025-01-15T21:51:11.444+0000] {dag.py:2941} INFO - Sync 1 DAGs
[2025-01-15T21:51:11.458+0000] {logging_mixin.py:154} INFO - [2025-01-15T21:51:11.458+0000] {dag.py:3722} INFO - Setting next_dagrun for example_time_delta_sensor_async to None, run_after=None
[2025-01-15T21:51:11.477+0000] {processor.py:179} INFO - Processing /home/airflow/.local/lib/python3.10/site-packages/airflow/example_dags/example_time_delta_sensor_async.py took 0.069 seconds
[2025-01-15T21:51:42.557+0000] {processor.py:157} INFO - Started process (PID=407) to work on /home/airflow/.local/lib/python3.10/site-packages/airflow/example_dags/example_time_delta_sensor_async.py
[2025-01-15T21:51:42.558+0000] {processor.py:829} INFO - Processing file /home/airflow/.local/lib/python3.10/site-packages/airflow/example_dags/example_time_delta_sensor_async.py for tasks to queue
[2025-01-15T21:51:42.559+0000] {logging_mixin.py:154} INFO - [2025-01-15T21:51:42.559+0000] {dagbag.py:536} INFO - Filling up the DagBag from /home/airflow/.local/lib/python3.10/site-packages/airflow/example_dags/example_time_delta_sensor_async.py
[2025-01-15T21:51:42.563+0000] {processor.py:839} INFO - DAG(s) dict_keys(['example_time_delta_sensor_async']) retrieved from /home/airflow/.local/lib/python3.10/site-packages/airflow/example_dags/example_time_delta_sensor_async.py
[2025-01-15T21:51:42.582+0000] {logging_mixin.py:154} INFO - [2025-01-15T21:51:42.582+0000] {dag.py:2941} INFO - Sync 1 DAGs
[2025-01-15T21:51:42.593+0000] {logging_mixin.py:154} INFO - [2025-01-15T21:51:42.593+0000] {dag.py:3722} INFO - Setting next_dagrun for example_time_delta_sensor_async to None, run_after=None
[2025-01-15T21:51:42.609+0000] {processor.py:179} INFO - Processing /home/airflow/.local/lib/python3.10/site-packages/airflow/example_dags/example_time_delta_sensor_async.py took 0.055 seconds
[2025-01-15T21:52:13.769+0000] {processor.py:157} INFO - Started process (PID=463) to work on /home/airflow/.local/lib/python3.10/site-packages/airflow/example_dags/example_time_delta_sensor_async.py
[2025-01-15T21:52:13.769+0000] {processor.py:829} INFO - Processing file /home/airflow/.local/lib/python3.10/site-packages/airflow/example_dags/example_time_delta_sensor_async.py for tasks to queue
[2025-01-15T21:52:13.771+0000] {logging_mixin.py:154} INFO - [2025-01-15T21:52:13.771+0000] {dagbag.py:536} INFO - Filling up the DagBag from /home/airflow/.local/lib/python3.10/site-packages/airflow/example_dags/example_time_delta_sensor_async.py
[2025-01-15T21:52:13.775+0000] {processor.py:839} INFO - DAG(s) dict_keys(['example_time_delta_sensor_async']) retrieved from /home/airflow/.local/lib/python3.10/site-packages/airflow/example_dags/example_time_delta_sensor_async.py
[2025-01-15T21:52:13.792+0000] {logging_mixin.py:154} INFO - [2025-01-15T21:52:13.792+0000] {dag.py:2941} INFO - Sync 1 DAGs
[2025-01-15T21:52:13.803+0000] {logging_mixin.py:154} INFO - [2025-01-15T21:52:13.803+0000] {dag.py:3722} INFO - Setting next_dagrun for example_time_delta_sensor_async to None, run_after=None
[2025-01-15T21:52:13.819+0000] {processor.py:179} INFO - Processing /home/airflow/.local/lib/python3.10/site-packages/airflow/example_dags/example_time_delta_sensor_async.py took 0.054 seconds
[2025-01-15T21:52:44.221+0000] {processor.py:157} INFO - Started process (PID=518) to work on /home/airflow/.local/lib/python3.10/site-packages/airflow/example_dags/example_time_delta_sensor_async.py
[2025-01-15T21:52:44.222+0000] {processor.py:829} INFO - Processing file /home/airflow/.local/lib/python3.10/site-packages/airflow/example_dags/example_time_delta_sensor_async.py for tasks to queue
[2025-01-15T21:52:44.225+0000] {logging_mixin.py:154} INFO - [2025-01-15T21:52:44.225+0000] {dagbag.py:536} INFO - Filling up the DagBag from /home/airflow/.local/lib/python3.10/site-packages/airflow/example_dags/example_time_delta_sensor_async.py
[2025-01-15T21:52:44.230+0000] {processor.py:839} INFO - DAG(s) dict_keys(['example_time_delta_sensor_async']) retrieved from /home/airflow/.local/lib/python3.10/site-packages/airflow/example_dags/example_time_delta_sensor_async.py
[2025-01-15T21:52:44.254+0000] {logging_mixin.py:154} INFO - [2025-01-15T21:52:44.254+0000] {dag.py:2941} INFO - Sync 1 DAGs
[2025-01-15T21:52:44.275+0000] {logging_mixin.py:154} INFO - [2025-01-15T21:52:44.275+0000] {dag.py:3722} INFO - Setting next_dagrun for example_time_delta_sensor_async to None, run_after=None
[2025-01-15T21:52:44.299+0000] {processor.py:179} INFO - Processing /home/airflow/.local/lib/python3.10/site-packages/airflow/example_dags/example_time_delta_sensor_async.py took 0.082 seconds
[2025-01-15T21:53:15.329+0000] {processor.py:157} INFO - Started process (PID=575) to work on /home/airflow/.local/lib/python3.10/site-packages/airflow/example_dags/example_time_delta_sensor_async.py
[2025-01-15T21:53:15.330+0000] {processor.py:829} INFO - Processing file /home/airflow/.local/lib/python3.10/site-packages/airflow/example_dags/example_time_delta_sensor_async.py for tasks to queue
[2025-01-15T21:53:15.332+0000] {logging_mixin.py:154} INFO - [2025-01-15T21:53:15.332+0000] {dagbag.py:536} INFO - Filling up the DagBag from /home/airflow/.local/lib/python3.10/site-packages/airflow/example_dags/example_time_delta_sensor_async.py
[2025-01-15T21:53:15.338+0000] {processor.py:839} INFO - DAG(s) dict_keys(['example_time_delta_sensor_async']) retrieved from /home/airflow/.local/lib/python3.10/site-packages/airflow/example_dags/example_time_delta_sensor_async.py
[2025-01-15T21:53:15.359+0000] {logging_mixin.py:154} INFO - [2025-01-15T21:53:15.358+0000] {dag.py:2941} INFO - Sync 1 DAGs
[2025-01-15T21:53:15.371+0000] {logging_mixin.py:154} INFO - [2025-01-15T21:53:15.371+0000] {dag.py:3722} INFO - Setting next_dagrun for example_time_delta_sensor_async to None, run_after=None
[2025-01-15T21:53:15.390+0000] {processor.py:179} INFO - Processing /home/airflow/.local/lib/python3.10/site-packages/airflow/example_dags/example_time_delta_sensor_async.py took 0.064 seconds
[2025-01-15T21:53:46.657+0000] {processor.py:157} INFO - Started process (PID=631) to work on /home/airflow/.local/lib/python3.10/site-packages/airflow/example_dags/example_time_delta_sensor_async.py
[2025-01-15T21:53:46.658+0000] {processor.py:829} INFO - Processing file /home/airflow/.local/lib/python3.10/site-packages/airflow/example_dags/example_time_delta_sensor_async.py for tasks to queue
[2025-01-15T21:53:46.660+0000] {logging_mixin.py:154} INFO - [2025-01-15T21:53:46.660+0000] {dagbag.py:536} INFO - Filling up the DagBag from /home/airflow/.local/lib/python3.10/site-packages/airflow/example_dags/example_time_delta_sensor_async.py
[2025-01-15T21:53:46.664+0000] {processor.py:839} INFO - DAG(s) dict_keys(['example_time_delta_sensor_async']) retrieved from /home/airflow/.local/lib/python3.10/site-packages/airflow/example_dags/example_time_delta_sensor_async.py
[2025-01-15T21:53:46.682+0000] {logging_mixin.py:154} INFO - [2025-01-15T21:53:46.682+0000] {dag.py:2941} INFO - Sync 1 DAGs
[2025-01-15T21:53:46.694+0000] {logging_mixin.py:154} INFO - [2025-01-15T21:53:46.694+0000] {dag.py:3722} INFO - Setting next_dagrun for example_time_delta_sensor_async to None, run_after=None
[2025-01-15T21:53:46.710+0000] {processor.py:179} INFO - Processing /home/airflow/.local/lib/python3.10/site-packages/airflow/example_dags/example_time_delta_sensor_async.py took 0.056 seconds
[2025-01-15T21:54:17.568+0000] {processor.py:157} INFO - Started process (PID=687) to work on /home/airflow/.local/lib/python3.10/site-packages/airflow/example_dags/example_time_delta_sensor_async.py
[2025-01-15T21:54:17.569+0000] {processor.py:829} INFO - Processing file /home/airflow/.local/lib/python3.10/site-packages/airflow/example_dags/example_time_delta_sensor_async.py for tasks to queue
[2025-01-15T21:54:17.571+0000] {logging_mixin.py:154} INFO - [2025-01-15T21:54:17.571+0000] {dagbag.py:536} INFO - Filling up the DagBag from /home/airflow/.local/lib/python3.10/site-packages/airflow/example_dags/example_time_delta_sensor_async.py
[2025-01-15T21:54:17.575+0000] {processor.py:839} INFO - DAG(s) dict_keys(['example_time_delta_sensor_async']) retrieved from /home/airflow/.local/lib/python3.10/site-packages/airflow/example_dags/example_time_delta_sensor_async.py
[2025-01-15T21:54:17.593+0000] {logging_mixin.py:154} INFO - [2025-01-15T21:54:17.592+0000] {dag.py:2941} INFO - Sync 1 DAGs
[2025-01-15T21:54:17.604+0000] {logging_mixin.py:154} INFO - [2025-01-15T21:54:17.604+0000] {dag.py:3722} INFO - Setting next_dagrun for example_time_delta_sensor_async to None, run_after=None
[2025-01-15T21:54:17.620+0000] {processor.py:179} INFO - Processing /home/airflow/.local/lib/python3.10/site-packages/airflow/example_dags/example_time_delta_sensor_async.py took 0.054 seconds
[2025-01-15T21:54:48.287+0000] {processor.py:157} INFO - Started process (PID=743) to work on /home/airflow/.local/lib/python3.10/site-packages/airflow/example_dags/example_time_delta_sensor_async.py
[2025-01-15T21:54:48.288+0000] {processor.py:829} INFO - Processing file /home/airflow/.local/lib/python3.10/site-packages/airflow/example_dags/example_time_delta_sensor_async.py for tasks to queue
[2025-01-15T21:54:48.290+0000] {logging_mixin.py:154} INFO - [2025-01-15T21:54:48.290+0000] {dagbag.py:536} INFO - Filling up the DagBag from /home/airflow/.local/lib/python3.10/site-packages/airflow/example_dags/example_time_delta_sensor_async.py
[2025-01-15T21:54:48.295+0000] {processor.py:839} INFO - DAG(s) dict_keys(['example_time_delta_sensor_async']) retrieved from /home/airflow/.local/lib/python3.10/site-packages/airflow/example_dags/example_time_delta_sensor_async.py
[2025-01-15T21:54:48.320+0000] {logging_mixin.py:154} INFO - [2025-01-15T21:54:48.320+0000] {dag.py:2941} INFO - Sync 1 DAGs
[2025-01-15T21:54:48.333+0000] {logging_mixin.py:154} INFO - [2025-01-15T21:54:48.332+0000] {dag.py:3722} INFO - Setting next_dagrun for example_time_delta_sensor_async to None, run_after=None
[2025-01-15T21:54:48.349+0000] {processor.py:179} INFO - Processing /home/airflow/.local/lib/python3.10/site-packages/airflow/example_dags/example_time_delta_sensor_async.py took 0.065 seconds
[2025-01-15T21:55:18.756+0000] {processor.py:157} INFO - Started process (PID=798) to work on /home/airflow/.local/lib/python3.10/site-packages/airflow/example_dags/example_time_delta_sensor_async.py
[2025-01-15T21:55:18.757+0000] {processor.py:829} INFO - Processing file /home/airflow/.local/lib/python3.10/site-packages/airflow/example_dags/example_time_delta_sensor_async.py for tasks to queue
[2025-01-15T21:55:18.760+0000] {logging_mixin.py:154} INFO - [2025-01-15T21:55:18.760+0000] {dagbag.py:536} INFO - Filling up the DagBag from /home/airflow/.local/lib/python3.10/site-packages/airflow/example_dags/example_time_delta_sensor_async.py
[2025-01-15T21:55:18.765+0000] {processor.py:839} INFO - DAG(s) dict_keys(['example_time_delta_sensor_async']) retrieved from /home/airflow/.local/lib/python3.10/site-packages/airflow/example_dags/example_time_delta_sensor_async.py
[2025-01-15T21:55:18.787+0000] {logging_mixin.py:154} INFO - [2025-01-15T21:55:18.786+0000] {dag.py:2941} INFO - Sync 1 DAGs
[2025-01-15T21:55:18.802+0000] {logging_mixin.py:154} INFO - [2025-01-15T21:55:18.801+0000] {dag.py:3722} INFO - Setting next_dagrun for example_time_delta_sensor_async to None, run_after=None
[2025-01-15T21:55:18.825+0000] {processor.py:179} INFO - Processing /home/airflow/.local/lib/python3.10/site-packages/airflow/example_dags/example_time_delta_sensor_async.py took 0.073 seconds
[2025-01-15T21:55:50.026+0000] {processor.py:157} INFO - Started process (PID=862) to work on /home/airflow/.local/lib/python3.10/site-packages/airflow/example_dags/example_time_delta_sensor_async.py
[2025-01-15T21:55:50.027+0000] {processor.py:829} INFO - Processing file /home/airflow/.local/lib/python3.10/site-packages/airflow/example_dags/example_time_delta_sensor_async.py for tasks to queue
[2025-01-15T21:55:50.030+0000] {logging_mixin.py:154} INFO - [2025-01-15T21:55:50.030+0000] {dagbag.py:536} INFO - Filling up the DagBag from /home/airflow/.local/lib/python3.10/site-packages/airflow/example_dags/example_time_delta_sensor_async.py
[2025-01-15T21:55:50.035+0000] {processor.py:839} INFO - DAG(s) dict_keys(['example_time_delta_sensor_async']) retrieved from /home/airflow/.local/lib/python3.10/site-packages/airflow/example_dags/example_time_delta_sensor_async.py
[2025-01-15T21:55:50.059+0000] {logging_mixin.py:154} INFO - [2025-01-15T21:55:50.059+0000] {dag.py:2941} INFO - Sync 1 DAGs
[2025-01-15T21:55:50.072+0000] {logging_mixin.py:154} INFO - [2025-01-15T21:55:50.072+0000] {dag.py:3722} INFO - Setting next_dagrun for example_time_delta_sensor_async to None, run_after=None
[2025-01-15T21:55:50.090+0000] {processor.py:179} INFO - Processing /home/airflow/.local/lib/python3.10/site-packages/airflow/example_dags/example_time_delta_sensor_async.py took 0.069 seconds
[2025-01-15T21:56:20.432+0000] {processor.py:157} INFO - Started process (PID=918) to work on /home/airflow/.local/lib/python3.10/site-packages/airflow/example_dags/example_time_delta_sensor_async.py
[2025-01-15T21:56:20.434+0000] {processor.py:829} INFO - Processing file /home/airflow/.local/lib/python3.10/site-packages/airflow/example_dags/example_time_delta_sensor_async.py for tasks to queue
[2025-01-15T21:56:20.436+0000] {logging_mixin.py:154} INFO - [2025-01-15T21:56:20.436+0000] {dagbag.py:536} INFO - Filling up the DagBag from /home/airflow/.local/lib/python3.10/site-packages/airflow/example_dags/example_time_delta_sensor_async.py
[2025-01-15T21:56:20.441+0000] {processor.py:839} INFO - DAG(s) dict_keys(['example_time_delta_sensor_async']) retrieved from /home/airflow/.local/lib/python3.10/site-packages/airflow/example_dags/example_time_delta_sensor_async.py
[2025-01-15T21:56:19.335+0000] {logging_mixin.py:154} INFO - [2025-01-15T21:56:19.334+0000] {dag.py:2941} INFO - Sync 1 DAGs
[2025-01-15T21:56:19.348+0000] {logging_mixin.py:154} INFO - [2025-01-15T21:56:19.348+0000] {dag.py:3722} INFO - Setting next_dagrun for example_time_delta_sensor_async to None, run_after=None
[2025-01-15T21:56:19.367+0000] {processor.py:179} INFO - Processing /home/airflow/.local/lib/python3.10/site-packages/airflow/example_dags/example_time_delta_sensor_async.py took 0.066 seconds
[2025-01-15T21:56:49.600+0000] {processor.py:157} INFO - Started process (PID=971) to work on /home/airflow/.local/lib/python3.10/site-packages/airflow/example_dags/example_time_delta_sensor_async.py
[2025-01-15T21:56:49.602+0000] {processor.py:829} INFO - Processing file /home/airflow/.local/lib/python3.10/site-packages/airflow/example_dags/example_time_delta_sensor_async.py for tasks to queue
[2025-01-15T21:56:49.605+0000] {logging_mixin.py:154} INFO - [2025-01-15T21:56:49.604+0000] {dagbag.py:536} INFO - Filling up the DagBag from /home/airflow/.local/lib/python3.10/site-packages/airflow/example_dags/example_time_delta_sensor_async.py
[2025-01-15T21:56:49.609+0000] {processor.py:839} INFO - DAG(s) dict_keys(['example_time_delta_sensor_async']) retrieved from /home/airflow/.local/lib/python3.10/site-packages/airflow/example_dags/example_time_delta_sensor_async.py
[2025-01-15T21:56:49.629+0000] {logging_mixin.py:154} INFO - [2025-01-15T21:56:49.629+0000] {dag.py:2941} INFO - Sync 1 DAGs
[2025-01-15T21:56:49.640+0000] {logging_mixin.py:154} INFO - [2025-01-15T21:56:49.640+0000] {dag.py:3722} INFO - Setting next_dagrun for example_time_delta_sensor_async to None, run_after=None
[2025-01-15T21:56:49.662+0000] {processor.py:179} INFO - Processing /home/airflow/.local/lib/python3.10/site-packages/airflow/example_dags/example_time_delta_sensor_async.py took 0.065 seconds
[2025-01-15T21:57:20.359+0000] {processor.py:157} INFO - Started process (PID=1028) to work on /home/airflow/.local/lib/python3.10/site-packages/airflow/example_dags/example_time_delta_sensor_async.py
[2025-01-15T21:57:20.360+0000] {processor.py:829} INFO - Processing file /home/airflow/.local/lib/python3.10/site-packages/airflow/example_dags/example_time_delta_sensor_async.py for tasks to queue
[2025-01-15T21:57:20.363+0000] {logging_mixin.py:154} INFO - [2025-01-15T21:57:20.362+0000] {dagbag.py:536} INFO - Filling up the DagBag from /home/airflow/.local/lib/python3.10/site-packages/airflow/example_dags/example_time_delta_sensor_async.py
[2025-01-15T21:57:20.367+0000] {processor.py:839} INFO - DAG(s) dict_keys(['example_time_delta_sensor_async']) retrieved from /home/airflow/.local/lib/python3.10/site-packages/airflow/example_dags/example_time_delta_sensor_async.py
[2025-01-15T21:57:20.388+0000] {logging_mixin.py:154} INFO - [2025-01-15T21:57:20.388+0000] {dag.py:2941} INFO - Sync 1 DAGs
[2025-01-15T21:57:20.399+0000] {logging_mixin.py:154} INFO - [2025-01-15T21:57:20.399+0000] {dag.py:3722} INFO - Setting next_dagrun for example_time_delta_sensor_async to None, run_after=None
[2025-01-15T21:57:20.416+0000] {processor.py:179} INFO - Processing /home/airflow/.local/lib/python3.10/site-packages/airflow/example_dags/example_time_delta_sensor_async.py took 0.059 seconds
[2025-01-15T21:57:50.835+0000] {processor.py:157} INFO - Started process (PID=1084) to work on /home/airflow/.local/lib/python3.10/site-packages/airflow/example_dags/example_time_delta_sensor_async.py
[2025-01-15T21:57:50.836+0000] {processor.py:829} INFO - Processing file /home/airflow/.local/lib/python3.10/site-packages/airflow/example_dags/example_time_delta_sensor_async.py for tasks to queue
[2025-01-15T21:57:50.838+0000] {logging_mixin.py:154} INFO - [2025-01-15T21:57:50.838+0000] {dagbag.py:536} INFO - Filling up the DagBag from /home/airflow/.local/lib/python3.10/site-packages/airflow/example_dags/example_time_delta_sensor_async.py
[2025-01-15T21:57:50.844+0000] {processor.py:839} INFO - DAG(s) dict_keys(['example_time_delta_sensor_async']) retrieved from /home/airflow/.local/lib/python3.10/site-packages/airflow/example_dags/example_time_delta_sensor_async.py
[2025-01-15T21:57:50.865+0000] {logging_mixin.py:154} INFO - [2025-01-15T21:57:50.864+0000] {dag.py:2941} INFO - Sync 1 DAGs
[2025-01-15T21:57:50.884+0000] {logging_mixin.py:154} INFO - [2025-01-15T21:57:50.884+0000] {dag.py:3722} INFO - Setting next_dagrun for example_time_delta_sensor_async to None, run_after=None
[2025-01-15T21:57:50.905+0000] {processor.py:179} INFO - Processing /home/airflow/.local/lib/python3.10/site-packages/airflow/example_dags/example_time_delta_sensor_async.py took 0.074 seconds
[2025-01-15T21:58:21.137+0000] {processor.py:157} INFO - Started process (PID=1139) to work on /home/airflow/.local/lib/python3.10/site-packages/airflow/example_dags/example_time_delta_sensor_async.py
[2025-01-15T21:58:21.138+0000] {processor.py:829} INFO - Processing file /home/airflow/.local/lib/python3.10/site-packages/airflow/example_dags/example_time_delta_sensor_async.py for tasks to queue
[2025-01-15T21:58:21.140+0000] {logging_mixin.py:154} INFO - [2025-01-15T21:58:21.140+0000] {dagbag.py:536} INFO - Filling up the DagBag from /home/airflow/.local/lib/python3.10/site-packages/airflow/example_dags/example_time_delta_sensor_async.py
[2025-01-15T21:58:21.145+0000] {processor.py:839} INFO - DAG(s) dict_keys(['example_time_delta_sensor_async']) retrieved from /home/airflow/.local/lib/python3.10/site-packages/airflow/example_dags/example_time_delta_sensor_async.py
[2025-01-15T21:58:21.165+0000] {logging_mixin.py:154} INFO - [2025-01-15T21:58:21.165+0000] {dag.py:2941} INFO - Sync 1 DAGs
[2025-01-15T21:58:21.177+0000] {logging_mixin.py:154} INFO - [2025-01-15T21:58:21.177+0000] {dag.py:3722} INFO - Setting next_dagrun for example_time_delta_sensor_async to None, run_after=None
[2025-01-15T21:58:21.192+0000] {processor.py:179} INFO - Processing /home/airflow/.local/lib/python3.10/site-packages/airflow/example_dags/example_time_delta_sensor_async.py took 0.059 seconds
[2025-01-15T21:58:51.428+0000] {processor.py:157} INFO - Started process (PID=1195) to work on /home/airflow/.local/lib/python3.10/site-packages/airflow/example_dags/example_time_delta_sensor_async.py
[2025-01-15T21:58:51.429+0000] {processor.py:829} INFO - Processing file /home/airflow/.local/lib/python3.10/site-packages/airflow/example_dags/example_time_delta_sensor_async.py for tasks to queue
[2025-01-15T21:58:51.431+0000] {logging_mixin.py:154} INFO - [2025-01-15T21:58:51.431+0000] {dagbag.py:536} INFO - Filling up the DagBag from /home/airflow/.local/lib/python3.10/site-packages/airflow/example_dags/example_time_delta_sensor_async.py
[2025-01-15T21:58:51.435+0000] {processor.py:839} INFO - DAG(s) dict_keys(['example_time_delta_sensor_async']) retrieved from /home/airflow/.local/lib/python3.10/site-packages/airflow/example_dags/example_time_delta_sensor_async.py
[2025-01-15T21:58:51.453+0000] {logging_mixin.py:154} INFO - [2025-01-15T21:58:51.453+0000] {dag.py:2941} INFO - Sync 1 DAGs
[2025-01-15T21:58:51.464+0000] {logging_mixin.py:154} INFO - [2025-01-15T21:58:51.463+0000] {dag.py:3722} INFO - Setting next_dagrun for example_time_delta_sensor_async to None, run_after=None
[2025-01-15T21:58:51.477+0000] {processor.py:179} INFO - Processing /home/airflow/.local/lib/python3.10/site-packages/airflow/example_dags/example_time_delta_sensor_async.py took 0.052 seconds
[2025-01-15T21:59:22.113+0000] {processor.py:157} INFO - Started process (PID=1251) to work on /home/airflow/.local/lib/python3.10/site-packages/airflow/example_dags/example_time_delta_sensor_async.py
[2025-01-15T21:59:22.114+0000] {processor.py:829} INFO - Processing file /home/airflow/.local/lib/python3.10/site-packages/airflow/example_dags/example_time_delta_sensor_async.py for tasks to queue
[2025-01-15T21:59:22.116+0000] {logging_mixin.py:154} INFO - [2025-01-15T21:59:22.116+0000] {dagbag.py:536} INFO - Filling up the DagBag from /home/airflow/.local/lib/python3.10/site-packages/airflow/example_dags/example_time_delta_sensor_async.py
[2025-01-15T21:59:22.122+0000] {processor.py:839} INFO - DAG(s) dict_keys(['example_time_delta_sensor_async']) retrieved from /home/airflow/.local/lib/python3.10/site-packages/airflow/example_dags/example_time_delta_sensor_async.py
[2025-01-15T21:59:22.151+0000] {logging_mixin.py:154} INFO - [2025-01-15T21:59:22.151+0000] {dag.py:2941} INFO - Sync 1 DAGs
[2025-01-15T21:59:22.169+0000] {logging_mixin.py:154} INFO - [2025-01-15T21:59:22.168+0000] {dag.py:3722} INFO - Setting next_dagrun for example_time_delta_sensor_async to None, run_after=None
[2025-01-15T21:59:22.196+0000] {processor.py:179} INFO - Processing /home/airflow/.local/lib/python3.10/site-packages/airflow/example_dags/example_time_delta_sensor_async.py took 0.086 seconds
[2025-01-15T21:59:52.839+0000] {processor.py:157} INFO - Started process (PID=1307) to work on /home/airflow/.local/lib/python3.10/site-packages/airflow/example_dags/example_time_delta_sensor_async.py
[2025-01-15T21:59:52.840+0000] {processor.py:829} INFO - Processing file /home/airflow/.local/lib/python3.10/site-packages/airflow/example_dags/example_time_delta_sensor_async.py for tasks to queue
[2025-01-15T21:59:52.842+0000] {logging_mixin.py:154} INFO - [2025-01-15T21:59:52.842+0000] {dagbag.py:536} INFO - Filling up the DagBag from /home/airflow/.local/lib/python3.10/site-packages/airflow/example_dags/example_time_delta_sensor_async.py
[2025-01-15T21:59:52.847+0000] {processor.py:839} INFO - DAG(s) dict_keys(['example_time_delta_sensor_async']) retrieved from /home/airflow/.local/lib/python3.10/site-packages/airflow/example_dags/example_time_delta_sensor_async.py
[2025-01-15T21:59:52.865+0000] {logging_mixin.py:154} INFO - [2025-01-15T21:59:52.865+0000] {dag.py:2941} INFO - Sync 1 DAGs
[2025-01-15T21:59:52.878+0000] {logging_mixin.py:154} INFO - [2025-01-15T21:59:52.878+0000] {dag.py:3722} INFO - Setting next_dagrun for example_time_delta_sensor_async to None, run_after=None
[2025-01-15T21:59:52.900+0000] {processor.py:179} INFO - Processing /home/airflow/.local/lib/python3.10/site-packages/airflow/example_dags/example_time_delta_sensor_async.py took 0.064 seconds
[2025-01-15T22:00:23.035+0000] {processor.py:157} INFO - Started process (PID=1363) to work on /home/airflow/.local/lib/python3.10/site-packages/airflow/example_dags/example_time_delta_sensor_async.py
[2025-01-15T22:00:23.036+0000] {processor.py:829} INFO - Processing file /home/airflow/.local/lib/python3.10/site-packages/airflow/example_dags/example_time_delta_sensor_async.py for tasks to queue
[2025-01-15T22:00:23.038+0000] {logging_mixin.py:154} INFO - [2025-01-15T22:00:23.038+0000] {dagbag.py:536} INFO - Filling up the DagBag from /home/airflow/.local/lib/python3.10/site-packages/airflow/example_dags/example_time_delta_sensor_async.py
[2025-01-15T22:00:23.043+0000] {processor.py:839} INFO - DAG(s) dict_keys(['example_time_delta_sensor_async']) retrieved from /home/airflow/.local/lib/python3.10/site-packages/airflow/example_dags/example_time_delta_sensor_async.py
[2025-01-15T22:00:23.064+0000] {logging_mixin.py:154} INFO - [2025-01-15T22:00:23.063+0000] {dag.py:2941} INFO - Sync 1 DAGs
[2025-01-15T22:00:23.225+0000] {logging_mixin.py:154} INFO - [2025-01-15T22:00:23.225+0000] {dag.py:3722} INFO - Setting next_dagrun for example_time_delta_sensor_async to None, run_after=None
[2025-01-15T22:00:23.240+0000] {processor.py:179} INFO - Processing /home/airflow/.local/lib/python3.10/site-packages/airflow/example_dags/example_time_delta_sensor_async.py took 0.209 seconds
[2025-01-15T22:00:53.400+0000] {processor.py:157} INFO - Started process (PID=1419) to work on /home/airflow/.local/lib/python3.10/site-packages/airflow/example_dags/example_time_delta_sensor_async.py
[2025-01-15T22:00:53.401+0000] {processor.py:829} INFO - Processing file /home/airflow/.local/lib/python3.10/site-packages/airflow/example_dags/example_time_delta_sensor_async.py for tasks to queue
[2025-01-15T22:00:53.404+0000] {logging_mixin.py:154} INFO - [2025-01-15T22:00:53.404+0000] {dagbag.py:536} INFO - Filling up the DagBag from /home/airflow/.local/lib/python3.10/site-packages/airflow/example_dags/example_time_delta_sensor_async.py
[2025-01-15T22:00:53.409+0000] {processor.py:839} INFO - DAG(s) dict_keys(['example_time_delta_sensor_async']) retrieved from /home/airflow/.local/lib/python3.10/site-packages/airflow/example_dags/example_time_delta_sensor_async.py
[2025-01-15T22:00:53.430+0000] {logging_mixin.py:154} INFO - [2025-01-15T22:00:53.430+0000] {dag.py:2941} INFO - Sync 1 DAGs
[2025-01-15T22:00:53.443+0000] {logging_mixin.py:154} INFO - [2025-01-15T22:00:53.443+0000] {dag.py:3722} INFO - Setting next_dagrun for example_time_delta_sensor_async to None, run_after=None
[2025-01-15T22:00:53.460+0000] {processor.py:179} INFO - Processing /home/airflow/.local/lib/python3.10/site-packages/airflow/example_dags/example_time_delta_sensor_async.py took 0.063 seconds
[2025-01-15T22:01:23.507+0000] {processor.py:157} INFO - Started process (PID=1475) to work on /home/airflow/.local/lib/python3.10/site-packages/airflow/example_dags/example_time_delta_sensor_async.py
[2025-01-15T22:01:23.508+0000] {processor.py:829} INFO - Processing file /home/airflow/.local/lib/python3.10/site-packages/airflow/example_dags/example_time_delta_sensor_async.py for tasks to queue
[2025-01-15T22:01:23.510+0000] {logging_mixin.py:154} INFO - [2025-01-15T22:01:23.510+0000] {dagbag.py:536} INFO - Filling up the DagBag from /home/airflow/.local/lib/python3.10/site-packages/airflow/example_dags/example_time_delta_sensor_async.py
[2025-01-15T22:01:23.514+0000] {processor.py:839} INFO - DAG(s) dict_keys(['example_time_delta_sensor_async']) retrieved from /home/airflow/.local/lib/python3.10/site-packages/airflow/example_dags/example_time_delta_sensor_async.py
[2025-01-15T22:01:23.531+0000] {logging_mixin.py:154} INFO - [2025-01-15T22:01:23.531+0000] {dag.py:2941} INFO - Sync 1 DAGs
[2025-01-15T22:01:23.543+0000] {logging_mixin.py:154} INFO - [2025-01-15T22:01:23.543+0000] {dag.py:3722} INFO - Setting next_dagrun for example_time_delta_sensor_async to None, run_after=None
[2025-01-15T22:01:23.563+0000] {processor.py:179} INFO - Processing /home/airflow/.local/lib/python3.10/site-packages/airflow/example_dags/example_time_delta_sensor_async.py took 0.059 seconds
[2025-01-15T22:01:54.095+0000] {processor.py:157} INFO - Started process (PID=1531) to work on /home/airflow/.local/lib/python3.10/site-packages/airflow/example_dags/example_time_delta_sensor_async.py
[2025-01-15T22:01:54.096+0000] {processor.py:829} INFO - Processing file /home/airflow/.local/lib/python3.10/site-packages/airflow/example_dags/example_time_delta_sensor_async.py for tasks to queue
[2025-01-15T22:01:54.098+0000] {logging_mixin.py:154} INFO - [2025-01-15T22:01:54.098+0000] {dagbag.py:536} INFO - Filling up the DagBag from /home/airflow/.local/lib/python3.10/site-packages/airflow/example_dags/example_time_delta_sensor_async.py
[2025-01-15T22:01:54.102+0000] {processor.py:839} INFO - DAG(s) dict_keys(['example_time_delta_sensor_async']) retrieved from /home/airflow/.local/lib/python3.10/site-packages/airflow/example_dags/example_time_delta_sensor_async.py
[2025-01-15T22:01:54.121+0000] {logging_mixin.py:154} INFO - [2025-01-15T22:01:54.121+0000] {dag.py:2941} INFO - Sync 1 DAGs
[2025-01-15T22:01:54.268+0000] {logging_mixin.py:154} INFO - [2025-01-15T22:01:54.268+0000] {dag.py:3722} INFO - Setting next_dagrun for example_time_delta_sensor_async to None, run_after=None
[2025-01-15T22:01:54.288+0000] {processor.py:179} INFO - Processing /home/airflow/.local/lib/python3.10/site-packages/airflow/example_dags/example_time_delta_sensor_async.py took 0.196 seconds
[2025-01-15T22:02:24.513+0000] {processor.py:157} INFO - Started process (PID=1589) to work on /home/airflow/.local/lib/python3.10/site-packages/airflow/example_dags/example_time_delta_sensor_async.py
[2025-01-15T22:02:24.514+0000] {processor.py:829} INFO - Processing file /home/airflow/.local/lib/python3.10/site-packages/airflow/example_dags/example_time_delta_sensor_async.py for tasks to queue
[2025-01-15T22:02:24.516+0000] {logging_mixin.py:154} INFO - [2025-01-15T22:02:24.516+0000] {dagbag.py:536} INFO - Filling up the DagBag from /home/airflow/.local/lib/python3.10/site-packages/airflow/example_dags/example_time_delta_sensor_async.py
[2025-01-15T22:02:24.521+0000] {processor.py:839} INFO - DAG(s) dict_keys(['example_time_delta_sensor_async']) retrieved from /home/airflow/.local/lib/python3.10/site-packages/airflow/example_dags/example_time_delta_sensor_async.py
[2025-01-15T22:02:24.538+0000] {logging_mixin.py:154} INFO - [2025-01-15T22:02:24.538+0000] {dag.py:2941} INFO - Sync 1 DAGs
[2025-01-15T22:02:24.550+0000] {logging_mixin.py:154} INFO - [2025-01-15T22:02:24.550+0000] {dag.py:3722} INFO - Setting next_dagrun for example_time_delta_sensor_async to None, run_after=None
[2025-01-15T22:02:24.702+0000] {processor.py:179} INFO - Processing /home/airflow/.local/lib/python3.10/site-packages/airflow/example_dags/example_time_delta_sensor_async.py took 0.192 seconds
[2025-01-15T22:02:55.277+0000] {processor.py:157} INFO - Started process (PID=1645) to work on /home/airflow/.local/lib/python3.10/site-packages/airflow/example_dags/example_time_delta_sensor_async.py
[2025-01-15T22:02:55.278+0000] {processor.py:829} INFO - Processing file /home/airflow/.local/lib/python3.10/site-packages/airflow/example_dags/example_time_delta_sensor_async.py for tasks to queue
[2025-01-15T22:02:55.282+0000] {logging_mixin.py:154} INFO - [2025-01-15T22:02:55.282+0000] {dagbag.py:536} INFO - Filling up the DagBag from /home/airflow/.local/lib/python3.10/site-packages/airflow/example_dags/example_time_delta_sensor_async.py
[2025-01-15T22:02:55.301+0000] {processor.py:839} INFO - DAG(s) dict_keys(['example_time_delta_sensor_async']) retrieved from /home/airflow/.local/lib/python3.10/site-packages/airflow/example_dags/example_time_delta_sensor_async.py
[2025-01-15T22:02:55.368+0000] {logging_mixin.py:154} INFO - [2025-01-15T22:02:55.368+0000] {dag.py:2941} INFO - Sync 1 DAGs
[2025-01-15T22:02:55.402+0000] {logging_mixin.py:154} INFO - [2025-01-15T22:02:55.402+0000] {dag.py:3722} INFO - Setting next_dagrun for example_time_delta_sensor_async to None, run_after=None
[2025-01-15T22:02:55.442+0000] {processor.py:179} INFO - Processing /home/airflow/.local/lib/python3.10/site-packages/airflow/example_dags/example_time_delta_sensor_async.py took 0.173 seconds
[2025-01-15T22:04:07.938+0000] {processor.py:157} INFO - Started process (PID=70) to work on /home/airflow/.local/lib/python3.10/site-packages/airflow/example_dags/example_time_delta_sensor_async.py
[2025-01-15T22:04:07.939+0000] {processor.py:829} INFO - Processing file /home/airflow/.local/lib/python3.10/site-packages/airflow/example_dags/example_time_delta_sensor_async.py for tasks to queue
[2025-01-15T22:04:07.942+0000] {logging_mixin.py:154} INFO - [2025-01-15T22:04:07.941+0000] {dagbag.py:536} INFO - Filling up the DagBag from /home/airflow/.local/lib/python3.10/site-packages/airflow/example_dags/example_time_delta_sensor_async.py
[2025-01-15T22:04:07.953+0000] {processor.py:839} INFO - DAG(s) dict_keys(['example_time_delta_sensor_async']) retrieved from /home/airflow/.local/lib/python3.10/site-packages/airflow/example_dags/example_time_delta_sensor_async.py
[2025-01-15T22:04:07.968+0000] {logging_mixin.py:154} INFO - [2025-01-15T22:04:07.967+0000] {dag.py:2941} INFO - Sync 1 DAGs
[2025-01-15T22:04:07.986+0000] {logging_mixin.py:154} INFO - [2025-01-15T22:04:07.986+0000] {dag.py:3722} INFO - Setting next_dagrun for example_time_delta_sensor_async to None, run_after=None
[2025-01-15T22:04:08.006+0000] {processor.py:179} INFO - Processing /home/airflow/.local/lib/python3.10/site-packages/airflow/example_dags/example_time_delta_sensor_async.py took 0.072 seconds
[2025-01-15T22:04:39.330+0000] {processor.py:157} INFO - Started process (PID=126) to work on /home/airflow/.local/lib/python3.10/site-packages/airflow/example_dags/example_time_delta_sensor_async.py
[2025-01-15T22:04:39.331+0000] {processor.py:829} INFO - Processing file /home/airflow/.local/lib/python3.10/site-packages/airflow/example_dags/example_time_delta_sensor_async.py for tasks to queue
[2025-01-15T22:04:39.334+0000] {logging_mixin.py:154} INFO - [2025-01-15T22:04:39.334+0000] {dagbag.py:536} INFO - Filling up the DagBag from /home/airflow/.local/lib/python3.10/site-packages/airflow/example_dags/example_time_delta_sensor_async.py
[2025-01-15T22:04:39.340+0000] {processor.py:839} INFO - DAG(s) dict_keys(['example_time_delta_sensor_async']) retrieved from /home/airflow/.local/lib/python3.10/site-packages/airflow/example_dags/example_time_delta_sensor_async.py
[2025-01-15T22:04:39.359+0000] {logging_mixin.py:154} INFO - [2025-01-15T22:04:39.359+0000] {dag.py:2941} INFO - Sync 1 DAGs
[2025-01-15T22:04:39.371+0000] {logging_mixin.py:154} INFO - [2025-01-15T22:04:39.371+0000] {dag.py:3722} INFO - Setting next_dagrun for example_time_delta_sensor_async to None, run_after=None
[2025-01-15T22:04:39.390+0000] {processor.py:179} INFO - Processing /home/airflow/.local/lib/python3.10/site-packages/airflow/example_dags/example_time_delta_sensor_async.py took 0.063 seconds
[2025-01-15T22:05:10.458+0000] {processor.py:157} INFO - Started process (PID=182) to work on /home/airflow/.local/lib/python3.10/site-packages/airflow/example_dags/example_time_delta_sensor_async.py
[2025-01-15T22:05:10.459+0000] {processor.py:829} INFO - Processing file /home/airflow/.local/lib/python3.10/site-packages/airflow/example_dags/example_time_delta_sensor_async.py for tasks to queue
[2025-01-15T22:05:10.462+0000] {logging_mixin.py:154} INFO - [2025-01-15T22:05:10.461+0000] {dagbag.py:536} INFO - Filling up the DagBag from /home/airflow/.local/lib/python3.10/site-packages/airflow/example_dags/example_time_delta_sensor_async.py
[2025-01-15T22:05:10.466+0000] {processor.py:839} INFO - DAG(s) dict_keys(['example_time_delta_sensor_async']) retrieved from /home/airflow/.local/lib/python3.10/site-packages/airflow/example_dags/example_time_delta_sensor_async.py
[2025-01-15T22:05:10.487+0000] {logging_mixin.py:154} INFO - [2025-01-15T22:05:10.486+0000] {dag.py:2941} INFO - Sync 1 DAGs
[2025-01-15T22:05:10.500+0000] {logging_mixin.py:154} INFO - [2025-01-15T22:05:10.499+0000] {dag.py:3722} INFO - Setting next_dagrun for example_time_delta_sensor_async to None, run_after=None
[2025-01-15T22:05:10.518+0000] {processor.py:179} INFO - Processing /home/airflow/.local/lib/python3.10/site-packages/airflow/example_dags/example_time_delta_sensor_async.py took 0.064 seconds
[2025-01-15T22:05:41.107+0000] {processor.py:157} INFO - Started process (PID=238) to work on /home/airflow/.local/lib/python3.10/site-packages/airflow/example_dags/example_time_delta_sensor_async.py
[2025-01-15T22:05:41.108+0000] {processor.py:829} INFO - Processing file /home/airflow/.local/lib/python3.10/site-packages/airflow/example_dags/example_time_delta_sensor_async.py for tasks to queue
[2025-01-15T22:05:41.110+0000] {logging_mixin.py:154} INFO - [2025-01-15T22:05:41.110+0000] {dagbag.py:536} INFO - Filling up the DagBag from /home/airflow/.local/lib/python3.10/site-packages/airflow/example_dags/example_time_delta_sensor_async.py
[2025-01-15T22:05:41.115+0000] {processor.py:839} INFO - DAG(s) dict_keys(['example_time_delta_sensor_async']) retrieved from /home/airflow/.local/lib/python3.10/site-packages/airflow/example_dags/example_time_delta_sensor_async.py
[2025-01-15T22:05:41.134+0000] {logging_mixin.py:154} INFO - [2025-01-15T22:05:41.134+0000] {dag.py:2941} INFO - Sync 1 DAGs
[2025-01-15T22:05:41.146+0000] {logging_mixin.py:154} INFO - [2025-01-15T22:05:41.146+0000] {dag.py:3722} INFO - Setting next_dagrun for example_time_delta_sensor_async to None, run_after=None
[2025-01-15T22:05:41.164+0000] {processor.py:179} INFO - Processing /home/airflow/.local/lib/python3.10/site-packages/airflow/example_dags/example_time_delta_sensor_async.py took 0.060 seconds
[2025-01-15T22:06:11.548+0000] {processor.py:157} INFO - Started process (PID=294) to work on /home/airflow/.local/lib/python3.10/site-packages/airflow/example_dags/example_time_delta_sensor_async.py
[2025-01-15T22:06:11.549+0000] {processor.py:829} INFO - Processing file /home/airflow/.local/lib/python3.10/site-packages/airflow/example_dags/example_time_delta_sensor_async.py for tasks to queue
[2025-01-15T22:06:11.551+0000] {logging_mixin.py:154} INFO - [2025-01-15T22:06:11.550+0000] {dagbag.py:536} INFO - Filling up the DagBag from /home/airflow/.local/lib/python3.10/site-packages/airflow/example_dags/example_time_delta_sensor_async.py
[2025-01-15T22:06:11.555+0000] {processor.py:839} INFO - DAG(s) dict_keys(['example_time_delta_sensor_async']) retrieved from /home/airflow/.local/lib/python3.10/site-packages/airflow/example_dags/example_time_delta_sensor_async.py
[2025-01-15T22:06:11.577+0000] {logging_mixin.py:154} INFO - [2025-01-15T22:06:11.576+0000] {dag.py:2941} INFO - Sync 1 DAGs
[2025-01-15T22:06:11.591+0000] {logging_mixin.py:154} INFO - [2025-01-15T22:06:11.591+0000] {dag.py:3722} INFO - Setting next_dagrun for example_time_delta_sensor_async to None, run_after=None
[2025-01-15T22:06:11.613+0000] {processor.py:179} INFO - Processing /home/airflow/.local/lib/python3.10/site-packages/airflow/example_dags/example_time_delta_sensor_async.py took 0.068 seconds
[2025-01-15T22:06:41.977+0000] {processor.py:157} INFO - Started process (PID=348) to work on /home/airflow/.local/lib/python3.10/site-packages/airflow/example_dags/example_time_delta_sensor_async.py
[2025-01-15T22:06:41.978+0000] {processor.py:829} INFO - Processing file /home/airflow/.local/lib/python3.10/site-packages/airflow/example_dags/example_time_delta_sensor_async.py for tasks to queue
[2025-01-15T22:06:41.980+0000] {logging_mixin.py:154} INFO - [2025-01-15T22:06:41.980+0000] {dagbag.py:536} INFO - Filling up the DagBag from /home/airflow/.local/lib/python3.10/site-packages/airflow/example_dags/example_time_delta_sensor_async.py
[2025-01-15T22:06:41.984+0000] {processor.py:839} INFO - DAG(s) dict_keys(['example_time_delta_sensor_async']) retrieved from /home/airflow/.local/lib/python3.10/site-packages/airflow/example_dags/example_time_delta_sensor_async.py
[2025-01-15T22:06:42.005+0000] {logging_mixin.py:154} INFO - [2025-01-15T22:06:42.004+0000] {dag.py:2941} INFO - Sync 1 DAGs
[2025-01-15T22:06:42.019+0000] {logging_mixin.py:154} INFO - [2025-01-15T22:06:42.018+0000] {dag.py:3722} INFO - Setting next_dagrun for example_time_delta_sensor_async to None, run_after=None
[2025-01-15T22:06:42.037+0000] {processor.py:179} INFO - Processing /home/airflow/.local/lib/python3.10/site-packages/airflow/example_dags/example_time_delta_sensor_async.py took 0.064 seconds
[2025-01-15T22:07:12.673+0000] {processor.py:157} INFO - Started process (PID=404) to work on /home/airflow/.local/lib/python3.10/site-packages/airflow/example_dags/example_time_delta_sensor_async.py
[2025-01-15T22:07:12.674+0000] {processor.py:829} INFO - Processing file /home/airflow/.local/lib/python3.10/site-packages/airflow/example_dags/example_time_delta_sensor_async.py for tasks to queue
[2025-01-15T22:07:12.676+0000] {logging_mixin.py:154} INFO - [2025-01-15T22:07:12.676+0000] {dagbag.py:536} INFO - Filling up the DagBag from /home/airflow/.local/lib/python3.10/site-packages/airflow/example_dags/example_time_delta_sensor_async.py
[2025-01-15T22:07:12.680+0000] {processor.py:839} INFO - DAG(s) dict_keys(['example_time_delta_sensor_async']) retrieved from /home/airflow/.local/lib/python3.10/site-packages/airflow/example_dags/example_time_delta_sensor_async.py
[2025-01-15T22:07:12.700+0000] {logging_mixin.py:154} INFO - [2025-01-15T22:07:12.700+0000] {dag.py:2941} INFO - Sync 1 DAGs
[2025-01-15T22:07:12.713+0000] {logging_mixin.py:154} INFO - [2025-01-15T22:07:12.712+0000] {dag.py:3722} INFO - Setting next_dagrun for example_time_delta_sensor_async to None, run_after=None
[2025-01-15T22:07:12.732+0000] {processor.py:179} INFO - Processing /home/airflow/.local/lib/python3.10/site-packages/airflow/example_dags/example_time_delta_sensor_async.py took 0.062 seconds
[2025-01-15T22:08:33.327+0000] {processor.py:157} INFO - Started process (PID=72) to work on /home/airflow/.local/lib/python3.10/site-packages/airflow/example_dags/example_time_delta_sensor_async.py
[2025-01-15T22:08:33.329+0000] {processor.py:829} INFO - Processing file /home/airflow/.local/lib/python3.10/site-packages/airflow/example_dags/example_time_delta_sensor_async.py for tasks to queue
[2025-01-15T22:08:33.331+0000] {logging_mixin.py:154} INFO - [2025-01-15T22:08:33.331+0000] {dagbag.py:536} INFO - Filling up the DagBag from /home/airflow/.local/lib/python3.10/site-packages/airflow/example_dags/example_time_delta_sensor_async.py
[2025-01-15T22:08:33.340+0000] {processor.py:839} INFO - DAG(s) dict_keys(['example_time_delta_sensor_async']) retrieved from /home/airflow/.local/lib/python3.10/site-packages/airflow/example_dags/example_time_delta_sensor_async.py
[2025-01-15T22:08:33.353+0000] {logging_mixin.py:154} INFO - [2025-01-15T22:08:33.352+0000] {dag.py:2941} INFO - Sync 1 DAGs
[2025-01-15T22:08:33.367+0000] {logging_mixin.py:154} INFO - [2025-01-15T22:08:33.367+0000] {dag.py:3722} INFO - Setting next_dagrun for example_time_delta_sensor_async to None, run_after=None
[2025-01-15T22:08:33.387+0000] {processor.py:179} INFO - Processing /home/airflow/.local/lib/python3.10/site-packages/airflow/example_dags/example_time_delta_sensor_async.py took 0.063 seconds
[2025-01-15T22:09:04.543+0000] {processor.py:157} INFO - Started process (PID=128) to work on /home/airflow/.local/lib/python3.10/site-packages/airflow/example_dags/example_time_delta_sensor_async.py
[2025-01-15T22:09:04.544+0000] {processor.py:829} INFO - Processing file /home/airflow/.local/lib/python3.10/site-packages/airflow/example_dags/example_time_delta_sensor_async.py for tasks to queue
[2025-01-15T22:09:04.546+0000] {logging_mixin.py:154} INFO - [2025-01-15T22:09:04.546+0000] {dagbag.py:536} INFO - Filling up the DagBag from /home/airflow/.local/lib/python3.10/site-packages/airflow/example_dags/example_time_delta_sensor_async.py
[2025-01-15T22:09:04.551+0000] {processor.py:839} INFO - DAG(s) dict_keys(['example_time_delta_sensor_async']) retrieved from /home/airflow/.local/lib/python3.10/site-packages/airflow/example_dags/example_time_delta_sensor_async.py
[2025-01-15T22:09:04.570+0000] {logging_mixin.py:154} INFO - [2025-01-15T22:09:04.570+0000] {dag.py:2941} INFO - Sync 1 DAGs
[2025-01-15T22:09:04.583+0000] {logging_mixin.py:154} INFO - [2025-01-15T22:09:04.582+0000] {dag.py:3722} INFO - Setting next_dagrun for example_time_delta_sensor_async to None, run_after=None
[2025-01-15T22:09:04.602+0000] {processor.py:179} INFO - Processing /home/airflow/.local/lib/python3.10/site-packages/airflow/example_dags/example_time_delta_sensor_async.py took 0.062 seconds
