[2025-01-15T21:48:41.034+0000] {processor.py:157} INFO - Started process (PID=97) to work on /home/airflow/.local/lib/python3.10/site-packages/airflow/example_dags/example_xcom.py
[2025-01-15T21:48:41.035+0000] {processor.py:829} INFO - Processing file /home/airflow/.local/lib/python3.10/site-packages/airflow/example_dags/example_xcom.py for tasks to queue
[2025-01-15T21:48:41.037+0000] {logging_mixin.py:154} INFO - [2025-01-15T21:48:41.037+0000] {dagbag.py:536} INFO - Filling up the DagBag from /home/airflow/.local/lib/python3.10/site-packages/airflow/example_dags/example_xcom.py
[2025-01-15T21:48:41.048+0000] {processor.py:839} INFO - DAG(s) dict_keys(['example_xcom']) retrieved from /home/airflow/.local/lib/python3.10/site-packages/airflow/example_dags/example_xcom.py
[2025-01-15T21:48:41.063+0000] {logging_mixin.py:154} INFO - [2025-01-15T21:48:41.062+0000] {dag.py:2941} INFO - Sync 1 DAGs
[2025-01-15T21:48:41.100+0000] {logging_mixin.py:154} INFO - [2025-01-15T21:48:41.100+0000] {dag.py:3722} INFO - Setting next_dagrun for example_xcom to 2021-01-01T00:00:00+00:00, run_after=2021-01-01T00:00:00+00:00
[2025-01-15T21:48:41.126+0000] {processor.py:179} INFO - Processing /home/airflow/.local/lib/python3.10/site-packages/airflow/example_dags/example_xcom.py took 0.096 seconds
[2025-01-15T21:49:11.388+0000] {processor.py:157} INFO - Started process (PID=153) to work on /home/airflow/.local/lib/python3.10/site-packages/airflow/example_dags/example_xcom.py
[2025-01-15T21:49:11.389+0000] {processor.py:829} INFO - Processing file /home/airflow/.local/lib/python3.10/site-packages/airflow/example_dags/example_xcom.py for tasks to queue
[2025-01-15T21:49:11.391+0000] {logging_mixin.py:154} INFO - [2025-01-15T21:49:11.391+0000] {dagbag.py:536} INFO - Filling up the DagBag from /home/airflow/.local/lib/python3.10/site-packages/airflow/example_dags/example_xcom.py
[2025-01-15T21:49:11.397+0000] {processor.py:839} INFO - DAG(s) dict_keys(['example_xcom']) retrieved from /home/airflow/.local/lib/python3.10/site-packages/airflow/example_dags/example_xcom.py
[2025-01-15T21:49:11.416+0000] {logging_mixin.py:154} INFO - [2025-01-15T21:49:11.416+0000] {dag.py:2941} INFO - Sync 1 DAGs
[2025-01-15T21:49:11.436+0000] {logging_mixin.py:154} INFO - [2025-01-15T21:49:11.435+0000] {dag.py:3722} INFO - Setting next_dagrun for example_xcom to 2021-01-01T00:00:00+00:00, run_after=2021-01-01T00:00:00+00:00
[2025-01-15T21:49:11.451+0000] {processor.py:179} INFO - Processing /home/airflow/.local/lib/python3.10/site-packages/airflow/example_dags/example_xcom.py took 0.066 seconds
[2025-01-15T21:49:42.059+0000] {processor.py:157} INFO - Started process (PID=209) to work on /home/airflow/.local/lib/python3.10/site-packages/airflow/example_dags/example_xcom.py
[2025-01-15T21:49:42.059+0000] {processor.py:829} INFO - Processing file /home/airflow/.local/lib/python3.10/site-packages/airflow/example_dags/example_xcom.py for tasks to queue
[2025-01-15T21:49:42.061+0000] {logging_mixin.py:154} INFO - [2025-01-15T21:49:42.061+0000] {dagbag.py:536} INFO - Filling up the DagBag from /home/airflow/.local/lib/python3.10/site-packages/airflow/example_dags/example_xcom.py
[2025-01-15T21:49:42.068+0000] {processor.py:839} INFO - DAG(s) dict_keys(['example_xcom']) retrieved from /home/airflow/.local/lib/python3.10/site-packages/airflow/example_dags/example_xcom.py
[2025-01-15T21:49:42.087+0000] {logging_mixin.py:154} INFO - [2025-01-15T21:49:42.087+0000] {dag.py:2941} INFO - Sync 1 DAGs
[2025-01-15T21:49:42.107+0000] {logging_mixin.py:154} INFO - [2025-01-15T21:49:42.106+0000] {dag.py:3722} INFO - Setting next_dagrun for example_xcom to 2021-01-01T00:00:00+00:00, run_after=2021-01-01T00:00:00+00:00
[2025-01-15T21:49:42.123+0000] {processor.py:179} INFO - Processing /home/airflow/.local/lib/python3.10/site-packages/airflow/example_dags/example_xcom.py took 0.068 seconds
[2025-01-15T21:50:12.938+0000] {processor.py:157} INFO - Started process (PID=266) to work on /home/airflow/.local/lib/python3.10/site-packages/airflow/example_dags/example_xcom.py
[2025-01-15T21:50:12.939+0000] {processor.py:829} INFO - Processing file /home/airflow/.local/lib/python3.10/site-packages/airflow/example_dags/example_xcom.py for tasks to queue
[2025-01-15T21:50:12.941+0000] {logging_mixin.py:154} INFO - [2025-01-15T21:50:12.940+0000] {dagbag.py:536} INFO - Filling up the DagBag from /home/airflow/.local/lib/python3.10/site-packages/airflow/example_dags/example_xcom.py
[2025-01-15T21:50:12.946+0000] {processor.py:839} INFO - DAG(s) dict_keys(['example_xcom']) retrieved from /home/airflow/.local/lib/python3.10/site-packages/airflow/example_dags/example_xcom.py
[2025-01-15T21:50:12.963+0000] {logging_mixin.py:154} INFO - [2025-01-15T21:50:12.963+0000] {dag.py:2941} INFO - Sync 1 DAGs
[2025-01-15T21:50:12.981+0000] {logging_mixin.py:154} INFO - [2025-01-15T21:50:12.981+0000] {dag.py:3722} INFO - Setting next_dagrun for example_xcom to 2021-01-01T00:00:00+00:00, run_after=2021-01-01T00:00:00+00:00
[2025-01-15T21:50:12.997+0000] {processor.py:179} INFO - Processing /home/airflow/.local/lib/python3.10/site-packages/airflow/example_dags/example_xcom.py took 0.062 seconds
[2025-01-15T21:50:43.629+0000] {processor.py:157} INFO - Started process (PID=322) to work on /home/airflow/.local/lib/python3.10/site-packages/airflow/example_dags/example_xcom.py
[2025-01-15T21:50:43.630+0000] {processor.py:829} INFO - Processing file /home/airflow/.local/lib/python3.10/site-packages/airflow/example_dags/example_xcom.py for tasks to queue
[2025-01-15T21:50:43.632+0000] {logging_mixin.py:154} INFO - [2025-01-15T21:50:43.632+0000] {dagbag.py:536} INFO - Filling up the DagBag from /home/airflow/.local/lib/python3.10/site-packages/airflow/example_dags/example_xcom.py
[2025-01-15T21:50:43.639+0000] {processor.py:839} INFO - DAG(s) dict_keys(['example_xcom']) retrieved from /home/airflow/.local/lib/python3.10/site-packages/airflow/example_dags/example_xcom.py
[2025-01-15T21:50:43.660+0000] {logging_mixin.py:154} INFO - [2025-01-15T21:50:43.660+0000] {dag.py:2941} INFO - Sync 1 DAGs
[2025-01-15T21:50:43.683+0000] {logging_mixin.py:154} INFO - [2025-01-15T21:50:43.683+0000] {dag.py:3722} INFO - Setting next_dagrun for example_xcom to 2021-01-01T00:00:00+00:00, run_after=2021-01-01T00:00:00+00:00
[2025-01-15T21:50:43.702+0000] {processor.py:179} INFO - Processing /home/airflow/.local/lib/python3.10/site-packages/airflow/example_dags/example_xcom.py took 0.076 seconds
[2025-01-15T21:51:13.830+0000] {processor.py:157} INFO - Started process (PID=378) to work on /home/airflow/.local/lib/python3.10/site-packages/airflow/example_dags/example_xcom.py
[2025-01-15T21:51:13.831+0000] {processor.py:829} INFO - Processing file /home/airflow/.local/lib/python3.10/site-packages/airflow/example_dags/example_xcom.py for tasks to queue
[2025-01-15T21:51:13.834+0000] {logging_mixin.py:154} INFO - [2025-01-15T21:51:13.834+0000] {dagbag.py:536} INFO - Filling up the DagBag from /home/airflow/.local/lib/python3.10/site-packages/airflow/example_dags/example_xcom.py
[2025-01-15T21:51:13.843+0000] {processor.py:839} INFO - DAG(s) dict_keys(['example_xcom']) retrieved from /home/airflow/.local/lib/python3.10/site-packages/airflow/example_dags/example_xcom.py
[2025-01-15T21:51:13.866+0000] {logging_mixin.py:154} INFO - [2025-01-15T21:51:13.866+0000] {dag.py:2941} INFO - Sync 1 DAGs
[2025-01-15T21:51:13.888+0000] {logging_mixin.py:154} INFO - [2025-01-15T21:51:13.888+0000] {dag.py:3722} INFO - Setting next_dagrun for example_xcom to 2021-01-01T00:00:00+00:00, run_after=2021-01-01T00:00:00+00:00
[2025-01-15T21:51:13.907+0000] {processor.py:179} INFO - Processing /home/airflow/.local/lib/python3.10/site-packages/airflow/example_dags/example_xcom.py took 0.080 seconds
[2025-01-15T21:51:44.046+0000] {processor.py:157} INFO - Started process (PID=434) to work on /home/airflow/.local/lib/python3.10/site-packages/airflow/example_dags/example_xcom.py
[2025-01-15T21:51:44.046+0000] {processor.py:829} INFO - Processing file /home/airflow/.local/lib/python3.10/site-packages/airflow/example_dags/example_xcom.py for tasks to queue
[2025-01-15T21:51:44.048+0000] {logging_mixin.py:154} INFO - [2025-01-15T21:51:44.048+0000] {dagbag.py:536} INFO - Filling up the DagBag from /home/airflow/.local/lib/python3.10/site-packages/airflow/example_dags/example_xcom.py
[2025-01-15T21:51:44.054+0000] {processor.py:839} INFO - DAG(s) dict_keys(['example_xcom']) retrieved from /home/airflow/.local/lib/python3.10/site-packages/airflow/example_dags/example_xcom.py
[2025-01-15T21:51:44.072+0000] {logging_mixin.py:154} INFO - [2025-01-15T21:51:44.072+0000] {dag.py:2941} INFO - Sync 1 DAGs
[2025-01-15T21:51:44.090+0000] {logging_mixin.py:154} INFO - [2025-01-15T21:51:44.090+0000] {dag.py:3722} INFO - Setting next_dagrun for example_xcom to 2021-01-01T00:00:00+00:00, run_after=2021-01-01T00:00:00+00:00
[2025-01-15T21:51:44.103+0000] {processor.py:179} INFO - Processing /home/airflow/.local/lib/python3.10/site-packages/airflow/example_dags/example_xcom.py took 0.061 seconds
[2025-01-15T21:52:15.018+0000] {processor.py:157} INFO - Started process (PID=490) to work on /home/airflow/.local/lib/python3.10/site-packages/airflow/example_dags/example_xcom.py
[2025-01-15T21:52:15.019+0000] {processor.py:829} INFO - Processing file /home/airflow/.local/lib/python3.10/site-packages/airflow/example_dags/example_xcom.py for tasks to queue
[2025-01-15T21:52:15.021+0000] {logging_mixin.py:154} INFO - [2025-01-15T21:52:15.021+0000] {dagbag.py:536} INFO - Filling up the DagBag from /home/airflow/.local/lib/python3.10/site-packages/airflow/example_dags/example_xcom.py
[2025-01-15T21:52:15.027+0000] {processor.py:839} INFO - DAG(s) dict_keys(['example_xcom']) retrieved from /home/airflow/.local/lib/python3.10/site-packages/airflow/example_dags/example_xcom.py
[2025-01-15T21:52:15.046+0000] {logging_mixin.py:154} INFO - [2025-01-15T21:52:15.046+0000] {dag.py:2941} INFO - Sync 1 DAGs
[2025-01-15T21:52:15.064+0000] {logging_mixin.py:154} INFO - [2025-01-15T21:52:15.064+0000] {dag.py:3722} INFO - Setting next_dagrun for example_xcom to 2021-01-01T00:00:00+00:00, run_after=2021-01-01T00:00:00+00:00
[2025-01-15T21:52:15.082+0000] {processor.py:179} INFO - Processing /home/airflow/.local/lib/python3.10/site-packages/airflow/example_dags/example_xcom.py took 0.067 seconds
[2025-01-15T21:52:45.879+0000] {processor.py:157} INFO - Started process (PID=546) to work on /home/airflow/.local/lib/python3.10/site-packages/airflow/example_dags/example_xcom.py
[2025-01-15T21:52:45.880+0000] {processor.py:829} INFO - Processing file /home/airflow/.local/lib/python3.10/site-packages/airflow/example_dags/example_xcom.py for tasks to queue
[2025-01-15T21:52:45.882+0000] {logging_mixin.py:154} INFO - [2025-01-15T21:52:45.882+0000] {dagbag.py:536} INFO - Filling up the DagBag from /home/airflow/.local/lib/python3.10/site-packages/airflow/example_dags/example_xcom.py
[2025-01-15T21:52:45.889+0000] {processor.py:839} INFO - DAG(s) dict_keys(['example_xcom']) retrieved from /home/airflow/.local/lib/python3.10/site-packages/airflow/example_dags/example_xcom.py
[2025-01-15T21:52:45.908+0000] {logging_mixin.py:154} INFO - [2025-01-15T21:52:45.908+0000] {dag.py:2941} INFO - Sync 1 DAGs
[2025-01-15T21:52:45.928+0000] {logging_mixin.py:154} INFO - [2025-01-15T21:52:45.928+0000] {dag.py:3722} INFO - Setting next_dagrun for example_xcom to 2021-01-01T00:00:00+00:00, run_after=2021-01-01T00:00:00+00:00
[2025-01-15T21:52:45.946+0000] {processor.py:179} INFO - Processing /home/airflow/.local/lib/python3.10/site-packages/airflow/example_dags/example_xcom.py took 0.069 seconds
[2025-01-15T21:53:16.773+0000] {processor.py:157} INFO - Started process (PID=602) to work on /home/airflow/.local/lib/python3.10/site-packages/airflow/example_dags/example_xcom.py
[2025-01-15T21:53:16.774+0000] {processor.py:829} INFO - Processing file /home/airflow/.local/lib/python3.10/site-packages/airflow/example_dags/example_xcom.py for tasks to queue
[2025-01-15T21:53:16.776+0000] {logging_mixin.py:154} INFO - [2025-01-15T21:53:16.776+0000] {dagbag.py:536} INFO - Filling up the DagBag from /home/airflow/.local/lib/python3.10/site-packages/airflow/example_dags/example_xcom.py
[2025-01-15T21:53:16.783+0000] {processor.py:839} INFO - DAG(s) dict_keys(['example_xcom']) retrieved from /home/airflow/.local/lib/python3.10/site-packages/airflow/example_dags/example_xcom.py
[2025-01-15T21:53:16.803+0000] {logging_mixin.py:154} INFO - [2025-01-15T21:53:16.803+0000] {dag.py:2941} INFO - Sync 1 DAGs
[2025-01-15T21:53:16.825+0000] {logging_mixin.py:154} INFO - [2025-01-15T21:53:16.825+0000] {dag.py:3722} INFO - Setting next_dagrun for example_xcom to 2021-01-01T00:00:00+00:00, run_after=2021-01-01T00:00:00+00:00
[2025-01-15T21:53:16.843+0000] {processor.py:179} INFO - Processing /home/airflow/.local/lib/python3.10/site-packages/airflow/example_dags/example_xcom.py took 0.072 seconds
[2025-01-15T21:53:48.089+0000] {processor.py:157} INFO - Started process (PID=658) to work on /home/airflow/.local/lib/python3.10/site-packages/airflow/example_dags/example_xcom.py
[2025-01-15T21:53:48.090+0000] {processor.py:829} INFO - Processing file /home/airflow/.local/lib/python3.10/site-packages/airflow/example_dags/example_xcom.py for tasks to queue
[2025-01-15T21:53:48.092+0000] {logging_mixin.py:154} INFO - [2025-01-15T21:53:48.092+0000] {dagbag.py:536} INFO - Filling up the DagBag from /home/airflow/.local/lib/python3.10/site-packages/airflow/example_dags/example_xcom.py
[2025-01-15T21:53:48.099+0000] {processor.py:839} INFO - DAG(s) dict_keys(['example_xcom']) retrieved from /home/airflow/.local/lib/python3.10/site-packages/airflow/example_dags/example_xcom.py
[2025-01-15T21:53:48.119+0000] {logging_mixin.py:154} INFO - [2025-01-15T21:53:48.119+0000] {dag.py:2941} INFO - Sync 1 DAGs
[2025-01-15T21:53:48.139+0000] {logging_mixin.py:154} INFO - [2025-01-15T21:53:48.139+0000] {dag.py:3722} INFO - Setting next_dagrun for example_xcom to 2021-01-01T00:00:00+00:00, run_after=2021-01-01T00:00:00+00:00
[2025-01-15T21:53:48.156+0000] {processor.py:179} INFO - Processing /home/airflow/.local/lib/python3.10/site-packages/airflow/example_dags/example_xcom.py took 0.070 seconds
[2025-01-15T21:54:18.911+0000] {processor.py:157} INFO - Started process (PID=714) to work on /home/airflow/.local/lib/python3.10/site-packages/airflow/example_dags/example_xcom.py
[2025-01-15T21:54:18.911+0000] {processor.py:829} INFO - Processing file /home/airflow/.local/lib/python3.10/site-packages/airflow/example_dags/example_xcom.py for tasks to queue
[2025-01-15T21:54:18.914+0000] {logging_mixin.py:154} INFO - [2025-01-15T21:54:18.913+0000] {dagbag.py:536} INFO - Filling up the DagBag from /home/airflow/.local/lib/python3.10/site-packages/airflow/example_dags/example_xcom.py
[2025-01-15T21:54:18.920+0000] {processor.py:839} INFO - DAG(s) dict_keys(['example_xcom']) retrieved from /home/airflow/.local/lib/python3.10/site-packages/airflow/example_dags/example_xcom.py
[2025-01-15T21:54:18.939+0000] {logging_mixin.py:154} INFO - [2025-01-15T21:54:18.939+0000] {dag.py:2941} INFO - Sync 1 DAGs
[2025-01-15T21:54:18.959+0000] {logging_mixin.py:154} INFO - [2025-01-15T21:54:18.959+0000] {dag.py:3722} INFO - Setting next_dagrun for example_xcom to 2021-01-01T00:00:00+00:00, run_after=2021-01-01T00:00:00+00:00
[2025-01-15T21:54:18.974+0000] {processor.py:179} INFO - Processing /home/airflow/.local/lib/python3.10/site-packages/airflow/example_dags/example_xcom.py took 0.067 seconds
[2025-01-15T21:54:50.024+0000] {processor.py:157} INFO - Started process (PID=770) to work on /home/airflow/.local/lib/python3.10/site-packages/airflow/example_dags/example_xcom.py
[2025-01-15T21:54:50.025+0000] {processor.py:829} INFO - Processing file /home/airflow/.local/lib/python3.10/site-packages/airflow/example_dags/example_xcom.py for tasks to queue
[2025-01-15T21:54:50.027+0000] {logging_mixin.py:154} INFO - [2025-01-15T21:54:50.027+0000] {dagbag.py:536} INFO - Filling up the DagBag from /home/airflow/.local/lib/python3.10/site-packages/airflow/example_dags/example_xcom.py
[2025-01-15T21:54:50.033+0000] {processor.py:839} INFO - DAG(s) dict_keys(['example_xcom']) retrieved from /home/airflow/.local/lib/python3.10/site-packages/airflow/example_dags/example_xcom.py
[2025-01-15T21:54:50.052+0000] {logging_mixin.py:154} INFO - [2025-01-15T21:54:50.052+0000] {dag.py:2941} INFO - Sync 1 DAGs
[2025-01-15T21:54:50.072+0000] {logging_mixin.py:154} INFO - [2025-01-15T21:54:50.072+0000] {dag.py:3722} INFO - Setting next_dagrun for example_xcom to 2021-01-01T00:00:00+00:00, run_after=2021-01-01T00:00:00+00:00
[2025-01-15T21:54:50.089+0000] {processor.py:179} INFO - Processing /home/airflow/.local/lib/python3.10/site-packages/airflow/example_dags/example_xcom.py took 0.067 seconds
[2025-01-15T21:55:20.468+0000] {processor.py:157} INFO - Started process (PID=826) to work on /home/airflow/.local/lib/python3.10/site-packages/airflow/example_dags/example_xcom.py
[2025-01-15T21:55:20.469+0000] {processor.py:829} INFO - Processing file /home/airflow/.local/lib/python3.10/site-packages/airflow/example_dags/example_xcom.py for tasks to queue
[2025-01-15T21:55:20.470+0000] {logging_mixin.py:154} INFO - [2025-01-15T21:55:20.470+0000] {dagbag.py:536} INFO - Filling up the DagBag from /home/airflow/.local/lib/python3.10/site-packages/airflow/example_dags/example_xcom.py
[2025-01-15T21:55:20.476+0000] {processor.py:839} INFO - DAG(s) dict_keys(['example_xcom']) retrieved from /home/airflow/.local/lib/python3.10/site-packages/airflow/example_dags/example_xcom.py
[2025-01-15T21:55:20.495+0000] {logging_mixin.py:154} INFO - [2025-01-15T21:55:20.495+0000] {dag.py:2941} INFO - Sync 1 DAGs
[2025-01-15T21:55:20.513+0000] {logging_mixin.py:154} INFO - [2025-01-15T21:55:20.513+0000] {dag.py:3722} INFO - Setting next_dagrun for example_xcom to 2021-01-01T00:00:00+00:00, run_after=2021-01-01T00:00:00+00:00
[2025-01-15T21:55:20.684+0000] {processor.py:179} INFO - Processing /home/airflow/.local/lib/python3.10/site-packages/airflow/example_dags/example_xcom.py took 0.219 seconds
[2025-01-15T21:55:50.578+0000] {processor.py:157} INFO - Started process (PID=889) to work on /home/airflow/.local/lib/python3.10/site-packages/airflow/example_dags/example_xcom.py
[2025-01-15T21:55:50.579+0000] {processor.py:829} INFO - Processing file /home/airflow/.local/lib/python3.10/site-packages/airflow/example_dags/example_xcom.py for tasks to queue
[2025-01-15T21:55:50.581+0000] {logging_mixin.py:154} INFO - [2025-01-15T21:55:50.580+0000] {dagbag.py:536} INFO - Filling up the DagBag from /home/airflow/.local/lib/python3.10/site-packages/airflow/example_dags/example_xcom.py
[2025-01-15T21:55:50.587+0000] {processor.py:839} INFO - DAG(s) dict_keys(['example_xcom']) retrieved from /home/airflow/.local/lib/python3.10/site-packages/airflow/example_dags/example_xcom.py
[2025-01-15T21:55:50.607+0000] {logging_mixin.py:154} INFO - [2025-01-15T21:55:50.606+0000] {dag.py:2941} INFO - Sync 1 DAGs
[2025-01-15T21:55:50.627+0000] {logging_mixin.py:154} INFO - [2025-01-15T21:55:50.627+0000] {dag.py:3722} INFO - Setting next_dagrun for example_xcom to 2021-01-01T00:00:00+00:00, run_after=2021-01-01T00:00:00+00:00
[2025-01-15T21:55:50.643+0000] {processor.py:179} INFO - Processing /home/airflow/.local/lib/python3.10/site-packages/airflow/example_dags/example_xcom.py took 0.068 seconds
[2025-01-15T21:56:21.966+0000] {processor.py:157} INFO - Started process (PID=930) to work on /home/airflow/.local/lib/python3.10/site-packages/airflow/example_dags/example_xcom.py
[2025-01-15T21:56:21.967+0000] {processor.py:829} INFO - Processing file /home/airflow/.local/lib/python3.10/site-packages/airflow/example_dags/example_xcom.py for tasks to queue
[2025-01-15T21:56:21.969+0000] {logging_mixin.py:154} INFO - [2025-01-15T21:56:21.968+0000] {dagbag.py:536} INFO - Filling up the DagBag from /home/airflow/.local/lib/python3.10/site-packages/airflow/example_dags/example_xcom.py
[2025-01-15T21:56:21.975+0000] {processor.py:839} INFO - DAG(s) dict_keys(['example_xcom']) retrieved from /home/airflow/.local/lib/python3.10/site-packages/airflow/example_dags/example_xcom.py
[2025-01-15T21:56:21.993+0000] {logging_mixin.py:154} INFO - [2025-01-15T21:56:21.993+0000] {dag.py:2941} INFO - Sync 1 DAGs
[2025-01-15T21:56:22.012+0000] {logging_mixin.py:154} INFO - [2025-01-15T21:56:22.012+0000] {dag.py:3722} INFO - Setting next_dagrun for example_xcom to 2021-01-01T00:00:00+00:00, run_after=2021-01-01T00:00:00+00:00
[2025-01-15T21:56:22.027+0000] {processor.py:179} INFO - Processing /home/airflow/.local/lib/python3.10/site-packages/airflow/example_dags/example_xcom.py took 0.064 seconds
[2025-01-15T21:56:53.483+0000] {processor.py:157} INFO - Started process (PID=995) to work on /home/airflow/.local/lib/python3.10/site-packages/airflow/example_dags/example_xcom.py
[2025-01-15T21:56:53.484+0000] {processor.py:829} INFO - Processing file /home/airflow/.local/lib/python3.10/site-packages/airflow/example_dags/example_xcom.py for tasks to queue
[2025-01-15T21:56:53.486+0000] {logging_mixin.py:154} INFO - [2025-01-15T21:56:53.486+0000] {dagbag.py:536} INFO - Filling up the DagBag from /home/airflow/.local/lib/python3.10/site-packages/airflow/example_dags/example_xcom.py
[2025-01-15T21:56:53.493+0000] {processor.py:839} INFO - DAG(s) dict_keys(['example_xcom']) retrieved from /home/airflow/.local/lib/python3.10/site-packages/airflow/example_dags/example_xcom.py
[2025-01-15T21:56:53.512+0000] {logging_mixin.py:154} INFO - [2025-01-15T21:56:53.512+0000] {dag.py:2941} INFO - Sync 1 DAGs
[2025-01-15T21:56:53.531+0000] {logging_mixin.py:154} INFO - [2025-01-15T21:56:53.531+0000] {dag.py:3722} INFO - Setting next_dagrun for example_xcom to 2021-01-01T00:00:00+00:00, run_after=2021-01-01T00:00:00+00:00
[2025-01-15T21:56:53.694+0000] {processor.py:179} INFO - Processing /home/airflow/.local/lib/python3.10/site-packages/airflow/example_dags/example_xcom.py took 0.214 seconds
[2025-01-15T21:57:24.849+0000] {processor.py:157} INFO - Started process (PID=1056) to work on /home/airflow/.local/lib/python3.10/site-packages/airflow/example_dags/example_xcom.py
[2025-01-15T21:57:24.850+0000] {processor.py:829} INFO - Processing file /home/airflow/.local/lib/python3.10/site-packages/airflow/example_dags/example_xcom.py for tasks to queue
[2025-01-15T21:57:24.852+0000] {logging_mixin.py:154} INFO - [2025-01-15T21:57:24.851+0000] {dagbag.py:536} INFO - Filling up the DagBag from /home/airflow/.local/lib/python3.10/site-packages/airflow/example_dags/example_xcom.py
[2025-01-15T21:57:24.858+0000] {processor.py:839} INFO - DAG(s) dict_keys(['example_xcom']) retrieved from /home/airflow/.local/lib/python3.10/site-packages/airflow/example_dags/example_xcom.py
[2025-01-15T21:57:24.877+0000] {logging_mixin.py:154} INFO - [2025-01-15T21:57:24.876+0000] {dag.py:2941} INFO - Sync 1 DAGs
[2025-01-15T21:57:24.895+0000] {logging_mixin.py:154} INFO - [2025-01-15T21:57:24.895+0000] {dag.py:3722} INFO - Setting next_dagrun for example_xcom to 2021-01-01T00:00:00+00:00, run_after=2021-01-01T00:00:00+00:00
[2025-01-15T21:57:24.910+0000] {processor.py:179} INFO - Processing /home/airflow/.local/lib/python3.10/site-packages/airflow/example_dags/example_xcom.py took 0.065 seconds
[2025-01-15T21:57:55.193+0000] {processor.py:157} INFO - Started process (PID=1112) to work on /home/airflow/.local/lib/python3.10/site-packages/airflow/example_dags/example_xcom.py
[2025-01-15T21:57:55.194+0000] {processor.py:829} INFO - Processing file /home/airflow/.local/lib/python3.10/site-packages/airflow/example_dags/example_xcom.py for tasks to queue
[2025-01-15T21:57:55.196+0000] {logging_mixin.py:154} INFO - [2025-01-15T21:57:55.195+0000] {dagbag.py:536} INFO - Filling up the DagBag from /home/airflow/.local/lib/python3.10/site-packages/airflow/example_dags/example_xcom.py
[2025-01-15T21:57:55.202+0000] {processor.py:839} INFO - DAG(s) dict_keys(['example_xcom']) retrieved from /home/airflow/.local/lib/python3.10/site-packages/airflow/example_dags/example_xcom.py
[2025-01-15T21:57:55.219+0000] {logging_mixin.py:154} INFO - [2025-01-15T21:57:55.219+0000] {dag.py:2941} INFO - Sync 1 DAGs
[2025-01-15T21:57:55.238+0000] {logging_mixin.py:154} INFO - [2025-01-15T21:57:55.238+0000] {dag.py:3722} INFO - Setting next_dagrun for example_xcom to 2021-01-01T00:00:00+00:00, run_after=2021-01-01T00:00:00+00:00
[2025-01-15T21:57:55.252+0000] {processor.py:179} INFO - Processing /home/airflow/.local/lib/python3.10/site-packages/airflow/example_dags/example_xcom.py took 0.062 seconds
[2025-01-15T21:58:26.104+0000] {processor.py:157} INFO - Started process (PID=1169) to work on /home/airflow/.local/lib/python3.10/site-packages/airflow/example_dags/example_xcom.py
[2025-01-15T21:58:26.105+0000] {processor.py:829} INFO - Processing file /home/airflow/.local/lib/python3.10/site-packages/airflow/example_dags/example_xcom.py for tasks to queue
[2025-01-15T21:58:26.108+0000] {logging_mixin.py:154} INFO - [2025-01-15T21:58:26.107+0000] {dagbag.py:536} INFO - Filling up the DagBag from /home/airflow/.local/lib/python3.10/site-packages/airflow/example_dags/example_xcom.py
[2025-01-15T21:58:26.116+0000] {processor.py:839} INFO - DAG(s) dict_keys(['example_xcom']) retrieved from /home/airflow/.local/lib/python3.10/site-packages/airflow/example_dags/example_xcom.py
[2025-01-15T21:58:26.135+0000] {logging_mixin.py:154} INFO - [2025-01-15T21:58:26.135+0000] {dag.py:2941} INFO - Sync 1 DAGs
[2025-01-15T21:58:26.155+0000] {logging_mixin.py:154} INFO - [2025-01-15T21:58:26.154+0000] {dag.py:3722} INFO - Setting next_dagrun for example_xcom to 2021-01-01T00:00:00+00:00, run_after=2021-01-01T00:00:00+00:00
[2025-01-15T21:58:26.302+0000] {processor.py:179} INFO - Processing /home/airflow/.local/lib/python3.10/site-packages/airflow/example_dags/example_xcom.py took 0.201 seconds
[2025-01-15T21:58:56.672+0000] {processor.py:157} INFO - Started process (PID=1225) to work on /home/airflow/.local/lib/python3.10/site-packages/airflow/example_dags/example_xcom.py
[2025-01-15T21:58:56.673+0000] {processor.py:829} INFO - Processing file /home/airflow/.local/lib/python3.10/site-packages/airflow/example_dags/example_xcom.py for tasks to queue
[2025-01-15T21:58:56.675+0000] {logging_mixin.py:154} INFO - [2025-01-15T21:58:56.675+0000] {dagbag.py:536} INFO - Filling up the DagBag from /home/airflow/.local/lib/python3.10/site-packages/airflow/example_dags/example_xcom.py
[2025-01-15T21:58:56.682+0000] {processor.py:839} INFO - DAG(s) dict_keys(['example_xcom']) retrieved from /home/airflow/.local/lib/python3.10/site-packages/airflow/example_dags/example_xcom.py
[2025-01-15T21:58:56.704+0000] {logging_mixin.py:154} INFO - [2025-01-15T21:58:56.704+0000] {dag.py:2941} INFO - Sync 1 DAGs
[2025-01-15T21:58:56.728+0000] {logging_mixin.py:154} INFO - [2025-01-15T21:58:56.728+0000] {dag.py:3722} INFO - Setting next_dagrun for example_xcom to 2021-01-01T00:00:00+00:00, run_after=2021-01-01T00:00:00+00:00
[2025-01-15T21:58:56.749+0000] {processor.py:179} INFO - Processing /home/airflow/.local/lib/python3.10/site-packages/airflow/example_dags/example_xcom.py took 0.080 seconds
[2025-01-15T21:59:27.680+0000] {processor.py:157} INFO - Started process (PID=1281) to work on /home/airflow/.local/lib/python3.10/site-packages/airflow/example_dags/example_xcom.py
[2025-01-15T21:59:27.681+0000] {processor.py:829} INFO - Processing file /home/airflow/.local/lib/python3.10/site-packages/airflow/example_dags/example_xcom.py for tasks to queue
[2025-01-15T21:59:27.683+0000] {logging_mixin.py:154} INFO - [2025-01-15T21:59:27.683+0000] {dagbag.py:536} INFO - Filling up the DagBag from /home/airflow/.local/lib/python3.10/site-packages/airflow/example_dags/example_xcom.py
[2025-01-15T21:59:27.690+0000] {processor.py:839} INFO - DAG(s) dict_keys(['example_xcom']) retrieved from /home/airflow/.local/lib/python3.10/site-packages/airflow/example_dags/example_xcom.py
[2025-01-15T21:59:27.712+0000] {logging_mixin.py:154} INFO - [2025-01-15T21:59:27.711+0000] {dag.py:2941} INFO - Sync 1 DAGs
[2025-01-15T21:59:27.731+0000] {logging_mixin.py:154} INFO - [2025-01-15T21:59:27.731+0000] {dag.py:3722} INFO - Setting next_dagrun for example_xcom to 2021-01-01T00:00:00+00:00, run_after=2021-01-01T00:00:00+00:00
[2025-01-15T21:59:27.746+0000] {processor.py:179} INFO - Processing /home/airflow/.local/lib/python3.10/site-packages/airflow/example_dags/example_xcom.py took 0.070 seconds
[2025-01-15T21:59:58.122+0000] {processor.py:157} INFO - Started process (PID=1337) to work on /home/airflow/.local/lib/python3.10/site-packages/airflow/example_dags/example_xcom.py
[2025-01-15T21:59:58.122+0000] {processor.py:829} INFO - Processing file /home/airflow/.local/lib/python3.10/site-packages/airflow/example_dags/example_xcom.py for tasks to queue
[2025-01-15T21:59:58.124+0000] {logging_mixin.py:154} INFO - [2025-01-15T21:59:58.124+0000] {dagbag.py:536} INFO - Filling up the DagBag from /home/airflow/.local/lib/python3.10/site-packages/airflow/example_dags/example_xcom.py
[2025-01-15T21:59:58.130+0000] {processor.py:839} INFO - DAG(s) dict_keys(['example_xcom']) retrieved from /home/airflow/.local/lib/python3.10/site-packages/airflow/example_dags/example_xcom.py
[2025-01-15T21:59:58.149+0000] {logging_mixin.py:154} INFO - [2025-01-15T21:59:58.149+0000] {dag.py:2941} INFO - Sync 1 DAGs
[2025-01-15T21:59:58.321+0000] {logging_mixin.py:154} INFO - [2025-01-15T21:59:58.321+0000] {dag.py:3722} INFO - Setting next_dagrun for example_xcom to 2021-01-01T00:00:00+00:00, run_after=2021-01-01T00:00:00+00:00
[2025-01-15T21:59:58.342+0000] {processor.py:179} INFO - Processing /home/airflow/.local/lib/python3.10/site-packages/airflow/example_dags/example_xcom.py took 0.223 seconds
[2025-01-15T22:00:29.155+0000] {processor.py:157} INFO - Started process (PID=1393) to work on /home/airflow/.local/lib/python3.10/site-packages/airflow/example_dags/example_xcom.py
[2025-01-15T22:00:29.156+0000] {processor.py:829} INFO - Processing file /home/airflow/.local/lib/python3.10/site-packages/airflow/example_dags/example_xcom.py for tasks to queue
[2025-01-15T22:00:29.158+0000] {logging_mixin.py:154} INFO - [2025-01-15T22:00:29.158+0000] {dagbag.py:536} INFO - Filling up the DagBag from /home/airflow/.local/lib/python3.10/site-packages/airflow/example_dags/example_xcom.py
[2025-01-15T22:00:29.164+0000] {processor.py:839} INFO - DAG(s) dict_keys(['example_xcom']) retrieved from /home/airflow/.local/lib/python3.10/site-packages/airflow/example_dags/example_xcom.py
[2025-01-15T22:00:29.183+0000] {logging_mixin.py:154} INFO - [2025-01-15T22:00:29.182+0000] {dag.py:2941} INFO - Sync 1 DAGs
[2025-01-15T22:00:29.201+0000] {logging_mixin.py:154} INFO - [2025-01-15T22:00:29.201+0000] {dag.py:3722} INFO - Setting next_dagrun for example_xcom to 2021-01-01T00:00:00+00:00, run_after=2021-01-01T00:00:00+00:00
[2025-01-15T22:00:29.218+0000] {processor.py:179} INFO - Processing /home/airflow/.local/lib/python3.10/site-packages/airflow/example_dags/example_xcom.py took 0.066 seconds
[2025-01-15T22:01:00.687+0000] {processor.py:157} INFO - Started process (PID=1449) to work on /home/airflow/.local/lib/python3.10/site-packages/airflow/example_dags/example_xcom.py
[2025-01-15T22:01:00.687+0000] {processor.py:829} INFO - Processing file /home/airflow/.local/lib/python3.10/site-packages/airflow/example_dags/example_xcom.py for tasks to queue
[2025-01-15T22:01:00.690+0000] {logging_mixin.py:154} INFO - [2025-01-15T22:01:00.689+0000] {dagbag.py:536} INFO - Filling up the DagBag from /home/airflow/.local/lib/python3.10/site-packages/airflow/example_dags/example_xcom.py
[2025-01-15T22:01:00.696+0000] {processor.py:839} INFO - DAG(s) dict_keys(['example_xcom']) retrieved from /home/airflow/.local/lib/python3.10/site-packages/airflow/example_dags/example_xcom.py
[2025-01-15T22:01:00.866+0000] {logging_mixin.py:154} INFO - [2025-01-15T22:01:00.866+0000] {dag.py:2941} INFO - Sync 1 DAGs
[2025-01-15T22:01:00.883+0000] {logging_mixin.py:154} INFO - [2025-01-15T22:01:00.883+0000] {dag.py:3722} INFO - Setting next_dagrun for example_xcom to 2021-01-01T00:00:00+00:00, run_after=2021-01-01T00:00:00+00:00
[2025-01-15T22:01:00.899+0000] {processor.py:179} INFO - Processing /home/airflow/.local/lib/python3.10/site-packages/airflow/example_dags/example_xcom.py took 0.215 seconds
[2025-01-15T22:01:31.783+0000] {processor.py:157} INFO - Started process (PID=1505) to work on /home/airflow/.local/lib/python3.10/site-packages/airflow/example_dags/example_xcom.py
[2025-01-15T22:01:31.784+0000] {processor.py:829} INFO - Processing file /home/airflow/.local/lib/python3.10/site-packages/airflow/example_dags/example_xcom.py for tasks to queue
[2025-01-15T22:01:31.786+0000] {logging_mixin.py:154} INFO - [2025-01-15T22:01:31.785+0000] {dagbag.py:536} INFO - Filling up the DagBag from /home/airflow/.local/lib/python3.10/site-packages/airflow/example_dags/example_xcom.py
[2025-01-15T22:01:31.791+0000] {processor.py:839} INFO - DAG(s) dict_keys(['example_xcom']) retrieved from /home/airflow/.local/lib/python3.10/site-packages/airflow/example_dags/example_xcom.py
[2025-01-15T22:01:31.810+0000] {logging_mixin.py:154} INFO - [2025-01-15T22:01:31.810+0000] {dag.py:2941} INFO - Sync 1 DAGs
[2025-01-15T22:01:31.974+0000] {logging_mixin.py:154} INFO - [2025-01-15T22:01:31.974+0000] {dag.py:3722} INFO - Setting next_dagrun for example_xcom to 2021-01-01T00:00:00+00:00, run_after=2021-01-01T00:00:00+00:00
[2025-01-15T22:01:31.988+0000] {processor.py:179} INFO - Processing /home/airflow/.local/lib/python3.10/site-packages/airflow/example_dags/example_xcom.py took 0.207 seconds
[2025-01-15T22:02:02.198+0000] {processor.py:157} INFO - Started process (PID=1561) to work on /home/airflow/.local/lib/python3.10/site-packages/airflow/example_dags/example_xcom.py
[2025-01-15T22:02:02.199+0000] {processor.py:829} INFO - Processing file /home/airflow/.local/lib/python3.10/site-packages/airflow/example_dags/example_xcom.py for tasks to queue
[2025-01-15T22:02:02.200+0000] {logging_mixin.py:154} INFO - [2025-01-15T22:02:02.200+0000] {dagbag.py:536} INFO - Filling up the DagBag from /home/airflow/.local/lib/python3.10/site-packages/airflow/example_dags/example_xcom.py
[2025-01-15T22:02:02.206+0000] {processor.py:839} INFO - DAG(s) dict_keys(['example_xcom']) retrieved from /home/airflow/.local/lib/python3.10/site-packages/airflow/example_dags/example_xcom.py
[2025-01-15T22:02:02.227+0000] {logging_mixin.py:154} INFO - [2025-01-15T22:02:02.227+0000] {dag.py:2941} INFO - Sync 1 DAGs
[2025-01-15T22:02:02.246+0000] {logging_mixin.py:154} INFO - [2025-01-15T22:02:02.246+0000] {dag.py:3722} INFO - Setting next_dagrun for example_xcom to 2021-01-01T00:00:00+00:00, run_after=2021-01-01T00:00:00+00:00
[2025-01-15T22:02:02.262+0000] {processor.py:179} INFO - Processing /home/airflow/.local/lib/python3.10/site-packages/airflow/example_dags/example_xcom.py took 0.067 seconds
[2025-01-15T22:02:31.984+0000] {processor.py:157} INFO - Started process (PID=1624) to work on /home/airflow/.local/lib/python3.10/site-packages/airflow/example_dags/example_xcom.py
[2025-01-15T22:02:31.985+0000] {processor.py:829} INFO - Processing file /home/airflow/.local/lib/python3.10/site-packages/airflow/example_dags/example_xcom.py for tasks to queue
[2025-01-15T22:02:31.987+0000] {logging_mixin.py:154} INFO - [2025-01-15T22:02:31.987+0000] {dagbag.py:536} INFO - Filling up the DagBag from /home/airflow/.local/lib/python3.10/site-packages/airflow/example_dags/example_xcom.py
[2025-01-15T22:02:31.994+0000] {processor.py:839} INFO - DAG(s) dict_keys(['example_xcom']) retrieved from /home/airflow/.local/lib/python3.10/site-packages/airflow/example_dags/example_xcom.py
[2025-01-15T22:02:32.240+0000] {logging_mixin.py:154} INFO - [2025-01-15T22:02:32.240+0000] {dag.py:2941} INFO - Sync 1 DAGs
[2025-01-15T22:02:32.263+0000] {logging_mixin.py:154} INFO - [2025-01-15T22:02:32.263+0000] {dag.py:3722} INFO - Setting next_dagrun for example_xcom to 2021-01-01T00:00:00+00:00, run_after=2021-01-01T00:00:00+00:00
[2025-01-15T22:02:32.283+0000] {processor.py:179} INFO - Processing /home/airflow/.local/lib/python3.10/site-packages/airflow/example_dags/example_xcom.py took 0.302 seconds
[2025-01-15T22:04:09.472+0000] {processor.py:157} INFO - Started process (PID=97) to work on /home/airflow/.local/lib/python3.10/site-packages/airflow/example_dags/example_xcom.py
[2025-01-15T22:04:09.473+0000] {processor.py:829} INFO - Processing file /home/airflow/.local/lib/python3.10/site-packages/airflow/example_dags/example_xcom.py for tasks to queue
[2025-01-15T22:04:09.475+0000] {logging_mixin.py:154} INFO - [2025-01-15T22:04:09.475+0000] {dagbag.py:536} INFO - Filling up the DagBag from /home/airflow/.local/lib/python3.10/site-packages/airflow/example_dags/example_xcom.py
[2025-01-15T22:04:09.484+0000] {processor.py:839} INFO - DAG(s) dict_keys(['example_xcom']) retrieved from /home/airflow/.local/lib/python3.10/site-packages/airflow/example_dags/example_xcom.py
[2025-01-15T22:04:09.496+0000] {logging_mixin.py:154} INFO - [2025-01-15T22:04:09.496+0000] {dag.py:2941} INFO - Sync 1 DAGs
[2025-01-15T22:04:09.521+0000] {logging_mixin.py:154} INFO - [2025-01-15T22:04:09.521+0000] {dag.py:3722} INFO - Setting next_dagrun for example_xcom to 2021-01-01T00:00:00+00:00, run_after=2021-01-01T00:00:00+00:00
[2025-01-15T22:04:09.542+0000] {processor.py:179} INFO - Processing /home/airflow/.local/lib/python3.10/site-packages/airflow/example_dags/example_xcom.py took 0.074 seconds
[2025-01-15T22:04:40.825+0000] {processor.py:157} INFO - Started process (PID=153) to work on /home/airflow/.local/lib/python3.10/site-packages/airflow/example_dags/example_xcom.py
[2025-01-15T22:04:40.826+0000] {processor.py:829} INFO - Processing file /home/airflow/.local/lib/python3.10/site-packages/airflow/example_dags/example_xcom.py for tasks to queue
[2025-01-15T22:04:40.828+0000] {logging_mixin.py:154} INFO - [2025-01-15T22:04:40.828+0000] {dagbag.py:536} INFO - Filling up the DagBag from /home/airflow/.local/lib/python3.10/site-packages/airflow/example_dags/example_xcom.py
[2025-01-15T22:04:40.835+0000] {processor.py:839} INFO - DAG(s) dict_keys(['example_xcom']) retrieved from /home/airflow/.local/lib/python3.10/site-packages/airflow/example_dags/example_xcom.py
[2025-01-15T22:04:40.863+0000] {logging_mixin.py:154} INFO - [2025-01-15T22:04:40.863+0000] {dag.py:2941} INFO - Sync 1 DAGs
[2025-01-15T22:04:40.887+0000] {logging_mixin.py:154} INFO - [2025-01-15T22:04:40.887+0000] {dag.py:3722} INFO - Setting next_dagrun for example_xcom to 2021-01-01T00:00:00+00:00, run_after=2021-01-01T00:00:00+00:00
[2025-01-15T22:04:40.905+0000] {processor.py:179} INFO - Processing /home/airflow/.local/lib/python3.10/site-packages/airflow/example_dags/example_xcom.py took 0.083 seconds
[2025-01-15T22:05:11.822+0000] {processor.py:157} INFO - Started process (PID=209) to work on /home/airflow/.local/lib/python3.10/site-packages/airflow/example_dags/example_xcom.py
[2025-01-15T22:05:11.823+0000] {processor.py:829} INFO - Processing file /home/airflow/.local/lib/python3.10/site-packages/airflow/example_dags/example_xcom.py for tasks to queue
[2025-01-15T22:05:11.825+0000] {logging_mixin.py:154} INFO - [2025-01-15T22:05:11.824+0000] {dagbag.py:536} INFO - Filling up the DagBag from /home/airflow/.local/lib/python3.10/site-packages/airflow/example_dags/example_xcom.py
[2025-01-15T22:05:11.831+0000] {processor.py:839} INFO - DAG(s) dict_keys(['example_xcom']) retrieved from /home/airflow/.local/lib/python3.10/site-packages/airflow/example_dags/example_xcom.py
[2025-01-15T22:05:11.851+0000] {logging_mixin.py:154} INFO - [2025-01-15T22:05:11.850+0000] {dag.py:2941} INFO - Sync 1 DAGs
[2025-01-15T22:05:11.872+0000] {logging_mixin.py:154} INFO - [2025-01-15T22:05:11.872+0000] {dag.py:3722} INFO - Setting next_dagrun for example_xcom to 2021-01-01T00:00:00+00:00, run_after=2021-01-01T00:00:00+00:00
[2025-01-15T22:05:11.894+0000] {processor.py:179} INFO - Processing /home/airflow/.local/lib/python3.10/site-packages/airflow/example_dags/example_xcom.py took 0.075 seconds
[2025-01-15T22:05:42.410+0000] {processor.py:157} INFO - Started process (PID=265) to work on /home/airflow/.local/lib/python3.10/site-packages/airflow/example_dags/example_xcom.py
[2025-01-15T22:05:42.411+0000] {processor.py:829} INFO - Processing file /home/airflow/.local/lib/python3.10/site-packages/airflow/example_dags/example_xcom.py for tasks to queue
[2025-01-15T22:05:42.413+0000] {logging_mixin.py:154} INFO - [2025-01-15T22:05:42.413+0000] {dagbag.py:536} INFO - Filling up the DagBag from /home/airflow/.local/lib/python3.10/site-packages/airflow/example_dags/example_xcom.py
[2025-01-15T22:05:42.419+0000] {processor.py:839} INFO - DAG(s) dict_keys(['example_xcom']) retrieved from /home/airflow/.local/lib/python3.10/site-packages/airflow/example_dags/example_xcom.py
[2025-01-15T22:05:42.441+0000] {logging_mixin.py:154} INFO - [2025-01-15T22:05:42.441+0000] {dag.py:2941} INFO - Sync 1 DAGs
[2025-01-15T22:05:42.463+0000] {logging_mixin.py:154} INFO - [2025-01-15T22:05:42.463+0000] {dag.py:3722} INFO - Setting next_dagrun for example_xcom to 2021-01-01T00:00:00+00:00, run_after=2021-01-01T00:00:00+00:00
[2025-01-15T22:05:42.483+0000] {processor.py:179} INFO - Processing /home/airflow/.local/lib/python3.10/site-packages/airflow/example_dags/example_xcom.py took 0.076 seconds
[2025-01-15T22:06:13.086+0000] {processor.py:157} INFO - Started process (PID=321) to work on /home/airflow/.local/lib/python3.10/site-packages/airflow/example_dags/example_xcom.py
[2025-01-15T22:06:13.087+0000] {processor.py:829} INFO - Processing file /home/airflow/.local/lib/python3.10/site-packages/airflow/example_dags/example_xcom.py for tasks to queue
[2025-01-15T22:06:13.089+0000] {logging_mixin.py:154} INFO - [2025-01-15T22:06:13.088+0000] {dagbag.py:536} INFO - Filling up the DagBag from /home/airflow/.local/lib/python3.10/site-packages/airflow/example_dags/example_xcom.py
[2025-01-15T22:06:13.096+0000] {processor.py:839} INFO - DAG(s) dict_keys(['example_xcom']) retrieved from /home/airflow/.local/lib/python3.10/site-packages/airflow/example_dags/example_xcom.py
[2025-01-15T22:06:13.117+0000] {logging_mixin.py:154} INFO - [2025-01-15T22:06:13.117+0000] {dag.py:2941} INFO - Sync 1 DAGs
[2025-01-15T22:06:13.138+0000] {logging_mixin.py:154} INFO - [2025-01-15T22:06:13.138+0000] {dag.py:3722} INFO - Setting next_dagrun for example_xcom to 2021-01-01T00:00:00+00:00, run_after=2021-01-01T00:00:00+00:00
[2025-01-15T22:06:13.156+0000] {processor.py:179} INFO - Processing /home/airflow/.local/lib/python3.10/site-packages/airflow/example_dags/example_xcom.py took 0.074 seconds
[2025-01-15T22:06:43.921+0000] {processor.py:157} INFO - Started process (PID=377) to work on /home/airflow/.local/lib/python3.10/site-packages/airflow/example_dags/example_xcom.py
[2025-01-15T22:06:43.922+0000] {processor.py:829} INFO - Processing file /home/airflow/.local/lib/python3.10/site-packages/airflow/example_dags/example_xcom.py for tasks to queue
[2025-01-15T22:06:43.924+0000] {logging_mixin.py:154} INFO - [2025-01-15T22:06:43.924+0000] {dagbag.py:536} INFO - Filling up the DagBag from /home/airflow/.local/lib/python3.10/site-packages/airflow/example_dags/example_xcom.py
[2025-01-15T22:06:43.931+0000] {processor.py:839} INFO - DAG(s) dict_keys(['example_xcom']) retrieved from /home/airflow/.local/lib/python3.10/site-packages/airflow/example_dags/example_xcom.py
[2025-01-15T22:06:43.951+0000] {logging_mixin.py:154} INFO - [2025-01-15T22:06:43.951+0000] {dag.py:2941} INFO - Sync 1 DAGs
[2025-01-15T22:06:43.972+0000] {logging_mixin.py:154} INFO - [2025-01-15T22:06:43.972+0000] {dag.py:3722} INFO - Setting next_dagrun for example_xcom to 2021-01-01T00:00:00+00:00, run_after=2021-01-01T00:00:00+00:00
[2025-01-15T22:06:43.990+0000] {processor.py:179} INFO - Processing /home/airflow/.local/lib/python3.10/site-packages/airflow/example_dags/example_xcom.py took 0.072 seconds
[2025-01-15T22:07:14.428+0000] {processor.py:157} INFO - Started process (PID=433) to work on /home/airflow/.local/lib/python3.10/site-packages/airflow/example_dags/example_xcom.py
[2025-01-15T22:07:14.429+0000] {processor.py:829} INFO - Processing file /home/airflow/.local/lib/python3.10/site-packages/airflow/example_dags/example_xcom.py for tasks to queue
[2025-01-15T22:07:14.431+0000] {logging_mixin.py:154} INFO - [2025-01-15T22:07:14.431+0000] {dagbag.py:536} INFO - Filling up the DagBag from /home/airflow/.local/lib/python3.10/site-packages/airflow/example_dags/example_xcom.py
[2025-01-15T22:07:14.440+0000] {processor.py:839} INFO - DAG(s) dict_keys(['example_xcom']) retrieved from /home/airflow/.local/lib/python3.10/site-packages/airflow/example_dags/example_xcom.py
[2025-01-15T22:07:14.460+0000] {logging_mixin.py:154} INFO - [2025-01-15T22:07:14.460+0000] {dag.py:2941} INFO - Sync 1 DAGs
[2025-01-15T22:07:14.482+0000] {logging_mixin.py:154} INFO - [2025-01-15T22:07:14.482+0000] {dag.py:3722} INFO - Setting next_dagrun for example_xcom to 2021-01-01T00:00:00+00:00, run_after=2021-01-01T00:00:00+00:00
[2025-01-15T22:07:14.501+0000] {processor.py:179} INFO - Processing /home/airflow/.local/lib/python3.10/site-packages/airflow/example_dags/example_xcom.py took 0.076 seconds
[2025-01-15T22:08:34.791+0000] {processor.py:157} INFO - Started process (PID=99) to work on /home/airflow/.local/lib/python3.10/site-packages/airflow/example_dags/example_xcom.py
[2025-01-15T22:08:34.792+0000] {processor.py:829} INFO - Processing file /home/airflow/.local/lib/python3.10/site-packages/airflow/example_dags/example_xcom.py for tasks to queue
[2025-01-15T22:08:34.794+0000] {logging_mixin.py:154} INFO - [2025-01-15T22:08:34.794+0000] {dagbag.py:536} INFO - Filling up the DagBag from /home/airflow/.local/lib/python3.10/site-packages/airflow/example_dags/example_xcom.py
[2025-01-15T22:08:34.801+0000] {processor.py:839} INFO - DAG(s) dict_keys(['example_xcom']) retrieved from /home/airflow/.local/lib/python3.10/site-packages/airflow/example_dags/example_xcom.py
[2025-01-15T22:08:34.812+0000] {logging_mixin.py:154} INFO - [2025-01-15T22:08:34.812+0000] {dag.py:2941} INFO - Sync 1 DAGs
[2025-01-15T22:08:34.831+0000] {logging_mixin.py:154} INFO - [2025-01-15T22:08:34.831+0000] {dag.py:3722} INFO - Setting next_dagrun for example_xcom to 2021-01-01T00:00:00+00:00, run_after=2021-01-01T00:00:00+00:00
[2025-01-15T22:08:34.848+0000] {processor.py:179} INFO - Processing /home/airflow/.local/lib/python3.10/site-packages/airflow/example_dags/example_xcom.py took 0.060 seconds
[2025-01-15T22:09:07.071+0000] {processor.py:157} INFO - Started process (PID=155) to work on /home/airflow/.local/lib/python3.10/site-packages/airflow/example_dags/example_xcom.py
[2025-01-15T22:09:07.072+0000] {processor.py:829} INFO - Processing file /home/airflow/.local/lib/python3.10/site-packages/airflow/example_dags/example_xcom.py for tasks to queue
[2025-01-15T22:09:07.074+0000] {logging_mixin.py:154} INFO - [2025-01-15T22:09:07.074+0000] {dagbag.py:536} INFO - Filling up the DagBag from /home/airflow/.local/lib/python3.10/site-packages/airflow/example_dags/example_xcom.py
[2025-01-15T22:09:07.082+0000] {processor.py:839} INFO - DAG(s) dict_keys(['example_xcom']) retrieved from /home/airflow/.local/lib/python3.10/site-packages/airflow/example_dags/example_xcom.py
[2025-01-15T22:09:07.104+0000] {logging_mixin.py:154} INFO - [2025-01-15T22:09:07.104+0000] {dag.py:2941} INFO - Sync 1 DAGs
[2025-01-15T22:09:07.128+0000] {logging_mixin.py:154} INFO - [2025-01-15T22:09:07.128+0000] {dag.py:3722} INFO - Setting next_dagrun for example_xcom to 2021-01-01T00:00:00+00:00, run_after=2021-01-01T00:00:00+00:00
[2025-01-15T22:09:07.152+0000] {processor.py:179} INFO - Processing /home/airflow/.local/lib/python3.10/site-packages/airflow/example_dags/example_xcom.py took 0.084 seconds
