[2025-01-15T21:48:40.488+0000] {processor.py:157} INFO - Started process (PID=90) to work on /home/airflow/.local/lib/python3.10/site-packages/airflow/example_dags/example_python_operator.py
[2025-01-15T21:48:40.489+0000] {processor.py:829} INFO - Processing file /home/airflow/.local/lib/python3.10/site-packages/airflow/example_dags/example_python_operator.py for tasks to queue
[2025-01-15T21:48:40.491+0000] {logging_mixin.py:154} INFO - [2025-01-15T21:48:40.491+0000] {dagbag.py:536} INFO - Filling up the DagBag from /home/airflow/.local/lib/python3.10/site-packages/airflow/example_dags/example_python_operator.py
[2025-01-15T21:48:40.509+0000] {processor.py:839} INFO - DAG(s) dict_keys(['example_python_operator']) retrieved from /home/airflow/.local/lib/python3.10/site-packages/airflow/example_dags/example_python_operator.py
[2025-01-15T21:48:40.530+0000] {logging_mixin.py:154} INFO - [2025-01-15T21:48:40.529+0000] {dag.py:2941} INFO - Sync 1 DAGs
[2025-01-15T21:48:40.551+0000] {logging_mixin.py:154} INFO - [2025-01-15T21:48:40.551+0000] {dag.py:3722} INFO - Setting next_dagrun for example_python_operator to None, run_after=None
[2025-01-15T21:48:40.575+0000] {processor.py:179} INFO - Processing /home/airflow/.local/lib/python3.10/site-packages/airflow/example_dags/example_python_operator.py took 0.091 seconds
[2025-01-15T21:49:11.027+0000] {processor.py:157} INFO - Started process (PID=146) to work on /home/airflow/.local/lib/python3.10/site-packages/airflow/example_dags/example_python_operator.py
[2025-01-15T21:49:11.028+0000] {processor.py:829} INFO - Processing file /home/airflow/.local/lib/python3.10/site-packages/airflow/example_dags/example_python_operator.py for tasks to queue
[2025-01-15T21:49:11.029+0000] {logging_mixin.py:154} INFO - [2025-01-15T21:49:11.029+0000] {dagbag.py:536} INFO - Filling up the DagBag from /home/airflow/.local/lib/python3.10/site-packages/airflow/example_dags/example_python_operator.py
[2025-01-15T21:49:11.038+0000] {processor.py:839} INFO - DAG(s) dict_keys(['example_python_operator']) retrieved from /home/airflow/.local/lib/python3.10/site-packages/airflow/example_dags/example_python_operator.py
[2025-01-15T21:49:11.136+0000] {logging_mixin.py:154} INFO - [2025-01-15T21:49:11.136+0000] {dag.py:2941} INFO - Sync 1 DAGs
[2025-01-15T21:49:11.147+0000] {logging_mixin.py:154} INFO - [2025-01-15T21:49:11.147+0000] {dag.py:3722} INFO - Setting next_dagrun for example_python_operator to None, run_after=None
[2025-01-15T21:49:11.169+0000] {processor.py:179} INFO - Processing /home/airflow/.local/lib/python3.10/site-packages/airflow/example_dags/example_python_operator.py took 0.145 seconds
[2025-01-15T21:49:41.691+0000] {processor.py:157} INFO - Started process (PID=202) to work on /home/airflow/.local/lib/python3.10/site-packages/airflow/example_dags/example_python_operator.py
[2025-01-15T21:49:41.692+0000] {processor.py:829} INFO - Processing file /home/airflow/.local/lib/python3.10/site-packages/airflow/example_dags/example_python_operator.py for tasks to queue
[2025-01-15T21:49:41.694+0000] {logging_mixin.py:154} INFO - [2025-01-15T21:49:41.694+0000] {dagbag.py:536} INFO - Filling up the DagBag from /home/airflow/.local/lib/python3.10/site-packages/airflow/example_dags/example_python_operator.py
[2025-01-15T21:49:41.703+0000] {processor.py:839} INFO - DAG(s) dict_keys(['example_python_operator']) retrieved from /home/airflow/.local/lib/python3.10/site-packages/airflow/example_dags/example_python_operator.py
[2025-01-15T21:49:41.726+0000] {logging_mixin.py:154} INFO - [2025-01-15T21:49:41.726+0000] {dag.py:2941} INFO - Sync 1 DAGs
[2025-01-15T21:49:41.739+0000] {logging_mixin.py:154} INFO - [2025-01-15T21:49:41.738+0000] {dag.py:3722} INFO - Setting next_dagrun for example_python_operator to None, run_after=None
[2025-01-15T21:49:41.756+0000] {processor.py:179} INFO - Processing /home/airflow/.local/lib/python3.10/site-packages/airflow/example_dags/example_python_operator.py took 0.068 seconds
[2025-01-15T21:50:12.602+0000] {processor.py:157} INFO - Started process (PID=259) to work on /home/airflow/.local/lib/python3.10/site-packages/airflow/example_dags/example_python_operator.py
[2025-01-15T21:50:12.604+0000] {processor.py:829} INFO - Processing file /home/airflow/.local/lib/python3.10/site-packages/airflow/example_dags/example_python_operator.py for tasks to queue
[2025-01-15T21:50:12.606+0000] {logging_mixin.py:154} INFO - [2025-01-15T21:50:12.606+0000] {dagbag.py:536} INFO - Filling up the DagBag from /home/airflow/.local/lib/python3.10/site-packages/airflow/example_dags/example_python_operator.py
[2025-01-15T21:50:12.616+0000] {processor.py:839} INFO - DAG(s) dict_keys(['example_python_operator']) retrieved from /home/airflow/.local/lib/python3.10/site-packages/airflow/example_dags/example_python_operator.py
[2025-01-15T21:50:12.636+0000] {logging_mixin.py:154} INFO - [2025-01-15T21:50:12.636+0000] {dag.py:2941} INFO - Sync 1 DAGs
[2025-01-15T21:50:12.647+0000] {logging_mixin.py:154} INFO - [2025-01-15T21:50:12.647+0000] {dag.py:3722} INFO - Setting next_dagrun for example_python_operator to None, run_after=None
[2025-01-15T21:50:12.662+0000] {processor.py:179} INFO - Processing /home/airflow/.local/lib/python3.10/site-packages/airflow/example_dags/example_python_operator.py took 0.062 seconds
[2025-01-15T21:50:43.239+0000] {processor.py:157} INFO - Started process (PID=315) to work on /home/airflow/.local/lib/python3.10/site-packages/airflow/example_dags/example_python_operator.py
[2025-01-15T21:50:43.240+0000] {processor.py:829} INFO - Processing file /home/airflow/.local/lib/python3.10/site-packages/airflow/example_dags/example_python_operator.py for tasks to queue
[2025-01-15T21:50:43.242+0000] {logging_mixin.py:154} INFO - [2025-01-15T21:50:43.242+0000] {dagbag.py:536} INFO - Filling up the DagBag from /home/airflow/.local/lib/python3.10/site-packages/airflow/example_dags/example_python_operator.py
[2025-01-15T21:50:43.252+0000] {processor.py:839} INFO - DAG(s) dict_keys(['example_python_operator']) retrieved from /home/airflow/.local/lib/python3.10/site-packages/airflow/example_dags/example_python_operator.py
[2025-01-15T21:50:43.275+0000] {logging_mixin.py:154} INFO - [2025-01-15T21:50:43.275+0000] {dag.py:2941} INFO - Sync 1 DAGs
[2025-01-15T21:50:43.288+0000] {logging_mixin.py:154} INFO - [2025-01-15T21:50:43.288+0000] {dag.py:3722} INFO - Setting next_dagrun for example_python_operator to None, run_after=None
[2025-01-15T21:50:43.306+0000] {processor.py:179} INFO - Processing /home/airflow/.local/lib/python3.10/site-packages/airflow/example_dags/example_python_operator.py took 0.070 seconds
[2025-01-15T21:51:13.468+0000] {processor.py:157} INFO - Started process (PID=371) to work on /home/airflow/.local/lib/python3.10/site-packages/airflow/example_dags/example_python_operator.py
[2025-01-15T21:51:13.469+0000] {processor.py:829} INFO - Processing file /home/airflow/.local/lib/python3.10/site-packages/airflow/example_dags/example_python_operator.py for tasks to queue
[2025-01-15T21:51:13.471+0000] {logging_mixin.py:154} INFO - [2025-01-15T21:51:13.471+0000] {dagbag.py:536} INFO - Filling up the DagBag from /home/airflow/.local/lib/python3.10/site-packages/airflow/example_dags/example_python_operator.py
[2025-01-15T21:51:13.481+0000] {processor.py:839} INFO - DAG(s) dict_keys(['example_python_operator']) retrieved from /home/airflow/.local/lib/python3.10/site-packages/airflow/example_dags/example_python_operator.py
[2025-01-15T21:51:13.505+0000] {logging_mixin.py:154} INFO - [2025-01-15T21:51:13.505+0000] {dag.py:2941} INFO - Sync 1 DAGs
[2025-01-15T21:51:13.517+0000] {logging_mixin.py:154} INFO - [2025-01-15T21:51:13.517+0000] {dag.py:3722} INFO - Setting next_dagrun for example_python_operator to None, run_after=None
[2025-01-15T21:51:13.536+0000] {processor.py:179} INFO - Processing /home/airflow/.local/lib/python3.10/site-packages/airflow/example_dags/example_python_operator.py took 0.071 seconds
[2025-01-15T21:51:43.683+0000] {processor.py:157} INFO - Started process (PID=427) to work on /home/airflow/.local/lib/python3.10/site-packages/airflow/example_dags/example_python_operator.py
[2025-01-15T21:51:43.684+0000] {processor.py:829} INFO - Processing file /home/airflow/.local/lib/python3.10/site-packages/airflow/example_dags/example_python_operator.py for tasks to queue
[2025-01-15T21:51:43.686+0000] {logging_mixin.py:154} INFO - [2025-01-15T21:51:43.686+0000] {dagbag.py:536} INFO - Filling up the DagBag from /home/airflow/.local/lib/python3.10/site-packages/airflow/example_dags/example_python_operator.py
[2025-01-15T21:51:43.694+0000] {processor.py:839} INFO - DAG(s) dict_keys(['example_python_operator']) retrieved from /home/airflow/.local/lib/python3.10/site-packages/airflow/example_dags/example_python_operator.py
[2025-01-15T21:51:43.713+0000] {logging_mixin.py:154} INFO - [2025-01-15T21:51:43.713+0000] {dag.py:2941} INFO - Sync 1 DAGs
[2025-01-15T21:51:43.724+0000] {logging_mixin.py:154} INFO - [2025-01-15T21:51:43.724+0000] {dag.py:3722} INFO - Setting next_dagrun for example_python_operator to None, run_after=None
[2025-01-15T21:51:43.739+0000] {processor.py:179} INFO - Processing /home/airflow/.local/lib/python3.10/site-packages/airflow/example_dags/example_python_operator.py took 0.058 seconds
[2025-01-15T21:52:14.699+0000] {processor.py:157} INFO - Started process (PID=483) to work on /home/airflow/.local/lib/python3.10/site-packages/airflow/example_dags/example_python_operator.py
[2025-01-15T21:52:14.700+0000] {processor.py:829} INFO - Processing file /home/airflow/.local/lib/python3.10/site-packages/airflow/example_dags/example_python_operator.py for tasks to queue
[2025-01-15T21:52:14.702+0000] {logging_mixin.py:154} INFO - [2025-01-15T21:52:14.701+0000] {dagbag.py:536} INFO - Filling up the DagBag from /home/airflow/.local/lib/python3.10/site-packages/airflow/example_dags/example_python_operator.py
[2025-01-15T21:52:14.709+0000] {processor.py:839} INFO - DAG(s) dict_keys(['example_python_operator']) retrieved from /home/airflow/.local/lib/python3.10/site-packages/airflow/example_dags/example_python_operator.py
[2025-01-15T21:52:14.729+0000] {logging_mixin.py:154} INFO - [2025-01-15T21:52:14.729+0000] {dag.py:2941} INFO - Sync 1 DAGs
[2025-01-15T21:52:14.740+0000] {logging_mixin.py:154} INFO - [2025-01-15T21:52:14.740+0000] {dag.py:3722} INFO - Setting next_dagrun for example_python_operator to None, run_after=None
[2025-01-15T21:52:14.757+0000] {processor.py:179} INFO - Processing /home/airflow/.local/lib/python3.10/site-packages/airflow/example_dags/example_python_operator.py took 0.061 seconds
[2025-01-15T21:52:45.536+0000] {processor.py:157} INFO - Started process (PID=539) to work on /home/airflow/.local/lib/python3.10/site-packages/airflow/example_dags/example_python_operator.py
[2025-01-15T21:52:45.537+0000] {processor.py:829} INFO - Processing file /home/airflow/.local/lib/python3.10/site-packages/airflow/example_dags/example_python_operator.py for tasks to queue
[2025-01-15T21:52:45.539+0000] {logging_mixin.py:154} INFO - [2025-01-15T21:52:45.539+0000] {dagbag.py:536} INFO - Filling up the DagBag from /home/airflow/.local/lib/python3.10/site-packages/airflow/example_dags/example_python_operator.py
[2025-01-15T21:52:45.548+0000] {processor.py:839} INFO - DAG(s) dict_keys(['example_python_operator']) retrieved from /home/airflow/.local/lib/python3.10/site-packages/airflow/example_dags/example_python_operator.py
[2025-01-15T21:52:45.571+0000] {logging_mixin.py:154} INFO - [2025-01-15T21:52:45.570+0000] {dag.py:2941} INFO - Sync 1 DAGs
[2025-01-15T21:52:45.582+0000] {logging_mixin.py:154} INFO - [2025-01-15T21:52:45.582+0000] {dag.py:3722} INFO - Setting next_dagrun for example_python_operator to None, run_after=None
[2025-01-15T21:52:45.599+0000] {processor.py:179} INFO - Processing /home/airflow/.local/lib/python3.10/site-packages/airflow/example_dags/example_python_operator.py took 0.066 seconds
[2025-01-15T21:53:16.379+0000] {processor.py:157} INFO - Started process (PID=595) to work on /home/airflow/.local/lib/python3.10/site-packages/airflow/example_dags/example_python_operator.py
[2025-01-15T21:53:16.380+0000] {processor.py:829} INFO - Processing file /home/airflow/.local/lib/python3.10/site-packages/airflow/example_dags/example_python_operator.py for tasks to queue
[2025-01-15T21:53:16.382+0000] {logging_mixin.py:154} INFO - [2025-01-15T21:53:16.382+0000] {dagbag.py:536} INFO - Filling up the DagBag from /home/airflow/.local/lib/python3.10/site-packages/airflow/example_dags/example_python_operator.py
[2025-01-15T21:53:16.391+0000] {processor.py:839} INFO - DAG(s) dict_keys(['example_python_operator']) retrieved from /home/airflow/.local/lib/python3.10/site-packages/airflow/example_dags/example_python_operator.py
[2025-01-15T21:53:16.412+0000] {logging_mixin.py:154} INFO - [2025-01-15T21:53:16.412+0000] {dag.py:2941} INFO - Sync 1 DAGs
[2025-01-15T21:53:16.424+0000] {logging_mixin.py:154} INFO - [2025-01-15T21:53:16.424+0000] {dag.py:3722} INFO - Setting next_dagrun for example_python_operator to None, run_after=None
[2025-01-15T21:53:16.440+0000] {processor.py:179} INFO - Processing /home/airflow/.local/lib/python3.10/site-packages/airflow/example_dags/example_python_operator.py took 0.065 seconds
[2025-01-15T21:53:47.734+0000] {processor.py:157} INFO - Started process (PID=651) to work on /home/airflow/.local/lib/python3.10/site-packages/airflow/example_dags/example_python_operator.py
[2025-01-15T21:53:47.735+0000] {processor.py:829} INFO - Processing file /home/airflow/.local/lib/python3.10/site-packages/airflow/example_dags/example_python_operator.py for tasks to queue
[2025-01-15T21:53:47.738+0000] {logging_mixin.py:154} INFO - [2025-01-15T21:53:47.737+0000] {dagbag.py:536} INFO - Filling up the DagBag from /home/airflow/.local/lib/python3.10/site-packages/airflow/example_dags/example_python_operator.py
[2025-01-15T21:53:47.747+0000] {processor.py:839} INFO - DAG(s) dict_keys(['example_python_operator']) retrieved from /home/airflow/.local/lib/python3.10/site-packages/airflow/example_dags/example_python_operator.py
[2025-01-15T21:53:47.769+0000] {logging_mixin.py:154} INFO - [2025-01-15T21:53:47.769+0000] {dag.py:2941} INFO - Sync 1 DAGs
[2025-01-15T21:53:47.781+0000] {logging_mixin.py:154} INFO - [2025-01-15T21:53:47.781+0000] {dag.py:3722} INFO - Setting next_dagrun for example_python_operator to None, run_after=None
[2025-01-15T21:53:47.800+0000] {processor.py:179} INFO - Processing /home/airflow/.local/lib/python3.10/site-packages/airflow/example_dags/example_python_operator.py took 0.069 seconds
[2025-01-15T21:54:18.540+0000] {processor.py:157} INFO - Started process (PID=707) to work on /home/airflow/.local/lib/python3.10/site-packages/airflow/example_dags/example_python_operator.py
[2025-01-15T21:54:18.541+0000] {processor.py:829} INFO - Processing file /home/airflow/.local/lib/python3.10/site-packages/airflow/example_dags/example_python_operator.py for tasks to queue
[2025-01-15T21:54:18.543+0000] {logging_mixin.py:154} INFO - [2025-01-15T21:54:18.542+0000] {dagbag.py:536} INFO - Filling up the DagBag from /home/airflow/.local/lib/python3.10/site-packages/airflow/example_dags/example_python_operator.py
[2025-01-15T21:54:18.552+0000] {processor.py:839} INFO - DAG(s) dict_keys(['example_python_operator']) retrieved from /home/airflow/.local/lib/python3.10/site-packages/airflow/example_dags/example_python_operator.py
[2025-01-15T21:54:18.573+0000] {logging_mixin.py:154} INFO - [2025-01-15T21:54:18.573+0000] {dag.py:2941} INFO - Sync 1 DAGs
[2025-01-15T21:54:18.584+0000] {logging_mixin.py:154} INFO - [2025-01-15T21:54:18.584+0000] {dag.py:3722} INFO - Setting next_dagrun for example_python_operator to None, run_after=None
[2025-01-15T21:54:18.600+0000] {processor.py:179} INFO - Processing /home/airflow/.local/lib/python3.10/site-packages/airflow/example_dags/example_python_operator.py took 0.063 seconds
[2025-01-15T21:54:49.716+0000] {processor.py:157} INFO - Started process (PID=763) to work on /home/airflow/.local/lib/python3.10/site-packages/airflow/example_dags/example_python_operator.py
[2025-01-15T21:54:49.717+0000] {processor.py:829} INFO - Processing file /home/airflow/.local/lib/python3.10/site-packages/airflow/example_dags/example_python_operator.py for tasks to queue
[2025-01-15T21:54:49.718+0000] {logging_mixin.py:154} INFO - [2025-01-15T21:54:49.718+0000] {dagbag.py:536} INFO - Filling up the DagBag from /home/airflow/.local/lib/python3.10/site-packages/airflow/example_dags/example_python_operator.py
[2025-01-15T21:54:49.727+0000] {processor.py:839} INFO - DAG(s) dict_keys(['example_python_operator']) retrieved from /home/airflow/.local/lib/python3.10/site-packages/airflow/example_dags/example_python_operator.py
[2025-01-15T21:54:49.748+0000] {logging_mixin.py:154} INFO - [2025-01-15T21:54:49.748+0000] {dag.py:2941} INFO - Sync 1 DAGs
[2025-01-15T21:54:49.759+0000] {logging_mixin.py:154} INFO - [2025-01-15T21:54:49.759+0000] {dag.py:3722} INFO - Setting next_dagrun for example_python_operator to None, run_after=None
[2025-01-15T21:54:49.776+0000] {processor.py:179} INFO - Processing /home/airflow/.local/lib/python3.10/site-packages/airflow/example_dags/example_python_operator.py took 0.063 seconds
[2025-01-15T21:55:20.145+0000] {processor.py:157} INFO - Started process (PID=819) to work on /home/airflow/.local/lib/python3.10/site-packages/airflow/example_dags/example_python_operator.py
[2025-01-15T21:55:20.146+0000] {processor.py:829} INFO - Processing file /home/airflow/.local/lib/python3.10/site-packages/airflow/example_dags/example_python_operator.py for tasks to queue
[2025-01-15T21:55:20.147+0000] {logging_mixin.py:154} INFO - [2025-01-15T21:55:20.147+0000] {dagbag.py:536} INFO - Filling up the DagBag from /home/airflow/.local/lib/python3.10/site-packages/airflow/example_dags/example_python_operator.py
[2025-01-15T21:55:20.155+0000] {processor.py:839} INFO - DAG(s) dict_keys(['example_python_operator']) retrieved from /home/airflow/.local/lib/python3.10/site-packages/airflow/example_dags/example_python_operator.py
[2025-01-15T21:55:20.175+0000] {logging_mixin.py:154} INFO - [2025-01-15T21:55:20.175+0000] {dag.py:2941} INFO - Sync 1 DAGs
[2025-01-15T21:55:20.185+0000] {logging_mixin.py:154} INFO - [2025-01-15T21:55:20.185+0000] {dag.py:3722} INFO - Setting next_dagrun for example_python_operator to None, run_after=None
[2025-01-15T21:55:20.202+0000] {processor.py:179} INFO - Processing /home/airflow/.local/lib/python3.10/site-packages/airflow/example_dags/example_python_operator.py took 0.060 seconds
[2025-01-15T21:55:51.499+0000] {processor.py:157} INFO - Started process (PID=882) to work on /home/airflow/.local/lib/python3.10/site-packages/airflow/example_dags/example_python_operator.py
[2025-01-15T21:55:51.500+0000] {processor.py:829} INFO - Processing file /home/airflow/.local/lib/python3.10/site-packages/airflow/example_dags/example_python_operator.py for tasks to queue
[2025-01-15T21:55:51.502+0000] {logging_mixin.py:154} INFO - [2025-01-15T21:55:51.502+0000] {dagbag.py:536} INFO - Filling up the DagBag from /home/airflow/.local/lib/python3.10/site-packages/airflow/example_dags/example_python_operator.py
[2025-01-15T21:55:51.510+0000] {processor.py:839} INFO - DAG(s) dict_keys(['example_python_operator']) retrieved from /home/airflow/.local/lib/python3.10/site-packages/airflow/example_dags/example_python_operator.py
[2025-01-15T21:55:51.535+0000] {logging_mixin.py:154} INFO - [2025-01-15T21:55:51.534+0000] {dag.py:2941} INFO - Sync 1 DAGs
[2025-01-15T21:55:51.550+0000] {logging_mixin.py:154} INFO - [2025-01-15T21:55:51.549+0000] {dag.py:3722} INFO - Setting next_dagrun for example_python_operator to None, run_after=None
[2025-01-15T21:55:51.566+0000] {processor.py:179} INFO - Processing /home/airflow/.local/lib/python3.10/site-packages/airflow/example_dags/example_python_operator.py took 0.070 seconds
[2025-01-15T21:56:22.579+0000] {processor.py:157} INFO - Started process (PID=943) to work on /home/airflow/.local/lib/python3.10/site-packages/airflow/example_dags/example_python_operator.py
[2025-01-15T21:56:22.580+0000] {processor.py:829} INFO - Processing file /home/airflow/.local/lib/python3.10/site-packages/airflow/example_dags/example_python_operator.py for tasks to queue
[2025-01-15T21:56:22.582+0000] {logging_mixin.py:154} INFO - [2025-01-15T21:56:22.582+0000] {dagbag.py:536} INFO - Filling up the DagBag from /home/airflow/.local/lib/python3.10/site-packages/airflow/example_dags/example_python_operator.py
[2025-01-15T21:56:22.590+0000] {processor.py:839} INFO - DAG(s) dict_keys(['example_python_operator']) retrieved from /home/airflow/.local/lib/python3.10/site-packages/airflow/example_dags/example_python_operator.py
[2025-01-15T21:56:22.612+0000] {logging_mixin.py:154} INFO - [2025-01-15T21:56:22.611+0000] {dag.py:2941} INFO - Sync 1 DAGs
[2025-01-15T21:56:22.622+0000] {logging_mixin.py:154} INFO - [2025-01-15T21:56:22.622+0000] {dag.py:3722} INFO - Setting next_dagrun for example_python_operator to None, run_after=None
[2025-01-15T21:56:22.639+0000] {processor.py:179} INFO - Processing /home/airflow/.local/lib/python3.10/site-packages/airflow/example_dags/example_python_operator.py took 0.062 seconds
[2025-01-15T21:56:53.823+0000] {processor.py:157} INFO - Started process (PID=999) to work on /home/airflow/.local/lib/python3.10/site-packages/airflow/example_dags/example_python_operator.py
[2025-01-15T21:56:53.824+0000] {processor.py:829} INFO - Processing file /home/airflow/.local/lib/python3.10/site-packages/airflow/example_dags/example_python_operator.py for tasks to queue
[2025-01-15T21:56:53.825+0000] {logging_mixin.py:154} INFO - [2025-01-15T21:56:53.825+0000] {dagbag.py:536} INFO - Filling up the DagBag from /home/airflow/.local/lib/python3.10/site-packages/airflow/example_dags/example_python_operator.py
[2025-01-15T21:56:53.834+0000] {processor.py:839} INFO - DAG(s) dict_keys(['example_python_operator']) retrieved from /home/airflow/.local/lib/python3.10/site-packages/airflow/example_dags/example_python_operator.py
[2025-01-15T21:56:53.855+0000] {logging_mixin.py:154} INFO - [2025-01-15T21:56:53.855+0000] {dag.py:2941} INFO - Sync 1 DAGs
[2025-01-15T21:56:53.866+0000] {logging_mixin.py:154} INFO - [2025-01-15T21:56:53.865+0000] {dag.py:3722} INFO - Setting next_dagrun for example_python_operator to None, run_after=None
[2025-01-15T21:56:54.061+0000] {processor.py:179} INFO - Processing /home/airflow/.local/lib/python3.10/site-packages/airflow/example_dags/example_python_operator.py took 0.241 seconds
[2025-01-15T21:57:24.559+0000] {processor.py:157} INFO - Started process (PID=1051) to work on /home/airflow/.local/lib/python3.10/site-packages/airflow/example_dags/example_python_operator.py
[2025-01-15T21:57:24.560+0000] {processor.py:829} INFO - Processing file /home/airflow/.local/lib/python3.10/site-packages/airflow/example_dags/example_python_operator.py for tasks to queue
[2025-01-15T21:57:24.561+0000] {logging_mixin.py:154} INFO - [2025-01-15T21:57:24.561+0000] {dagbag.py:536} INFO - Filling up the DagBag from /home/airflow/.local/lib/python3.10/site-packages/airflow/example_dags/example_python_operator.py
[2025-01-15T21:57:24.569+0000] {processor.py:839} INFO - DAG(s) dict_keys(['example_python_operator']) retrieved from /home/airflow/.local/lib/python3.10/site-packages/airflow/example_dags/example_python_operator.py
[2025-01-15T21:57:24.590+0000] {logging_mixin.py:154} INFO - [2025-01-15T21:57:24.589+0000] {dag.py:2941} INFO - Sync 1 DAGs
[2025-01-15T21:57:24.601+0000] {logging_mixin.py:154} INFO - [2025-01-15T21:57:24.600+0000] {dag.py:3722} INFO - Setting next_dagrun for example_python_operator to None, run_after=None
[2025-01-15T21:57:24.622+0000] {processor.py:179} INFO - Processing /home/airflow/.local/lib/python3.10/site-packages/airflow/example_dags/example_python_operator.py took 0.066 seconds
[2025-01-15T21:57:54.926+0000] {processor.py:157} INFO - Started process (PID=1107) to work on /home/airflow/.local/lib/python3.10/site-packages/airflow/example_dags/example_python_operator.py
[2025-01-15T21:57:54.927+0000] {processor.py:829} INFO - Processing file /home/airflow/.local/lib/python3.10/site-packages/airflow/example_dags/example_python_operator.py for tasks to queue
[2025-01-15T21:57:54.929+0000] {logging_mixin.py:154} INFO - [2025-01-15T21:57:54.929+0000] {dagbag.py:536} INFO - Filling up the DagBag from /home/airflow/.local/lib/python3.10/site-packages/airflow/example_dags/example_python_operator.py
[2025-01-15T21:57:54.938+0000] {processor.py:839} INFO - DAG(s) dict_keys(['example_python_operator']) retrieved from /home/airflow/.local/lib/python3.10/site-packages/airflow/example_dags/example_python_operator.py
[2025-01-15T21:57:54.958+0000] {logging_mixin.py:154} INFO - [2025-01-15T21:57:54.958+0000] {dag.py:2941} INFO - Sync 1 DAGs
[2025-01-15T21:57:54.969+0000] {logging_mixin.py:154} INFO - [2025-01-15T21:57:54.969+0000] {dag.py:3722} INFO - Setting next_dagrun for example_python_operator to None, run_after=None
[2025-01-15T21:57:54.983+0000] {processor.py:179} INFO - Processing /home/airflow/.local/lib/python3.10/site-packages/airflow/example_dags/example_python_operator.py took 0.060 seconds
[2025-01-15T21:58:25.141+0000] {processor.py:157} INFO - Started process (PID=1162) to work on /home/airflow/.local/lib/python3.10/site-packages/airflow/example_dags/example_python_operator.py
[2025-01-15T21:58:25.142+0000] {processor.py:829} INFO - Processing file /home/airflow/.local/lib/python3.10/site-packages/airflow/example_dags/example_python_operator.py for tasks to queue
[2025-01-15T21:58:25.144+0000] {logging_mixin.py:154} INFO - [2025-01-15T21:58:25.144+0000] {dagbag.py:536} INFO - Filling up the DagBag from /home/airflow/.local/lib/python3.10/site-packages/airflow/example_dags/example_python_operator.py
[2025-01-15T21:58:25.152+0000] {processor.py:839} INFO - DAG(s) dict_keys(['example_python_operator']) retrieved from /home/airflow/.local/lib/python3.10/site-packages/airflow/example_dags/example_python_operator.py
[2025-01-15T21:58:25.173+0000] {logging_mixin.py:154} INFO - [2025-01-15T21:58:25.173+0000] {dag.py:2941} INFO - Sync 1 DAGs
[2025-01-15T21:58:25.184+0000] {logging_mixin.py:154} INFO - [2025-01-15T21:58:25.184+0000] {dag.py:3722} INFO - Setting next_dagrun for example_python_operator to None, run_after=None
[2025-01-15T21:58:25.200+0000] {processor.py:179} INFO - Processing /home/airflow/.local/lib/python3.10/site-packages/airflow/example_dags/example_python_operator.py took 0.062 seconds
[2025-01-15T21:58:55.326+0000] {processor.py:157} INFO - Started process (PID=1218) to work on /home/airflow/.local/lib/python3.10/site-packages/airflow/example_dags/example_python_operator.py
[2025-01-15T21:58:55.327+0000] {processor.py:829} INFO - Processing file /home/airflow/.local/lib/python3.10/site-packages/airflow/example_dags/example_python_operator.py for tasks to queue
[2025-01-15T21:58:55.330+0000] {logging_mixin.py:154} INFO - [2025-01-15T21:58:55.329+0000] {dagbag.py:536} INFO - Filling up the DagBag from /home/airflow/.local/lib/python3.10/site-packages/airflow/example_dags/example_python_operator.py
[2025-01-15T21:58:55.339+0000] {processor.py:839} INFO - DAG(s) dict_keys(['example_python_operator']) retrieved from /home/airflow/.local/lib/python3.10/site-packages/airflow/example_dags/example_python_operator.py
[2025-01-15T21:58:55.360+0000] {logging_mixin.py:154} INFO - [2025-01-15T21:58:55.360+0000] {dag.py:2941} INFO - Sync 1 DAGs
[2025-01-15T21:58:55.371+0000] {logging_mixin.py:154} INFO - [2025-01-15T21:58:55.371+0000] {dag.py:3722} INFO - Setting next_dagrun for example_python_operator to None, run_after=None
[2025-01-15T21:58:55.388+0000] {processor.py:179} INFO - Processing /home/airflow/.local/lib/python3.10/site-packages/airflow/example_dags/example_python_operator.py took 0.065 seconds
[2025-01-15T21:59:26.903+0000] {processor.py:157} INFO - Started process (PID=1274) to work on /home/airflow/.local/lib/python3.10/site-packages/airflow/example_dags/example_python_operator.py
[2025-01-15T21:59:26.904+0000] {processor.py:829} INFO - Processing file /home/airflow/.local/lib/python3.10/site-packages/airflow/example_dags/example_python_operator.py for tasks to queue
[2025-01-15T21:59:26.906+0000] {logging_mixin.py:154} INFO - [2025-01-15T21:59:26.906+0000] {dagbag.py:536} INFO - Filling up the DagBag from /home/airflow/.local/lib/python3.10/site-packages/airflow/example_dags/example_python_operator.py
[2025-01-15T21:59:26.915+0000] {processor.py:839} INFO - DAG(s) dict_keys(['example_python_operator']) retrieved from /home/airflow/.local/lib/python3.10/site-packages/airflow/example_dags/example_python_operator.py
[2025-01-15T21:59:27.092+0000] {logging_mixin.py:154} INFO - [2025-01-15T21:59:27.091+0000] {dag.py:2941} INFO - Sync 1 DAGs
[2025-01-15T21:59:27.102+0000] {logging_mixin.py:154} INFO - [2025-01-15T21:59:27.102+0000] {dag.py:3722} INFO - Setting next_dagrun for example_python_operator to None, run_after=None
[2025-01-15T21:59:27.118+0000] {processor.py:179} INFO - Processing /home/airflow/.local/lib/python3.10/site-packages/airflow/example_dags/example_python_operator.py took 0.218 seconds
[2025-01-15T21:59:57.198+0000] {processor.py:157} INFO - Started process (PID=1330) to work on /home/airflow/.local/lib/python3.10/site-packages/airflow/example_dags/example_python_operator.py
[2025-01-15T21:59:57.199+0000] {processor.py:829} INFO - Processing file /home/airflow/.local/lib/python3.10/site-packages/airflow/example_dags/example_python_operator.py for tasks to queue
[2025-01-15T21:59:57.200+0000] {logging_mixin.py:154} INFO - [2025-01-15T21:59:57.200+0000] {dagbag.py:536} INFO - Filling up the DagBag from /home/airflow/.local/lib/python3.10/site-packages/airflow/example_dags/example_python_operator.py
[2025-01-15T21:59:57.208+0000] {processor.py:839} INFO - DAG(s) dict_keys(['example_python_operator']) retrieved from /home/airflow/.local/lib/python3.10/site-packages/airflow/example_dags/example_python_operator.py
[2025-01-15T21:59:57.228+0000] {logging_mixin.py:154} INFO - [2025-01-15T21:59:57.228+0000] {dag.py:2941} INFO - Sync 1 DAGs
[2025-01-15T21:59:57.239+0000] {logging_mixin.py:154} INFO - [2025-01-15T21:59:57.239+0000] {dag.py:3722} INFO - Setting next_dagrun for example_python_operator to None, run_after=None
[2025-01-15T21:59:57.390+0000] {processor.py:179} INFO - Processing /home/airflow/.local/lib/python3.10/site-packages/airflow/example_dags/example_python_operator.py took 0.195 seconds
[2025-01-15T22:00:27.845+0000] {processor.py:157} INFO - Started process (PID=1386) to work on /home/airflow/.local/lib/python3.10/site-packages/airflow/example_dags/example_python_operator.py
[2025-01-15T22:00:27.846+0000] {processor.py:829} INFO - Processing file /home/airflow/.local/lib/python3.10/site-packages/airflow/example_dags/example_python_operator.py for tasks to queue
[2025-01-15T22:00:27.848+0000] {logging_mixin.py:154} INFO - [2025-01-15T22:00:27.848+0000] {dagbag.py:536} INFO - Filling up the DagBag from /home/airflow/.local/lib/python3.10/site-packages/airflow/example_dags/example_python_operator.py
[2025-01-15T22:00:27.857+0000] {processor.py:839} INFO - DAG(s) dict_keys(['example_python_operator']) retrieved from /home/airflow/.local/lib/python3.10/site-packages/airflow/example_dags/example_python_operator.py
[2025-01-15T22:00:27.878+0000] {logging_mixin.py:154} INFO - [2025-01-15T22:00:27.878+0000] {dag.py:2941} INFO - Sync 1 DAGs
[2025-01-15T22:00:27.889+0000] {logging_mixin.py:154} INFO - [2025-01-15T22:00:27.889+0000] {dag.py:3722} INFO - Setting next_dagrun for example_python_operator to None, run_after=None
[2025-01-15T22:00:27.906+0000] {processor.py:179} INFO - Processing /home/airflow/.local/lib/python3.10/site-packages/airflow/example_dags/example_python_operator.py took 0.064 seconds
[2025-01-15T22:00:59.675+0000] {processor.py:157} INFO - Started process (PID=1442) to work on /home/airflow/.local/lib/python3.10/site-packages/airflow/example_dags/example_python_operator.py
[2025-01-15T22:00:59.676+0000] {processor.py:829} INFO - Processing file /home/airflow/.local/lib/python3.10/site-packages/airflow/example_dags/example_python_operator.py for tasks to queue
[2025-01-15T22:00:59.678+0000] {logging_mixin.py:154} INFO - [2025-01-15T22:00:59.678+0000] {dagbag.py:536} INFO - Filling up the DagBag from /home/airflow/.local/lib/python3.10/site-packages/airflow/example_dags/example_python_operator.py
[2025-01-15T22:00:59.686+0000] {processor.py:839} INFO - DAG(s) dict_keys(['example_python_operator']) retrieved from /home/airflow/.local/lib/python3.10/site-packages/airflow/example_dags/example_python_operator.py
[2025-01-15T22:00:59.849+0000] {logging_mixin.py:154} INFO - [2025-01-15T22:00:59.849+0000] {dag.py:2941} INFO - Sync 1 DAGs
[2025-01-15T22:00:59.860+0000] {logging_mixin.py:154} INFO - [2025-01-15T22:00:59.860+0000] {dag.py:3722} INFO - Setting next_dagrun for example_python_operator to None, run_after=None
[2025-01-15T22:00:59.881+0000] {processor.py:179} INFO - Processing /home/airflow/.local/lib/python3.10/site-packages/airflow/example_dags/example_python_operator.py took 0.209 seconds
[2025-01-15T22:01:30.790+0000] {processor.py:157} INFO - Started process (PID=1498) to work on /home/airflow/.local/lib/python3.10/site-packages/airflow/example_dags/example_python_operator.py
[2025-01-15T22:01:30.791+0000] {processor.py:829} INFO - Processing file /home/airflow/.local/lib/python3.10/site-packages/airflow/example_dags/example_python_operator.py for tasks to queue
[2025-01-15T22:01:30.793+0000] {logging_mixin.py:154} INFO - [2025-01-15T22:01:30.793+0000] {dagbag.py:536} INFO - Filling up the DagBag from /home/airflow/.local/lib/python3.10/site-packages/airflow/example_dags/example_python_operator.py
[2025-01-15T22:01:30.801+0000] {processor.py:839} INFO - DAG(s) dict_keys(['example_python_operator']) retrieved from /home/airflow/.local/lib/python3.10/site-packages/airflow/example_dags/example_python_operator.py
[2025-01-15T22:01:30.828+0000] {logging_mixin.py:154} INFO - [2025-01-15T22:01:30.827+0000] {dag.py:2941} INFO - Sync 1 DAGs
[2025-01-15T22:01:30.842+0000] {logging_mixin.py:154} INFO - [2025-01-15T22:01:30.842+0000] {dag.py:3722} INFO - Setting next_dagrun for example_python_operator to None, run_after=None
[2025-01-15T22:01:31.014+0000] {processor.py:179} INFO - Processing /home/airflow/.local/lib/python3.10/site-packages/airflow/example_dags/example_python_operator.py took 0.226 seconds
[2025-01-15T22:02:01.774+0000] {processor.py:157} INFO - Started process (PID=1554) to work on /home/airflow/.local/lib/python3.10/site-packages/airflow/example_dags/example_python_operator.py
[2025-01-15T22:02:01.774+0000] {processor.py:829} INFO - Processing file /home/airflow/.local/lib/python3.10/site-packages/airflow/example_dags/example_python_operator.py for tasks to queue
[2025-01-15T22:02:01.776+0000] {logging_mixin.py:154} INFO - [2025-01-15T22:02:01.776+0000] {dagbag.py:536} INFO - Filling up the DagBag from /home/airflow/.local/lib/python3.10/site-packages/airflow/example_dags/example_python_operator.py
[2025-01-15T22:02:01.785+0000] {processor.py:839} INFO - DAG(s) dict_keys(['example_python_operator']) retrieved from /home/airflow/.local/lib/python3.10/site-packages/airflow/example_dags/example_python_operator.py
[2025-01-15T22:02:01.805+0000] {logging_mixin.py:154} INFO - [2025-01-15T22:02:01.805+0000] {dag.py:2941} INFO - Sync 1 DAGs
[2025-01-15T22:02:01.816+0000] {logging_mixin.py:154} INFO - [2025-01-15T22:02:01.816+0000] {dag.py:3722} INFO - Setting next_dagrun for example_python_operator to None, run_after=None
[2025-01-15T22:02:01.831+0000] {processor.py:179} INFO - Processing /home/airflow/.local/lib/python3.10/site-packages/airflow/example_dags/example_python_operator.py took 0.060 seconds
[2025-01-15T22:02:32.437+0000] {processor.py:157} INFO - Started process (PID=1617) to work on /home/airflow/.local/lib/python3.10/site-packages/airflow/example_dags/example_python_operator.py
[2025-01-15T22:02:32.437+0000] {processor.py:829} INFO - Processing file /home/airflow/.local/lib/python3.10/site-packages/airflow/example_dags/example_python_operator.py for tasks to queue
[2025-01-15T22:02:32.439+0000] {logging_mixin.py:154} INFO - [2025-01-15T22:02:32.439+0000] {dagbag.py:536} INFO - Filling up the DagBag from /home/airflow/.local/lib/python3.10/site-packages/airflow/example_dags/example_python_operator.py
[2025-01-15T22:02:32.447+0000] {processor.py:839} INFO - DAG(s) dict_keys(['example_python_operator']) retrieved from /home/airflow/.local/lib/python3.10/site-packages/airflow/example_dags/example_python_operator.py
[2025-01-15T22:02:32.610+0000] {logging_mixin.py:154} INFO - [2025-01-15T22:02:32.609+0000] {dag.py:2941} INFO - Sync 1 DAGs
[2025-01-15T22:02:32.619+0000] {logging_mixin.py:154} INFO - [2025-01-15T22:02:32.619+0000] {dag.py:3722} INFO - Setting next_dagrun for example_python_operator to None, run_after=None
[2025-01-15T22:02:32.640+0000] {processor.py:179} INFO - Processing /home/airflow/.local/lib/python3.10/site-packages/airflow/example_dags/example_python_operator.py took 0.206 seconds
[2025-01-15T22:04:09.127+0000] {processor.py:157} INFO - Started process (PID=90) to work on /home/airflow/.local/lib/python3.10/site-packages/airflow/example_dags/example_python_operator.py
[2025-01-15T22:04:09.129+0000] {processor.py:829} INFO - Processing file /home/airflow/.local/lib/python3.10/site-packages/airflow/example_dags/example_python_operator.py for tasks to queue
[2025-01-15T22:04:09.133+0000] {logging_mixin.py:154} INFO - [2025-01-15T22:04:09.132+0000] {dagbag.py:536} INFO - Filling up the DagBag from /home/airflow/.local/lib/python3.10/site-packages/airflow/example_dags/example_python_operator.py
[2025-01-15T22:04:09.150+0000] {processor.py:839} INFO - DAG(s) dict_keys(['example_python_operator']) retrieved from /home/airflow/.local/lib/python3.10/site-packages/airflow/example_dags/example_python_operator.py
[2025-01-15T22:04:09.165+0000] {logging_mixin.py:154} INFO - [2025-01-15T22:04:09.165+0000] {dag.py:2941} INFO - Sync 1 DAGs
[2025-01-15T22:04:09.180+0000] {logging_mixin.py:154} INFO - [2025-01-15T22:04:09.180+0000] {dag.py:3722} INFO - Setting next_dagrun for example_python_operator to None, run_after=None
[2025-01-15T22:04:09.200+0000] {processor.py:179} INFO - Processing /home/airflow/.local/lib/python3.10/site-packages/airflow/example_dags/example_python_operator.py took 0.077 seconds
[2025-01-15T22:04:40.427+0000] {processor.py:157} INFO - Started process (PID=146) to work on /home/airflow/.local/lib/python3.10/site-packages/airflow/example_dags/example_python_operator.py
[2025-01-15T22:04:40.428+0000] {processor.py:829} INFO - Processing file /home/airflow/.local/lib/python3.10/site-packages/airflow/example_dags/example_python_operator.py for tasks to queue
[2025-01-15T22:04:40.430+0000] {logging_mixin.py:154} INFO - [2025-01-15T22:04:40.430+0000] {dagbag.py:536} INFO - Filling up the DagBag from /home/airflow/.local/lib/python3.10/site-packages/airflow/example_dags/example_python_operator.py
[2025-01-15T22:04:40.439+0000] {processor.py:839} INFO - DAG(s) dict_keys(['example_python_operator']) retrieved from /home/airflow/.local/lib/python3.10/site-packages/airflow/example_dags/example_python_operator.py
[2025-01-15T22:04:40.554+0000] {logging_mixin.py:154} INFO - [2025-01-15T22:04:40.554+0000] {dag.py:2941} INFO - Sync 1 DAGs
[2025-01-15T22:04:40.566+0000] {logging_mixin.py:154} INFO - [2025-01-15T22:04:40.566+0000] {dag.py:3722} INFO - Setting next_dagrun for example_python_operator to None, run_after=None
[2025-01-15T22:04:40.590+0000] {processor.py:179} INFO - Processing /home/airflow/.local/lib/python3.10/site-packages/airflow/example_dags/example_python_operator.py took 0.166 seconds
[2025-01-15T22:05:11.464+0000] {processor.py:157} INFO - Started process (PID=202) to work on /home/airflow/.local/lib/python3.10/site-packages/airflow/example_dags/example_python_operator.py
[2025-01-15T22:05:11.465+0000] {processor.py:829} INFO - Processing file /home/airflow/.local/lib/python3.10/site-packages/airflow/example_dags/example_python_operator.py for tasks to queue
[2025-01-15T22:05:11.467+0000] {logging_mixin.py:154} INFO - [2025-01-15T22:05:11.467+0000] {dagbag.py:536} INFO - Filling up the DagBag from /home/airflow/.local/lib/python3.10/site-packages/airflow/example_dags/example_python_operator.py
[2025-01-15T22:05:11.476+0000] {processor.py:839} INFO - DAG(s) dict_keys(['example_python_operator']) retrieved from /home/airflow/.local/lib/python3.10/site-packages/airflow/example_dags/example_python_operator.py
[2025-01-15T22:05:11.500+0000] {logging_mixin.py:154} INFO - [2025-01-15T22:05:11.499+0000] {dag.py:2941} INFO - Sync 1 DAGs
[2025-01-15T22:05:11.513+0000] {logging_mixin.py:154} INFO - [2025-01-15T22:05:11.512+0000] {dag.py:3722} INFO - Setting next_dagrun for example_python_operator to None, run_after=None
[2025-01-15T22:05:11.534+0000] {processor.py:179} INFO - Processing /home/airflow/.local/lib/python3.10/site-packages/airflow/example_dags/example_python_operator.py took 0.074 seconds
[2025-01-15T22:05:42.055+0000] {processor.py:157} INFO - Started process (PID=258) to work on /home/airflow/.local/lib/python3.10/site-packages/airflow/example_dags/example_python_operator.py
[2025-01-15T22:05:42.056+0000] {processor.py:829} INFO - Processing file /home/airflow/.local/lib/python3.10/site-packages/airflow/example_dags/example_python_operator.py for tasks to queue
[2025-01-15T22:05:42.058+0000] {logging_mixin.py:154} INFO - [2025-01-15T22:05:42.058+0000] {dagbag.py:536} INFO - Filling up the DagBag from /home/airflow/.local/lib/python3.10/site-packages/airflow/example_dags/example_python_operator.py
[2025-01-15T22:05:42.067+0000] {processor.py:839} INFO - DAG(s) dict_keys(['example_python_operator']) retrieved from /home/airflow/.local/lib/python3.10/site-packages/airflow/example_dags/example_python_operator.py
[2025-01-15T22:05:42.088+0000] {logging_mixin.py:154} INFO - [2025-01-15T22:05:42.088+0000] {dag.py:2941} INFO - Sync 1 DAGs
[2025-01-15T22:05:42.100+0000] {logging_mixin.py:154} INFO - [2025-01-15T22:05:42.100+0000] {dag.py:3722} INFO - Setting next_dagrun for example_python_operator to None, run_after=None
[2025-01-15T22:05:42.121+0000] {processor.py:179} INFO - Processing /home/airflow/.local/lib/python3.10/site-packages/airflow/example_dags/example_python_operator.py took 0.068 seconds
[2025-01-15T22:06:12.721+0000] {processor.py:157} INFO - Started process (PID=314) to work on /home/airflow/.local/lib/python3.10/site-packages/airflow/example_dags/example_python_operator.py
[2025-01-15T22:06:12.722+0000] {processor.py:829} INFO - Processing file /home/airflow/.local/lib/python3.10/site-packages/airflow/example_dags/example_python_operator.py for tasks to queue
[2025-01-15T22:06:12.724+0000] {logging_mixin.py:154} INFO - [2025-01-15T22:06:12.723+0000] {dagbag.py:536} INFO - Filling up the DagBag from /home/airflow/.local/lib/python3.10/site-packages/airflow/example_dags/example_python_operator.py
[2025-01-15T22:06:12.732+0000] {processor.py:839} INFO - DAG(s) dict_keys(['example_python_operator']) retrieved from /home/airflow/.local/lib/python3.10/site-packages/airflow/example_dags/example_python_operator.py
[2025-01-15T22:06:12.754+0000] {logging_mixin.py:154} INFO - [2025-01-15T22:06:12.753+0000] {dag.py:2941} INFO - Sync 1 DAGs
[2025-01-15T22:06:12.765+0000] {logging_mixin.py:154} INFO - [2025-01-15T22:06:12.764+0000] {dag.py:3722} INFO - Setting next_dagrun for example_python_operator to None, run_after=None
[2025-01-15T22:06:12.782+0000] {processor.py:179} INFO - Processing /home/airflow/.local/lib/python3.10/site-packages/airflow/example_dags/example_python_operator.py took 0.064 seconds
[2025-01-15T22:06:43.537+0000] {processor.py:157} INFO - Started process (PID=370) to work on /home/airflow/.local/lib/python3.10/site-packages/airflow/example_dags/example_python_operator.py
[2025-01-15T22:06:43.538+0000] {processor.py:829} INFO - Processing file /home/airflow/.local/lib/python3.10/site-packages/airflow/example_dags/example_python_operator.py for tasks to queue
[2025-01-15T22:06:43.540+0000] {logging_mixin.py:154} INFO - [2025-01-15T22:06:43.539+0000] {dagbag.py:536} INFO - Filling up the DagBag from /home/airflow/.local/lib/python3.10/site-packages/airflow/example_dags/example_python_operator.py
[2025-01-15T22:06:43.549+0000] {processor.py:839} INFO - DAG(s) dict_keys(['example_python_operator']) retrieved from /home/airflow/.local/lib/python3.10/site-packages/airflow/example_dags/example_python_operator.py
[2025-01-15T22:06:43.570+0000] {logging_mixin.py:154} INFO - [2025-01-15T22:06:43.570+0000] {dag.py:2941} INFO - Sync 1 DAGs
[2025-01-15T22:06:43.584+0000] {logging_mixin.py:154} INFO - [2025-01-15T22:06:43.584+0000] {dag.py:3722} INFO - Setting next_dagrun for example_python_operator to None, run_after=None
[2025-01-15T22:06:43.604+0000] {processor.py:179} INFO - Processing /home/airflow/.local/lib/python3.10/site-packages/airflow/example_dags/example_python_operator.py took 0.071 seconds
[2025-01-15T22:07:14.047+0000] {processor.py:157} INFO - Started process (PID=426) to work on /home/airflow/.local/lib/python3.10/site-packages/airflow/example_dags/example_python_operator.py
[2025-01-15T22:07:14.049+0000] {processor.py:829} INFO - Processing file /home/airflow/.local/lib/python3.10/site-packages/airflow/example_dags/example_python_operator.py for tasks to queue
[2025-01-15T22:07:14.051+0000] {logging_mixin.py:154} INFO - [2025-01-15T22:07:14.051+0000] {dagbag.py:536} INFO - Filling up the DagBag from /home/airflow/.local/lib/python3.10/site-packages/airflow/example_dags/example_python_operator.py
[2025-01-15T22:07:14.061+0000] {processor.py:839} INFO - DAG(s) dict_keys(['example_python_operator']) retrieved from /home/airflow/.local/lib/python3.10/site-packages/airflow/example_dags/example_python_operator.py
[2025-01-15T22:07:14.088+0000] {logging_mixin.py:154} INFO - [2025-01-15T22:07:14.087+0000] {dag.py:2941} INFO - Sync 1 DAGs
[2025-01-15T22:07:14.105+0000] {logging_mixin.py:154} INFO - [2025-01-15T22:07:14.105+0000] {dag.py:3722} INFO - Setting next_dagrun for example_python_operator to None, run_after=None
[2025-01-15T22:07:14.129+0000] {processor.py:179} INFO - Processing /home/airflow/.local/lib/python3.10/site-packages/airflow/example_dags/example_python_operator.py took 0.085 seconds
[2025-01-15T22:08:34.420+0000] {processor.py:157} INFO - Started process (PID=92) to work on /home/airflow/.local/lib/python3.10/site-packages/airflow/example_dags/example_python_operator.py
[2025-01-15T22:08:34.421+0000] {processor.py:829} INFO - Processing file /home/airflow/.local/lib/python3.10/site-packages/airflow/example_dags/example_python_operator.py for tasks to queue
[2025-01-15T22:08:34.424+0000] {logging_mixin.py:154} INFO - [2025-01-15T22:08:34.423+0000] {dagbag.py:536} INFO - Filling up the DagBag from /home/airflow/.local/lib/python3.10/site-packages/airflow/example_dags/example_python_operator.py
[2025-01-15T22:08:34.436+0000] {processor.py:839} INFO - DAG(s) dict_keys(['example_python_operator']) retrieved from /home/airflow/.local/lib/python3.10/site-packages/airflow/example_dags/example_python_operator.py
[2025-01-15T22:08:34.450+0000] {logging_mixin.py:154} INFO - [2025-01-15T22:08:34.450+0000] {dag.py:2941} INFO - Sync 1 DAGs
[2025-01-15T22:08:34.465+0000] {logging_mixin.py:154} INFO - [2025-01-15T22:08:34.465+0000] {dag.py:3722} INFO - Setting next_dagrun for example_python_operator to None, run_after=None
[2025-01-15T22:08:34.486+0000] {processor.py:179} INFO - Processing /home/airflow/.local/lib/python3.10/site-packages/airflow/example_dags/example_python_operator.py took 0.071 seconds
[2025-01-15T22:09:06.484+0000] {processor.py:157} INFO - Started process (PID=148) to work on /home/airflow/.local/lib/python3.10/site-packages/airflow/example_dags/example_python_operator.py
[2025-01-15T22:09:06.486+0000] {processor.py:829} INFO - Processing file /home/airflow/.local/lib/python3.10/site-packages/airflow/example_dags/example_python_operator.py for tasks to queue
[2025-01-15T22:09:06.489+0000] {logging_mixin.py:154} INFO - [2025-01-15T22:09:06.488+0000] {dagbag.py:536} INFO - Filling up the DagBag from /home/airflow/.local/lib/python3.10/site-packages/airflow/example_dags/example_python_operator.py
[2025-01-15T22:09:06.498+0000] {processor.py:839} INFO - DAG(s) dict_keys(['example_python_operator']) retrieved from /home/airflow/.local/lib/python3.10/site-packages/airflow/example_dags/example_python_operator.py
[2025-01-15T22:09:06.606+0000] {logging_mixin.py:154} INFO - [2025-01-15T22:09:06.606+0000] {dag.py:2941} INFO - Sync 1 DAGs
[2025-01-15T22:09:06.619+0000] {logging_mixin.py:154} INFO - [2025-01-15T22:09:06.618+0000] {dag.py:3722} INFO - Setting next_dagrun for example_python_operator to None, run_after=None
[2025-01-15T22:09:06.642+0000] {processor.py:179} INFO - Processing /home/airflow/.local/lib/python3.10/site-packages/airflow/example_dags/example_python_operator.py took 0.161 seconds
