[2025-01-15T21:47:56.896+0000] {processor.py:157} INFO - Started process (PID=67) to work on /home/airflow/.local/lib/python3.10/site-packages/airflow/example_dags/example_branch_operator.py
[2025-01-15T21:47:56.898+0000] {processor.py:829} INFO - Processing file /home/airflow/.local/lib/python3.10/site-packages/airflow/example_dags/example_branch_operator.py for tasks to queue
[2025-01-15T21:47:56.900+0000] {logging_mixin.py:154} INFO - [2025-01-15T21:47:56.900+0000] {dagbag.py:536} INFO - Filling up the DagBag from /home/airflow/.local/lib/python3.10/site-packages/airflow/example_dags/example_branch_operator.py
[2025-01-15T21:47:56.914+0000] {processor.py:839} INFO - DAG(s) dict_keys(['example_branch_operator']) retrieved from /home/airflow/.local/lib/python3.10/site-packages/airflow/example_dags/example_branch_operator.py
[2025-01-15T21:47:56.948+0000] {logging_mixin.py:154} INFO - [2025-01-15T21:47:56.948+0000] {dag.py:2941} INFO - Sync 1 DAGs
[2025-01-15T21:47:56.970+0000] {logging_mixin.py:154} INFO - [2025-01-15T21:47:56.970+0000] {dag.py:3722} INFO - Setting next_dagrun for example_branch_operator to 2025-01-14T00:00:00+00:00, run_after=2025-01-15T00:00:00+00:00
[2025-01-15T21:47:56.986+0000] {processor.py:179} INFO - Processing /home/airflow/.local/lib/python3.10/site-packages/airflow/example_dags/example_branch_operator.py took 0.093 seconds
[2025-01-15T21:48:39.063+0000] {processor.py:157} INFO - Started process (PID=74) to work on /home/airflow/.local/lib/python3.10/site-packages/airflow/example_dags/example_branch_operator.py
[2025-01-15T21:48:39.064+0000] {processor.py:829} INFO - Processing file /home/airflow/.local/lib/python3.10/site-packages/airflow/example_dags/example_branch_operator.py for tasks to queue
[2025-01-15T21:48:39.067+0000] {logging_mixin.py:154} INFO - [2025-01-15T21:48:39.067+0000] {dagbag.py:536} INFO - Filling up the DagBag from /home/airflow/.local/lib/python3.10/site-packages/airflow/example_dags/example_branch_operator.py
[2025-01-15T21:48:39.083+0000] {processor.py:839} INFO - DAG(s) dict_keys(['example_branch_operator']) retrieved from /home/airflow/.local/lib/python3.10/site-packages/airflow/example_dags/example_branch_operator.py
[2025-01-15T21:48:40.018+0000] {logging_mixin.py:154} INFO - [2025-01-15T21:48:40.017+0000] {dag.py:2941} INFO - Sync 1 DAGs
[2025-01-15T21:48:40.062+0000] {logging_mixin.py:154} INFO - [2025-01-15T21:48:40.062+0000] {dag.py:3722} INFO - Setting next_dagrun for example_branch_operator to 2025-01-14T00:00:00+00:00, run_after=2025-01-15T00:00:00+00:00
[2025-01-15T21:48:38.982+0000] {processor.py:179} INFO - Processing /home/airflow/.local/lib/python3.10/site-packages/airflow/example_dags/example_branch_operator.py took 0.133 seconds
[2025-01-15T21:49:09.184+0000] {processor.py:157} INFO - Started process (PID=129) to work on /home/airflow/.local/lib/python3.10/site-packages/airflow/example_dags/example_branch_operator.py
[2025-01-15T21:49:09.185+0000] {processor.py:829} INFO - Processing file /home/airflow/.local/lib/python3.10/site-packages/airflow/example_dags/example_branch_operator.py for tasks to queue
[2025-01-15T21:49:09.186+0000] {logging_mixin.py:154} INFO - [2025-01-15T21:49:09.186+0000] {dagbag.py:536} INFO - Filling up the DagBag from /home/airflow/.local/lib/python3.10/site-packages/airflow/example_dags/example_branch_operator.py
[2025-01-15T21:49:09.194+0000] {processor.py:839} INFO - DAG(s) dict_keys(['example_branch_operator']) retrieved from /home/airflow/.local/lib/python3.10/site-packages/airflow/example_dags/example_branch_operator.py
[2025-01-15T21:49:09.213+0000] {logging_mixin.py:154} INFO - [2025-01-15T21:49:09.212+0000] {dag.py:2941} INFO - Sync 1 DAGs
[2025-01-15T21:49:09.230+0000] {logging_mixin.py:154} INFO - [2025-01-15T21:49:09.230+0000] {dag.py:3722} INFO - Setting next_dagrun for example_branch_operator to 2025-01-14T00:00:00+00:00, run_after=2025-01-15T00:00:00+00:00
[2025-01-15T21:49:09.244+0000] {processor.py:179} INFO - Processing /home/airflow/.local/lib/python3.10/site-packages/airflow/example_dags/example_branch_operator.py took 0.063 seconds
[2025-01-15T21:49:39.772+0000] {processor.py:157} INFO - Started process (PID=186) to work on /home/airflow/.local/lib/python3.10/site-packages/airflow/example_dags/example_branch_operator.py
[2025-01-15T21:49:39.773+0000] {processor.py:829} INFO - Processing file /home/airflow/.local/lib/python3.10/site-packages/airflow/example_dags/example_branch_operator.py for tasks to queue
[2025-01-15T21:49:39.775+0000] {logging_mixin.py:154} INFO - [2025-01-15T21:49:39.775+0000] {dagbag.py:536} INFO - Filling up the DagBag from /home/airflow/.local/lib/python3.10/site-packages/airflow/example_dags/example_branch_operator.py
[2025-01-15T21:49:39.783+0000] {processor.py:839} INFO - DAG(s) dict_keys(['example_branch_operator']) retrieved from /home/airflow/.local/lib/python3.10/site-packages/airflow/example_dags/example_branch_operator.py
[2025-01-15T21:49:39.802+0000] {logging_mixin.py:154} INFO - [2025-01-15T21:49:39.802+0000] {dag.py:2941} INFO - Sync 1 DAGs
[2025-01-15T21:49:39.823+0000] {logging_mixin.py:154} INFO - [2025-01-15T21:49:39.823+0000] {dag.py:3722} INFO - Setting next_dagrun for example_branch_operator to 2025-01-14T00:00:00+00:00, run_after=2025-01-15T00:00:00+00:00
[2025-01-15T21:49:39.838+0000] {processor.py:179} INFO - Processing /home/airflow/.local/lib/python3.10/site-packages/airflow/example_dags/example_branch_operator.py took 0.069 seconds
[2025-01-15T21:50:09.868+0000] {processor.py:157} INFO - Started process (PID=243) to work on /home/airflow/.local/lib/python3.10/site-packages/airflow/example_dags/example_branch_operator.py
[2025-01-15T21:50:09.868+0000] {processor.py:829} INFO - Processing file /home/airflow/.local/lib/python3.10/site-packages/airflow/example_dags/example_branch_operator.py for tasks to queue
[2025-01-15T21:50:09.870+0000] {logging_mixin.py:154} INFO - [2025-01-15T21:50:09.870+0000] {dagbag.py:536} INFO - Filling up the DagBag from /home/airflow/.local/lib/python3.10/site-packages/airflow/example_dags/example_branch_operator.py
[2025-01-15T21:50:09.877+0000] {processor.py:839} INFO - DAG(s) dict_keys(['example_branch_operator']) retrieved from /home/airflow/.local/lib/python3.10/site-packages/airflow/example_dags/example_branch_operator.py
[2025-01-15T21:50:09.895+0000] {logging_mixin.py:154} INFO - [2025-01-15T21:50:09.894+0000] {dag.py:2941} INFO - Sync 1 DAGs
[2025-01-15T21:50:09.912+0000] {logging_mixin.py:154} INFO - [2025-01-15T21:50:09.912+0000] {dag.py:3722} INFO - Setting next_dagrun for example_branch_operator to 2025-01-14T00:00:00+00:00, run_after=2025-01-15T00:00:00+00:00
[2025-01-15T21:50:09.925+0000] {processor.py:179} INFO - Processing /home/airflow/.local/lib/python3.10/site-packages/airflow/example_dags/example_branch_operator.py took 0.059 seconds
[2025-01-15T21:50:40.357+0000] {processor.py:157} INFO - Started process (PID=299) to work on /home/airflow/.local/lib/python3.10/site-packages/airflow/example_dags/example_branch_operator.py
[2025-01-15T21:50:40.358+0000] {processor.py:829} INFO - Processing file /home/airflow/.local/lib/python3.10/site-packages/airflow/example_dags/example_branch_operator.py for tasks to queue
[2025-01-15T21:50:40.360+0000] {logging_mixin.py:154} INFO - [2025-01-15T21:50:40.360+0000] {dagbag.py:536} INFO - Filling up the DagBag from /home/airflow/.local/lib/python3.10/site-packages/airflow/example_dags/example_branch_operator.py
[2025-01-15T21:50:40.368+0000] {processor.py:839} INFO - DAG(s) dict_keys(['example_branch_operator']) retrieved from /home/airflow/.local/lib/python3.10/site-packages/airflow/example_dags/example_branch_operator.py
[2025-01-15T21:50:40.390+0000] {logging_mixin.py:154} INFO - [2025-01-15T21:50:40.390+0000] {dag.py:2941} INFO - Sync 1 DAGs
[2025-01-15T21:50:40.413+0000] {logging_mixin.py:154} INFO - [2025-01-15T21:50:40.413+0000] {dag.py:3722} INFO - Setting next_dagrun for example_branch_operator to 2025-01-14T00:00:00+00:00, run_after=2025-01-15T00:00:00+00:00
[2025-01-15T21:50:40.431+0000] {processor.py:179} INFO - Processing /home/airflow/.local/lib/python3.10/site-packages/airflow/example_dags/example_branch_operator.py took 0.076 seconds
[2025-01-15T21:51:11.638+0000] {processor.py:157} INFO - Started process (PID=355) to work on /home/airflow/.local/lib/python3.10/site-packages/airflow/example_dags/example_branch_operator.py
[2025-01-15T21:51:11.638+0000] {processor.py:829} INFO - Processing file /home/airflow/.local/lib/python3.10/site-packages/airflow/example_dags/example_branch_operator.py for tasks to queue
[2025-01-15T21:51:11.641+0000] {logging_mixin.py:154} INFO - [2025-01-15T21:51:11.640+0000] {dagbag.py:536} INFO - Filling up the DagBag from /home/airflow/.local/lib/python3.10/site-packages/airflow/example_dags/example_branch_operator.py
[2025-01-15T21:51:11.649+0000] {processor.py:839} INFO - DAG(s) dict_keys(['example_branch_operator']) retrieved from /home/airflow/.local/lib/python3.10/site-packages/airflow/example_dags/example_branch_operator.py
[2025-01-15T21:51:11.670+0000] {logging_mixin.py:154} INFO - [2025-01-15T21:51:11.670+0000] {dag.py:2941} INFO - Sync 1 DAGs
[2025-01-15T21:51:11.697+0000] {logging_mixin.py:154} INFO - [2025-01-15T21:51:11.696+0000] {dag.py:3722} INFO - Setting next_dagrun for example_branch_operator to 2025-01-14T00:00:00+00:00, run_after=2025-01-15T00:00:00+00:00
[2025-01-15T21:51:11.718+0000] {processor.py:179} INFO - Processing /home/airflow/.local/lib/python3.10/site-packages/airflow/example_dags/example_branch_operator.py took 0.083 seconds
[2025-01-15T21:51:42.749+0000] {processor.py:157} INFO - Started process (PID=411) to work on /home/airflow/.local/lib/python3.10/site-packages/airflow/example_dags/example_branch_operator.py
[2025-01-15T21:51:42.750+0000] {processor.py:829} INFO - Processing file /home/airflow/.local/lib/python3.10/site-packages/airflow/example_dags/example_branch_operator.py for tasks to queue
[2025-01-15T21:51:42.752+0000] {logging_mixin.py:154} INFO - [2025-01-15T21:51:42.752+0000] {dagbag.py:536} INFO - Filling up the DagBag from /home/airflow/.local/lib/python3.10/site-packages/airflow/example_dags/example_branch_operator.py
[2025-01-15T21:51:42.759+0000] {processor.py:839} INFO - DAG(s) dict_keys(['example_branch_operator']) retrieved from /home/airflow/.local/lib/python3.10/site-packages/airflow/example_dags/example_branch_operator.py
[2025-01-15T21:51:42.779+0000] {logging_mixin.py:154} INFO - [2025-01-15T21:51:42.779+0000] {dag.py:2941} INFO - Sync 1 DAGs
[2025-01-15T21:51:42.800+0000] {logging_mixin.py:154} INFO - [2025-01-15T21:51:42.800+0000] {dag.py:3722} INFO - Setting next_dagrun for example_branch_operator to 2025-01-14T00:00:00+00:00, run_after=2025-01-15T00:00:00+00:00
[2025-01-15T21:51:42.816+0000] {processor.py:179} INFO - Processing /home/airflow/.local/lib/python3.10/site-packages/airflow/example_dags/example_branch_operator.py took 0.070 seconds
[2025-01-15T21:52:13.983+0000] {processor.py:157} INFO - Started process (PID=467) to work on /home/airflow/.local/lib/python3.10/site-packages/airflow/example_dags/example_branch_operator.py
[2025-01-15T21:52:13.985+0000] {processor.py:829} INFO - Processing file /home/airflow/.local/lib/python3.10/site-packages/airflow/example_dags/example_branch_operator.py for tasks to queue
[2025-01-15T21:52:13.987+0000] {logging_mixin.py:154} INFO - [2025-01-15T21:52:13.987+0000] {dagbag.py:536} INFO - Filling up the DagBag from /home/airflow/.local/lib/python3.10/site-packages/airflow/example_dags/example_branch_operator.py
[2025-01-15T21:52:13.996+0000] {processor.py:839} INFO - DAG(s) dict_keys(['example_branch_operator']) retrieved from /home/airflow/.local/lib/python3.10/site-packages/airflow/example_dags/example_branch_operator.py
[2025-01-15T21:52:14.020+0000] {logging_mixin.py:154} INFO - [2025-01-15T21:52:14.020+0000] {dag.py:2941} INFO - Sync 1 DAGs
[2025-01-15T21:52:14.044+0000] {logging_mixin.py:154} INFO - [2025-01-15T21:52:14.044+0000] {dag.py:3722} INFO - Setting next_dagrun for example_branch_operator to 2025-01-14T00:00:00+00:00, run_after=2025-01-15T00:00:00+00:00
[2025-01-15T21:52:14.063+0000] {processor.py:179} INFO - Processing /home/airflow/.local/lib/python3.10/site-packages/airflow/example_dags/example_branch_operator.py took 0.083 seconds
[2025-01-15T21:52:44.661+0000] {processor.py:157} INFO - Started process (PID=523) to work on /home/airflow/.local/lib/python3.10/site-packages/airflow/example_dags/example_branch_operator.py
[2025-01-15T21:52:44.663+0000] {processor.py:829} INFO - Processing file /home/airflow/.local/lib/python3.10/site-packages/airflow/example_dags/example_branch_operator.py for tasks to queue
[2025-01-15T21:52:44.666+0000] {logging_mixin.py:154} INFO - [2025-01-15T21:52:44.666+0000] {dagbag.py:536} INFO - Filling up the DagBag from /home/airflow/.local/lib/python3.10/site-packages/airflow/example_dags/example_branch_operator.py
[2025-01-15T21:52:44.677+0000] {processor.py:839} INFO - DAG(s) dict_keys(['example_branch_operator']) retrieved from /home/airflow/.local/lib/python3.10/site-packages/airflow/example_dags/example_branch_operator.py
[2025-01-15T21:52:44.700+0000] {logging_mixin.py:154} INFO - [2025-01-15T21:52:44.699+0000] {dag.py:2941} INFO - Sync 1 DAGs
[2025-01-15T21:52:44.721+0000] {logging_mixin.py:154} INFO - [2025-01-15T21:52:44.721+0000] {dag.py:3722} INFO - Setting next_dagrun for example_branch_operator to 2025-01-14T00:00:00+00:00, run_after=2025-01-15T00:00:00+00:00
[2025-01-15T21:52:44.737+0000] {processor.py:179} INFO - Processing /home/airflow/.local/lib/python3.10/site-packages/airflow/example_dags/example_branch_operator.py took 0.080 seconds
[2025-01-15T21:53:15.567+0000] {processor.py:157} INFO - Started process (PID=579) to work on /home/airflow/.local/lib/python3.10/site-packages/airflow/example_dags/example_branch_operator.py
[2025-01-15T21:53:15.568+0000] {processor.py:829} INFO - Processing file /home/airflow/.local/lib/python3.10/site-packages/airflow/example_dags/example_branch_operator.py for tasks to queue
[2025-01-15T21:53:15.570+0000] {logging_mixin.py:154} INFO - [2025-01-15T21:53:15.569+0000] {dagbag.py:536} INFO - Filling up the DagBag from /home/airflow/.local/lib/python3.10/site-packages/airflow/example_dags/example_branch_operator.py
[2025-01-15T21:53:15.578+0000] {processor.py:839} INFO - DAG(s) dict_keys(['example_branch_operator']) retrieved from /home/airflow/.local/lib/python3.10/site-packages/airflow/example_dags/example_branch_operator.py
[2025-01-15T21:53:15.599+0000] {logging_mixin.py:154} INFO - [2025-01-15T21:53:15.598+0000] {dag.py:2941} INFO - Sync 1 DAGs
[2025-01-15T21:53:15.622+0000] {logging_mixin.py:154} INFO - [2025-01-15T21:53:15.621+0000] {dag.py:3722} INFO - Setting next_dagrun for example_branch_operator to 2025-01-14T00:00:00+00:00, run_after=2025-01-15T00:00:00+00:00
[2025-01-15T21:53:15.638+0000] {processor.py:179} INFO - Processing /home/airflow/.local/lib/python3.10/site-packages/airflow/example_dags/example_branch_operator.py took 0.074 seconds
[2025-01-15T21:53:46.856+0000] {processor.py:157} INFO - Started process (PID=635) to work on /home/airflow/.local/lib/python3.10/site-packages/airflow/example_dags/example_branch_operator.py
[2025-01-15T21:53:46.857+0000] {processor.py:829} INFO - Processing file /home/airflow/.local/lib/python3.10/site-packages/airflow/example_dags/example_branch_operator.py for tasks to queue
[2025-01-15T21:53:46.860+0000] {logging_mixin.py:154} INFO - [2025-01-15T21:53:46.859+0000] {dagbag.py:536} INFO - Filling up the DagBag from /home/airflow/.local/lib/python3.10/site-packages/airflow/example_dags/example_branch_operator.py
[2025-01-15T21:53:46.868+0000] {processor.py:839} INFO - DAG(s) dict_keys(['example_branch_operator']) retrieved from /home/airflow/.local/lib/python3.10/site-packages/airflow/example_dags/example_branch_operator.py
[2025-01-15T21:53:46.889+0000] {logging_mixin.py:154} INFO - [2025-01-15T21:53:46.888+0000] {dag.py:2941} INFO - Sync 1 DAGs
[2025-01-15T21:53:46.911+0000] {logging_mixin.py:154} INFO - [2025-01-15T21:53:46.911+0000] {dag.py:3722} INFO - Setting next_dagrun for example_branch_operator to 2025-01-14T00:00:00+00:00, run_after=2025-01-15T00:00:00+00:00
[2025-01-15T21:53:46.927+0000] {processor.py:179} INFO - Processing /home/airflow/.local/lib/python3.10/site-packages/airflow/example_dags/example_branch_operator.py took 0.074 seconds
[2025-01-15T21:54:17.780+0000] {processor.py:157} INFO - Started process (PID=691) to work on /home/airflow/.local/lib/python3.10/site-packages/airflow/example_dags/example_branch_operator.py
[2025-01-15T21:54:17.781+0000] {processor.py:829} INFO - Processing file /home/airflow/.local/lib/python3.10/site-packages/airflow/example_dags/example_branch_operator.py for tasks to queue
[2025-01-15T21:54:17.783+0000] {logging_mixin.py:154} INFO - [2025-01-15T21:54:17.783+0000] {dagbag.py:536} INFO - Filling up the DagBag from /home/airflow/.local/lib/python3.10/site-packages/airflow/example_dags/example_branch_operator.py
[2025-01-15T21:54:17.791+0000] {processor.py:839} INFO - DAG(s) dict_keys(['example_branch_operator']) retrieved from /home/airflow/.local/lib/python3.10/site-packages/airflow/example_dags/example_branch_operator.py
[2025-01-15T21:54:17.811+0000] {logging_mixin.py:154} INFO - [2025-01-15T21:54:17.811+0000] {dag.py:2941} INFO - Sync 1 DAGs
[2025-01-15T21:54:17.832+0000] {logging_mixin.py:154} INFO - [2025-01-15T21:54:17.832+0000] {dag.py:3722} INFO - Setting next_dagrun for example_branch_operator to 2025-01-14T00:00:00+00:00, run_after=2025-01-15T00:00:00+00:00
[2025-01-15T21:54:17.847+0000] {processor.py:179} INFO - Processing /home/airflow/.local/lib/python3.10/site-packages/airflow/example_dags/example_branch_operator.py took 0.069 seconds
[2025-01-15T21:54:48.550+0000] {processor.py:157} INFO - Started process (PID=747) to work on /home/airflow/.local/lib/python3.10/site-packages/airflow/example_dags/example_branch_operator.py
[2025-01-15T21:54:48.550+0000] {processor.py:829} INFO - Processing file /home/airflow/.local/lib/python3.10/site-packages/airflow/example_dags/example_branch_operator.py for tasks to queue
[2025-01-15T21:54:48.552+0000] {logging_mixin.py:154} INFO - [2025-01-15T21:54:48.552+0000] {dagbag.py:536} INFO - Filling up the DagBag from /home/airflow/.local/lib/python3.10/site-packages/airflow/example_dags/example_branch_operator.py
[2025-01-15T21:54:48.560+0000] {processor.py:839} INFO - DAG(s) dict_keys(['example_branch_operator']) retrieved from /home/airflow/.local/lib/python3.10/site-packages/airflow/example_dags/example_branch_operator.py
[2025-01-15T21:54:48.579+0000] {logging_mixin.py:154} INFO - [2025-01-15T21:54:48.579+0000] {dag.py:2941} INFO - Sync 1 DAGs
[2025-01-15T21:54:48.599+0000] {logging_mixin.py:154} INFO - [2025-01-15T21:54:48.599+0000] {dag.py:3722} INFO - Setting next_dagrun for example_branch_operator to 2025-01-14T00:00:00+00:00, run_after=2025-01-15T00:00:00+00:00
[2025-01-15T21:54:48.764+0000] {processor.py:179} INFO - Processing /home/airflow/.local/lib/python3.10/site-packages/airflow/example_dags/example_branch_operator.py took 0.217 seconds
[2025-01-15T21:55:19.201+0000] {processor.py:157} INFO - Started process (PID=803) to work on /home/airflow/.local/lib/python3.10/site-packages/airflow/example_dags/example_branch_operator.py
[2025-01-15T21:55:19.202+0000] {processor.py:829} INFO - Processing file /home/airflow/.local/lib/python3.10/site-packages/airflow/example_dags/example_branch_operator.py for tasks to queue
[2025-01-15T21:55:19.204+0000] {logging_mixin.py:154} INFO - [2025-01-15T21:55:19.204+0000] {dagbag.py:536} INFO - Filling up the DagBag from /home/airflow/.local/lib/python3.10/site-packages/airflow/example_dags/example_branch_operator.py
[2025-01-15T21:55:19.212+0000] {processor.py:839} INFO - DAG(s) dict_keys(['example_branch_operator']) retrieved from /home/airflow/.local/lib/python3.10/site-packages/airflow/example_dags/example_branch_operator.py
[2025-01-15T21:55:19.232+0000] {logging_mixin.py:154} INFO - [2025-01-15T21:55:19.232+0000] {dag.py:2941} INFO - Sync 1 DAGs
[2025-01-15T21:55:19.258+0000] {logging_mixin.py:154} INFO - [2025-01-15T21:55:19.258+0000] {dag.py:3722} INFO - Setting next_dagrun for example_branch_operator to 2025-01-14T00:00:00+00:00, run_after=2025-01-15T00:00:00+00:00
[2025-01-15T21:55:19.275+0000] {processor.py:179} INFO - Processing /home/airflow/.local/lib/python3.10/site-packages/airflow/example_dags/example_branch_operator.py took 0.076 seconds
[2025-01-15T21:55:50.346+0000] {processor.py:157} INFO - Started process (PID=866) to work on /home/airflow/.local/lib/python3.10/site-packages/airflow/example_dags/example_branch_operator.py
[2025-01-15T21:55:50.348+0000] {processor.py:829} INFO - Processing file /home/airflow/.local/lib/python3.10/site-packages/airflow/example_dags/example_branch_operator.py for tasks to queue
[2025-01-15T21:55:50.350+0000] {logging_mixin.py:154} INFO - [2025-01-15T21:55:50.350+0000] {dagbag.py:536} INFO - Filling up the DagBag from /home/airflow/.local/lib/python3.10/site-packages/airflow/example_dags/example_branch_operator.py
[2025-01-15T21:55:50.361+0000] {processor.py:839} INFO - DAG(s) dict_keys(['example_branch_operator']) retrieved from /home/airflow/.local/lib/python3.10/site-packages/airflow/example_dags/example_branch_operator.py
[2025-01-15T21:55:50.395+0000] {logging_mixin.py:154} INFO - [2025-01-15T21:55:50.395+0000] {dag.py:2941} INFO - Sync 1 DAGs
[2025-01-15T21:55:50.421+0000] {logging_mixin.py:154} INFO - [2025-01-15T21:55:50.421+0000] {dag.py:3722} INFO - Setting next_dagrun for example_branch_operator to 2025-01-14T00:00:00+00:00, run_after=2025-01-15T00:00:00+00:00
[2025-01-15T21:55:50.442+0000] {processor.py:179} INFO - Processing /home/airflow/.local/lib/python3.10/site-packages/airflow/example_dags/example_branch_operator.py took 0.100 seconds
[2025-01-15T21:56:20.959+0000] {processor.py:157} INFO - Started process (PID=922) to work on /home/airflow/.local/lib/python3.10/site-packages/airflow/example_dags/example_branch_operator.py
[2025-01-15T21:56:20.960+0000] {processor.py:829} INFO - Processing file /home/airflow/.local/lib/python3.10/site-packages/airflow/example_dags/example_branch_operator.py for tasks to queue
[2025-01-15T21:56:20.962+0000] {logging_mixin.py:154} INFO - [2025-01-15T21:56:20.962+0000] {dagbag.py:536} INFO - Filling up the DagBag from /home/airflow/.local/lib/python3.10/site-packages/airflow/example_dags/example_branch_operator.py
[2025-01-15T21:56:20.970+0000] {processor.py:839} INFO - DAG(s) dict_keys(['example_branch_operator']) retrieved from /home/airflow/.local/lib/python3.10/site-packages/airflow/example_dags/example_branch_operator.py
[2025-01-15T21:56:20.991+0000] {logging_mixin.py:154} INFO - [2025-01-15T21:56:20.991+0000] {dag.py:2941} INFO - Sync 1 DAGs
[2025-01-15T21:56:21.164+0000] {logging_mixin.py:154} INFO - [2025-01-15T21:56:21.163+0000] {dag.py:3722} INFO - Setting next_dagrun for example_branch_operator to 2025-01-14T00:00:00+00:00, run_after=2025-01-15T00:00:00+00:00
[2025-01-15T21:56:21.179+0000] {processor.py:179} INFO - Processing /home/airflow/.local/lib/python3.10/site-packages/airflow/example_dags/example_branch_operator.py took 0.223 seconds
[2025-01-15T21:56:51.290+0000] {processor.py:157} INFO - Started process (PID=978) to work on /home/airflow/.local/lib/python3.10/site-packages/airflow/example_dags/example_branch_operator.py
[2025-01-15T21:56:51.291+0000] {processor.py:829} INFO - Processing file /home/airflow/.local/lib/python3.10/site-packages/airflow/example_dags/example_branch_operator.py for tasks to queue
[2025-01-15T21:56:51.293+0000] {logging_mixin.py:154} INFO - [2025-01-15T21:56:51.292+0000] {dagbag.py:536} INFO - Filling up the DagBag from /home/airflow/.local/lib/python3.10/site-packages/airflow/example_dags/example_branch_operator.py
[2025-01-15T21:56:51.300+0000] {processor.py:839} INFO - DAG(s) dict_keys(['example_branch_operator']) retrieved from /home/airflow/.local/lib/python3.10/site-packages/airflow/example_dags/example_branch_operator.py
[2025-01-15T21:56:51.323+0000] {logging_mixin.py:154} INFO - [2025-01-15T21:56:51.323+0000] {dag.py:2941} INFO - Sync 1 DAGs
[2025-01-15T21:56:51.343+0000] {logging_mixin.py:154} INFO - [2025-01-15T21:56:51.343+0000] {dag.py:3722} INFO - Setting next_dagrun for example_branch_operator to 2025-01-14T00:00:00+00:00, run_after=2025-01-15T00:00:00+00:00
[2025-01-15T21:56:51.359+0000] {processor.py:179} INFO - Processing /home/airflow/.local/lib/python3.10/site-packages/airflow/example_dags/example_branch_operator.py took 0.071 seconds
[2025-01-15T21:57:21.741+0000] {processor.py:157} INFO - Started process (PID=1034) to work on /home/airflow/.local/lib/python3.10/site-packages/airflow/example_dags/example_branch_operator.py
[2025-01-15T21:57:21.742+0000] {processor.py:829} INFO - Processing file /home/airflow/.local/lib/python3.10/site-packages/airflow/example_dags/example_branch_operator.py for tasks to queue
[2025-01-15T21:57:21.744+0000] {logging_mixin.py:154} INFO - [2025-01-15T21:57:21.744+0000] {dagbag.py:536} INFO - Filling up the DagBag from /home/airflow/.local/lib/python3.10/site-packages/airflow/example_dags/example_branch_operator.py
[2025-01-15T21:57:21.751+0000] {processor.py:839} INFO - DAG(s) dict_keys(['example_branch_operator']) retrieved from /home/airflow/.local/lib/python3.10/site-packages/airflow/example_dags/example_branch_operator.py
[2025-01-15T21:57:21.770+0000] {logging_mixin.py:154} INFO - [2025-01-15T21:57:21.769+0000] {dag.py:2941} INFO - Sync 1 DAGs
[2025-01-15T21:57:21.789+0000] {logging_mixin.py:154} INFO - [2025-01-15T21:57:21.788+0000] {dag.py:3722} INFO - Setting next_dagrun for example_branch_operator to 2025-01-14T00:00:00+00:00, run_after=2025-01-15T00:00:00+00:00
[2025-01-15T21:57:21.804+0000] {processor.py:179} INFO - Processing /home/airflow/.local/lib/python3.10/site-packages/airflow/example_dags/example_branch_operator.py took 0.066 seconds
[2025-01-15T21:57:52.708+0000] {processor.py:157} INFO - Started process (PID=1090) to work on /home/airflow/.local/lib/python3.10/site-packages/airflow/example_dags/example_branch_operator.py
[2025-01-15T21:57:52.709+0000] {processor.py:829} INFO - Processing file /home/airflow/.local/lib/python3.10/site-packages/airflow/example_dags/example_branch_operator.py for tasks to queue
[2025-01-15T21:57:52.711+0000] {logging_mixin.py:154} INFO - [2025-01-15T21:57:52.711+0000] {dagbag.py:536} INFO - Filling up the DagBag from /home/airflow/.local/lib/python3.10/site-packages/airflow/example_dags/example_branch_operator.py
[2025-01-15T21:57:52.720+0000] {processor.py:839} INFO - DAG(s) dict_keys(['example_branch_operator']) retrieved from /home/airflow/.local/lib/python3.10/site-packages/airflow/example_dags/example_branch_operator.py
[2025-01-15T21:57:52.742+0000] {logging_mixin.py:154} INFO - [2025-01-15T21:57:52.742+0000] {dag.py:2941} INFO - Sync 1 DAGs
[2025-01-15T21:57:52.927+0000] {logging_mixin.py:154} INFO - [2025-01-15T21:57:52.926+0000] {dag.py:3722} INFO - Setting next_dagrun for example_branch_operator to 2025-01-14T00:00:00+00:00, run_after=2025-01-15T00:00:00+00:00
[2025-01-15T21:57:52.941+0000] {processor.py:179} INFO - Processing /home/airflow/.local/lib/python3.10/site-packages/airflow/example_dags/example_branch_operator.py took 0.236 seconds
[2025-01-15T21:58:23.546+0000] {processor.py:157} INFO - Started process (PID=1146) to work on /home/airflow/.local/lib/python3.10/site-packages/airflow/example_dags/example_branch_operator.py
[2025-01-15T21:58:23.547+0000] {processor.py:829} INFO - Processing file /home/airflow/.local/lib/python3.10/site-packages/airflow/example_dags/example_branch_operator.py for tasks to queue
[2025-01-15T21:58:23.549+0000] {logging_mixin.py:154} INFO - [2025-01-15T21:58:23.549+0000] {dagbag.py:536} INFO - Filling up the DagBag from /home/airflow/.local/lib/python3.10/site-packages/airflow/example_dags/example_branch_operator.py
[2025-01-15T21:58:23.558+0000] {processor.py:839} INFO - DAG(s) dict_keys(['example_branch_operator']) retrieved from /home/airflow/.local/lib/python3.10/site-packages/airflow/example_dags/example_branch_operator.py
[2025-01-15T21:58:23.585+0000] {logging_mixin.py:154} INFO - [2025-01-15T21:58:23.585+0000] {dag.py:2941} INFO - Sync 1 DAGs
[2025-01-15T21:58:23.608+0000] {logging_mixin.py:154} INFO - [2025-01-15T21:58:23.608+0000] {dag.py:3722} INFO - Setting next_dagrun for example_branch_operator to 2025-01-14T00:00:00+00:00, run_after=2025-01-15T00:00:00+00:00
[2025-01-15T21:58:23.628+0000] {processor.py:179} INFO - Processing /home/airflow/.local/lib/python3.10/site-packages/airflow/example_dags/example_branch_operator.py took 0.085 seconds
[2025-01-15T21:58:54.154+0000] {processor.py:157} INFO - Started process (PID=1202) to work on /home/airflow/.local/lib/python3.10/site-packages/airflow/example_dags/example_branch_operator.py
[2025-01-15T21:58:54.155+0000] {processor.py:829} INFO - Processing file /home/airflow/.local/lib/python3.10/site-packages/airflow/example_dags/example_branch_operator.py for tasks to queue
[2025-01-15T21:58:54.157+0000] {logging_mixin.py:154} INFO - [2025-01-15T21:58:54.157+0000] {dagbag.py:536} INFO - Filling up the DagBag from /home/airflow/.local/lib/python3.10/site-packages/airflow/example_dags/example_branch_operator.py
[2025-01-15T21:58:54.167+0000] {processor.py:839} INFO - DAG(s) dict_keys(['example_branch_operator']) retrieved from /home/airflow/.local/lib/python3.10/site-packages/airflow/example_dags/example_branch_operator.py
[2025-01-15T21:58:54.190+0000] {logging_mixin.py:154} INFO - [2025-01-15T21:58:54.189+0000] {dag.py:2941} INFO - Sync 1 DAGs
[2025-01-15T21:58:54.217+0000] {logging_mixin.py:154} INFO - [2025-01-15T21:58:54.216+0000] {dag.py:3722} INFO - Setting next_dagrun for example_branch_operator to 2025-01-14T00:00:00+00:00, run_after=2025-01-15T00:00:00+00:00
[2025-01-15T21:58:54.240+0000] {processor.py:179} INFO - Processing /home/airflow/.local/lib/python3.10/site-packages/airflow/example_dags/example_branch_operator.py took 0.089 seconds
[2025-01-15T21:59:24.402+0000] {processor.py:157} INFO - Started process (PID=1256) to work on /home/airflow/.local/lib/python3.10/site-packages/airflow/example_dags/example_branch_operator.py
[2025-01-15T21:59:24.402+0000] {processor.py:829} INFO - Processing file /home/airflow/.local/lib/python3.10/site-packages/airflow/example_dags/example_branch_operator.py for tasks to queue
[2025-01-15T21:59:24.404+0000] {logging_mixin.py:154} INFO - [2025-01-15T21:59:24.404+0000] {dagbag.py:536} INFO - Filling up the DagBag from /home/airflow/.local/lib/python3.10/site-packages/airflow/example_dags/example_branch_operator.py
[2025-01-15T21:59:24.413+0000] {processor.py:839} INFO - DAG(s) dict_keys(['example_branch_operator']) retrieved from /home/airflow/.local/lib/python3.10/site-packages/airflow/example_dags/example_branch_operator.py
[2025-01-15T21:59:24.438+0000] {logging_mixin.py:154} INFO - [2025-01-15T21:59:24.438+0000] {dag.py:2941} INFO - Sync 1 DAGs
[2025-01-15T21:59:24.649+0000] {logging_mixin.py:154} INFO - [2025-01-15T21:59:24.648+0000] {dag.py:3722} INFO - Setting next_dagrun for example_branch_operator to 2025-01-14T00:00:00+00:00, run_after=2025-01-15T00:00:00+00:00
[2025-01-15T21:59:24.666+0000] {processor.py:179} INFO - Processing /home/airflow/.local/lib/python3.10/site-packages/airflow/example_dags/example_branch_operator.py took 0.267 seconds
[2025-01-15T21:59:55.048+0000] {processor.py:157} INFO - Started process (PID=1312) to work on /home/airflow/.local/lib/python3.10/site-packages/airflow/example_dags/example_branch_operator.py
[2025-01-15T21:59:55.049+0000] {processor.py:829} INFO - Processing file /home/airflow/.local/lib/python3.10/site-packages/airflow/example_dags/example_branch_operator.py for tasks to queue
[2025-01-15T21:59:55.052+0000] {logging_mixin.py:154} INFO - [2025-01-15T21:59:55.051+0000] {dagbag.py:536} INFO - Filling up the DagBag from /home/airflow/.local/lib/python3.10/site-packages/airflow/example_dags/example_branch_operator.py
[2025-01-15T21:59:55.061+0000] {processor.py:839} INFO - DAG(s) dict_keys(['example_branch_operator']) retrieved from /home/airflow/.local/lib/python3.10/site-packages/airflow/example_dags/example_branch_operator.py
[2025-01-15T21:59:55.086+0000] {logging_mixin.py:154} INFO - [2025-01-15T21:59:55.086+0000] {dag.py:2941} INFO - Sync 1 DAGs
[2025-01-15T21:59:55.110+0000] {logging_mixin.py:154} INFO - [2025-01-15T21:59:55.110+0000] {dag.py:3722} INFO - Setting next_dagrun for example_branch_operator to 2025-01-14T00:00:00+00:00, run_after=2025-01-15T00:00:00+00:00
[2025-01-15T21:59:55.130+0000] {processor.py:179} INFO - Processing /home/airflow/.local/lib/python3.10/site-packages/airflow/example_dags/example_branch_operator.py took 0.085 seconds
[2025-01-15T22:00:25.405+0000] {processor.py:157} INFO - Started process (PID=1367) to work on /home/airflow/.local/lib/python3.10/site-packages/airflow/example_dags/example_branch_operator.py
[2025-01-15T22:00:25.406+0000] {processor.py:829} INFO - Processing file /home/airflow/.local/lib/python3.10/site-packages/airflow/example_dags/example_branch_operator.py for tasks to queue
[2025-01-15T22:00:25.408+0000] {logging_mixin.py:154} INFO - [2025-01-15T22:00:25.408+0000] {dagbag.py:536} INFO - Filling up the DagBag from /home/airflow/.local/lib/python3.10/site-packages/airflow/example_dags/example_branch_operator.py
[2025-01-15T22:00:25.416+0000] {processor.py:839} INFO - DAG(s) dict_keys(['example_branch_operator']) retrieved from /home/airflow/.local/lib/python3.10/site-packages/airflow/example_dags/example_branch_operator.py
[2025-01-15T22:00:25.439+0000] {logging_mixin.py:154} INFO - [2025-01-15T22:00:25.439+0000] {dag.py:2941} INFO - Sync 1 DAGs
[2025-01-15T22:00:25.461+0000] {logging_mixin.py:154} INFO - [2025-01-15T22:00:25.461+0000] {dag.py:3722} INFO - Setting next_dagrun for example_branch_operator to 2025-01-14T00:00:00+00:00, run_after=2025-01-15T00:00:00+00:00
[2025-01-15T22:00:25.479+0000] {processor.py:179} INFO - Processing /home/airflow/.local/lib/python3.10/site-packages/airflow/example_dags/example_branch_operator.py took 0.077 seconds
[2025-01-15T22:00:55.729+0000] {processor.py:157} INFO - Started process (PID=1423) to work on /home/airflow/.local/lib/python3.10/site-packages/airflow/example_dags/example_branch_operator.py
[2025-01-15T22:00:55.730+0000] {processor.py:829} INFO - Processing file /home/airflow/.local/lib/python3.10/site-packages/airflow/example_dags/example_branch_operator.py for tasks to queue
[2025-01-15T22:00:55.731+0000] {logging_mixin.py:154} INFO - [2025-01-15T22:00:55.731+0000] {dagbag.py:536} INFO - Filling up the DagBag from /home/airflow/.local/lib/python3.10/site-packages/airflow/example_dags/example_branch_operator.py
[2025-01-15T22:00:55.739+0000] {processor.py:839} INFO - DAG(s) dict_keys(['example_branch_operator']) retrieved from /home/airflow/.local/lib/python3.10/site-packages/airflow/example_dags/example_branch_operator.py
[2025-01-15T22:00:55.758+0000] {logging_mixin.py:154} INFO - [2025-01-15T22:00:55.758+0000] {dag.py:2941} INFO - Sync 1 DAGs
[2025-01-15T22:00:55.915+0000] {logging_mixin.py:154} INFO - [2025-01-15T22:00:55.915+0000] {dag.py:3722} INFO - Setting next_dagrun for example_branch_operator to 2025-01-14T00:00:00+00:00, run_after=2025-01-15T00:00:00+00:00
[2025-01-15T22:00:55.931+0000] {processor.py:179} INFO - Processing /home/airflow/.local/lib/python3.10/site-packages/airflow/example_dags/example_branch_operator.py took 0.206 seconds
[2025-01-15T22:01:26.727+0000] {processor.py:157} INFO - Started process (PID=1479) to work on /home/airflow/.local/lib/python3.10/site-packages/airflow/example_dags/example_branch_operator.py
[2025-01-15T22:01:26.728+0000] {processor.py:829} INFO - Processing file /home/airflow/.local/lib/python3.10/site-packages/airflow/example_dags/example_branch_operator.py for tasks to queue
[2025-01-15T22:01:26.730+0000] {logging_mixin.py:154} INFO - [2025-01-15T22:01:26.729+0000] {dagbag.py:536} INFO - Filling up the DagBag from /home/airflow/.local/lib/python3.10/site-packages/airflow/example_dags/example_branch_operator.py
[2025-01-15T22:01:26.737+0000] {processor.py:839} INFO - DAG(s) dict_keys(['example_branch_operator']) retrieved from /home/airflow/.local/lib/python3.10/site-packages/airflow/example_dags/example_branch_operator.py
[2025-01-15T22:01:26.758+0000] {logging_mixin.py:154} INFO - [2025-01-15T22:01:26.758+0000] {dag.py:2941} INFO - Sync 1 DAGs
[2025-01-15T22:01:26.779+0000] {logging_mixin.py:154} INFO - [2025-01-15T22:01:26.779+0000] {dag.py:3722} INFO - Setting next_dagrun for example_branch_operator to 2025-01-14T00:00:00+00:00, run_after=2025-01-15T00:00:00+00:00
[2025-01-15T22:01:26.802+0000] {processor.py:179} INFO - Processing /home/airflow/.local/lib/python3.10/site-packages/airflow/example_dags/example_branch_operator.py took 0.079 seconds
[2025-01-15T22:01:57.392+0000] {processor.py:157} INFO - Started process (PID=1535) to work on /home/airflow/.local/lib/python3.10/site-packages/airflow/example_dags/example_branch_operator.py
[2025-01-15T22:01:57.393+0000] {processor.py:829} INFO - Processing file /home/airflow/.local/lib/python3.10/site-packages/airflow/example_dags/example_branch_operator.py for tasks to queue
[2025-01-15T22:01:57.395+0000] {logging_mixin.py:154} INFO - [2025-01-15T22:01:57.395+0000] {dagbag.py:536} INFO - Filling up the DagBag from /home/airflow/.local/lib/python3.10/site-packages/airflow/example_dags/example_branch_operator.py
[2025-01-15T22:01:57.403+0000] {processor.py:839} INFO - DAG(s) dict_keys(['example_branch_operator']) retrieved from /home/airflow/.local/lib/python3.10/site-packages/airflow/example_dags/example_branch_operator.py
[2025-01-15T22:01:57.560+0000] {logging_mixin.py:154} INFO - [2025-01-15T22:01:57.560+0000] {dag.py:2941} INFO - Sync 1 DAGs
[2025-01-15T22:01:57.581+0000] {logging_mixin.py:154} INFO - [2025-01-15T22:01:57.581+0000] {dag.py:3722} INFO - Setting next_dagrun for example_branch_operator to 2025-01-14T00:00:00+00:00, run_after=2025-01-15T00:00:00+00:00
[2025-01-15T22:01:57.605+0000] {processor.py:179} INFO - Processing /home/airflow/.local/lib/python3.10/site-packages/airflow/example_dags/example_branch_operator.py took 0.215 seconds
[2025-01-15T22:02:28.001+0000] {processor.py:157} INFO - Started process (PID=1593) to work on /home/airflow/.local/lib/python3.10/site-packages/airflow/example_dags/example_branch_operator.py
[2025-01-15T22:02:28.002+0000] {processor.py:829} INFO - Processing file /home/airflow/.local/lib/python3.10/site-packages/airflow/example_dags/example_branch_operator.py for tasks to queue
[2025-01-15T22:02:28.004+0000] {logging_mixin.py:154} INFO - [2025-01-15T22:02:28.004+0000] {dagbag.py:536} INFO - Filling up the DagBag from /home/airflow/.local/lib/python3.10/site-packages/airflow/example_dags/example_branch_operator.py
[2025-01-15T22:02:28.011+0000] {processor.py:839} INFO - DAG(s) dict_keys(['example_branch_operator']) retrieved from /home/airflow/.local/lib/python3.10/site-packages/airflow/example_dags/example_branch_operator.py
[2025-01-15T22:02:28.032+0000] {logging_mixin.py:154} INFO - [2025-01-15T22:02:28.032+0000] {dag.py:2941} INFO - Sync 1 DAGs
[2025-01-15T22:02:28.195+0000] {logging_mixin.py:154} INFO - [2025-01-15T22:02:28.195+0000] {dag.py:3722} INFO - Setting next_dagrun for example_branch_operator to 2025-01-14T00:00:00+00:00, run_after=2025-01-15T00:00:00+00:00
[2025-01-15T22:02:28.218+0000] {processor.py:179} INFO - Processing /home/airflow/.local/lib/python3.10/site-packages/airflow/example_dags/example_branch_operator.py took 0.220 seconds
[2025-01-15T22:04:08.175+0000] {processor.py:157} INFO - Started process (PID=74) to work on /home/airflow/.local/lib/python3.10/site-packages/airflow/example_dags/example_branch_operator.py
[2025-01-15T22:04:08.176+0000] {processor.py:829} INFO - Processing file /home/airflow/.local/lib/python3.10/site-packages/airflow/example_dags/example_branch_operator.py for tasks to queue
[2025-01-15T22:04:08.180+0000] {logging_mixin.py:154} INFO - [2025-01-15T22:04:08.180+0000] {dagbag.py:536} INFO - Filling up the DagBag from /home/airflow/.local/lib/python3.10/site-packages/airflow/example_dags/example_branch_operator.py
[2025-01-15T22:04:08.195+0000] {processor.py:839} INFO - DAG(s) dict_keys(['example_branch_operator']) retrieved from /home/airflow/.local/lib/python3.10/site-packages/airflow/example_dags/example_branch_operator.py
[2025-01-15T22:04:08.211+0000] {logging_mixin.py:154} INFO - [2025-01-15T22:04:08.210+0000] {dag.py:2941} INFO - Sync 1 DAGs
[2025-01-15T22:04:08.243+0000] {logging_mixin.py:154} INFO - [2025-01-15T22:04:08.243+0000] {dag.py:3722} INFO - Setting next_dagrun for example_branch_operator to 2025-01-14T00:00:00+00:00, run_after=2025-01-15T00:00:00+00:00
[2025-01-15T22:04:08.264+0000] {processor.py:179} INFO - Processing /home/airflow/.local/lib/python3.10/site-packages/airflow/example_dags/example_branch_operator.py took 0.093 seconds
[2025-01-15T22:04:39.553+0000] {processor.py:157} INFO - Started process (PID=130) to work on /home/airflow/.local/lib/python3.10/site-packages/airflow/example_dags/example_branch_operator.py
[2025-01-15T22:04:39.554+0000] {processor.py:829} INFO - Processing file /home/airflow/.local/lib/python3.10/site-packages/airflow/example_dags/example_branch_operator.py for tasks to queue
[2025-01-15T22:04:39.555+0000] {logging_mixin.py:154} INFO - [2025-01-15T22:04:39.555+0000] {dagbag.py:536} INFO - Filling up the DagBag from /home/airflow/.local/lib/python3.10/site-packages/airflow/example_dags/example_branch_operator.py
[2025-01-15T22:04:39.563+0000] {processor.py:839} INFO - DAG(s) dict_keys(['example_branch_operator']) retrieved from /home/airflow/.local/lib/python3.10/site-packages/airflow/example_dags/example_branch_operator.py
[2025-01-15T22:04:39.584+0000] {logging_mixin.py:154} INFO - [2025-01-15T22:04:39.584+0000] {dag.py:2941} INFO - Sync 1 DAGs
[2025-01-15T22:04:39.606+0000] {logging_mixin.py:154} INFO - [2025-01-15T22:04:39.606+0000] {dag.py:3722} INFO - Setting next_dagrun for example_branch_operator to 2025-01-14T00:00:00+00:00, run_after=2025-01-15T00:00:00+00:00
[2025-01-15T22:04:39.624+0000] {processor.py:179} INFO - Processing /home/airflow/.local/lib/python3.10/site-packages/airflow/example_dags/example_branch_operator.py took 0.074 seconds
[2025-01-15T22:05:10.697+0000] {processor.py:157} INFO - Started process (PID=186) to work on /home/airflow/.local/lib/python3.10/site-packages/airflow/example_dags/example_branch_operator.py
[2025-01-15T22:05:10.698+0000] {processor.py:829} INFO - Processing file /home/airflow/.local/lib/python3.10/site-packages/airflow/example_dags/example_branch_operator.py for tasks to queue
[2025-01-15T22:05:10.700+0000] {logging_mixin.py:154} INFO - [2025-01-15T22:05:10.700+0000] {dagbag.py:536} INFO - Filling up the DagBag from /home/airflow/.local/lib/python3.10/site-packages/airflow/example_dags/example_branch_operator.py
[2025-01-15T22:05:10.708+0000] {processor.py:839} INFO - DAG(s) dict_keys(['example_branch_operator']) retrieved from /home/airflow/.local/lib/python3.10/site-packages/airflow/example_dags/example_branch_operator.py
[2025-01-15T22:05:10.729+0000] {logging_mixin.py:154} INFO - [2025-01-15T22:05:10.729+0000] {dag.py:2941} INFO - Sync 1 DAGs
[2025-01-15T22:05:10.752+0000] {logging_mixin.py:154} INFO - [2025-01-15T22:05:10.752+0000] {dag.py:3722} INFO - Setting next_dagrun for example_branch_operator to 2025-01-14T00:00:00+00:00, run_after=2025-01-15T00:00:00+00:00
[2025-01-15T22:05:10.769+0000] {processor.py:179} INFO - Processing /home/airflow/.local/lib/python3.10/site-packages/airflow/example_dags/example_branch_operator.py took 0.075 seconds
[2025-01-15T22:05:41.293+0000] {processor.py:157} INFO - Started process (PID=242) to work on /home/airflow/.local/lib/python3.10/site-packages/airflow/example_dags/example_branch_operator.py
[2025-01-15T22:05:41.293+0000] {processor.py:829} INFO - Processing file /home/airflow/.local/lib/python3.10/site-packages/airflow/example_dags/example_branch_operator.py for tasks to queue
[2025-01-15T22:05:41.295+0000] {logging_mixin.py:154} INFO - [2025-01-15T22:05:41.295+0000] {dagbag.py:536} INFO - Filling up the DagBag from /home/airflow/.local/lib/python3.10/site-packages/airflow/example_dags/example_branch_operator.py
[2025-01-15T22:05:41.303+0000] {processor.py:839} INFO - DAG(s) dict_keys(['example_branch_operator']) retrieved from /home/airflow/.local/lib/python3.10/site-packages/airflow/example_dags/example_branch_operator.py
[2025-01-15T22:05:41.325+0000] {logging_mixin.py:154} INFO - [2025-01-15T22:05:41.325+0000] {dag.py:2941} INFO - Sync 1 DAGs
[2025-01-15T22:05:41.348+0000] {logging_mixin.py:154} INFO - [2025-01-15T22:05:41.348+0000] {dag.py:3722} INFO - Setting next_dagrun for example_branch_operator to 2025-01-14T00:00:00+00:00, run_after=2025-01-15T00:00:00+00:00
[2025-01-15T22:05:41.367+0000] {processor.py:179} INFO - Processing /home/airflow/.local/lib/python3.10/site-packages/airflow/example_dags/example_branch_operator.py took 0.078 seconds
[2025-01-15T22:06:11.902+0000] {processor.py:157} INFO - Started process (PID=298) to work on /home/airflow/.local/lib/python3.10/site-packages/airflow/example_dags/example_branch_operator.py
[2025-01-15T22:06:11.903+0000] {processor.py:829} INFO - Processing file /home/airflow/.local/lib/python3.10/site-packages/airflow/example_dags/example_branch_operator.py for tasks to queue
[2025-01-15T22:06:11.905+0000] {logging_mixin.py:154} INFO - [2025-01-15T22:06:11.905+0000] {dagbag.py:536} INFO - Filling up the DagBag from /home/airflow/.local/lib/python3.10/site-packages/airflow/example_dags/example_branch_operator.py
[2025-01-15T22:06:11.913+0000] {processor.py:839} INFO - DAG(s) dict_keys(['example_branch_operator']) retrieved from /home/airflow/.local/lib/python3.10/site-packages/airflow/example_dags/example_branch_operator.py
[2025-01-15T22:06:11.934+0000] {logging_mixin.py:154} INFO - [2025-01-15T22:06:11.934+0000] {dag.py:2941} INFO - Sync 1 DAGs
[2025-01-15T22:06:11.957+0000] {logging_mixin.py:154} INFO - [2025-01-15T22:06:11.957+0000] {dag.py:3722} INFO - Setting next_dagrun for example_branch_operator to 2025-01-14T00:00:00+00:00, run_after=2025-01-15T00:00:00+00:00
[2025-01-15T22:06:11.982+0000] {processor.py:179} INFO - Processing /home/airflow/.local/lib/python3.10/site-packages/airflow/example_dags/example_branch_operator.py took 0.083 seconds
[2025-01-15T22:06:42.454+0000] {processor.py:157} INFO - Started process (PID=354) to work on /home/airflow/.local/lib/python3.10/site-packages/airflow/example_dags/example_branch_operator.py
[2025-01-15T22:06:42.455+0000] {processor.py:829} INFO - Processing file /home/airflow/.local/lib/python3.10/site-packages/airflow/example_dags/example_branch_operator.py for tasks to queue
[2025-01-15T22:06:42.458+0000] {logging_mixin.py:154} INFO - [2025-01-15T22:06:42.457+0000] {dagbag.py:536} INFO - Filling up the DagBag from /home/airflow/.local/lib/python3.10/site-packages/airflow/example_dags/example_branch_operator.py
[2025-01-15T22:06:42.470+0000] {processor.py:839} INFO - DAG(s) dict_keys(['example_branch_operator']) retrieved from /home/airflow/.local/lib/python3.10/site-packages/airflow/example_dags/example_branch_operator.py
[2025-01-15T22:06:42.498+0000] {logging_mixin.py:154} INFO - [2025-01-15T22:06:42.497+0000] {dag.py:2941} INFO - Sync 1 DAGs
[2025-01-15T22:06:42.525+0000] {logging_mixin.py:154} INFO - [2025-01-15T22:06:42.525+0000] {dag.py:3722} INFO - Setting next_dagrun for example_branch_operator to 2025-01-14T00:00:00+00:00, run_after=2025-01-15T00:00:00+00:00
[2025-01-15T22:06:42.559+0000] {processor.py:179} INFO - Processing /home/airflow/.local/lib/python3.10/site-packages/airflow/example_dags/example_branch_operator.py took 0.110 seconds
[2025-01-15T22:07:13.014+0000] {processor.py:157} INFO - Started process (PID=410) to work on /home/airflow/.local/lib/python3.10/site-packages/airflow/example_dags/example_branch_operator.py
[2025-01-15T22:07:13.015+0000] {processor.py:829} INFO - Processing file /home/airflow/.local/lib/python3.10/site-packages/airflow/example_dags/example_branch_operator.py for tasks to queue
[2025-01-15T22:07:13.017+0000] {logging_mixin.py:154} INFO - [2025-01-15T22:07:13.017+0000] {dagbag.py:536} INFO - Filling up the DagBag from /home/airflow/.local/lib/python3.10/site-packages/airflow/example_dags/example_branch_operator.py
[2025-01-15T22:07:13.025+0000] {processor.py:839} INFO - DAG(s) dict_keys(['example_branch_operator']) retrieved from /home/airflow/.local/lib/python3.10/site-packages/airflow/example_dags/example_branch_operator.py
[2025-01-15T22:07:13.046+0000] {logging_mixin.py:154} INFO - [2025-01-15T22:07:13.046+0000] {dag.py:2941} INFO - Sync 1 DAGs
[2025-01-15T22:07:13.069+0000] {logging_mixin.py:154} INFO - [2025-01-15T22:07:13.069+0000] {dag.py:3722} INFO - Setting next_dagrun for example_branch_operator to 2025-01-14T00:00:00+00:00, run_after=2025-01-15T00:00:00+00:00
[2025-01-15T22:07:13.088+0000] {processor.py:179} INFO - Processing /home/airflow/.local/lib/python3.10/site-packages/airflow/example_dags/example_branch_operator.py took 0.077 seconds
[2025-01-15T22:08:33.524+0000] {processor.py:157} INFO - Started process (PID=76) to work on /home/airflow/.local/lib/python3.10/site-packages/airflow/example_dags/example_branch_operator.py
[2025-01-15T22:08:33.525+0000] {processor.py:829} INFO - Processing file /home/airflow/.local/lib/python3.10/site-packages/airflow/example_dags/example_branch_operator.py for tasks to queue
[2025-01-15T22:08:33.528+0000] {logging_mixin.py:154} INFO - [2025-01-15T22:08:33.528+0000] {dagbag.py:536} INFO - Filling up the DagBag from /home/airflow/.local/lib/python3.10/site-packages/airflow/example_dags/example_branch_operator.py
[2025-01-15T22:08:33.540+0000] {processor.py:839} INFO - DAG(s) dict_keys(['example_branch_operator']) retrieved from /home/airflow/.local/lib/python3.10/site-packages/airflow/example_dags/example_branch_operator.py
[2025-01-15T22:08:33.554+0000] {logging_mixin.py:154} INFO - [2025-01-15T22:08:33.554+0000] {dag.py:2941} INFO - Sync 1 DAGs
[2025-01-15T22:08:33.583+0000] {logging_mixin.py:154} INFO - [2025-01-15T22:08:33.582+0000] {dag.py:3722} INFO - Setting next_dagrun for example_branch_operator to 2025-01-14T00:00:00+00:00, run_after=2025-01-15T00:00:00+00:00
[2025-01-15T22:08:33.604+0000] {processor.py:179} INFO - Processing /home/airflow/.local/lib/python3.10/site-packages/airflow/example_dags/example_branch_operator.py took 0.084 seconds
[2025-01-15T22:09:04.951+0000] {processor.py:157} INFO - Started process (PID=132) to work on /home/airflow/.local/lib/python3.10/site-packages/airflow/example_dags/example_branch_operator.py
[2025-01-15T22:09:04.952+0000] {processor.py:829} INFO - Processing file /home/airflow/.local/lib/python3.10/site-packages/airflow/example_dags/example_branch_operator.py for tasks to queue
[2025-01-15T22:09:04.954+0000] {logging_mixin.py:154} INFO - [2025-01-15T22:09:04.954+0000] {dagbag.py:536} INFO - Filling up the DagBag from /home/airflow/.local/lib/python3.10/site-packages/airflow/example_dags/example_branch_operator.py
[2025-01-15T22:09:04.964+0000] {processor.py:839} INFO - DAG(s) dict_keys(['example_branch_operator']) retrieved from /home/airflow/.local/lib/python3.10/site-packages/airflow/example_dags/example_branch_operator.py
[2025-01-15T22:09:04.988+0000] {logging_mixin.py:154} INFO - [2025-01-15T22:09:04.987+0000] {dag.py:2941} INFO - Sync 1 DAGs
[2025-01-15T22:09:05.012+0000] {logging_mixin.py:154} INFO - [2025-01-15T22:09:05.012+0000] {dag.py:3722} INFO - Setting next_dagrun for example_branch_operator to 2025-01-14T00:00:00+00:00, run_after=2025-01-15T00:00:00+00:00
[2025-01-15T22:09:05.035+0000] {processor.py:179} INFO - Processing /home/airflow/.local/lib/python3.10/site-packages/airflow/example_dags/example_branch_operator.py took 0.088 seconds
