[2025-01-15T21:48:40.774+0000] {processor.py:157} INFO - Started process (PID=94) to work on /home/airflow/.local/lib/python3.10/site-packages/airflow/example_dags/example_branch_labels.py
[2025-01-15T21:48:40.775+0000] {processor.py:829} INFO - Processing file /home/airflow/.local/lib/python3.10/site-packages/airflow/example_dags/example_branch_labels.py for tasks to queue
[2025-01-15T21:48:40.778+0000] {logging_mixin.py:154} INFO - [2025-01-15T21:48:40.778+0000] {dagbag.py:536} INFO - Filling up the DagBag from /home/airflow/.local/lib/python3.10/site-packages/airflow/example_dags/example_branch_labels.py
[2025-01-15T21:48:40.788+0000] {processor.py:839} INFO - DAG(s) dict_keys(['example_branch_labels']) retrieved from /home/airflow/.local/lib/python3.10/site-packages/airflow/example_dags/example_branch_labels.py
[2025-01-15T21:48:40.803+0000] {logging_mixin.py:154} INFO - [2025-01-15T21:48:40.803+0000] {dag.py:2941} INFO - Sync 1 DAGs
[2025-01-15T21:48:40.836+0000] {logging_mixin.py:154} INFO - [2025-01-15T21:48:40.835+0000] {dag.py:3722} INFO - Setting next_dagrun for example_branch_labels to 2025-01-14T00:00:00+00:00, run_after=2025-01-15T00:00:00+00:00
[2025-01-15T21:48:40.862+0000] {processor.py:179} INFO - Processing /home/airflow/.local/lib/python3.10/site-packages/airflow/example_dags/example_branch_labels.py took 0.092 seconds
[2025-01-15T21:49:11.280+0000] {processor.py:157} INFO - Started process (PID=150) to work on /home/airflow/.local/lib/python3.10/site-packages/airflow/example_dags/example_branch_labels.py
[2025-01-15T21:49:11.281+0000] {processor.py:829} INFO - Processing file /home/airflow/.local/lib/python3.10/site-packages/airflow/example_dags/example_branch_labels.py for tasks to queue
[2025-01-15T21:49:11.284+0000] {logging_mixin.py:154} INFO - [2025-01-15T21:49:11.284+0000] {dagbag.py:536} INFO - Filling up the DagBag from /home/airflow/.local/lib/python3.10/site-packages/airflow/example_dags/example_branch_labels.py
[2025-01-15T21:49:11.291+0000] {processor.py:839} INFO - DAG(s) dict_keys(['example_branch_labels']) retrieved from /home/airflow/.local/lib/python3.10/site-packages/airflow/example_dags/example_branch_labels.py
[2025-01-15T21:49:11.310+0000] {logging_mixin.py:154} INFO - [2025-01-15T21:49:11.310+0000] {dag.py:2941} INFO - Sync 1 DAGs
[2025-01-15T21:49:11.332+0000] {logging_mixin.py:154} INFO - [2025-01-15T21:49:11.332+0000] {dag.py:3722} INFO - Setting next_dagrun for example_branch_labels to 2025-01-14T00:00:00+00:00, run_after=2025-01-15T00:00:00+00:00
[2025-01-15T21:49:11.349+0000] {processor.py:179} INFO - Processing /home/airflow/.local/lib/python3.10/site-packages/airflow/example_dags/example_branch_labels.py took 0.071 seconds
[2025-01-15T21:49:41.911+0000] {processor.py:157} INFO - Started process (PID=206) to work on /home/airflow/.local/lib/python3.10/site-packages/airflow/example_dags/example_branch_labels.py
[2025-01-15T21:49:41.912+0000] {processor.py:829} INFO - Processing file /home/airflow/.local/lib/python3.10/site-packages/airflow/example_dags/example_branch_labels.py for tasks to queue
[2025-01-15T21:49:41.915+0000] {logging_mixin.py:154} INFO - [2025-01-15T21:49:41.915+0000] {dagbag.py:536} INFO - Filling up the DagBag from /home/airflow/.local/lib/python3.10/site-packages/airflow/example_dags/example_branch_labels.py
[2025-01-15T21:49:41.922+0000] {processor.py:839} INFO - DAG(s) dict_keys(['example_branch_labels']) retrieved from /home/airflow/.local/lib/python3.10/site-packages/airflow/example_dags/example_branch_labels.py
[2025-01-15T21:49:41.943+0000] {logging_mixin.py:154} INFO - [2025-01-15T21:49:41.943+0000] {dag.py:2941} INFO - Sync 1 DAGs
[2025-01-15T21:49:41.965+0000] {logging_mixin.py:154} INFO - [2025-01-15T21:49:41.965+0000] {dag.py:3722} INFO - Setting next_dagrun for example_branch_labels to 2025-01-14T00:00:00+00:00, run_after=2025-01-15T00:00:00+00:00
[2025-01-15T21:49:41.981+0000] {processor.py:179} INFO - Processing /home/airflow/.local/lib/python3.10/site-packages/airflow/example_dags/example_branch_labels.py took 0.075 seconds
[2025-01-15T21:50:12.824+0000] {processor.py:157} INFO - Started process (PID=263) to work on /home/airflow/.local/lib/python3.10/site-packages/airflow/example_dags/example_branch_labels.py
[2025-01-15T21:50:12.826+0000] {processor.py:829} INFO - Processing file /home/airflow/.local/lib/python3.10/site-packages/airflow/example_dags/example_branch_labels.py for tasks to queue
[2025-01-15T21:50:12.830+0000] {logging_mixin.py:154} INFO - [2025-01-15T21:50:12.829+0000] {dagbag.py:536} INFO - Filling up the DagBag from /home/airflow/.local/lib/python3.10/site-packages/airflow/example_dags/example_branch_labels.py
[2025-01-15T21:50:12.838+0000] {processor.py:839} INFO - DAG(s) dict_keys(['example_branch_labels']) retrieved from /home/airflow/.local/lib/python3.10/site-packages/airflow/example_dags/example_branch_labels.py
[2025-01-15T21:50:12.858+0000] {logging_mixin.py:154} INFO - [2025-01-15T21:50:12.857+0000] {dag.py:2941} INFO - Sync 1 DAGs
[2025-01-15T21:50:12.876+0000] {logging_mixin.py:154} INFO - [2025-01-15T21:50:12.876+0000] {dag.py:3722} INFO - Setting next_dagrun for example_branch_labels to 2025-01-14T00:00:00+00:00, run_after=2025-01-15T00:00:00+00:00
[2025-01-15T21:50:12.892+0000] {processor.py:179} INFO - Processing /home/airflow/.local/lib/python3.10/site-packages/airflow/example_dags/example_branch_labels.py took 0.072 seconds
[2025-01-15T21:50:43.456+0000] {processor.py:157} INFO - Started process (PID=319) to work on /home/airflow/.local/lib/python3.10/site-packages/airflow/example_dags/example_branch_labels.py
[2025-01-15T21:50:43.457+0000] {processor.py:829} INFO - Processing file /home/airflow/.local/lib/python3.10/site-packages/airflow/example_dags/example_branch_labels.py for tasks to queue
[2025-01-15T21:50:43.460+0000] {logging_mixin.py:154} INFO - [2025-01-15T21:50:43.459+0000] {dagbag.py:536} INFO - Filling up the DagBag from /home/airflow/.local/lib/python3.10/site-packages/airflow/example_dags/example_branch_labels.py
[2025-01-15T21:50:43.467+0000] {processor.py:839} INFO - DAG(s) dict_keys(['example_branch_labels']) retrieved from /home/airflow/.local/lib/python3.10/site-packages/airflow/example_dags/example_branch_labels.py
[2025-01-15T21:50:43.489+0000] {logging_mixin.py:154} INFO - [2025-01-15T21:50:43.489+0000] {dag.py:2941} INFO - Sync 1 DAGs
[2025-01-15T21:50:43.512+0000] {logging_mixin.py:154} INFO - [2025-01-15T21:50:43.512+0000] {dag.py:3722} INFO - Setting next_dagrun for example_branch_labels to 2025-01-14T00:00:00+00:00, run_after=2025-01-15T00:00:00+00:00
[2025-01-15T21:50:43.531+0000] {processor.py:179} INFO - Processing /home/airflow/.local/lib/python3.10/site-packages/airflow/example_dags/example_branch_labels.py took 0.078 seconds
[2025-01-15T21:51:13.681+0000] {processor.py:157} INFO - Started process (PID=375) to work on /home/airflow/.local/lib/python3.10/site-packages/airflow/example_dags/example_branch_labels.py
[2025-01-15T21:51:13.683+0000] {processor.py:829} INFO - Processing file /home/airflow/.local/lib/python3.10/site-packages/airflow/example_dags/example_branch_labels.py for tasks to queue
[2025-01-15T21:51:13.686+0000] {logging_mixin.py:154} INFO - [2025-01-15T21:51:13.685+0000] {dagbag.py:536} INFO - Filling up the DagBag from /home/airflow/.local/lib/python3.10/site-packages/airflow/example_dags/example_branch_labels.py
[2025-01-15T21:51:13.694+0000] {processor.py:839} INFO - DAG(s) dict_keys(['example_branch_labels']) retrieved from /home/airflow/.local/lib/python3.10/site-packages/airflow/example_dags/example_branch_labels.py
[2025-01-15T21:51:13.721+0000] {logging_mixin.py:154} INFO - [2025-01-15T21:51:13.721+0000] {dag.py:2941} INFO - Sync 1 DAGs
[2025-01-15T21:51:13.752+0000] {logging_mixin.py:154} INFO - [2025-01-15T21:51:13.751+0000] {dag.py:3722} INFO - Setting next_dagrun for example_branch_labels to 2025-01-14T00:00:00+00:00, run_after=2025-01-15T00:00:00+00:00
[2025-01-15T21:51:13.774+0000] {processor.py:179} INFO - Processing /home/airflow/.local/lib/python3.10/site-packages/airflow/example_dags/example_branch_labels.py took 0.096 seconds
[2025-01-15T21:51:43.871+0000] {processor.py:157} INFO - Started process (PID=431) to work on /home/airflow/.local/lib/python3.10/site-packages/airflow/example_dags/example_branch_labels.py
[2025-01-15T21:51:43.872+0000] {processor.py:829} INFO - Processing file /home/airflow/.local/lib/python3.10/site-packages/airflow/example_dags/example_branch_labels.py for tasks to queue
[2025-01-15T21:51:43.874+0000] {logging_mixin.py:154} INFO - [2025-01-15T21:51:43.874+0000] {dagbag.py:536} INFO - Filling up the DagBag from /home/airflow/.local/lib/python3.10/site-packages/airflow/example_dags/example_branch_labels.py
[2025-01-15T21:51:43.881+0000] {processor.py:839} INFO - DAG(s) dict_keys(['example_branch_labels']) retrieved from /home/airflow/.local/lib/python3.10/site-packages/airflow/example_dags/example_branch_labels.py
[2025-01-15T21:51:43.898+0000] {logging_mixin.py:154} INFO - [2025-01-15T21:51:43.898+0000] {dag.py:2941} INFO - Sync 1 DAGs
[2025-01-15T21:51:43.916+0000] {logging_mixin.py:154} INFO - [2025-01-15T21:51:43.916+0000] {dag.py:3722} INFO - Setting next_dagrun for example_branch_labels to 2025-01-14T00:00:00+00:00, run_after=2025-01-15T00:00:00+00:00
[2025-01-15T21:51:43.931+0000] {processor.py:179} INFO - Processing /home/airflow/.local/lib/python3.10/site-packages/airflow/example_dags/example_branch_labels.py took 0.062 seconds
[2025-01-15T21:52:14.884+0000] {processor.py:157} INFO - Started process (PID=487) to work on /home/airflow/.local/lib/python3.10/site-packages/airflow/example_dags/example_branch_labels.py
[2025-01-15T21:52:14.885+0000] {processor.py:829} INFO - Processing file /home/airflow/.local/lib/python3.10/site-packages/airflow/example_dags/example_branch_labels.py for tasks to queue
[2025-01-15T21:52:14.886+0000] {logging_mixin.py:154} INFO - [2025-01-15T21:52:14.886+0000] {dagbag.py:536} INFO - Filling up the DagBag from /home/airflow/.local/lib/python3.10/site-packages/airflow/example_dags/example_branch_labels.py
[2025-01-15T21:52:14.893+0000] {processor.py:839} INFO - DAG(s) dict_keys(['example_branch_labels']) retrieved from /home/airflow/.local/lib/python3.10/site-packages/airflow/example_dags/example_branch_labels.py
[2025-01-15T21:52:14.911+0000] {logging_mixin.py:154} INFO - [2025-01-15T21:52:14.911+0000] {dag.py:2941} INFO - Sync 1 DAGs
[2025-01-15T21:52:14.937+0000] {logging_mixin.py:154} INFO - [2025-01-15T21:52:14.937+0000] {dag.py:3722} INFO - Setting next_dagrun for example_branch_labels to 2025-01-14T00:00:00+00:00, run_after=2025-01-15T00:00:00+00:00
[2025-01-15T21:52:14.953+0000] {processor.py:179} INFO - Processing /home/airflow/.local/lib/python3.10/site-packages/airflow/example_dags/example_branch_labels.py took 0.072 seconds
[2025-01-15T21:52:45.735+0000] {processor.py:157} INFO - Started process (PID=543) to work on /home/airflow/.local/lib/python3.10/site-packages/airflow/example_dags/example_branch_labels.py
[2025-01-15T21:52:45.736+0000] {processor.py:829} INFO - Processing file /home/airflow/.local/lib/python3.10/site-packages/airflow/example_dags/example_branch_labels.py for tasks to queue
[2025-01-15T21:52:45.738+0000] {logging_mixin.py:154} INFO - [2025-01-15T21:52:45.737+0000] {dagbag.py:536} INFO - Filling up the DagBag from /home/airflow/.local/lib/python3.10/site-packages/airflow/example_dags/example_branch_labels.py
[2025-01-15T21:52:45.745+0000] {processor.py:839} INFO - DAG(s) dict_keys(['example_branch_labels']) retrieved from /home/airflow/.local/lib/python3.10/site-packages/airflow/example_dags/example_branch_labels.py
[2025-01-15T21:52:45.764+0000] {logging_mixin.py:154} INFO - [2025-01-15T21:52:45.764+0000] {dag.py:2941} INFO - Sync 1 DAGs
[2025-01-15T21:52:45.787+0000] {logging_mixin.py:154} INFO - [2025-01-15T21:52:45.787+0000] {dag.py:3722} INFO - Setting next_dagrun for example_branch_labels to 2025-01-14T00:00:00+00:00, run_after=2025-01-15T00:00:00+00:00
[2025-01-15T21:52:45.804+0000] {processor.py:179} INFO - Processing /home/airflow/.local/lib/python3.10/site-packages/airflow/example_dags/example_branch_labels.py took 0.073 seconds
[2025-01-15T21:53:16.578+0000] {processor.py:157} INFO - Started process (PID=599) to work on /home/airflow/.local/lib/python3.10/site-packages/airflow/example_dags/example_branch_labels.py
[2025-01-15T21:53:16.579+0000] {processor.py:829} INFO - Processing file /home/airflow/.local/lib/python3.10/site-packages/airflow/example_dags/example_branch_labels.py for tasks to queue
[2025-01-15T21:53:16.581+0000] {logging_mixin.py:154} INFO - [2025-01-15T21:53:16.581+0000] {dagbag.py:536} INFO - Filling up the DagBag from /home/airflow/.local/lib/python3.10/site-packages/airflow/example_dags/example_branch_labels.py
[2025-01-15T21:53:16.588+0000] {processor.py:839} INFO - DAG(s) dict_keys(['example_branch_labels']) retrieved from /home/airflow/.local/lib/python3.10/site-packages/airflow/example_dags/example_branch_labels.py
[2025-01-15T21:53:16.606+0000] {logging_mixin.py:154} INFO - [2025-01-15T21:53:16.605+0000] {dag.py:2941} INFO - Sync 1 DAGs
[2025-01-15T21:53:16.630+0000] {logging_mixin.py:154} INFO - [2025-01-15T21:53:16.630+0000] {dag.py:3722} INFO - Setting next_dagrun for example_branch_labels to 2025-01-14T00:00:00+00:00, run_after=2025-01-15T00:00:00+00:00
[2025-01-15T21:53:16.647+0000] {processor.py:179} INFO - Processing /home/airflow/.local/lib/python3.10/site-packages/airflow/example_dags/example_branch_labels.py took 0.071 seconds
[2025-01-15T21:53:47.943+0000] {processor.py:157} INFO - Started process (PID=655) to work on /home/airflow/.local/lib/python3.10/site-packages/airflow/example_dags/example_branch_labels.py
[2025-01-15T21:53:47.944+0000] {processor.py:829} INFO - Processing file /home/airflow/.local/lib/python3.10/site-packages/airflow/example_dags/example_branch_labels.py for tasks to queue
[2025-01-15T21:53:47.946+0000] {logging_mixin.py:154} INFO - [2025-01-15T21:53:47.946+0000] {dagbag.py:536} INFO - Filling up the DagBag from /home/airflow/.local/lib/python3.10/site-packages/airflow/example_dags/example_branch_labels.py
[2025-01-15T21:53:47.953+0000] {processor.py:839} INFO - DAG(s) dict_keys(['example_branch_labels']) retrieved from /home/airflow/.local/lib/python3.10/site-packages/airflow/example_dags/example_branch_labels.py
[2025-01-15T21:53:47.975+0000] {logging_mixin.py:154} INFO - [2025-01-15T21:53:47.975+0000] {dag.py:2941} INFO - Sync 1 DAGs
[2025-01-15T21:53:47.998+0000] {logging_mixin.py:154} INFO - [2025-01-15T21:53:47.998+0000] {dag.py:3722} INFO - Setting next_dagrun for example_branch_labels to 2025-01-14T00:00:00+00:00, run_after=2025-01-15T00:00:00+00:00
[2025-01-15T21:53:48.014+0000] {processor.py:179} INFO - Processing /home/airflow/.local/lib/python3.10/site-packages/airflow/example_dags/example_branch_labels.py took 0.074 seconds
[2025-01-15T21:54:18.801+0000] {processor.py:157} INFO - Started process (PID=711) to work on /home/airflow/.local/lib/python3.10/site-packages/airflow/example_dags/example_branch_labels.py
[2025-01-15T21:54:18.802+0000] {processor.py:829} INFO - Processing file /home/airflow/.local/lib/python3.10/site-packages/airflow/example_dags/example_branch_labels.py for tasks to queue
[2025-01-15T21:54:18.804+0000] {logging_mixin.py:154} INFO - [2025-01-15T21:54:18.804+0000] {dagbag.py:536} INFO - Filling up the DagBag from /home/airflow/.local/lib/python3.10/site-packages/airflow/example_dags/example_branch_labels.py
[2025-01-15T21:54:18.811+0000] {processor.py:839} INFO - DAG(s) dict_keys(['example_branch_labels']) retrieved from /home/airflow/.local/lib/python3.10/site-packages/airflow/example_dags/example_branch_labels.py
[2025-01-15T21:54:18.830+0000] {logging_mixin.py:154} INFO - [2025-01-15T21:54:18.830+0000] {dag.py:2941} INFO - Sync 1 DAGs
[2025-01-15T21:54:18.852+0000] {logging_mixin.py:154} INFO - [2025-01-15T21:54:18.851+0000] {dag.py:3722} INFO - Setting next_dagrun for example_branch_labels to 2025-01-14T00:00:00+00:00, run_after=2025-01-15T00:00:00+00:00
[2025-01-15T21:54:18.867+0000] {processor.py:179} INFO - Processing /home/airflow/.local/lib/python3.10/site-packages/airflow/example_dags/example_branch_labels.py took 0.069 seconds
[2025-01-15T21:54:49.910+0000] {processor.py:157} INFO - Started process (PID=767) to work on /home/airflow/.local/lib/python3.10/site-packages/airflow/example_dags/example_branch_labels.py
[2025-01-15T21:54:49.911+0000] {processor.py:829} INFO - Processing file /home/airflow/.local/lib/python3.10/site-packages/airflow/example_dags/example_branch_labels.py for tasks to queue
[2025-01-15T21:54:49.913+0000] {logging_mixin.py:154} INFO - [2025-01-15T21:54:49.913+0000] {dagbag.py:536} INFO - Filling up the DagBag from /home/airflow/.local/lib/python3.10/site-packages/airflow/example_dags/example_branch_labels.py
[2025-01-15T21:54:49.920+0000] {processor.py:839} INFO - DAG(s) dict_keys(['example_branch_labels']) retrieved from /home/airflow/.local/lib/python3.10/site-packages/airflow/example_dags/example_branch_labels.py
[2025-01-15T21:54:49.939+0000] {logging_mixin.py:154} INFO - [2025-01-15T21:54:49.939+0000] {dag.py:2941} INFO - Sync 1 DAGs
[2025-01-15T21:54:49.961+0000] {logging_mixin.py:154} INFO - [2025-01-15T21:54:49.961+0000] {dag.py:3722} INFO - Setting next_dagrun for example_branch_labels to 2025-01-14T00:00:00+00:00, run_after=2025-01-15T00:00:00+00:00
[2025-01-15T21:54:49.977+0000] {processor.py:179} INFO - Processing /home/airflow/.local/lib/python3.10/site-packages/airflow/example_dags/example_branch_labels.py took 0.070 seconds
[2025-01-15T21:55:20.332+0000] {processor.py:157} INFO - Started process (PID=823) to work on /home/airflow/.local/lib/python3.10/site-packages/airflow/example_dags/example_branch_labels.py
[2025-01-15T21:55:20.333+0000] {processor.py:829} INFO - Processing file /home/airflow/.local/lib/python3.10/site-packages/airflow/example_dags/example_branch_labels.py for tasks to queue
[2025-01-15T21:55:20.335+0000] {logging_mixin.py:154} INFO - [2025-01-15T21:55:20.335+0000] {dagbag.py:536} INFO - Filling up the DagBag from /home/airflow/.local/lib/python3.10/site-packages/airflow/example_dags/example_branch_labels.py
[2025-01-15T21:55:20.342+0000] {processor.py:839} INFO - DAG(s) dict_keys(['example_branch_labels']) retrieved from /home/airflow/.local/lib/python3.10/site-packages/airflow/example_dags/example_branch_labels.py
[2025-01-15T21:55:20.362+0000] {logging_mixin.py:154} INFO - [2025-01-15T21:55:20.362+0000] {dag.py:2941} INFO - Sync 1 DAGs
[2025-01-15T21:55:20.382+0000] {logging_mixin.py:154} INFO - [2025-01-15T21:55:20.382+0000] {dag.py:3722} INFO - Setting next_dagrun for example_branch_labels to 2025-01-14T00:00:00+00:00, run_after=2025-01-15T00:00:00+00:00
[2025-01-15T21:55:20.398+0000] {processor.py:179} INFO - Processing /home/airflow/.local/lib/python3.10/site-packages/airflow/example_dags/example_branch_labels.py took 0.068 seconds
[2025-01-15T21:55:51.703+0000] {processor.py:157} INFO - Started process (PID=886) to work on /home/airflow/.local/lib/python3.10/site-packages/airflow/example_dags/example_branch_labels.py
[2025-01-15T21:55:51.704+0000] {processor.py:829} INFO - Processing file /home/airflow/.local/lib/python3.10/site-packages/airflow/example_dags/example_branch_labels.py for tasks to queue
[2025-01-15T21:55:51.706+0000] {logging_mixin.py:154} INFO - [2025-01-15T21:55:51.705+0000] {dagbag.py:536} INFO - Filling up the DagBag from /home/airflow/.local/lib/python3.10/site-packages/airflow/example_dags/example_branch_labels.py
[2025-01-15T21:55:51.712+0000] {processor.py:839} INFO - DAG(s) dict_keys(['example_branch_labels']) retrieved from /home/airflow/.local/lib/python3.10/site-packages/airflow/example_dags/example_branch_labels.py
[2025-01-15T21:55:51.730+0000] {logging_mixin.py:154} INFO - [2025-01-15T21:55:51.730+0000] {dag.py:2941} INFO - Sync 1 DAGs
[2025-01-15T21:55:51.556+0000] {logging_mixin.py:154} INFO - [2025-01-15T21:55:51.556+0000] {dag.py:3722} INFO - Setting next_dagrun for example_branch_labels to 2025-01-14T00:00:00+00:00, run_after=2025-01-15T00:00:00+00:00
[2025-01-15T21:55:51.571+0000] {processor.py:179} INFO - Processing /home/airflow/.local/lib/python3.10/site-packages/airflow/example_dags/example_branch_labels.py took 0.067 seconds
[2025-01-15T21:56:22.772+0000] {processor.py:157} INFO - Started process (PID=947) to work on /home/airflow/.local/lib/python3.10/site-packages/airflow/example_dags/example_branch_labels.py
[2025-01-15T21:56:22.773+0000] {processor.py:829} INFO - Processing file /home/airflow/.local/lib/python3.10/site-packages/airflow/example_dags/example_branch_labels.py for tasks to queue
[2025-01-15T21:56:22.775+0000] {logging_mixin.py:154} INFO - [2025-01-15T21:56:22.775+0000] {dagbag.py:536} INFO - Filling up the DagBag from /home/airflow/.local/lib/python3.10/site-packages/airflow/example_dags/example_branch_labels.py
[2025-01-15T21:56:22.782+0000] {processor.py:839} INFO - DAG(s) dict_keys(['example_branch_labels']) retrieved from /home/airflow/.local/lib/python3.10/site-packages/airflow/example_dags/example_branch_labels.py
[2025-01-15T21:56:22.802+0000] {logging_mixin.py:154} INFO - [2025-01-15T21:56:22.801+0000] {dag.py:2941} INFO - Sync 1 DAGs
[2025-01-15T21:56:22.824+0000] {logging_mixin.py:154} INFO - [2025-01-15T21:56:22.823+0000] {dag.py:3722} INFO - Setting next_dagrun for example_branch_labels to 2025-01-14T00:00:00+00:00, run_after=2025-01-15T00:00:00+00:00
[2025-01-15T21:56:22.840+0000] {processor.py:179} INFO - Processing /home/airflow/.local/lib/python3.10/site-packages/airflow/example_dags/example_branch_labels.py took 0.071 seconds
[2025-01-15T21:56:54.360+0000] {processor.py:157} INFO - Started process (PID=1003) to work on /home/airflow/.local/lib/python3.10/site-packages/airflow/example_dags/example_branch_labels.py
[2025-01-15T21:56:54.361+0000] {processor.py:829} INFO - Processing file /home/airflow/.local/lib/python3.10/site-packages/airflow/example_dags/example_branch_labels.py for tasks to queue
[2025-01-15T21:56:54.363+0000] {logging_mixin.py:154} INFO - [2025-01-15T21:56:54.362+0000] {dagbag.py:536} INFO - Filling up the DagBag from /home/airflow/.local/lib/python3.10/site-packages/airflow/example_dags/example_branch_labels.py
[2025-01-15T21:56:54.370+0000] {processor.py:839} INFO - DAG(s) dict_keys(['example_branch_labels']) retrieved from /home/airflow/.local/lib/python3.10/site-packages/airflow/example_dags/example_branch_labels.py
[2025-01-15T21:56:54.390+0000] {logging_mixin.py:154} INFO - [2025-01-15T21:56:54.389+0000] {dag.py:2941} INFO - Sync 1 DAGs
[2025-01-15T21:56:54.411+0000] {logging_mixin.py:154} INFO - [2025-01-15T21:56:54.411+0000] {dag.py:3722} INFO - Setting next_dagrun for example_branch_labels to 2025-01-14T00:00:00+00:00, run_after=2025-01-15T00:00:00+00:00
[2025-01-15T21:56:54.577+0000] {processor.py:179} INFO - Processing /home/airflow/.local/lib/python3.10/site-packages/airflow/example_dags/example_branch_labels.py took 0.220 seconds
[2025-01-15T21:57:24.987+0000] {processor.py:157} INFO - Started process (PID=1059) to work on /home/airflow/.local/lib/python3.10/site-packages/airflow/example_dags/example_branch_labels.py
[2025-01-15T21:57:24.988+0000] {processor.py:829} INFO - Processing file /home/airflow/.local/lib/python3.10/site-packages/airflow/example_dags/example_branch_labels.py for tasks to queue
[2025-01-15T21:57:24.990+0000] {logging_mixin.py:154} INFO - [2025-01-15T21:57:24.990+0000] {dagbag.py:536} INFO - Filling up the DagBag from /home/airflow/.local/lib/python3.10/site-packages/airflow/example_dags/example_branch_labels.py
[2025-01-15T21:57:24.997+0000] {processor.py:839} INFO - DAG(s) dict_keys(['example_branch_labels']) retrieved from /home/airflow/.local/lib/python3.10/site-packages/airflow/example_dags/example_branch_labels.py
[2025-01-15T21:57:25.017+0000] {logging_mixin.py:154} INFO - [2025-01-15T21:57:25.017+0000] {dag.py:2941} INFO - Sync 1 DAGs
[2025-01-15T21:57:25.038+0000] {logging_mixin.py:154} INFO - [2025-01-15T21:57:25.038+0000] {dag.py:3722} INFO - Setting next_dagrun for example_branch_labels to 2025-01-14T00:00:00+00:00, run_after=2025-01-15T00:00:00+00:00
[2025-01-15T21:57:25.053+0000] {processor.py:179} INFO - Processing /home/airflow/.local/lib/python3.10/site-packages/airflow/example_dags/example_branch_labels.py took 0.069 seconds
[2025-01-15T21:57:55.283+0000] {processor.py:157} INFO - Started process (PID=1113) to work on /home/airflow/.local/lib/python3.10/site-packages/airflow/example_dags/example_branch_labels.py
[2025-01-15T21:57:55.284+0000] {processor.py:829} INFO - Processing file /home/airflow/.local/lib/python3.10/site-packages/airflow/example_dags/example_branch_labels.py for tasks to queue
[2025-01-15T21:57:55.286+0000] {logging_mixin.py:154} INFO - [2025-01-15T21:57:55.286+0000] {dagbag.py:536} INFO - Filling up the DagBag from /home/airflow/.local/lib/python3.10/site-packages/airflow/example_dags/example_branch_labels.py
[2025-01-15T21:57:55.292+0000] {processor.py:839} INFO - DAG(s) dict_keys(['example_branch_labels']) retrieved from /home/airflow/.local/lib/python3.10/site-packages/airflow/example_dags/example_branch_labels.py
[2025-01-15T21:57:55.310+0000] {logging_mixin.py:154} INFO - [2025-01-15T21:57:55.310+0000] {dag.py:2941} INFO - Sync 1 DAGs
[2025-01-15T21:57:55.331+0000] {logging_mixin.py:154} INFO - [2025-01-15T21:57:55.331+0000] {dag.py:3722} INFO - Setting next_dagrun for example_branch_labels to 2025-01-14T00:00:00+00:00, run_after=2025-01-15T00:00:00+00:00
[2025-01-15T21:57:55.344+0000] {processor.py:179} INFO - Processing /home/airflow/.local/lib/python3.10/site-packages/airflow/example_dags/example_branch_labels.py took 0.064 seconds
[2025-01-15T21:58:25.862+0000] {processor.py:157} INFO - Started process (PID=1167) to work on /home/airflow/.local/lib/python3.10/site-packages/airflow/example_dags/example_branch_labels.py
[2025-01-15T21:58:25.863+0000] {processor.py:829} INFO - Processing file /home/airflow/.local/lib/python3.10/site-packages/airflow/example_dags/example_branch_labels.py for tasks to queue
[2025-01-15T21:58:25.865+0000] {logging_mixin.py:154} INFO - [2025-01-15T21:58:25.865+0000] {dagbag.py:536} INFO - Filling up the DagBag from /home/airflow/.local/lib/python3.10/site-packages/airflow/example_dags/example_branch_labels.py
[2025-01-15T21:58:25.872+0000] {processor.py:839} INFO - DAG(s) dict_keys(['example_branch_labels']) retrieved from /home/airflow/.local/lib/python3.10/site-packages/airflow/example_dags/example_branch_labels.py
[2025-01-15T21:58:25.892+0000] {logging_mixin.py:154} INFO - [2025-01-15T21:58:25.892+0000] {dag.py:2941} INFO - Sync 1 DAGs
[2025-01-15T21:58:25.913+0000] {logging_mixin.py:154} INFO - [2025-01-15T21:58:25.913+0000] {dag.py:3722} INFO - Setting next_dagrun for example_branch_labels to 2025-01-14T00:00:00+00:00, run_after=2025-01-15T00:00:00+00:00
[2025-01-15T21:58:26.074+0000] {processor.py:179} INFO - Processing /home/airflow/.local/lib/python3.10/site-packages/airflow/example_dags/example_branch_labels.py took 0.215 seconds
[2025-01-15T21:58:56.477+0000] {processor.py:157} INFO - Started process (PID=1222) to work on /home/airflow/.local/lib/python3.10/site-packages/airflow/example_dags/example_branch_labels.py
[2025-01-15T21:58:56.478+0000] {processor.py:829} INFO - Processing file /home/airflow/.local/lib/python3.10/site-packages/airflow/example_dags/example_branch_labels.py for tasks to queue
[2025-01-15T21:58:56.481+0000] {logging_mixin.py:154} INFO - [2025-01-15T21:58:56.480+0000] {dagbag.py:536} INFO - Filling up the DagBag from /home/airflow/.local/lib/python3.10/site-packages/airflow/example_dags/example_branch_labels.py
[2025-01-15T21:58:56.488+0000] {processor.py:839} INFO - DAG(s) dict_keys(['example_branch_labels']) retrieved from /home/airflow/.local/lib/python3.10/site-packages/airflow/example_dags/example_branch_labels.py
[2025-01-15T21:58:56.508+0000] {logging_mixin.py:154} INFO - [2025-01-15T21:58:56.508+0000] {dag.py:2941} INFO - Sync 1 DAGs
[2025-01-15T21:58:56.529+0000] {logging_mixin.py:154} INFO - [2025-01-15T21:58:56.528+0000] {dag.py:3722} INFO - Setting next_dagrun for example_branch_labels to 2025-01-14T00:00:00+00:00, run_after=2025-01-15T00:00:00+00:00
[2025-01-15T21:58:56.548+0000] {processor.py:179} INFO - Processing /home/airflow/.local/lib/python3.10/site-packages/airflow/example_dags/example_branch_labels.py took 0.073 seconds
[2025-01-15T21:59:27.414+0000] {processor.py:157} INFO - Started process (PID=1278) to work on /home/airflow/.local/lib/python3.10/site-packages/airflow/example_dags/example_branch_labels.py
[2025-01-15T21:59:27.414+0000] {processor.py:829} INFO - Processing file /home/airflow/.local/lib/python3.10/site-packages/airflow/example_dags/example_branch_labels.py for tasks to queue
[2025-01-15T21:59:27.416+0000] {logging_mixin.py:154} INFO - [2025-01-15T21:59:27.416+0000] {dagbag.py:536} INFO - Filling up the DagBag from /home/airflow/.local/lib/python3.10/site-packages/airflow/example_dags/example_branch_labels.py
[2025-01-15T21:59:27.424+0000] {processor.py:839} INFO - DAG(s) dict_keys(['example_branch_labels']) retrieved from /home/airflow/.local/lib/python3.10/site-packages/airflow/example_dags/example_branch_labels.py
[2025-01-15T21:59:27.444+0000] {logging_mixin.py:154} INFO - [2025-01-15T21:59:27.444+0000] {dag.py:2941} INFO - Sync 1 DAGs
[2025-01-15T21:59:27.620+0000] {logging_mixin.py:154} INFO - [2025-01-15T21:59:27.619+0000] {dag.py:3722} INFO - Setting next_dagrun for example_branch_labels to 2025-01-14T00:00:00+00:00, run_after=2025-01-15T00:00:00+00:00
[2025-01-15T21:59:27.634+0000] {processor.py:179} INFO - Processing /home/airflow/.local/lib/python3.10/site-packages/airflow/example_dags/example_branch_labels.py took 0.223 seconds
[2025-01-15T21:59:57.680+0000] {processor.py:157} INFO - Started process (PID=1334) to work on /home/airflow/.local/lib/python3.10/site-packages/airflow/example_dags/example_branch_labels.py
[2025-01-15T21:59:57.681+0000] {processor.py:829} INFO - Processing file /home/airflow/.local/lib/python3.10/site-packages/airflow/example_dags/example_branch_labels.py for tasks to queue
[2025-01-15T21:59:57.683+0000] {logging_mixin.py:154} INFO - [2025-01-15T21:59:57.682+0000] {dagbag.py:536} INFO - Filling up the DagBag from /home/airflow/.local/lib/python3.10/site-packages/airflow/example_dags/example_branch_labels.py
[2025-01-15T21:59:57.689+0000] {processor.py:839} INFO - DAG(s) dict_keys(['example_branch_labels']) retrieved from /home/airflow/.local/lib/python3.10/site-packages/airflow/example_dags/example_branch_labels.py
[2025-01-15T21:59:57.707+0000] {logging_mixin.py:154} INFO - [2025-01-15T21:59:57.707+0000] {dag.py:2941} INFO - Sync 1 DAGs
[2025-01-15T21:59:57.726+0000] {logging_mixin.py:154} INFO - [2025-01-15T21:59:57.726+0000] {dag.py:3722} INFO - Setting next_dagrun for example_branch_labels to 2025-01-14T00:00:00+00:00, run_after=2025-01-15T00:00:00+00:00
[2025-01-15T21:59:57.869+0000] {processor.py:179} INFO - Processing /home/airflow/.local/lib/python3.10/site-packages/airflow/example_dags/example_branch_labels.py took 0.192 seconds
[2025-01-15T22:00:28.132+0000] {processor.py:157} INFO - Started process (PID=1390) to work on /home/airflow/.local/lib/python3.10/site-packages/airflow/example_dags/example_branch_labels.py
[2025-01-15T22:00:28.132+0000] {processor.py:829} INFO - Processing file /home/airflow/.local/lib/python3.10/site-packages/airflow/example_dags/example_branch_labels.py for tasks to queue
[2025-01-15T22:00:28.134+0000] {logging_mixin.py:154} INFO - [2025-01-15T22:00:28.134+0000] {dagbag.py:536} INFO - Filling up the DagBag from /home/airflow/.local/lib/python3.10/site-packages/airflow/example_dags/example_branch_labels.py
[2025-01-15T22:00:28.141+0000] {processor.py:839} INFO - DAG(s) dict_keys(['example_branch_labels']) retrieved from /home/airflow/.local/lib/python3.10/site-packages/airflow/example_dags/example_branch_labels.py
[2025-01-15T22:00:28.159+0000] {logging_mixin.py:154} INFO - [2025-01-15T22:00:28.159+0000] {dag.py:2941} INFO - Sync 1 DAGs
[2025-01-15T22:00:28.178+0000] {logging_mixin.py:154} INFO - [2025-01-15T22:00:28.178+0000] {dag.py:3722} INFO - Setting next_dagrun for example_branch_labels to 2025-01-14T00:00:00+00:00, run_after=2025-01-15T00:00:00+00:00
[2025-01-15T22:00:28.192+0000] {processor.py:179} INFO - Processing /home/airflow/.local/lib/python3.10/site-packages/airflow/example_dags/example_branch_labels.py took 0.063 seconds
[2025-01-15T22:01:00.186+0000] {processor.py:157} INFO - Started process (PID=1446) to work on /home/airflow/.local/lib/python3.10/site-packages/airflow/example_dags/example_branch_labels.py
[2025-01-15T22:01:00.186+0000] {processor.py:829} INFO - Processing file /home/airflow/.local/lib/python3.10/site-packages/airflow/example_dags/example_branch_labels.py for tasks to queue
[2025-01-15T22:01:00.189+0000] {logging_mixin.py:154} INFO - [2025-01-15T22:01:00.188+0000] {dagbag.py:536} INFO - Filling up the DagBag from /home/airflow/.local/lib/python3.10/site-packages/airflow/example_dags/example_branch_labels.py
[2025-01-15T22:01:00.197+0000] {processor.py:839} INFO - DAG(s) dict_keys(['example_branch_labels']) retrieved from /home/airflow/.local/lib/python3.10/site-packages/airflow/example_dags/example_branch_labels.py
[2025-01-15T22:01:00.218+0000] {logging_mixin.py:154} INFO - [2025-01-15T22:01:00.218+0000] {dag.py:2941} INFO - Sync 1 DAGs
[2025-01-15T22:01:00.391+0000] {logging_mixin.py:154} INFO - [2025-01-15T22:01:00.391+0000] {dag.py:3722} INFO - Setting next_dagrun for example_branch_labels to 2025-01-14T00:00:00+00:00, run_after=2025-01-15T00:00:00+00:00
[2025-01-15T22:01:00.408+0000] {processor.py:179} INFO - Processing /home/airflow/.local/lib/python3.10/site-packages/airflow/example_dags/example_branch_labels.py took 0.225 seconds
[2025-01-15T22:01:31.294+0000] {processor.py:157} INFO - Started process (PID=1502) to work on /home/airflow/.local/lib/python3.10/site-packages/airflow/example_dags/example_branch_labels.py
[2025-01-15T22:01:31.295+0000] {processor.py:829} INFO - Processing file /home/airflow/.local/lib/python3.10/site-packages/airflow/example_dags/example_branch_labels.py for tasks to queue
[2025-01-15T22:01:31.296+0000] {logging_mixin.py:154} INFO - [2025-01-15T22:01:31.296+0000] {dagbag.py:536} INFO - Filling up the DagBag from /home/airflow/.local/lib/python3.10/site-packages/airflow/example_dags/example_branch_labels.py
[2025-01-15T22:01:31.303+0000] {processor.py:839} INFO - DAG(s) dict_keys(['example_branch_labels']) retrieved from /home/airflow/.local/lib/python3.10/site-packages/airflow/example_dags/example_branch_labels.py
[2025-01-15T22:01:31.322+0000] {logging_mixin.py:154} INFO - [2025-01-15T22:01:31.322+0000] {dag.py:2941} INFO - Sync 1 DAGs
[2025-01-15T22:01:31.343+0000] {logging_mixin.py:154} INFO - [2025-01-15T22:01:31.342+0000] {dag.py:3722} INFO - Setting next_dagrun for example_branch_labels to 2025-01-14T00:00:00+00:00, run_after=2025-01-15T00:00:00+00:00
[2025-01-15T22:01:31.506+0000] {processor.py:179} INFO - Processing /home/airflow/.local/lib/python3.10/site-packages/airflow/example_dags/example_branch_labels.py took 0.215 seconds
[2025-01-15T22:02:01.978+0000] {processor.py:157} INFO - Started process (PID=1558) to work on /home/airflow/.local/lib/python3.10/site-packages/airflow/example_dags/example_branch_labels.py
[2025-01-15T22:02:01.979+0000] {processor.py:829} INFO - Processing file /home/airflow/.local/lib/python3.10/site-packages/airflow/example_dags/example_branch_labels.py for tasks to queue
[2025-01-15T22:02:01.981+0000] {logging_mixin.py:154} INFO - [2025-01-15T22:02:01.981+0000] {dagbag.py:536} INFO - Filling up the DagBag from /home/airflow/.local/lib/python3.10/site-packages/airflow/example_dags/example_branch_labels.py
[2025-01-15T22:02:01.989+0000] {processor.py:839} INFO - DAG(s) dict_keys(['example_branch_labels']) retrieved from /home/airflow/.local/lib/python3.10/site-packages/airflow/example_dags/example_branch_labels.py
[2025-01-15T22:02:02.016+0000] {logging_mixin.py:154} INFO - [2025-01-15T22:02:02.016+0000] {dag.py:2941} INFO - Sync 1 DAGs
[2025-01-15T22:02:02.041+0000] {logging_mixin.py:154} INFO - [2025-01-15T22:02:02.041+0000] {dag.py:3722} INFO - Setting next_dagrun for example_branch_labels to 2025-01-14T00:00:00+00:00, run_after=2025-01-15T00:00:00+00:00
[2025-01-15T22:02:02.058+0000] {processor.py:179} INFO - Processing /home/airflow/.local/lib/python3.10/site-packages/airflow/example_dags/example_branch_labels.py took 0.084 seconds
[2025-01-15T22:02:32.653+0000] {processor.py:157} INFO - Started process (PID=1621) to work on /home/airflow/.local/lib/python3.10/site-packages/airflow/example_dags/example_branch_labels.py
[2025-01-15T22:02:32.654+0000] {processor.py:829} INFO - Processing file /home/airflow/.local/lib/python3.10/site-packages/airflow/example_dags/example_branch_labels.py for tasks to queue
[2025-01-15T22:02:32.655+0000] {logging_mixin.py:154} INFO - [2025-01-15T22:02:32.655+0000] {dagbag.py:536} INFO - Filling up the DagBag from /home/airflow/.local/lib/python3.10/site-packages/airflow/example_dags/example_branch_labels.py
[2025-01-15T22:02:32.662+0000] {processor.py:839} INFO - DAG(s) dict_keys(['example_branch_labels']) retrieved from /home/airflow/.local/lib/python3.10/site-packages/airflow/example_dags/example_branch_labels.py
[2025-01-15T22:02:32.681+0000] {logging_mixin.py:154} INFO - [2025-01-15T22:02:32.681+0000] {dag.py:2941} INFO - Sync 1 DAGs
[2025-01-15T22:02:31.709+0000] {logging_mixin.py:154} INFO - [2025-01-15T22:02:31.708+0000] {dag.py:3722} INFO - Setting next_dagrun for example_branch_labels to 2025-01-14T00:00:00+00:00, run_after=2025-01-15T00:00:00+00:00
[2025-01-15T22:02:31.724+0000] {processor.py:179} INFO - Processing /home/airflow/.local/lib/python3.10/site-packages/airflow/example_dags/example_branch_labels.py took 0.212 seconds
[2025-01-15T22:04:09.344+0000] {processor.py:157} INFO - Started process (PID=94) to work on /home/airflow/.local/lib/python3.10/site-packages/airflow/example_dags/example_branch_labels.py
[2025-01-15T22:04:09.345+0000] {processor.py:829} INFO - Processing file /home/airflow/.local/lib/python3.10/site-packages/airflow/example_dags/example_branch_labels.py for tasks to queue
[2025-01-15T22:04:09.347+0000] {logging_mixin.py:154} INFO - [2025-01-15T22:04:09.347+0000] {dagbag.py:536} INFO - Filling up the DagBag from /home/airflow/.local/lib/python3.10/site-packages/airflow/example_dags/example_branch_labels.py
[2025-01-15T22:04:09.355+0000] {processor.py:839} INFO - DAG(s) dict_keys(['example_branch_labels']) retrieved from /home/airflow/.local/lib/python3.10/site-packages/airflow/example_dags/example_branch_labels.py
[2025-01-15T22:04:09.368+0000] {logging_mixin.py:154} INFO - [2025-01-15T22:04:09.367+0000] {dag.py:2941} INFO - Sync 1 DAGs
[2025-01-15T22:04:09.394+0000] {logging_mixin.py:154} INFO - [2025-01-15T22:04:09.394+0000] {dag.py:3722} INFO - Setting next_dagrun for example_branch_labels to 2025-01-14T00:00:00+00:00, run_after=2025-01-15T00:00:00+00:00
[2025-01-15T22:04:09.413+0000] {processor.py:179} INFO - Processing /home/airflow/.local/lib/python3.10/site-packages/airflow/example_dags/example_branch_labels.py took 0.072 seconds
[2025-01-15T22:04:40.656+0000] {processor.py:157} INFO - Started process (PID=150) to work on /home/airflow/.local/lib/python3.10/site-packages/airflow/example_dags/example_branch_labels.py
[2025-01-15T22:04:40.657+0000] {processor.py:829} INFO - Processing file /home/airflow/.local/lib/python3.10/site-packages/airflow/example_dags/example_branch_labels.py for tasks to queue
[2025-01-15T22:04:40.659+0000] {logging_mixin.py:154} INFO - [2025-01-15T22:04:40.659+0000] {dagbag.py:536} INFO - Filling up the DagBag from /home/airflow/.local/lib/python3.10/site-packages/airflow/example_dags/example_branch_labels.py
[2025-01-15T22:04:40.666+0000] {processor.py:839} INFO - DAG(s) dict_keys(['example_branch_labels']) retrieved from /home/airflow/.local/lib/python3.10/site-packages/airflow/example_dags/example_branch_labels.py
[2025-01-15T22:04:40.688+0000] {logging_mixin.py:154} INFO - [2025-01-15T22:04:40.688+0000] {dag.py:2941} INFO - Sync 1 DAGs
[2025-01-15T22:04:40.713+0000] {logging_mixin.py:154} INFO - [2025-01-15T22:04:40.713+0000] {dag.py:3722} INFO - Setting next_dagrun for example_branch_labels to 2025-01-14T00:00:00+00:00, run_after=2025-01-15T00:00:00+00:00
[2025-01-15T22:04:40.732+0000] {processor.py:179} INFO - Processing /home/airflow/.local/lib/python3.10/site-packages/airflow/example_dags/example_branch_labels.py took 0.078 seconds
[2025-01-15T22:05:11.673+0000] {processor.py:157} INFO - Started process (PID=206) to work on /home/airflow/.local/lib/python3.10/site-packages/airflow/example_dags/example_branch_labels.py
[2025-01-15T22:05:11.674+0000] {processor.py:829} INFO - Processing file /home/airflow/.local/lib/python3.10/site-packages/airflow/example_dags/example_branch_labels.py for tasks to queue
[2025-01-15T22:05:11.676+0000] {logging_mixin.py:154} INFO - [2025-01-15T22:05:11.676+0000] {dagbag.py:536} INFO - Filling up the DagBag from /home/airflow/.local/lib/python3.10/site-packages/airflow/example_dags/example_branch_labels.py
[2025-01-15T22:05:11.684+0000] {processor.py:839} INFO - DAG(s) dict_keys(['example_branch_labels']) retrieved from /home/airflow/.local/lib/python3.10/site-packages/airflow/example_dags/example_branch_labels.py
[2025-01-15T22:05:11.707+0000] {logging_mixin.py:154} INFO - [2025-01-15T22:05:11.707+0000] {dag.py:2941} INFO - Sync 1 DAGs
[2025-01-15T22:05:11.732+0000] {logging_mixin.py:154} INFO - [2025-01-15T22:05:11.732+0000] {dag.py:3722} INFO - Setting next_dagrun for example_branch_labels to 2025-01-14T00:00:00+00:00, run_after=2025-01-15T00:00:00+00:00
[2025-01-15T22:05:11.750+0000] {processor.py:179} INFO - Processing /home/airflow/.local/lib/python3.10/site-packages/airflow/example_dags/example_branch_labels.py took 0.080 seconds
[2025-01-15T22:05:42.261+0000] {processor.py:157} INFO - Started process (PID=262) to work on /home/airflow/.local/lib/python3.10/site-packages/airflow/example_dags/example_branch_labels.py
[2025-01-15T22:05:42.262+0000] {processor.py:829} INFO - Processing file /home/airflow/.local/lib/python3.10/site-packages/airflow/example_dags/example_branch_labels.py for tasks to queue
[2025-01-15T22:05:42.264+0000] {logging_mixin.py:154} INFO - [2025-01-15T22:05:42.264+0000] {dagbag.py:536} INFO - Filling up the DagBag from /home/airflow/.local/lib/python3.10/site-packages/airflow/example_dags/example_branch_labels.py
[2025-01-15T22:05:42.271+0000] {processor.py:839} INFO - DAG(s) dict_keys(['example_branch_labels']) retrieved from /home/airflow/.local/lib/python3.10/site-packages/airflow/example_dags/example_branch_labels.py
[2025-01-15T22:05:42.291+0000] {logging_mixin.py:154} INFO - [2025-01-15T22:05:42.290+0000] {dag.py:2941} INFO - Sync 1 DAGs
[2025-01-15T22:05:42.313+0000] {logging_mixin.py:154} INFO - [2025-01-15T22:05:42.313+0000] {dag.py:3722} INFO - Setting next_dagrun for example_branch_labels to 2025-01-14T00:00:00+00:00, run_after=2025-01-15T00:00:00+00:00
[2025-01-15T22:05:42.332+0000] {processor.py:179} INFO - Processing /home/airflow/.local/lib/python3.10/site-packages/airflow/example_dags/example_branch_labels.py took 0.074 seconds
[2025-01-15T22:06:12.925+0000] {processor.py:157} INFO - Started process (PID=318) to work on /home/airflow/.local/lib/python3.10/site-packages/airflow/example_dags/example_branch_labels.py
[2025-01-15T22:06:12.926+0000] {processor.py:829} INFO - Processing file /home/airflow/.local/lib/python3.10/site-packages/airflow/example_dags/example_branch_labels.py for tasks to queue
[2025-01-15T22:06:12.928+0000] {logging_mixin.py:154} INFO - [2025-01-15T22:06:12.928+0000] {dagbag.py:536} INFO - Filling up the DagBag from /home/airflow/.local/lib/python3.10/site-packages/airflow/example_dags/example_branch_labels.py
[2025-01-15T22:06:12.935+0000] {processor.py:839} INFO - DAG(s) dict_keys(['example_branch_labels']) retrieved from /home/airflow/.local/lib/python3.10/site-packages/airflow/example_dags/example_branch_labels.py
[2025-01-15T22:06:12.957+0000] {logging_mixin.py:154} INFO - [2025-01-15T22:06:12.956+0000] {dag.py:2941} INFO - Sync 1 DAGs
[2025-01-15T22:06:12.981+0000] {logging_mixin.py:154} INFO - [2025-01-15T22:06:12.980+0000] {dag.py:3722} INFO - Setting next_dagrun for example_branch_labels to 2025-01-14T00:00:00+00:00, run_after=2025-01-15T00:00:00+00:00
[2025-01-15T22:06:12.999+0000] {processor.py:179} INFO - Processing /home/airflow/.local/lib/python3.10/site-packages/airflow/example_dags/example_branch_labels.py took 0.077 seconds
[2025-01-15T22:06:43.760+0000] {processor.py:157} INFO - Started process (PID=374) to work on /home/airflow/.local/lib/python3.10/site-packages/airflow/example_dags/example_branch_labels.py
[2025-01-15T22:06:43.761+0000] {processor.py:829} INFO - Processing file /home/airflow/.local/lib/python3.10/site-packages/airflow/example_dags/example_branch_labels.py for tasks to queue
[2025-01-15T22:06:43.764+0000] {logging_mixin.py:154} INFO - [2025-01-15T22:06:43.763+0000] {dagbag.py:536} INFO - Filling up the DagBag from /home/airflow/.local/lib/python3.10/site-packages/airflow/example_dags/example_branch_labels.py
[2025-01-15T22:06:43.771+0000] {processor.py:839} INFO - DAG(s) dict_keys(['example_branch_labels']) retrieved from /home/airflow/.local/lib/python3.10/site-packages/airflow/example_dags/example_branch_labels.py
[2025-01-15T22:06:43.790+0000] {logging_mixin.py:154} INFO - [2025-01-15T22:06:43.790+0000] {dag.py:2941} INFO - Sync 1 DAGs
[2025-01-15T22:06:43.811+0000] {logging_mixin.py:154} INFO - [2025-01-15T22:06:43.810+0000] {dag.py:3722} INFO - Setting next_dagrun for example_branch_labels to 2025-01-14T00:00:00+00:00, run_after=2025-01-15T00:00:00+00:00
[2025-01-15T22:06:43.828+0000] {processor.py:179} INFO - Processing /home/airflow/.local/lib/python3.10/site-packages/airflow/example_dags/example_branch_labels.py took 0.071 seconds
[2025-01-15T22:07:14.303+0000] {processor.py:157} INFO - Started process (PID=430) to work on /home/airflow/.local/lib/python3.10/site-packages/airflow/example_dags/example_branch_labels.py
[2025-01-15T22:07:14.304+0000] {processor.py:829} INFO - Processing file /home/airflow/.local/lib/python3.10/site-packages/airflow/example_dags/example_branch_labels.py for tasks to queue
[2025-01-15T22:07:14.307+0000] {logging_mixin.py:154} INFO - [2025-01-15T22:07:14.306+0000] {dagbag.py:536} INFO - Filling up the DagBag from /home/airflow/.local/lib/python3.10/site-packages/airflow/example_dags/example_branch_labels.py
[2025-01-15T22:07:14.316+0000] {processor.py:839} INFO - DAG(s) dict_keys(['example_branch_labels']) retrieved from /home/airflow/.local/lib/python3.10/site-packages/airflow/example_dags/example_branch_labels.py
[2025-01-15T22:07:14.338+0000] {logging_mixin.py:154} INFO - [2025-01-15T22:07:14.338+0000] {dag.py:2941} INFO - Sync 1 DAGs
[2025-01-15T22:07:14.359+0000] {logging_mixin.py:154} INFO - [2025-01-15T22:07:14.359+0000] {dag.py:3722} INFO - Setting next_dagrun for example_branch_labels to 2025-01-14T00:00:00+00:00, run_after=2025-01-15T00:00:00+00:00
[2025-01-15T22:07:14.375+0000] {processor.py:179} INFO - Processing /home/airflow/.local/lib/python3.10/site-packages/airflow/example_dags/example_branch_labels.py took 0.077 seconds
[2025-01-15T22:08:34.616+0000] {processor.py:157} INFO - Started process (PID=96) to work on /home/airflow/.local/lib/python3.10/site-packages/airflow/example_dags/example_branch_labels.py
[2025-01-15T22:08:34.617+0000] {processor.py:829} INFO - Processing file /home/airflow/.local/lib/python3.10/site-packages/airflow/example_dags/example_branch_labels.py for tasks to queue
[2025-01-15T22:08:34.619+0000] {logging_mixin.py:154} INFO - [2025-01-15T22:08:34.619+0000] {dagbag.py:536} INFO - Filling up the DagBag from /home/airflow/.local/lib/python3.10/site-packages/airflow/example_dags/example_branch_labels.py
[2025-01-15T22:08:34.627+0000] {processor.py:839} INFO - DAG(s) dict_keys(['example_branch_labels']) retrieved from /home/airflow/.local/lib/python3.10/site-packages/airflow/example_dags/example_branch_labels.py
[2025-01-15T22:08:34.638+0000] {logging_mixin.py:154} INFO - [2025-01-15T22:08:34.638+0000] {dag.py:2941} INFO - Sync 1 DAGs
[2025-01-15T22:08:34.660+0000] {logging_mixin.py:154} INFO - [2025-01-15T22:08:34.660+0000] {dag.py:3722} INFO - Setting next_dagrun for example_branch_labels to 2025-01-14T00:00:00+00:00, run_after=2025-01-15T00:00:00+00:00
[2025-01-15T22:08:34.676+0000] {processor.py:179} INFO - Processing /home/airflow/.local/lib/python3.10/site-packages/airflow/example_dags/example_branch_labels.py took 0.063 seconds
[2025-01-15T22:09:06.832+0000] {processor.py:157} INFO - Started process (PID=152) to work on /home/airflow/.local/lib/python3.10/site-packages/airflow/example_dags/example_branch_labels.py
[2025-01-15T22:09:06.834+0000] {processor.py:829} INFO - Processing file /home/airflow/.local/lib/python3.10/site-packages/airflow/example_dags/example_branch_labels.py for tasks to queue
[2025-01-15T22:09:06.836+0000] {logging_mixin.py:154} INFO - [2025-01-15T22:09:06.835+0000] {dagbag.py:536} INFO - Filling up the DagBag from /home/airflow/.local/lib/python3.10/site-packages/airflow/example_dags/example_branch_labels.py
[2025-01-15T22:09:06.844+0000] {processor.py:839} INFO - DAG(s) dict_keys(['example_branch_labels']) retrieved from /home/airflow/.local/lib/python3.10/site-packages/airflow/example_dags/example_branch_labels.py
[2025-01-15T22:09:06.868+0000] {logging_mixin.py:154} INFO - [2025-01-15T22:09:06.868+0000] {dag.py:2941} INFO - Sync 1 DAGs
[2025-01-15T22:09:06.895+0000] {logging_mixin.py:154} INFO - [2025-01-15T22:09:06.895+0000] {dag.py:3722} INFO - Setting next_dagrun for example_branch_labels to 2025-01-14T00:00:00+00:00, run_after=2025-01-15T00:00:00+00:00
[2025-01-15T22:09:06.916+0000] {processor.py:179} INFO - Processing /home/airflow/.local/lib/python3.10/site-packages/airflow/example_dags/example_branch_labels.py took 0.087 seconds
