[2025-01-15T21:47:57.545+0000] {processor.py:157} INFO - Started process (PID=84) to work on /home/airflow/.local/lib/python3.10/site-packages/airflow/example_dags/example_local_kubernetes_executor.py
[2025-01-15T21:47:57.546+0000] {processor.py:829} INFO - Processing file /home/airflow/.local/lib/python3.10/site-packages/airflow/example_dags/example_local_kubernetes_executor.py for tasks to queue
[2025-01-15T21:47:57.548+0000] {logging_mixin.py:154} INFO - [2025-01-15T21:47:57.548+0000] {dagbag.py:536} INFO - Filling up the DagBag from /home/airflow/.local/lib/python3.10/site-packages/airflow/example_dags/example_local_kubernetes_executor.py
[2025-01-15T21:47:57.561+0000] {processor.py:839} INFO - DAG(s) dict_keys(['example_local_kubernetes_executor']) retrieved from /home/airflow/.local/lib/python3.10/site-packages/airflow/example_dags/example_local_kubernetes_executor.py
[2025-01-15T21:47:57.607+0000] {logging_mixin.py:154} INFO - [2025-01-15T21:47:57.606+0000] {dag.py:2941} INFO - Sync 1 DAGs
[2025-01-15T21:47:57.619+0000] {logging_mixin.py:154} INFO - [2025-01-15T21:47:57.619+0000] {dag.py:3722} INFO - Setting next_dagrun for example_local_kubernetes_executor to None, run_after=None
[2025-01-15T21:47:57.644+0000] {processor.py:179} INFO - Processing /home/airflow/.local/lib/python3.10/site-packages/airflow/example_dags/example_local_kubernetes_executor.py took 0.102 seconds
[2025-01-15T21:48:39.835+0000] {processor.py:157} INFO - Started process (PID=84) to work on /home/airflow/.local/lib/python3.10/site-packages/airflow/example_dags/example_local_kubernetes_executor.py
[2025-01-15T21:48:39.836+0000] {processor.py:829} INFO - Processing file /home/airflow/.local/lib/python3.10/site-packages/airflow/example_dags/example_local_kubernetes_executor.py for tasks to queue
[2025-01-15T21:48:39.839+0000] {logging_mixin.py:154} INFO - [2025-01-15T21:48:39.839+0000] {dagbag.py:536} INFO - Filling up the DagBag from /home/airflow/.local/lib/python3.10/site-packages/airflow/example_dags/example_local_kubernetes_executor.py
[2025-01-15T21:48:39.855+0000] {processor.py:839} INFO - DAG(s) dict_keys(['example_local_kubernetes_executor']) retrieved from /home/airflow/.local/lib/python3.10/site-packages/airflow/example_dags/example_local_kubernetes_executor.py
[2025-01-15T21:48:39.877+0000] {logging_mixin.py:154} INFO - [2025-01-15T21:48:39.877+0000] {dag.py:2941} INFO - Sync 1 DAGs
[2025-01-15T21:48:39.898+0000] {logging_mixin.py:154} INFO - [2025-01-15T21:48:39.897+0000] {dag.py:3722} INFO - Setting next_dagrun for example_local_kubernetes_executor to None, run_after=None
[2025-01-15T21:48:39.929+0000] {processor.py:179} INFO - Processing /home/airflow/.local/lib/python3.10/site-packages/airflow/example_dags/example_local_kubernetes_executor.py took 0.099 seconds
[2025-01-15T21:49:10.753+0000] {processor.py:157} INFO - Started process (PID=140) to work on /home/airflow/.local/lib/python3.10/site-packages/airflow/example_dags/example_local_kubernetes_executor.py
[2025-01-15T21:49:10.754+0000] {processor.py:829} INFO - Processing file /home/airflow/.local/lib/python3.10/site-packages/airflow/example_dags/example_local_kubernetes_executor.py for tasks to queue
[2025-01-15T21:49:10.755+0000] {logging_mixin.py:154} INFO - [2025-01-15T21:49:10.755+0000] {dagbag.py:536} INFO - Filling up the DagBag from /home/airflow/.local/lib/python3.10/site-packages/airflow/example_dags/example_local_kubernetes_executor.py
[2025-01-15T21:49:10.762+0000] {processor.py:839} INFO - DAG(s) dict_keys(['example_local_kubernetes_executor']) retrieved from /home/airflow/.local/lib/python3.10/site-packages/airflow/example_dags/example_local_kubernetes_executor.py
[2025-01-15T21:49:10.792+0000] {logging_mixin.py:154} INFO - [2025-01-15T21:49:10.792+0000] {dag.py:2941} INFO - Sync 1 DAGs
[2025-01-15T21:49:10.802+0000] {logging_mixin.py:154} INFO - [2025-01-15T21:49:10.802+0000] {dag.py:3722} INFO - Setting next_dagrun for example_local_kubernetes_executor to None, run_after=None
[2025-01-15T21:49:10.824+0000] {processor.py:179} INFO - Processing /home/airflow/.local/lib/python3.10/site-packages/airflow/example_dags/example_local_kubernetes_executor.py took 0.074 seconds
[2025-01-15T21:49:41.351+0000] {processor.py:157} INFO - Started process (PID=196) to work on /home/airflow/.local/lib/python3.10/site-packages/airflow/example_dags/example_local_kubernetes_executor.py
[2025-01-15T21:49:41.352+0000] {processor.py:829} INFO - Processing file /home/airflow/.local/lib/python3.10/site-packages/airflow/example_dags/example_local_kubernetes_executor.py for tasks to queue
[2025-01-15T21:49:41.354+0000] {logging_mixin.py:154} INFO - [2025-01-15T21:49:41.354+0000] {dagbag.py:536} INFO - Filling up the DagBag from /home/airflow/.local/lib/python3.10/site-packages/airflow/example_dags/example_local_kubernetes_executor.py
[2025-01-15T21:49:41.361+0000] {processor.py:839} INFO - DAG(s) dict_keys(['example_local_kubernetes_executor']) retrieved from /home/airflow/.local/lib/python3.10/site-packages/airflow/example_dags/example_local_kubernetes_executor.py
[2025-01-15T21:49:41.396+0000] {logging_mixin.py:154} INFO - [2025-01-15T21:49:41.396+0000] {dag.py:2941} INFO - Sync 1 DAGs
[2025-01-15T21:49:41.408+0000] {logging_mixin.py:154} INFO - [2025-01-15T21:49:41.408+0000] {dag.py:3722} INFO - Setting next_dagrun for example_local_kubernetes_executor to None, run_after=None
[2025-01-15T21:49:41.425+0000] {processor.py:179} INFO - Processing /home/airflow/.local/lib/python3.10/site-packages/airflow/example_dags/example_local_kubernetes_executor.py took 0.077 seconds
[2025-01-15T21:50:12.235+0000] {processor.py:157} INFO - Started process (PID=253) to work on /home/airflow/.local/lib/python3.10/site-packages/airflow/example_dags/example_local_kubernetes_executor.py
[2025-01-15T21:50:12.235+0000] {processor.py:829} INFO - Processing file /home/airflow/.local/lib/python3.10/site-packages/airflow/example_dags/example_local_kubernetes_executor.py for tasks to queue
[2025-01-15T21:50:12.237+0000] {logging_mixin.py:154} INFO - [2025-01-15T21:50:12.237+0000] {dagbag.py:536} INFO - Filling up the DagBag from /home/airflow/.local/lib/python3.10/site-packages/airflow/example_dags/example_local_kubernetes_executor.py
[2025-01-15T21:50:12.242+0000] {processor.py:839} INFO - DAG(s) dict_keys(['example_local_kubernetes_executor']) retrieved from /home/airflow/.local/lib/python3.10/site-packages/airflow/example_dags/example_local_kubernetes_executor.py
[2025-01-15T21:50:12.270+0000] {logging_mixin.py:154} INFO - [2025-01-15T21:50:12.270+0000] {dag.py:2941} INFO - Sync 1 DAGs
[2025-01-15T21:50:12.281+0000] {logging_mixin.py:154} INFO - [2025-01-15T21:50:12.281+0000] {dag.py:3722} INFO - Setting next_dagrun for example_local_kubernetes_executor to None, run_after=None
[2025-01-15T21:50:12.295+0000] {processor.py:179} INFO - Processing /home/airflow/.local/lib/python3.10/site-packages/airflow/example_dags/example_local_kubernetes_executor.py took 0.063 seconds
[2025-01-15T21:50:42.801+0000] {processor.py:157} INFO - Started process (PID=309) to work on /home/airflow/.local/lib/python3.10/site-packages/airflow/example_dags/example_local_kubernetes_executor.py
[2025-01-15T21:50:42.802+0000] {processor.py:829} INFO - Processing file /home/airflow/.local/lib/python3.10/site-packages/airflow/example_dags/example_local_kubernetes_executor.py for tasks to queue
[2025-01-15T21:50:42.804+0000] {logging_mixin.py:154} INFO - [2025-01-15T21:50:42.804+0000] {dagbag.py:536} INFO - Filling up the DagBag from /home/airflow/.local/lib/python3.10/site-packages/airflow/example_dags/example_local_kubernetes_executor.py
[2025-01-15T21:50:42.811+0000] {processor.py:839} INFO - DAG(s) dict_keys(['example_local_kubernetes_executor']) retrieved from /home/airflow/.local/lib/python3.10/site-packages/airflow/example_dags/example_local_kubernetes_executor.py
[2025-01-15T21:50:42.845+0000] {logging_mixin.py:154} INFO - [2025-01-15T21:50:42.844+0000] {dag.py:2941} INFO - Sync 1 DAGs
[2025-01-15T21:50:42.857+0000] {logging_mixin.py:154} INFO - [2025-01-15T21:50:42.856+0000] {dag.py:3722} INFO - Setting next_dagrun for example_local_kubernetes_executor to None, run_after=None
[2025-01-15T21:50:42.874+0000] {processor.py:179} INFO - Processing /home/airflow/.local/lib/python3.10/site-packages/airflow/example_dags/example_local_kubernetes_executor.py took 0.076 seconds
[2025-01-15T21:51:13.161+0000] {processor.py:157} INFO - Started process (PID=365) to work on /home/airflow/.local/lib/python3.10/site-packages/airflow/example_dags/example_local_kubernetes_executor.py
[2025-01-15T21:51:13.162+0000] {processor.py:829} INFO - Processing file /home/airflow/.local/lib/python3.10/site-packages/airflow/example_dags/example_local_kubernetes_executor.py for tasks to queue
[2025-01-15T21:51:13.165+0000] {logging_mixin.py:154} INFO - [2025-01-15T21:51:13.164+0000] {dagbag.py:536} INFO - Filling up the DagBag from /home/airflow/.local/lib/python3.10/site-packages/airflow/example_dags/example_local_kubernetes_executor.py
[2025-01-15T21:51:13.172+0000] {processor.py:839} INFO - DAG(s) dict_keys(['example_local_kubernetes_executor']) retrieved from /home/airflow/.local/lib/python3.10/site-packages/airflow/example_dags/example_local_kubernetes_executor.py
[2025-01-15T21:51:13.208+0000] {logging_mixin.py:154} INFO - [2025-01-15T21:51:13.207+0000] {dag.py:2941} INFO - Sync 1 DAGs
[2025-01-15T21:51:13.220+0000] {logging_mixin.py:154} INFO - [2025-01-15T21:51:13.220+0000] {dag.py:3722} INFO - Setting next_dagrun for example_local_kubernetes_executor to None, run_after=None
[2025-01-15T21:51:13.238+0000] {processor.py:179} INFO - Processing /home/airflow/.local/lib/python3.10/site-packages/airflow/example_dags/example_local_kubernetes_executor.py took 0.080 seconds
[2025-01-15T21:51:43.305+0000] {processor.py:157} INFO - Started process (PID=421) to work on /home/airflow/.local/lib/python3.10/site-packages/airflow/example_dags/example_local_kubernetes_executor.py
[2025-01-15T21:51:43.306+0000] {processor.py:829} INFO - Processing file /home/airflow/.local/lib/python3.10/site-packages/airflow/example_dags/example_local_kubernetes_executor.py for tasks to queue
[2025-01-15T21:51:43.308+0000] {logging_mixin.py:154} INFO - [2025-01-15T21:51:43.308+0000] {dagbag.py:536} INFO - Filling up the DagBag from /home/airflow/.local/lib/python3.10/site-packages/airflow/example_dags/example_local_kubernetes_executor.py
[2025-01-15T21:51:43.314+0000] {processor.py:839} INFO - DAG(s) dict_keys(['example_local_kubernetes_executor']) retrieved from /home/airflow/.local/lib/python3.10/site-packages/airflow/example_dags/example_local_kubernetes_executor.py
[2025-01-15T21:51:43.346+0000] {logging_mixin.py:154} INFO - [2025-01-15T21:51:43.346+0000] {dag.py:2941} INFO - Sync 1 DAGs
[2025-01-15T21:51:43.357+0000] {logging_mixin.py:154} INFO - [2025-01-15T21:51:43.357+0000] {dag.py:3722} INFO - Setting next_dagrun for example_local_kubernetes_executor to None, run_after=None
[2025-01-15T21:51:43.373+0000] {processor.py:179} INFO - Processing /home/airflow/.local/lib/python3.10/site-packages/airflow/example_dags/example_local_kubernetes_executor.py took 0.071 seconds
[2025-01-15T21:52:14.434+0000] {processor.py:157} INFO - Started process (PID=477) to work on /home/airflow/.local/lib/python3.10/site-packages/airflow/example_dags/example_local_kubernetes_executor.py
[2025-01-15T21:52:14.435+0000] {processor.py:829} INFO - Processing file /home/airflow/.local/lib/python3.10/site-packages/airflow/example_dags/example_local_kubernetes_executor.py for tasks to queue
[2025-01-15T21:52:14.437+0000] {logging_mixin.py:154} INFO - [2025-01-15T21:52:14.436+0000] {dagbag.py:536} INFO - Filling up the DagBag from /home/airflow/.local/lib/python3.10/site-packages/airflow/example_dags/example_local_kubernetes_executor.py
[2025-01-15T21:52:14.443+0000] {processor.py:839} INFO - DAG(s) dict_keys(['example_local_kubernetes_executor']) retrieved from /home/airflow/.local/lib/python3.10/site-packages/airflow/example_dags/example_local_kubernetes_executor.py
[2025-01-15T21:52:14.475+0000] {logging_mixin.py:154} INFO - [2025-01-15T21:52:14.474+0000] {dag.py:2941} INFO - Sync 1 DAGs
[2025-01-15T21:52:14.488+0000] {logging_mixin.py:154} INFO - [2025-01-15T21:52:14.487+0000] {dag.py:3722} INFO - Setting next_dagrun for example_local_kubernetes_executor to None, run_after=None
[2025-01-15T21:52:14.503+0000] {processor.py:179} INFO - Processing /home/airflow/.local/lib/python3.10/site-packages/airflow/example_dags/example_local_kubernetes_executor.py took 0.072 seconds
[2025-01-15T21:52:45.240+0000] {processor.py:157} INFO - Started process (PID=533) to work on /home/airflow/.local/lib/python3.10/site-packages/airflow/example_dags/example_local_kubernetes_executor.py
[2025-01-15T21:52:45.241+0000] {processor.py:829} INFO - Processing file /home/airflow/.local/lib/python3.10/site-packages/airflow/example_dags/example_local_kubernetes_executor.py for tasks to queue
[2025-01-15T21:52:45.243+0000] {logging_mixin.py:154} INFO - [2025-01-15T21:52:45.243+0000] {dagbag.py:536} INFO - Filling up the DagBag from /home/airflow/.local/lib/python3.10/site-packages/airflow/example_dags/example_local_kubernetes_executor.py
[2025-01-15T21:52:45.250+0000] {processor.py:839} INFO - DAG(s) dict_keys(['example_local_kubernetes_executor']) retrieved from /home/airflow/.local/lib/python3.10/site-packages/airflow/example_dags/example_local_kubernetes_executor.py
[2025-01-15T21:52:45.281+0000] {logging_mixin.py:154} INFO - [2025-01-15T21:52:45.281+0000] {dag.py:2941} INFO - Sync 1 DAGs
[2025-01-15T21:52:45.292+0000] {logging_mixin.py:154} INFO - [2025-01-15T21:52:45.292+0000] {dag.py:3722} INFO - Setting next_dagrun for example_local_kubernetes_executor to None, run_after=None
[2025-01-15T21:52:45.309+0000] {processor.py:179} INFO - Processing /home/airflow/.local/lib/python3.10/site-packages/airflow/example_dags/example_local_kubernetes_executor.py took 0.072 seconds
[2025-01-15T21:53:16.022+0000] {processor.py:157} INFO - Started process (PID=589) to work on /home/airflow/.local/lib/python3.10/site-packages/airflow/example_dags/example_local_kubernetes_executor.py
[2025-01-15T21:53:16.023+0000] {processor.py:829} INFO - Processing file /home/airflow/.local/lib/python3.10/site-packages/airflow/example_dags/example_local_kubernetes_executor.py for tasks to queue
[2025-01-15T21:53:16.025+0000] {logging_mixin.py:154} INFO - [2025-01-15T21:53:16.025+0000] {dagbag.py:536} INFO - Filling up the DagBag from /home/airflow/.local/lib/python3.10/site-packages/airflow/example_dags/example_local_kubernetes_executor.py
[2025-01-15T21:53:16.031+0000] {processor.py:839} INFO - DAG(s) dict_keys(['example_local_kubernetes_executor']) retrieved from /home/airflow/.local/lib/python3.10/site-packages/airflow/example_dags/example_local_kubernetes_executor.py
[2025-01-15T21:53:16.064+0000] {logging_mixin.py:154} INFO - [2025-01-15T21:53:16.064+0000] {dag.py:2941} INFO - Sync 1 DAGs
[2025-01-15T21:53:16.076+0000] {logging_mixin.py:154} INFO - [2025-01-15T21:53:16.076+0000] {dag.py:3722} INFO - Setting next_dagrun for example_local_kubernetes_executor to None, run_after=None
[2025-01-15T21:53:16.092+0000] {processor.py:179} INFO - Processing /home/airflow/.local/lib/python3.10/site-packages/airflow/example_dags/example_local_kubernetes_executor.py took 0.072 seconds
[2025-01-15T21:53:47.430+0000] {processor.py:157} INFO - Started process (PID=645) to work on /home/airflow/.local/lib/python3.10/site-packages/airflow/example_dags/example_local_kubernetes_executor.py
[2025-01-15T21:53:47.430+0000] {processor.py:829} INFO - Processing file /home/airflow/.local/lib/python3.10/site-packages/airflow/example_dags/example_local_kubernetes_executor.py for tasks to queue
[2025-01-15T21:53:47.433+0000] {logging_mixin.py:154} INFO - [2025-01-15T21:53:47.432+0000] {dagbag.py:536} INFO - Filling up the DagBag from /home/airflow/.local/lib/python3.10/site-packages/airflow/example_dags/example_local_kubernetes_executor.py
[2025-01-15T21:53:47.439+0000] {processor.py:839} INFO - DAG(s) dict_keys(['example_local_kubernetes_executor']) retrieved from /home/airflow/.local/lib/python3.10/site-packages/airflow/example_dags/example_local_kubernetes_executor.py
[2025-01-15T21:53:47.472+0000] {logging_mixin.py:154} INFO - [2025-01-15T21:53:47.472+0000] {dag.py:2941} INFO - Sync 1 DAGs
[2025-01-15T21:53:47.484+0000] {logging_mixin.py:154} INFO - [2025-01-15T21:53:47.484+0000] {dag.py:3722} INFO - Setting next_dagrun for example_local_kubernetes_executor to None, run_after=None
[2025-01-15T21:53:47.500+0000] {processor.py:179} INFO - Processing /home/airflow/.local/lib/python3.10/site-packages/airflow/example_dags/example_local_kubernetes_executor.py took 0.074 seconds
[2025-01-15T21:54:18.260+0000] {processor.py:157} INFO - Started process (PID=701) to work on /home/airflow/.local/lib/python3.10/site-packages/airflow/example_dags/example_local_kubernetes_executor.py
[2025-01-15T21:54:18.261+0000] {processor.py:829} INFO - Processing file /home/airflow/.local/lib/python3.10/site-packages/airflow/example_dags/example_local_kubernetes_executor.py for tasks to queue
[2025-01-15T21:54:18.263+0000] {logging_mixin.py:154} INFO - [2025-01-15T21:54:18.263+0000] {dagbag.py:536} INFO - Filling up the DagBag from /home/airflow/.local/lib/python3.10/site-packages/airflow/example_dags/example_local_kubernetes_executor.py
[2025-01-15T21:54:18.270+0000] {processor.py:839} INFO - DAG(s) dict_keys(['example_local_kubernetes_executor']) retrieved from /home/airflow/.local/lib/python3.10/site-packages/airflow/example_dags/example_local_kubernetes_executor.py
[2025-01-15T21:54:18.303+0000] {logging_mixin.py:154} INFO - [2025-01-15T21:54:18.303+0000] {dag.py:2941} INFO - Sync 1 DAGs
[2025-01-15T21:54:18.317+0000] {logging_mixin.py:154} INFO - [2025-01-15T21:54:18.317+0000] {dag.py:3722} INFO - Setting next_dagrun for example_local_kubernetes_executor to None, run_after=None
[2025-01-15T21:54:18.334+0000] {processor.py:179} INFO - Processing /home/airflow/.local/lib/python3.10/site-packages/airflow/example_dags/example_local_kubernetes_executor.py took 0.077 seconds
[2025-01-15T21:54:49.454+0000] {processor.py:157} INFO - Started process (PID=757) to work on /home/airflow/.local/lib/python3.10/site-packages/airflow/example_dags/example_local_kubernetes_executor.py
[2025-01-15T21:54:49.455+0000] {processor.py:829} INFO - Processing file /home/airflow/.local/lib/python3.10/site-packages/airflow/example_dags/example_local_kubernetes_executor.py for tasks to queue
[2025-01-15T21:54:49.457+0000] {logging_mixin.py:154} INFO - [2025-01-15T21:54:49.456+0000] {dagbag.py:536} INFO - Filling up the DagBag from /home/airflow/.local/lib/python3.10/site-packages/airflow/example_dags/example_local_kubernetes_executor.py
[2025-01-15T21:54:49.464+0000] {processor.py:839} INFO - DAG(s) dict_keys(['example_local_kubernetes_executor']) retrieved from /home/airflow/.local/lib/python3.10/site-packages/airflow/example_dags/example_local_kubernetes_executor.py
[2025-01-15T21:54:49.497+0000] {logging_mixin.py:154} INFO - [2025-01-15T21:54:49.496+0000] {dag.py:2941} INFO - Sync 1 DAGs
[2025-01-15T21:54:49.508+0000] {logging_mixin.py:154} INFO - [2025-01-15T21:54:49.508+0000] {dag.py:3722} INFO - Setting next_dagrun for example_local_kubernetes_executor to None, run_after=None
[2025-01-15T21:54:49.522+0000] {processor.py:179} INFO - Processing /home/airflow/.local/lib/python3.10/site-packages/airflow/example_dags/example_local_kubernetes_executor.py took 0.071 seconds
[2025-01-15T21:55:19.868+0000] {processor.py:157} INFO - Started process (PID=813) to work on /home/airflow/.local/lib/python3.10/site-packages/airflow/example_dags/example_local_kubernetes_executor.py
[2025-01-15T21:55:19.869+0000] {processor.py:829} INFO - Processing file /home/airflow/.local/lib/python3.10/site-packages/airflow/example_dags/example_local_kubernetes_executor.py for tasks to queue
[2025-01-15T21:55:19.872+0000] {logging_mixin.py:154} INFO - [2025-01-15T21:55:19.872+0000] {dagbag.py:536} INFO - Filling up the DagBag from /home/airflow/.local/lib/python3.10/site-packages/airflow/example_dags/example_local_kubernetes_executor.py
[2025-01-15T21:55:19.880+0000] {processor.py:839} INFO - DAG(s) dict_keys(['example_local_kubernetes_executor']) retrieved from /home/airflow/.local/lib/python3.10/site-packages/airflow/example_dags/example_local_kubernetes_executor.py
[2025-01-15T21:55:19.914+0000] {logging_mixin.py:154} INFO - [2025-01-15T21:55:19.914+0000] {dag.py:2941} INFO - Sync 1 DAGs
[2025-01-15T21:55:19.927+0000] {logging_mixin.py:154} INFO - [2025-01-15T21:55:19.926+0000] {dag.py:3722} INFO - Setting next_dagrun for example_local_kubernetes_executor to None, run_after=None
[2025-01-15T21:55:19.944+0000] {processor.py:179} INFO - Processing /home/airflow/.local/lib/python3.10/site-packages/airflow/example_dags/example_local_kubernetes_executor.py took 0.079 seconds
[2025-01-15T21:55:51.152+0000] {processor.py:157} INFO - Started process (PID=876) to work on /home/airflow/.local/lib/python3.10/site-packages/airflow/example_dags/example_local_kubernetes_executor.py
[2025-01-15T21:55:51.153+0000] {processor.py:829} INFO - Processing file /home/airflow/.local/lib/python3.10/site-packages/airflow/example_dags/example_local_kubernetes_executor.py for tasks to queue
[2025-01-15T21:55:51.155+0000] {logging_mixin.py:154} INFO - [2025-01-15T21:55:51.155+0000] {dagbag.py:536} INFO - Filling up the DagBag from /home/airflow/.local/lib/python3.10/site-packages/airflow/example_dags/example_local_kubernetes_executor.py
[2025-01-15T21:55:51.162+0000] {processor.py:839} INFO - DAG(s) dict_keys(['example_local_kubernetes_executor']) retrieved from /home/airflow/.local/lib/python3.10/site-packages/airflow/example_dags/example_local_kubernetes_executor.py
[2025-01-15T21:55:51.194+0000] {logging_mixin.py:154} INFO - [2025-01-15T21:55:51.193+0000] {dag.py:2941} INFO - Sync 1 DAGs
[2025-01-15T21:55:51.205+0000] {logging_mixin.py:154} INFO - [2025-01-15T21:55:51.205+0000] {dag.py:3722} INFO - Setting next_dagrun for example_local_kubernetes_executor to None, run_after=None
[2025-01-15T21:55:51.222+0000] {processor.py:179} INFO - Processing /home/airflow/.local/lib/python3.10/site-packages/airflow/example_dags/example_local_kubernetes_executor.py took 0.073 seconds
[2025-01-15T21:56:22.286+0000] {processor.py:157} INFO - Started process (PID=937) to work on /home/airflow/.local/lib/python3.10/site-packages/airflow/example_dags/example_local_kubernetes_executor.py
[2025-01-15T21:56:22.287+0000] {processor.py:829} INFO - Processing file /home/airflow/.local/lib/python3.10/site-packages/airflow/example_dags/example_local_kubernetes_executor.py for tasks to queue
[2025-01-15T21:56:22.290+0000] {logging_mixin.py:154} INFO - [2025-01-15T21:56:22.289+0000] {dagbag.py:536} INFO - Filling up the DagBag from /home/airflow/.local/lib/python3.10/site-packages/airflow/example_dags/example_local_kubernetes_executor.py
[2025-01-15T21:56:22.296+0000] {processor.py:839} INFO - DAG(s) dict_keys(['example_local_kubernetes_executor']) retrieved from /home/airflow/.local/lib/python3.10/site-packages/airflow/example_dags/example_local_kubernetes_executor.py
[2025-01-15T21:56:22.331+0000] {logging_mixin.py:154} INFO - [2025-01-15T21:56:22.331+0000] {dag.py:2941} INFO - Sync 1 DAGs
[2025-01-15T21:56:22.343+0000] {logging_mixin.py:154} INFO - [2025-01-15T21:56:22.342+0000] {dag.py:3722} INFO - Setting next_dagrun for example_local_kubernetes_executor to None, run_after=None
[2025-01-15T21:56:22.359+0000] {processor.py:179} INFO - Processing /home/airflow/.local/lib/python3.10/site-packages/airflow/example_dags/example_local_kubernetes_executor.py took 0.075 seconds
[2025-01-15T21:56:53.005+0000] {processor.py:157} INFO - Started process (PID=988) to work on /home/airflow/.local/lib/python3.10/site-packages/airflow/example_dags/example_local_kubernetes_executor.py
[2025-01-15T21:56:53.006+0000] {processor.py:829} INFO - Processing file /home/airflow/.local/lib/python3.10/site-packages/airflow/example_dags/example_local_kubernetes_executor.py for tasks to queue
[2025-01-15T21:56:53.008+0000] {logging_mixin.py:154} INFO - [2025-01-15T21:56:53.008+0000] {dagbag.py:536} INFO - Filling up the DagBag from /home/airflow/.local/lib/python3.10/site-packages/airflow/example_dags/example_local_kubernetes_executor.py
[2025-01-15T21:56:53.015+0000] {processor.py:839} INFO - DAG(s) dict_keys(['example_local_kubernetes_executor']) retrieved from /home/airflow/.local/lib/python3.10/site-packages/airflow/example_dags/example_local_kubernetes_executor.py
[2025-01-15T21:56:53.052+0000] {logging_mixin.py:154} INFO - [2025-01-15T21:56:53.051+0000] {dag.py:2941} INFO - Sync 1 DAGs
[2025-01-15T21:56:53.064+0000] {logging_mixin.py:154} INFO - [2025-01-15T21:56:53.064+0000] {dag.py:3722} INFO - Setting next_dagrun for example_local_kubernetes_executor to None, run_after=None
[2025-01-15T21:56:53.226+0000] {processor.py:179} INFO - Processing /home/airflow/.local/lib/python3.10/site-packages/airflow/example_dags/example_local_kubernetes_executor.py took 0.223 seconds
[2025-01-15T21:57:23.363+0000] {processor.py:157} INFO - Started process (PID=1046) to work on /home/airflow/.local/lib/python3.10/site-packages/airflow/example_dags/example_local_kubernetes_executor.py
[2025-01-15T21:57:23.364+0000] {processor.py:829} INFO - Processing file /home/airflow/.local/lib/python3.10/site-packages/airflow/example_dags/example_local_kubernetes_executor.py for tasks to queue
[2025-01-15T21:57:23.365+0000] {logging_mixin.py:154} INFO - [2025-01-15T21:57:23.365+0000] {dagbag.py:536} INFO - Filling up the DagBag from /home/airflow/.local/lib/python3.10/site-packages/airflow/example_dags/example_local_kubernetes_executor.py
[2025-01-15T21:57:23.371+0000] {processor.py:839} INFO - DAG(s) dict_keys(['example_local_kubernetes_executor']) retrieved from /home/airflow/.local/lib/python3.10/site-packages/airflow/example_dags/example_local_kubernetes_executor.py
[2025-01-15T21:57:23.403+0000] {logging_mixin.py:154} INFO - [2025-01-15T21:57:23.403+0000] {dag.py:2941} INFO - Sync 1 DAGs
[2025-01-15T21:57:23.414+0000] {logging_mixin.py:154} INFO - [2025-01-15T21:57:23.414+0000] {dag.py:3722} INFO - Setting next_dagrun for example_local_kubernetes_executor to None, run_after=None
[2025-01-15T21:57:23.429+0000] {processor.py:179} INFO - Processing /home/airflow/.local/lib/python3.10/site-packages/airflow/example_dags/example_local_kubernetes_executor.py took 0.069 seconds
[2025-01-15T21:57:54.026+0000] {processor.py:157} INFO - Started process (PID=1100) to work on /home/airflow/.local/lib/python3.10/site-packages/airflow/example_dags/example_local_kubernetes_executor.py
[2025-01-15T21:57:54.027+0000] {processor.py:829} INFO - Processing file /home/airflow/.local/lib/python3.10/site-packages/airflow/example_dags/example_local_kubernetes_executor.py for tasks to queue
[2025-01-15T21:57:54.029+0000] {logging_mixin.py:154} INFO - [2025-01-15T21:57:54.028+0000] {dagbag.py:536} INFO - Filling up the DagBag from /home/airflow/.local/lib/python3.10/site-packages/airflow/example_dags/example_local_kubernetes_executor.py
[2025-01-15T21:57:54.035+0000] {processor.py:839} INFO - DAG(s) dict_keys(['example_local_kubernetes_executor']) retrieved from /home/airflow/.local/lib/python3.10/site-packages/airflow/example_dags/example_local_kubernetes_executor.py
[2025-01-15T21:57:54.212+0000] {logging_mixin.py:154} INFO - [2025-01-15T21:57:54.212+0000] {dag.py:2941} INFO - Sync 1 DAGs
[2025-01-15T21:57:54.224+0000] {logging_mixin.py:154} INFO - [2025-01-15T21:57:54.224+0000] {dag.py:3722} INFO - Setting next_dagrun for example_local_kubernetes_executor to None, run_after=None
[2025-01-15T21:57:54.240+0000] {processor.py:179} INFO - Processing /home/airflow/.local/lib/python3.10/site-packages/airflow/example_dags/example_local_kubernetes_executor.py took 0.217 seconds
[2025-01-15T21:58:24.351+0000] {processor.py:157} INFO - Started process (PID=1156) to work on /home/airflow/.local/lib/python3.10/site-packages/airflow/example_dags/example_local_kubernetes_executor.py
[2025-01-15T21:58:24.353+0000] {processor.py:829} INFO - Processing file /home/airflow/.local/lib/python3.10/site-packages/airflow/example_dags/example_local_kubernetes_executor.py for tasks to queue
[2025-01-15T21:58:24.357+0000] {logging_mixin.py:154} INFO - [2025-01-15T21:58:24.356+0000] {dagbag.py:536} INFO - Filling up the DagBag from /home/airflow/.local/lib/python3.10/site-packages/airflow/example_dags/example_local_kubernetes_executor.py
[2025-01-15T21:58:24.365+0000] {processor.py:839} INFO - DAG(s) dict_keys(['example_local_kubernetes_executor']) retrieved from /home/airflow/.local/lib/python3.10/site-packages/airflow/example_dags/example_local_kubernetes_executor.py
[2025-01-15T21:58:24.419+0000] {logging_mixin.py:154} INFO - [2025-01-15T21:58:24.419+0000] {dag.py:2941} INFO - Sync 1 DAGs
[2025-01-15T21:58:24.440+0000] {logging_mixin.py:154} INFO - [2025-01-15T21:58:24.440+0000] {dag.py:3722} INFO - Setting next_dagrun for example_local_kubernetes_executor to None, run_after=None
[2025-01-15T21:58:24.618+0000] {processor.py:179} INFO - Processing /home/airflow/.local/lib/python3.10/site-packages/airflow/example_dags/example_local_kubernetes_executor.py took 0.271 seconds
[2025-01-15T21:58:54.876+0000] {processor.py:157} INFO - Started process (PID=1212) to work on /home/airflow/.local/lib/python3.10/site-packages/airflow/example_dags/example_local_kubernetes_executor.py
[2025-01-15T21:58:54.877+0000] {processor.py:829} INFO - Processing file /home/airflow/.local/lib/python3.10/site-packages/airflow/example_dags/example_local_kubernetes_executor.py for tasks to queue
[2025-01-15T21:58:54.879+0000] {logging_mixin.py:154} INFO - [2025-01-15T21:58:54.879+0000] {dagbag.py:536} INFO - Filling up the DagBag from /home/airflow/.local/lib/python3.10/site-packages/airflow/example_dags/example_local_kubernetes_executor.py
[2025-01-15T21:58:54.886+0000] {processor.py:839} INFO - DAG(s) dict_keys(['example_local_kubernetes_executor']) retrieved from /home/airflow/.local/lib/python3.10/site-packages/airflow/example_dags/example_local_kubernetes_executor.py
[2025-01-15T21:58:54.921+0000] {logging_mixin.py:154} INFO - [2025-01-15T21:58:54.921+0000] {dag.py:2941} INFO - Sync 1 DAGs
[2025-01-15T21:58:54.941+0000] {logging_mixin.py:154} INFO - [2025-01-15T21:58:54.941+0000] {dag.py:3722} INFO - Setting next_dagrun for example_local_kubernetes_executor to None, run_after=None
[2025-01-15T21:58:54.968+0000] {processor.py:179} INFO - Processing /home/airflow/.local/lib/python3.10/site-packages/airflow/example_dags/example_local_kubernetes_executor.py took 0.095 seconds
[2025-01-15T21:59:26.155+0000] {processor.py:157} INFO - Started process (PID=1268) to work on /home/airflow/.local/lib/python3.10/site-packages/airflow/example_dags/example_local_kubernetes_executor.py
[2025-01-15T21:59:26.156+0000] {processor.py:829} INFO - Processing file /home/airflow/.local/lib/python3.10/site-packages/airflow/example_dags/example_local_kubernetes_executor.py for tasks to queue
[2025-01-15T21:59:26.158+0000] {logging_mixin.py:154} INFO - [2025-01-15T21:59:26.158+0000] {dagbag.py:536} INFO - Filling up the DagBag from /home/airflow/.local/lib/python3.10/site-packages/airflow/example_dags/example_local_kubernetes_executor.py
[2025-01-15T21:59:26.165+0000] {processor.py:839} INFO - DAG(s) dict_keys(['example_local_kubernetes_executor']) retrieved from /home/airflow/.local/lib/python3.10/site-packages/airflow/example_dags/example_local_kubernetes_executor.py
[2025-01-15T21:59:26.349+0000] {logging_mixin.py:154} INFO - [2025-01-15T21:59:26.349+0000] {dag.py:2941} INFO - Sync 1 DAGs
[2025-01-15T21:59:26.359+0000] {logging_mixin.py:154} INFO - [2025-01-15T21:59:26.359+0000] {dag.py:3722} INFO - Setting next_dagrun for example_local_kubernetes_executor to None, run_after=None
[2025-01-15T21:59:26.374+0000] {processor.py:179} INFO - Processing /home/airflow/.local/lib/python3.10/site-packages/airflow/example_dags/example_local_kubernetes_executor.py took 0.222 seconds
[2025-01-15T21:59:56.628+0000] {processor.py:157} INFO - Started process (PID=1324) to work on /home/airflow/.local/lib/python3.10/site-packages/airflow/example_dags/example_local_kubernetes_executor.py
[2025-01-15T21:59:56.629+0000] {processor.py:829} INFO - Processing file /home/airflow/.local/lib/python3.10/site-packages/airflow/example_dags/example_local_kubernetes_executor.py for tasks to queue
[2025-01-15T21:59:56.631+0000] {logging_mixin.py:154} INFO - [2025-01-15T21:59:56.630+0000] {dagbag.py:536} INFO - Filling up the DagBag from /home/airflow/.local/lib/python3.10/site-packages/airflow/example_dags/example_local_kubernetes_executor.py
[2025-01-15T21:59:56.638+0000] {processor.py:839} INFO - DAG(s) dict_keys(['example_local_kubernetes_executor']) retrieved from /home/airflow/.local/lib/python3.10/site-packages/airflow/example_dags/example_local_kubernetes_executor.py
[2025-01-15T21:59:56.683+0000] {logging_mixin.py:154} INFO - [2025-01-15T21:59:56.682+0000] {dag.py:2941} INFO - Sync 1 DAGs
[2025-01-15T21:59:56.852+0000] {logging_mixin.py:154} INFO - [2025-01-15T21:59:56.851+0000] {dag.py:3722} INFO - Setting next_dagrun for example_local_kubernetes_executor to None, run_after=None
[2025-01-15T21:59:56.866+0000] {processor.py:179} INFO - Processing /home/airflow/.local/lib/python3.10/site-packages/airflow/example_dags/example_local_kubernetes_executor.py took 0.241 seconds
[2025-01-15T22:00:27.432+0000] {processor.py:157} INFO - Started process (PID=1380) to work on /home/airflow/.local/lib/python3.10/site-packages/airflow/example_dags/example_local_kubernetes_executor.py
[2025-01-15T22:00:27.434+0000] {processor.py:829} INFO - Processing file /home/airflow/.local/lib/python3.10/site-packages/airflow/example_dags/example_local_kubernetes_executor.py for tasks to queue
[2025-01-15T22:00:27.436+0000] {logging_mixin.py:154} INFO - [2025-01-15T22:00:27.435+0000] {dagbag.py:536} INFO - Filling up the DagBag from /home/airflow/.local/lib/python3.10/site-packages/airflow/example_dags/example_local_kubernetes_executor.py
[2025-01-15T22:00:27.443+0000] {processor.py:839} INFO - DAG(s) dict_keys(['example_local_kubernetes_executor']) retrieved from /home/airflow/.local/lib/python3.10/site-packages/airflow/example_dags/example_local_kubernetes_executor.py
[2025-01-15T22:00:27.481+0000] {logging_mixin.py:154} INFO - [2025-01-15T22:00:27.481+0000] {dag.py:2941} INFO - Sync 1 DAGs
[2025-01-15T22:00:27.494+0000] {logging_mixin.py:154} INFO - [2025-01-15T22:00:27.494+0000] {dag.py:3722} INFO - Setting next_dagrun for example_local_kubernetes_executor to None, run_after=None
[2025-01-15T22:00:27.517+0000] {processor.py:179} INFO - Processing /home/airflow/.local/lib/python3.10/site-packages/airflow/example_dags/example_local_kubernetes_executor.py took 0.088 seconds
[2025-01-15T22:00:58.740+0000] {processor.py:157} INFO - Started process (PID=1436) to work on /home/airflow/.local/lib/python3.10/site-packages/airflow/example_dags/example_local_kubernetes_executor.py
[2025-01-15T22:00:58.741+0000] {processor.py:829} INFO - Processing file /home/airflow/.local/lib/python3.10/site-packages/airflow/example_dags/example_local_kubernetes_executor.py for tasks to queue
[2025-01-15T22:00:58.744+0000] {logging_mixin.py:154} INFO - [2025-01-15T22:00:58.743+0000] {dagbag.py:536} INFO - Filling up the DagBag from /home/airflow/.local/lib/python3.10/site-packages/airflow/example_dags/example_local_kubernetes_executor.py
[2025-01-15T22:00:58.750+0000] {processor.py:839} INFO - DAG(s) dict_keys(['example_local_kubernetes_executor']) retrieved from /home/airflow/.local/lib/python3.10/site-packages/airflow/example_dags/example_local_kubernetes_executor.py
[2025-01-15T22:00:58.925+0000] {logging_mixin.py:154} INFO - [2025-01-15T22:00:58.925+0000] {dag.py:2941} INFO - Sync 1 DAGs
[2025-01-15T22:00:58.936+0000] {logging_mixin.py:154} INFO - [2025-01-15T22:00:58.935+0000] {dag.py:3722} INFO - Setting next_dagrun for example_local_kubernetes_executor to None, run_after=None
[2025-01-15T22:00:58.952+0000] {processor.py:179} INFO - Processing /home/airflow/.local/lib/python3.10/site-packages/airflow/example_dags/example_local_kubernetes_executor.py took 0.215 seconds
[2025-01-15T22:01:29.094+0000] {processor.py:157} INFO - Started process (PID=1492) to work on /home/airflow/.local/lib/python3.10/site-packages/airflow/example_dags/example_local_kubernetes_executor.py
[2025-01-15T22:01:29.095+0000] {processor.py:829} INFO - Processing file /home/airflow/.local/lib/python3.10/site-packages/airflow/example_dags/example_local_kubernetes_executor.py for tasks to queue
[2025-01-15T22:01:29.097+0000] {logging_mixin.py:154} INFO - [2025-01-15T22:01:29.097+0000] {dagbag.py:536} INFO - Filling up the DagBag from /home/airflow/.local/lib/python3.10/site-packages/airflow/example_dags/example_local_kubernetes_executor.py
[2025-01-15T22:01:29.105+0000] {processor.py:839} INFO - DAG(s) dict_keys(['example_local_kubernetes_executor']) retrieved from /home/airflow/.local/lib/python3.10/site-packages/airflow/example_dags/example_local_kubernetes_executor.py
[2025-01-15T22:01:29.144+0000] {logging_mixin.py:154} INFO - [2025-01-15T22:01:29.143+0000] {dag.py:2941} INFO - Sync 1 DAGs
[2025-01-15T22:01:29.314+0000] {logging_mixin.py:154} INFO - [2025-01-15T22:01:29.314+0000] {dag.py:3722} INFO - Setting next_dagrun for example_local_kubernetes_executor to None, run_after=None
[2025-01-15T22:01:29.328+0000] {processor.py:179} INFO - Processing /home/airflow/.local/lib/python3.10/site-packages/airflow/example_dags/example_local_kubernetes_executor.py took 0.237 seconds
[2025-01-15T22:01:59.493+0000] {processor.py:157} INFO - Started process (PID=1548) to work on /home/airflow/.local/lib/python3.10/site-packages/airflow/example_dags/example_local_kubernetes_executor.py
[2025-01-15T22:01:59.494+0000] {processor.py:829} INFO - Processing file /home/airflow/.local/lib/python3.10/site-packages/airflow/example_dags/example_local_kubernetes_executor.py for tasks to queue
[2025-01-15T22:01:59.496+0000] {logging_mixin.py:154} INFO - [2025-01-15T22:01:59.496+0000] {dagbag.py:536} INFO - Filling up the DagBag from /home/airflow/.local/lib/python3.10/site-packages/airflow/example_dags/example_local_kubernetes_executor.py
[2025-01-15T22:01:59.503+0000] {processor.py:839} INFO - DAG(s) dict_keys(['example_local_kubernetes_executor']) retrieved from /home/airflow/.local/lib/python3.10/site-packages/airflow/example_dags/example_local_kubernetes_executor.py
[2025-01-15T22:01:59.539+0000] {logging_mixin.py:154} INFO - [2025-01-15T22:01:59.539+0000] {dag.py:2941} INFO - Sync 1 DAGs
[2025-01-15T22:01:59.551+0000] {logging_mixin.py:154} INFO - [2025-01-15T22:01:59.551+0000] {dag.py:3722} INFO - Setting next_dagrun for example_local_kubernetes_executor to None, run_after=None
[2025-01-15T22:01:59.569+0000] {processor.py:179} INFO - Processing /home/airflow/.local/lib/python3.10/site-packages/airflow/example_dags/example_local_kubernetes_executor.py took 0.079 seconds
[2025-01-15T22:02:30.627+0000] {processor.py:157} INFO - Started process (PID=1604) to work on /home/airflow/.local/lib/python3.10/site-packages/airflow/example_dags/example_local_kubernetes_executor.py
[2025-01-15T22:02:30.628+0000] {processor.py:829} INFO - Processing file /home/airflow/.local/lib/python3.10/site-packages/airflow/example_dags/example_local_kubernetes_executor.py for tasks to queue
[2025-01-15T22:02:30.630+0000] {logging_mixin.py:154} INFO - [2025-01-15T22:02:30.630+0000] {dagbag.py:536} INFO - Filling up the DagBag from /home/airflow/.local/lib/python3.10/site-packages/airflow/example_dags/example_local_kubernetes_executor.py
[2025-01-15T22:02:30.638+0000] {processor.py:839} INFO - DAG(s) dict_keys(['example_local_kubernetes_executor']) retrieved from /home/airflow/.local/lib/python3.10/site-packages/airflow/example_dags/example_local_kubernetes_executor.py
[2025-01-15T22:02:30.838+0000] {logging_mixin.py:154} INFO - [2025-01-15T22:02:30.838+0000] {dag.py:2941} INFO - Sync 1 DAGs
[2025-01-15T22:02:30.851+0000] {logging_mixin.py:154} INFO - [2025-01-15T22:02:30.851+0000] {dag.py:3722} INFO - Setting next_dagrun for example_local_kubernetes_executor to None, run_after=None
[2025-01-15T22:02:30.870+0000] {processor.py:179} INFO - Processing /home/airflow/.local/lib/python3.10/site-packages/airflow/example_dags/example_local_kubernetes_executor.py took 0.246 seconds
[2025-01-15T22:04:08.712+0000] {processor.py:157} INFO - Started process (PID=84) to work on /home/airflow/.local/lib/python3.10/site-packages/airflow/example_dags/example_local_kubernetes_executor.py
[2025-01-15T22:04:08.714+0000] {processor.py:829} INFO - Processing file /home/airflow/.local/lib/python3.10/site-packages/airflow/example_dags/example_local_kubernetes_executor.py for tasks to queue
[2025-01-15T22:04:08.717+0000] {logging_mixin.py:154} INFO - [2025-01-15T22:04:08.716+0000] {dagbag.py:536} INFO - Filling up the DagBag from /home/airflow/.local/lib/python3.10/site-packages/airflow/example_dags/example_local_kubernetes_executor.py
[2025-01-15T22:04:08.729+0000] {processor.py:839} INFO - DAG(s) dict_keys(['example_local_kubernetes_executor']) retrieved from /home/airflow/.local/lib/python3.10/site-packages/airflow/example_dags/example_local_kubernetes_executor.py
[2025-01-15T22:04:08.749+0000] {logging_mixin.py:154} INFO - [2025-01-15T22:04:08.749+0000] {dag.py:2941} INFO - Sync 1 DAGs
[2025-01-15T22:04:08.768+0000] {logging_mixin.py:154} INFO - [2025-01-15T22:04:08.767+0000] {dag.py:3722} INFO - Setting next_dagrun for example_local_kubernetes_executor to None, run_after=None
[2025-01-15T22:04:08.789+0000] {processor.py:179} INFO - Processing /home/airflow/.local/lib/python3.10/site-packages/airflow/example_dags/example_local_kubernetes_executor.py took 0.081 seconds
[2025-01-15T22:04:40.029+0000] {processor.py:157} INFO - Started process (PID=140) to work on /home/airflow/.local/lib/python3.10/site-packages/airflow/example_dags/example_local_kubernetes_executor.py
[2025-01-15T22:04:40.030+0000] {processor.py:829} INFO - Processing file /home/airflow/.local/lib/python3.10/site-packages/airflow/example_dags/example_local_kubernetes_executor.py for tasks to queue
[2025-01-15T22:04:40.032+0000] {logging_mixin.py:154} INFO - [2025-01-15T22:04:40.031+0000] {dagbag.py:536} INFO - Filling up the DagBag from /home/airflow/.local/lib/python3.10/site-packages/airflow/example_dags/example_local_kubernetes_executor.py
[2025-01-15T22:04:40.039+0000] {processor.py:839} INFO - DAG(s) dict_keys(['example_local_kubernetes_executor']) retrieved from /home/airflow/.local/lib/python3.10/site-packages/airflow/example_dags/example_local_kubernetes_executor.py
[2025-01-15T22:04:40.073+0000] {logging_mixin.py:154} INFO - [2025-01-15T22:04:40.072+0000] {dag.py:2941} INFO - Sync 1 DAGs
[2025-01-15T22:04:40.086+0000] {logging_mixin.py:154} INFO - [2025-01-15T22:04:40.085+0000] {dag.py:3722} INFO - Setting next_dagrun for example_local_kubernetes_executor to None, run_after=None
[2025-01-15T22:04:40.105+0000] {processor.py:179} INFO - Processing /home/airflow/.local/lib/python3.10/site-packages/airflow/example_dags/example_local_kubernetes_executor.py took 0.080 seconds
[2025-01-15T22:05:11.171+0000] {processor.py:157} INFO - Started process (PID=196) to work on /home/airflow/.local/lib/python3.10/site-packages/airflow/example_dags/example_local_kubernetes_executor.py
[2025-01-15T22:05:11.172+0000] {processor.py:829} INFO - Processing file /home/airflow/.local/lib/python3.10/site-packages/airflow/example_dags/example_local_kubernetes_executor.py for tasks to queue
[2025-01-15T22:05:11.174+0000] {logging_mixin.py:154} INFO - [2025-01-15T22:05:11.174+0000] {dagbag.py:536} INFO - Filling up the DagBag from /home/airflow/.local/lib/python3.10/site-packages/airflow/example_dags/example_local_kubernetes_executor.py
[2025-01-15T22:05:11.181+0000] {processor.py:839} INFO - DAG(s) dict_keys(['example_local_kubernetes_executor']) retrieved from /home/airflow/.local/lib/python3.10/site-packages/airflow/example_dags/example_local_kubernetes_executor.py
[2025-01-15T22:05:11.216+0000] {logging_mixin.py:154} INFO - [2025-01-15T22:05:11.216+0000] {dag.py:2941} INFO - Sync 1 DAGs
[2025-01-15T22:05:11.229+0000] {logging_mixin.py:154} INFO - [2025-01-15T22:05:11.229+0000] {dag.py:3722} INFO - Setting next_dagrun for example_local_kubernetes_executor to None, run_after=None
[2025-01-15T22:05:11.250+0000] {processor.py:179} INFO - Processing /home/airflow/.local/lib/python3.10/site-packages/airflow/example_dags/example_local_kubernetes_executor.py took 0.082 seconds
[2025-01-15T22:05:41.769+0000] {processor.py:157} INFO - Started process (PID=252) to work on /home/airflow/.local/lib/python3.10/site-packages/airflow/example_dags/example_local_kubernetes_executor.py
[2025-01-15T22:05:41.770+0000] {processor.py:829} INFO - Processing file /home/airflow/.local/lib/python3.10/site-packages/airflow/example_dags/example_local_kubernetes_executor.py for tasks to queue
[2025-01-15T22:05:41.772+0000] {logging_mixin.py:154} INFO - [2025-01-15T22:05:41.772+0000] {dagbag.py:536} INFO - Filling up the DagBag from /home/airflow/.local/lib/python3.10/site-packages/airflow/example_dags/example_local_kubernetes_executor.py
[2025-01-15T22:05:41.779+0000] {processor.py:839} INFO - DAG(s) dict_keys(['example_local_kubernetes_executor']) retrieved from /home/airflow/.local/lib/python3.10/site-packages/airflow/example_dags/example_local_kubernetes_executor.py
[2025-01-15T22:05:41.812+0000] {logging_mixin.py:154} INFO - [2025-01-15T22:05:41.812+0000] {dag.py:2941} INFO - Sync 1 DAGs
[2025-01-15T22:05:41.826+0000] {logging_mixin.py:154} INFO - [2025-01-15T22:05:41.826+0000] {dag.py:3722} INFO - Setting next_dagrun for example_local_kubernetes_executor to None, run_after=None
[2025-01-15T22:05:41.844+0000] {processor.py:179} INFO - Processing /home/airflow/.local/lib/python3.10/site-packages/airflow/example_dags/example_local_kubernetes_executor.py took 0.078 seconds
[2025-01-15T22:06:12.429+0000] {processor.py:157} INFO - Started process (PID=308) to work on /home/airflow/.local/lib/python3.10/site-packages/airflow/example_dags/example_local_kubernetes_executor.py
[2025-01-15T22:06:12.430+0000] {processor.py:829} INFO - Processing file /home/airflow/.local/lib/python3.10/site-packages/airflow/example_dags/example_local_kubernetes_executor.py for tasks to queue
[2025-01-15T22:06:12.432+0000] {logging_mixin.py:154} INFO - [2025-01-15T22:06:12.432+0000] {dagbag.py:536} INFO - Filling up the DagBag from /home/airflow/.local/lib/python3.10/site-packages/airflow/example_dags/example_local_kubernetes_executor.py
[2025-01-15T22:06:12.439+0000] {processor.py:839} INFO - DAG(s) dict_keys(['example_local_kubernetes_executor']) retrieved from /home/airflow/.local/lib/python3.10/site-packages/airflow/example_dags/example_local_kubernetes_executor.py
[2025-01-15T22:06:12.472+0000] {logging_mixin.py:154} INFO - [2025-01-15T22:06:12.472+0000] {dag.py:2941} INFO - Sync 1 DAGs
[2025-01-15T22:06:12.485+0000] {logging_mixin.py:154} INFO - [2025-01-15T22:06:12.485+0000] {dag.py:3722} INFO - Setting next_dagrun for example_local_kubernetes_executor to None, run_after=None
[2025-01-15T22:06:12.505+0000] {processor.py:179} INFO - Processing /home/airflow/.local/lib/python3.10/site-packages/airflow/example_dags/example_local_kubernetes_executor.py took 0.079 seconds
[2025-01-15T22:06:43.148+0000] {processor.py:157} INFO - Started process (PID=364) to work on /home/airflow/.local/lib/python3.10/site-packages/airflow/example_dags/example_local_kubernetes_executor.py
[2025-01-15T22:06:43.150+0000] {processor.py:829} INFO - Processing file /home/airflow/.local/lib/python3.10/site-packages/airflow/example_dags/example_local_kubernetes_executor.py for tasks to queue
[2025-01-15T22:06:43.152+0000] {logging_mixin.py:154} INFO - [2025-01-15T22:06:43.152+0000] {dagbag.py:536} INFO - Filling up the DagBag from /home/airflow/.local/lib/python3.10/site-packages/airflow/example_dags/example_local_kubernetes_executor.py
[2025-01-15T22:06:43.159+0000] {processor.py:839} INFO - DAG(s) dict_keys(['example_local_kubernetes_executor']) retrieved from /home/airflow/.local/lib/python3.10/site-packages/airflow/example_dags/example_local_kubernetes_executor.py
[2025-01-15T22:06:43.192+0000] {logging_mixin.py:154} INFO - [2025-01-15T22:06:43.191+0000] {dag.py:2941} INFO - Sync 1 DAGs
[2025-01-15T22:06:43.205+0000] {logging_mixin.py:154} INFO - [2025-01-15T22:06:43.205+0000] {dag.py:3722} INFO - Setting next_dagrun for example_local_kubernetes_executor to None, run_after=None
[2025-01-15T22:06:43.225+0000] {processor.py:179} INFO - Processing /home/airflow/.local/lib/python3.10/site-packages/airflow/example_dags/example_local_kubernetes_executor.py took 0.079 seconds
[2025-01-15T22:07:13.726+0000] {processor.py:157} INFO - Started process (PID=420) to work on /home/airflow/.local/lib/python3.10/site-packages/airflow/example_dags/example_local_kubernetes_executor.py
[2025-01-15T22:07:13.727+0000] {processor.py:829} INFO - Processing file /home/airflow/.local/lib/python3.10/site-packages/airflow/example_dags/example_local_kubernetes_executor.py for tasks to queue
[2025-01-15T22:07:13.729+0000] {logging_mixin.py:154} INFO - [2025-01-15T22:07:13.729+0000] {dagbag.py:536} INFO - Filling up the DagBag from /home/airflow/.local/lib/python3.10/site-packages/airflow/example_dags/example_local_kubernetes_executor.py
[2025-01-15T22:07:13.737+0000] {processor.py:839} INFO - DAG(s) dict_keys(['example_local_kubernetes_executor']) retrieved from /home/airflow/.local/lib/python3.10/site-packages/airflow/example_dags/example_local_kubernetes_executor.py
[2025-01-15T22:07:13.773+0000] {logging_mixin.py:154} INFO - [2025-01-15T22:07:13.772+0000] {dag.py:2941} INFO - Sync 1 DAGs
[2025-01-15T22:07:13.785+0000] {logging_mixin.py:154} INFO - [2025-01-15T22:07:13.785+0000] {dag.py:3722} INFO - Setting next_dagrun for example_local_kubernetes_executor to None, run_after=None
[2025-01-15T22:07:13.805+0000] {processor.py:179} INFO - Processing /home/airflow/.local/lib/python3.10/site-packages/airflow/example_dags/example_local_kubernetes_executor.py took 0.082 seconds
[2025-01-15T22:08:34.030+0000] {processor.py:157} INFO - Started process (PID=86) to work on /home/airflow/.local/lib/python3.10/site-packages/airflow/example_dags/example_local_kubernetes_executor.py
[2025-01-15T22:08:34.030+0000] {processor.py:829} INFO - Processing file /home/airflow/.local/lib/python3.10/site-packages/airflow/example_dags/example_local_kubernetes_executor.py for tasks to queue
[2025-01-15T22:08:34.032+0000] {logging_mixin.py:154} INFO - [2025-01-15T22:08:34.032+0000] {dagbag.py:536} INFO - Filling up the DagBag from /home/airflow/.local/lib/python3.10/site-packages/airflow/example_dags/example_local_kubernetes_executor.py
[2025-01-15T22:08:34.041+0000] {processor.py:839} INFO - DAG(s) dict_keys(['example_local_kubernetes_executor']) retrieved from /home/airflow/.local/lib/python3.10/site-packages/airflow/example_dags/example_local_kubernetes_executor.py
[2025-01-15T22:08:34.057+0000] {logging_mixin.py:154} INFO - [2025-01-15T22:08:34.056+0000] {dag.py:2941} INFO - Sync 1 DAGs
[2025-01-15T22:08:34.072+0000] {logging_mixin.py:154} INFO - [2025-01-15T22:08:34.071+0000] {dag.py:3722} INFO - Setting next_dagrun for example_local_kubernetes_executor to None, run_after=None
[2025-01-15T22:08:34.093+0000] {processor.py:179} INFO - Processing /home/airflow/.local/lib/python3.10/site-packages/airflow/example_dags/example_local_kubernetes_executor.py took 0.066 seconds
[2025-01-15T22:09:06.122+0000] {processor.py:157} INFO - Started process (PID=142) to work on /home/airflow/.local/lib/python3.10/site-packages/airflow/example_dags/example_local_kubernetes_executor.py
[2025-01-15T22:09:06.123+0000] {processor.py:829} INFO - Processing file /home/airflow/.local/lib/python3.10/site-packages/airflow/example_dags/example_local_kubernetes_executor.py for tasks to queue
[2025-01-15T22:09:06.125+0000] {logging_mixin.py:154} INFO - [2025-01-15T22:09:06.125+0000] {dagbag.py:536} INFO - Filling up the DagBag from /home/airflow/.local/lib/python3.10/site-packages/airflow/example_dags/example_local_kubernetes_executor.py
[2025-01-15T22:09:06.133+0000] {processor.py:839} INFO - DAG(s) dict_keys(['example_local_kubernetes_executor']) retrieved from /home/airflow/.local/lib/python3.10/site-packages/airflow/example_dags/example_local_kubernetes_executor.py
[2025-01-15T22:09:06.178+0000] {logging_mixin.py:154} INFO - [2025-01-15T22:09:06.178+0000] {dag.py:2941} INFO - Sync 1 DAGs
[2025-01-15T22:09:06.193+0000] {logging_mixin.py:154} INFO - [2025-01-15T22:09:06.193+0000] {dag.py:3722} INFO - Setting next_dagrun for example_local_kubernetes_executor to None, run_after=None
[2025-01-15T22:09:06.218+0000] {processor.py:179} INFO - Processing /home/airflow/.local/lib/python3.10/site-packages/airflow/example_dags/example_local_kubernetes_executor.py took 0.099 seconds
