[2025-01-15T21:47:57.679+0000] {processor.py:157} INFO - Started process (PID=86) to work on /home/airflow/.local/lib/python3.10/site-packages/airflow/example_dags/example_sensor_decorator.py
[2025-01-15T21:47:57.681+0000] {processor.py:829} INFO - Processing file /home/airflow/.local/lib/python3.10/site-packages/airflow/example_dags/example_sensor_decorator.py for tasks to queue
[2025-01-15T21:47:57.684+0000] {logging_mixin.py:154} INFO - [2025-01-15T21:47:57.684+0000] {dagbag.py:536} INFO - Filling up the DagBag from /home/airflow/.local/lib/python3.10/site-packages/airflow/example_dags/example_sensor_decorator.py
[2025-01-15T21:47:57.700+0000] {processor.py:839} INFO - DAG(s) dict_keys(['example_sensor_decorator']) retrieved from /home/airflow/.local/lib/python3.10/site-packages/airflow/example_dags/example_sensor_decorator.py
[2025-01-15T21:47:58.079+0000] {logging_mixin.py:154} INFO - [2025-01-15T21:47:58.079+0000] {process_utils.py:259} INFO - Waiting up to 5 seconds for processes to exit...
[2025-01-15T21:48:39.971+0000] {processor.py:157} INFO - Started process (PID=86) to work on /home/airflow/.local/lib/python3.10/site-packages/airflow/example_dags/example_sensor_decorator.py
[2025-01-15T21:48:39.973+0000] {processor.py:829} INFO - Processing file /home/airflow/.local/lib/python3.10/site-packages/airflow/example_dags/example_sensor_decorator.py for tasks to queue
[2025-01-15T21:48:39.975+0000] {logging_mixin.py:154} INFO - [2025-01-15T21:48:39.975+0000] {dagbag.py:536} INFO - Filling up the DagBag from /home/airflow/.local/lib/python3.10/site-packages/airflow/example_dags/example_sensor_decorator.py
[2025-01-15T21:48:39.992+0000] {processor.py:839} INFO - DAG(s) dict_keys(['example_sensor_decorator']) retrieved from /home/airflow/.local/lib/python3.10/site-packages/airflow/example_dags/example_sensor_decorator.py
[2025-01-15T21:48:40.017+0000] {logging_mixin.py:154} INFO - [2025-01-15T21:48:40.016+0000] {dag.py:2941} INFO - Sync 1 DAGs
[2025-01-15T21:48:40.042+0000] {logging_mixin.py:154} INFO - [2025-01-15T21:48:40.042+0000] {dag.py:3722} INFO - Setting next_dagrun for example_sensor_decorator to None, run_after=None
[2025-01-15T21:48:40.075+0000] {processor.py:179} INFO - Processing /home/airflow/.local/lib/python3.10/site-packages/airflow/example_dags/example_sensor_decorator.py took 0.108 seconds
[2025-01-15T21:49:10.861+0000] {processor.py:157} INFO - Started process (PID=142) to work on /home/airflow/.local/lib/python3.10/site-packages/airflow/example_dags/example_sensor_decorator.py
[2025-01-15T21:49:10.862+0000] {processor.py:829} INFO - Processing file /home/airflow/.local/lib/python3.10/site-packages/airflow/example_dags/example_sensor_decorator.py for tasks to queue
[2025-01-15T21:49:10.864+0000] {logging_mixin.py:154} INFO - [2025-01-15T21:49:10.864+0000] {dagbag.py:536} INFO - Filling up the DagBag from /home/airflow/.local/lib/python3.10/site-packages/airflow/example_dags/example_sensor_decorator.py
[2025-01-15T21:49:10.869+0000] {processor.py:839} INFO - DAG(s) dict_keys(['example_sensor_decorator']) retrieved from /home/airflow/.local/lib/python3.10/site-packages/airflow/example_dags/example_sensor_decorator.py
[2025-01-15T21:49:10.887+0000] {logging_mixin.py:154} INFO - [2025-01-15T21:49:10.886+0000] {dag.py:2941} INFO - Sync 1 DAGs
[2025-01-15T21:49:10.898+0000] {logging_mixin.py:154} INFO - [2025-01-15T21:49:10.898+0000] {dag.py:3722} INFO - Setting next_dagrun for example_sensor_decorator to None, run_after=None
[2025-01-15T21:49:10.911+0000] {processor.py:179} INFO - Processing /home/airflow/.local/lib/python3.10/site-packages/airflow/example_dags/example_sensor_decorator.py took 0.054 seconds
[2025-01-15T21:49:41.455+0000] {processor.py:157} INFO - Started process (PID=198) to work on /home/airflow/.local/lib/python3.10/site-packages/airflow/example_dags/example_sensor_decorator.py
[2025-01-15T21:49:41.456+0000] {processor.py:829} INFO - Processing file /home/airflow/.local/lib/python3.10/site-packages/airflow/example_dags/example_sensor_decorator.py for tasks to queue
[2025-01-15T21:49:41.459+0000] {logging_mixin.py:154} INFO - [2025-01-15T21:49:41.459+0000] {dagbag.py:536} INFO - Filling up the DagBag from /home/airflow/.local/lib/python3.10/site-packages/airflow/example_dags/example_sensor_decorator.py
[2025-01-15T21:49:41.466+0000] {processor.py:839} INFO - DAG(s) dict_keys(['example_sensor_decorator']) retrieved from /home/airflow/.local/lib/python3.10/site-packages/airflow/example_dags/example_sensor_decorator.py
[2025-01-15T21:49:41.486+0000] {logging_mixin.py:154} INFO - [2025-01-15T21:49:41.486+0000] {dag.py:2941} INFO - Sync 1 DAGs
[2025-01-15T21:49:41.502+0000] {logging_mixin.py:154} INFO - [2025-01-15T21:49:41.502+0000] {dag.py:3722} INFO - Setting next_dagrun for example_sensor_decorator to None, run_after=None
[2025-01-15T21:49:41.522+0000] {processor.py:179} INFO - Processing /home/airflow/.local/lib/python3.10/site-packages/airflow/example_dags/example_sensor_decorator.py took 0.070 seconds
[2025-01-15T21:50:12.402+0000] {processor.py:157} INFO - Started process (PID=255) to work on /home/airflow/.local/lib/python3.10/site-packages/airflow/example_dags/example_sensor_decorator.py
[2025-01-15T21:50:12.403+0000] {processor.py:829} INFO - Processing file /home/airflow/.local/lib/python3.10/site-packages/airflow/example_dags/example_sensor_decorator.py for tasks to queue
[2025-01-15T21:50:12.406+0000] {logging_mixin.py:154} INFO - [2025-01-15T21:50:12.405+0000] {dagbag.py:536} INFO - Filling up the DagBag from /home/airflow/.local/lib/python3.10/site-packages/airflow/example_dags/example_sensor_decorator.py
[2025-01-15T21:50:12.412+0000] {processor.py:839} INFO - DAG(s) dict_keys(['example_sensor_decorator']) retrieved from /home/airflow/.local/lib/python3.10/site-packages/airflow/example_dags/example_sensor_decorator.py
[2025-01-15T21:50:12.432+0000] {logging_mixin.py:154} INFO - [2025-01-15T21:50:12.431+0000] {dag.py:2941} INFO - Sync 1 DAGs
[2025-01-15T21:50:12.445+0000] {logging_mixin.py:154} INFO - [2025-01-15T21:50:12.445+0000] {dag.py:3722} INFO - Setting next_dagrun for example_sensor_decorator to None, run_after=None
[2025-01-15T21:50:12.462+0000] {processor.py:179} INFO - Processing /home/airflow/.local/lib/python3.10/site-packages/airflow/example_dags/example_sensor_decorator.py took 0.064 seconds
[2025-01-15T21:50:42.911+0000] {processor.py:157} INFO - Started process (PID=311) to work on /home/airflow/.local/lib/python3.10/site-packages/airflow/example_dags/example_sensor_decorator.py
[2025-01-15T21:50:42.912+0000] {processor.py:829} INFO - Processing file /home/airflow/.local/lib/python3.10/site-packages/airflow/example_dags/example_sensor_decorator.py for tasks to queue
[2025-01-15T21:50:42.916+0000] {logging_mixin.py:154} INFO - [2025-01-15T21:50:42.915+0000] {dagbag.py:536} INFO - Filling up the DagBag from /home/airflow/.local/lib/python3.10/site-packages/airflow/example_dags/example_sensor_decorator.py
[2025-01-15T21:50:42.923+0000] {processor.py:839} INFO - DAG(s) dict_keys(['example_sensor_decorator']) retrieved from /home/airflow/.local/lib/python3.10/site-packages/airflow/example_dags/example_sensor_decorator.py
[2025-01-15T21:50:42.946+0000] {logging_mixin.py:154} INFO - [2025-01-15T21:50:42.946+0000] {dag.py:2941} INFO - Sync 1 DAGs
[2025-01-15T21:50:42.958+0000] {logging_mixin.py:154} INFO - [2025-01-15T21:50:42.958+0000] {dag.py:3722} INFO - Setting next_dagrun for example_sensor_decorator to None, run_after=None
[2025-01-15T21:50:42.974+0000] {processor.py:179} INFO - Processing /home/airflow/.local/lib/python3.10/site-packages/airflow/example_dags/example_sensor_decorator.py took 0.066 seconds
[2025-01-15T21:51:13.266+0000] {processor.py:157} INFO - Started process (PID=367) to work on /home/airflow/.local/lib/python3.10/site-packages/airflow/example_dags/example_sensor_decorator.py
[2025-01-15T21:51:13.267+0000] {processor.py:829} INFO - Processing file /home/airflow/.local/lib/python3.10/site-packages/airflow/example_dags/example_sensor_decorator.py for tasks to queue
[2025-01-15T21:51:13.269+0000] {logging_mixin.py:154} INFO - [2025-01-15T21:51:13.269+0000] {dagbag.py:536} INFO - Filling up the DagBag from /home/airflow/.local/lib/python3.10/site-packages/airflow/example_dags/example_sensor_decorator.py
[2025-01-15T21:51:13.274+0000] {processor.py:839} INFO - DAG(s) dict_keys(['example_sensor_decorator']) retrieved from /home/airflow/.local/lib/python3.10/site-packages/airflow/example_dags/example_sensor_decorator.py
[2025-01-15T21:51:13.293+0000] {logging_mixin.py:154} INFO - [2025-01-15T21:51:13.293+0000] {dag.py:2941} INFO - Sync 1 DAGs
[2025-01-15T21:51:13.305+0000] {logging_mixin.py:154} INFO - [2025-01-15T21:51:13.305+0000] {dag.py:3722} INFO - Setting next_dagrun for example_sensor_decorator to None, run_after=None
[2025-01-15T21:51:13.322+0000] {processor.py:179} INFO - Processing /home/airflow/.local/lib/python3.10/site-packages/airflow/example_dags/example_sensor_decorator.py took 0.060 seconds
[2025-01-15T21:51:43.399+0000] {processor.py:157} INFO - Started process (PID=423) to work on /home/airflow/.local/lib/python3.10/site-packages/airflow/example_dags/example_sensor_decorator.py
[2025-01-15T21:51:43.400+0000] {processor.py:829} INFO - Processing file /home/airflow/.local/lib/python3.10/site-packages/airflow/example_dags/example_sensor_decorator.py for tasks to queue
[2025-01-15T21:51:43.402+0000] {logging_mixin.py:154} INFO - [2025-01-15T21:51:43.402+0000] {dagbag.py:536} INFO - Filling up the DagBag from /home/airflow/.local/lib/python3.10/site-packages/airflow/example_dags/example_sensor_decorator.py
[2025-01-15T21:51:43.407+0000] {processor.py:839} INFO - DAG(s) dict_keys(['example_sensor_decorator']) retrieved from /home/airflow/.local/lib/python3.10/site-packages/airflow/example_dags/example_sensor_decorator.py
[2025-01-15T21:51:43.444+0000] {logging_mixin.py:154} INFO - [2025-01-15T21:51:43.443+0000] {dag.py:2941} INFO - Sync 1 DAGs
[2025-01-15T21:51:43.462+0000] {logging_mixin.py:154} INFO - [2025-01-15T21:51:43.462+0000] {dag.py:3722} INFO - Setting next_dagrun for example_sensor_decorator to None, run_after=None
[2025-01-15T21:51:43.479+0000] {processor.py:179} INFO - Processing /home/airflow/.local/lib/python3.10/site-packages/airflow/example_dags/example_sensor_decorator.py took 0.083 seconds
[2025-01-15T21:52:14.530+0000] {processor.py:157} INFO - Started process (PID=479) to work on /home/airflow/.local/lib/python3.10/site-packages/airflow/example_dags/example_sensor_decorator.py
[2025-01-15T21:52:14.530+0000] {processor.py:829} INFO - Processing file /home/airflow/.local/lib/python3.10/site-packages/airflow/example_dags/example_sensor_decorator.py for tasks to queue
[2025-01-15T21:52:14.532+0000] {logging_mixin.py:154} INFO - [2025-01-15T21:52:14.532+0000] {dagbag.py:536} INFO - Filling up the DagBag from /home/airflow/.local/lib/python3.10/site-packages/airflow/example_dags/example_sensor_decorator.py
[2025-01-15T21:52:14.537+0000] {processor.py:839} INFO - DAG(s) dict_keys(['example_sensor_decorator']) retrieved from /home/airflow/.local/lib/python3.10/site-packages/airflow/example_dags/example_sensor_decorator.py
[2025-01-15T21:52:14.555+0000] {logging_mixin.py:154} INFO - [2025-01-15T21:52:14.555+0000] {dag.py:2941} INFO - Sync 1 DAGs
[2025-01-15T21:52:14.567+0000] {logging_mixin.py:154} INFO - [2025-01-15T21:52:14.566+0000] {dag.py:3722} INFO - Setting next_dagrun for example_sensor_decorator to None, run_after=None
[2025-01-15T21:52:14.582+0000] {processor.py:179} INFO - Processing /home/airflow/.local/lib/python3.10/site-packages/airflow/example_dags/example_sensor_decorator.py took 0.055 seconds
[2025-01-15T21:52:45.333+0000] {processor.py:157} INFO - Started process (PID=535) to work on /home/airflow/.local/lib/python3.10/site-packages/airflow/example_dags/example_sensor_decorator.py
[2025-01-15T21:52:45.334+0000] {processor.py:829} INFO - Processing file /home/airflow/.local/lib/python3.10/site-packages/airflow/example_dags/example_sensor_decorator.py for tasks to queue
[2025-01-15T21:52:45.336+0000] {logging_mixin.py:154} INFO - [2025-01-15T21:52:45.336+0000] {dagbag.py:536} INFO - Filling up the DagBag from /home/airflow/.local/lib/python3.10/site-packages/airflow/example_dags/example_sensor_decorator.py
[2025-01-15T21:52:45.342+0000] {processor.py:839} INFO - DAG(s) dict_keys(['example_sensor_decorator']) retrieved from /home/airflow/.local/lib/python3.10/site-packages/airflow/example_dags/example_sensor_decorator.py
[2025-01-15T21:52:45.359+0000] {logging_mixin.py:154} INFO - [2025-01-15T21:52:45.359+0000] {dag.py:2941} INFO - Sync 1 DAGs
[2025-01-15T21:52:45.372+0000] {logging_mixin.py:154} INFO - [2025-01-15T21:52:45.371+0000] {dag.py:3722} INFO - Setting next_dagrun for example_sensor_decorator to None, run_after=None
[2025-01-15T21:52:45.387+0000] {processor.py:179} INFO - Processing /home/airflow/.local/lib/python3.10/site-packages/airflow/example_dags/example_sensor_decorator.py took 0.057 seconds
[2025-01-15T21:53:16.117+0000] {processor.py:157} INFO - Started process (PID=591) to work on /home/airflow/.local/lib/python3.10/site-packages/airflow/example_dags/example_sensor_decorator.py
[2025-01-15T21:53:16.118+0000] {processor.py:829} INFO - Processing file /home/airflow/.local/lib/python3.10/site-packages/airflow/example_dags/example_sensor_decorator.py for tasks to queue
[2025-01-15T21:53:16.120+0000] {logging_mixin.py:154} INFO - [2025-01-15T21:53:16.120+0000] {dagbag.py:536} INFO - Filling up the DagBag from /home/airflow/.local/lib/python3.10/site-packages/airflow/example_dags/example_sensor_decorator.py
[2025-01-15T21:53:16.125+0000] {processor.py:839} INFO - DAG(s) dict_keys(['example_sensor_decorator']) retrieved from /home/airflow/.local/lib/python3.10/site-packages/airflow/example_dags/example_sensor_decorator.py
[2025-01-15T21:53:16.143+0000] {logging_mixin.py:154} INFO - [2025-01-15T21:53:16.143+0000] {dag.py:2941} INFO - Sync 1 DAGs
[2025-01-15T21:53:16.154+0000] {logging_mixin.py:154} INFO - [2025-01-15T21:53:16.154+0000] {dag.py:3722} INFO - Setting next_dagrun for example_sensor_decorator to None, run_after=None
[2025-01-15T21:53:16.171+0000] {processor.py:179} INFO - Processing /home/airflow/.local/lib/python3.10/site-packages/airflow/example_dags/example_sensor_decorator.py took 0.057 seconds
[2025-01-15T21:53:47.528+0000] {processor.py:157} INFO - Started process (PID=647) to work on /home/airflow/.local/lib/python3.10/site-packages/airflow/example_dags/example_sensor_decorator.py
[2025-01-15T21:53:47.529+0000] {processor.py:829} INFO - Processing file /home/airflow/.local/lib/python3.10/site-packages/airflow/example_dags/example_sensor_decorator.py for tasks to queue
[2025-01-15T21:53:47.531+0000] {logging_mixin.py:154} INFO - [2025-01-15T21:53:47.531+0000] {dagbag.py:536} INFO - Filling up the DagBag from /home/airflow/.local/lib/python3.10/site-packages/airflow/example_dags/example_sensor_decorator.py
[2025-01-15T21:53:47.537+0000] {processor.py:839} INFO - DAG(s) dict_keys(['example_sensor_decorator']) retrieved from /home/airflow/.local/lib/python3.10/site-packages/airflow/example_dags/example_sensor_decorator.py
[2025-01-15T21:53:47.556+0000] {logging_mixin.py:154} INFO - [2025-01-15T21:53:47.555+0000] {dag.py:2941} INFO - Sync 1 DAGs
[2025-01-15T21:53:47.567+0000] {logging_mixin.py:154} INFO - [2025-01-15T21:53:47.567+0000] {dag.py:3722} INFO - Setting next_dagrun for example_sensor_decorator to None, run_after=None
[2025-01-15T21:53:47.583+0000] {processor.py:179} INFO - Processing /home/airflow/.local/lib/python3.10/site-packages/airflow/example_dags/example_sensor_decorator.py took 0.058 seconds
[2025-01-15T21:54:18.361+0000] {processor.py:157} INFO - Started process (PID=703) to work on /home/airflow/.local/lib/python3.10/site-packages/airflow/example_dags/example_sensor_decorator.py
[2025-01-15T21:54:18.361+0000] {processor.py:829} INFO - Processing file /home/airflow/.local/lib/python3.10/site-packages/airflow/example_dags/example_sensor_decorator.py for tasks to queue
[2025-01-15T21:54:18.364+0000] {logging_mixin.py:154} INFO - [2025-01-15T21:54:18.363+0000] {dagbag.py:536} INFO - Filling up the DagBag from /home/airflow/.local/lib/python3.10/site-packages/airflow/example_dags/example_sensor_decorator.py
[2025-01-15T21:54:18.369+0000] {processor.py:839} INFO - DAG(s) dict_keys(['example_sensor_decorator']) retrieved from /home/airflow/.local/lib/python3.10/site-packages/airflow/example_dags/example_sensor_decorator.py
[2025-01-15T21:54:18.387+0000] {logging_mixin.py:154} INFO - [2025-01-15T21:54:18.386+0000] {dag.py:2941} INFO - Sync 1 DAGs
[2025-01-15T21:54:18.399+0000] {logging_mixin.py:154} INFO - [2025-01-15T21:54:18.399+0000] {dag.py:3722} INFO - Setting next_dagrun for example_sensor_decorator to None, run_after=None
[2025-01-15T21:54:18.416+0000] {processor.py:179} INFO - Processing /home/airflow/.local/lib/python3.10/site-packages/airflow/example_dags/example_sensor_decorator.py took 0.058 seconds
[2025-01-15T21:54:49.547+0000] {processor.py:157} INFO - Started process (PID=759) to work on /home/airflow/.local/lib/python3.10/site-packages/airflow/example_dags/example_sensor_decorator.py
[2025-01-15T21:54:49.548+0000] {processor.py:829} INFO - Processing file /home/airflow/.local/lib/python3.10/site-packages/airflow/example_dags/example_sensor_decorator.py for tasks to queue
[2025-01-15T21:54:49.550+0000] {logging_mixin.py:154} INFO - [2025-01-15T21:54:49.549+0000] {dagbag.py:536} INFO - Filling up the DagBag from /home/airflow/.local/lib/python3.10/site-packages/airflow/example_dags/example_sensor_decorator.py
[2025-01-15T21:54:49.555+0000] {processor.py:839} INFO - DAG(s) dict_keys(['example_sensor_decorator']) retrieved from /home/airflow/.local/lib/python3.10/site-packages/airflow/example_dags/example_sensor_decorator.py
[2025-01-15T21:54:49.571+0000] {logging_mixin.py:154} INFO - [2025-01-15T21:54:49.571+0000] {dag.py:2941} INFO - Sync 1 DAGs
[2025-01-15T21:54:49.582+0000] {logging_mixin.py:154} INFO - [2025-01-15T21:54:49.582+0000] {dag.py:3722} INFO - Setting next_dagrun for example_sensor_decorator to None, run_after=None
[2025-01-15T21:54:49.597+0000] {processor.py:179} INFO - Processing /home/airflow/.local/lib/python3.10/site-packages/airflow/example_dags/example_sensor_decorator.py took 0.054 seconds
[2025-01-15T21:55:19.965+0000] {processor.py:157} INFO - Started process (PID=815) to work on /home/airflow/.local/lib/python3.10/site-packages/airflow/example_dags/example_sensor_decorator.py
[2025-01-15T21:55:19.966+0000] {processor.py:829} INFO - Processing file /home/airflow/.local/lib/python3.10/site-packages/airflow/example_dags/example_sensor_decorator.py for tasks to queue
[2025-01-15T21:55:19.968+0000] {logging_mixin.py:154} INFO - [2025-01-15T21:55:19.968+0000] {dagbag.py:536} INFO - Filling up the DagBag from /home/airflow/.local/lib/python3.10/site-packages/airflow/example_dags/example_sensor_decorator.py
[2025-01-15T21:55:19.973+0000] {processor.py:839} INFO - DAG(s) dict_keys(['example_sensor_decorator']) retrieved from /home/airflow/.local/lib/python3.10/site-packages/airflow/example_dags/example_sensor_decorator.py
[2025-01-15T21:55:19.990+0000] {logging_mixin.py:154} INFO - [2025-01-15T21:55:19.990+0000] {dag.py:2941} INFO - Sync 1 DAGs
[2025-01-15T21:55:20.000+0000] {logging_mixin.py:154} INFO - [2025-01-15T21:55:20.000+0000] {dag.py:3722} INFO - Setting next_dagrun for example_sensor_decorator to None, run_after=None
[2025-01-15T21:55:20.014+0000] {processor.py:179} INFO - Processing /home/airflow/.local/lib/python3.10/site-packages/airflow/example_dags/example_sensor_decorator.py took 0.051 seconds
[2025-01-15T21:55:51.248+0000] {processor.py:157} INFO - Started process (PID=878) to work on /home/airflow/.local/lib/python3.10/site-packages/airflow/example_dags/example_sensor_decorator.py
[2025-01-15T21:55:51.249+0000] {processor.py:829} INFO - Processing file /home/airflow/.local/lib/python3.10/site-packages/airflow/example_dags/example_sensor_decorator.py for tasks to queue
[2025-01-15T21:55:51.251+0000] {logging_mixin.py:154} INFO - [2025-01-15T21:55:51.251+0000] {dagbag.py:536} INFO - Filling up the DagBag from /home/airflow/.local/lib/python3.10/site-packages/airflow/example_dags/example_sensor_decorator.py
[2025-01-15T21:55:51.256+0000] {processor.py:839} INFO - DAG(s) dict_keys(['example_sensor_decorator']) retrieved from /home/airflow/.local/lib/python3.10/site-packages/airflow/example_dags/example_sensor_decorator.py
[2025-01-15T21:55:51.273+0000] {logging_mixin.py:154} INFO - [2025-01-15T21:55:51.273+0000] {dag.py:2941} INFO - Sync 1 DAGs
[2025-01-15T21:55:51.284+0000] {logging_mixin.py:154} INFO - [2025-01-15T21:55:51.284+0000] {dag.py:3722} INFO - Setting next_dagrun for example_sensor_decorator to None, run_after=None
[2025-01-15T21:55:51.301+0000] {processor.py:179} INFO - Processing /home/airflow/.local/lib/python3.10/site-packages/airflow/example_dags/example_sensor_decorator.py took 0.056 seconds
[2025-01-15T21:56:22.388+0000] {processor.py:157} INFO - Started process (PID=939) to work on /home/airflow/.local/lib/python3.10/site-packages/airflow/example_dags/example_sensor_decorator.py
[2025-01-15T21:56:22.389+0000] {processor.py:829} INFO - Processing file /home/airflow/.local/lib/python3.10/site-packages/airflow/example_dags/example_sensor_decorator.py for tasks to queue
[2025-01-15T21:56:22.391+0000] {logging_mixin.py:154} INFO - [2025-01-15T21:56:22.391+0000] {dagbag.py:536} INFO - Filling up the DagBag from /home/airflow/.local/lib/python3.10/site-packages/airflow/example_dags/example_sensor_decorator.py
[2025-01-15T21:56:22.396+0000] {processor.py:839} INFO - DAG(s) dict_keys(['example_sensor_decorator']) retrieved from /home/airflow/.local/lib/python3.10/site-packages/airflow/example_dags/example_sensor_decorator.py
[2025-01-15T21:56:22.414+0000] {logging_mixin.py:154} INFO - [2025-01-15T21:56:22.414+0000] {dag.py:2941} INFO - Sync 1 DAGs
[2025-01-15T21:56:22.425+0000] {logging_mixin.py:154} INFO - [2025-01-15T21:56:22.425+0000] {dag.py:3722} INFO - Setting next_dagrun for example_sensor_decorator to None, run_after=None
[2025-01-15T21:56:22.440+0000] {processor.py:179} INFO - Processing /home/airflow/.local/lib/python3.10/site-packages/airflow/example_dags/example_sensor_decorator.py took 0.055 seconds
[2025-01-15T21:56:53.129+0000] {processor.py:157} INFO - Started process (PID=990) to work on /home/airflow/.local/lib/python3.10/site-packages/airflow/example_dags/example_sensor_decorator.py
[2025-01-15T21:56:53.130+0000] {processor.py:829} INFO - Processing file /home/airflow/.local/lib/python3.10/site-packages/airflow/example_dags/example_sensor_decorator.py for tasks to queue
[2025-01-15T21:56:53.132+0000] {logging_mixin.py:154} INFO - [2025-01-15T21:56:53.132+0000] {dagbag.py:536} INFO - Filling up the DagBag from /home/airflow/.local/lib/python3.10/site-packages/airflow/example_dags/example_sensor_decorator.py
[2025-01-15T21:56:53.138+0000] {processor.py:839} INFO - DAG(s) dict_keys(['example_sensor_decorator']) retrieved from /home/airflow/.local/lib/python3.10/site-packages/airflow/example_dags/example_sensor_decorator.py
[2025-01-15T21:56:53.158+0000] {logging_mixin.py:154} INFO - [2025-01-15T21:56:53.158+0000] {dag.py:2941} INFO - Sync 1 DAGs
[2025-01-15T21:56:53.171+0000] {logging_mixin.py:154} INFO - [2025-01-15T21:56:53.171+0000] {dag.py:3722} INFO - Setting next_dagrun for example_sensor_decorator to None, run_after=None
[2025-01-15T21:56:53.188+0000] {processor.py:179} INFO - Processing /home/airflow/.local/lib/python3.10/site-packages/airflow/example_dags/example_sensor_decorator.py took 0.062 seconds
[2025-01-15T21:57:23.336+0000] {processor.py:157} INFO - Started process (PID=1045) to work on /home/airflow/.local/lib/python3.10/site-packages/airflow/example_dags/example_sensor_decorator.py
[2025-01-15T21:57:23.337+0000] {processor.py:829} INFO - Processing file /home/airflow/.local/lib/python3.10/site-packages/airflow/example_dags/example_sensor_decorator.py for tasks to queue
[2025-01-15T21:57:23.338+0000] {logging_mixin.py:154} INFO - [2025-01-15T21:57:23.338+0000] {dagbag.py:536} INFO - Filling up the DagBag from /home/airflow/.local/lib/python3.10/site-packages/airflow/example_dags/example_sensor_decorator.py
[2025-01-15T21:57:23.343+0000] {processor.py:839} INFO - DAG(s) dict_keys(['example_sensor_decorator']) retrieved from /home/airflow/.local/lib/python3.10/site-packages/airflow/example_dags/example_sensor_decorator.py
[2025-01-15T21:57:23.361+0000] {logging_mixin.py:154} INFO - [2025-01-15T21:57:23.361+0000] {dag.py:2941} INFO - Sync 1 DAGs
[2025-01-15T21:57:23.371+0000] {logging_mixin.py:154} INFO - [2025-01-15T21:57:23.371+0000] {dag.py:3722} INFO - Setting next_dagrun for example_sensor_decorator to None, run_after=None
[2025-01-15T21:57:23.386+0000] {processor.py:179} INFO - Processing /home/airflow/.local/lib/python3.10/site-packages/airflow/example_dags/example_sensor_decorator.py took 0.053 seconds
[2025-01-15T21:57:54.271+0000] {processor.py:157} INFO - Started process (PID=1102) to work on /home/airflow/.local/lib/python3.10/site-packages/airflow/example_dags/example_sensor_decorator.py
[2025-01-15T21:57:54.272+0000] {processor.py:829} INFO - Processing file /home/airflow/.local/lib/python3.10/site-packages/airflow/example_dags/example_sensor_decorator.py for tasks to queue
[2025-01-15T21:57:54.274+0000] {logging_mixin.py:154} INFO - [2025-01-15T21:57:54.274+0000] {dagbag.py:536} INFO - Filling up the DagBag from /home/airflow/.local/lib/python3.10/site-packages/airflow/example_dags/example_sensor_decorator.py
[2025-01-15T21:57:54.280+0000] {processor.py:839} INFO - DAG(s) dict_keys(['example_sensor_decorator']) retrieved from /home/airflow/.local/lib/python3.10/site-packages/airflow/example_dags/example_sensor_decorator.py
[2025-01-15T21:57:54.299+0000] {logging_mixin.py:154} INFO - [2025-01-15T21:57:54.299+0000] {dag.py:2941} INFO - Sync 1 DAGs
[2025-01-15T21:57:54.445+0000] {logging_mixin.py:154} INFO - [2025-01-15T21:57:54.445+0000] {dag.py:3722} INFO - Setting next_dagrun for example_sensor_decorator to None, run_after=None
[2025-01-15T21:57:54.459+0000] {processor.py:179} INFO - Processing /home/airflow/.local/lib/python3.10/site-packages/airflow/example_dags/example_sensor_decorator.py took 0.191 seconds
[2025-01-15T21:58:24.653+0000] {processor.py:157} INFO - Started process (PID=1158) to work on /home/airflow/.local/lib/python3.10/site-packages/airflow/example_dags/example_sensor_decorator.py
[2025-01-15T21:58:24.654+0000] {processor.py:829} INFO - Processing file /home/airflow/.local/lib/python3.10/site-packages/airflow/example_dags/example_sensor_decorator.py for tasks to queue
[2025-01-15T21:58:24.656+0000] {logging_mixin.py:154} INFO - [2025-01-15T21:58:24.656+0000] {dagbag.py:536} INFO - Filling up the DagBag from /home/airflow/.local/lib/python3.10/site-packages/airflow/example_dags/example_sensor_decorator.py
[2025-01-15T21:58:24.662+0000] {processor.py:839} INFO - DAG(s) dict_keys(['example_sensor_decorator']) retrieved from /home/airflow/.local/lib/python3.10/site-packages/airflow/example_dags/example_sensor_decorator.py
[2025-01-15T21:58:24.679+0000] {logging_mixin.py:154} INFO - [2025-01-15T21:58:24.678+0000] {dag.py:2941} INFO - Sync 1 DAGs
[2025-01-15T21:58:24.690+0000] {logging_mixin.py:154} INFO - [2025-01-15T21:58:24.690+0000] {dag.py:3722} INFO - Setting next_dagrun for example_sensor_decorator to None, run_after=None
[2025-01-15T21:58:24.706+0000] {processor.py:179} INFO - Processing /home/airflow/.local/lib/python3.10/site-packages/airflow/example_dags/example_sensor_decorator.py took 0.056 seconds
[2025-01-15T21:58:55.008+0000] {processor.py:157} INFO - Started process (PID=1214) to work on /home/airflow/.local/lib/python3.10/site-packages/airflow/example_dags/example_sensor_decorator.py
[2025-01-15T21:58:55.009+0000] {processor.py:829} INFO - Processing file /home/airflow/.local/lib/python3.10/site-packages/airflow/example_dags/example_sensor_decorator.py for tasks to queue
[2025-01-15T21:58:55.012+0000] {logging_mixin.py:154} INFO - [2025-01-15T21:58:55.012+0000] {dagbag.py:536} INFO - Filling up the DagBag from /home/airflow/.local/lib/python3.10/site-packages/airflow/example_dags/example_sensor_decorator.py
[2025-01-15T21:58:55.019+0000] {processor.py:839} INFO - DAG(s) dict_keys(['example_sensor_decorator']) retrieved from /home/airflow/.local/lib/python3.10/site-packages/airflow/example_dags/example_sensor_decorator.py
[2025-01-15T21:58:55.044+0000] {logging_mixin.py:154} INFO - [2025-01-15T21:58:55.044+0000] {dag.py:2941} INFO - Sync 1 DAGs
[2025-01-15T21:58:55.061+0000] {logging_mixin.py:154} INFO - [2025-01-15T21:58:55.061+0000] {dag.py:3722} INFO - Setting next_dagrun for example_sensor_decorator to None, run_after=None
[2025-01-15T21:58:55.085+0000] {processor.py:179} INFO - Processing /home/airflow/.local/lib/python3.10/site-packages/airflow/example_dags/example_sensor_decorator.py took 0.082 seconds
[2025-01-15T21:59:26.404+0000] {processor.py:157} INFO - Started process (PID=1270) to work on /home/airflow/.local/lib/python3.10/site-packages/airflow/example_dags/example_sensor_decorator.py
[2025-01-15T21:59:26.405+0000] {processor.py:829} INFO - Processing file /home/airflow/.local/lib/python3.10/site-packages/airflow/example_dags/example_sensor_decorator.py for tasks to queue
[2025-01-15T21:59:26.407+0000] {logging_mixin.py:154} INFO - [2025-01-15T21:59:26.407+0000] {dagbag.py:536} INFO - Filling up the DagBag from /home/airflow/.local/lib/python3.10/site-packages/airflow/example_dags/example_sensor_decorator.py
[2025-01-15T21:59:26.413+0000] {processor.py:839} INFO - DAG(s) dict_keys(['example_sensor_decorator']) retrieved from /home/airflow/.local/lib/python3.10/site-packages/airflow/example_dags/example_sensor_decorator.py
[2025-01-15T21:59:26.433+0000] {logging_mixin.py:154} INFO - [2025-01-15T21:59:26.432+0000] {dag.py:2941} INFO - Sync 1 DAGs
[2025-01-15T21:59:26.601+0000] {logging_mixin.py:154} INFO - [2025-01-15T21:59:26.601+0000] {dag.py:3722} INFO - Setting next_dagrun for example_sensor_decorator to None, run_after=None
[2025-01-15T21:59:26.616+0000] {processor.py:179} INFO - Processing /home/airflow/.local/lib/python3.10/site-packages/airflow/example_dags/example_sensor_decorator.py took 0.215 seconds
[2025-01-15T21:59:56.883+0000] {processor.py:157} INFO - Started process (PID=1326) to work on /home/airflow/.local/lib/python3.10/site-packages/airflow/example_dags/example_sensor_decorator.py
[2025-01-15T21:59:56.883+0000] {processor.py:829} INFO - Processing file /home/airflow/.local/lib/python3.10/site-packages/airflow/example_dags/example_sensor_decorator.py for tasks to queue
[2025-01-15T21:59:56.885+0000] {logging_mixin.py:154} INFO - [2025-01-15T21:59:56.885+0000] {dagbag.py:536} INFO - Filling up the DagBag from /home/airflow/.local/lib/python3.10/site-packages/airflow/example_dags/example_sensor_decorator.py
[2025-01-15T21:59:56.890+0000] {processor.py:839} INFO - DAG(s) dict_keys(['example_sensor_decorator']) retrieved from /home/airflow/.local/lib/python3.10/site-packages/airflow/example_dags/example_sensor_decorator.py
[2025-01-15T21:59:56.907+0000] {logging_mixin.py:154} INFO - [2025-01-15T21:59:56.906+0000] {dag.py:2941} INFO - Sync 1 DAGs
[2025-01-15T21:59:56.917+0000] {logging_mixin.py:154} INFO - [2025-01-15T21:59:56.917+0000] {dag.py:3722} INFO - Setting next_dagrun for example_sensor_decorator to None, run_after=None
[2025-01-15T21:59:56.930+0000] {processor.py:179} INFO - Processing /home/airflow/.local/lib/python3.10/site-packages/airflow/example_dags/example_sensor_decorator.py took 0.050 seconds
[2025-01-15T22:00:27.548+0000] {processor.py:157} INFO - Started process (PID=1382) to work on /home/airflow/.local/lib/python3.10/site-packages/airflow/example_dags/example_sensor_decorator.py
[2025-01-15T22:00:27.550+0000] {processor.py:829} INFO - Processing file /home/airflow/.local/lib/python3.10/site-packages/airflow/example_dags/example_sensor_decorator.py for tasks to queue
[2025-01-15T22:00:27.553+0000] {logging_mixin.py:154} INFO - [2025-01-15T22:00:27.553+0000] {dagbag.py:536} INFO - Filling up the DagBag from /home/airflow/.local/lib/python3.10/site-packages/airflow/example_dags/example_sensor_decorator.py
[2025-01-15T22:00:27.559+0000] {processor.py:839} INFO - DAG(s) dict_keys(['example_sensor_decorator']) retrieved from /home/airflow/.local/lib/python3.10/site-packages/airflow/example_dags/example_sensor_decorator.py
[2025-01-15T22:00:27.582+0000] {logging_mixin.py:154} INFO - [2025-01-15T22:00:27.582+0000] {dag.py:2941} INFO - Sync 1 DAGs
[2025-01-15T22:00:27.595+0000] {logging_mixin.py:154} INFO - [2025-01-15T22:00:27.595+0000] {dag.py:3722} INFO - Setting next_dagrun for example_sensor_decorator to None, run_after=None
[2025-01-15T22:00:27.617+0000] {processor.py:179} INFO - Processing /home/airflow/.local/lib/python3.10/site-packages/airflow/example_dags/example_sensor_decorator.py took 0.072 seconds
[2025-01-15T22:00:58.982+0000] {processor.py:157} INFO - Started process (PID=1438) to work on /home/airflow/.local/lib/python3.10/site-packages/airflow/example_dags/example_sensor_decorator.py
[2025-01-15T22:00:58.983+0000] {processor.py:829} INFO - Processing file /home/airflow/.local/lib/python3.10/site-packages/airflow/example_dags/example_sensor_decorator.py for tasks to queue
[2025-01-15T22:00:58.985+0000] {logging_mixin.py:154} INFO - [2025-01-15T22:00:58.985+0000] {dagbag.py:536} INFO - Filling up the DagBag from /home/airflow/.local/lib/python3.10/site-packages/airflow/example_dags/example_sensor_decorator.py
[2025-01-15T22:00:58.991+0000] {processor.py:839} INFO - DAG(s) dict_keys(['example_sensor_decorator']) retrieved from /home/airflow/.local/lib/python3.10/site-packages/airflow/example_dags/example_sensor_decorator.py
[2025-01-15T22:00:59.011+0000] {logging_mixin.py:154} INFO - [2025-01-15T22:00:59.010+0000] {dag.py:2941} INFO - Sync 1 DAGs
[2025-01-15T22:00:59.161+0000] {logging_mixin.py:154} INFO - [2025-01-15T22:00:59.160+0000] {dag.py:3722} INFO - Setting next_dagrun for example_sensor_decorator to None, run_after=None
[2025-01-15T22:00:59.176+0000] {processor.py:179} INFO - Processing /home/airflow/.local/lib/python3.10/site-packages/airflow/example_dags/example_sensor_decorator.py took 0.197 seconds
[2025-01-15T22:01:29.359+0000] {processor.py:157} INFO - Started process (PID=1494) to work on /home/airflow/.local/lib/python3.10/site-packages/airflow/example_dags/example_sensor_decorator.py
[2025-01-15T22:01:29.360+0000] {processor.py:829} INFO - Processing file /home/airflow/.local/lib/python3.10/site-packages/airflow/example_dags/example_sensor_decorator.py for tasks to queue
[2025-01-15T22:01:29.362+0000] {logging_mixin.py:154} INFO - [2025-01-15T22:01:29.362+0000] {dagbag.py:536} INFO - Filling up the DagBag from /home/airflow/.local/lib/python3.10/site-packages/airflow/example_dags/example_sensor_decorator.py
[2025-01-15T22:01:29.367+0000] {processor.py:839} INFO - DAG(s) dict_keys(['example_sensor_decorator']) retrieved from /home/airflow/.local/lib/python3.10/site-packages/airflow/example_dags/example_sensor_decorator.py
[2025-01-15T22:01:29.386+0000] {logging_mixin.py:154} INFO - [2025-01-15T22:01:29.386+0000] {dag.py:2941} INFO - Sync 1 DAGs
[2025-01-15T22:01:29.398+0000] {logging_mixin.py:154} INFO - [2025-01-15T22:01:29.398+0000] {dag.py:3722} INFO - Setting next_dagrun for example_sensor_decorator to None, run_after=None
[2025-01-15T22:01:29.415+0000] {processor.py:179} INFO - Processing /home/airflow/.local/lib/python3.10/site-packages/airflow/example_dags/example_sensor_decorator.py took 0.059 seconds
[2025-01-15T22:01:59.537+0000] {processor.py:157} INFO - Started process (PID=1549) to work on /home/airflow/.local/lib/python3.10/site-packages/airflow/example_dags/example_sensor_decorator.py
[2025-01-15T22:01:59.538+0000] {processor.py:829} INFO - Processing file /home/airflow/.local/lib/python3.10/site-packages/airflow/example_dags/example_sensor_decorator.py for tasks to queue
[2025-01-15T22:01:59.540+0000] {logging_mixin.py:154} INFO - [2025-01-15T22:01:59.540+0000] {dagbag.py:536} INFO - Filling up the DagBag from /home/airflow/.local/lib/python3.10/site-packages/airflow/example_dags/example_sensor_decorator.py
[2025-01-15T22:01:59.545+0000] {processor.py:839} INFO - DAG(s) dict_keys(['example_sensor_decorator']) retrieved from /home/airflow/.local/lib/python3.10/site-packages/airflow/example_dags/example_sensor_decorator.py
[2025-01-15T22:01:59.563+0000] {logging_mixin.py:154} INFO - [2025-01-15T22:01:59.563+0000] {dag.py:2941} INFO - Sync 1 DAGs
[2025-01-15T22:01:59.575+0000] {logging_mixin.py:154} INFO - [2025-01-15T22:01:59.574+0000] {dag.py:3722} INFO - Setting next_dagrun for example_sensor_decorator to None, run_after=None
[2025-01-15T22:01:59.593+0000] {processor.py:179} INFO - Processing /home/airflow/.local/lib/python3.10/site-packages/airflow/example_dags/example_sensor_decorator.py took 0.058 seconds
[2025-01-15T22:02:30.731+0000] {processor.py:157} INFO - Started process (PID=1605) to work on /home/airflow/.local/lib/python3.10/site-packages/airflow/example_dags/example_sensor_decorator.py
[2025-01-15T22:02:30.732+0000] {processor.py:829} INFO - Processing file /home/airflow/.local/lib/python3.10/site-packages/airflow/example_dags/example_sensor_decorator.py for tasks to queue
[2025-01-15T22:02:30.734+0000] {logging_mixin.py:154} INFO - [2025-01-15T22:02:30.734+0000] {dagbag.py:536} INFO - Filling up the DagBag from /home/airflow/.local/lib/python3.10/site-packages/airflow/example_dags/example_sensor_decorator.py
[2025-01-15T22:02:30.741+0000] {processor.py:839} INFO - DAG(s) dict_keys(['example_sensor_decorator']) retrieved from /home/airflow/.local/lib/python3.10/site-packages/airflow/example_dags/example_sensor_decorator.py
[2025-01-15T22:02:30.762+0000] {logging_mixin.py:154} INFO - [2025-01-15T22:02:30.762+0000] {dag.py:2941} INFO - Sync 1 DAGs
[2025-01-15T22:02:30.931+0000] {logging_mixin.py:154} INFO - [2025-01-15T22:02:30.930+0000] {dag.py:3722} INFO - Setting next_dagrun for example_sensor_decorator to None, run_after=None
[2025-01-15T22:02:30.947+0000] {processor.py:179} INFO - Processing /home/airflow/.local/lib/python3.10/site-packages/airflow/example_dags/example_sensor_decorator.py took 0.220 seconds
[2025-01-15T22:04:08.922+0000] {processor.py:157} INFO - Started process (PID=86) to work on /home/airflow/.local/lib/python3.10/site-packages/airflow/example_dags/example_sensor_decorator.py
[2025-01-15T22:04:08.923+0000] {processor.py:829} INFO - Processing file /home/airflow/.local/lib/python3.10/site-packages/airflow/example_dags/example_sensor_decorator.py for tasks to queue
[2025-01-15T22:04:08.927+0000] {logging_mixin.py:154} INFO - [2025-01-15T22:04:08.926+0000] {dagbag.py:536} INFO - Filling up the DagBag from /home/airflow/.local/lib/python3.10/site-packages/airflow/example_dags/example_sensor_decorator.py
[2025-01-15T22:04:08.938+0000] {processor.py:839} INFO - DAG(s) dict_keys(['example_sensor_decorator']) retrieved from /home/airflow/.local/lib/python3.10/site-packages/airflow/example_dags/example_sensor_decorator.py
[2025-01-15T22:04:08.953+0000] {logging_mixin.py:154} INFO - [2025-01-15T22:04:08.953+0000] {dag.py:2941} INFO - Sync 1 DAGs
[2025-01-15T22:04:08.969+0000] {logging_mixin.py:154} INFO - [2025-01-15T22:04:08.969+0000] {dag.py:3722} INFO - Setting next_dagrun for example_sensor_decorator to None, run_after=None
[2025-01-15T22:04:08.990+0000] {processor.py:179} INFO - Processing /home/airflow/.local/lib/python3.10/site-packages/airflow/example_dags/example_sensor_decorator.py took 0.072 seconds
[2025-01-15T22:04:40.135+0000] {processor.py:157} INFO - Started process (PID=142) to work on /home/airflow/.local/lib/python3.10/site-packages/airflow/example_dags/example_sensor_decorator.py
[2025-01-15T22:04:40.136+0000] {processor.py:829} INFO - Processing file /home/airflow/.local/lib/python3.10/site-packages/airflow/example_dags/example_sensor_decorator.py for tasks to queue
[2025-01-15T22:04:40.138+0000] {logging_mixin.py:154} INFO - [2025-01-15T22:04:40.137+0000] {dagbag.py:536} INFO - Filling up the DagBag from /home/airflow/.local/lib/python3.10/site-packages/airflow/example_dags/example_sensor_decorator.py
[2025-01-15T22:04:40.143+0000] {processor.py:839} INFO - DAG(s) dict_keys(['example_sensor_decorator']) retrieved from /home/airflow/.local/lib/python3.10/site-packages/airflow/example_dags/example_sensor_decorator.py
[2025-01-15T22:04:40.163+0000] {logging_mixin.py:154} INFO - [2025-01-15T22:04:40.163+0000] {dag.py:2941} INFO - Sync 1 DAGs
[2025-01-15T22:04:40.175+0000] {logging_mixin.py:154} INFO - [2025-01-15T22:04:40.175+0000] {dag.py:3722} INFO - Setting next_dagrun for example_sensor_decorator to None, run_after=None
[2025-01-15T22:04:40.204+0000] {processor.py:179} INFO - Processing /home/airflow/.local/lib/python3.10/site-packages/airflow/example_dags/example_sensor_decorator.py took 0.072 seconds
[2025-01-15T22:05:11.276+0000] {processor.py:157} INFO - Started process (PID=198) to work on /home/airflow/.local/lib/python3.10/site-packages/airflow/example_dags/example_sensor_decorator.py
[2025-01-15T22:05:11.276+0000] {processor.py:829} INFO - Processing file /home/airflow/.local/lib/python3.10/site-packages/airflow/example_dags/example_sensor_decorator.py for tasks to queue
[2025-01-15T22:05:11.278+0000] {logging_mixin.py:154} INFO - [2025-01-15T22:05:11.278+0000] {dagbag.py:536} INFO - Filling up the DagBag from /home/airflow/.local/lib/python3.10/site-packages/airflow/example_dags/example_sensor_decorator.py
[2025-01-15T22:05:11.284+0000] {processor.py:839} INFO - DAG(s) dict_keys(['example_sensor_decorator']) retrieved from /home/airflow/.local/lib/python3.10/site-packages/airflow/example_dags/example_sensor_decorator.py
[2025-01-15T22:05:11.302+0000] {logging_mixin.py:154} INFO - [2025-01-15T22:05:11.302+0000] {dag.py:2941} INFO - Sync 1 DAGs
[2025-01-15T22:05:11.314+0000] {logging_mixin.py:154} INFO - [2025-01-15T22:05:11.313+0000] {dag.py:3722} INFO - Setting next_dagrun for example_sensor_decorator to None, run_after=None
[2025-01-15T22:05:11.334+0000] {processor.py:179} INFO - Processing /home/airflow/.local/lib/python3.10/site-packages/airflow/example_dags/example_sensor_decorator.py took 0.061 seconds
[2025-01-15T22:05:41.869+0000] {processor.py:157} INFO - Started process (PID=254) to work on /home/airflow/.local/lib/python3.10/site-packages/airflow/example_dags/example_sensor_decorator.py
[2025-01-15T22:05:41.870+0000] {processor.py:829} INFO - Processing file /home/airflow/.local/lib/python3.10/site-packages/airflow/example_dags/example_sensor_decorator.py for tasks to queue
[2025-01-15T22:05:41.872+0000] {logging_mixin.py:154} INFO - [2025-01-15T22:05:41.872+0000] {dagbag.py:536} INFO - Filling up the DagBag from /home/airflow/.local/lib/python3.10/site-packages/airflow/example_dags/example_sensor_decorator.py
[2025-01-15T22:05:41.877+0000] {processor.py:839} INFO - DAG(s) dict_keys(['example_sensor_decorator']) retrieved from /home/airflow/.local/lib/python3.10/site-packages/airflow/example_dags/example_sensor_decorator.py
[2025-01-15T22:05:41.896+0000] {logging_mixin.py:154} INFO - [2025-01-15T22:05:41.896+0000] {dag.py:2941} INFO - Sync 1 DAGs
[2025-01-15T22:05:41.910+0000] {logging_mixin.py:154} INFO - [2025-01-15T22:05:41.909+0000] {dag.py:3722} INFO - Setting next_dagrun for example_sensor_decorator to None, run_after=None
[2025-01-15T22:05:41.928+0000] {processor.py:179} INFO - Processing /home/airflow/.local/lib/python3.10/site-packages/airflow/example_dags/example_sensor_decorator.py took 0.062 seconds
[2025-01-15T22:06:12.533+0000] {processor.py:157} INFO - Started process (PID=310) to work on /home/airflow/.local/lib/python3.10/site-packages/airflow/example_dags/example_sensor_decorator.py
[2025-01-15T22:06:12.534+0000] {processor.py:829} INFO - Processing file /home/airflow/.local/lib/python3.10/site-packages/airflow/example_dags/example_sensor_decorator.py for tasks to queue
[2025-01-15T22:06:12.536+0000] {logging_mixin.py:154} INFO - [2025-01-15T22:06:12.536+0000] {dagbag.py:536} INFO - Filling up the DagBag from /home/airflow/.local/lib/python3.10/site-packages/airflow/example_dags/example_sensor_decorator.py
[2025-01-15T22:06:12.541+0000] {processor.py:839} INFO - DAG(s) dict_keys(['example_sensor_decorator']) retrieved from /home/airflow/.local/lib/python3.10/site-packages/airflow/example_dags/example_sensor_decorator.py
[2025-01-15T22:06:12.560+0000] {logging_mixin.py:154} INFO - [2025-01-15T22:06:12.560+0000] {dag.py:2941} INFO - Sync 1 DAGs
[2025-01-15T22:06:12.573+0000] {logging_mixin.py:154} INFO - [2025-01-15T22:06:12.572+0000] {dag.py:3722} INFO - Setting next_dagrun for example_sensor_decorator to None, run_after=None
[2025-01-15T22:06:12.594+0000] {processor.py:179} INFO - Processing /home/airflow/.local/lib/python3.10/site-packages/airflow/example_dags/example_sensor_decorator.py took 0.065 seconds
[2025-01-15T22:06:43.250+0000] {processor.py:157} INFO - Started process (PID=366) to work on /home/airflow/.local/lib/python3.10/site-packages/airflow/example_dags/example_sensor_decorator.py
[2025-01-15T22:06:43.251+0000] {processor.py:829} INFO - Processing file /home/airflow/.local/lib/python3.10/site-packages/airflow/example_dags/example_sensor_decorator.py for tasks to queue
[2025-01-15T22:06:43.253+0000] {logging_mixin.py:154} INFO - [2025-01-15T22:06:43.253+0000] {dagbag.py:536} INFO - Filling up the DagBag from /home/airflow/.local/lib/python3.10/site-packages/airflow/example_dags/example_sensor_decorator.py
[2025-01-15T22:06:43.258+0000] {processor.py:839} INFO - DAG(s) dict_keys(['example_sensor_decorator']) retrieved from /home/airflow/.local/lib/python3.10/site-packages/airflow/example_dags/example_sensor_decorator.py
[2025-01-15T22:06:43.276+0000] {logging_mixin.py:154} INFO - [2025-01-15T22:06:43.276+0000] {dag.py:2941} INFO - Sync 1 DAGs
[2025-01-15T22:06:43.287+0000] {logging_mixin.py:154} INFO - [2025-01-15T22:06:43.287+0000] {dag.py:3722} INFO - Setting next_dagrun for example_sensor_decorator to None, run_after=None
[2025-01-15T22:06:43.305+0000] {processor.py:179} INFO - Processing /home/airflow/.local/lib/python3.10/site-packages/airflow/example_dags/example_sensor_decorator.py took 0.057 seconds
[2025-01-15T22:07:13.834+0000] {processor.py:157} INFO - Started process (PID=422) to work on /home/airflow/.local/lib/python3.10/site-packages/airflow/example_dags/example_sensor_decorator.py
[2025-01-15T22:07:13.836+0000] {processor.py:829} INFO - Processing file /home/airflow/.local/lib/python3.10/site-packages/airflow/example_dags/example_sensor_decorator.py for tasks to queue
[2025-01-15T22:07:13.838+0000] {logging_mixin.py:154} INFO - [2025-01-15T22:07:13.838+0000] {dagbag.py:536} INFO - Filling up the DagBag from /home/airflow/.local/lib/python3.10/site-packages/airflow/example_dags/example_sensor_decorator.py
[2025-01-15T22:07:13.845+0000] {processor.py:839} INFO - DAG(s) dict_keys(['example_sensor_decorator']) retrieved from /home/airflow/.local/lib/python3.10/site-packages/airflow/example_dags/example_sensor_decorator.py
[2025-01-15T22:07:13.869+0000] {logging_mixin.py:154} INFO - [2025-01-15T22:07:13.869+0000] {dag.py:2941} INFO - Sync 1 DAGs
[2025-01-15T22:07:13.887+0000] {logging_mixin.py:154} INFO - [2025-01-15T22:07:13.887+0000] {dag.py:3722} INFO - Setting next_dagrun for example_sensor_decorator to None, run_after=None
[2025-01-15T22:07:13.909+0000] {processor.py:179} INFO - Processing /home/airflow/.local/lib/python3.10/site-packages/airflow/example_dags/example_sensor_decorator.py took 0.078 seconds
[2025-01-15T22:08:34.124+0000] {processor.py:157} INFO - Started process (PID=88) to work on /home/airflow/.local/lib/python3.10/site-packages/airflow/example_dags/example_sensor_decorator.py
[2025-01-15T22:08:34.125+0000] {processor.py:829} INFO - Processing file /home/airflow/.local/lib/python3.10/site-packages/airflow/example_dags/example_sensor_decorator.py for tasks to queue
[2025-01-15T22:08:34.128+0000] {logging_mixin.py:154} INFO - [2025-01-15T22:08:34.128+0000] {dagbag.py:536} INFO - Filling up the DagBag from /home/airflow/.local/lib/python3.10/site-packages/airflow/example_dags/example_sensor_decorator.py
[2025-01-15T22:08:34.140+0000] {processor.py:839} INFO - DAG(s) dict_keys(['example_sensor_decorator']) retrieved from /home/airflow/.local/lib/python3.10/site-packages/airflow/example_dags/example_sensor_decorator.py
[2025-01-15T22:08:34.154+0000] {logging_mixin.py:154} INFO - [2025-01-15T22:08:34.154+0000] {dag.py:2941} INFO - Sync 1 DAGs
[2025-01-15T22:08:34.170+0000] {logging_mixin.py:154} INFO - [2025-01-15T22:08:34.170+0000] {dag.py:3722} INFO - Setting next_dagrun for example_sensor_decorator to None, run_after=None
[2025-01-15T22:08:34.194+0000] {processor.py:179} INFO - Processing /home/airflow/.local/lib/python3.10/site-packages/airflow/example_dags/example_sensor_decorator.py took 0.074 seconds
[2025-01-15T22:09:06.253+0000] {processor.py:157} INFO - Started process (PID=144) to work on /home/airflow/.local/lib/python3.10/site-packages/airflow/example_dags/example_sensor_decorator.py
[2025-01-15T22:09:06.254+0000] {processor.py:829} INFO - Processing file /home/airflow/.local/lib/python3.10/site-packages/airflow/example_dags/example_sensor_decorator.py for tasks to queue
[2025-01-15T22:09:06.256+0000] {logging_mixin.py:154} INFO - [2025-01-15T22:09:06.256+0000] {dagbag.py:536} INFO - Filling up the DagBag from /home/airflow/.local/lib/python3.10/site-packages/airflow/example_dags/example_sensor_decorator.py
[2025-01-15T22:09:06.262+0000] {processor.py:839} INFO - DAG(s) dict_keys(['example_sensor_decorator']) retrieved from /home/airflow/.local/lib/python3.10/site-packages/airflow/example_dags/example_sensor_decorator.py
[2025-01-15T22:09:06.287+0000] {logging_mixin.py:154} INFO - [2025-01-15T22:09:06.287+0000] {dag.py:2941} INFO - Sync 1 DAGs
[2025-01-15T22:09:06.302+0000] {logging_mixin.py:154} INFO - [2025-01-15T22:09:06.302+0000] {dag.py:3722} INFO - Setting next_dagrun for example_sensor_decorator to None, run_after=None
[2025-01-15T22:09:06.324+0000] {processor.py:179} INFO - Processing /home/airflow/.local/lib/python3.10/site-packages/airflow/example_dags/example_sensor_decorator.py took 0.075 seconds
