[2025-01-15T21:48:40.321+0000] {processor.py:157} INFO - Started process (PID=89) to work on /home/airflow/.local/lib/python3.10/site-packages/airflow/example_dags/example_external_task_marker_dag.py
[2025-01-15T21:48:40.325+0000] {processor.py:829} INFO - Processing file /home/airflow/.local/lib/python3.10/site-packages/airflow/example_dags/example_external_task_marker_dag.py for tasks to queue
[2025-01-15T21:48:40.330+0000] {logging_mixin.py:154} INFO - [2025-01-15T21:48:40.329+0000] {dagbag.py:536} INFO - Filling up the DagBag from /home/airflow/.local/lib/python3.10/site-packages/airflow/example_dags/example_external_task_marker_dag.py
[2025-01-15T21:48:40.343+0000] {processor.py:839} INFO - DAG(s) dict_keys(['example_external_task_marker_parent', 'example_external_task_marker_child']) retrieved from /home/airflow/.local/lib/python3.10/site-packages/airflow/example_dags/example_external_task_marker_dag.py
[2025-01-15T21:48:40.367+0000] {logging_mixin.py:154} INFO - [2025-01-15T21:48:40.367+0000] {dag.py:2941} INFO - Sync 2 DAGs
[2025-01-15T21:48:40.399+0000] {logging_mixin.py:154} INFO - [2025-01-15T21:48:40.399+0000] {dag.py:3722} INFO - Setting next_dagrun for example_external_task_marker_child to None, run_after=None
[2025-01-15T21:48:40.406+0000] {logging_mixin.py:154} INFO - [2025-01-15T21:48:40.405+0000] {dag.py:3722} INFO - Setting next_dagrun for example_external_task_marker_parent to None, run_after=None
[2025-01-15T21:48:40.443+0000] {processor.py:179} INFO - Processing /home/airflow/.local/lib/python3.10/site-packages/airflow/example_dags/example_external_task_marker_dag.py took 0.133 seconds
[2025-01-15T21:49:10.986+0000] {processor.py:157} INFO - Started process (PID=145) to work on /home/airflow/.local/lib/python3.10/site-packages/airflow/example_dags/example_external_task_marker_dag.py
[2025-01-15T21:49:10.987+0000] {processor.py:829} INFO - Processing file /home/airflow/.local/lib/python3.10/site-packages/airflow/example_dags/example_external_task_marker_dag.py for tasks to queue
[2025-01-15T21:49:10.989+0000] {logging_mixin.py:154} INFO - [2025-01-15T21:49:10.989+0000] {dagbag.py:536} INFO - Filling up the DagBag from /home/airflow/.local/lib/python3.10/site-packages/airflow/example_dags/example_external_task_marker_dag.py
[2025-01-15T21:49:10.994+0000] {processor.py:839} INFO - DAG(s) dict_keys(['example_external_task_marker_child', 'example_external_task_marker_parent']) retrieved from /home/airflow/.local/lib/python3.10/site-packages/airflow/example_dags/example_external_task_marker_dag.py
[2025-01-15T21:49:11.014+0000] {logging_mixin.py:154} INFO - [2025-01-15T21:49:11.013+0000] {dag.py:2941} INFO - Sync 2 DAGs
[2025-01-15T21:49:11.026+0000] {logging_mixin.py:154} INFO - [2025-01-15T21:49:11.026+0000] {dag.py:3722} INFO - Setting next_dagrun for example_external_task_marker_child to None, run_after=None
[2025-01-15T21:49:11.030+0000] {logging_mixin.py:154} INFO - [2025-01-15T21:49:11.030+0000] {dag.py:3722} INFO - Setting next_dagrun for example_external_task_marker_parent to None, run_after=None
[2025-01-15T21:49:11.045+0000] {processor.py:179} INFO - Processing /home/airflow/.local/lib/python3.10/site-packages/airflow/example_dags/example_external_task_marker_dag.py took 0.061 seconds
[2025-01-15T21:49:41.677+0000] {processor.py:157} INFO - Started process (PID=201) to work on /home/airflow/.local/lib/python3.10/site-packages/airflow/example_dags/example_external_task_marker_dag.py
[2025-01-15T21:49:41.678+0000] {processor.py:829} INFO - Processing file /home/airflow/.local/lib/python3.10/site-packages/airflow/example_dags/example_external_task_marker_dag.py for tasks to queue
[2025-01-15T21:49:41.680+0000] {logging_mixin.py:154} INFO - [2025-01-15T21:49:41.680+0000] {dagbag.py:536} INFO - Filling up the DagBag from /home/airflow/.local/lib/python3.10/site-packages/airflow/example_dags/example_external_task_marker_dag.py
[2025-01-15T21:49:41.685+0000] {processor.py:839} INFO - DAG(s) dict_keys(['example_external_task_marker_child', 'example_external_task_marker_parent']) retrieved from /home/airflow/.local/lib/python3.10/site-packages/airflow/example_dags/example_external_task_marker_dag.py
[2025-01-15T21:49:41.708+0000] {logging_mixin.py:154} INFO - [2025-01-15T21:49:41.707+0000] {dag.py:2941} INFO - Sync 2 DAGs
[2025-01-15T21:49:41.720+0000] {logging_mixin.py:154} INFO - [2025-01-15T21:49:41.720+0000] {dag.py:3722} INFO - Setting next_dagrun for example_external_task_marker_child to None, run_after=None
[2025-01-15T21:49:41.723+0000] {logging_mixin.py:154} INFO - [2025-01-15T21:49:41.723+0000] {dag.py:3722} INFO - Setting next_dagrun for example_external_task_marker_parent to None, run_after=None
[2025-01-15T21:49:41.738+0000] {processor.py:179} INFO - Processing /home/airflow/.local/lib/python3.10/site-packages/airflow/example_dags/example_external_task_marker_dag.py took 0.064 seconds
[2025-01-15T21:50:12.542+0000] {processor.py:157} INFO - Started process (PID=258) to work on /home/airflow/.local/lib/python3.10/site-packages/airflow/example_dags/example_external_task_marker_dag.py
[2025-01-15T21:50:12.543+0000] {processor.py:829} INFO - Processing file /home/airflow/.local/lib/python3.10/site-packages/airflow/example_dags/example_external_task_marker_dag.py for tasks to queue
[2025-01-15T21:50:12.545+0000] {logging_mixin.py:154} INFO - [2025-01-15T21:50:12.545+0000] {dagbag.py:536} INFO - Filling up the DagBag from /home/airflow/.local/lib/python3.10/site-packages/airflow/example_dags/example_external_task_marker_dag.py
[2025-01-15T21:50:12.551+0000] {processor.py:839} INFO - DAG(s) dict_keys(['example_external_task_marker_child', 'example_external_task_marker_parent']) retrieved from /home/airflow/.local/lib/python3.10/site-packages/airflow/example_dags/example_external_task_marker_dag.py
[2025-01-15T21:50:12.572+0000] {logging_mixin.py:154} INFO - [2025-01-15T21:50:12.572+0000] {dag.py:2941} INFO - Sync 2 DAGs
[2025-01-15T21:50:12.584+0000] {logging_mixin.py:154} INFO - [2025-01-15T21:50:12.584+0000] {dag.py:3722} INFO - Setting next_dagrun for example_external_task_marker_child to None, run_after=None
[2025-01-15T21:50:12.588+0000] {logging_mixin.py:154} INFO - [2025-01-15T21:50:12.588+0000] {dag.py:3722} INFO - Setting next_dagrun for example_external_task_marker_parent to None, run_after=None
[2025-01-15T21:50:12.606+0000] {processor.py:179} INFO - Processing /home/airflow/.local/lib/python3.10/site-packages/airflow/example_dags/example_external_task_marker_dag.py took 0.068 seconds
[2025-01-15T21:50:43.129+0000] {processor.py:157} INFO - Started process (PID=314) to work on /home/airflow/.local/lib/python3.10/site-packages/airflow/example_dags/example_external_task_marker_dag.py
[2025-01-15T21:50:43.130+0000] {processor.py:829} INFO - Processing file /home/airflow/.local/lib/python3.10/site-packages/airflow/example_dags/example_external_task_marker_dag.py for tasks to queue
[2025-01-15T21:50:43.133+0000] {logging_mixin.py:154} INFO - [2025-01-15T21:50:43.132+0000] {dagbag.py:536} INFO - Filling up the DagBag from /home/airflow/.local/lib/python3.10/site-packages/airflow/example_dags/example_external_task_marker_dag.py
[2025-01-15T21:50:43.141+0000] {processor.py:839} INFO - DAG(s) dict_keys(['example_external_task_marker_parent', 'example_external_task_marker_child']) retrieved from /home/airflow/.local/lib/python3.10/site-packages/airflow/example_dags/example_external_task_marker_dag.py
[2025-01-15T21:50:43.173+0000] {logging_mixin.py:154} INFO - [2025-01-15T21:50:43.173+0000] {dag.py:2941} INFO - Sync 2 DAGs
[2025-01-15T21:50:43.186+0000] {logging_mixin.py:154} INFO - [2025-01-15T21:50:43.186+0000] {dag.py:3722} INFO - Setting next_dagrun for example_external_task_marker_child to None, run_after=None
[2025-01-15T21:50:43.190+0000] {logging_mixin.py:154} INFO - [2025-01-15T21:50:43.190+0000] {dag.py:3722} INFO - Setting next_dagrun for example_external_task_marker_parent to None, run_after=None
[2025-01-15T21:50:43.206+0000] {processor.py:179} INFO - Processing /home/airflow/.local/lib/python3.10/site-packages/airflow/example_dags/example_external_task_marker_dag.py took 0.080 seconds
[2025-01-15T21:51:13.400+0000] {processor.py:157} INFO - Started process (PID=370) to work on /home/airflow/.local/lib/python3.10/site-packages/airflow/example_dags/example_external_task_marker_dag.py
[2025-01-15T21:51:13.401+0000] {processor.py:829} INFO - Processing file /home/airflow/.local/lib/python3.10/site-packages/airflow/example_dags/example_external_task_marker_dag.py for tasks to queue
[2025-01-15T21:51:13.403+0000] {logging_mixin.py:154} INFO - [2025-01-15T21:51:13.403+0000] {dagbag.py:536} INFO - Filling up the DagBag from /home/airflow/.local/lib/python3.10/site-packages/airflow/example_dags/example_external_task_marker_dag.py
[2025-01-15T21:51:13.408+0000] {processor.py:839} INFO - DAG(s) dict_keys(['example_external_task_marker_child', 'example_external_task_marker_parent']) retrieved from /home/airflow/.local/lib/python3.10/site-packages/airflow/example_dags/example_external_task_marker_dag.py
[2025-01-15T21:51:13.441+0000] {logging_mixin.py:154} INFO - [2025-01-15T21:51:13.441+0000] {dag.py:2941} INFO - Sync 2 DAGs
[2025-01-15T21:51:13.461+0000] {logging_mixin.py:154} INFO - [2025-01-15T21:51:13.461+0000] {dag.py:3722} INFO - Setting next_dagrun for example_external_task_marker_child to None, run_after=None
[2025-01-15T21:51:13.465+0000] {logging_mixin.py:154} INFO - [2025-01-15T21:51:13.465+0000] {dag.py:3722} INFO - Setting next_dagrun for example_external_task_marker_parent to None, run_after=None
[2025-01-15T21:51:13.482+0000] {processor.py:179} INFO - Processing /home/airflow/.local/lib/python3.10/site-packages/airflow/example_dags/example_external_task_marker_dag.py took 0.085 seconds
[2025-01-15T21:51:43.600+0000] {processor.py:157} INFO - Started process (PID=426) to work on /home/airflow/.local/lib/python3.10/site-packages/airflow/example_dags/example_external_task_marker_dag.py
[2025-01-15T21:51:43.600+0000] {processor.py:829} INFO - Processing file /home/airflow/.local/lib/python3.10/site-packages/airflow/example_dags/example_external_task_marker_dag.py for tasks to queue
[2025-01-15T21:51:43.602+0000] {logging_mixin.py:154} INFO - [2025-01-15T21:51:43.602+0000] {dagbag.py:536} INFO - Filling up the DagBag from /home/airflow/.local/lib/python3.10/site-packages/airflow/example_dags/example_external_task_marker_dag.py
[2025-01-15T21:51:43.607+0000] {processor.py:839} INFO - DAG(s) dict_keys(['example_external_task_marker_child', 'example_external_task_marker_parent']) retrieved from /home/airflow/.local/lib/python3.10/site-packages/airflow/example_dags/example_external_task_marker_dag.py
[2025-01-15T21:51:43.626+0000] {logging_mixin.py:154} INFO - [2025-01-15T21:51:43.626+0000] {dag.py:2941} INFO - Sync 2 DAGs
[2025-01-15T21:51:43.638+0000] {logging_mixin.py:154} INFO - [2025-01-15T21:51:43.637+0000] {dag.py:3722} INFO - Setting next_dagrun for example_external_task_marker_child to None, run_after=None
[2025-01-15T21:51:43.641+0000] {logging_mixin.py:154} INFO - [2025-01-15T21:51:43.641+0000] {dag.py:3722} INFO - Setting next_dagrun for example_external_task_marker_parent to None, run_after=None
[2025-01-15T21:51:43.654+0000] {processor.py:179} INFO - Processing /home/airflow/.local/lib/python3.10/site-packages/airflow/example_dags/example_external_task_marker_dag.py took 0.058 seconds
[2025-01-15T21:52:14.679+0000] {processor.py:157} INFO - Started process (PID=482) to work on /home/airflow/.local/lib/python3.10/site-packages/airflow/example_dags/example_external_task_marker_dag.py
[2025-01-15T21:52:14.680+0000] {processor.py:829} INFO - Processing file /home/airflow/.local/lib/python3.10/site-packages/airflow/example_dags/example_external_task_marker_dag.py for tasks to queue
[2025-01-15T21:52:14.682+0000] {logging_mixin.py:154} INFO - [2025-01-15T21:52:14.682+0000] {dagbag.py:536} INFO - Filling up the DagBag from /home/airflow/.local/lib/python3.10/site-packages/airflow/example_dags/example_external_task_marker_dag.py
[2025-01-15T21:52:14.688+0000] {processor.py:839} INFO - DAG(s) dict_keys(['example_external_task_marker_child', 'example_external_task_marker_parent']) retrieved from /home/airflow/.local/lib/python3.10/site-packages/airflow/example_dags/example_external_task_marker_dag.py
[2025-01-15T21:52:14.709+0000] {logging_mixin.py:154} INFO - [2025-01-15T21:52:14.708+0000] {dag.py:2941} INFO - Sync 2 DAGs
[2025-01-15T21:52:14.720+0000] {logging_mixin.py:154} INFO - [2025-01-15T21:52:14.719+0000] {dag.py:3722} INFO - Setting next_dagrun for example_external_task_marker_child to None, run_after=None
[2025-01-15T21:52:14.723+0000] {logging_mixin.py:154} INFO - [2025-01-15T21:52:14.722+0000] {dag.py:3722} INFO - Setting next_dagrun for example_external_task_marker_parent to None, run_after=None
[2025-01-15T21:52:14.737+0000] {processor.py:179} INFO - Processing /home/airflow/.local/lib/python3.10/site-packages/airflow/example_dags/example_external_task_marker_dag.py took 0.060 seconds
[2025-01-15T21:52:45.515+0000] {processor.py:157} INFO - Started process (PID=538) to work on /home/airflow/.local/lib/python3.10/site-packages/airflow/example_dags/example_external_task_marker_dag.py
[2025-01-15T21:52:45.516+0000] {processor.py:829} INFO - Processing file /home/airflow/.local/lib/python3.10/site-packages/airflow/example_dags/example_external_task_marker_dag.py for tasks to queue
[2025-01-15T21:52:45.518+0000] {logging_mixin.py:154} INFO - [2025-01-15T21:52:45.518+0000] {dagbag.py:536} INFO - Filling up the DagBag from /home/airflow/.local/lib/python3.10/site-packages/airflow/example_dags/example_external_task_marker_dag.py
[2025-01-15T21:52:45.524+0000] {processor.py:839} INFO - DAG(s) dict_keys(['example_external_task_marker_child', 'example_external_task_marker_parent']) retrieved from /home/airflow/.local/lib/python3.10/site-packages/airflow/example_dags/example_external_task_marker_dag.py
[2025-01-15T21:52:45.548+0000] {logging_mixin.py:154} INFO - [2025-01-15T21:52:45.548+0000] {dag.py:2941} INFO - Sync 2 DAGs
[2025-01-15T21:52:45.561+0000] {logging_mixin.py:154} INFO - [2025-01-15T21:52:45.561+0000] {dag.py:3722} INFO - Setting next_dagrun for example_external_task_marker_child to None, run_after=None
[2025-01-15T21:52:45.565+0000] {logging_mixin.py:154} INFO - [2025-01-15T21:52:45.564+0000] {dag.py:3722} INFO - Setting next_dagrun for example_external_task_marker_parent to None, run_after=None
[2025-01-15T21:52:45.579+0000] {processor.py:179} INFO - Processing /home/airflow/.local/lib/python3.10/site-packages/airflow/example_dags/example_external_task_marker_dag.py took 0.067 seconds
[2025-01-15T21:53:16.292+0000] {processor.py:157} INFO - Started process (PID=594) to work on /home/airflow/.local/lib/python3.10/site-packages/airflow/example_dags/example_external_task_marker_dag.py
[2025-01-15T21:53:16.293+0000] {processor.py:829} INFO - Processing file /home/airflow/.local/lib/python3.10/site-packages/airflow/example_dags/example_external_task_marker_dag.py for tasks to queue
[2025-01-15T21:53:16.295+0000] {logging_mixin.py:154} INFO - [2025-01-15T21:53:16.295+0000] {dagbag.py:536} INFO - Filling up the DagBag from /home/airflow/.local/lib/python3.10/site-packages/airflow/example_dags/example_external_task_marker_dag.py
[2025-01-15T21:53:16.300+0000] {processor.py:839} INFO - DAG(s) dict_keys(['example_external_task_marker_child', 'example_external_task_marker_parent']) retrieved from /home/airflow/.local/lib/python3.10/site-packages/airflow/example_dags/example_external_task_marker_dag.py
[2025-01-15T21:53:16.321+0000] {logging_mixin.py:154} INFO - [2025-01-15T21:53:16.321+0000] {dag.py:2941} INFO - Sync 2 DAGs
[2025-01-15T21:53:16.333+0000] {logging_mixin.py:154} INFO - [2025-01-15T21:53:16.333+0000] {dag.py:3722} INFO - Setting next_dagrun for example_external_task_marker_child to None, run_after=None
[2025-01-15T21:53:16.337+0000] {logging_mixin.py:154} INFO - [2025-01-15T21:53:16.336+0000] {dag.py:3722} INFO - Setting next_dagrun for example_external_task_marker_parent to None, run_after=None
[2025-01-15T21:53:16.350+0000] {processor.py:179} INFO - Processing /home/airflow/.local/lib/python3.10/site-packages/airflow/example_dags/example_external_task_marker_dag.py took 0.061 seconds
[2025-01-15T21:53:47.713+0000] {processor.py:157} INFO - Started process (PID=650) to work on /home/airflow/.local/lib/python3.10/site-packages/airflow/example_dags/example_external_task_marker_dag.py
[2025-01-15T21:53:47.714+0000] {processor.py:829} INFO - Processing file /home/airflow/.local/lib/python3.10/site-packages/airflow/example_dags/example_external_task_marker_dag.py for tasks to queue
[2025-01-15T21:53:47.717+0000] {logging_mixin.py:154} INFO - [2025-01-15T21:53:47.716+0000] {dagbag.py:536} INFO - Filling up the DagBag from /home/airflow/.local/lib/python3.10/site-packages/airflow/example_dags/example_external_task_marker_dag.py
[2025-01-15T21:53:47.723+0000] {processor.py:839} INFO - DAG(s) dict_keys(['example_external_task_marker_parent', 'example_external_task_marker_child']) retrieved from /home/airflow/.local/lib/python3.10/site-packages/airflow/example_dags/example_external_task_marker_dag.py
[2025-01-15T21:53:47.747+0000] {logging_mixin.py:154} INFO - [2025-01-15T21:53:47.747+0000] {dag.py:2941} INFO - Sync 2 DAGs
[2025-01-15T21:53:47.759+0000] {logging_mixin.py:154} INFO - [2025-01-15T21:53:47.759+0000] {dag.py:3722} INFO - Setting next_dagrun for example_external_task_marker_child to None, run_after=None
[2025-01-15T21:53:47.763+0000] {logging_mixin.py:154} INFO - [2025-01-15T21:53:47.763+0000] {dag.py:3722} INFO - Setting next_dagrun for example_external_task_marker_parent to None, run_after=None
[2025-01-15T21:53:47.779+0000] {processor.py:179} INFO - Processing /home/airflow/.local/lib/python3.10/site-packages/airflow/example_dags/example_external_task_marker_dag.py took 0.069 seconds
[2025-01-15T21:54:18.529+0000] {processor.py:157} INFO - Started process (PID=706) to work on /home/airflow/.local/lib/python3.10/site-packages/airflow/example_dags/example_external_task_marker_dag.py
[2025-01-15T21:54:18.530+0000] {processor.py:829} INFO - Processing file /home/airflow/.local/lib/python3.10/site-packages/airflow/example_dags/example_external_task_marker_dag.py for tasks to queue
[2025-01-15T21:54:18.532+0000] {logging_mixin.py:154} INFO - [2025-01-15T21:54:18.532+0000] {dagbag.py:536} INFO - Filling up the DagBag from /home/airflow/.local/lib/python3.10/site-packages/airflow/example_dags/example_external_task_marker_dag.py
[2025-01-15T21:54:18.538+0000] {processor.py:839} INFO - DAG(s) dict_keys(['example_external_task_marker_parent', 'example_external_task_marker_child']) retrieved from /home/airflow/.local/lib/python3.10/site-packages/airflow/example_dags/example_external_task_marker_dag.py
[2025-01-15T21:54:18.561+0000] {logging_mixin.py:154} INFO - [2025-01-15T21:54:18.561+0000] {dag.py:2941} INFO - Sync 2 DAGs
[2025-01-15T21:54:18.573+0000] {logging_mixin.py:154} INFO - [2025-01-15T21:54:18.573+0000] {dag.py:3722} INFO - Setting next_dagrun for example_external_task_marker_child to None, run_after=None
[2025-01-15T21:54:18.577+0000] {logging_mixin.py:154} INFO - [2025-01-15T21:54:18.576+0000] {dag.py:3722} INFO - Setting next_dagrun for example_external_task_marker_parent to None, run_after=None
[2025-01-15T21:54:18.591+0000] {processor.py:179} INFO - Processing /home/airflow/.local/lib/python3.10/site-packages/airflow/example_dags/example_external_task_marker_dag.py took 0.065 seconds
[2025-01-15T21:54:49.670+0000] {processor.py:157} INFO - Started process (PID=762) to work on /home/airflow/.local/lib/python3.10/site-packages/airflow/example_dags/example_external_task_marker_dag.py
[2025-01-15T21:54:49.671+0000] {processor.py:829} INFO - Processing file /home/airflow/.local/lib/python3.10/site-packages/airflow/example_dags/example_external_task_marker_dag.py for tasks to queue
[2025-01-15T21:54:49.673+0000] {logging_mixin.py:154} INFO - [2025-01-15T21:54:49.673+0000] {dagbag.py:536} INFO - Filling up the DagBag from /home/airflow/.local/lib/python3.10/site-packages/airflow/example_dags/example_external_task_marker_dag.py
[2025-01-15T21:54:49.678+0000] {processor.py:839} INFO - DAG(s) dict_keys(['example_external_task_marker_parent', 'example_external_task_marker_child']) retrieved from /home/airflow/.local/lib/python3.10/site-packages/airflow/example_dags/example_external_task_marker_dag.py
[2025-01-15T21:54:49.700+0000] {logging_mixin.py:154} INFO - [2025-01-15T21:54:49.699+0000] {dag.py:2941} INFO - Sync 2 DAGs
[2025-01-15T21:54:49.712+0000] {logging_mixin.py:154} INFO - [2025-01-15T21:54:49.712+0000] {dag.py:3722} INFO - Setting next_dagrun for example_external_task_marker_child to None, run_after=None
[2025-01-15T21:54:49.716+0000] {logging_mixin.py:154} INFO - [2025-01-15T21:54:49.715+0000] {dag.py:3722} INFO - Setting next_dagrun for example_external_task_marker_parent to None, run_after=None
[2025-01-15T21:54:49.730+0000] {processor.py:179} INFO - Processing /home/airflow/.local/lib/python3.10/site-packages/airflow/example_dags/example_external_task_marker_dag.py took 0.063 seconds
[2025-01-15T21:55:20.130+0000] {processor.py:157} INFO - Started process (PID=818) to work on /home/airflow/.local/lib/python3.10/site-packages/airflow/example_dags/example_external_task_marker_dag.py
[2025-01-15T21:55:20.131+0000] {processor.py:829} INFO - Processing file /home/airflow/.local/lib/python3.10/site-packages/airflow/example_dags/example_external_task_marker_dag.py for tasks to queue
[2025-01-15T21:55:20.133+0000] {logging_mixin.py:154} INFO - [2025-01-15T21:55:20.133+0000] {dagbag.py:536} INFO - Filling up the DagBag from /home/airflow/.local/lib/python3.10/site-packages/airflow/example_dags/example_external_task_marker_dag.py
[2025-01-15T21:55:20.138+0000] {processor.py:839} INFO - DAG(s) dict_keys(['example_external_task_marker_parent', 'example_external_task_marker_child']) retrieved from /home/airflow/.local/lib/python3.10/site-packages/airflow/example_dags/example_external_task_marker_dag.py
[2025-01-15T21:55:20.159+0000] {logging_mixin.py:154} INFO - [2025-01-15T21:55:20.158+0000] {dag.py:2941} INFO - Sync 2 DAGs
[2025-01-15T21:55:20.169+0000] {logging_mixin.py:154} INFO - [2025-01-15T21:55:20.169+0000] {dag.py:3722} INFO - Setting next_dagrun for example_external_task_marker_child to None, run_after=None
[2025-01-15T21:55:20.172+0000] {logging_mixin.py:154} INFO - [2025-01-15T21:55:20.172+0000] {dag.py:3722} INFO - Setting next_dagrun for example_external_task_marker_parent to None, run_after=None
[2025-01-15T21:55:20.185+0000] {processor.py:179} INFO - Processing /home/airflow/.local/lib/python3.10/site-packages/airflow/example_dags/example_external_task_marker_dag.py took 0.057 seconds
[2025-01-15T21:55:51.417+0000] {processor.py:157} INFO - Started process (PID=881) to work on /home/airflow/.local/lib/python3.10/site-packages/airflow/example_dags/example_external_task_marker_dag.py
[2025-01-15T21:55:51.418+0000] {processor.py:829} INFO - Processing file /home/airflow/.local/lib/python3.10/site-packages/airflow/example_dags/example_external_task_marker_dag.py for tasks to queue
[2025-01-15T21:55:51.420+0000] {logging_mixin.py:154} INFO - [2025-01-15T21:55:51.419+0000] {dagbag.py:536} INFO - Filling up the DagBag from /home/airflow/.local/lib/python3.10/site-packages/airflow/example_dags/example_external_task_marker_dag.py
[2025-01-15T21:55:51.425+0000] {processor.py:839} INFO - DAG(s) dict_keys(['example_external_task_marker_parent', 'example_external_task_marker_child']) retrieved from /home/airflow/.local/lib/python3.10/site-packages/airflow/example_dags/example_external_task_marker_dag.py
[2025-01-15T21:55:51.445+0000] {logging_mixin.py:154} INFO - [2025-01-15T21:55:51.445+0000] {dag.py:2941} INFO - Sync 2 DAGs
[2025-01-15T21:55:51.456+0000] {logging_mixin.py:154} INFO - [2025-01-15T21:55:51.456+0000] {dag.py:3722} INFO - Setting next_dagrun for example_external_task_marker_child to None, run_after=None
[2025-01-15T21:55:51.459+0000] {logging_mixin.py:154} INFO - [2025-01-15T21:55:51.459+0000] {dag.py:3722} INFO - Setting next_dagrun for example_external_task_marker_parent to None, run_after=None
[2025-01-15T21:55:51.472+0000] {processor.py:179} INFO - Processing /home/airflow/.local/lib/python3.10/site-packages/airflow/example_dags/example_external_task_marker_dag.py took 0.058 seconds
[2025-01-15T21:56:22.564+0000] {processor.py:157} INFO - Started process (PID=942) to work on /home/airflow/.local/lib/python3.10/site-packages/airflow/example_dags/example_external_task_marker_dag.py
[2025-01-15T21:56:22.565+0000] {processor.py:829} INFO - Processing file /home/airflow/.local/lib/python3.10/site-packages/airflow/example_dags/example_external_task_marker_dag.py for tasks to queue
[2025-01-15T21:56:22.567+0000] {logging_mixin.py:154} INFO - [2025-01-15T21:56:22.567+0000] {dagbag.py:536} INFO - Filling up the DagBag from /home/airflow/.local/lib/python3.10/site-packages/airflow/example_dags/example_external_task_marker_dag.py
[2025-01-15T21:56:22.572+0000] {processor.py:839} INFO - DAG(s) dict_keys(['example_external_task_marker_child', 'example_external_task_marker_parent']) retrieved from /home/airflow/.local/lib/python3.10/site-packages/airflow/example_dags/example_external_task_marker_dag.py
[2025-01-15T21:56:22.593+0000] {logging_mixin.py:154} INFO - [2025-01-15T21:56:22.593+0000] {dag.py:2941} INFO - Sync 2 DAGs
[2025-01-15T21:56:22.605+0000] {logging_mixin.py:154} INFO - [2025-01-15T21:56:22.605+0000] {dag.py:3722} INFO - Setting next_dagrun for example_external_task_marker_child to None, run_after=None
[2025-01-15T21:56:22.608+0000] {logging_mixin.py:154} INFO - [2025-01-15T21:56:22.608+0000] {dag.py:3722} INFO - Setting next_dagrun for example_external_task_marker_parent to None, run_after=None
[2025-01-15T21:56:22.623+0000] {processor.py:179} INFO - Processing /home/airflow/.local/lib/python3.10/site-packages/airflow/example_dags/example_external_task_marker_dag.py took 0.062 seconds
[2025-01-15T21:56:53.820+0000] {processor.py:157} INFO - Started process (PID=998) to work on /home/airflow/.local/lib/python3.10/site-packages/airflow/example_dags/example_external_task_marker_dag.py
[2025-01-15T21:56:53.821+0000] {processor.py:829} INFO - Processing file /home/airflow/.local/lib/python3.10/site-packages/airflow/example_dags/example_external_task_marker_dag.py for tasks to queue
[2025-01-15T21:56:53.823+0000] {logging_mixin.py:154} INFO - [2025-01-15T21:56:53.822+0000] {dagbag.py:536} INFO - Filling up the DagBag from /home/airflow/.local/lib/python3.10/site-packages/airflow/example_dags/example_external_task_marker_dag.py
[2025-01-15T21:56:53.828+0000] {processor.py:839} INFO - DAG(s) dict_keys(['example_external_task_marker_parent', 'example_external_task_marker_child']) retrieved from /home/airflow/.local/lib/python3.10/site-packages/airflow/example_dags/example_external_task_marker_dag.py
[2025-01-15T21:56:53.849+0000] {logging_mixin.py:154} INFO - [2025-01-15T21:56:53.849+0000] {dag.py:2941} INFO - Sync 2 DAGs
[2025-01-15T21:56:53.861+0000] {logging_mixin.py:154} INFO - [2025-01-15T21:56:53.861+0000] {dag.py:3722} INFO - Setting next_dagrun for example_external_task_marker_child to None, run_after=None
[2025-01-15T21:56:53.864+0000] {logging_mixin.py:154} INFO - [2025-01-15T21:56:53.864+0000] {dag.py:3722} INFO - Setting next_dagrun for example_external_task_marker_parent to None, run_after=None
[2025-01-15T21:56:53.884+0000] {processor.py:179} INFO - Processing /home/airflow/.local/lib/python3.10/site-packages/airflow/example_dags/example_external_task_marker_dag.py took 0.067 seconds
[2025-01-15T21:57:24.556+0000] {processor.py:157} INFO - Started process (PID=1050) to work on /home/airflow/.local/lib/python3.10/site-packages/airflow/example_dags/example_external_task_marker_dag.py
[2025-01-15T21:57:24.557+0000] {processor.py:829} INFO - Processing file /home/airflow/.local/lib/python3.10/site-packages/airflow/example_dags/example_external_task_marker_dag.py for tasks to queue
[2025-01-15T21:57:24.559+0000] {logging_mixin.py:154} INFO - [2025-01-15T21:57:24.559+0000] {dagbag.py:536} INFO - Filling up the DagBag from /home/airflow/.local/lib/python3.10/site-packages/airflow/example_dags/example_external_task_marker_dag.py
[2025-01-15T21:57:24.564+0000] {processor.py:839} INFO - DAG(s) dict_keys(['example_external_task_marker_parent', 'example_external_task_marker_child']) retrieved from /home/airflow/.local/lib/python3.10/site-packages/airflow/example_dags/example_external_task_marker_dag.py
[2025-01-15T21:57:24.587+0000] {logging_mixin.py:154} INFO - [2025-01-15T21:57:24.586+0000] {dag.py:2941} INFO - Sync 2 DAGs
[2025-01-15T21:57:24.598+0000] {logging_mixin.py:154} INFO - [2025-01-15T21:57:24.598+0000] {dag.py:3722} INFO - Setting next_dagrun for example_external_task_marker_child to None, run_after=None
[2025-01-15T21:57:24.601+0000] {logging_mixin.py:154} INFO - [2025-01-15T21:57:24.601+0000] {dag.py:3722} INFO - Setting next_dagrun for example_external_task_marker_parent to None, run_after=None
[2025-01-15T21:57:24.622+0000] {processor.py:179} INFO - Processing /home/airflow/.local/lib/python3.10/site-packages/airflow/example_dags/example_external_task_marker_dag.py took 0.069 seconds
[2025-01-15T21:57:54.716+0000] {processor.py:157} INFO - Started process (PID=1106) to work on /home/airflow/.local/lib/python3.10/site-packages/airflow/example_dags/example_external_task_marker_dag.py
[2025-01-15T21:57:54.717+0000] {processor.py:829} INFO - Processing file /home/airflow/.local/lib/python3.10/site-packages/airflow/example_dags/example_external_task_marker_dag.py for tasks to queue
[2025-01-15T21:57:54.719+0000] {logging_mixin.py:154} INFO - [2025-01-15T21:57:54.719+0000] {dagbag.py:536} INFO - Filling up the DagBag from /home/airflow/.local/lib/python3.10/site-packages/airflow/example_dags/example_external_task_marker_dag.py
[2025-01-15T21:57:54.724+0000] {processor.py:839} INFO - DAG(s) dict_keys(['example_external_task_marker_child', 'example_external_task_marker_parent']) retrieved from /home/airflow/.local/lib/python3.10/site-packages/airflow/example_dags/example_external_task_marker_dag.py
[2025-01-15T21:57:54.745+0000] {logging_mixin.py:154} INFO - [2025-01-15T21:57:54.744+0000] {dag.py:2941} INFO - Sync 2 DAGs
[2025-01-15T21:57:54.896+0000] {logging_mixin.py:154} INFO - [2025-01-15T21:57:54.896+0000] {dag.py:3722} INFO - Setting next_dagrun for example_external_task_marker_child to None, run_after=None
[2025-01-15T21:57:54.899+0000] {logging_mixin.py:154} INFO - [2025-01-15T21:57:54.899+0000] {dag.py:3722} INFO - Setting next_dagrun for example_external_task_marker_parent to None, run_after=None
[2025-01-15T21:57:54.914+0000] {processor.py:179} INFO - Processing /home/airflow/.local/lib/python3.10/site-packages/airflow/example_dags/example_external_task_marker_dag.py took 0.200 seconds
[2025-01-15T21:58:25.137+0000] {processor.py:157} INFO - Started process (PID=1161) to work on /home/airflow/.local/lib/python3.10/site-packages/airflow/example_dags/example_external_task_marker_dag.py
[2025-01-15T21:58:25.138+0000] {processor.py:829} INFO - Processing file /home/airflow/.local/lib/python3.10/site-packages/airflow/example_dags/example_external_task_marker_dag.py for tasks to queue
[2025-01-15T21:58:25.140+0000] {logging_mixin.py:154} INFO - [2025-01-15T21:58:25.140+0000] {dagbag.py:536} INFO - Filling up the DagBag from /home/airflow/.local/lib/python3.10/site-packages/airflow/example_dags/example_external_task_marker_dag.py
[2025-01-15T21:58:25.145+0000] {processor.py:839} INFO - DAG(s) dict_keys(['example_external_task_marker_child', 'example_external_task_marker_parent']) retrieved from /home/airflow/.local/lib/python3.10/site-packages/airflow/example_dags/example_external_task_marker_dag.py
[2025-01-15T21:58:25.168+0000] {logging_mixin.py:154} INFO - [2025-01-15T21:58:25.168+0000] {dag.py:2941} INFO - Sync 2 DAGs
[2025-01-15T21:58:25.180+0000] {logging_mixin.py:154} INFO - [2025-01-15T21:58:25.180+0000] {dag.py:3722} INFO - Setting next_dagrun for example_external_task_marker_child to None, run_after=None
[2025-01-15T21:58:25.183+0000] {logging_mixin.py:154} INFO - [2025-01-15T21:58:25.183+0000] {dag.py:3722} INFO - Setting next_dagrun for example_external_task_marker_parent to None, run_after=None
[2025-01-15T21:58:25.197+0000] {processor.py:179} INFO - Processing /home/airflow/.local/lib/python3.10/site-packages/airflow/example_dags/example_external_task_marker_dag.py took 0.062 seconds
[2025-01-15T21:58:55.228+0000] {processor.py:157} INFO - Started process (PID=1217) to work on /home/airflow/.local/lib/python3.10/site-packages/airflow/example_dags/example_external_task_marker_dag.py
[2025-01-15T21:58:55.229+0000] {processor.py:829} INFO - Processing file /home/airflow/.local/lib/python3.10/site-packages/airflow/example_dags/example_external_task_marker_dag.py for tasks to queue
[2025-01-15T21:58:55.231+0000] {logging_mixin.py:154} INFO - [2025-01-15T21:58:55.231+0000] {dagbag.py:536} INFO - Filling up the DagBag from /home/airflow/.local/lib/python3.10/site-packages/airflow/example_dags/example_external_task_marker_dag.py
[2025-01-15T21:58:55.237+0000] {processor.py:839} INFO - DAG(s) dict_keys(['example_external_task_marker_child', 'example_external_task_marker_parent']) retrieved from /home/airflow/.local/lib/python3.10/site-packages/airflow/example_dags/example_external_task_marker_dag.py
[2025-01-15T21:58:55.262+0000] {logging_mixin.py:154} INFO - [2025-01-15T21:58:55.261+0000] {dag.py:2941} INFO - Sync 2 DAGs
[2025-01-15T21:58:55.274+0000] {logging_mixin.py:154} INFO - [2025-01-15T21:58:55.273+0000] {dag.py:3722} INFO - Setting next_dagrun for example_external_task_marker_child to None, run_after=None
[2025-01-15T21:58:55.277+0000] {logging_mixin.py:154} INFO - [2025-01-15T21:58:55.277+0000] {dag.py:3722} INFO - Setting next_dagrun for example_external_task_marker_parent to None, run_after=None
[2025-01-15T21:58:55.292+0000] {processor.py:179} INFO - Processing /home/airflow/.local/lib/python3.10/site-packages/airflow/example_dags/example_external_task_marker_dag.py took 0.067 seconds
[2025-01-15T21:59:26.725+0000] {processor.py:157} INFO - Started process (PID=1273) to work on /home/airflow/.local/lib/python3.10/site-packages/airflow/example_dags/example_external_task_marker_dag.py
[2025-01-15T21:59:26.726+0000] {processor.py:829} INFO - Processing file /home/airflow/.local/lib/python3.10/site-packages/airflow/example_dags/example_external_task_marker_dag.py for tasks to queue
[2025-01-15T21:59:26.728+0000] {logging_mixin.py:154} INFO - [2025-01-15T21:59:26.728+0000] {dagbag.py:536} INFO - Filling up the DagBag from /home/airflow/.local/lib/python3.10/site-packages/airflow/example_dags/example_external_task_marker_dag.py
[2025-01-15T21:59:26.734+0000] {processor.py:839} INFO - DAG(s) dict_keys(['example_external_task_marker_child', 'example_external_task_marker_parent']) retrieved from /home/airflow/.local/lib/python3.10/site-packages/airflow/example_dags/example_external_task_marker_dag.py
[2025-01-15T21:59:26.757+0000] {logging_mixin.py:154} INFO - [2025-01-15T21:59:26.757+0000] {dag.py:2941} INFO - Sync 2 DAGs
[2025-01-15T21:59:26.911+0000] {logging_mixin.py:154} INFO - [2025-01-15T21:59:26.911+0000] {dag.py:3722} INFO - Setting next_dagrun for example_external_task_marker_child to None, run_after=None
[2025-01-15T21:59:26.914+0000] {logging_mixin.py:154} INFO - [2025-01-15T21:59:26.914+0000] {dag.py:3722} INFO - Setting next_dagrun for example_external_task_marker_parent to None, run_after=None
[2025-01-15T21:59:26.927+0000] {processor.py:179} INFO - Processing /home/airflow/.local/lib/python3.10/site-packages/airflow/example_dags/example_external_task_marker_dag.py took 0.205 seconds
[2025-01-15T21:59:57.140+0000] {processor.py:157} INFO - Started process (PID=1329) to work on /home/airflow/.local/lib/python3.10/site-packages/airflow/example_dags/example_external_task_marker_dag.py
[2025-01-15T21:59:57.141+0000] {processor.py:829} INFO - Processing file /home/airflow/.local/lib/python3.10/site-packages/airflow/example_dags/example_external_task_marker_dag.py for tasks to queue
[2025-01-15T21:59:57.143+0000] {logging_mixin.py:154} INFO - [2025-01-15T21:59:57.142+0000] {dagbag.py:536} INFO - Filling up the DagBag from /home/airflow/.local/lib/python3.10/site-packages/airflow/example_dags/example_external_task_marker_dag.py
[2025-01-15T21:59:57.147+0000] {processor.py:839} INFO - DAG(s) dict_keys(['example_external_task_marker_parent', 'example_external_task_marker_child']) retrieved from /home/airflow/.local/lib/python3.10/site-packages/airflow/example_dags/example_external_task_marker_dag.py
[2025-01-15T21:59:57.167+0000] {logging_mixin.py:154} INFO - [2025-01-15T21:59:57.167+0000] {dag.py:2941} INFO - Sync 2 DAGs
[2025-01-15T21:59:57.179+0000] {logging_mixin.py:154} INFO - [2025-01-15T21:59:57.178+0000] {dag.py:3722} INFO - Setting next_dagrun for example_external_task_marker_child to None, run_after=None
[2025-01-15T21:59:57.182+0000] {logging_mixin.py:154} INFO - [2025-01-15T21:59:57.182+0000] {dag.py:3722} INFO - Setting next_dagrun for example_external_task_marker_parent to None, run_after=None
[2025-01-15T21:59:57.199+0000] {processor.py:179} INFO - Processing /home/airflow/.local/lib/python3.10/site-packages/airflow/example_dags/example_external_task_marker_dag.py took 0.062 seconds
[2025-01-15T22:00:27.752+0000] {processor.py:157} INFO - Started process (PID=1385) to work on /home/airflow/.local/lib/python3.10/site-packages/airflow/example_dags/example_external_task_marker_dag.py
[2025-01-15T22:00:27.753+0000] {processor.py:829} INFO - Processing file /home/airflow/.local/lib/python3.10/site-packages/airflow/example_dags/example_external_task_marker_dag.py for tasks to queue
[2025-01-15T22:00:27.755+0000] {logging_mixin.py:154} INFO - [2025-01-15T22:00:27.755+0000] {dagbag.py:536} INFO - Filling up the DagBag from /home/airflow/.local/lib/python3.10/site-packages/airflow/example_dags/example_external_task_marker_dag.py
[2025-01-15T22:00:27.760+0000] {processor.py:839} INFO - DAG(s) dict_keys(['example_external_task_marker_child', 'example_external_task_marker_parent']) retrieved from /home/airflow/.local/lib/python3.10/site-packages/airflow/example_dags/example_external_task_marker_dag.py
[2025-01-15T22:00:27.783+0000] {logging_mixin.py:154} INFO - [2025-01-15T22:00:27.783+0000] {dag.py:2941} INFO - Sync 2 DAGs
[2025-01-15T22:00:27.796+0000] {logging_mixin.py:154} INFO - [2025-01-15T22:00:27.796+0000] {dag.py:3722} INFO - Setting next_dagrun for example_external_task_marker_child to None, run_after=None
[2025-01-15T22:00:27.800+0000] {logging_mixin.py:154} INFO - [2025-01-15T22:00:27.799+0000] {dag.py:3722} INFO - Setting next_dagrun for example_external_task_marker_parent to None, run_after=None
[2025-01-15T22:00:27.814+0000] {processor.py:179} INFO - Processing /home/airflow/.local/lib/python3.10/site-packages/airflow/example_dags/example_external_task_marker_dag.py took 0.065 seconds
[2025-01-15T22:00:59.445+0000] {processor.py:157} INFO - Started process (PID=1441) to work on /home/airflow/.local/lib/python3.10/site-packages/airflow/example_dags/example_external_task_marker_dag.py
[2025-01-15T22:00:59.446+0000] {processor.py:829} INFO - Processing file /home/airflow/.local/lib/python3.10/site-packages/airflow/example_dags/example_external_task_marker_dag.py for tasks to queue
[2025-01-15T22:00:59.448+0000] {logging_mixin.py:154} INFO - [2025-01-15T22:00:59.448+0000] {dagbag.py:536} INFO - Filling up the DagBag from /home/airflow/.local/lib/python3.10/site-packages/airflow/example_dags/example_external_task_marker_dag.py
[2025-01-15T22:00:59.453+0000] {processor.py:839} INFO - DAG(s) dict_keys(['example_external_task_marker_parent', 'example_external_task_marker_child']) retrieved from /home/airflow/.local/lib/python3.10/site-packages/airflow/example_dags/example_external_task_marker_dag.py
[2025-01-15T22:00:59.476+0000] {logging_mixin.py:154} INFO - [2025-01-15T22:00:59.476+0000] {dag.py:2941} INFO - Sync 2 DAGs
[2025-01-15T22:00:59.626+0000] {logging_mixin.py:154} INFO - [2025-01-15T22:00:59.626+0000] {dag.py:3722} INFO - Setting next_dagrun for example_external_task_marker_child to None, run_after=None
[2025-01-15T22:00:59.630+0000] {logging_mixin.py:154} INFO - [2025-01-15T22:00:59.629+0000] {dag.py:3722} INFO - Setting next_dagrun for example_external_task_marker_parent to None, run_after=None
[2025-01-15T22:00:59.642+0000] {processor.py:179} INFO - Processing /home/airflow/.local/lib/python3.10/site-packages/airflow/example_dags/example_external_task_marker_dag.py took 0.200 seconds
[2025-01-15T22:01:29.736+0000] {processor.py:157} INFO - Started process (PID=1497) to work on /home/airflow/.local/lib/python3.10/site-packages/airflow/example_dags/example_external_task_marker_dag.py
[2025-01-15T22:01:29.737+0000] {processor.py:829} INFO - Processing file /home/airflow/.local/lib/python3.10/site-packages/airflow/example_dags/example_external_task_marker_dag.py for tasks to queue
[2025-01-15T22:01:29.739+0000] {logging_mixin.py:154} INFO - [2025-01-15T22:01:29.739+0000] {dagbag.py:536} INFO - Filling up the DagBag from /home/airflow/.local/lib/python3.10/site-packages/airflow/example_dags/example_external_task_marker_dag.py
[2025-01-15T22:01:29.744+0000] {processor.py:839} INFO - DAG(s) dict_keys(['example_external_task_marker_parent', 'example_external_task_marker_child']) retrieved from /home/airflow/.local/lib/python3.10/site-packages/airflow/example_dags/example_external_task_marker_dag.py
[2025-01-15T22:01:29.768+0000] {logging_mixin.py:154} INFO - [2025-01-15T22:01:29.768+0000] {dag.py:2941} INFO - Sync 2 DAGs
[2025-01-15T22:01:29.779+0000] {logging_mixin.py:154} INFO - [2025-01-15T22:01:29.779+0000] {dag.py:3722} INFO - Setting next_dagrun for example_external_task_marker_child to None, run_after=None
[2025-01-15T22:01:29.782+0000] {logging_mixin.py:154} INFO - [2025-01-15T22:01:29.782+0000] {dag.py:3722} INFO - Setting next_dagrun for example_external_task_marker_parent to None, run_after=None
[2025-01-15T22:01:29.797+0000] {processor.py:179} INFO - Processing /home/airflow/.local/lib/python3.10/site-packages/airflow/example_dags/example_external_task_marker_dag.py took 0.064 seconds
[2025-01-15T22:02:00.728+0000] {processor.py:157} INFO - Started process (PID=1553) to work on /home/airflow/.local/lib/python3.10/site-packages/airflow/example_dags/example_external_task_marker_dag.py
[2025-01-15T22:02:00.729+0000] {processor.py:829} INFO - Processing file /home/airflow/.local/lib/python3.10/site-packages/airflow/example_dags/example_external_task_marker_dag.py for tasks to queue
[2025-01-15T22:02:00.731+0000] {logging_mixin.py:154} INFO - [2025-01-15T22:02:00.730+0000] {dagbag.py:536} INFO - Filling up the DagBag from /home/airflow/.local/lib/python3.10/site-packages/airflow/example_dags/example_external_task_marker_dag.py
[2025-01-15T22:02:00.736+0000] {processor.py:839} INFO - DAG(s) dict_keys(['example_external_task_marker_child', 'example_external_task_marker_parent']) retrieved from /home/airflow/.local/lib/python3.10/site-packages/airflow/example_dags/example_external_task_marker_dag.py
[2025-01-15T22:02:00.756+0000] {logging_mixin.py:154} INFO - [2025-01-15T22:02:00.756+0000] {dag.py:2941} INFO - Sync 2 DAGs
[2025-01-15T22:02:00.768+0000] {logging_mixin.py:154} INFO - [2025-01-15T22:02:00.768+0000] {dag.py:3722} INFO - Setting next_dagrun for example_external_task_marker_child to None, run_after=None
[2025-01-15T22:02:00.771+0000] {logging_mixin.py:154} INFO - [2025-01-15T22:02:00.771+0000] {dag.py:3722} INFO - Setting next_dagrun for example_external_task_marker_parent to None, run_after=None
[2025-01-15T22:02:00.784+0000] {processor.py:179} INFO - Processing /home/airflow/.local/lib/python3.10/site-packages/airflow/example_dags/example_external_task_marker_dag.py took 0.059 seconds
[2025-01-15T22:02:31.258+0000] {processor.py:157} INFO - Started process (PID=1616) to work on /home/airflow/.local/lib/python3.10/site-packages/airflow/example_dags/example_external_task_marker_dag.py
[2025-01-15T22:02:31.259+0000] {processor.py:829} INFO - Processing file /home/airflow/.local/lib/python3.10/site-packages/airflow/example_dags/example_external_task_marker_dag.py for tasks to queue
[2025-01-15T22:02:31.261+0000] {logging_mixin.py:154} INFO - [2025-01-15T22:02:31.261+0000] {dagbag.py:536} INFO - Filling up the DagBag from /home/airflow/.local/lib/python3.10/site-packages/airflow/example_dags/example_external_task_marker_dag.py
[2025-01-15T22:02:31.267+0000] {processor.py:839} INFO - DAG(s) dict_keys(['example_external_task_marker_parent', 'example_external_task_marker_child']) retrieved from /home/airflow/.local/lib/python3.10/site-packages/airflow/example_dags/example_external_task_marker_dag.py
[2025-01-15T22:02:31.292+0000] {logging_mixin.py:154} INFO - [2025-01-15T22:02:31.291+0000] {dag.py:2941} INFO - Sync 2 DAGs
[2025-01-15T22:02:31.442+0000] {logging_mixin.py:154} INFO - [2025-01-15T22:02:31.442+0000] {dag.py:3722} INFO - Setting next_dagrun for example_external_task_marker_child to None, run_after=None
[2025-01-15T22:02:31.445+0000] {logging_mixin.py:154} INFO - [2025-01-15T22:02:31.445+0000] {dag.py:3722} INFO - Setting next_dagrun for example_external_task_marker_parent to None, run_after=None
[2025-01-15T22:02:31.458+0000] {processor.py:179} INFO - Processing /home/airflow/.local/lib/python3.10/site-packages/airflow/example_dags/example_external_task_marker_dag.py took 0.203 seconds
[2025-01-15T22:04:09.073+0000] {processor.py:157} INFO - Started process (PID=89) to work on /home/airflow/.local/lib/python3.10/site-packages/airflow/example_dags/example_external_task_marker_dag.py
[2025-01-15T22:04:09.074+0000] {processor.py:829} INFO - Processing file /home/airflow/.local/lib/python3.10/site-packages/airflow/example_dags/example_external_task_marker_dag.py for tasks to queue
[2025-01-15T22:04:09.076+0000] {logging_mixin.py:154} INFO - [2025-01-15T22:04:09.076+0000] {dagbag.py:536} INFO - Filling up the DagBag from /home/airflow/.local/lib/python3.10/site-packages/airflow/example_dags/example_external_task_marker_dag.py
[2025-01-15T22:04:09.082+0000] {processor.py:839} INFO - DAG(s) dict_keys(['example_external_task_marker_child', 'example_external_task_marker_parent']) retrieved from /home/airflow/.local/lib/python3.10/site-packages/airflow/example_dags/example_external_task_marker_dag.py
[2025-01-15T22:04:09.096+0000] {logging_mixin.py:154} INFO - [2025-01-15T22:04:09.096+0000] {dag.py:2941} INFO - Sync 2 DAGs
[2025-01-15T22:04:09.115+0000] {logging_mixin.py:154} INFO - [2025-01-15T22:04:09.114+0000] {dag.py:3722} INFO - Setting next_dagrun for example_external_task_marker_child to None, run_after=None
[2025-01-15T22:04:09.121+0000] {logging_mixin.py:154} INFO - [2025-01-15T22:04:09.120+0000] {dag.py:3722} INFO - Setting next_dagrun for example_external_task_marker_parent to None, run_after=None
[2025-01-15T22:04:09.143+0000] {processor.py:179} INFO - Processing /home/airflow/.local/lib/python3.10/site-packages/airflow/example_dags/example_external_task_marker_dag.py took 0.073 seconds
[2025-01-15T22:04:40.330+0000] {processor.py:157} INFO - Started process (PID=145) to work on /home/airflow/.local/lib/python3.10/site-packages/airflow/example_dags/example_external_task_marker_dag.py
[2025-01-15T22:04:40.331+0000] {processor.py:829} INFO - Processing file /home/airflow/.local/lib/python3.10/site-packages/airflow/example_dags/example_external_task_marker_dag.py for tasks to queue
[2025-01-15T22:04:40.333+0000] {logging_mixin.py:154} INFO - [2025-01-15T22:04:40.332+0000] {dagbag.py:536} INFO - Filling up the DagBag from /home/airflow/.local/lib/python3.10/site-packages/airflow/example_dags/example_external_task_marker_dag.py
[2025-01-15T22:04:40.338+0000] {processor.py:839} INFO - DAG(s) dict_keys(['example_external_task_marker_child', 'example_external_task_marker_parent']) retrieved from /home/airflow/.local/lib/python3.10/site-packages/airflow/example_dags/example_external_task_marker_dag.py
[2025-01-15T22:04:40.362+0000] {logging_mixin.py:154} INFO - [2025-01-15T22:04:40.362+0000] {dag.py:2941} INFO - Sync 2 DAGs
[2025-01-15T22:04:40.375+0000] {logging_mixin.py:154} INFO - [2025-01-15T22:04:40.374+0000] {dag.py:3722} INFO - Setting next_dagrun for example_external_task_marker_child to None, run_after=None
[2025-01-15T22:04:40.378+0000] {logging_mixin.py:154} INFO - [2025-01-15T22:04:40.378+0000] {dag.py:3722} INFO - Setting next_dagrun for example_external_task_marker_parent to None, run_after=None
[2025-01-15T22:04:40.396+0000] {processor.py:179} INFO - Processing /home/airflow/.local/lib/python3.10/site-packages/airflow/example_dags/example_external_task_marker_dag.py took 0.070 seconds
[2025-01-15T22:05:11.454+0000] {processor.py:157} INFO - Started process (PID=201) to work on /home/airflow/.local/lib/python3.10/site-packages/airflow/example_dags/example_external_task_marker_dag.py
[2025-01-15T22:05:11.455+0000] {processor.py:829} INFO - Processing file /home/airflow/.local/lib/python3.10/site-packages/airflow/example_dags/example_external_task_marker_dag.py for tasks to queue
[2025-01-15T22:05:11.457+0000] {logging_mixin.py:154} INFO - [2025-01-15T22:05:11.457+0000] {dagbag.py:536} INFO - Filling up the DagBag from /home/airflow/.local/lib/python3.10/site-packages/airflow/example_dags/example_external_task_marker_dag.py
[2025-01-15T22:05:11.463+0000] {processor.py:839} INFO - DAG(s) dict_keys(['example_external_task_marker_child', 'example_external_task_marker_parent']) retrieved from /home/airflow/.local/lib/python3.10/site-packages/airflow/example_dags/example_external_task_marker_dag.py
[2025-01-15T22:05:11.484+0000] {logging_mixin.py:154} INFO - [2025-01-15T22:05:11.484+0000] {dag.py:2941} INFO - Sync 2 DAGs
[2025-01-15T22:05:11.496+0000] {logging_mixin.py:154} INFO - [2025-01-15T22:05:11.496+0000] {dag.py:3722} INFO - Setting next_dagrun for example_external_task_marker_child to None, run_after=None
[2025-01-15T22:05:11.500+0000] {logging_mixin.py:154} INFO - [2025-01-15T22:05:11.499+0000] {dag.py:3722} INFO - Setting next_dagrun for example_external_task_marker_parent to None, run_after=None
[2025-01-15T22:05:11.516+0000] {processor.py:179} INFO - Processing /home/airflow/.local/lib/python3.10/site-packages/airflow/example_dags/example_external_task_marker_dag.py took 0.065 seconds
[2025-01-15T22:05:42.035+0000] {processor.py:157} INFO - Started process (PID=257) to work on /home/airflow/.local/lib/python3.10/site-packages/airflow/example_dags/example_external_task_marker_dag.py
[2025-01-15T22:05:42.036+0000] {processor.py:829} INFO - Processing file /home/airflow/.local/lib/python3.10/site-packages/airflow/example_dags/example_external_task_marker_dag.py for tasks to queue
[2025-01-15T22:05:42.039+0000] {logging_mixin.py:154} INFO - [2025-01-15T22:05:42.039+0000] {dagbag.py:536} INFO - Filling up the DagBag from /home/airflow/.local/lib/python3.10/site-packages/airflow/example_dags/example_external_task_marker_dag.py
[2025-01-15T22:05:42.044+0000] {processor.py:839} INFO - DAG(s) dict_keys(['example_external_task_marker_parent', 'example_external_task_marker_child']) retrieved from /home/airflow/.local/lib/python3.10/site-packages/airflow/example_dags/example_external_task_marker_dag.py
[2025-01-15T22:05:42.067+0000] {logging_mixin.py:154} INFO - [2025-01-15T22:05:42.067+0000] {dag.py:2941} INFO - Sync 2 DAGs
[2025-01-15T22:05:42.079+0000] {logging_mixin.py:154} INFO - [2025-01-15T22:05:42.079+0000] {dag.py:3722} INFO - Setting next_dagrun for example_external_task_marker_child to None, run_after=None
[2025-01-15T22:05:42.082+0000] {logging_mixin.py:154} INFO - [2025-01-15T22:05:42.082+0000] {dag.py:3722} INFO - Setting next_dagrun for example_external_task_marker_parent to None, run_after=None
[2025-01-15T22:05:42.099+0000] {processor.py:179} INFO - Processing /home/airflow/.local/lib/python3.10/site-packages/airflow/example_dags/example_external_task_marker_dag.py took 0.067 seconds
[2025-01-15T22:06:12.710+0000] {processor.py:157} INFO - Started process (PID=313) to work on /home/airflow/.local/lib/python3.10/site-packages/airflow/example_dags/example_external_task_marker_dag.py
[2025-01-15T22:06:12.711+0000] {processor.py:829} INFO - Processing file /home/airflow/.local/lib/python3.10/site-packages/airflow/example_dags/example_external_task_marker_dag.py for tasks to queue
[2025-01-15T22:06:12.713+0000] {logging_mixin.py:154} INFO - [2025-01-15T22:06:12.712+0000] {dagbag.py:536} INFO - Filling up the DagBag from /home/airflow/.local/lib/python3.10/site-packages/airflow/example_dags/example_external_task_marker_dag.py
[2025-01-15T22:06:12.718+0000] {processor.py:839} INFO - DAG(s) dict_keys(['example_external_task_marker_parent', 'example_external_task_marker_child']) retrieved from /home/airflow/.local/lib/python3.10/site-packages/airflow/example_dags/example_external_task_marker_dag.py
[2025-01-15T22:06:12.740+0000] {logging_mixin.py:154} INFO - [2025-01-15T22:06:12.739+0000] {dag.py:2941} INFO - Sync 2 DAGs
[2025-01-15T22:06:12.752+0000] {logging_mixin.py:154} INFO - [2025-01-15T22:06:12.751+0000] {dag.py:3722} INFO - Setting next_dagrun for example_external_task_marker_child to None, run_after=None
[2025-01-15T22:06:12.755+0000] {logging_mixin.py:154} INFO - [2025-01-15T22:06:12.755+0000] {dag.py:3722} INFO - Setting next_dagrun for example_external_task_marker_parent to None, run_after=None
[2025-01-15T22:06:12.770+0000] {processor.py:179} INFO - Processing /home/airflow/.local/lib/python3.10/site-packages/airflow/example_dags/example_external_task_marker_dag.py took 0.063 seconds
[2025-01-15T22:06:43.427+0000] {processor.py:157} INFO - Started process (PID=369) to work on /home/airflow/.local/lib/python3.10/site-packages/airflow/example_dags/example_external_task_marker_dag.py
[2025-01-15T22:06:43.428+0000] {processor.py:829} INFO - Processing file /home/airflow/.local/lib/python3.10/site-packages/airflow/example_dags/example_external_task_marker_dag.py for tasks to queue
[2025-01-15T22:06:43.434+0000] {logging_mixin.py:154} INFO - [2025-01-15T22:06:43.433+0000] {dagbag.py:536} INFO - Filling up the DagBag from /home/airflow/.local/lib/python3.10/site-packages/airflow/example_dags/example_external_task_marker_dag.py
[2025-01-15T22:06:43.442+0000] {processor.py:839} INFO - DAG(s) dict_keys(['example_external_task_marker_parent', 'example_external_task_marker_child']) retrieved from /home/airflow/.local/lib/python3.10/site-packages/airflow/example_dags/example_external_task_marker_dag.py
[2025-01-15T22:06:43.474+0000] {logging_mixin.py:154} INFO - [2025-01-15T22:06:43.473+0000] {dag.py:2941} INFO - Sync 2 DAGs
[2025-01-15T22:06:43.486+0000] {logging_mixin.py:154} INFO - [2025-01-15T22:06:43.486+0000] {dag.py:3722} INFO - Setting next_dagrun for example_external_task_marker_child to None, run_after=None
[2025-01-15T22:06:43.490+0000] {logging_mixin.py:154} INFO - [2025-01-15T22:06:43.490+0000] {dag.py:3722} INFO - Setting next_dagrun for example_external_task_marker_parent to None, run_after=None
[2025-01-15T22:06:43.507+0000] {processor.py:179} INFO - Processing /home/airflow/.local/lib/python3.10/site-packages/airflow/example_dags/example_external_task_marker_dag.py took 0.082 seconds
[2025-01-15T22:07:13.996+0000] {processor.py:157} INFO - Started process (PID=425) to work on /home/airflow/.local/lib/python3.10/site-packages/airflow/example_dags/example_external_task_marker_dag.py
[2025-01-15T22:07:13.997+0000] {processor.py:829} INFO - Processing file /home/airflow/.local/lib/python3.10/site-packages/airflow/example_dags/example_external_task_marker_dag.py for tasks to queue
[2025-01-15T22:07:13.999+0000] {logging_mixin.py:154} INFO - [2025-01-15T22:07:13.999+0000] {dagbag.py:536} INFO - Filling up the DagBag from /home/airflow/.local/lib/python3.10/site-packages/airflow/example_dags/example_external_task_marker_dag.py
[2025-01-15T22:07:14.005+0000] {processor.py:839} INFO - DAG(s) dict_keys(['example_external_task_marker_parent', 'example_external_task_marker_child']) retrieved from /home/airflow/.local/lib/python3.10/site-packages/airflow/example_dags/example_external_task_marker_dag.py
[2025-01-15T22:07:14.029+0000] {logging_mixin.py:154} INFO - [2025-01-15T22:07:14.029+0000] {dag.py:2941} INFO - Sync 2 DAGs
[2025-01-15T22:07:14.045+0000] {logging_mixin.py:154} INFO - [2025-01-15T22:07:14.044+0000] {dag.py:3722} INFO - Setting next_dagrun for example_external_task_marker_child to None, run_after=None
[2025-01-15T22:07:14.049+0000] {logging_mixin.py:154} INFO - [2025-01-15T22:07:14.049+0000] {dag.py:3722} INFO - Setting next_dagrun for example_external_task_marker_parent to None, run_after=None
[2025-01-15T22:07:14.071+0000] {processor.py:179} INFO - Processing /home/airflow/.local/lib/python3.10/site-packages/airflow/example_dags/example_external_task_marker_dag.py took 0.078 seconds
[2025-01-15T22:08:34.330+0000] {processor.py:157} INFO - Started process (PID=91) to work on /home/airflow/.local/lib/python3.10/site-packages/airflow/example_dags/example_external_task_marker_dag.py
[2025-01-15T22:08:34.331+0000] {processor.py:829} INFO - Processing file /home/airflow/.local/lib/python3.10/site-packages/airflow/example_dags/example_external_task_marker_dag.py for tasks to queue
[2025-01-15T22:08:34.333+0000] {logging_mixin.py:154} INFO - [2025-01-15T22:08:34.333+0000] {dagbag.py:536} INFO - Filling up the DagBag from /home/airflow/.local/lib/python3.10/site-packages/airflow/example_dags/example_external_task_marker_dag.py
[2025-01-15T22:08:34.339+0000] {processor.py:839} INFO - DAG(s) dict_keys(['example_external_task_marker_parent', 'example_external_task_marker_child']) retrieved from /home/airflow/.local/lib/python3.10/site-packages/airflow/example_dags/example_external_task_marker_dag.py
[2025-01-15T22:08:34.352+0000] {logging_mixin.py:154} INFO - [2025-01-15T22:08:34.352+0000] {dag.py:2941} INFO - Sync 2 DAGs
[2025-01-15T22:08:34.366+0000] {logging_mixin.py:154} INFO - [2025-01-15T22:08:34.365+0000] {dag.py:3722} INFO - Setting next_dagrun for example_external_task_marker_child to None, run_after=None
[2025-01-15T22:08:34.370+0000] {logging_mixin.py:154} INFO - [2025-01-15T22:08:34.369+0000] {dag.py:3722} INFO - Setting next_dagrun for example_external_task_marker_parent to None, run_after=None
[2025-01-15T22:08:34.387+0000] {processor.py:179} INFO - Processing /home/airflow/.local/lib/python3.10/site-packages/airflow/example_dags/example_external_task_marker_dag.py took 0.061 seconds
[2025-01-15T22:09:06.445+0000] {processor.py:157} INFO - Started process (PID=147) to work on /home/airflow/.local/lib/python3.10/site-packages/airflow/example_dags/example_external_task_marker_dag.py
[2025-01-15T22:09:06.446+0000] {processor.py:829} INFO - Processing file /home/airflow/.local/lib/python3.10/site-packages/airflow/example_dags/example_external_task_marker_dag.py for tasks to queue
[2025-01-15T22:09:06.449+0000] {logging_mixin.py:154} INFO - [2025-01-15T22:09:06.448+0000] {dagbag.py:536} INFO - Filling up the DagBag from /home/airflow/.local/lib/python3.10/site-packages/airflow/example_dags/example_external_task_marker_dag.py
[2025-01-15T22:09:06.456+0000] {processor.py:839} INFO - DAG(s) dict_keys(['example_external_task_marker_parent', 'example_external_task_marker_child']) retrieved from /home/airflow/.local/lib/python3.10/site-packages/airflow/example_dags/example_external_task_marker_dag.py
[2025-01-15T22:09:06.486+0000] {logging_mixin.py:154} INFO - [2025-01-15T22:09:06.486+0000] {dag.py:2941} INFO - Sync 2 DAGs
[2025-01-15T22:09:06.501+0000] {logging_mixin.py:154} INFO - [2025-01-15T22:09:06.500+0000] {dag.py:3722} INFO - Setting next_dagrun for example_external_task_marker_child to None, run_after=None
[2025-01-15T22:09:06.505+0000] {logging_mixin.py:154} INFO - [2025-01-15T22:09:06.505+0000] {dag.py:3722} INFO - Setting next_dagrun for example_external_task_marker_parent to None, run_after=None
[2025-01-15T22:09:06.527+0000] {processor.py:179} INFO - Processing /home/airflow/.local/lib/python3.10/site-packages/airflow/example_dags/example_external_task_marker_dag.py took 0.085 seconds
