[2025-01-15T21:47:55.452+0000] {processor.py:157} INFO - Started process (PID=54) to work on /home/airflow/.local/lib/python3.10/site-packages/airflow/example_dags/example_sla_dag.py
[2025-01-15T21:47:55.455+0000] {processor.py:829} INFO - Processing file /home/airflow/.local/lib/python3.10/site-packages/airflow/example_dags/example_sla_dag.py for tasks to queue
[2025-01-15T21:47:55.468+0000] {logging_mixin.py:154} INFO - [2025-01-15T21:47:55.467+0000] {dagbag.py:536} INFO - Filling up the DagBag from /home/airflow/.local/lib/python3.10/site-packages/airflow/example_dags/example_sla_dag.py
[2025-01-15T21:47:55.496+0000] {processor.py:839} INFO - DAG(s) dict_keys(['example_sla_dag']) retrieved from /home/airflow/.local/lib/python3.10/site-packages/airflow/example_dags/example_sla_dag.py
[2025-01-15T21:47:55.545+0000] {logging_mixin.py:154} INFO - [2025-01-15T21:47:55.544+0000] {dag.py:2941} INFO - Sync 1 DAGs
[2025-01-15T21:47:55.597+0000] {logging_mixin.py:154} INFO - [2025-01-15T21:47:55.597+0000] {dag.py:3722} INFO - Setting next_dagrun for example_sla_dag to 2025-01-15T21:44:00+00:00, run_after=2025-01-15T21:46:00+00:00
[2025-01-15T21:47:55.625+0000] {processor.py:179} INFO - Processing /home/airflow/.local/lib/python3.10/site-packages/airflow/example_dags/example_sla_dag.py took 0.185 seconds
[2025-01-15T21:48:37.357+0000] {processor.py:157} INFO - Started process (PID=61) to work on /home/airflow/.local/lib/python3.10/site-packages/airflow/example_dags/example_sla_dag.py
[2025-01-15T21:48:37.359+0000] {processor.py:829} INFO - Processing file /home/airflow/.local/lib/python3.10/site-packages/airflow/example_dags/example_sla_dag.py for tasks to queue
[2025-01-15T21:48:37.363+0000] {logging_mixin.py:154} INFO - [2025-01-15T21:48:37.363+0000] {dagbag.py:536} INFO - Filling up the DagBag from /home/airflow/.local/lib/python3.10/site-packages/airflow/example_dags/example_sla_dag.py
[2025-01-15T21:48:37.378+0000] {processor.py:839} INFO - DAG(s) dict_keys(['example_sla_dag']) retrieved from /home/airflow/.local/lib/python3.10/site-packages/airflow/example_dags/example_sla_dag.py
[2025-01-15T21:48:37.397+0000] {logging_mixin.py:154} INFO - [2025-01-15T21:48:37.397+0000] {dag.py:2941} INFO - Sync 1 DAGs
[2025-01-15T21:48:37.439+0000] {logging_mixin.py:154} INFO - [2025-01-15T21:48:37.439+0000] {dag.py:3722} INFO - Setting next_dagrun for example_sla_dag to 2025-01-15T21:46:00+00:00, run_after=2025-01-15T21:48:00+00:00
[2025-01-15T21:48:37.470+0000] {processor.py:179} INFO - Processing /home/airflow/.local/lib/python3.10/site-packages/airflow/example_dags/example_sla_dag.py took 0.116 seconds
[2025-01-15T21:49:07.708+0000] {processor.py:157} INFO - Started process (PID=115) to work on /home/airflow/.local/lib/python3.10/site-packages/airflow/example_dags/example_sla_dag.py
[2025-01-15T21:49:07.709+0000] {processor.py:829} INFO - Processing file /home/airflow/.local/lib/python3.10/site-packages/airflow/example_dags/example_sla_dag.py for tasks to queue
[2025-01-15T21:49:07.711+0000] {logging_mixin.py:154} INFO - [2025-01-15T21:49:07.711+0000] {dagbag.py:536} INFO - Filling up the DagBag from /home/airflow/.local/lib/python3.10/site-packages/airflow/example_dags/example_sla_dag.py
[2025-01-15T21:49:07.718+0000] {processor.py:839} INFO - DAG(s) dict_keys(['example_sla_dag']) retrieved from /home/airflow/.local/lib/python3.10/site-packages/airflow/example_dags/example_sla_dag.py
[2025-01-15T21:49:07.736+0000] {logging_mixin.py:154} INFO - [2025-01-15T21:49:07.735+0000] {dag.py:2941} INFO - Sync 1 DAGs
[2025-01-15T21:49:07.761+0000] {logging_mixin.py:154} INFO - [2025-01-15T21:49:07.761+0000] {dag.py:3722} INFO - Setting next_dagrun for example_sla_dag to 2025-01-15T21:46:00+00:00, run_after=2025-01-15T21:48:00+00:00
[2025-01-15T21:49:07.776+0000] {processor.py:179} INFO - Processing /home/airflow/.local/lib/python3.10/site-packages/airflow/example_dags/example_sla_dag.py took 0.071 seconds
[2025-01-15T21:49:38.278+0000] {processor.py:157} INFO - Started process (PID=178) to work on /home/airflow/.local/lib/python3.10/site-packages/airflow/example_dags/example_sla_dag.py
[2025-01-15T21:49:38.279+0000] {processor.py:829} INFO - Processing file /home/airflow/.local/lib/python3.10/site-packages/airflow/example_dags/example_sla_dag.py for tasks to queue
[2025-01-15T21:49:38.281+0000] {logging_mixin.py:154} INFO - [2025-01-15T21:49:38.281+0000] {dagbag.py:536} INFO - Filling up the DagBag from /home/airflow/.local/lib/python3.10/site-packages/airflow/example_dags/example_sla_dag.py
[2025-01-15T21:49:38.289+0000] {processor.py:839} INFO - DAG(s) dict_keys(['example_sla_dag']) retrieved from /home/airflow/.local/lib/python3.10/site-packages/airflow/example_dags/example_sla_dag.py
[2025-01-15T21:49:38.308+0000] {logging_mixin.py:154} INFO - [2025-01-15T21:49:38.308+0000] {dag.py:2941} INFO - Sync 1 DAGs
[2025-01-15T21:49:38.335+0000] {logging_mixin.py:154} INFO - [2025-01-15T21:49:38.335+0000] {dag.py:3722} INFO - Setting next_dagrun for example_sla_dag to 2025-01-15T21:46:00+00:00, run_after=2025-01-15T21:48:00+00:00
[2025-01-15T21:49:38.356+0000] {processor.py:179} INFO - Processing /home/airflow/.local/lib/python3.10/site-packages/airflow/example_dags/example_sla_dag.py took 0.081 seconds
[2025-01-15T21:50:09.032+0000] {processor.py:157} INFO - Started process (PID=233) to work on /home/airflow/.local/lib/python3.10/site-packages/airflow/example_dags/example_sla_dag.py
[2025-01-15T21:50:09.033+0000] {processor.py:829} INFO - Processing file /home/airflow/.local/lib/python3.10/site-packages/airflow/example_dags/example_sla_dag.py for tasks to queue
[2025-01-15T21:50:09.035+0000] {logging_mixin.py:154} INFO - [2025-01-15T21:50:09.035+0000] {dagbag.py:536} INFO - Filling up the DagBag from /home/airflow/.local/lib/python3.10/site-packages/airflow/example_dags/example_sla_dag.py
[2025-01-15T21:50:09.041+0000] {processor.py:839} INFO - DAG(s) dict_keys(['example_sla_dag']) retrieved from /home/airflow/.local/lib/python3.10/site-packages/airflow/example_dags/example_sla_dag.py
[2025-01-15T21:50:09.058+0000] {logging_mixin.py:154} INFO - [2025-01-15T21:50:09.057+0000] {dag.py:2941} INFO - Sync 1 DAGs
[2025-01-15T21:50:09.078+0000] {logging_mixin.py:154} INFO - [2025-01-15T21:50:09.078+0000] {dag.py:3722} INFO - Setting next_dagrun for example_sla_dag to 2025-01-15T21:48:00+00:00, run_after=2025-01-15T21:50:00+00:00
[2025-01-15T21:50:09.094+0000] {processor.py:179} INFO - Processing /home/airflow/.local/lib/python3.10/site-packages/airflow/example_dags/example_sla_dag.py took 0.064 seconds
[2025-01-15T21:50:39.197+0000] {processor.py:157} INFO - Started process (PID=287) to work on /home/airflow/.local/lib/python3.10/site-packages/airflow/example_dags/example_sla_dag.py
[2025-01-15T21:50:39.198+0000] {processor.py:829} INFO - Processing file /home/airflow/.local/lib/python3.10/site-packages/airflow/example_dags/example_sla_dag.py for tasks to queue
[2025-01-15T21:50:39.200+0000] {logging_mixin.py:154} INFO - [2025-01-15T21:50:39.199+0000] {dagbag.py:536} INFO - Filling up the DagBag from /home/airflow/.local/lib/python3.10/site-packages/airflow/example_dags/example_sla_dag.py
[2025-01-15T21:50:39.207+0000] {processor.py:839} INFO - DAG(s) dict_keys(['example_sla_dag']) retrieved from /home/airflow/.local/lib/python3.10/site-packages/airflow/example_dags/example_sla_dag.py
[2025-01-15T21:50:39.228+0000] {logging_mixin.py:154} INFO - [2025-01-15T21:50:39.228+0000] {dag.py:2941} INFO - Sync 1 DAGs
[2025-01-15T21:50:39.260+0000] {logging_mixin.py:154} INFO - [2025-01-15T21:50:39.260+0000] {dag.py:3722} INFO - Setting next_dagrun for example_sla_dag to 2025-01-15T21:48:00+00:00, run_after=2025-01-15T21:50:00+00:00
[2025-01-15T21:50:39.280+0000] {processor.py:179} INFO - Processing /home/airflow/.local/lib/python3.10/site-packages/airflow/example_dags/example_sla_dag.py took 0.086 seconds
[2025-01-15T21:51:09.468+0000] {processor.py:157} INFO - Started process (PID=343) to work on /home/airflow/.local/lib/python3.10/site-packages/airflow/example_dags/example_sla_dag.py
[2025-01-15T21:51:09.469+0000] {processor.py:829} INFO - Processing file /home/airflow/.local/lib/python3.10/site-packages/airflow/example_dags/example_sla_dag.py for tasks to queue
[2025-01-15T21:51:09.472+0000] {logging_mixin.py:154} INFO - [2025-01-15T21:51:09.472+0000] {dagbag.py:536} INFO - Filling up the DagBag from /home/airflow/.local/lib/python3.10/site-packages/airflow/example_dags/example_sla_dag.py
[2025-01-15T21:51:09.481+0000] {processor.py:839} INFO - DAG(s) dict_keys(['example_sla_dag']) retrieved from /home/airflow/.local/lib/python3.10/site-packages/airflow/example_dags/example_sla_dag.py
[2025-01-15T21:51:09.501+0000] {logging_mixin.py:154} INFO - [2025-01-15T21:51:09.500+0000] {dag.py:2941} INFO - Sync 1 DAGs
[2025-01-15T21:51:09.525+0000] {logging_mixin.py:154} INFO - [2025-01-15T21:51:09.525+0000] {dag.py:3722} INFO - Setting next_dagrun for example_sla_dag to 2025-01-15T21:48:00+00:00, run_after=2025-01-15T21:50:00+00:00
[2025-01-15T21:51:09.541+0000] {processor.py:179} INFO - Processing /home/airflow/.local/lib/python3.10/site-packages/airflow/example_dags/example_sla_dag.py took 0.075 seconds
[2025-01-15T21:51:39.858+0000] {processor.py:157} INFO - Started process (PID=399) to work on /home/airflow/.local/lib/python3.10/site-packages/airflow/example_dags/example_sla_dag.py
[2025-01-15T21:51:39.858+0000] {processor.py:829} INFO - Processing file /home/airflow/.local/lib/python3.10/site-packages/airflow/example_dags/example_sla_dag.py for tasks to queue
[2025-01-15T21:51:39.860+0000] {logging_mixin.py:154} INFO - [2025-01-15T21:51:39.860+0000] {dagbag.py:536} INFO - Filling up the DagBag from /home/airflow/.local/lib/python3.10/site-packages/airflow/example_dags/example_sla_dag.py
[2025-01-15T21:51:39.867+0000] {processor.py:839} INFO - DAG(s) dict_keys(['example_sla_dag']) retrieved from /home/airflow/.local/lib/python3.10/site-packages/airflow/example_dags/example_sla_dag.py
[2025-01-15T21:51:39.882+0000] {logging_mixin.py:154} INFO - [2025-01-15T21:51:39.882+0000] {dag.py:2941} INFO - Sync 1 DAGs
[2025-01-15T21:51:39.904+0000] {logging_mixin.py:154} INFO - [2025-01-15T21:51:39.904+0000] {dag.py:3722} INFO - Setting next_dagrun for example_sla_dag to 2025-01-15T21:48:00+00:00, run_after=2025-01-15T21:50:00+00:00
[2025-01-15T21:51:39.919+0000] {processor.py:179} INFO - Processing /home/airflow/.local/lib/python3.10/site-packages/airflow/example_dags/example_sla_dag.py took 0.064 seconds
[2025-01-15T21:52:09.958+0000] {processor.py:157} INFO - Started process (PID=454) to work on /home/airflow/.local/lib/python3.10/site-packages/airflow/example_dags/example_sla_dag.py
[2025-01-15T21:52:09.959+0000] {processor.py:829} INFO - Processing file /home/airflow/.local/lib/python3.10/site-packages/airflow/example_dags/example_sla_dag.py for tasks to queue
[2025-01-15T21:52:09.961+0000] {logging_mixin.py:154} INFO - [2025-01-15T21:52:09.960+0000] {dagbag.py:536} INFO - Filling up the DagBag from /home/airflow/.local/lib/python3.10/site-packages/airflow/example_dags/example_sla_dag.py
[2025-01-15T21:52:09.967+0000] {processor.py:839} INFO - DAG(s) dict_keys(['example_sla_dag']) retrieved from /home/airflow/.local/lib/python3.10/site-packages/airflow/example_dags/example_sla_dag.py
[2025-01-15T21:52:09.983+0000] {logging_mixin.py:154} INFO - [2025-01-15T21:52:09.983+0000] {dag.py:2941} INFO - Sync 1 DAGs
[2025-01-15T21:52:10.008+0000] {logging_mixin.py:154} INFO - [2025-01-15T21:52:10.007+0000] {dag.py:3722} INFO - Setting next_dagrun for example_sla_dag to 2025-01-15T21:50:00+00:00, run_after=2025-01-15T21:52:00+00:00
[2025-01-15T21:52:10.024+0000] {processor.py:179} INFO - Processing /home/airflow/.local/lib/python3.10/site-packages/airflow/example_dags/example_sla_dag.py took 0.069 seconds
[2025-01-15T21:52:40.333+0000] {processor.py:157} INFO - Started process (PID=510) to work on /home/airflow/.local/lib/python3.10/site-packages/airflow/example_dags/example_sla_dag.py
[2025-01-15T21:52:40.334+0000] {processor.py:829} INFO - Processing file /home/airflow/.local/lib/python3.10/site-packages/airflow/example_dags/example_sla_dag.py for tasks to queue
[2025-01-15T21:52:40.336+0000] {logging_mixin.py:154} INFO - [2025-01-15T21:52:40.336+0000] {dagbag.py:536} INFO - Filling up the DagBag from /home/airflow/.local/lib/python3.10/site-packages/airflow/example_dags/example_sla_dag.py
[2025-01-15T21:52:40.343+0000] {processor.py:839} INFO - DAG(s) dict_keys(['example_sla_dag']) retrieved from /home/airflow/.local/lib/python3.10/site-packages/airflow/example_dags/example_sla_dag.py
[2025-01-15T21:52:40.358+0000] {logging_mixin.py:154} INFO - [2025-01-15T21:52:40.358+0000] {dag.py:2941} INFO - Sync 1 DAGs
[2025-01-15T21:52:40.381+0000] {logging_mixin.py:154} INFO - [2025-01-15T21:52:40.381+0000] {dag.py:3722} INFO - Setting next_dagrun for example_sla_dag to 2025-01-15T21:50:00+00:00, run_after=2025-01-15T21:52:00+00:00
[2025-01-15T21:52:40.396+0000] {processor.py:179} INFO - Processing /home/airflow/.local/lib/python3.10/site-packages/airflow/example_dags/example_sla_dag.py took 0.065 seconds
[2025-01-15T21:53:10.457+0000] {processor.py:157} INFO - Started process (PID=566) to work on /home/airflow/.local/lib/python3.10/site-packages/airflow/example_dags/example_sla_dag.py
[2025-01-15T21:53:10.458+0000] {processor.py:829} INFO - Processing file /home/airflow/.local/lib/python3.10/site-packages/airflow/example_dags/example_sla_dag.py for tasks to queue
[2025-01-15T21:53:10.460+0000] {logging_mixin.py:154} INFO - [2025-01-15T21:53:10.460+0000] {dagbag.py:536} INFO - Filling up the DagBag from /home/airflow/.local/lib/python3.10/site-packages/airflow/example_dags/example_sla_dag.py
[2025-01-15T21:53:10.466+0000] {processor.py:839} INFO - DAG(s) dict_keys(['example_sla_dag']) retrieved from /home/airflow/.local/lib/python3.10/site-packages/airflow/example_dags/example_sla_dag.py
[2025-01-15T21:53:10.481+0000] {logging_mixin.py:154} INFO - [2025-01-15T21:53:10.481+0000] {dag.py:2941} INFO - Sync 1 DAGs
[2025-01-15T21:53:10.502+0000] {logging_mixin.py:154} INFO - [2025-01-15T21:53:10.502+0000] {dag.py:3722} INFO - Setting next_dagrun for example_sla_dag to 2025-01-15T21:50:00+00:00, run_after=2025-01-15T21:52:00+00:00
[2025-01-15T21:53:10.516+0000] {processor.py:179} INFO - Processing /home/airflow/.local/lib/python3.10/site-packages/airflow/example_dags/example_sla_dag.py took 0.061 seconds
[2025-01-15T21:53:40.794+0000] {processor.py:157} INFO - Started process (PID=622) to work on /home/airflow/.local/lib/python3.10/site-packages/airflow/example_dags/example_sla_dag.py
[2025-01-15T21:53:40.795+0000] {processor.py:829} INFO - Processing file /home/airflow/.local/lib/python3.10/site-packages/airflow/example_dags/example_sla_dag.py for tasks to queue
[2025-01-15T21:53:40.797+0000] {logging_mixin.py:154} INFO - [2025-01-15T21:53:40.797+0000] {dagbag.py:536} INFO - Filling up the DagBag from /home/airflow/.local/lib/python3.10/site-packages/airflow/example_dags/example_sla_dag.py
[2025-01-15T21:53:40.803+0000] {processor.py:839} INFO - DAG(s) dict_keys(['example_sla_dag']) retrieved from /home/airflow/.local/lib/python3.10/site-packages/airflow/example_dags/example_sla_dag.py
[2025-01-15T21:53:40.819+0000] {logging_mixin.py:154} INFO - [2025-01-15T21:53:40.819+0000] {dag.py:2941} INFO - Sync 1 DAGs
[2025-01-15T21:53:40.843+0000] {logging_mixin.py:154} INFO - [2025-01-15T21:53:40.843+0000] {dag.py:3722} INFO - Setting next_dagrun for example_sla_dag to 2025-01-15T21:50:00+00:00, run_after=2025-01-15T21:52:00+00:00
[2025-01-15T21:53:40.864+0000] {processor.py:179} INFO - Processing /home/airflow/.local/lib/python3.10/site-packages/airflow/example_dags/example_sla_dag.py took 0.073 seconds
[2025-01-15T21:54:11.394+0000] {processor.py:157} INFO - Started process (PID=678) to work on /home/airflow/.local/lib/python3.10/site-packages/airflow/example_dags/example_sla_dag.py
[2025-01-15T21:54:11.395+0000] {processor.py:829} INFO - Processing file /home/airflow/.local/lib/python3.10/site-packages/airflow/example_dags/example_sla_dag.py for tasks to queue
[2025-01-15T21:54:11.399+0000] {logging_mixin.py:154} INFO - [2025-01-15T21:54:11.398+0000] {dagbag.py:536} INFO - Filling up the DagBag from /home/airflow/.local/lib/python3.10/site-packages/airflow/example_dags/example_sla_dag.py
[2025-01-15T21:54:11.407+0000] {processor.py:839} INFO - DAG(s) dict_keys(['example_sla_dag']) retrieved from /home/airflow/.local/lib/python3.10/site-packages/airflow/example_dags/example_sla_dag.py
[2025-01-15T21:54:11.427+0000] {logging_mixin.py:154} INFO - [2025-01-15T21:54:11.427+0000] {dag.py:2941} INFO - Sync 1 DAGs
[2025-01-15T21:54:11.450+0000] {logging_mixin.py:154} INFO - [2025-01-15T21:54:11.450+0000] {dag.py:3722} INFO - Setting next_dagrun for example_sla_dag to 2025-01-15T21:52:00+00:00, run_after=2025-01-15T21:54:00+00:00
[2025-01-15T21:54:11.620+0000] {processor.py:179} INFO - Processing /home/airflow/.local/lib/python3.10/site-packages/airflow/example_dags/example_sla_dag.py took 0.229 seconds
[2025-01-15T21:54:42.524+0000] {processor.py:157} INFO - Started process (PID=734) to work on /home/airflow/.local/lib/python3.10/site-packages/airflow/example_dags/example_sla_dag.py
[2025-01-15T21:54:42.525+0000] {processor.py:829} INFO - Processing file /home/airflow/.local/lib/python3.10/site-packages/airflow/example_dags/example_sla_dag.py for tasks to queue
[2025-01-15T21:54:42.527+0000] {logging_mixin.py:154} INFO - [2025-01-15T21:54:42.527+0000] {dagbag.py:536} INFO - Filling up the DagBag from /home/airflow/.local/lib/python3.10/site-packages/airflow/example_dags/example_sla_dag.py
[2025-01-15T21:54:42.535+0000] {processor.py:839} INFO - DAG(s) dict_keys(['example_sla_dag']) retrieved from /home/airflow/.local/lib/python3.10/site-packages/airflow/example_dags/example_sla_dag.py
[2025-01-15T21:54:42.551+0000] {logging_mixin.py:154} INFO - [2025-01-15T21:54:42.551+0000] {dag.py:2941} INFO - Sync 1 DAGs
[2025-01-15T21:54:42.572+0000] {logging_mixin.py:154} INFO - [2025-01-15T21:54:42.572+0000] {dag.py:3722} INFO - Setting next_dagrun for example_sla_dag to 2025-01-15T21:52:00+00:00, run_after=2025-01-15T21:54:00+00:00
[2025-01-15T21:54:42.587+0000] {processor.py:179} INFO - Processing /home/airflow/.local/lib/python3.10/site-packages/airflow/example_dags/example_sla_dag.py took 0.066 seconds
[2025-01-15T21:55:12.888+0000] {processor.py:157} INFO - Started process (PID=790) to work on /home/airflow/.local/lib/python3.10/site-packages/airflow/example_dags/example_sla_dag.py
[2025-01-15T21:55:12.889+0000] {processor.py:829} INFO - Processing file /home/airflow/.local/lib/python3.10/site-packages/airflow/example_dags/example_sla_dag.py for tasks to queue
[2025-01-15T21:55:12.891+0000] {logging_mixin.py:154} INFO - [2025-01-15T21:55:12.891+0000] {dagbag.py:536} INFO - Filling up the DagBag from /home/airflow/.local/lib/python3.10/site-packages/airflow/example_dags/example_sla_dag.py
[2025-01-15T21:55:12.897+0000] {processor.py:839} INFO - DAG(s) dict_keys(['example_sla_dag']) retrieved from /home/airflow/.local/lib/python3.10/site-packages/airflow/example_dags/example_sla_dag.py
[2025-01-15T21:55:12.912+0000] {logging_mixin.py:154} INFO - [2025-01-15T21:55:12.911+0000] {dag.py:2941} INFO - Sync 1 DAGs
[2025-01-15T21:55:12.934+0000] {logging_mixin.py:154} INFO - [2025-01-15T21:55:12.934+0000] {dag.py:3722} INFO - Setting next_dagrun for example_sla_dag to 2025-01-15T21:52:00+00:00, run_after=2025-01-15T21:54:00+00:00
[2025-01-15T21:55:12.954+0000] {processor.py:179} INFO - Processing /home/airflow/.local/lib/python3.10/site-packages/airflow/example_dags/example_sla_dag.py took 0.068 seconds
[2025-01-15T21:55:43.123+0000] {processor.py:157} INFO - Started process (PID=846) to work on /home/airflow/.local/lib/python3.10/site-packages/airflow/example_dags/example_sla_dag.py
[2025-01-15T21:55:43.124+0000] {processor.py:829} INFO - Processing file /home/airflow/.local/lib/python3.10/site-packages/airflow/example_dags/example_sla_dag.py for tasks to queue
[2025-01-15T21:55:43.126+0000] {logging_mixin.py:154} INFO - [2025-01-15T21:55:43.126+0000] {dagbag.py:536} INFO - Filling up the DagBag from /home/airflow/.local/lib/python3.10/site-packages/airflow/example_dags/example_sla_dag.py
[2025-01-15T21:55:43.133+0000] {processor.py:839} INFO - DAG(s) dict_keys(['example_sla_dag']) retrieved from /home/airflow/.local/lib/python3.10/site-packages/airflow/example_dags/example_sla_dag.py
[2025-01-15T21:55:43.149+0000] {logging_mixin.py:154} INFO - [2025-01-15T21:55:43.148+0000] {dag.py:2941} INFO - Sync 1 DAGs
[2025-01-15T21:55:43.168+0000] {logging_mixin.py:154} INFO - [2025-01-15T21:55:43.168+0000] {dag.py:3722} INFO - Setting next_dagrun for example_sla_dag to 2025-01-15T21:52:00+00:00, run_after=2025-01-15T21:54:00+00:00
[2025-01-15T21:55:43.183+0000] {processor.py:179} INFO - Processing /home/airflow/.local/lib/python3.10/site-packages/airflow/example_dags/example_sla_dag.py took 0.062 seconds
[2025-01-15T21:56:13.261+0000] {processor.py:157} INFO - Started process (PID=902) to work on /home/airflow/.local/lib/python3.10/site-packages/airflow/example_dags/example_sla_dag.py
[2025-01-15T21:56:13.262+0000] {processor.py:829} INFO - Processing file /home/airflow/.local/lib/python3.10/site-packages/airflow/example_dags/example_sla_dag.py for tasks to queue
[2025-01-15T21:56:13.265+0000] {logging_mixin.py:154} INFO - [2025-01-15T21:56:13.264+0000] {dagbag.py:536} INFO - Filling up the DagBag from /home/airflow/.local/lib/python3.10/site-packages/airflow/example_dags/example_sla_dag.py
[2025-01-15T21:56:13.271+0000] {processor.py:839} INFO - DAG(s) dict_keys(['example_sla_dag']) retrieved from /home/airflow/.local/lib/python3.10/site-packages/airflow/example_dags/example_sla_dag.py
[2025-01-15T21:56:13.289+0000] {logging_mixin.py:154} INFO - [2025-01-15T21:56:13.288+0000] {dag.py:2941} INFO - Sync 1 DAGs
[2025-01-15T21:56:13.309+0000] {logging_mixin.py:154} INFO - [2025-01-15T21:56:13.309+0000] {dag.py:3722} INFO - Setting next_dagrun for example_sla_dag to 2025-01-15T21:54:00+00:00, run_after=2025-01-15T21:56:00+00:00
[2025-01-15T21:56:13.325+0000] {processor.py:179} INFO - Processing /home/airflow/.local/lib/python3.10/site-packages/airflow/example_dags/example_sla_dag.py took 0.067 seconds
[2025-01-15T21:56:43.514+0000] {processor.py:157} INFO - Started process (PID=957) to work on /home/airflow/.local/lib/python3.10/site-packages/airflow/example_dags/example_sla_dag.py
[2025-01-15T21:56:43.515+0000] {processor.py:829} INFO - Processing file /home/airflow/.local/lib/python3.10/site-packages/airflow/example_dags/example_sla_dag.py for tasks to queue
[2025-01-15T21:56:43.518+0000] {logging_mixin.py:154} INFO - [2025-01-15T21:56:43.517+0000] {dagbag.py:536} INFO - Filling up the DagBag from /home/airflow/.local/lib/python3.10/site-packages/airflow/example_dags/example_sla_dag.py
[2025-01-15T21:56:43.525+0000] {processor.py:839} INFO - DAG(s) dict_keys(['example_sla_dag']) retrieved from /home/airflow/.local/lib/python3.10/site-packages/airflow/example_dags/example_sla_dag.py
[2025-01-15T21:56:43.547+0000] {logging_mixin.py:154} INFO - [2025-01-15T21:56:43.547+0000] {dag.py:2941} INFO - Sync 1 DAGs
[2025-01-15T21:56:43.572+0000] {logging_mixin.py:154} INFO - [2025-01-15T21:56:43.572+0000] {dag.py:3722} INFO - Setting next_dagrun for example_sla_dag to 2025-01-15T21:54:00+00:00, run_after=2025-01-15T21:56:00+00:00
[2025-01-15T21:56:43.589+0000] {processor.py:179} INFO - Processing /home/airflow/.local/lib/python3.10/site-packages/airflow/example_dags/example_sla_dag.py took 0.079 seconds
[2025-01-15T21:57:14.111+0000] {processor.py:157} INFO - Started process (PID=1014) to work on /home/airflow/.local/lib/python3.10/site-packages/airflow/example_dags/example_sla_dag.py
[2025-01-15T21:57:14.112+0000] {processor.py:829} INFO - Processing file /home/airflow/.local/lib/python3.10/site-packages/airflow/example_dags/example_sla_dag.py for tasks to queue
[2025-01-15T21:57:14.114+0000] {logging_mixin.py:154} INFO - [2025-01-15T21:57:14.114+0000] {dagbag.py:536} INFO - Filling up the DagBag from /home/airflow/.local/lib/python3.10/site-packages/airflow/example_dags/example_sla_dag.py
[2025-01-15T21:57:14.121+0000] {processor.py:839} INFO - DAG(s) dict_keys(['example_sla_dag']) retrieved from /home/airflow/.local/lib/python3.10/site-packages/airflow/example_dags/example_sla_dag.py
[2025-01-15T21:57:14.138+0000] {logging_mixin.py:154} INFO - [2025-01-15T21:57:14.138+0000] {dag.py:2941} INFO - Sync 1 DAGs
[2025-01-15T21:57:14.159+0000] {logging_mixin.py:154} INFO - [2025-01-15T21:57:14.159+0000] {dag.py:3722} INFO - Setting next_dagrun for example_sla_dag to 2025-01-15T21:54:00+00:00, run_after=2025-01-15T21:56:00+00:00
[2025-01-15T21:57:14.177+0000] {processor.py:179} INFO - Processing /home/airflow/.local/lib/python3.10/site-packages/airflow/example_dags/example_sla_dag.py took 0.069 seconds
[2025-01-15T21:57:44.641+0000] {processor.py:157} INFO - Started process (PID=1076) to work on /home/airflow/.local/lib/python3.10/site-packages/airflow/example_dags/example_sla_dag.py
[2025-01-15T21:57:44.642+0000] {processor.py:829} INFO - Processing file /home/airflow/.local/lib/python3.10/site-packages/airflow/example_dags/example_sla_dag.py for tasks to queue
[2025-01-15T21:57:44.644+0000] {logging_mixin.py:154} INFO - [2025-01-15T21:57:44.644+0000] {dagbag.py:536} INFO - Filling up the DagBag from /home/airflow/.local/lib/python3.10/site-packages/airflow/example_dags/example_sla_dag.py
[2025-01-15T21:57:44.654+0000] {processor.py:839} INFO - DAG(s) dict_keys(['example_sla_dag']) retrieved from /home/airflow/.local/lib/python3.10/site-packages/airflow/example_dags/example_sla_dag.py
[2025-01-15T21:57:44.669+0000] {logging_mixin.py:154} INFO - [2025-01-15T21:57:44.669+0000] {dag.py:2941} INFO - Sync 1 DAGs
[2025-01-15T21:57:44.690+0000] {logging_mixin.py:154} INFO - [2025-01-15T21:57:44.690+0000] {dag.py:3722} INFO - Setting next_dagrun for example_sla_dag to 2025-01-15T21:54:00+00:00, run_after=2025-01-15T21:56:00+00:00
[2025-01-15T21:57:44.709+0000] {processor.py:179} INFO - Processing /home/airflow/.local/lib/python3.10/site-packages/airflow/example_dags/example_sla_dag.py took 0.071 seconds
[2025-01-15T21:58:14.986+0000] {processor.py:157} INFO - Started process (PID=1133) to work on /home/airflow/.local/lib/python3.10/site-packages/airflow/example_dags/example_sla_dag.py
[2025-01-15T21:58:14.986+0000] {processor.py:829} INFO - Processing file /home/airflow/.local/lib/python3.10/site-packages/airflow/example_dags/example_sla_dag.py for tasks to queue
[2025-01-15T21:58:14.989+0000] {logging_mixin.py:154} INFO - [2025-01-15T21:58:14.989+0000] {dagbag.py:536} INFO - Filling up the DagBag from /home/airflow/.local/lib/python3.10/site-packages/airflow/example_dags/example_sla_dag.py
[2025-01-15T21:58:14.995+0000] {processor.py:839} INFO - DAG(s) dict_keys(['example_sla_dag']) retrieved from /home/airflow/.local/lib/python3.10/site-packages/airflow/example_dags/example_sla_dag.py
[2025-01-15T21:58:15.012+0000] {logging_mixin.py:154} INFO - [2025-01-15T21:58:15.011+0000] {dag.py:2941} INFO - Sync 1 DAGs
[2025-01-15T21:58:15.038+0000] {logging_mixin.py:154} INFO - [2025-01-15T21:58:15.037+0000] {dag.py:3722} INFO - Setting next_dagrun for example_sla_dag to 2025-01-15T21:56:00+00:00, run_after=2025-01-15T21:58:00+00:00
[2025-01-15T21:58:15.054+0000] {processor.py:179} INFO - Processing /home/airflow/.local/lib/python3.10/site-packages/airflow/example_dags/example_sla_dag.py took 0.070 seconds
[2025-01-15T21:58:45.483+0000] {processor.py:157} INFO - Started process (PID=1189) to work on /home/airflow/.local/lib/python3.10/site-packages/airflow/example_dags/example_sla_dag.py
[2025-01-15T21:58:45.484+0000] {processor.py:829} INFO - Processing file /home/airflow/.local/lib/python3.10/site-packages/airflow/example_dags/example_sla_dag.py for tasks to queue
[2025-01-15T21:58:45.486+0000] {logging_mixin.py:154} INFO - [2025-01-15T21:58:45.486+0000] {dagbag.py:536} INFO - Filling up the DagBag from /home/airflow/.local/lib/python3.10/site-packages/airflow/example_dags/example_sla_dag.py
[2025-01-15T21:58:45.493+0000] {processor.py:839} INFO - DAG(s) dict_keys(['example_sla_dag']) retrieved from /home/airflow/.local/lib/python3.10/site-packages/airflow/example_dags/example_sla_dag.py
[2025-01-15T21:58:45.510+0000] {logging_mixin.py:154} INFO - [2025-01-15T21:58:45.509+0000] {dag.py:2941} INFO - Sync 1 DAGs
[2025-01-15T21:58:45.687+0000] {logging_mixin.py:154} INFO - [2025-01-15T21:58:45.687+0000] {dag.py:3722} INFO - Setting next_dagrun for example_sla_dag to 2025-01-15T21:56:00+00:00, run_after=2025-01-15T21:58:00+00:00
[2025-01-15T21:58:45.709+0000] {processor.py:179} INFO - Processing /home/airflow/.local/lib/python3.10/site-packages/airflow/example_dags/example_sla_dag.py took 0.229 seconds
[2025-01-15T21:59:16.256+0000] {processor.py:157} INFO - Started process (PID=1245) to work on /home/airflow/.local/lib/python3.10/site-packages/airflow/example_dags/example_sla_dag.py
[2025-01-15T21:59:16.257+0000] {processor.py:829} INFO - Processing file /home/airflow/.local/lib/python3.10/site-packages/airflow/example_dags/example_sla_dag.py for tasks to queue
[2025-01-15T21:59:16.259+0000] {logging_mixin.py:154} INFO - [2025-01-15T21:59:16.259+0000] {dagbag.py:536} INFO - Filling up the DagBag from /home/airflow/.local/lib/python3.10/site-packages/airflow/example_dags/example_sla_dag.py
[2025-01-15T21:59:16.266+0000] {processor.py:839} INFO - DAG(s) dict_keys(['example_sla_dag']) retrieved from /home/airflow/.local/lib/python3.10/site-packages/airflow/example_dags/example_sla_dag.py
[2025-01-15T21:59:16.281+0000] {logging_mixin.py:154} INFO - [2025-01-15T21:59:16.281+0000] {dag.py:2941} INFO - Sync 1 DAGs
[2025-01-15T21:59:16.302+0000] {logging_mixin.py:154} INFO - [2025-01-15T21:59:16.302+0000] {dag.py:3722} INFO - Setting next_dagrun for example_sla_dag to 2025-01-15T21:56:00+00:00, run_after=2025-01-15T21:58:00+00:00
[2025-01-15T21:59:16.465+0000] {processor.py:179} INFO - Processing /home/airflow/.local/lib/python3.10/site-packages/airflow/example_dags/example_sla_dag.py took 0.211 seconds
[2025-01-15T21:59:46.578+0000] {processor.py:157} INFO - Started process (PID=1301) to work on /home/airflow/.local/lib/python3.10/site-packages/airflow/example_dags/example_sla_dag.py
[2025-01-15T21:59:46.579+0000] {processor.py:829} INFO - Processing file /home/airflow/.local/lib/python3.10/site-packages/airflow/example_dags/example_sla_dag.py for tasks to queue
[2025-01-15T21:59:46.581+0000] {logging_mixin.py:154} INFO - [2025-01-15T21:59:46.581+0000] {dagbag.py:536} INFO - Filling up the DagBag from /home/airflow/.local/lib/python3.10/site-packages/airflow/example_dags/example_sla_dag.py
[2025-01-15T21:59:46.588+0000] {processor.py:839} INFO - DAG(s) dict_keys(['example_sla_dag']) retrieved from /home/airflow/.local/lib/python3.10/site-packages/airflow/example_dags/example_sla_dag.py
[2025-01-15T21:59:46.603+0000] {logging_mixin.py:154} INFO - [2025-01-15T21:59:46.603+0000] {dag.py:2941} INFO - Sync 1 DAGs
[2025-01-15T21:59:46.625+0000] {logging_mixin.py:154} INFO - [2025-01-15T21:59:46.624+0000] {dag.py:3722} INFO - Setting next_dagrun for example_sla_dag to 2025-01-15T21:56:00+00:00, run_after=2025-01-15T21:58:00+00:00
[2025-01-15T21:59:46.639+0000] {processor.py:179} INFO - Processing /home/airflow/.local/lib/python3.10/site-packages/airflow/example_dags/example_sla_dag.py took 0.063 seconds
[2025-01-15T22:00:17.207+0000] {processor.py:157} INFO - Started process (PID=1357) to work on /home/airflow/.local/lib/python3.10/site-packages/airflow/example_dags/example_sla_dag.py
[2025-01-15T22:00:17.208+0000] {processor.py:829} INFO - Processing file /home/airflow/.local/lib/python3.10/site-packages/airflow/example_dags/example_sla_dag.py for tasks to queue
[2025-01-15T22:00:17.210+0000] {logging_mixin.py:154} INFO - [2025-01-15T22:00:17.210+0000] {dagbag.py:536} INFO - Filling up the DagBag from /home/airflow/.local/lib/python3.10/site-packages/airflow/example_dags/example_sla_dag.py
[2025-01-15T22:00:17.216+0000] {processor.py:839} INFO - DAG(s) dict_keys(['example_sla_dag']) retrieved from /home/airflow/.local/lib/python3.10/site-packages/airflow/example_dags/example_sla_dag.py
[2025-01-15T22:00:17.232+0000] {logging_mixin.py:154} INFO - [2025-01-15T22:00:17.232+0000] {dag.py:2941} INFO - Sync 1 DAGs
[2025-01-15T22:00:17.403+0000] {logging_mixin.py:154} INFO - [2025-01-15T22:00:17.402+0000] {dag.py:3722} INFO - Setting next_dagrun for example_sla_dag to 2025-01-15T21:58:00+00:00, run_after=2025-01-15T22:00:00+00:00
[2025-01-15T22:00:17.416+0000] {processor.py:179} INFO - Processing /home/airflow/.local/lib/python3.10/site-packages/airflow/example_dags/example_sla_dag.py took 0.212 seconds
[2025-01-15T22:00:47.543+0000] {processor.py:157} INFO - Started process (PID=1413) to work on /home/airflow/.local/lib/python3.10/site-packages/airflow/example_dags/example_sla_dag.py
[2025-01-15T22:00:47.543+0000] {processor.py:829} INFO - Processing file /home/airflow/.local/lib/python3.10/site-packages/airflow/example_dags/example_sla_dag.py for tasks to queue
[2025-01-15T22:00:47.546+0000] {logging_mixin.py:154} INFO - [2025-01-15T22:00:47.546+0000] {dagbag.py:536} INFO - Filling up the DagBag from /home/airflow/.local/lib/python3.10/site-packages/airflow/example_dags/example_sla_dag.py
[2025-01-15T22:00:47.554+0000] {processor.py:839} INFO - DAG(s) dict_keys(['example_sla_dag']) retrieved from /home/airflow/.local/lib/python3.10/site-packages/airflow/example_dags/example_sla_dag.py
[2025-01-15T22:00:47.571+0000] {logging_mixin.py:154} INFO - [2025-01-15T22:00:47.570+0000] {dag.py:2941} INFO - Sync 1 DAGs
[2025-01-15T22:00:47.594+0000] {logging_mixin.py:154} INFO - [2025-01-15T22:00:47.593+0000] {dag.py:3722} INFO - Setting next_dagrun for example_sla_dag to 2025-01-15T21:58:00+00:00, run_after=2025-01-15T22:00:00+00:00
[2025-01-15T22:00:47.772+0000] {processor.py:179} INFO - Processing /home/airflow/.local/lib/python3.10/site-packages/airflow/example_dags/example_sla_dag.py took 0.232 seconds
[2025-01-15T22:01:18.215+0000] {processor.py:157} INFO - Started process (PID=1469) to work on /home/airflow/.local/lib/python3.10/site-packages/airflow/example_dags/example_sla_dag.py
[2025-01-15T22:01:18.216+0000] {processor.py:829} INFO - Processing file /home/airflow/.local/lib/python3.10/site-packages/airflow/example_dags/example_sla_dag.py for tasks to queue
[2025-01-15T22:01:18.219+0000] {logging_mixin.py:154} INFO - [2025-01-15T22:01:18.219+0000] {dagbag.py:536} INFO - Filling up the DagBag from /home/airflow/.local/lib/python3.10/site-packages/airflow/example_dags/example_sla_dag.py
[2025-01-15T22:01:18.226+0000] {processor.py:839} INFO - DAG(s) dict_keys(['example_sla_dag']) retrieved from /home/airflow/.local/lib/python3.10/site-packages/airflow/example_dags/example_sla_dag.py
[2025-01-15T22:01:18.244+0000] {logging_mixin.py:154} INFO - [2025-01-15T22:01:18.244+0000] {dag.py:2941} INFO - Sync 1 DAGs
[2025-01-15T22:01:18.265+0000] {logging_mixin.py:154} INFO - [2025-01-15T22:01:18.264+0000] {dag.py:3722} INFO - Setting next_dagrun for example_sla_dag to 2025-01-15T21:58:00+00:00, run_after=2025-01-15T22:00:00+00:00
[2025-01-15T22:01:18.279+0000] {processor.py:179} INFO - Processing /home/airflow/.local/lib/python3.10/site-packages/airflow/example_dags/example_sla_dag.py took 0.067 seconds
[2025-01-15T22:01:48.535+0000] {processor.py:157} INFO - Started process (PID=1525) to work on /home/airflow/.local/lib/python3.10/site-packages/airflow/example_dags/example_sla_dag.py
[2025-01-15T22:01:48.536+0000] {processor.py:829} INFO - Processing file /home/airflow/.local/lib/python3.10/site-packages/airflow/example_dags/example_sla_dag.py for tasks to queue
[2025-01-15T22:01:48.538+0000] {logging_mixin.py:154} INFO - [2025-01-15T22:01:48.538+0000] {dagbag.py:536} INFO - Filling up the DagBag from /home/airflow/.local/lib/python3.10/site-packages/airflow/example_dags/example_sla_dag.py
[2025-01-15T22:01:48.545+0000] {processor.py:839} INFO - DAG(s) dict_keys(['example_sla_dag']) retrieved from /home/airflow/.local/lib/python3.10/site-packages/airflow/example_dags/example_sla_dag.py
[2025-01-15T22:01:48.562+0000] {logging_mixin.py:154} INFO - [2025-01-15T22:01:48.562+0000] {dag.py:2941} INFO - Sync 1 DAGs
[2025-01-15T22:01:48.724+0000] {logging_mixin.py:154} INFO - [2025-01-15T22:01:48.724+0000] {dag.py:3722} INFO - Setting next_dagrun for example_sla_dag to 2025-01-15T21:58:00+00:00, run_after=2025-01-15T22:00:00+00:00
[2025-01-15T22:01:48.740+0000] {processor.py:179} INFO - Processing /home/airflow/.local/lib/python3.10/site-packages/airflow/example_dags/example_sla_dag.py took 0.207 seconds
[2025-01-15T22:02:18.937+0000] {processor.py:157} INFO - Started process (PID=1583) to work on /home/airflow/.local/lib/python3.10/site-packages/airflow/example_dags/example_sla_dag.py
[2025-01-15T22:02:18.937+0000] {processor.py:829} INFO - Processing file /home/airflow/.local/lib/python3.10/site-packages/airflow/example_dags/example_sla_dag.py for tasks to queue
[2025-01-15T22:02:18.940+0000] {logging_mixin.py:154} INFO - [2025-01-15T22:02:18.939+0000] {dagbag.py:536} INFO - Filling up the DagBag from /home/airflow/.local/lib/python3.10/site-packages/airflow/example_dags/example_sla_dag.py
[2025-01-15T22:02:18.946+0000] {processor.py:839} INFO - DAG(s) dict_keys(['example_sla_dag']) retrieved from /home/airflow/.local/lib/python3.10/site-packages/airflow/example_dags/example_sla_dag.py
[2025-01-15T22:02:18.962+0000] {logging_mixin.py:154} INFO - [2025-01-15T22:02:18.961+0000] {dag.py:2941} INFO - Sync 1 DAGs
[2025-01-15T22:02:19.131+0000] {logging_mixin.py:154} INFO - [2025-01-15T22:02:19.131+0000] {dag.py:3722} INFO - Setting next_dagrun for example_sla_dag to 2025-01-15T22:00:00+00:00, run_after=2025-01-15T22:02:00+00:00
[2025-01-15T22:02:19.151+0000] {processor.py:179} INFO - Processing /home/airflow/.local/lib/python3.10/site-packages/airflow/example_dags/example_sla_dag.py took 0.217 seconds
[2025-01-15T22:02:49.932+0000] {processor.py:157} INFO - Started process (PID=1639) to work on /home/airflow/.local/lib/python3.10/site-packages/airflow/example_dags/example_sla_dag.py
[2025-01-15T22:02:49.933+0000] {processor.py:829} INFO - Processing file /home/airflow/.local/lib/python3.10/site-packages/airflow/example_dags/example_sla_dag.py for tasks to queue
[2025-01-15T22:02:49.935+0000] {logging_mixin.py:154} INFO - [2025-01-15T22:02:49.935+0000] {dagbag.py:536} INFO - Filling up the DagBag from /home/airflow/.local/lib/python3.10/site-packages/airflow/example_dags/example_sla_dag.py
[2025-01-15T22:02:49.941+0000] {processor.py:839} INFO - DAG(s) dict_keys(['example_sla_dag']) retrieved from /home/airflow/.local/lib/python3.10/site-packages/airflow/example_dags/example_sla_dag.py
[2025-01-15T22:02:49.958+0000] {logging_mixin.py:154} INFO - [2025-01-15T22:02:49.957+0000] {dag.py:2941} INFO - Sync 1 DAGs
[2025-01-15T22:02:49.980+0000] {logging_mixin.py:154} INFO - [2025-01-15T22:02:49.980+0000] {dag.py:3722} INFO - Setting next_dagrun for example_sla_dag to 2025-01-15T22:00:00+00:00, run_after=2025-01-15T22:02:00+00:00
[2025-01-15T22:02:50.001+0000] {processor.py:179} INFO - Processing /home/airflow/.local/lib/python3.10/site-packages/airflow/example_dags/example_sla_dag.py took 0.071 seconds
[2025-01-15T22:04:06.801+0000] {processor.py:157} INFO - Started process (PID=61) to work on /home/airflow/.local/lib/python3.10/site-packages/airflow/example_dags/example_sla_dag.py
[2025-01-15T22:04:06.802+0000] {processor.py:829} INFO - Processing file /home/airflow/.local/lib/python3.10/site-packages/airflow/example_dags/example_sla_dag.py for tasks to queue
[2025-01-15T22:04:06.806+0000] {logging_mixin.py:154} INFO - [2025-01-15T22:04:06.805+0000] {dagbag.py:536} INFO - Filling up the DagBag from /home/airflow/.local/lib/python3.10/site-packages/airflow/example_dags/example_sla_dag.py
[2025-01-15T22:04:06.818+0000] {processor.py:839} INFO - DAG(s) dict_keys(['example_sla_dag']) retrieved from /home/airflow/.local/lib/python3.10/site-packages/airflow/example_dags/example_sla_dag.py
[2025-01-15T22:04:06.833+0000] {logging_mixin.py:154} INFO - [2025-01-15T22:04:06.833+0000] {dag.py:2941} INFO - Sync 1 DAGs
[2025-01-15T22:04:06.872+0000] {logging_mixin.py:154} INFO - [2025-01-15T22:04:06.871+0000] {dag.py:3722} INFO - Setting next_dagrun for example_sla_dag to 2025-01-15T22:02:00+00:00, run_after=2025-01-15T22:04:00+00:00
[2025-01-15T22:04:06.893+0000] {processor.py:179} INFO - Processing /home/airflow/.local/lib/python3.10/site-packages/airflow/example_dags/example_sla_dag.py took 0.096 seconds
[2025-01-15T22:04:37.327+0000] {processor.py:157} INFO - Started process (PID=115) to work on /home/airflow/.local/lib/python3.10/site-packages/airflow/example_dags/example_sla_dag.py
[2025-01-15T22:04:37.328+0000] {processor.py:829} INFO - Processing file /home/airflow/.local/lib/python3.10/site-packages/airflow/example_dags/example_sla_dag.py for tasks to queue
[2025-01-15T22:04:37.330+0000] {logging_mixin.py:154} INFO - [2025-01-15T22:04:37.330+0000] {dagbag.py:536} INFO - Filling up the DagBag from /home/airflow/.local/lib/python3.10/site-packages/airflow/example_dags/example_sla_dag.py
[2025-01-15T22:04:37.338+0000] {processor.py:839} INFO - DAG(s) dict_keys(['example_sla_dag']) retrieved from /home/airflow/.local/lib/python3.10/site-packages/airflow/example_dags/example_sla_dag.py
[2025-01-15T22:04:37.356+0000] {logging_mixin.py:154} INFO - [2025-01-15T22:04:37.356+0000] {dag.py:2941} INFO - Sync 1 DAGs
[2025-01-15T22:04:37.381+0000] {logging_mixin.py:154} INFO - [2025-01-15T22:04:37.381+0000] {dag.py:3722} INFO - Setting next_dagrun for example_sla_dag to 2025-01-15T22:02:00+00:00, run_after=2025-01-15T22:04:00+00:00
[2025-01-15T22:04:37.413+0000] {processor.py:179} INFO - Processing /home/airflow/.local/lib/python3.10/site-packages/airflow/example_dags/example_sla_dag.py took 0.089 seconds
[2025-01-15T22:05:07.525+0000] {processor.py:157} INFO - Started process (PID=171) to work on /home/airflow/.local/lib/python3.10/site-packages/airflow/example_dags/example_sla_dag.py
[2025-01-15T22:05:07.526+0000] {processor.py:829} INFO - Processing file /home/airflow/.local/lib/python3.10/site-packages/airflow/example_dags/example_sla_dag.py for tasks to queue
[2025-01-15T22:05:07.528+0000] {logging_mixin.py:154} INFO - [2025-01-15T22:05:07.528+0000] {dagbag.py:536} INFO - Filling up the DagBag from /home/airflow/.local/lib/python3.10/site-packages/airflow/example_dags/example_sla_dag.py
[2025-01-15T22:05:07.535+0000] {processor.py:839} INFO - DAG(s) dict_keys(['example_sla_dag']) retrieved from /home/airflow/.local/lib/python3.10/site-packages/airflow/example_dags/example_sla_dag.py
[2025-01-15T22:05:07.554+0000] {logging_mixin.py:154} INFO - [2025-01-15T22:05:07.554+0000] {dag.py:2941} INFO - Sync 1 DAGs
[2025-01-15T22:05:07.579+0000] {logging_mixin.py:154} INFO - [2025-01-15T22:05:07.579+0000] {dag.py:3722} INFO - Setting next_dagrun for example_sla_dag to 2025-01-15T22:02:00+00:00, run_after=2025-01-15T22:04:00+00:00
[2025-01-15T22:05:07.601+0000] {processor.py:179} INFO - Processing /home/airflow/.local/lib/python3.10/site-packages/airflow/example_dags/example_sla_dag.py took 0.078 seconds
[2025-01-15T22:05:38.087+0000] {processor.py:157} INFO - Started process (PID=227) to work on /home/airflow/.local/lib/python3.10/site-packages/airflow/example_dags/example_sla_dag.py
[2025-01-15T22:05:38.088+0000] {processor.py:829} INFO - Processing file /home/airflow/.local/lib/python3.10/site-packages/airflow/example_dags/example_sla_dag.py for tasks to queue
[2025-01-15T22:05:38.090+0000] {logging_mixin.py:154} INFO - [2025-01-15T22:05:38.090+0000] {dagbag.py:536} INFO - Filling up the DagBag from /home/airflow/.local/lib/python3.10/site-packages/airflow/example_dags/example_sla_dag.py
[2025-01-15T22:05:38.098+0000] {processor.py:839} INFO - DAG(s) dict_keys(['example_sla_dag']) retrieved from /home/airflow/.local/lib/python3.10/site-packages/airflow/example_dags/example_sla_dag.py
[2025-01-15T22:05:38.122+0000] {logging_mixin.py:154} INFO - [2025-01-15T22:05:38.122+0000] {dag.py:2941} INFO - Sync 1 DAGs
[2025-01-15T22:05:38.149+0000] {logging_mixin.py:154} INFO - [2025-01-15T22:05:38.149+0000] {dag.py:3722} INFO - Setting next_dagrun for example_sla_dag to 2025-01-15T22:02:00+00:00, run_after=2025-01-15T22:04:00+00:00
[2025-01-15T22:05:38.171+0000] {processor.py:179} INFO - Processing /home/airflow/.local/lib/python3.10/site-packages/airflow/example_dags/example_sla_dag.py took 0.087 seconds
[2025-01-15T22:06:08.533+0000] {processor.py:157} INFO - Started process (PID=283) to work on /home/airflow/.local/lib/python3.10/site-packages/airflow/example_dags/example_sla_dag.py
[2025-01-15T22:06:08.534+0000] {processor.py:829} INFO - Processing file /home/airflow/.local/lib/python3.10/site-packages/airflow/example_dags/example_sla_dag.py for tasks to queue
[2025-01-15T22:06:08.536+0000] {logging_mixin.py:154} INFO - [2025-01-15T22:06:08.536+0000] {dagbag.py:536} INFO - Filling up the DagBag from /home/airflow/.local/lib/python3.10/site-packages/airflow/example_dags/example_sla_dag.py
[2025-01-15T22:06:08.544+0000] {processor.py:839} INFO - DAG(s) dict_keys(['example_sla_dag']) retrieved from /home/airflow/.local/lib/python3.10/site-packages/airflow/example_dags/example_sla_dag.py
[2025-01-15T22:06:08.562+0000] {logging_mixin.py:154} INFO - [2025-01-15T22:06:08.561+0000] {dag.py:2941} INFO - Sync 1 DAGs
[2025-01-15T22:06:08.584+0000] {logging_mixin.py:154} INFO - [2025-01-15T22:06:08.584+0000] {dag.py:3722} INFO - Setting next_dagrun for example_sla_dag to 2025-01-15T22:04:00+00:00, run_after=2025-01-15T22:06:00+00:00
[2025-01-15T22:06:08.601+0000] {processor.py:179} INFO - Processing /home/airflow/.local/lib/python3.10/site-packages/airflow/example_dags/example_sla_dag.py took 0.071 seconds
[2025-01-15T22:06:39.361+0000] {processor.py:157} INFO - Started process (PID=339) to work on /home/airflow/.local/lib/python3.10/site-packages/airflow/example_dags/example_sla_dag.py
[2025-01-15T22:06:39.362+0000] {processor.py:829} INFO - Processing file /home/airflow/.local/lib/python3.10/site-packages/airflow/example_dags/example_sla_dag.py for tasks to queue
[2025-01-15T22:06:39.364+0000] {logging_mixin.py:154} INFO - [2025-01-15T22:06:39.363+0000] {dagbag.py:536} INFO - Filling up the DagBag from /home/airflow/.local/lib/python3.10/site-packages/airflow/example_dags/example_sla_dag.py
[2025-01-15T22:06:39.370+0000] {processor.py:839} INFO - DAG(s) dict_keys(['example_sla_dag']) retrieved from /home/airflow/.local/lib/python3.10/site-packages/airflow/example_dags/example_sla_dag.py
[2025-01-15T22:06:39.389+0000] {logging_mixin.py:154} INFO - [2025-01-15T22:06:39.389+0000] {dag.py:2941} INFO - Sync 1 DAGs
[2025-01-15T22:06:39.414+0000] {logging_mixin.py:154} INFO - [2025-01-15T22:06:39.414+0000] {dag.py:3722} INFO - Setting next_dagrun for example_sla_dag to 2025-01-15T22:04:00+00:00, run_after=2025-01-15T22:06:00+00:00
[2025-01-15T22:06:39.433+0000] {processor.py:179} INFO - Processing /home/airflow/.local/lib/python3.10/site-packages/airflow/example_dags/example_sla_dag.py took 0.075 seconds
[2025-01-15T22:07:10.053+0000] {processor.py:157} INFO - Started process (PID=395) to work on /home/airflow/.local/lib/python3.10/site-packages/airflow/example_dags/example_sla_dag.py
[2025-01-15T22:07:10.054+0000] {processor.py:829} INFO - Processing file /home/airflow/.local/lib/python3.10/site-packages/airflow/example_dags/example_sla_dag.py for tasks to queue
[2025-01-15T22:07:10.056+0000] {logging_mixin.py:154} INFO - [2025-01-15T22:07:10.056+0000] {dagbag.py:536} INFO - Filling up the DagBag from /home/airflow/.local/lib/python3.10/site-packages/airflow/example_dags/example_sla_dag.py
[2025-01-15T22:07:10.063+0000] {processor.py:839} INFO - DAG(s) dict_keys(['example_sla_dag']) retrieved from /home/airflow/.local/lib/python3.10/site-packages/airflow/example_dags/example_sla_dag.py
[2025-01-15T22:07:10.079+0000] {logging_mixin.py:154} INFO - [2025-01-15T22:07:10.079+0000] {dag.py:2941} INFO - Sync 1 DAGs
[2025-01-15T22:07:10.101+0000] {logging_mixin.py:154} INFO - [2025-01-15T22:07:10.101+0000] {dag.py:3722} INFO - Setting next_dagrun for example_sla_dag to 2025-01-15T22:04:00+00:00, run_after=2025-01-15T22:06:00+00:00
[2025-01-15T22:07:10.119+0000] {processor.py:179} INFO - Processing /home/airflow/.local/lib/python3.10/site-packages/airflow/example_dags/example_sla_dag.py took 0.068 seconds
[2025-01-15T22:08:32.240+0000] {processor.py:157} INFO - Started process (PID=56) to work on /home/airflow/.local/lib/python3.10/site-packages/airflow/example_dags/example_sla_dag.py
[2025-01-15T22:08:32.242+0000] {processor.py:829} INFO - Processing file /home/airflow/.local/lib/python3.10/site-packages/airflow/example_dags/example_sla_dag.py for tasks to queue
[2025-01-15T22:08:32.246+0000] {logging_mixin.py:154} INFO - [2025-01-15T22:08:32.245+0000] {dagbag.py:536} INFO - Filling up the DagBag from /home/airflow/.local/lib/python3.10/site-packages/airflow/example_dags/example_sla_dag.py
[2025-01-15T22:08:32.260+0000] {processor.py:839} INFO - DAG(s) dict_keys(['example_sla_dag']) retrieved from /home/airflow/.local/lib/python3.10/site-packages/airflow/example_dags/example_sla_dag.py
[2025-01-15T22:08:32.276+0000] {logging_mixin.py:154} INFO - [2025-01-15T22:08:32.276+0000] {dag.py:2941} INFO - Sync 1 DAGs
[2025-01-15T22:08:32.310+0000] {logging_mixin.py:154} INFO - [2025-01-15T22:08:32.310+0000] {dag.py:3722} INFO - Setting next_dagrun for example_sla_dag to 2025-01-15T22:06:00+00:00, run_after=2025-01-15T22:08:00+00:00
[2025-01-15T22:08:32.336+0000] {processor.py:179} INFO - Processing /home/airflow/.local/lib/python3.10/site-packages/airflow/example_dags/example_sla_dag.py took 0.100 seconds
[2025-01-15T22:09:03.272+0000] {processor.py:157} INFO - Started process (PID=118) to work on /home/airflow/.local/lib/python3.10/site-packages/airflow/example_dags/example_sla_dag.py
[2025-01-15T22:09:03.274+0000] {processor.py:829} INFO - Processing file /home/airflow/.local/lib/python3.10/site-packages/airflow/example_dags/example_sla_dag.py for tasks to queue
[2025-01-15T22:09:03.277+0000] {logging_mixin.py:154} INFO - [2025-01-15T22:09:03.276+0000] {dagbag.py:536} INFO - Filling up the DagBag from /home/airflow/.local/lib/python3.10/site-packages/airflow/example_dags/example_sla_dag.py
[2025-01-15T22:09:03.287+0000] {processor.py:839} INFO - DAG(s) dict_keys(['example_sla_dag']) retrieved from /home/airflow/.local/lib/python3.10/site-packages/airflow/example_dags/example_sla_dag.py
[2025-01-15T22:09:03.311+0000] {logging_mixin.py:154} INFO - [2025-01-15T22:09:03.311+0000] {dag.py:2941} INFO - Sync 1 DAGs
[2025-01-15T22:09:03.339+0000] {logging_mixin.py:154} INFO - [2025-01-15T22:09:03.339+0000] {dag.py:3722} INFO - Setting next_dagrun for example_sla_dag to 2025-01-15T22:06:00+00:00, run_after=2025-01-15T22:08:00+00:00
[2025-01-15T22:09:03.933+0000] {processor.py:179} INFO - Processing /home/airflow/.local/lib/python3.10/site-packages/airflow/example_dags/example_sla_dag.py took 0.665 seconds
