[2025-01-15T21:47:57.267+0000] {processor.py:157} INFO - Started process (PID=73) to work on /home/airflow/.local/lib/python3.10/site-packages/airflow/example_dags/example_bash_operator.py
[2025-01-15T21:47:57.268+0000] {processor.py:829} INFO - Processing file /home/airflow/.local/lib/python3.10/site-packages/airflow/example_dags/example_bash_operator.py for tasks to queue
[2025-01-15T21:47:57.273+0000] {logging_mixin.py:154} INFO - [2025-01-15T21:47:57.273+0000] {dagbag.py:536} INFO - Filling up the DagBag from /home/airflow/.local/lib/python3.10/site-packages/airflow/example_dags/example_bash_operator.py
[2025-01-15T21:47:57.290+0000] {processor.py:839} INFO - DAG(s) dict_keys(['example_bash_operator']) retrieved from /home/airflow/.local/lib/python3.10/site-packages/airflow/example_dags/example_bash_operator.py
[2025-01-15T21:47:57.326+0000] {logging_mixin.py:154} INFO - [2025-01-15T21:47:57.325+0000] {dag.py:2941} INFO - Sync 1 DAGs
[2025-01-15T21:47:57.354+0000] {logging_mixin.py:154} INFO - [2025-01-15T21:47:57.353+0000] {dag.py:3722} INFO - Setting next_dagrun for example_bash_operator to 2025-01-14T00:00:00+00:00, run_after=2025-01-15T00:00:00+00:00
[2025-01-15T21:47:57.382+0000] {processor.py:179} INFO - Processing /home/airflow/.local/lib/python3.10/site-packages/airflow/example_dags/example_bash_operator.py took 0.118 seconds
[2025-01-15T21:48:39.441+0000] {processor.py:157} INFO - Started process (PID=80) to work on /home/airflow/.local/lib/python3.10/site-packages/airflow/example_dags/example_bash_operator.py
[2025-01-15T21:48:39.445+0000] {processor.py:829} INFO - Processing file /home/airflow/.local/lib/python3.10/site-packages/airflow/example_dags/example_bash_operator.py for tasks to queue
[2025-01-15T21:48:39.451+0000] {logging_mixin.py:154} INFO - [2025-01-15T21:48:39.451+0000] {dagbag.py:536} INFO - Filling up the DagBag from /home/airflow/.local/lib/python3.10/site-packages/airflow/example_dags/example_bash_operator.py
[2025-01-15T21:48:39.481+0000] {processor.py:839} INFO - DAG(s) dict_keys(['example_bash_operator']) retrieved from /home/airflow/.local/lib/python3.10/site-packages/airflow/example_dags/example_bash_operator.py
[2025-01-15T21:48:39.502+0000] {logging_mixin.py:154} INFO - [2025-01-15T21:48:39.502+0000] {dag.py:2941} INFO - Sync 1 DAGs
[2025-01-15T21:48:39.561+0000] {logging_mixin.py:154} INFO - [2025-01-15T21:48:39.561+0000] {dag.py:3722} INFO - Setting next_dagrun for example_bash_operator to 2025-01-14T00:00:00+00:00, run_after=2025-01-15T00:00:00+00:00
[2025-01-15T21:48:39.604+0000] {processor.py:179} INFO - Processing /home/airflow/.local/lib/python3.10/site-packages/airflow/example_dags/example_bash_operator.py took 0.168 seconds
[2025-01-15T21:49:10.538+0000] {processor.py:157} INFO - Started process (PID=136) to work on /home/airflow/.local/lib/python3.10/site-packages/airflow/example_dags/example_bash_operator.py
[2025-01-15T21:49:10.540+0000] {processor.py:829} INFO - Processing file /home/airflow/.local/lib/python3.10/site-packages/airflow/example_dags/example_bash_operator.py for tasks to queue
[2025-01-15T21:49:10.542+0000] {logging_mixin.py:154} INFO - [2025-01-15T21:49:10.541+0000] {dagbag.py:536} INFO - Filling up the DagBag from /home/airflow/.local/lib/python3.10/site-packages/airflow/example_dags/example_bash_operator.py
[2025-01-15T21:49:10.552+0000] {processor.py:839} INFO - DAG(s) dict_keys(['example_bash_operator']) retrieved from /home/airflow/.local/lib/python3.10/site-packages/airflow/example_dags/example_bash_operator.py
[2025-01-15T21:49:10.579+0000] {logging_mixin.py:154} INFO - [2025-01-15T21:49:10.578+0000] {dag.py:2941} INFO - Sync 1 DAGs
[2025-01-15T21:49:10.601+0000] {logging_mixin.py:154} INFO - [2025-01-15T21:49:10.601+0000] {dag.py:3722} INFO - Setting next_dagrun for example_bash_operator to 2025-01-14T00:00:00+00:00, run_after=2025-01-15T00:00:00+00:00
[2025-01-15T21:49:10.621+0000] {processor.py:179} INFO - Processing /home/airflow/.local/lib/python3.10/site-packages/airflow/example_dags/example_bash_operator.py took 0.085 seconds
[2025-01-15T21:49:41.159+0000] {processor.py:157} INFO - Started process (PID=192) to work on /home/airflow/.local/lib/python3.10/site-packages/airflow/example_dags/example_bash_operator.py
[2025-01-15T21:49:41.161+0000] {processor.py:829} INFO - Processing file /home/airflow/.local/lib/python3.10/site-packages/airflow/example_dags/example_bash_operator.py for tasks to queue
[2025-01-15T21:49:41.163+0000] {logging_mixin.py:154} INFO - [2025-01-15T21:49:41.163+0000] {dagbag.py:536} INFO - Filling up the DagBag from /home/airflow/.local/lib/python3.10/site-packages/airflow/example_dags/example_bash_operator.py
[2025-01-15T21:49:41.174+0000] {processor.py:839} INFO - DAG(s) dict_keys(['example_bash_operator']) retrieved from /home/airflow/.local/lib/python3.10/site-packages/airflow/example_dags/example_bash_operator.py
[2025-01-15T21:49:41.202+0000] {logging_mixin.py:154} INFO - [2025-01-15T21:49:41.202+0000] {dag.py:2941} INFO - Sync 1 DAGs
[2025-01-15T21:49:41.225+0000] {logging_mixin.py:154} INFO - [2025-01-15T21:49:41.225+0000] {dag.py:3722} INFO - Setting next_dagrun for example_bash_operator to 2025-01-14T00:00:00+00:00, run_after=2025-01-15T00:00:00+00:00
[2025-01-15T21:49:41.243+0000] {processor.py:179} INFO - Processing /home/airflow/.local/lib/python3.10/site-packages/airflow/example_dags/example_bash_operator.py took 0.087 seconds
[2025-01-15T21:50:12.065+0000] {processor.py:157} INFO - Started process (PID=249) to work on /home/airflow/.local/lib/python3.10/site-packages/airflow/example_dags/example_bash_operator.py
[2025-01-15T21:50:12.066+0000] {processor.py:829} INFO - Processing file /home/airflow/.local/lib/python3.10/site-packages/airflow/example_dags/example_bash_operator.py for tasks to queue
[2025-01-15T21:50:12.068+0000] {logging_mixin.py:154} INFO - [2025-01-15T21:50:12.068+0000] {dagbag.py:536} INFO - Filling up the DagBag from /home/airflow/.local/lib/python3.10/site-packages/airflow/example_dags/example_bash_operator.py
[2025-01-15T21:50:12.076+0000] {processor.py:839} INFO - DAG(s) dict_keys(['example_bash_operator']) retrieved from /home/airflow/.local/lib/python3.10/site-packages/airflow/example_dags/example_bash_operator.py
[2025-01-15T21:50:12.099+0000] {logging_mixin.py:154} INFO - [2025-01-15T21:50:12.099+0000] {dag.py:2941} INFO - Sync 1 DAGs
[2025-01-15T21:50:12.118+0000] {logging_mixin.py:154} INFO - [2025-01-15T21:50:12.117+0000] {dag.py:3722} INFO - Setting next_dagrun for example_bash_operator to 2025-01-14T00:00:00+00:00, run_after=2025-01-15T00:00:00+00:00
[2025-01-15T21:50:12.138+0000] {processor.py:179} INFO - Processing /home/airflow/.local/lib/python3.10/site-packages/airflow/example_dags/example_bash_operator.py took 0.075 seconds
[2025-01-15T21:50:42.589+0000] {processor.py:157} INFO - Started process (PID=305) to work on /home/airflow/.local/lib/python3.10/site-packages/airflow/example_dags/example_bash_operator.py
[2025-01-15T21:50:42.590+0000] {processor.py:829} INFO - Processing file /home/airflow/.local/lib/python3.10/site-packages/airflow/example_dags/example_bash_operator.py for tasks to queue
[2025-01-15T21:50:42.592+0000] {logging_mixin.py:154} INFO - [2025-01-15T21:50:42.591+0000] {dagbag.py:536} INFO - Filling up the DagBag from /home/airflow/.local/lib/python3.10/site-packages/airflow/example_dags/example_bash_operator.py
[2025-01-15T21:50:42.602+0000] {processor.py:839} INFO - DAG(s) dict_keys(['example_bash_operator']) retrieved from /home/airflow/.local/lib/python3.10/site-packages/airflow/example_dags/example_bash_operator.py
[2025-01-15T21:50:42.628+0000] {logging_mixin.py:154} INFO - [2025-01-15T21:50:42.628+0000] {dag.py:2941} INFO - Sync 1 DAGs
[2025-01-15T21:50:42.649+0000] {logging_mixin.py:154} INFO - [2025-01-15T21:50:42.649+0000] {dag.py:3722} INFO - Setting next_dagrun for example_bash_operator to 2025-01-14T00:00:00+00:00, run_after=2025-01-15T00:00:00+00:00
[2025-01-15T21:50:42.678+0000] {processor.py:179} INFO - Processing /home/airflow/.local/lib/python3.10/site-packages/airflow/example_dags/example_bash_operator.py took 0.092 seconds
[2025-01-15T21:51:12.961+0000] {processor.py:157} INFO - Started process (PID=361) to work on /home/airflow/.local/lib/python3.10/site-packages/airflow/example_dags/example_bash_operator.py
[2025-01-15T21:51:12.962+0000] {processor.py:829} INFO - Processing file /home/airflow/.local/lib/python3.10/site-packages/airflow/example_dags/example_bash_operator.py for tasks to queue
[2025-01-15T21:51:12.964+0000] {logging_mixin.py:154} INFO - [2025-01-15T21:51:12.963+0000] {dagbag.py:536} INFO - Filling up the DagBag from /home/airflow/.local/lib/python3.10/site-packages/airflow/example_dags/example_bash_operator.py
[2025-01-15T21:51:12.974+0000] {processor.py:839} INFO - DAG(s) dict_keys(['example_bash_operator']) retrieved from /home/airflow/.local/lib/python3.10/site-packages/airflow/example_dags/example_bash_operator.py
[2025-01-15T21:51:13.002+0000] {logging_mixin.py:154} INFO - [2025-01-15T21:51:13.002+0000] {dag.py:2941} INFO - Sync 1 DAGs
[2025-01-15T21:51:13.033+0000] {logging_mixin.py:154} INFO - [2025-01-15T21:51:13.032+0000] {dag.py:3722} INFO - Setting next_dagrun for example_bash_operator to 2025-01-14T00:00:00+00:00, run_after=2025-01-15T00:00:00+00:00
[2025-01-15T21:51:13.050+0000] {processor.py:179} INFO - Processing /home/airflow/.local/lib/python3.10/site-packages/airflow/example_dags/example_bash_operator.py took 0.092 seconds
[2025-01-15T21:51:43.086+0000] {processor.py:157} INFO - Started process (PID=417) to work on /home/airflow/.local/lib/python3.10/site-packages/airflow/example_dags/example_bash_operator.py
[2025-01-15T21:51:43.087+0000] {processor.py:829} INFO - Processing file /home/airflow/.local/lib/python3.10/site-packages/airflow/example_dags/example_bash_operator.py for tasks to queue
[2025-01-15T21:51:43.089+0000] {logging_mixin.py:154} INFO - [2025-01-15T21:51:43.089+0000] {dagbag.py:536} INFO - Filling up the DagBag from /home/airflow/.local/lib/python3.10/site-packages/airflow/example_dags/example_bash_operator.py
[2025-01-15T21:51:43.099+0000] {processor.py:839} INFO - DAG(s) dict_keys(['example_bash_operator']) retrieved from /home/airflow/.local/lib/python3.10/site-packages/airflow/example_dags/example_bash_operator.py
[2025-01-15T21:51:43.125+0000] {logging_mixin.py:154} INFO - [2025-01-15T21:51:43.125+0000] {dag.py:2941} INFO - Sync 1 DAGs
[2025-01-15T21:51:43.148+0000] {logging_mixin.py:154} INFO - [2025-01-15T21:51:43.148+0000] {dag.py:3722} INFO - Setting next_dagrun for example_bash_operator to 2025-01-14T00:00:00+00:00, run_after=2025-01-15T00:00:00+00:00
[2025-01-15T21:51:43.165+0000] {processor.py:179} INFO - Processing /home/airflow/.local/lib/python3.10/site-packages/airflow/example_dags/example_bash_operator.py took 0.082 seconds
[2025-01-15T21:52:14.258+0000] {processor.py:157} INFO - Started process (PID=473) to work on /home/airflow/.local/lib/python3.10/site-packages/airflow/example_dags/example_bash_operator.py
[2025-01-15T21:52:14.259+0000] {processor.py:829} INFO - Processing file /home/airflow/.local/lib/python3.10/site-packages/airflow/example_dags/example_bash_operator.py for tasks to queue
[2025-01-15T21:52:14.261+0000] {logging_mixin.py:154} INFO - [2025-01-15T21:52:14.261+0000] {dagbag.py:536} INFO - Filling up the DagBag from /home/airflow/.local/lib/python3.10/site-packages/airflow/example_dags/example_bash_operator.py
[2025-01-15T21:52:14.271+0000] {processor.py:839} INFO - DAG(s) dict_keys(['example_bash_operator']) retrieved from /home/airflow/.local/lib/python3.10/site-packages/airflow/example_dags/example_bash_operator.py
[2025-01-15T21:52:14.297+0000] {logging_mixin.py:154} INFO - [2025-01-15T21:52:14.296+0000] {dag.py:2941} INFO - Sync 1 DAGs
[2025-01-15T21:52:14.317+0000] {logging_mixin.py:154} INFO - [2025-01-15T21:52:14.317+0000] {dag.py:3722} INFO - Setting next_dagrun for example_bash_operator to 2025-01-14T00:00:00+00:00, run_after=2025-01-15T00:00:00+00:00
[2025-01-15T21:52:14.333+0000] {processor.py:179} INFO - Processing /home/airflow/.local/lib/python3.10/site-packages/airflow/example_dags/example_bash_operator.py took 0.077 seconds
[2025-01-15T21:52:44.968+0000] {processor.py:157} INFO - Started process (PID=529) to work on /home/airflow/.local/lib/python3.10/site-packages/airflow/example_dags/example_bash_operator.py
[2025-01-15T21:52:44.969+0000] {processor.py:829} INFO - Processing file /home/airflow/.local/lib/python3.10/site-packages/airflow/example_dags/example_bash_operator.py for tasks to queue
[2025-01-15T21:52:44.971+0000] {logging_mixin.py:154} INFO - [2025-01-15T21:52:44.970+0000] {dagbag.py:536} INFO - Filling up the DagBag from /home/airflow/.local/lib/python3.10/site-packages/airflow/example_dags/example_bash_operator.py
[2025-01-15T21:52:44.981+0000] {processor.py:839} INFO - DAG(s) dict_keys(['example_bash_operator']) retrieved from /home/airflow/.local/lib/python3.10/site-packages/airflow/example_dags/example_bash_operator.py
[2025-01-15T21:52:45.007+0000] {logging_mixin.py:154} INFO - [2025-01-15T21:52:45.006+0000] {dag.py:2941} INFO - Sync 1 DAGs
[2025-01-15T21:52:45.029+0000] {logging_mixin.py:154} INFO - [2025-01-15T21:52:45.029+0000] {dag.py:3722} INFO - Setting next_dagrun for example_bash_operator to 2025-01-14T00:00:00+00:00, run_after=2025-01-15T00:00:00+00:00
[2025-01-15T21:52:45.045+0000] {processor.py:179} INFO - Processing /home/airflow/.local/lib/python3.10/site-packages/airflow/example_dags/example_bash_operator.py took 0.080 seconds
[2025-01-15T21:53:15.840+0000] {processor.py:157} INFO - Started process (PID=585) to work on /home/airflow/.local/lib/python3.10/site-packages/airflow/example_dags/example_bash_operator.py
[2025-01-15T21:53:15.841+0000] {processor.py:829} INFO - Processing file /home/airflow/.local/lib/python3.10/site-packages/airflow/example_dags/example_bash_operator.py for tasks to queue
[2025-01-15T21:53:15.843+0000] {logging_mixin.py:154} INFO - [2025-01-15T21:53:15.843+0000] {dagbag.py:536} INFO - Filling up the DagBag from /home/airflow/.local/lib/python3.10/site-packages/airflow/example_dags/example_bash_operator.py
[2025-01-15T21:53:15.853+0000] {processor.py:839} INFO - DAG(s) dict_keys(['example_bash_operator']) retrieved from /home/airflow/.local/lib/python3.10/site-packages/airflow/example_dags/example_bash_operator.py
[2025-01-15T21:53:15.880+0000] {logging_mixin.py:154} INFO - [2025-01-15T21:53:15.880+0000] {dag.py:2941} INFO - Sync 1 DAGs
[2025-01-15T21:53:15.903+0000] {logging_mixin.py:154} INFO - [2025-01-15T21:53:15.903+0000] {dag.py:3722} INFO - Setting next_dagrun for example_bash_operator to 2025-01-14T00:00:00+00:00, run_after=2025-01-15T00:00:00+00:00
[2025-01-15T21:53:15.918+0000] {processor.py:179} INFO - Processing /home/airflow/.local/lib/python3.10/site-packages/airflow/example_dags/example_bash_operator.py took 0.081 seconds
[2025-01-15T21:53:47.133+0000] {processor.py:157} INFO - Started process (PID=641) to work on /home/airflow/.local/lib/python3.10/site-packages/airflow/example_dags/example_bash_operator.py
[2025-01-15T21:53:47.133+0000] {processor.py:829} INFO - Processing file /home/airflow/.local/lib/python3.10/site-packages/airflow/example_dags/example_bash_operator.py for tasks to queue
[2025-01-15T21:53:47.136+0000] {logging_mixin.py:154} INFO - [2025-01-15T21:53:47.135+0000] {dagbag.py:536} INFO - Filling up the DagBag from /home/airflow/.local/lib/python3.10/site-packages/airflow/example_dags/example_bash_operator.py
[2025-01-15T21:53:47.146+0000] {processor.py:839} INFO - DAG(s) dict_keys(['example_bash_operator']) retrieved from /home/airflow/.local/lib/python3.10/site-packages/airflow/example_dags/example_bash_operator.py
[2025-01-15T21:53:47.172+0000] {logging_mixin.py:154} INFO - [2025-01-15T21:53:47.172+0000] {dag.py:2941} INFO - Sync 1 DAGs
[2025-01-15T21:53:47.194+0000] {logging_mixin.py:154} INFO - [2025-01-15T21:53:47.194+0000] {dag.py:3722} INFO - Setting next_dagrun for example_bash_operator to 2025-01-14T00:00:00+00:00, run_after=2025-01-15T00:00:00+00:00
[2025-01-15T21:53:47.212+0000] {processor.py:179} INFO - Processing /home/airflow/.local/lib/python3.10/site-packages/airflow/example_dags/example_bash_operator.py took 0.082 seconds
[2025-01-15T21:54:18.066+0000] {processor.py:157} INFO - Started process (PID=697) to work on /home/airflow/.local/lib/python3.10/site-packages/airflow/example_dags/example_bash_operator.py
[2025-01-15T21:54:18.066+0000] {processor.py:829} INFO - Processing file /home/airflow/.local/lib/python3.10/site-packages/airflow/example_dags/example_bash_operator.py for tasks to queue
[2025-01-15T21:54:18.069+0000] {logging_mixin.py:154} INFO - [2025-01-15T21:54:18.068+0000] {dagbag.py:536} INFO - Filling up the DagBag from /home/airflow/.local/lib/python3.10/site-packages/airflow/example_dags/example_bash_operator.py
[2025-01-15T21:54:18.079+0000] {processor.py:839} INFO - DAG(s) dict_keys(['example_bash_operator']) retrieved from /home/airflow/.local/lib/python3.10/site-packages/airflow/example_dags/example_bash_operator.py
[2025-01-15T21:54:18.109+0000] {logging_mixin.py:154} INFO - [2025-01-15T21:54:18.109+0000] {dag.py:2941} INFO - Sync 1 DAGs
[2025-01-15T21:54:18.134+0000] {logging_mixin.py:154} INFO - [2025-01-15T21:54:18.134+0000] {dag.py:3722} INFO - Setting next_dagrun for example_bash_operator to 2025-01-14T00:00:00+00:00, run_after=2025-01-15T00:00:00+00:00
[2025-01-15T21:54:18.151+0000] {processor.py:179} INFO - Processing /home/airflow/.local/lib/python3.10/site-packages/airflow/example_dags/example_bash_operator.py took 0.088 seconds
[2025-01-15T21:54:49.208+0000] {processor.py:157} INFO - Started process (PID=753) to work on /home/airflow/.local/lib/python3.10/site-packages/airflow/example_dags/example_bash_operator.py
[2025-01-15T21:54:49.208+0000] {processor.py:829} INFO - Processing file /home/airflow/.local/lib/python3.10/site-packages/airflow/example_dags/example_bash_operator.py for tasks to queue
[2025-01-15T21:54:49.210+0000] {logging_mixin.py:154} INFO - [2025-01-15T21:54:49.210+0000] {dagbag.py:536} INFO - Filling up the DagBag from /home/airflow/.local/lib/python3.10/site-packages/airflow/example_dags/example_bash_operator.py
[2025-01-15T21:54:49.220+0000] {processor.py:839} INFO - DAG(s) dict_keys(['example_bash_operator']) retrieved from /home/airflow/.local/lib/python3.10/site-packages/airflow/example_dags/example_bash_operator.py
[2025-01-15T21:54:49.245+0000] {logging_mixin.py:154} INFO - [2025-01-15T21:54:49.245+0000] {dag.py:2941} INFO - Sync 1 DAGs
[2025-01-15T21:54:49.266+0000] {logging_mixin.py:154} INFO - [2025-01-15T21:54:49.266+0000] {dag.py:3722} INFO - Setting next_dagrun for example_bash_operator to 2025-01-14T00:00:00+00:00, run_after=2025-01-15T00:00:00+00:00
[2025-01-15T21:54:49.425+0000] {processor.py:179} INFO - Processing /home/airflow/.local/lib/python3.10/site-packages/airflow/example_dags/example_bash_operator.py took 0.220 seconds
[2025-01-15T21:55:19.573+0000] {processor.py:157} INFO - Started process (PID=809) to work on /home/airflow/.local/lib/python3.10/site-packages/airflow/example_dags/example_bash_operator.py
[2025-01-15T21:55:19.574+0000] {processor.py:829} INFO - Processing file /home/airflow/.local/lib/python3.10/site-packages/airflow/example_dags/example_bash_operator.py for tasks to queue
[2025-01-15T21:55:19.576+0000] {logging_mixin.py:154} INFO - [2025-01-15T21:55:19.576+0000] {dagbag.py:536} INFO - Filling up the DagBag from /home/airflow/.local/lib/python3.10/site-packages/airflow/example_dags/example_bash_operator.py
[2025-01-15T21:55:19.585+0000] {processor.py:839} INFO - DAG(s) dict_keys(['example_bash_operator']) retrieved from /home/airflow/.local/lib/python3.10/site-packages/airflow/example_dags/example_bash_operator.py
[2025-01-15T21:55:19.610+0000] {logging_mixin.py:154} INFO - [2025-01-15T21:55:19.610+0000] {dag.py:2941} INFO - Sync 1 DAGs
[2025-01-15T21:55:19.630+0000] {logging_mixin.py:154} INFO - [2025-01-15T21:55:19.630+0000] {dag.py:3722} INFO - Setting next_dagrun for example_bash_operator to 2025-01-14T00:00:00+00:00, run_after=2025-01-15T00:00:00+00:00
[2025-01-15T21:55:19.647+0000] {processor.py:179} INFO - Processing /home/airflow/.local/lib/python3.10/site-packages/airflow/example_dags/example_bash_operator.py took 0.077 seconds
[2025-01-15T21:55:50.940+0000] {processor.py:157} INFO - Started process (PID=872) to work on /home/airflow/.local/lib/python3.10/site-packages/airflow/example_dags/example_bash_operator.py
[2025-01-15T21:55:50.941+0000] {processor.py:829} INFO - Processing file /home/airflow/.local/lib/python3.10/site-packages/airflow/example_dags/example_bash_operator.py for tasks to queue
[2025-01-15T21:55:50.943+0000] {logging_mixin.py:154} INFO - [2025-01-15T21:55:50.943+0000] {dagbag.py:536} INFO - Filling up the DagBag from /home/airflow/.local/lib/python3.10/site-packages/airflow/example_dags/example_bash_operator.py
[2025-01-15T21:55:50.953+0000] {processor.py:839} INFO - DAG(s) dict_keys(['example_bash_operator']) retrieved from /home/airflow/.local/lib/python3.10/site-packages/airflow/example_dags/example_bash_operator.py
[2025-01-15T21:55:50.979+0000] {logging_mixin.py:154} INFO - [2025-01-15T21:55:50.979+0000] {dag.py:2941} INFO - Sync 1 DAGs
[2025-01-15T21:55:51.000+0000] {logging_mixin.py:154} INFO - [2025-01-15T21:55:51.000+0000] {dag.py:3722} INFO - Setting next_dagrun for example_bash_operator to 2025-01-14T00:00:00+00:00, run_after=2025-01-15T00:00:00+00:00
[2025-01-15T21:55:51.016+0000] {processor.py:179} INFO - Processing /home/airflow/.local/lib/python3.10/site-packages/airflow/example_dags/example_bash_operator.py took 0.079 seconds
[2025-01-15T21:56:22.100+0000] {processor.py:157} INFO - Started process (PID=933) to work on /home/airflow/.local/lib/python3.10/site-packages/airflow/example_dags/example_bash_operator.py
[2025-01-15T21:56:22.101+0000] {processor.py:829} INFO - Processing file /home/airflow/.local/lib/python3.10/site-packages/airflow/example_dags/example_bash_operator.py for tasks to queue
[2025-01-15T21:56:22.103+0000] {logging_mixin.py:154} INFO - [2025-01-15T21:56:22.103+0000] {dagbag.py:536} INFO - Filling up the DagBag from /home/airflow/.local/lib/python3.10/site-packages/airflow/example_dags/example_bash_operator.py
[2025-01-15T21:56:22.114+0000] {processor.py:839} INFO - DAG(s) dict_keys(['example_bash_operator']) retrieved from /home/airflow/.local/lib/python3.10/site-packages/airflow/example_dags/example_bash_operator.py
[2025-01-15T21:56:22.140+0000] {logging_mixin.py:154} INFO - [2025-01-15T21:56:22.140+0000] {dag.py:2941} INFO - Sync 1 DAGs
[2025-01-15T21:56:22.162+0000] {logging_mixin.py:154} INFO - [2025-01-15T21:56:22.162+0000] {dag.py:3722} INFO - Setting next_dagrun for example_bash_operator to 2025-01-14T00:00:00+00:00, run_after=2025-01-15T00:00:00+00:00
[2025-01-15T21:56:22.178+0000] {processor.py:179} INFO - Processing /home/airflow/.local/lib/python3.10/site-packages/airflow/example_dags/example_bash_operator.py took 0.081 seconds
[2025-01-15T21:56:52.718+0000] {processor.py:157} INFO - Started process (PID=984) to work on /home/airflow/.local/lib/python3.10/site-packages/airflow/example_dags/example_bash_operator.py
[2025-01-15T21:56:52.719+0000] {processor.py:829} INFO - Processing file /home/airflow/.local/lib/python3.10/site-packages/airflow/example_dags/example_bash_operator.py for tasks to queue
[2025-01-15T21:56:52.721+0000] {logging_mixin.py:154} INFO - [2025-01-15T21:56:52.720+0000] {dagbag.py:536} INFO - Filling up the DagBag from /home/airflow/.local/lib/python3.10/site-packages/airflow/example_dags/example_bash_operator.py
[2025-01-15T21:56:52.731+0000] {processor.py:839} INFO - DAG(s) dict_keys(['example_bash_operator']) retrieved from /home/airflow/.local/lib/python3.10/site-packages/airflow/example_dags/example_bash_operator.py
[2025-01-15T21:56:52.757+0000] {logging_mixin.py:154} INFO - [2025-01-15T21:56:52.757+0000] {dag.py:2941} INFO - Sync 1 DAGs
[2025-01-15T21:56:52.780+0000] {logging_mixin.py:154} INFO - [2025-01-15T21:56:52.780+0000] {dag.py:3722} INFO - Setting next_dagrun for example_bash_operator to 2025-01-14T00:00:00+00:00, run_after=2025-01-15T00:00:00+00:00
[2025-01-15T21:56:52.795+0000] {processor.py:179} INFO - Processing /home/airflow/.local/lib/python3.10/site-packages/airflow/example_dags/example_bash_operator.py took 0.081 seconds
[2025-01-15T21:57:23.108+0000] {processor.py:157} INFO - Started process (PID=1040) to work on /home/airflow/.local/lib/python3.10/site-packages/airflow/example_dags/example_bash_operator.py
[2025-01-15T21:57:23.109+0000] {processor.py:829} INFO - Processing file /home/airflow/.local/lib/python3.10/site-packages/airflow/example_dags/example_bash_operator.py for tasks to queue
[2025-01-15T21:57:23.111+0000] {logging_mixin.py:154} INFO - [2025-01-15T21:57:23.111+0000] {dagbag.py:536} INFO - Filling up the DagBag from /home/airflow/.local/lib/python3.10/site-packages/airflow/example_dags/example_bash_operator.py
[2025-01-15T21:57:23.120+0000] {processor.py:839} INFO - DAG(s) dict_keys(['example_bash_operator']) retrieved from /home/airflow/.local/lib/python3.10/site-packages/airflow/example_dags/example_bash_operator.py
[2025-01-15T21:57:23.143+0000] {logging_mixin.py:154} INFO - [2025-01-15T21:57:23.143+0000] {dag.py:2941} INFO - Sync 1 DAGs
[2025-01-15T21:57:23.162+0000] {logging_mixin.py:154} INFO - [2025-01-15T21:57:23.162+0000] {dag.py:3722} INFO - Setting next_dagrun for example_bash_operator to 2025-01-14T00:00:00+00:00, run_after=2025-01-15T00:00:00+00:00
[2025-01-15T21:57:23.177+0000] {processor.py:179} INFO - Processing /home/airflow/.local/lib/python3.10/site-packages/airflow/example_dags/example_bash_operator.py took 0.072 seconds
[2025-01-15T21:57:53.564+0000] {processor.py:157} INFO - Started process (PID=1096) to work on /home/airflow/.local/lib/python3.10/site-packages/airflow/example_dags/example_bash_operator.py
[2025-01-15T21:57:53.565+0000] {processor.py:829} INFO - Processing file /home/airflow/.local/lib/python3.10/site-packages/airflow/example_dags/example_bash_operator.py for tasks to queue
[2025-01-15T21:57:53.567+0000] {logging_mixin.py:154} INFO - [2025-01-15T21:57:53.566+0000] {dagbag.py:536} INFO - Filling up the DagBag from /home/airflow/.local/lib/python3.10/site-packages/airflow/example_dags/example_bash_operator.py
[2025-01-15T21:57:53.577+0000] {processor.py:839} INFO - DAG(s) dict_keys(['example_bash_operator']) retrieved from /home/airflow/.local/lib/python3.10/site-packages/airflow/example_dags/example_bash_operator.py
[2025-01-15T21:57:53.603+0000] {logging_mixin.py:154} INFO - [2025-01-15T21:57:53.603+0000] {dag.py:2941} INFO - Sync 1 DAGs
[2025-01-15T21:57:53.765+0000] {logging_mixin.py:154} INFO - [2025-01-15T21:57:53.765+0000] {dag.py:3722} INFO - Setting next_dagrun for example_bash_operator to 2025-01-14T00:00:00+00:00, run_after=2025-01-15T00:00:00+00:00
[2025-01-15T21:57:53.779+0000] {processor.py:179} INFO - Processing /home/airflow/.local/lib/python3.10/site-packages/airflow/example_dags/example_bash_operator.py took 0.218 seconds
[2025-01-15T21:58:24.013+0000] {processor.py:157} INFO - Started process (PID=1152) to work on /home/airflow/.local/lib/python3.10/site-packages/airflow/example_dags/example_bash_operator.py
[2025-01-15T21:58:24.014+0000] {processor.py:829} INFO - Processing file /home/airflow/.local/lib/python3.10/site-packages/airflow/example_dags/example_bash_operator.py for tasks to queue
[2025-01-15T21:58:24.016+0000] {logging_mixin.py:154} INFO - [2025-01-15T21:58:24.016+0000] {dagbag.py:536} INFO - Filling up the DagBag from /home/airflow/.local/lib/python3.10/site-packages/airflow/example_dags/example_bash_operator.py
[2025-01-15T21:58:24.027+0000] {processor.py:839} INFO - DAG(s) dict_keys(['example_bash_operator']) retrieved from /home/airflow/.local/lib/python3.10/site-packages/airflow/example_dags/example_bash_operator.py
[2025-01-15T21:58:24.058+0000] {logging_mixin.py:154} INFO - [2025-01-15T21:58:24.057+0000] {dag.py:2941} INFO - Sync 1 DAGs
[2025-01-15T21:58:24.081+0000] {logging_mixin.py:154} INFO - [2025-01-15T21:58:24.081+0000] {dag.py:3722} INFO - Setting next_dagrun for example_bash_operator to 2025-01-14T00:00:00+00:00, run_after=2025-01-15T00:00:00+00:00
[2025-01-15T21:58:24.100+0000] {processor.py:179} INFO - Processing /home/airflow/.local/lib/python3.10/site-packages/airflow/example_dags/example_bash_operator.py took 0.090 seconds
[2025-01-15T21:58:54.685+0000] {processor.py:157} INFO - Started process (PID=1208) to work on /home/airflow/.local/lib/python3.10/site-packages/airflow/example_dags/example_bash_operator.py
[2025-01-15T21:58:54.686+0000] {processor.py:829} INFO - Processing file /home/airflow/.local/lib/python3.10/site-packages/airflow/example_dags/example_bash_operator.py for tasks to queue
[2025-01-15T21:58:54.688+0000] {logging_mixin.py:154} INFO - [2025-01-15T21:58:54.688+0000] {dagbag.py:536} INFO - Filling up the DagBag from /home/airflow/.local/lib/python3.10/site-packages/airflow/example_dags/example_bash_operator.py
[2025-01-15T21:58:54.698+0000] {processor.py:839} INFO - DAG(s) dict_keys(['example_bash_operator']) retrieved from /home/airflow/.local/lib/python3.10/site-packages/airflow/example_dags/example_bash_operator.py
[2025-01-15T21:58:54.726+0000] {logging_mixin.py:154} INFO - [2025-01-15T21:58:54.726+0000] {dag.py:2941} INFO - Sync 1 DAGs
[2025-01-15T21:58:54.748+0000] {logging_mixin.py:154} INFO - [2025-01-15T21:58:54.748+0000] {dag.py:3722} INFO - Setting next_dagrun for example_bash_operator to 2025-01-14T00:00:00+00:00, run_after=2025-01-15T00:00:00+00:00
[2025-01-15T21:58:54.766+0000] {processor.py:179} INFO - Processing /home/airflow/.local/lib/python3.10/site-packages/airflow/example_dags/example_bash_operator.py took 0.084 seconds
[2025-01-15T21:59:25.633+0000] {processor.py:157} INFO - Started process (PID=1264) to work on /home/airflow/.local/lib/python3.10/site-packages/airflow/example_dags/example_bash_operator.py
[2025-01-15T21:59:25.634+0000] {processor.py:829} INFO - Processing file /home/airflow/.local/lib/python3.10/site-packages/airflow/example_dags/example_bash_operator.py for tasks to queue
[2025-01-15T21:59:25.636+0000] {logging_mixin.py:154} INFO - [2025-01-15T21:59:25.636+0000] {dagbag.py:536} INFO - Filling up the DagBag from /home/airflow/.local/lib/python3.10/site-packages/airflow/example_dags/example_bash_operator.py
[2025-01-15T21:59:25.646+0000] {processor.py:839} INFO - DAG(s) dict_keys(['example_bash_operator']) retrieved from /home/airflow/.local/lib/python3.10/site-packages/airflow/example_dags/example_bash_operator.py
[2025-01-15T21:59:25.673+0000] {logging_mixin.py:154} INFO - [2025-01-15T21:59:25.673+0000] {dag.py:2941} INFO - Sync 1 DAGs
[2025-01-15T21:59:25.857+0000] {logging_mixin.py:154} INFO - [2025-01-15T21:59:25.856+0000] {dag.py:3722} INFO - Setting next_dagrun for example_bash_operator to 2025-01-14T00:00:00+00:00, run_after=2025-01-15T00:00:00+00:00
[2025-01-15T21:59:25.875+0000] {processor.py:179} INFO - Processing /home/airflow/.local/lib/python3.10/site-packages/airflow/example_dags/example_bash_operator.py took 0.245 seconds
[2025-01-15T21:59:55.968+0000] {processor.py:157} INFO - Started process (PID=1320) to work on /home/airflow/.local/lib/python3.10/site-packages/airflow/example_dags/example_bash_operator.py
[2025-01-15T21:59:55.969+0000] {processor.py:829} INFO - Processing file /home/airflow/.local/lib/python3.10/site-packages/airflow/example_dags/example_bash_operator.py for tasks to queue
[2025-01-15T21:59:55.971+0000] {logging_mixin.py:154} INFO - [2025-01-15T21:59:55.971+0000] {dagbag.py:536} INFO - Filling up the DagBag from /home/airflow/.local/lib/python3.10/site-packages/airflow/example_dags/example_bash_operator.py
[2025-01-15T21:59:55.981+0000] {processor.py:839} INFO - DAG(s) dict_keys(['example_bash_operator']) retrieved from /home/airflow/.local/lib/python3.10/site-packages/airflow/example_dags/example_bash_operator.py
[2025-01-15T21:59:56.009+0000] {logging_mixin.py:154} INFO - [2025-01-15T21:59:56.009+0000] {dag.py:2941} INFO - Sync 1 DAGs
[2025-01-15T21:59:56.031+0000] {logging_mixin.py:154} INFO - [2025-01-15T21:59:56.031+0000] {dag.py:3722} INFO - Setting next_dagrun for example_bash_operator to 2025-01-14T00:00:00+00:00, run_after=2025-01-15T00:00:00+00:00
[2025-01-15T21:59:56.240+0000] {processor.py:179} INFO - Processing /home/airflow/.local/lib/python3.10/site-packages/airflow/example_dags/example_bash_operator.py took 0.275 seconds
[2025-01-15T22:00:27.220+0000] {processor.py:157} INFO - Started process (PID=1376) to work on /home/airflow/.local/lib/python3.10/site-packages/airflow/example_dags/example_bash_operator.py
[2025-01-15T22:00:27.221+0000] {processor.py:829} INFO - Processing file /home/airflow/.local/lib/python3.10/site-packages/airflow/example_dags/example_bash_operator.py for tasks to queue
[2025-01-15T22:00:27.223+0000] {logging_mixin.py:154} INFO - [2025-01-15T22:00:27.223+0000] {dagbag.py:536} INFO - Filling up the DagBag from /home/airflow/.local/lib/python3.10/site-packages/airflow/example_dags/example_bash_operator.py
[2025-01-15T22:00:27.234+0000] {processor.py:839} INFO - DAG(s) dict_keys(['example_bash_operator']) retrieved from /home/airflow/.local/lib/python3.10/site-packages/airflow/example_dags/example_bash_operator.py
[2025-01-15T22:00:27.264+0000] {logging_mixin.py:154} INFO - [2025-01-15T22:00:27.263+0000] {dag.py:2941} INFO - Sync 1 DAGs
[2025-01-15T22:00:27.293+0000] {logging_mixin.py:154} INFO - [2025-01-15T22:00:27.292+0000] {dag.py:3722} INFO - Setting next_dagrun for example_bash_operator to 2025-01-14T00:00:00+00:00, run_after=2025-01-15T00:00:00+00:00
[2025-01-15T22:00:27.313+0000] {processor.py:179} INFO - Processing /home/airflow/.local/lib/python3.10/site-packages/airflow/example_dags/example_bash_operator.py took 0.096 seconds
[2025-01-15T22:00:58.251+0000] {processor.py:157} INFO - Started process (PID=1432) to work on /home/airflow/.local/lib/python3.10/site-packages/airflow/example_dags/example_bash_operator.py
[2025-01-15T22:00:58.252+0000] {processor.py:829} INFO - Processing file /home/airflow/.local/lib/python3.10/site-packages/airflow/example_dags/example_bash_operator.py for tasks to queue
[2025-01-15T22:00:58.255+0000] {logging_mixin.py:154} INFO - [2025-01-15T22:00:58.254+0000] {dagbag.py:536} INFO - Filling up the DagBag from /home/airflow/.local/lib/python3.10/site-packages/airflow/example_dags/example_bash_operator.py
[2025-01-15T22:00:58.265+0000] {processor.py:839} INFO - DAG(s) dict_keys(['example_bash_operator']) retrieved from /home/airflow/.local/lib/python3.10/site-packages/airflow/example_dags/example_bash_operator.py
[2025-01-15T22:00:58.293+0000] {logging_mixin.py:154} INFO - [2025-01-15T22:00:58.293+0000] {dag.py:2941} INFO - Sync 1 DAGs
[2025-01-15T22:00:58.463+0000] {logging_mixin.py:154} INFO - [2025-01-15T22:00:58.463+0000] {dag.py:3722} INFO - Setting next_dagrun for example_bash_operator to 2025-01-14T00:00:00+00:00, run_after=2025-01-15T00:00:00+00:00
[2025-01-15T22:00:58.478+0000] {processor.py:179} INFO - Processing /home/airflow/.local/lib/python3.10/site-packages/airflow/example_dags/example_bash_operator.py took 0.229 seconds
[2025-01-15T22:01:28.612+0000] {processor.py:157} INFO - Started process (PID=1488) to work on /home/airflow/.local/lib/python3.10/site-packages/airflow/example_dags/example_bash_operator.py
[2025-01-15T22:01:28.613+0000] {processor.py:829} INFO - Processing file /home/airflow/.local/lib/python3.10/site-packages/airflow/example_dags/example_bash_operator.py for tasks to queue
[2025-01-15T22:01:28.615+0000] {logging_mixin.py:154} INFO - [2025-01-15T22:01:28.615+0000] {dagbag.py:536} INFO - Filling up the DagBag from /home/airflow/.local/lib/python3.10/site-packages/airflow/example_dags/example_bash_operator.py
[2025-01-15T22:01:28.626+0000] {processor.py:839} INFO - DAG(s) dict_keys(['example_bash_operator']) retrieved from /home/airflow/.local/lib/python3.10/site-packages/airflow/example_dags/example_bash_operator.py
[2025-01-15T22:01:28.656+0000] {logging_mixin.py:154} INFO - [2025-01-15T22:01:28.656+0000] {dag.py:2941} INFO - Sync 1 DAGs
[2025-01-15T22:01:28.679+0000] {logging_mixin.py:154} INFO - [2025-01-15T22:01:28.679+0000] {dag.py:3722} INFO - Setting next_dagrun for example_bash_operator to 2025-01-14T00:00:00+00:00, run_after=2025-01-15T00:00:00+00:00
[2025-01-15T22:01:28.697+0000] {processor.py:179} INFO - Processing /home/airflow/.local/lib/python3.10/site-packages/airflow/example_dags/example_bash_operator.py took 0.088 seconds
[2025-01-15T22:01:59.308+0000] {processor.py:157} INFO - Started process (PID=1544) to work on /home/airflow/.local/lib/python3.10/site-packages/airflow/example_dags/example_bash_operator.py
[2025-01-15T22:01:59.309+0000] {processor.py:829} INFO - Processing file /home/airflow/.local/lib/python3.10/site-packages/airflow/example_dags/example_bash_operator.py for tasks to queue
[2025-01-15T22:01:59.312+0000] {logging_mixin.py:154} INFO - [2025-01-15T22:01:59.311+0000] {dagbag.py:536} INFO - Filling up the DagBag from /home/airflow/.local/lib/python3.10/site-packages/airflow/example_dags/example_bash_operator.py
[2025-01-15T22:01:59.322+0000] {processor.py:839} INFO - DAG(s) dict_keys(['example_bash_operator']) retrieved from /home/airflow/.local/lib/python3.10/site-packages/airflow/example_dags/example_bash_operator.py
[2025-01-15T22:01:59.348+0000] {logging_mixin.py:154} INFO - [2025-01-15T22:01:59.348+0000] {dag.py:2941} INFO - Sync 1 DAGs
[2025-01-15T22:01:59.369+0000] {logging_mixin.py:154} INFO - [2025-01-15T22:01:59.369+0000] {dag.py:3722} INFO - Setting next_dagrun for example_bash_operator to 2025-01-14T00:00:00+00:00, run_after=2025-01-15T00:00:00+00:00
[2025-01-15T22:01:59.384+0000] {processor.py:179} INFO - Processing /home/airflow/.local/lib/python3.10/site-packages/airflow/example_dags/example_bash_operator.py took 0.079 seconds
[2025-01-15T22:02:30.084+0000] {processor.py:157} INFO - Started process (PID=1600) to work on /home/airflow/.local/lib/python3.10/site-packages/airflow/example_dags/example_bash_operator.py
[2025-01-15T22:02:30.085+0000] {processor.py:829} INFO - Processing file /home/airflow/.local/lib/python3.10/site-packages/airflow/example_dags/example_bash_operator.py for tasks to queue
[2025-01-15T22:02:30.087+0000] {logging_mixin.py:154} INFO - [2025-01-15T22:02:30.087+0000] {dagbag.py:536} INFO - Filling up the DagBag from /home/airflow/.local/lib/python3.10/site-packages/airflow/example_dags/example_bash_operator.py
[2025-01-15T22:02:30.097+0000] {processor.py:839} INFO - DAG(s) dict_keys(['example_bash_operator']) retrieved from /home/airflow/.local/lib/python3.10/site-packages/airflow/example_dags/example_bash_operator.py
[2025-01-15T22:02:30.123+0000] {logging_mixin.py:154} INFO - [2025-01-15T22:02:30.123+0000] {dag.py:2941} INFO - Sync 1 DAGs
[2025-01-15T22:02:30.305+0000] {logging_mixin.py:154} INFO - [2025-01-15T22:02:30.305+0000] {dag.py:3722} INFO - Setting next_dagrun for example_bash_operator to 2025-01-14T00:00:00+00:00, run_after=2025-01-15T00:00:00+00:00
[2025-01-15T22:02:30.324+0000] {processor.py:179} INFO - Processing /home/airflow/.local/lib/python3.10/site-packages/airflow/example_dags/example_bash_operator.py took 0.243 seconds
[2025-01-15T22:04:08.490+0000] {processor.py:157} INFO - Started process (PID=80) to work on /home/airflow/.local/lib/python3.10/site-packages/airflow/example_dags/example_bash_operator.py
[2025-01-15T22:04:08.491+0000] {processor.py:829} INFO - Processing file /home/airflow/.local/lib/python3.10/site-packages/airflow/example_dags/example_bash_operator.py for tasks to queue
[2025-01-15T22:04:08.493+0000] {logging_mixin.py:154} INFO - [2025-01-15T22:04:08.493+0000] {dagbag.py:536} INFO - Filling up the DagBag from /home/airflow/.local/lib/python3.10/site-packages/airflow/example_dags/example_bash_operator.py
[2025-01-15T22:04:08.507+0000] {processor.py:839} INFO - DAG(s) dict_keys(['example_bash_operator']) retrieved from /home/airflow/.local/lib/python3.10/site-packages/airflow/example_dags/example_bash_operator.py
[2025-01-15T22:04:08.522+0000] {logging_mixin.py:154} INFO - [2025-01-15T22:04:08.521+0000] {dag.py:2941} INFO - Sync 1 DAGs
[2025-01-15T22:04:08.553+0000] {logging_mixin.py:154} INFO - [2025-01-15T22:04:08.553+0000] {dag.py:3722} INFO - Setting next_dagrun for example_bash_operator to 2025-01-14T00:00:00+00:00, run_after=2025-01-15T00:00:00+00:00
[2025-01-15T22:04:08.575+0000] {processor.py:179} INFO - Processing /home/airflow/.local/lib/python3.10/site-packages/airflow/example_dags/example_bash_operator.py took 0.088 seconds
[2025-01-15T22:04:39.836+0000] {processor.py:157} INFO - Started process (PID=136) to work on /home/airflow/.local/lib/python3.10/site-packages/airflow/example_dags/example_bash_operator.py
[2025-01-15T22:04:39.837+0000] {processor.py:829} INFO - Processing file /home/airflow/.local/lib/python3.10/site-packages/airflow/example_dags/example_bash_operator.py for tasks to queue
[2025-01-15T22:04:39.839+0000] {logging_mixin.py:154} INFO - [2025-01-15T22:04:39.839+0000] {dagbag.py:536} INFO - Filling up the DagBag from /home/airflow/.local/lib/python3.10/site-packages/airflow/example_dags/example_bash_operator.py
[2025-01-15T22:04:39.850+0000] {processor.py:839} INFO - DAG(s) dict_keys(['example_bash_operator']) retrieved from /home/airflow/.local/lib/python3.10/site-packages/airflow/example_dags/example_bash_operator.py
[2025-01-15T22:04:39.878+0000] {logging_mixin.py:154} INFO - [2025-01-15T22:04:39.877+0000] {dag.py:2941} INFO - Sync 1 DAGs
[2025-01-15T22:04:39.902+0000] {logging_mixin.py:154} INFO - [2025-01-15T22:04:39.901+0000] {dag.py:3722} INFO - Setting next_dagrun for example_bash_operator to 2025-01-14T00:00:00+00:00, run_after=2025-01-15T00:00:00+00:00
[2025-01-15T22:04:39.919+0000] {processor.py:179} INFO - Processing /home/airflow/.local/lib/python3.10/site-packages/airflow/example_dags/example_bash_operator.py took 0.086 seconds
[2025-01-15T22:05:10.975+0000] {processor.py:157} INFO - Started process (PID=192) to work on /home/airflow/.local/lib/python3.10/site-packages/airflow/example_dags/example_bash_operator.py
[2025-01-15T22:05:10.976+0000] {processor.py:829} INFO - Processing file /home/airflow/.local/lib/python3.10/site-packages/airflow/example_dags/example_bash_operator.py for tasks to queue
[2025-01-15T22:05:10.979+0000] {logging_mixin.py:154} INFO - [2025-01-15T22:05:10.978+0000] {dagbag.py:536} INFO - Filling up the DagBag from /home/airflow/.local/lib/python3.10/site-packages/airflow/example_dags/example_bash_operator.py
[2025-01-15T22:05:10.990+0000] {processor.py:839} INFO - DAG(s) dict_keys(['example_bash_operator']) retrieved from /home/airflow/.local/lib/python3.10/site-packages/airflow/example_dags/example_bash_operator.py
[2025-01-15T22:05:11.022+0000] {logging_mixin.py:154} INFO - [2025-01-15T22:05:11.022+0000] {dag.py:2941} INFO - Sync 1 DAGs
[2025-01-15T22:05:11.044+0000] {logging_mixin.py:154} INFO - [2025-01-15T22:05:11.044+0000] {dag.py:3722} INFO - Setting next_dagrun for example_bash_operator to 2025-01-14T00:00:00+00:00, run_after=2025-01-15T00:00:00+00:00
[2025-01-15T22:05:11.063+0000] {processor.py:179} INFO - Processing /home/airflow/.local/lib/python3.10/site-packages/airflow/example_dags/example_bash_operator.py took 0.090 seconds
[2025-01-15T22:05:41.574+0000] {processor.py:157} INFO - Started process (PID=248) to work on /home/airflow/.local/lib/python3.10/site-packages/airflow/example_dags/example_bash_operator.py
[2025-01-15T22:05:41.575+0000] {processor.py:829} INFO - Processing file /home/airflow/.local/lib/python3.10/site-packages/airflow/example_dags/example_bash_operator.py for tasks to queue
[2025-01-15T22:05:41.577+0000] {logging_mixin.py:154} INFO - [2025-01-15T22:05:41.577+0000] {dagbag.py:536} INFO - Filling up the DagBag from /home/airflow/.local/lib/python3.10/site-packages/airflow/example_dags/example_bash_operator.py
[2025-01-15T22:05:41.588+0000] {processor.py:839} INFO - DAG(s) dict_keys(['example_bash_operator']) retrieved from /home/airflow/.local/lib/python3.10/site-packages/airflow/example_dags/example_bash_operator.py
[2025-01-15T22:05:41.616+0000] {logging_mixin.py:154} INFO - [2025-01-15T22:05:41.616+0000] {dag.py:2941} INFO - Sync 1 DAGs
[2025-01-15T22:05:41.637+0000] {logging_mixin.py:154} INFO - [2025-01-15T22:05:41.637+0000] {dag.py:3722} INFO - Setting next_dagrun for example_bash_operator to 2025-01-14T00:00:00+00:00, run_after=2025-01-15T00:00:00+00:00
[2025-01-15T22:05:41.656+0000] {processor.py:179} INFO - Processing /home/airflow/.local/lib/python3.10/site-packages/airflow/example_dags/example_bash_operator.py took 0.085 seconds
[2025-01-15T22:06:12.222+0000] {processor.py:157} INFO - Started process (PID=304) to work on /home/airflow/.local/lib/python3.10/site-packages/airflow/example_dags/example_bash_operator.py
[2025-01-15T22:06:12.223+0000] {processor.py:829} INFO - Processing file /home/airflow/.local/lib/python3.10/site-packages/airflow/example_dags/example_bash_operator.py for tasks to queue
[2025-01-15T22:06:12.225+0000] {logging_mixin.py:154} INFO - [2025-01-15T22:06:12.225+0000] {dagbag.py:536} INFO - Filling up the DagBag from /home/airflow/.local/lib/python3.10/site-packages/airflow/example_dags/example_bash_operator.py
[2025-01-15T22:06:12.236+0000] {processor.py:839} INFO - DAG(s) dict_keys(['example_bash_operator']) retrieved from /home/airflow/.local/lib/python3.10/site-packages/airflow/example_dags/example_bash_operator.py
[2025-01-15T22:06:12.263+0000] {logging_mixin.py:154} INFO - [2025-01-15T22:06:12.263+0000] {dag.py:2941} INFO - Sync 1 DAGs
[2025-01-15T22:06:12.288+0000] {logging_mixin.py:154} INFO - [2025-01-15T22:06:12.288+0000] {dag.py:3722} INFO - Setting next_dagrun for example_bash_operator to 2025-01-14T00:00:00+00:00, run_after=2025-01-15T00:00:00+00:00
[2025-01-15T22:06:12.312+0000] {processor.py:179} INFO - Processing /home/airflow/.local/lib/python3.10/site-packages/airflow/example_dags/example_bash_operator.py took 0.093 seconds
[2025-01-15T22:06:42.949+0000] {processor.py:157} INFO - Started process (PID=360) to work on /home/airflow/.local/lib/python3.10/site-packages/airflow/example_dags/example_bash_operator.py
[2025-01-15T22:06:42.950+0000] {processor.py:829} INFO - Processing file /home/airflow/.local/lib/python3.10/site-packages/airflow/example_dags/example_bash_operator.py for tasks to queue
[2025-01-15T22:06:42.952+0000] {logging_mixin.py:154} INFO - [2025-01-15T22:06:42.951+0000] {dagbag.py:536} INFO - Filling up the DagBag from /home/airflow/.local/lib/python3.10/site-packages/airflow/example_dags/example_bash_operator.py
[2025-01-15T22:06:42.966+0000] {processor.py:839} INFO - DAG(s) dict_keys(['example_bash_operator']) retrieved from /home/airflow/.local/lib/python3.10/site-packages/airflow/example_dags/example_bash_operator.py
[2025-01-15T22:06:42.993+0000] {logging_mixin.py:154} INFO - [2025-01-15T22:06:42.993+0000] {dag.py:2941} INFO - Sync 1 DAGs
[2025-01-15T22:06:43.015+0000] {logging_mixin.py:154} INFO - [2025-01-15T22:06:43.015+0000] {dag.py:3722} INFO - Setting next_dagrun for example_bash_operator to 2025-01-14T00:00:00+00:00, run_after=2025-01-15T00:00:00+00:00
[2025-01-15T22:06:43.034+0000] {processor.py:179} INFO - Processing /home/airflow/.local/lib/python3.10/site-packages/airflow/example_dags/example_bash_operator.py took 0.089 seconds
[2025-01-15T22:07:13.531+0000] {processor.py:157} INFO - Started process (PID=416) to work on /home/airflow/.local/lib/python3.10/site-packages/airflow/example_dags/example_bash_operator.py
[2025-01-15T22:07:13.532+0000] {processor.py:829} INFO - Processing file /home/airflow/.local/lib/python3.10/site-packages/airflow/example_dags/example_bash_operator.py for tasks to queue
[2025-01-15T22:07:13.534+0000] {logging_mixin.py:154} INFO - [2025-01-15T22:07:13.534+0000] {dagbag.py:536} INFO - Filling up the DagBag from /home/airflow/.local/lib/python3.10/site-packages/airflow/example_dags/example_bash_operator.py
[2025-01-15T22:07:13.545+0000] {processor.py:839} INFO - DAG(s) dict_keys(['example_bash_operator']) retrieved from /home/airflow/.local/lib/python3.10/site-packages/airflow/example_dags/example_bash_operator.py
[2025-01-15T22:07:13.572+0000] {logging_mixin.py:154} INFO - [2025-01-15T22:07:13.572+0000] {dag.py:2941} INFO - Sync 1 DAGs
[2025-01-15T22:07:13.596+0000] {logging_mixin.py:154} INFO - [2025-01-15T22:07:13.596+0000] {dag.py:3722} INFO - Setting next_dagrun for example_bash_operator to 2025-01-14T00:00:00+00:00, run_after=2025-01-15T00:00:00+00:00
[2025-01-15T22:07:13.615+0000] {processor.py:179} INFO - Processing /home/airflow/.local/lib/python3.10/site-packages/airflow/example_dags/example_bash_operator.py took 0.087 seconds
[2025-01-15T22:08:33.827+0000] {processor.py:157} INFO - Started process (PID=82) to work on /home/airflow/.local/lib/python3.10/site-packages/airflow/example_dags/example_bash_operator.py
[2025-01-15T22:08:33.828+0000] {processor.py:829} INFO - Processing file /home/airflow/.local/lib/python3.10/site-packages/airflow/example_dags/example_bash_operator.py for tasks to queue
[2025-01-15T22:08:33.831+0000] {logging_mixin.py:154} INFO - [2025-01-15T22:08:33.831+0000] {dagbag.py:536} INFO - Filling up the DagBag from /home/airflow/.local/lib/python3.10/site-packages/airflow/example_dags/example_bash_operator.py
[2025-01-15T22:08:33.846+0000] {processor.py:839} INFO - DAG(s) dict_keys(['example_bash_operator']) retrieved from /home/airflow/.local/lib/python3.10/site-packages/airflow/example_dags/example_bash_operator.py
[2025-01-15T22:08:33.858+0000] {logging_mixin.py:154} INFO - [2025-01-15T22:08:33.858+0000] {dag.py:2941} INFO - Sync 1 DAGs
[2025-01-15T22:08:33.888+0000] {logging_mixin.py:154} INFO - [2025-01-15T22:08:33.888+0000] {dag.py:3722} INFO - Setting next_dagrun for example_bash_operator to 2025-01-14T00:00:00+00:00, run_after=2025-01-15T00:00:00+00:00
[2025-01-15T22:08:33.912+0000] {processor.py:179} INFO - Processing /home/airflow/.local/lib/python3.10/site-packages/airflow/example_dags/example_bash_operator.py took 0.088 seconds
[2025-01-15T22:09:05.626+0000] {processor.py:157} INFO - Started process (PID=138) to work on /home/airflow/.local/lib/python3.10/site-packages/airflow/example_dags/example_bash_operator.py
[2025-01-15T22:09:05.628+0000] {processor.py:829} INFO - Processing file /home/airflow/.local/lib/python3.10/site-packages/airflow/example_dags/example_bash_operator.py for tasks to queue
[2025-01-15T22:09:05.631+0000] {logging_mixin.py:154} INFO - [2025-01-15T22:09:05.630+0000] {dagbag.py:536} INFO - Filling up the DagBag from /home/airflow/.local/lib/python3.10/site-packages/airflow/example_dags/example_bash_operator.py
[2025-01-15T22:09:05.642+0000] {processor.py:839} INFO - DAG(s) dict_keys(['example_bash_operator']) retrieved from /home/airflow/.local/lib/python3.10/site-packages/airflow/example_dags/example_bash_operator.py
[2025-01-15T22:09:05.675+0000] {logging_mixin.py:154} INFO - [2025-01-15T22:09:05.675+0000] {dag.py:2941} INFO - Sync 1 DAGs
[2025-01-15T22:09:05.701+0000] {logging_mixin.py:154} INFO - [2025-01-15T22:09:05.700+0000] {dag.py:3722} INFO - Setting next_dagrun for example_bash_operator to 2025-01-14T00:00:00+00:00, run_after=2025-01-15T00:00:00+00:00
[2025-01-15T22:09:05.738+0000] {processor.py:179} INFO - Processing /home/airflow/.local/lib/python3.10/site-packages/airflow/example_dags/example_bash_operator.py took 0.115 seconds
