[2025-01-15T21:47:56.932+0000] {processor.py:157} INFO - Started process (PID=68) to work on /home/airflow/.local/lib/python3.10/site-packages/airflow/example_dags/example_branch_day_of_week_operator.py
[2025-01-15T21:47:56.933+0000] {processor.py:829} INFO - Processing file /home/airflow/.local/lib/python3.10/site-packages/airflow/example_dags/example_branch_day_of_week_operator.py for tasks to queue
[2025-01-15T21:47:56.936+0000] {logging_mixin.py:154} INFO - [2025-01-15T21:47:56.936+0000] {dagbag.py:536} INFO - Filling up the DagBag from /home/airflow/.local/lib/python3.10/site-packages/airflow/example_dags/example_branch_day_of_week_operator.py
[2025-01-15T21:47:56.947+0000] {processor.py:839} INFO - DAG(s) dict_keys(['example_weekday_branch_operator']) retrieved from /home/airflow/.local/lib/python3.10/site-packages/airflow/example_dags/example_branch_day_of_week_operator.py
[2025-01-15T21:47:56.974+0000] {logging_mixin.py:154} INFO - [2025-01-15T21:47:56.974+0000] {dag.py:2941} INFO - Sync 1 DAGs
[2025-01-15T21:47:56.995+0000] {logging_mixin.py:154} INFO - [2025-01-15T21:47:56.994+0000] {dag.py:3722} INFO - Setting next_dagrun for example_weekday_branch_operator to 2025-01-14T00:00:00+00:00, run_after=2025-01-15T00:00:00+00:00
[2025-01-15T21:47:57.016+0000] {processor.py:179} INFO - Processing /home/airflow/.local/lib/python3.10/site-packages/airflow/example_dags/example_branch_day_of_week_operator.py took 0.087 seconds
[2025-01-15T21:48:40.027+0000] {processor.py:157} INFO - Started process (PID=75) to work on /home/airflow/.local/lib/python3.10/site-packages/airflow/example_dags/example_branch_day_of_week_operator.py
[2025-01-15T21:48:40.029+0000] {processor.py:829} INFO - Processing file /home/airflow/.local/lib/python3.10/site-packages/airflow/example_dags/example_branch_day_of_week_operator.py for tasks to queue
[2025-01-15T21:48:40.033+0000] {logging_mixin.py:154} INFO - [2025-01-15T21:48:40.032+0000] {dagbag.py:536} INFO - Filling up the DagBag from /home/airflow/.local/lib/python3.10/site-packages/airflow/example_dags/example_branch_day_of_week_operator.py
[2025-01-15T21:48:40.051+0000] {processor.py:839} INFO - DAG(s) dict_keys(['example_weekday_branch_operator']) retrieved from /home/airflow/.local/lib/python3.10/site-packages/airflow/example_dags/example_branch_day_of_week_operator.py
[2025-01-15T21:48:40.075+0000] {logging_mixin.py:154} INFO - [2025-01-15T21:48:40.075+0000] {dag.py:2941} INFO - Sync 1 DAGs
[2025-01-15T21:48:39.015+0000] {logging_mixin.py:154} INFO - [2025-01-15T21:48:39.015+0000] {dag.py:3722} INFO - Setting next_dagrun for example_weekday_branch_operator to 2025-01-14T00:00:00+00:00, run_after=2025-01-15T00:00:00+00:00
[2025-01-15T21:48:39.053+0000] {processor.py:179} INFO - Processing /home/airflow/.local/lib/python3.10/site-packages/airflow/example_dags/example_branch_day_of_week_operator.py took 0.156 seconds
[2025-01-15T21:49:09.186+0000] {processor.py:157} INFO - Started process (PID=130) to work on /home/airflow/.local/lib/python3.10/site-packages/airflow/example_dags/example_branch_day_of_week_operator.py
[2025-01-15T21:49:09.187+0000] {processor.py:829} INFO - Processing file /home/airflow/.local/lib/python3.10/site-packages/airflow/example_dags/example_branch_day_of_week_operator.py for tasks to queue
[2025-01-15T21:49:09.189+0000] {logging_mixin.py:154} INFO - [2025-01-15T21:49:09.188+0000] {dagbag.py:536} INFO - Filling up the DagBag from /home/airflow/.local/lib/python3.10/site-packages/airflow/example_dags/example_branch_day_of_week_operator.py
[2025-01-15T21:49:09.195+0000] {processor.py:839} INFO - DAG(s) dict_keys(['example_weekday_branch_operator']) retrieved from /home/airflow/.local/lib/python3.10/site-packages/airflow/example_dags/example_branch_day_of_week_operator.py
[2025-01-15T21:49:09.212+0000] {logging_mixin.py:154} INFO - [2025-01-15T21:49:09.212+0000] {dag.py:2941} INFO - Sync 1 DAGs
[2025-01-15T21:49:09.230+0000] {logging_mixin.py:154} INFO - [2025-01-15T21:49:09.230+0000] {dag.py:3722} INFO - Setting next_dagrun for example_weekday_branch_operator to 2025-01-14T00:00:00+00:00, run_after=2025-01-15T00:00:00+00:00
[2025-01-15T21:49:09.244+0000] {processor.py:179} INFO - Processing /home/airflow/.local/lib/python3.10/site-packages/airflow/example_dags/example_branch_day_of_week_operator.py took 0.061 seconds
[2025-01-15T21:49:39.865+0000] {processor.py:157} INFO - Started process (PID=187) to work on /home/airflow/.local/lib/python3.10/site-packages/airflow/example_dags/example_branch_day_of_week_operator.py
[2025-01-15T21:49:39.866+0000] {processor.py:829} INFO - Processing file /home/airflow/.local/lib/python3.10/site-packages/airflow/example_dags/example_branch_day_of_week_operator.py for tasks to queue
[2025-01-15T21:49:39.868+0000] {logging_mixin.py:154} INFO - [2025-01-15T21:49:39.868+0000] {dagbag.py:536} INFO - Filling up the DagBag from /home/airflow/.local/lib/python3.10/site-packages/airflow/example_dags/example_branch_day_of_week_operator.py
[2025-01-15T21:49:39.875+0000] {processor.py:839} INFO - DAG(s) dict_keys(['example_weekday_branch_operator']) retrieved from /home/airflow/.local/lib/python3.10/site-packages/airflow/example_dags/example_branch_day_of_week_operator.py
[2025-01-15T21:49:39.894+0000] {logging_mixin.py:154} INFO - [2025-01-15T21:49:39.894+0000] {dag.py:2941} INFO - Sync 1 DAGs
[2025-01-15T21:49:39.915+0000] {logging_mixin.py:154} INFO - [2025-01-15T21:49:39.915+0000] {dag.py:3722} INFO - Setting next_dagrun for example_weekday_branch_operator to 2025-01-14T00:00:00+00:00, run_after=2025-01-15T00:00:00+00:00
[2025-01-15T21:49:39.932+0000] {processor.py:179} INFO - Processing /home/airflow/.local/lib/python3.10/site-packages/airflow/example_dags/example_branch_day_of_week_operator.py took 0.069 seconds
[2025-01-15T21:50:10.883+0000] {processor.py:157} INFO - Started process (PID=244) to work on /home/airflow/.local/lib/python3.10/site-packages/airflow/example_dags/example_branch_day_of_week_operator.py
[2025-01-15T21:50:10.884+0000] {processor.py:829} INFO - Processing file /home/airflow/.local/lib/python3.10/site-packages/airflow/example_dags/example_branch_day_of_week_operator.py for tasks to queue
[2025-01-15T21:50:10.886+0000] {logging_mixin.py:154} INFO - [2025-01-15T21:50:10.886+0000] {dagbag.py:536} INFO - Filling up the DagBag from /home/airflow/.local/lib/python3.10/site-packages/airflow/example_dags/example_branch_day_of_week_operator.py
[2025-01-15T21:50:10.891+0000] {processor.py:839} INFO - DAG(s) dict_keys(['example_weekday_branch_operator']) retrieved from /home/airflow/.local/lib/python3.10/site-packages/airflow/example_dags/example_branch_day_of_week_operator.py
[2025-01-15T21:50:10.908+0000] {logging_mixin.py:154} INFO - [2025-01-15T21:50:10.907+0000] {dag.py:2941} INFO - Sync 1 DAGs
[2025-01-15T21:50:10.925+0000] {logging_mixin.py:154} INFO - [2025-01-15T21:50:10.924+0000] {dag.py:3722} INFO - Setting next_dagrun for example_weekday_branch_operator to 2025-01-14T00:00:00+00:00, run_after=2025-01-15T00:00:00+00:00
[2025-01-15T21:50:10.944+0000] {processor.py:179} INFO - Processing /home/airflow/.local/lib/python3.10/site-packages/airflow/example_dags/example_branch_day_of_week_operator.py took 0.063 seconds
[2025-01-15T21:50:41.380+0000] {processor.py:157} INFO - Started process (PID=300) to work on /home/airflow/.local/lib/python3.10/site-packages/airflow/example_dags/example_branch_day_of_week_operator.py
[2025-01-15T21:50:41.381+0000] {processor.py:829} INFO - Processing file /home/airflow/.local/lib/python3.10/site-packages/airflow/example_dags/example_branch_day_of_week_operator.py for tasks to queue
[2025-01-15T21:50:41.383+0000] {logging_mixin.py:154} INFO - [2025-01-15T21:50:41.383+0000] {dagbag.py:536} INFO - Filling up the DagBag from /home/airflow/.local/lib/python3.10/site-packages/airflow/example_dags/example_branch_day_of_week_operator.py
[2025-01-15T21:50:41.390+0000] {processor.py:839} INFO - DAG(s) dict_keys(['example_weekday_branch_operator']) retrieved from /home/airflow/.local/lib/python3.10/site-packages/airflow/example_dags/example_branch_day_of_week_operator.py
[2025-01-15T21:50:41.410+0000] {logging_mixin.py:154} INFO - [2025-01-15T21:50:41.410+0000] {dag.py:2941} INFO - Sync 1 DAGs
[2025-01-15T21:50:41.431+0000] {logging_mixin.py:154} INFO - [2025-01-15T21:50:41.430+0000] {dag.py:3722} INFO - Setting next_dagrun for example_weekday_branch_operator to 2025-01-14T00:00:00+00:00, run_after=2025-01-15T00:00:00+00:00
[2025-01-15T21:50:41.447+0000] {processor.py:179} INFO - Processing /home/airflow/.local/lib/python3.10/site-packages/airflow/example_dags/example_branch_day_of_week_operator.py took 0.070 seconds
[2025-01-15T21:51:11.713+0000] {processor.py:157} INFO - Started process (PID=356) to work on /home/airflow/.local/lib/python3.10/site-packages/airflow/example_dags/example_branch_day_of_week_operator.py
[2025-01-15T21:51:11.714+0000] {processor.py:829} INFO - Processing file /home/airflow/.local/lib/python3.10/site-packages/airflow/example_dags/example_branch_day_of_week_operator.py for tasks to queue
[2025-01-15T21:51:11.717+0000] {logging_mixin.py:154} INFO - [2025-01-15T21:51:11.716+0000] {dagbag.py:536} INFO - Filling up the DagBag from /home/airflow/.local/lib/python3.10/site-packages/airflow/example_dags/example_branch_day_of_week_operator.py
[2025-01-15T21:51:11.724+0000] {processor.py:839} INFO - DAG(s) dict_keys(['example_weekday_branch_operator']) retrieved from /home/airflow/.local/lib/python3.10/site-packages/airflow/example_dags/example_branch_day_of_week_operator.py
[2025-01-15T21:51:11.748+0000] {logging_mixin.py:154} INFO - [2025-01-15T21:51:11.747+0000] {dag.py:2941} INFO - Sync 1 DAGs
[2025-01-15T21:51:11.771+0000] {logging_mixin.py:154} INFO - [2025-01-15T21:51:11.771+0000] {dag.py:3722} INFO - Setting next_dagrun for example_weekday_branch_operator to 2025-01-14T00:00:00+00:00, run_after=2025-01-15T00:00:00+00:00
[2025-01-15T21:51:11.788+0000] {processor.py:179} INFO - Processing /home/airflow/.local/lib/python3.10/site-packages/airflow/example_dags/example_branch_day_of_week_operator.py took 0.078 seconds
[2025-01-15T21:51:42.816+0000] {processor.py:157} INFO - Started process (PID=412) to work on /home/airflow/.local/lib/python3.10/site-packages/airflow/example_dags/example_branch_day_of_week_operator.py
[2025-01-15T21:51:42.817+0000] {processor.py:829} INFO - Processing file /home/airflow/.local/lib/python3.10/site-packages/airflow/example_dags/example_branch_day_of_week_operator.py for tasks to queue
[2025-01-15T21:51:42.819+0000] {logging_mixin.py:154} INFO - [2025-01-15T21:51:42.819+0000] {dagbag.py:536} INFO - Filling up the DagBag from /home/airflow/.local/lib/python3.10/site-packages/airflow/example_dags/example_branch_day_of_week_operator.py
[2025-01-15T21:51:42.826+0000] {processor.py:839} INFO - DAG(s) dict_keys(['example_weekday_branch_operator']) retrieved from /home/airflow/.local/lib/python3.10/site-packages/airflow/example_dags/example_branch_day_of_week_operator.py
[2025-01-15T21:51:42.845+0000] {logging_mixin.py:154} INFO - [2025-01-15T21:51:42.845+0000] {dag.py:2941} INFO - Sync 1 DAGs
[2025-01-15T21:51:42.866+0000] {logging_mixin.py:154} INFO - [2025-01-15T21:51:42.865+0000] {dag.py:3722} INFO - Setting next_dagrun for example_weekday_branch_operator to 2025-01-14T00:00:00+00:00, run_after=2025-01-15T00:00:00+00:00
[2025-01-15T21:51:42.881+0000] {processor.py:179} INFO - Processing /home/airflow/.local/lib/python3.10/site-packages/airflow/example_dags/example_branch_day_of_week_operator.py took 0.068 seconds
[2025-01-15T21:52:14.033+0000] {processor.py:157} INFO - Started process (PID=468) to work on /home/airflow/.local/lib/python3.10/site-packages/airflow/example_dags/example_branch_day_of_week_operator.py
[2025-01-15T21:52:14.034+0000] {processor.py:829} INFO - Processing file /home/airflow/.local/lib/python3.10/site-packages/airflow/example_dags/example_branch_day_of_week_operator.py for tasks to queue
[2025-01-15T21:52:14.036+0000] {logging_mixin.py:154} INFO - [2025-01-15T21:52:14.036+0000] {dagbag.py:536} INFO - Filling up the DagBag from /home/airflow/.local/lib/python3.10/site-packages/airflow/example_dags/example_branch_day_of_week_operator.py
[2025-01-15T21:52:14.043+0000] {processor.py:839} INFO - DAG(s) dict_keys(['example_weekday_branch_operator']) retrieved from /home/airflow/.local/lib/python3.10/site-packages/airflow/example_dags/example_branch_day_of_week_operator.py
[2025-01-15T21:52:14.064+0000] {logging_mixin.py:154} INFO - [2025-01-15T21:52:14.064+0000] {dag.py:2941} INFO - Sync 1 DAGs
[2025-01-15T21:52:14.088+0000] {logging_mixin.py:154} INFO - [2025-01-15T21:52:14.088+0000] {dag.py:3722} INFO - Setting next_dagrun for example_weekday_branch_operator to 2025-01-14T00:00:00+00:00, run_after=2025-01-15T00:00:00+00:00
[2025-01-15T21:52:14.105+0000] {processor.py:179} INFO - Processing /home/airflow/.local/lib/python3.10/site-packages/airflow/example_dags/example_branch_day_of_week_operator.py took 0.074 seconds
[2025-01-15T21:52:44.765+0000] {processor.py:157} INFO - Started process (PID=524) to work on /home/airflow/.local/lib/python3.10/site-packages/airflow/example_dags/example_branch_day_of_week_operator.py
[2025-01-15T21:52:44.766+0000] {processor.py:829} INFO - Processing file /home/airflow/.local/lib/python3.10/site-packages/airflow/example_dags/example_branch_day_of_week_operator.py for tasks to queue
[2025-01-15T21:52:44.768+0000] {logging_mixin.py:154} INFO - [2025-01-15T21:52:44.767+0000] {dagbag.py:536} INFO - Filling up the DagBag from /home/airflow/.local/lib/python3.10/site-packages/airflow/example_dags/example_branch_day_of_week_operator.py
[2025-01-15T21:52:44.775+0000] {processor.py:839} INFO - DAG(s) dict_keys(['example_weekday_branch_operator']) retrieved from /home/airflow/.local/lib/python3.10/site-packages/airflow/example_dags/example_branch_day_of_week_operator.py
[2025-01-15T21:52:44.795+0000] {logging_mixin.py:154} INFO - [2025-01-15T21:52:44.795+0000] {dag.py:2941} INFO - Sync 1 DAGs
[2025-01-15T21:52:44.816+0000] {logging_mixin.py:154} INFO - [2025-01-15T21:52:44.816+0000] {dag.py:3722} INFO - Setting next_dagrun for example_weekday_branch_operator to 2025-01-14T00:00:00+00:00, run_after=2025-01-15T00:00:00+00:00
[2025-01-15T21:52:44.832+0000] {processor.py:179} INFO - Processing /home/airflow/.local/lib/python3.10/site-packages/airflow/example_dags/example_branch_day_of_week_operator.py took 0.070 seconds
[2025-01-15T21:53:15.617+0000] {processor.py:157} INFO - Started process (PID=580) to work on /home/airflow/.local/lib/python3.10/site-packages/airflow/example_dags/example_branch_day_of_week_operator.py
[2025-01-15T21:53:15.618+0000] {processor.py:829} INFO - Processing file /home/airflow/.local/lib/python3.10/site-packages/airflow/example_dags/example_branch_day_of_week_operator.py for tasks to queue
[2025-01-15T21:53:15.620+0000] {logging_mixin.py:154} INFO - [2025-01-15T21:53:15.620+0000] {dagbag.py:536} INFO - Filling up the DagBag from /home/airflow/.local/lib/python3.10/site-packages/airflow/example_dags/example_branch_day_of_week_operator.py
[2025-01-15T21:53:15.627+0000] {processor.py:839} INFO - DAG(s) dict_keys(['example_weekday_branch_operator']) retrieved from /home/airflow/.local/lib/python3.10/site-packages/airflow/example_dags/example_branch_day_of_week_operator.py
[2025-01-15T21:53:15.646+0000] {logging_mixin.py:154} INFO - [2025-01-15T21:53:15.646+0000] {dag.py:2941} INFO - Sync 1 DAGs
[2025-01-15T21:53:15.669+0000] {logging_mixin.py:154} INFO - [2025-01-15T21:53:15.668+0000] {dag.py:3722} INFO - Setting next_dagrun for example_weekday_branch_operator to 2025-01-14T00:00:00+00:00, run_after=2025-01-15T00:00:00+00:00
[2025-01-15T21:53:15.684+0000] {processor.py:179} INFO - Processing /home/airflow/.local/lib/python3.10/site-packages/airflow/example_dags/example_branch_day_of_week_operator.py took 0.070 seconds
[2025-01-15T21:53:46.923+0000] {processor.py:157} INFO - Started process (PID=636) to work on /home/airflow/.local/lib/python3.10/site-packages/airflow/example_dags/example_branch_day_of_week_operator.py
[2025-01-15T21:53:46.924+0000] {processor.py:829} INFO - Processing file /home/airflow/.local/lib/python3.10/site-packages/airflow/example_dags/example_branch_day_of_week_operator.py for tasks to queue
[2025-01-15T21:53:46.927+0000] {logging_mixin.py:154} INFO - [2025-01-15T21:53:46.926+0000] {dagbag.py:536} INFO - Filling up the DagBag from /home/airflow/.local/lib/python3.10/site-packages/airflow/example_dags/example_branch_day_of_week_operator.py
[2025-01-15T21:53:46.934+0000] {processor.py:839} INFO - DAG(s) dict_keys(['example_weekday_branch_operator']) retrieved from /home/airflow/.local/lib/python3.10/site-packages/airflow/example_dags/example_branch_day_of_week_operator.py
[2025-01-15T21:53:46.955+0000] {logging_mixin.py:154} INFO - [2025-01-15T21:53:46.954+0000] {dag.py:2941} INFO - Sync 1 DAGs
[2025-01-15T21:53:46.976+0000] {logging_mixin.py:154} INFO - [2025-01-15T21:53:46.976+0000] {dag.py:3722} INFO - Setting next_dagrun for example_weekday_branch_operator to 2025-01-14T00:00:00+00:00, run_after=2025-01-15T00:00:00+00:00
[2025-01-15T21:53:46.992+0000] {processor.py:179} INFO - Processing /home/airflow/.local/lib/python3.10/site-packages/airflow/example_dags/example_branch_day_of_week_operator.py took 0.072 seconds
[2025-01-15T21:54:17.823+0000] {processor.py:157} INFO - Started process (PID=692) to work on /home/airflow/.local/lib/python3.10/site-packages/airflow/example_dags/example_branch_day_of_week_operator.py
[2025-01-15T21:54:17.824+0000] {processor.py:829} INFO - Processing file /home/airflow/.local/lib/python3.10/site-packages/airflow/example_dags/example_branch_day_of_week_operator.py for tasks to queue
[2025-01-15T21:54:17.826+0000] {logging_mixin.py:154} INFO - [2025-01-15T21:54:17.826+0000] {dagbag.py:536} INFO - Filling up the DagBag from /home/airflow/.local/lib/python3.10/site-packages/airflow/example_dags/example_branch_day_of_week_operator.py
[2025-01-15T21:54:17.833+0000] {processor.py:839} INFO - DAG(s) dict_keys(['example_weekday_branch_operator']) retrieved from /home/airflow/.local/lib/python3.10/site-packages/airflow/example_dags/example_branch_day_of_week_operator.py
[2025-01-15T21:54:17.852+0000] {logging_mixin.py:154} INFO - [2025-01-15T21:54:17.851+0000] {dag.py:2941} INFO - Sync 1 DAGs
[2025-01-15T21:54:17.875+0000] {logging_mixin.py:154} INFO - [2025-01-15T21:54:17.875+0000] {dag.py:3722} INFO - Setting next_dagrun for example_weekday_branch_operator to 2025-01-14T00:00:00+00:00, run_after=2025-01-15T00:00:00+00:00
[2025-01-15T21:54:17.892+0000] {processor.py:179} INFO - Processing /home/airflow/.local/lib/python3.10/site-packages/airflow/example_dags/example_branch_day_of_week_operator.py took 0.071 seconds
[2025-01-15T21:54:48.639+0000] {processor.py:157} INFO - Started process (PID=748) to work on /home/airflow/.local/lib/python3.10/site-packages/airflow/example_dags/example_branch_day_of_week_operator.py
[2025-01-15T21:54:48.640+0000] {processor.py:829} INFO - Processing file /home/airflow/.local/lib/python3.10/site-packages/airflow/example_dags/example_branch_day_of_week_operator.py for tasks to queue
[2025-01-15T21:54:48.642+0000] {logging_mixin.py:154} INFO - [2025-01-15T21:54:48.642+0000] {dagbag.py:536} INFO - Filling up the DagBag from /home/airflow/.local/lib/python3.10/site-packages/airflow/example_dags/example_branch_day_of_week_operator.py
[2025-01-15T21:54:48.650+0000] {processor.py:839} INFO - DAG(s) dict_keys(['example_weekday_branch_operator']) retrieved from /home/airflow/.local/lib/python3.10/site-packages/airflow/example_dags/example_branch_day_of_week_operator.py
[2025-01-15T21:54:48.673+0000] {logging_mixin.py:154} INFO - [2025-01-15T21:54:48.673+0000] {dag.py:2941} INFO - Sync 1 DAGs
[2025-01-15T21:54:48.695+0000] {logging_mixin.py:154} INFO - [2025-01-15T21:54:48.695+0000] {dag.py:3722} INFO - Setting next_dagrun for example_weekday_branch_operator to 2025-01-14T00:00:00+00:00, run_after=2025-01-15T00:00:00+00:00
[2025-01-15T21:54:48.853+0000] {processor.py:179} INFO - Processing /home/airflow/.local/lib/python3.10/site-packages/airflow/example_dags/example_branch_day_of_week_operator.py took 0.217 seconds
[2025-01-15T21:55:19.304+0000] {processor.py:157} INFO - Started process (PID=804) to work on /home/airflow/.local/lib/python3.10/site-packages/airflow/example_dags/example_branch_day_of_week_operator.py
[2025-01-15T21:55:19.305+0000] {processor.py:829} INFO - Processing file /home/airflow/.local/lib/python3.10/site-packages/airflow/example_dags/example_branch_day_of_week_operator.py for tasks to queue
[2025-01-15T21:55:19.307+0000] {logging_mixin.py:154} INFO - [2025-01-15T21:55:19.306+0000] {dagbag.py:536} INFO - Filling up the DagBag from /home/airflow/.local/lib/python3.10/site-packages/airflow/example_dags/example_branch_day_of_week_operator.py
[2025-01-15T21:55:19.313+0000] {processor.py:839} INFO - DAG(s) dict_keys(['example_weekday_branch_operator']) retrieved from /home/airflow/.local/lib/python3.10/site-packages/airflow/example_dags/example_branch_day_of_week_operator.py
[2025-01-15T21:55:19.332+0000] {logging_mixin.py:154} INFO - [2025-01-15T21:55:19.331+0000] {dag.py:2941} INFO - Sync 1 DAGs
[2025-01-15T21:55:19.352+0000] {logging_mixin.py:154} INFO - [2025-01-15T21:55:19.352+0000] {dag.py:3722} INFO - Setting next_dagrun for example_weekday_branch_operator to 2025-01-14T00:00:00+00:00, run_after=2025-01-15T00:00:00+00:00
[2025-01-15T21:55:19.367+0000] {processor.py:179} INFO - Processing /home/airflow/.local/lib/python3.10/site-packages/airflow/example_dags/example_branch_day_of_week_operator.py took 0.066 seconds
[2025-01-15T21:55:50.474+0000] {processor.py:157} INFO - Started process (PID=867) to work on /home/airflow/.local/lib/python3.10/site-packages/airflow/example_dags/example_branch_day_of_week_operator.py
[2025-01-15T21:55:50.475+0000] {processor.py:829} INFO - Processing file /home/airflow/.local/lib/python3.10/site-packages/airflow/example_dags/example_branch_day_of_week_operator.py for tasks to queue
[2025-01-15T21:55:50.480+0000] {logging_mixin.py:154} INFO - [2025-01-15T21:55:50.479+0000] {dagbag.py:536} INFO - Filling up the DagBag from /home/airflow/.local/lib/python3.10/site-packages/airflow/example_dags/example_branch_day_of_week_operator.py
[2025-01-15T21:55:50.490+0000] {processor.py:839} INFO - DAG(s) dict_keys(['example_weekday_branch_operator']) retrieved from /home/airflow/.local/lib/python3.10/site-packages/airflow/example_dags/example_branch_day_of_week_operator.py
[2025-01-15T21:55:50.524+0000] {logging_mixin.py:154} INFO - [2025-01-15T21:55:50.524+0000] {dag.py:2941} INFO - Sync 1 DAGs
[2025-01-15T21:55:50.570+0000] {logging_mixin.py:154} INFO - [2025-01-15T21:55:50.569+0000] {dag.py:3722} INFO - Setting next_dagrun for example_weekday_branch_operator to 2025-01-14T00:00:00+00:00, run_after=2025-01-15T00:00:00+00:00
[2025-01-15T21:55:50.614+0000] {processor.py:179} INFO - Processing /home/airflow/.local/lib/python3.10/site-packages/airflow/example_dags/example_branch_day_of_week_operator.py took 0.143 seconds
[2025-01-15T21:56:20.962+0000] {processor.py:157} INFO - Started process (PID=923) to work on /home/airflow/.local/lib/python3.10/site-packages/airflow/example_dags/example_branch_day_of_week_operator.py
[2025-01-15T21:56:20.963+0000] {processor.py:829} INFO - Processing file /home/airflow/.local/lib/python3.10/site-packages/airflow/example_dags/example_branch_day_of_week_operator.py for tasks to queue
[2025-01-15T21:56:20.965+0000] {logging_mixin.py:154} INFO - [2025-01-15T21:56:20.965+0000] {dagbag.py:536} INFO - Filling up the DagBag from /home/airflow/.local/lib/python3.10/site-packages/airflow/example_dags/example_branch_day_of_week_operator.py
[2025-01-15T21:56:20.971+0000] {processor.py:839} INFO - DAG(s) dict_keys(['example_weekday_branch_operator']) retrieved from /home/airflow/.local/lib/python3.10/site-packages/airflow/example_dags/example_branch_day_of_week_operator.py
[2025-01-15T21:56:20.990+0000] {logging_mixin.py:154} INFO - [2025-01-15T21:56:20.989+0000] {dag.py:2941} INFO - Sync 1 DAGs
[2025-01-15T21:56:21.163+0000] {logging_mixin.py:154} INFO - [2025-01-15T21:56:21.163+0000] {dag.py:3722} INFO - Setting next_dagrun for example_weekday_branch_operator to 2025-01-14T00:00:00+00:00, run_after=2025-01-15T00:00:00+00:00
[2025-01-15T21:56:21.178+0000] {processor.py:179} INFO - Processing /home/airflow/.local/lib/python3.10/site-packages/airflow/example_dags/example_branch_day_of_week_operator.py took 0.219 seconds
[2025-01-15T21:56:51.384+0000] {processor.py:157} INFO - Started process (PID=979) to work on /home/airflow/.local/lib/python3.10/site-packages/airflow/example_dags/example_branch_day_of_week_operator.py
[2025-01-15T21:56:51.385+0000] {processor.py:829} INFO - Processing file /home/airflow/.local/lib/python3.10/site-packages/airflow/example_dags/example_branch_day_of_week_operator.py for tasks to queue
[2025-01-15T21:56:51.387+0000] {logging_mixin.py:154} INFO - [2025-01-15T21:56:51.386+0000] {dagbag.py:536} INFO - Filling up the DagBag from /home/airflow/.local/lib/python3.10/site-packages/airflow/example_dags/example_branch_day_of_week_operator.py
[2025-01-15T21:56:51.394+0000] {processor.py:839} INFO - DAG(s) dict_keys(['example_weekday_branch_operator']) retrieved from /home/airflow/.local/lib/python3.10/site-packages/airflow/example_dags/example_branch_day_of_week_operator.py
[2025-01-15T21:56:51.415+0000] {logging_mixin.py:154} INFO - [2025-01-15T21:56:51.415+0000] {dag.py:2941} INFO - Sync 1 DAGs
[2025-01-15T21:56:51.439+0000] {logging_mixin.py:154} INFO - [2025-01-15T21:56:51.438+0000] {dag.py:3722} INFO - Setting next_dagrun for example_weekday_branch_operator to 2025-01-14T00:00:00+00:00, run_after=2025-01-15T00:00:00+00:00
[2025-01-15T21:56:51.457+0000] {processor.py:179} INFO - Processing /home/airflow/.local/lib/python3.10/site-packages/airflow/example_dags/example_branch_day_of_week_operator.py took 0.077 seconds
[2025-01-15T21:57:21.829+0000] {processor.py:157} INFO - Started process (PID=1035) to work on /home/airflow/.local/lib/python3.10/site-packages/airflow/example_dags/example_branch_day_of_week_operator.py
[2025-01-15T21:57:21.830+0000] {processor.py:829} INFO - Processing file /home/airflow/.local/lib/python3.10/site-packages/airflow/example_dags/example_branch_day_of_week_operator.py for tasks to queue
[2025-01-15T21:57:21.832+0000] {logging_mixin.py:154} INFO - [2025-01-15T21:57:21.831+0000] {dagbag.py:536} INFO - Filling up the DagBag from /home/airflow/.local/lib/python3.10/site-packages/airflow/example_dags/example_branch_day_of_week_operator.py
[2025-01-15T21:57:21.838+0000] {processor.py:839} INFO - DAG(s) dict_keys(['example_weekday_branch_operator']) retrieved from /home/airflow/.local/lib/python3.10/site-packages/airflow/example_dags/example_branch_day_of_week_operator.py
[2025-01-15T21:57:21.858+0000] {logging_mixin.py:154} INFO - [2025-01-15T21:57:21.857+0000] {dag.py:2941} INFO - Sync 1 DAGs
[2025-01-15T21:57:21.878+0000] {logging_mixin.py:154} INFO - [2025-01-15T21:57:21.878+0000] {dag.py:3722} INFO - Setting next_dagrun for example_weekday_branch_operator to 2025-01-14T00:00:00+00:00, run_after=2025-01-15T00:00:00+00:00
[2025-01-15T21:57:21.896+0000] {processor.py:179} INFO - Processing /home/airflow/.local/lib/python3.10/site-packages/airflow/example_dags/example_branch_day_of_week_operator.py took 0.070 seconds
[2025-01-15T21:57:52.970+0000] {processor.py:157} INFO - Started process (PID=1091) to work on /home/airflow/.local/lib/python3.10/site-packages/airflow/example_dags/example_branch_day_of_week_operator.py
[2025-01-15T21:57:52.970+0000] {processor.py:829} INFO - Processing file /home/airflow/.local/lib/python3.10/site-packages/airflow/example_dags/example_branch_day_of_week_operator.py for tasks to queue
[2025-01-15T21:57:52.972+0000] {logging_mixin.py:154} INFO - [2025-01-15T21:57:52.972+0000] {dagbag.py:536} INFO - Filling up the DagBag from /home/airflow/.local/lib/python3.10/site-packages/airflow/example_dags/example_branch_day_of_week_operator.py
[2025-01-15T21:57:52.979+0000] {processor.py:839} INFO - DAG(s) dict_keys(['example_weekday_branch_operator']) retrieved from /home/airflow/.local/lib/python3.10/site-packages/airflow/example_dags/example_branch_day_of_week_operator.py
[2025-01-15T21:57:52.998+0000] {logging_mixin.py:154} INFO - [2025-01-15T21:57:52.997+0000] {dag.py:2941} INFO - Sync 1 DAGs
[2025-01-15T21:57:53.174+0000] {logging_mixin.py:154} INFO - [2025-01-15T21:57:53.174+0000] {dag.py:3722} INFO - Setting next_dagrun for example_weekday_branch_operator to 2025-01-14T00:00:00+00:00, run_after=2025-01-15T00:00:00+00:00
[2025-01-15T21:57:53.191+0000] {processor.py:179} INFO - Processing /home/airflow/.local/lib/python3.10/site-packages/airflow/example_dags/example_branch_day_of_week_operator.py took 0.225 seconds
[2025-01-15T21:58:23.656+0000] {processor.py:157} INFO - Started process (PID=1147) to work on /home/airflow/.local/lib/python3.10/site-packages/airflow/example_dags/example_branch_day_of_week_operator.py
[2025-01-15T21:58:23.658+0000] {processor.py:829} INFO - Processing file /home/airflow/.local/lib/python3.10/site-packages/airflow/example_dags/example_branch_day_of_week_operator.py for tasks to queue
[2025-01-15T21:58:23.660+0000] {logging_mixin.py:154} INFO - [2025-01-15T21:58:23.659+0000] {dagbag.py:536} INFO - Filling up the DagBag from /home/airflow/.local/lib/python3.10/site-packages/airflow/example_dags/example_branch_day_of_week_operator.py
[2025-01-15T21:58:23.668+0000] {processor.py:839} INFO - DAG(s) dict_keys(['example_weekday_branch_operator']) retrieved from /home/airflow/.local/lib/python3.10/site-packages/airflow/example_dags/example_branch_day_of_week_operator.py
[2025-01-15T21:58:23.691+0000] {logging_mixin.py:154} INFO - [2025-01-15T21:58:23.691+0000] {dag.py:2941} INFO - Sync 1 DAGs
[2025-01-15T21:58:23.714+0000] {logging_mixin.py:154} INFO - [2025-01-15T21:58:23.714+0000] {dag.py:3722} INFO - Setting next_dagrun for example_weekday_branch_operator to 2025-01-14T00:00:00+00:00, run_after=2025-01-15T00:00:00+00:00
[2025-01-15T21:58:23.731+0000] {processor.py:179} INFO - Processing /home/airflow/.local/lib/python3.10/site-packages/airflow/example_dags/example_branch_day_of_week_operator.py took 0.078 seconds
[2025-01-15T21:58:54.275+0000] {processor.py:157} INFO - Started process (PID=1203) to work on /home/airflow/.local/lib/python3.10/site-packages/airflow/example_dags/example_branch_day_of_week_operator.py
[2025-01-15T21:58:54.277+0000] {processor.py:829} INFO - Processing file /home/airflow/.local/lib/python3.10/site-packages/airflow/example_dags/example_branch_day_of_week_operator.py for tasks to queue
[2025-01-15T21:58:54.280+0000] {logging_mixin.py:154} INFO - [2025-01-15T21:58:54.280+0000] {dagbag.py:536} INFO - Filling up the DagBag from /home/airflow/.local/lib/python3.10/site-packages/airflow/example_dags/example_branch_day_of_week_operator.py
[2025-01-15T21:58:54.290+0000] {processor.py:839} INFO - DAG(s) dict_keys(['example_weekday_branch_operator']) retrieved from /home/airflow/.local/lib/python3.10/site-packages/airflow/example_dags/example_branch_day_of_week_operator.py
[2025-01-15T21:58:54.319+0000] {logging_mixin.py:154} INFO - [2025-01-15T21:58:54.319+0000] {dag.py:2941} INFO - Sync 1 DAGs
[2025-01-15T21:58:54.352+0000] {logging_mixin.py:154} INFO - [2025-01-15T21:58:54.352+0000] {dag.py:3722} INFO - Setting next_dagrun for example_weekday_branch_operator to 2025-01-14T00:00:00+00:00, run_after=2025-01-15T00:00:00+00:00
[2025-01-15T21:58:54.379+0000] {processor.py:179} INFO - Processing /home/airflow/.local/lib/python3.10/site-packages/airflow/example_dags/example_branch_day_of_week_operator.py took 0.108 seconds
[2025-01-15T21:59:24.946+0000] {processor.py:157} INFO - Started process (PID=1259) to work on /home/airflow/.local/lib/python3.10/site-packages/airflow/example_dags/example_branch_day_of_week_operator.py
[2025-01-15T21:59:24.947+0000] {processor.py:829} INFO - Processing file /home/airflow/.local/lib/python3.10/site-packages/airflow/example_dags/example_branch_day_of_week_operator.py for tasks to queue
[2025-01-15T21:59:24.949+0000] {logging_mixin.py:154} INFO - [2025-01-15T21:59:24.949+0000] {dagbag.py:536} INFO - Filling up the DagBag from /home/airflow/.local/lib/python3.10/site-packages/airflow/example_dags/example_branch_day_of_week_operator.py
[2025-01-15T21:59:24.956+0000] {processor.py:839} INFO - DAG(s) dict_keys(['example_weekday_branch_operator']) retrieved from /home/airflow/.local/lib/python3.10/site-packages/airflow/example_dags/example_branch_day_of_week_operator.py
[2025-01-15T21:59:24.976+0000] {logging_mixin.py:154} INFO - [2025-01-15T21:59:24.975+0000] {dag.py:2941} INFO - Sync 1 DAGs
[2025-01-15T21:59:25.153+0000] {logging_mixin.py:154} INFO - [2025-01-15T21:59:25.153+0000] {dag.py:3722} INFO - Setting next_dagrun for example_weekday_branch_operator to 2025-01-14T00:00:00+00:00, run_after=2025-01-15T00:00:00+00:00
[2025-01-15T21:59:25.167+0000] {processor.py:179} INFO - Processing /home/airflow/.local/lib/python3.10/site-packages/airflow/example_dags/example_branch_day_of_week_operator.py took 0.224 seconds
[2025-01-15T21:59:55.605+0000] {processor.py:157} INFO - Started process (PID=1315) to work on /home/airflow/.local/lib/python3.10/site-packages/airflow/example_dags/example_branch_day_of_week_operator.py
[2025-01-15T21:59:55.606+0000] {processor.py:829} INFO - Processing file /home/airflow/.local/lib/python3.10/site-packages/airflow/example_dags/example_branch_day_of_week_operator.py for tasks to queue
[2025-01-15T21:59:55.608+0000] {logging_mixin.py:154} INFO - [2025-01-15T21:59:55.608+0000] {dagbag.py:536} INFO - Filling up the DagBag from /home/airflow/.local/lib/python3.10/site-packages/airflow/example_dags/example_branch_day_of_week_operator.py
[2025-01-15T21:59:55.615+0000] {processor.py:839} INFO - DAG(s) dict_keys(['example_weekday_branch_operator']) retrieved from /home/airflow/.local/lib/python3.10/site-packages/airflow/example_dags/example_branch_day_of_week_operator.py
[2025-01-15T21:59:55.634+0000] {logging_mixin.py:154} INFO - [2025-01-15T21:59:55.634+0000] {dag.py:2941} INFO - Sync 1 DAGs
[2025-01-15T21:59:55.662+0000] {logging_mixin.py:154} INFO - [2025-01-15T21:59:55.662+0000] {dag.py:3722} INFO - Setting next_dagrun for example_weekday_branch_operator to 2025-01-14T00:00:00+00:00, run_after=2025-01-15T00:00:00+00:00
[2025-01-15T21:59:55.678+0000] {processor.py:179} INFO - Processing /home/airflow/.local/lib/python3.10/site-packages/airflow/example_dags/example_branch_day_of_week_operator.py took 0.076 seconds
[2025-01-15T22:00:26.892+0000] {processor.py:157} INFO - Started process (PID=1371) to work on /home/airflow/.local/lib/python3.10/site-packages/airflow/example_dags/example_branch_day_of_week_operator.py
[2025-01-15T22:00:26.893+0000] {processor.py:829} INFO - Processing file /home/airflow/.local/lib/python3.10/site-packages/airflow/example_dags/example_branch_day_of_week_operator.py for tasks to queue
[2025-01-15T22:00:26.895+0000] {logging_mixin.py:154} INFO - [2025-01-15T22:00:26.895+0000] {dagbag.py:536} INFO - Filling up the DagBag from /home/airflow/.local/lib/python3.10/site-packages/airflow/example_dags/example_branch_day_of_week_operator.py
[2025-01-15T22:00:26.903+0000] {processor.py:839} INFO - DAG(s) dict_keys(['example_weekday_branch_operator']) retrieved from /home/airflow/.local/lib/python3.10/site-packages/airflow/example_dags/example_branch_day_of_week_operator.py
[2025-01-15T22:00:26.929+0000] {logging_mixin.py:154} INFO - [2025-01-15T22:00:26.928+0000] {dag.py:2941} INFO - Sync 1 DAGs
[2025-01-15T22:00:26.955+0000] {logging_mixin.py:154} INFO - [2025-01-15T22:00:26.955+0000] {dag.py:3722} INFO - Setting next_dagrun for example_weekday_branch_operator to 2025-01-14T00:00:00+00:00, run_after=2025-01-15T00:00:00+00:00
[2025-01-15T22:00:26.976+0000] {processor.py:179} INFO - Processing /home/airflow/.local/lib/python3.10/site-packages/airflow/example_dags/example_branch_day_of_week_operator.py took 0.087 seconds
[2025-01-15T22:00:57.374+0000] {processor.py:157} INFO - Started process (PID=1426) to work on /home/airflow/.local/lib/python3.10/site-packages/airflow/example_dags/example_branch_day_of_week_operator.py
[2025-01-15T22:00:57.374+0000] {processor.py:829} INFO - Processing file /home/airflow/.local/lib/python3.10/site-packages/airflow/example_dags/example_branch_day_of_week_operator.py for tasks to queue
[2025-01-15T22:00:57.376+0000] {logging_mixin.py:154} INFO - [2025-01-15T22:00:57.376+0000] {dagbag.py:536} INFO - Filling up the DagBag from /home/airflow/.local/lib/python3.10/site-packages/airflow/example_dags/example_branch_day_of_week_operator.py
[2025-01-15T22:00:57.383+0000] {processor.py:839} INFO - DAG(s) dict_keys(['example_weekday_branch_operator']) retrieved from /home/airflow/.local/lib/python3.10/site-packages/airflow/example_dags/example_branch_day_of_week_operator.py
[2025-01-15T22:00:57.404+0000] {logging_mixin.py:154} INFO - [2025-01-15T22:00:57.404+0000] {dag.py:2941} INFO - Sync 1 DAGs
[2025-01-15T22:00:57.595+0000] {logging_mixin.py:154} INFO - [2025-01-15T22:00:57.595+0000] {dag.py:3722} INFO - Setting next_dagrun for example_weekday_branch_operator to 2025-01-14T00:00:00+00:00, run_after=2025-01-15T00:00:00+00:00
[2025-01-15T22:00:57.613+0000] {processor.py:179} INFO - Processing /home/airflow/.local/lib/python3.10/site-packages/airflow/example_dags/example_branch_day_of_week_operator.py took 0.242 seconds
[2025-01-15T22:01:27.819+0000] {processor.py:157} INFO - Started process (PID=1481) to work on /home/airflow/.local/lib/python3.10/site-packages/airflow/example_dags/example_branch_day_of_week_operator.py
[2025-01-15T22:01:27.820+0000] {processor.py:829} INFO - Processing file /home/airflow/.local/lib/python3.10/site-packages/airflow/example_dags/example_branch_day_of_week_operator.py for tasks to queue
[2025-01-15T22:01:27.823+0000] {logging_mixin.py:154} INFO - [2025-01-15T22:01:27.822+0000] {dagbag.py:536} INFO - Filling up the DagBag from /home/airflow/.local/lib/python3.10/site-packages/airflow/example_dags/example_branch_day_of_week_operator.py
[2025-01-15T22:01:27.830+0000] {processor.py:839} INFO - DAG(s) dict_keys(['example_weekday_branch_operator']) retrieved from /home/airflow/.local/lib/python3.10/site-packages/airflow/example_dags/example_branch_day_of_week_operator.py
[2025-01-15T22:01:27.854+0000] {logging_mixin.py:154} INFO - [2025-01-15T22:01:27.854+0000] {dag.py:2941} INFO - Sync 1 DAGs
[2025-01-15T22:01:27.880+0000] {logging_mixin.py:154} INFO - [2025-01-15T22:01:27.880+0000] {dag.py:3722} INFO - Setting next_dagrun for example_weekday_branch_operator to 2025-01-14T00:00:00+00:00, run_after=2025-01-15T00:00:00+00:00
[2025-01-15T22:01:27.901+0000] {processor.py:179} INFO - Processing /home/airflow/.local/lib/python3.10/site-packages/airflow/example_dags/example_branch_day_of_week_operator.py took 0.085 seconds
[2025-01-15T22:01:59.028+0000] {processor.py:157} INFO - Started process (PID=1539) to work on /home/airflow/.local/lib/python3.10/site-packages/airflow/example_dags/example_branch_day_of_week_operator.py
[2025-01-15T22:01:59.030+0000] {processor.py:829} INFO - Processing file /home/airflow/.local/lib/python3.10/site-packages/airflow/example_dags/example_branch_day_of_week_operator.py for tasks to queue
[2025-01-15T22:01:59.032+0000] {logging_mixin.py:154} INFO - [2025-01-15T22:01:59.032+0000] {dagbag.py:536} INFO - Filling up the DagBag from /home/airflow/.local/lib/python3.10/site-packages/airflow/example_dags/example_branch_day_of_week_operator.py
[2025-01-15T22:01:59.039+0000] {processor.py:839} INFO - DAG(s) dict_keys(['example_weekday_branch_operator']) retrieved from /home/airflow/.local/lib/python3.10/site-packages/airflow/example_dags/example_branch_day_of_week_operator.py
[2025-01-15T22:01:59.063+0000] {logging_mixin.py:154} INFO - [2025-01-15T22:01:59.063+0000] {dag.py:2941} INFO - Sync 1 DAGs
[2025-01-15T22:01:59.087+0000] {logging_mixin.py:154} INFO - [2025-01-15T22:01:59.087+0000] {dag.py:3722} INFO - Setting next_dagrun for example_weekday_branch_operator to 2025-01-14T00:00:00+00:00, run_after=2025-01-15T00:00:00+00:00
[2025-01-15T22:01:59.108+0000] {processor.py:179} INFO - Processing /home/airflow/.local/lib/python3.10/site-packages/airflow/example_dags/example_branch_day_of_week_operator.py took 0.083 seconds
[2025-01-15T22:02:29.257+0000] {processor.py:157} INFO - Started process (PID=1595) to work on /home/airflow/.local/lib/python3.10/site-packages/airflow/example_dags/example_branch_day_of_week_operator.py
[2025-01-15T22:02:29.258+0000] {processor.py:829} INFO - Processing file /home/airflow/.local/lib/python3.10/site-packages/airflow/example_dags/example_branch_day_of_week_operator.py for tasks to queue
[2025-01-15T22:02:29.261+0000] {logging_mixin.py:154} INFO - [2025-01-15T22:02:29.261+0000] {dagbag.py:536} INFO - Filling up the DagBag from /home/airflow/.local/lib/python3.10/site-packages/airflow/example_dags/example_branch_day_of_week_operator.py
[2025-01-15T22:02:29.270+0000] {processor.py:839} INFO - DAG(s) dict_keys(['example_weekday_branch_operator']) retrieved from /home/airflow/.local/lib/python3.10/site-packages/airflow/example_dags/example_branch_day_of_week_operator.py
[2025-01-15T22:02:29.294+0000] {logging_mixin.py:154} INFO - [2025-01-15T22:02:29.293+0000] {dag.py:2941} INFO - Sync 1 DAGs
[2025-01-15T22:02:29.535+0000] {logging_mixin.py:154} INFO - [2025-01-15T22:02:29.535+0000] {dag.py:3722} INFO - Setting next_dagrun for example_weekday_branch_operator to 2025-01-14T00:00:00+00:00, run_after=2025-01-15T00:00:00+00:00
[2025-01-15T22:02:29.554+0000] {processor.py:179} INFO - Processing /home/airflow/.local/lib/python3.10/site-packages/airflow/example_dags/example_branch_day_of_week_operator.py took 0.300 seconds
[2025-01-15T22:04:08.261+0000] {processor.py:157} INFO - Started process (PID=75) to work on /home/airflow/.local/lib/python3.10/site-packages/airflow/example_dags/example_branch_day_of_week_operator.py
[2025-01-15T22:04:08.262+0000] {processor.py:829} INFO - Processing file /home/airflow/.local/lib/python3.10/site-packages/airflow/example_dags/example_branch_day_of_week_operator.py for tasks to queue
[2025-01-15T22:04:08.264+0000] {logging_mixin.py:154} INFO - [2025-01-15T22:04:08.264+0000] {dagbag.py:536} INFO - Filling up the DagBag from /home/airflow/.local/lib/python3.10/site-packages/airflow/example_dags/example_branch_day_of_week_operator.py
[2025-01-15T22:04:08.275+0000] {processor.py:839} INFO - DAG(s) dict_keys(['example_weekday_branch_operator']) retrieved from /home/airflow/.local/lib/python3.10/site-packages/airflow/example_dags/example_branch_day_of_week_operator.py
[2025-01-15T22:04:08.288+0000] {logging_mixin.py:154} INFO - [2025-01-15T22:04:08.288+0000] {dag.py:2941} INFO - Sync 1 DAGs
[2025-01-15T22:04:08.314+0000] {logging_mixin.py:154} INFO - [2025-01-15T22:04:08.313+0000] {dag.py:3722} INFO - Setting next_dagrun for example_weekday_branch_operator to 2025-01-14T00:00:00+00:00, run_after=2025-01-15T00:00:00+00:00
[2025-01-15T22:04:08.335+0000] {processor.py:179} INFO - Processing /home/airflow/.local/lib/python3.10/site-packages/airflow/example_dags/example_branch_day_of_week_operator.py took 0.077 seconds
[2025-01-15T22:04:39.603+0000] {processor.py:157} INFO - Started process (PID=131) to work on /home/airflow/.local/lib/python3.10/site-packages/airflow/example_dags/example_branch_day_of_week_operator.py
[2025-01-15T22:04:39.604+0000] {processor.py:829} INFO - Processing file /home/airflow/.local/lib/python3.10/site-packages/airflow/example_dags/example_branch_day_of_week_operator.py for tasks to queue
[2025-01-15T22:04:39.606+0000] {logging_mixin.py:154} INFO - [2025-01-15T22:04:39.606+0000] {dagbag.py:536} INFO - Filling up the DagBag from /home/airflow/.local/lib/python3.10/site-packages/airflow/example_dags/example_branch_day_of_week_operator.py
[2025-01-15T22:04:39.613+0000] {processor.py:839} INFO - DAG(s) dict_keys(['example_weekday_branch_operator']) retrieved from /home/airflow/.local/lib/python3.10/site-packages/airflow/example_dags/example_branch_day_of_week_operator.py
[2025-01-15T22:04:39.636+0000] {logging_mixin.py:154} INFO - [2025-01-15T22:04:39.636+0000] {dag.py:2941} INFO - Sync 1 DAGs
[2025-01-15T22:04:39.660+0000] {logging_mixin.py:154} INFO - [2025-01-15T22:04:39.660+0000] {dag.py:3722} INFO - Setting next_dagrun for example_weekday_branch_operator to 2025-01-14T00:00:00+00:00, run_after=2025-01-15T00:00:00+00:00
[2025-01-15T22:04:39.678+0000] {processor.py:179} INFO - Processing /home/airflow/.local/lib/python3.10/site-packages/airflow/example_dags/example_branch_day_of_week_operator.py took 0.078 seconds
[2025-01-15T22:05:10.743+0000] {processor.py:157} INFO - Started process (PID=187) to work on /home/airflow/.local/lib/python3.10/site-packages/airflow/example_dags/example_branch_day_of_week_operator.py
[2025-01-15T22:05:10.744+0000] {processor.py:829} INFO - Processing file /home/airflow/.local/lib/python3.10/site-packages/airflow/example_dags/example_branch_day_of_week_operator.py for tasks to queue
[2025-01-15T22:05:10.746+0000] {logging_mixin.py:154} INFO - [2025-01-15T22:05:10.745+0000] {dagbag.py:536} INFO - Filling up the DagBag from /home/airflow/.local/lib/python3.10/site-packages/airflow/example_dags/example_branch_day_of_week_operator.py
[2025-01-15T22:05:10.752+0000] {processor.py:839} INFO - DAG(s) dict_keys(['example_weekday_branch_operator']) retrieved from /home/airflow/.local/lib/python3.10/site-packages/airflow/example_dags/example_branch_day_of_week_operator.py
[2025-01-15T22:05:10.772+0000] {logging_mixin.py:154} INFO - [2025-01-15T22:05:10.772+0000] {dag.py:2941} INFO - Sync 1 DAGs
[2025-01-15T22:05:10.795+0000] {logging_mixin.py:154} INFO - [2025-01-15T22:05:10.795+0000] {dag.py:3722} INFO - Setting next_dagrun for example_weekday_branch_operator to 2025-01-14T00:00:00+00:00, run_after=2025-01-15T00:00:00+00:00
[2025-01-15T22:05:10.813+0000] {processor.py:179} INFO - Processing /home/airflow/.local/lib/python3.10/site-packages/airflow/example_dags/example_branch_day_of_week_operator.py took 0.074 seconds
[2025-01-15T22:05:41.333+0000] {processor.py:157} INFO - Started process (PID=243) to work on /home/airflow/.local/lib/python3.10/site-packages/airflow/example_dags/example_branch_day_of_week_operator.py
[2025-01-15T22:05:41.334+0000] {processor.py:829} INFO - Processing file /home/airflow/.local/lib/python3.10/site-packages/airflow/example_dags/example_branch_day_of_week_operator.py for tasks to queue
[2025-01-15T22:05:41.336+0000] {logging_mixin.py:154} INFO - [2025-01-15T22:05:41.336+0000] {dagbag.py:536} INFO - Filling up the DagBag from /home/airflow/.local/lib/python3.10/site-packages/airflow/example_dags/example_branch_day_of_week_operator.py
[2025-01-15T22:05:41.343+0000] {processor.py:839} INFO - DAG(s) dict_keys(['example_weekday_branch_operator']) retrieved from /home/airflow/.local/lib/python3.10/site-packages/airflow/example_dags/example_branch_day_of_week_operator.py
[2025-01-15T22:05:41.363+0000] {logging_mixin.py:154} INFO - [2025-01-15T22:05:41.363+0000] {dag.py:2941} INFO - Sync 1 DAGs
[2025-01-15T22:05:41.386+0000] {logging_mixin.py:154} INFO - [2025-01-15T22:05:41.386+0000] {dag.py:3722} INFO - Setting next_dagrun for example_weekday_branch_operator to 2025-01-14T00:00:00+00:00, run_after=2025-01-15T00:00:00+00:00
[2025-01-15T22:05:41.406+0000] {processor.py:179} INFO - Processing /home/airflow/.local/lib/python3.10/site-packages/airflow/example_dags/example_branch_day_of_week_operator.py took 0.076 seconds
[2025-01-15T22:06:11.959+0000] {processor.py:157} INFO - Started process (PID=299) to work on /home/airflow/.local/lib/python3.10/site-packages/airflow/example_dags/example_branch_day_of_week_operator.py
[2025-01-15T22:06:11.960+0000] {processor.py:829} INFO - Processing file /home/airflow/.local/lib/python3.10/site-packages/airflow/example_dags/example_branch_day_of_week_operator.py for tasks to queue
[2025-01-15T22:06:11.962+0000] {logging_mixin.py:154} INFO - [2025-01-15T22:06:11.962+0000] {dagbag.py:536} INFO - Filling up the DagBag from /home/airflow/.local/lib/python3.10/site-packages/airflow/example_dags/example_branch_day_of_week_operator.py
[2025-01-15T22:06:11.970+0000] {processor.py:839} INFO - DAG(s) dict_keys(['example_weekday_branch_operator']) retrieved from /home/airflow/.local/lib/python3.10/site-packages/airflow/example_dags/example_branch_day_of_week_operator.py
[2025-01-15T22:06:11.995+0000] {logging_mixin.py:154} INFO - [2025-01-15T22:06:11.995+0000] {dag.py:2941} INFO - Sync 1 DAGs
[2025-01-15T22:06:12.028+0000] {logging_mixin.py:154} INFO - [2025-01-15T22:06:12.027+0000] {dag.py:3722} INFO - Setting next_dagrun for example_weekday_branch_operator to 2025-01-14T00:00:00+00:00, run_after=2025-01-15T00:00:00+00:00
[2025-01-15T22:06:12.050+0000] {processor.py:179} INFO - Processing /home/airflow/.local/lib/python3.10/site-packages/airflow/example_dags/example_branch_day_of_week_operator.py took 0.094 seconds
[2025-01-15T22:06:42.598+0000] {processor.py:157} INFO - Started process (PID=355) to work on /home/airflow/.local/lib/python3.10/site-packages/airflow/example_dags/example_branch_day_of_week_operator.py
[2025-01-15T22:06:42.599+0000] {processor.py:829} INFO - Processing file /home/airflow/.local/lib/python3.10/site-packages/airflow/example_dags/example_branch_day_of_week_operator.py for tasks to queue
[2025-01-15T22:06:42.601+0000] {logging_mixin.py:154} INFO - [2025-01-15T22:06:42.601+0000] {dagbag.py:536} INFO - Filling up the DagBag from /home/airflow/.local/lib/python3.10/site-packages/airflow/example_dags/example_branch_day_of_week_operator.py
[2025-01-15T22:06:42.609+0000] {processor.py:839} INFO - DAG(s) dict_keys(['example_weekday_branch_operator']) retrieved from /home/airflow/.local/lib/python3.10/site-packages/airflow/example_dags/example_branch_day_of_week_operator.py
[2025-01-15T22:06:42.631+0000] {logging_mixin.py:154} INFO - [2025-01-15T22:06:42.631+0000] {dag.py:2941} INFO - Sync 1 DAGs
[2025-01-15T22:06:42.660+0000] {logging_mixin.py:154} INFO - [2025-01-15T22:06:42.660+0000] {dag.py:3722} INFO - Setting next_dagrun for example_weekday_branch_operator to 2025-01-14T00:00:00+00:00, run_after=2025-01-15T00:00:00+00:00
[2025-01-15T22:06:42.684+0000] {processor.py:179} INFO - Processing /home/airflow/.local/lib/python3.10/site-packages/airflow/example_dags/example_branch_day_of_week_operator.py took 0.090 seconds
[2025-01-15T22:07:13.117+0000] {processor.py:157} INFO - Started process (PID=411) to work on /home/airflow/.local/lib/python3.10/site-packages/airflow/example_dags/example_branch_day_of_week_operator.py
[2025-01-15T22:07:13.118+0000] {processor.py:829} INFO - Processing file /home/airflow/.local/lib/python3.10/site-packages/airflow/example_dags/example_branch_day_of_week_operator.py for tasks to queue
[2025-01-15T22:07:13.120+0000] {logging_mixin.py:154} INFO - [2025-01-15T22:07:13.120+0000] {dagbag.py:536} INFO - Filling up the DagBag from /home/airflow/.local/lib/python3.10/site-packages/airflow/example_dags/example_branch_day_of_week_operator.py
[2025-01-15T22:07:13.127+0000] {processor.py:839} INFO - DAG(s) dict_keys(['example_weekday_branch_operator']) retrieved from /home/airflow/.local/lib/python3.10/site-packages/airflow/example_dags/example_branch_day_of_week_operator.py
[2025-01-15T22:07:13.147+0000] {logging_mixin.py:154} INFO - [2025-01-15T22:07:13.147+0000] {dag.py:2941} INFO - Sync 1 DAGs
[2025-01-15T22:07:13.171+0000] {logging_mixin.py:154} INFO - [2025-01-15T22:07:13.171+0000] {dag.py:3722} INFO - Setting next_dagrun for example_weekday_branch_operator to 2025-01-14T00:00:00+00:00, run_after=2025-01-15T00:00:00+00:00
[2025-01-15T22:07:13.190+0000] {processor.py:179} INFO - Processing /home/airflow/.local/lib/python3.10/site-packages/airflow/example_dags/example_branch_day_of_week_operator.py took 0.076 seconds
[2025-01-15T22:08:33.557+0000] {processor.py:157} INFO - Started process (PID=77) to work on /home/airflow/.local/lib/python3.10/site-packages/airflow/example_dags/example_branch_day_of_week_operator.py
[2025-01-15T22:08:33.559+0000] {processor.py:829} INFO - Processing file /home/airflow/.local/lib/python3.10/site-packages/airflow/example_dags/example_branch_day_of_week_operator.py for tasks to queue
[2025-01-15T22:08:33.561+0000] {logging_mixin.py:154} INFO - [2025-01-15T22:08:33.561+0000] {dagbag.py:536} INFO - Filling up the DagBag from /home/airflow/.local/lib/python3.10/site-packages/airflow/example_dags/example_branch_day_of_week_operator.py
[2025-01-15T22:08:33.574+0000] {processor.py:839} INFO - DAG(s) dict_keys(['example_weekday_branch_operator']) retrieved from /home/airflow/.local/lib/python3.10/site-packages/airflow/example_dags/example_branch_day_of_week_operator.py
[2025-01-15T22:08:33.588+0000] {logging_mixin.py:154} INFO - [2025-01-15T22:08:33.588+0000] {dag.py:2941} INFO - Sync 1 DAGs
[2025-01-15T22:08:33.616+0000] {logging_mixin.py:154} INFO - [2025-01-15T22:08:33.615+0000] {dag.py:3722} INFO - Setting next_dagrun for example_weekday_branch_operator to 2025-01-14T00:00:00+00:00, run_after=2025-01-15T00:00:00+00:00
[2025-01-15T22:08:33.636+0000] {processor.py:179} INFO - Processing /home/airflow/.local/lib/python3.10/site-packages/airflow/example_dags/example_branch_day_of_week_operator.py took 0.083 seconds
[2025-01-15T22:09:05.065+0000] {processor.py:157} INFO - Started process (PID=133) to work on /home/airflow/.local/lib/python3.10/site-packages/airflow/example_dags/example_branch_day_of_week_operator.py
[2025-01-15T22:09:05.066+0000] {processor.py:829} INFO - Processing file /home/airflow/.local/lib/python3.10/site-packages/airflow/example_dags/example_branch_day_of_week_operator.py for tasks to queue
[2025-01-15T22:09:05.069+0000] {logging_mixin.py:154} INFO - [2025-01-15T22:09:05.068+0000] {dagbag.py:536} INFO - Filling up the DagBag from /home/airflow/.local/lib/python3.10/site-packages/airflow/example_dags/example_branch_day_of_week_operator.py
[2025-01-15T22:09:05.076+0000] {processor.py:839} INFO - DAG(s) dict_keys(['example_weekday_branch_operator']) retrieved from /home/airflow/.local/lib/python3.10/site-packages/airflow/example_dags/example_branch_day_of_week_operator.py
[2025-01-15T22:09:05.099+0000] {logging_mixin.py:154} INFO - [2025-01-15T22:09:05.099+0000] {dag.py:2941} INFO - Sync 1 DAGs
[2025-01-15T22:09:05.126+0000] {logging_mixin.py:154} INFO - [2025-01-15T22:09:05.126+0000] {dag.py:3722} INFO - Setting next_dagrun for example_weekday_branch_operator to 2025-01-14T00:00:00+00:00, run_after=2025-01-15T00:00:00+00:00
[2025-01-15T22:09:05.150+0000] {processor.py:179} INFO - Processing /home/airflow/.local/lib/python3.10/site-packages/airflow/example_dags/example_branch_day_of_week_operator.py took 0.088 seconds
