[2025-01-15T21:48:40.905+0000] {processor.py:157} INFO - Started process (PID=95) to work on /home/airflow/.local/lib/python3.10/site-packages/airflow/example_dags/example_task_group.py
[2025-01-15T21:48:40.906+0000] {processor.py:829} INFO - Processing file /home/airflow/.local/lib/python3.10/site-packages/airflow/example_dags/example_task_group.py for tasks to queue
[2025-01-15T21:48:40.908+0000] {logging_mixin.py:154} INFO - [2025-01-15T21:48:40.908+0000] {dagbag.py:536} INFO - Filling up the DagBag from /home/airflow/.local/lib/python3.10/site-packages/airflow/example_dags/example_task_group.py
[2025-01-15T21:48:40.917+0000] {processor.py:839} INFO - DAG(s) dict_keys(['example_task_group']) retrieved from /home/airflow/.local/lib/python3.10/site-packages/airflow/example_dags/example_task_group.py
[2025-01-15T21:48:40.931+0000] {logging_mixin.py:154} INFO - [2025-01-15T21:48:40.931+0000] {dag.py:2941} INFO - Sync 1 DAGs
[2025-01-15T21:48:40.961+0000] {logging_mixin.py:154} INFO - [2025-01-15T21:48:40.961+0000] {dag.py:3722} INFO - Setting next_dagrun for example_task_group to 2025-01-14T21:48:40.961207+00:00, run_after=2025-01-15T21:48:40.961207+00:00
[2025-01-15T21:48:40.987+0000] {processor.py:179} INFO - Processing /home/airflow/.local/lib/python3.10/site-packages/airflow/example_dags/example_task_group.py took 0.086 seconds
[2025-01-15T21:49:11.295+0000] {processor.py:157} INFO - Started process (PID=151) to work on /home/airflow/.local/lib/python3.10/site-packages/airflow/example_dags/example_task_group.py
[2025-01-15T21:49:11.296+0000] {processor.py:829} INFO - Processing file /home/airflow/.local/lib/python3.10/site-packages/airflow/example_dags/example_task_group.py for tasks to queue
[2025-01-15T21:49:11.297+0000] {logging_mixin.py:154} INFO - [2025-01-15T21:49:11.297+0000] {dagbag.py:536} INFO - Filling up the DagBag from /home/airflow/.local/lib/python3.10/site-packages/airflow/example_dags/example_task_group.py
[2025-01-15T21:49:11.304+0000] {processor.py:839} INFO - DAG(s) dict_keys(['example_task_group']) retrieved from /home/airflow/.local/lib/python3.10/site-packages/airflow/example_dags/example_task_group.py
[2025-01-15T21:49:11.323+0000] {logging_mixin.py:154} INFO - [2025-01-15T21:49:11.323+0000] {dag.py:2941} INFO - Sync 1 DAGs
[2025-01-15T21:49:11.344+0000] {logging_mixin.py:154} INFO - [2025-01-15T21:49:11.344+0000] {dag.py:3722} INFO - Setting next_dagrun for example_task_group to 2025-01-14T21:49:11.343980+00:00, run_after=2025-01-15T21:49:11.343980+00:00
[2025-01-15T21:49:11.360+0000] {processor.py:179} INFO - Processing /home/airflow/.local/lib/python3.10/site-packages/airflow/example_dags/example_task_group.py took 0.069 seconds
[2025-01-15T21:49:41.964+0000] {processor.py:157} INFO - Started process (PID=207) to work on /home/airflow/.local/lib/python3.10/site-packages/airflow/example_dags/example_task_group.py
[2025-01-15T21:49:41.965+0000] {processor.py:829} INFO - Processing file /home/airflow/.local/lib/python3.10/site-packages/airflow/example_dags/example_task_group.py for tasks to queue
[2025-01-15T21:49:41.967+0000] {logging_mixin.py:154} INFO - [2025-01-15T21:49:41.967+0000] {dagbag.py:536} INFO - Filling up the DagBag from /home/airflow/.local/lib/python3.10/site-packages/airflow/example_dags/example_task_group.py
[2025-01-15T21:49:41.974+0000] {processor.py:839} INFO - DAG(s) dict_keys(['example_task_group']) retrieved from /home/airflow/.local/lib/python3.10/site-packages/airflow/example_dags/example_task_group.py
[2025-01-15T21:49:41.995+0000] {logging_mixin.py:154} INFO - [2025-01-15T21:49:41.994+0000] {dag.py:2941} INFO - Sync 1 DAGs
[2025-01-15T21:49:42.016+0000] {logging_mixin.py:154} INFO - [2025-01-15T21:49:42.015+0000] {dag.py:3722} INFO - Setting next_dagrun for example_task_group to 2025-01-14T21:49:42.015750+00:00, run_after=2025-01-15T21:49:42.015750+00:00
[2025-01-15T21:49:42.033+0000] {processor.py:179} INFO - Processing /home/airflow/.local/lib/python3.10/site-packages/airflow/example_dags/example_task_group.py took 0.071 seconds
[2025-01-15T21:50:12.844+0000] {processor.py:157} INFO - Started process (PID=264) to work on /home/airflow/.local/lib/python3.10/site-packages/airflow/example_dags/example_task_group.py
[2025-01-15T21:50:12.845+0000] {processor.py:829} INFO - Processing file /home/airflow/.local/lib/python3.10/site-packages/airflow/example_dags/example_task_group.py for tasks to queue
[2025-01-15T21:50:12.847+0000] {logging_mixin.py:154} INFO - [2025-01-15T21:50:12.847+0000] {dagbag.py:536} INFO - Filling up the DagBag from /home/airflow/.local/lib/python3.10/site-packages/airflow/example_dags/example_task_group.py
[2025-01-15T21:50:12.855+0000] {processor.py:839} INFO - DAG(s) dict_keys(['example_task_group']) retrieved from /home/airflow/.local/lib/python3.10/site-packages/airflow/example_dags/example_task_group.py
[2025-01-15T21:50:12.873+0000] {logging_mixin.py:154} INFO - [2025-01-15T21:50:12.872+0000] {dag.py:2941} INFO - Sync 1 DAGs
[2025-01-15T21:50:12.896+0000] {logging_mixin.py:154} INFO - [2025-01-15T21:50:12.896+0000] {dag.py:3722} INFO - Setting next_dagrun for example_task_group to 2025-01-14T21:50:12.895398+00:00, run_after=2025-01-15T21:50:12.895398+00:00
[2025-01-15T21:50:12.912+0000] {processor.py:179} INFO - Processing /home/airflow/.local/lib/python3.10/site-packages/airflow/example_dags/example_task_group.py took 0.071 seconds
[2025-01-15T21:50:43.528+0000] {processor.py:157} INFO - Started process (PID=320) to work on /home/airflow/.local/lib/python3.10/site-packages/airflow/example_dags/example_task_group.py
[2025-01-15T21:50:43.529+0000] {processor.py:829} INFO - Processing file /home/airflow/.local/lib/python3.10/site-packages/airflow/example_dags/example_task_group.py for tasks to queue
[2025-01-15T21:50:43.532+0000] {logging_mixin.py:154} INFO - [2025-01-15T21:50:43.532+0000] {dagbag.py:536} INFO - Filling up the DagBag from /home/airflow/.local/lib/python3.10/site-packages/airflow/example_dags/example_task_group.py
[2025-01-15T21:50:43.540+0000] {processor.py:839} INFO - DAG(s) dict_keys(['example_task_group']) retrieved from /home/airflow/.local/lib/python3.10/site-packages/airflow/example_dags/example_task_group.py
[2025-01-15T21:50:43.561+0000] {logging_mixin.py:154} INFO - [2025-01-15T21:50:43.561+0000] {dag.py:2941} INFO - Sync 1 DAGs
[2025-01-15T21:50:43.584+0000] {logging_mixin.py:154} INFO - [2025-01-15T21:50:43.584+0000] {dag.py:3722} INFO - Setting next_dagrun for example_task_group to 2025-01-14T21:50:43.584192+00:00, run_after=2025-01-15T21:50:43.584192+00:00
[2025-01-15T21:50:43.602+0000] {processor.py:179} INFO - Processing /home/airflow/.local/lib/python3.10/site-packages/airflow/example_dags/example_task_group.py took 0.077 seconds
[2025-01-15T21:51:13.708+0000] {processor.py:157} INFO - Started process (PID=376) to work on /home/airflow/.local/lib/python3.10/site-packages/airflow/example_dags/example_task_group.py
[2025-01-15T21:51:13.710+0000] {processor.py:829} INFO - Processing file /home/airflow/.local/lib/python3.10/site-packages/airflow/example_dags/example_task_group.py for tasks to queue
[2025-01-15T21:51:13.712+0000] {logging_mixin.py:154} INFO - [2025-01-15T21:51:13.712+0000] {dagbag.py:536} INFO - Filling up the DagBag from /home/airflow/.local/lib/python3.10/site-packages/airflow/example_dags/example_task_group.py
[2025-01-15T21:51:13.720+0000] {processor.py:839} INFO - DAG(s) dict_keys(['example_task_group']) retrieved from /home/airflow/.local/lib/python3.10/site-packages/airflow/example_dags/example_task_group.py
[2025-01-15T21:51:13.744+0000] {logging_mixin.py:154} INFO - [2025-01-15T21:51:13.744+0000] {dag.py:2941} INFO - Sync 1 DAGs
[2025-01-15T21:51:13.767+0000] {logging_mixin.py:154} INFO - [2025-01-15T21:51:13.767+0000] {dag.py:3722} INFO - Setting next_dagrun for example_task_group to 2025-01-14T21:51:13.767270+00:00, run_after=2025-01-15T21:51:13.767270+00:00
[2025-01-15T21:51:13.791+0000] {processor.py:179} INFO - Processing /home/airflow/.local/lib/python3.10/site-packages/airflow/example_dags/example_task_group.py took 0.086 seconds
[2025-01-15T21:51:43.953+0000] {processor.py:157} INFO - Started process (PID=432) to work on /home/airflow/.local/lib/python3.10/site-packages/airflow/example_dags/example_task_group.py
[2025-01-15T21:51:43.954+0000] {processor.py:829} INFO - Processing file /home/airflow/.local/lib/python3.10/site-packages/airflow/example_dags/example_task_group.py for tasks to queue
[2025-01-15T21:51:43.956+0000] {logging_mixin.py:154} INFO - [2025-01-15T21:51:43.955+0000] {dagbag.py:536} INFO - Filling up the DagBag from /home/airflow/.local/lib/python3.10/site-packages/airflow/example_dags/example_task_group.py
[2025-01-15T21:51:43.962+0000] {processor.py:839} INFO - DAG(s) dict_keys(['example_task_group']) retrieved from /home/airflow/.local/lib/python3.10/site-packages/airflow/example_dags/example_task_group.py
[2025-01-15T21:51:43.980+0000] {logging_mixin.py:154} INFO - [2025-01-15T21:51:43.980+0000] {dag.py:2941} INFO - Sync 1 DAGs
[2025-01-15T21:51:43.999+0000] {logging_mixin.py:154} INFO - [2025-01-15T21:51:43.999+0000] {dag.py:3722} INFO - Setting next_dagrun for example_task_group to 2025-01-14T21:51:43.998802+00:00, run_after=2025-01-15T21:51:43.998802+00:00
[2025-01-15T21:51:44.014+0000] {processor.py:179} INFO - Processing /home/airflow/.local/lib/python3.10/site-packages/airflow/example_dags/example_task_group.py took 0.064 seconds
[2025-01-15T21:52:14.930+0000] {processor.py:157} INFO - Started process (PID=488) to work on /home/airflow/.local/lib/python3.10/site-packages/airflow/example_dags/example_task_group.py
[2025-01-15T21:52:14.931+0000] {processor.py:829} INFO - Processing file /home/airflow/.local/lib/python3.10/site-packages/airflow/example_dags/example_task_group.py for tasks to queue
[2025-01-15T21:52:14.933+0000] {logging_mixin.py:154} INFO - [2025-01-15T21:52:14.933+0000] {dagbag.py:536} INFO - Filling up the DagBag from /home/airflow/.local/lib/python3.10/site-packages/airflow/example_dags/example_task_group.py
[2025-01-15T21:52:14.940+0000] {processor.py:839} INFO - DAG(s) dict_keys(['example_task_group']) retrieved from /home/airflow/.local/lib/python3.10/site-packages/airflow/example_dags/example_task_group.py
[2025-01-15T21:52:14.958+0000] {logging_mixin.py:154} INFO - [2025-01-15T21:52:14.958+0000] {dag.py:2941} INFO - Sync 1 DAGs
[2025-01-15T21:52:14.978+0000] {logging_mixin.py:154} INFO - [2025-01-15T21:52:14.978+0000] {dag.py:3722} INFO - Setting next_dagrun for example_task_group to 2025-01-14T21:52:14.978378+00:00, run_after=2025-01-15T21:52:14.978378+00:00
[2025-01-15T21:52:14.993+0000] {processor.py:179} INFO - Processing /home/airflow/.local/lib/python3.10/site-packages/airflow/example_dags/example_task_group.py took 0.065 seconds
[2025-01-15T21:52:45.783+0000] {processor.py:157} INFO - Started process (PID=544) to work on /home/airflow/.local/lib/python3.10/site-packages/airflow/example_dags/example_task_group.py
[2025-01-15T21:52:45.784+0000] {processor.py:829} INFO - Processing file /home/airflow/.local/lib/python3.10/site-packages/airflow/example_dags/example_task_group.py for tasks to queue
[2025-01-15T21:52:45.786+0000] {logging_mixin.py:154} INFO - [2025-01-15T21:52:45.786+0000] {dagbag.py:536} INFO - Filling up the DagBag from /home/airflow/.local/lib/python3.10/site-packages/airflow/example_dags/example_task_group.py
[2025-01-15T21:52:45.793+0000] {processor.py:839} INFO - DAG(s) dict_keys(['example_task_group']) retrieved from /home/airflow/.local/lib/python3.10/site-packages/airflow/example_dags/example_task_group.py
[2025-01-15T21:52:45.813+0000] {logging_mixin.py:154} INFO - [2025-01-15T21:52:45.813+0000] {dag.py:2941} INFO - Sync 1 DAGs
[2025-01-15T21:52:45.835+0000] {logging_mixin.py:154} INFO - [2025-01-15T21:52:45.835+0000] {dag.py:3722} INFO - Setting next_dagrun for example_task_group to 2025-01-14T21:52:45.835369+00:00, run_after=2025-01-15T21:52:45.835369+00:00
[2025-01-15T21:52:45.853+0000] {processor.py:179} INFO - Processing /home/airflow/.local/lib/python3.10/site-packages/airflow/example_dags/example_task_group.py took 0.073 seconds
[2025-01-15T21:53:16.674+0000] {processor.py:157} INFO - Started process (PID=600) to work on /home/airflow/.local/lib/python3.10/site-packages/airflow/example_dags/example_task_group.py
[2025-01-15T21:53:16.675+0000] {processor.py:829} INFO - Processing file /home/airflow/.local/lib/python3.10/site-packages/airflow/example_dags/example_task_group.py for tasks to queue
[2025-01-15T21:53:16.677+0000] {logging_mixin.py:154} INFO - [2025-01-15T21:53:16.677+0000] {dagbag.py:536} INFO - Filling up the DagBag from /home/airflow/.local/lib/python3.10/site-packages/airflow/example_dags/example_task_group.py
[2025-01-15T21:53:16.683+0000] {processor.py:839} INFO - DAG(s) dict_keys(['example_task_group']) retrieved from /home/airflow/.local/lib/python3.10/site-packages/airflow/example_dags/example_task_group.py
[2025-01-15T21:53:16.704+0000] {logging_mixin.py:154} INFO - [2025-01-15T21:53:16.703+0000] {dag.py:2941} INFO - Sync 1 DAGs
[2025-01-15T21:53:16.723+0000] {logging_mixin.py:154} INFO - [2025-01-15T21:53:16.723+0000] {dag.py:3722} INFO - Setting next_dagrun for example_task_group to 2025-01-14T21:53:16.723327+00:00, run_after=2025-01-15T21:53:16.723327+00:00
[2025-01-15T21:53:16.740+0000] {processor.py:179} INFO - Processing /home/airflow/.local/lib/python3.10/site-packages/airflow/example_dags/example_task_group.py took 0.069 seconds
[2025-01-15T21:53:47.993+0000] {processor.py:157} INFO - Started process (PID=656) to work on /home/airflow/.local/lib/python3.10/site-packages/airflow/example_dags/example_task_group.py
[2025-01-15T21:53:47.994+0000] {processor.py:829} INFO - Processing file /home/airflow/.local/lib/python3.10/site-packages/airflow/example_dags/example_task_group.py for tasks to queue
[2025-01-15T21:53:47.997+0000] {logging_mixin.py:154} INFO - [2025-01-15T21:53:47.996+0000] {dagbag.py:536} INFO - Filling up the DagBag from /home/airflow/.local/lib/python3.10/site-packages/airflow/example_dags/example_task_group.py
[2025-01-15T21:53:48.003+0000] {processor.py:839} INFO - DAG(s) dict_keys(['example_task_group']) retrieved from /home/airflow/.local/lib/python3.10/site-packages/airflow/example_dags/example_task_group.py
[2025-01-15T21:53:48.024+0000] {logging_mixin.py:154} INFO - [2025-01-15T21:53:48.024+0000] {dag.py:2941} INFO - Sync 1 DAGs
[2025-01-15T21:53:48.045+0000] {logging_mixin.py:154} INFO - [2025-01-15T21:53:48.044+0000] {dag.py:3722} INFO - Setting next_dagrun for example_task_group to 2025-01-14T21:53:48.044582+00:00, run_after=2025-01-15T21:53:48.044582+00:00
[2025-01-15T21:53:48.062+0000] {processor.py:179} INFO - Processing /home/airflow/.local/lib/python3.10/site-packages/airflow/example_dags/example_task_group.py took 0.072 seconds
[2025-01-15T21:54:18.817+0000] {processor.py:157} INFO - Started process (PID=712) to work on /home/airflow/.local/lib/python3.10/site-packages/airflow/example_dags/example_task_group.py
[2025-01-15T21:54:18.818+0000] {processor.py:829} INFO - Processing file /home/airflow/.local/lib/python3.10/site-packages/airflow/example_dags/example_task_group.py for tasks to queue
[2025-01-15T21:54:18.820+0000] {logging_mixin.py:154} INFO - [2025-01-15T21:54:18.820+0000] {dagbag.py:536} INFO - Filling up the DagBag from /home/airflow/.local/lib/python3.10/site-packages/airflow/example_dags/example_task_group.py
[2025-01-15T21:54:18.827+0000] {processor.py:839} INFO - DAG(s) dict_keys(['example_task_group']) retrieved from /home/airflow/.local/lib/python3.10/site-packages/airflow/example_dags/example_task_group.py
[2025-01-15T21:54:18.846+0000] {logging_mixin.py:154} INFO - [2025-01-15T21:54:18.846+0000] {dag.py:2941} INFO - Sync 1 DAGs
[2025-01-15T21:54:18.865+0000] {logging_mixin.py:154} INFO - [2025-01-15T21:54:18.865+0000] {dag.py:3722} INFO - Setting next_dagrun for example_task_group to 2025-01-14T21:54:18.865274+00:00, run_after=2025-01-15T21:54:18.865274+00:00
[2025-01-15T21:54:18.883+0000] {processor.py:179} INFO - Processing /home/airflow/.local/lib/python3.10/site-packages/airflow/example_dags/example_task_group.py took 0.069 seconds
[2025-01-15T21:54:49.931+0000] {processor.py:157} INFO - Started process (PID=768) to work on /home/airflow/.local/lib/python3.10/site-packages/airflow/example_dags/example_task_group.py
[2025-01-15T21:54:49.932+0000] {processor.py:829} INFO - Processing file /home/airflow/.local/lib/python3.10/site-packages/airflow/example_dags/example_task_group.py for tasks to queue
[2025-01-15T21:54:49.934+0000] {logging_mixin.py:154} INFO - [2025-01-15T21:54:49.934+0000] {dagbag.py:536} INFO - Filling up the DagBag from /home/airflow/.local/lib/python3.10/site-packages/airflow/example_dags/example_task_group.py
[2025-01-15T21:54:49.940+0000] {processor.py:839} INFO - DAG(s) dict_keys(['example_task_group']) retrieved from /home/airflow/.local/lib/python3.10/site-packages/airflow/example_dags/example_task_group.py
[2025-01-15T21:54:49.961+0000] {logging_mixin.py:154} INFO - [2025-01-15T21:54:49.961+0000] {dag.py:2941} INFO - Sync 1 DAGs
[2025-01-15T21:54:49.981+0000] {logging_mixin.py:154} INFO - [2025-01-15T21:54:49.981+0000] {dag.py:3722} INFO - Setting next_dagrun for example_task_group to 2025-01-14T21:54:49.981271+00:00, run_after=2025-01-15T21:54:49.981271+00:00
[2025-01-15T21:54:49.998+0000] {processor.py:179} INFO - Processing /home/airflow/.local/lib/python3.10/site-packages/airflow/example_dags/example_task_group.py took 0.069 seconds
[2025-01-15T21:55:20.380+0000] {processor.py:157} INFO - Started process (PID=824) to work on /home/airflow/.local/lib/python3.10/site-packages/airflow/example_dags/example_task_group.py
[2025-01-15T21:55:20.381+0000] {processor.py:829} INFO - Processing file /home/airflow/.local/lib/python3.10/site-packages/airflow/example_dags/example_task_group.py for tasks to queue
[2025-01-15T21:55:20.382+0000] {logging_mixin.py:154} INFO - [2025-01-15T21:55:20.382+0000] {dagbag.py:536} INFO - Filling up the DagBag from /home/airflow/.local/lib/python3.10/site-packages/airflow/example_dags/example_task_group.py
[2025-01-15T21:55:20.388+0000] {processor.py:839} INFO - DAG(s) dict_keys(['example_task_group']) retrieved from /home/airflow/.local/lib/python3.10/site-packages/airflow/example_dags/example_task_group.py
[2025-01-15T21:55:20.408+0000] {logging_mixin.py:154} INFO - [2025-01-15T21:55:20.407+0000] {dag.py:2941} INFO - Sync 1 DAGs
[2025-01-15T21:55:20.427+0000] {logging_mixin.py:154} INFO - [2025-01-15T21:55:20.427+0000] {dag.py:3722} INFO - Setting next_dagrun for example_task_group to 2025-01-14T21:55:20.427253+00:00, run_after=2025-01-15T21:55:20.427253+00:00
[2025-01-15T21:55:20.443+0000] {processor.py:179} INFO - Processing /home/airflow/.local/lib/python3.10/site-packages/airflow/example_dags/example_task_group.py took 0.066 seconds
[2025-01-15T21:55:51.593+0000] {processor.py:157} INFO - Started process (PID=887) to work on /home/airflow/.local/lib/python3.10/site-packages/airflow/example_dags/example_task_group.py
[2025-01-15T21:55:51.594+0000] {processor.py:829} INFO - Processing file /home/airflow/.local/lib/python3.10/site-packages/airflow/example_dags/example_task_group.py for tasks to queue
[2025-01-15T21:55:51.596+0000] {logging_mixin.py:154} INFO - [2025-01-15T21:55:51.596+0000] {dagbag.py:536} INFO - Filling up the DagBag from /home/airflow/.local/lib/python3.10/site-packages/airflow/example_dags/example_task_group.py
[2025-01-15T21:55:51.602+0000] {processor.py:839} INFO - DAG(s) dict_keys(['example_task_group']) retrieved from /home/airflow/.local/lib/python3.10/site-packages/airflow/example_dags/example_task_group.py
[2025-01-15T21:55:50.507+0000] {logging_mixin.py:154} INFO - [2025-01-15T21:55:50.506+0000] {dag.py:2941} INFO - Sync 1 DAGs
[2025-01-15T21:55:50.530+0000] {logging_mixin.py:154} INFO - [2025-01-15T21:55:50.530+0000] {dag.py:3722} INFO - Setting next_dagrun for example_task_group to 2025-01-14T21:55:50.530186+00:00, run_after=2025-01-15T21:55:50.530186+00:00
[2025-01-15T21:55:50.547+0000] {processor.py:179} INFO - Processing /home/airflow/.local/lib/python3.10/site-packages/airflow/example_dags/example_task_group.py took 0.072 seconds
[2025-01-15T21:56:21.724+0000] {processor.py:157} INFO - Started process (PID=928) to work on /home/airflow/.local/lib/python3.10/site-packages/airflow/example_dags/example_task_group.py
[2025-01-15T21:56:21.724+0000] {processor.py:829} INFO - Processing file /home/airflow/.local/lib/python3.10/site-packages/airflow/example_dags/example_task_group.py for tasks to queue
[2025-01-15T21:56:21.726+0000] {logging_mixin.py:154} INFO - [2025-01-15T21:56:21.726+0000] {dagbag.py:536} INFO - Filling up the DagBag from /home/airflow/.local/lib/python3.10/site-packages/airflow/example_dags/example_task_group.py
[2025-01-15T21:56:21.733+0000] {processor.py:839} INFO - DAG(s) dict_keys(['example_task_group']) retrieved from /home/airflow/.local/lib/python3.10/site-packages/airflow/example_dags/example_task_group.py
[2025-01-15T21:56:21.752+0000] {logging_mixin.py:154} INFO - [2025-01-15T21:56:21.752+0000] {dag.py:2941} INFO - Sync 1 DAGs
[2025-01-15T21:56:21.920+0000] {logging_mixin.py:154} INFO - [2025-01-15T21:56:21.920+0000] {dag.py:3722} INFO - Setting next_dagrun for example_task_group to 2025-01-14T21:56:21.919854+00:00, run_after=2025-01-15T21:56:21.919854+00:00
[2025-01-15T21:56:21.934+0000] {processor.py:179} INFO - Processing /home/airflow/.local/lib/python3.10/site-packages/airflow/example_dags/example_task_group.py took 0.214 seconds
[2025-01-15T21:56:53.358+0000] {processor.py:157} INFO - Started process (PID=993) to work on /home/airflow/.local/lib/python3.10/site-packages/airflow/example_dags/example_task_group.py
[2025-01-15T21:56:53.359+0000] {processor.py:829} INFO - Processing file /home/airflow/.local/lib/python3.10/site-packages/airflow/example_dags/example_task_group.py for tasks to queue
[2025-01-15T21:56:53.361+0000] {logging_mixin.py:154} INFO - [2025-01-15T21:56:53.361+0000] {dagbag.py:536} INFO - Filling up the DagBag from /home/airflow/.local/lib/python3.10/site-packages/airflow/example_dags/example_task_group.py
[2025-01-15T21:56:53.369+0000] {processor.py:839} INFO - DAG(s) dict_keys(['example_task_group']) retrieved from /home/airflow/.local/lib/python3.10/site-packages/airflow/example_dags/example_task_group.py
[2025-01-15T21:56:53.391+0000] {logging_mixin.py:154} INFO - [2025-01-15T21:56:53.391+0000] {dag.py:2941} INFO - Sync 1 DAGs
[2025-01-15T21:56:53.411+0000] {logging_mixin.py:154} INFO - [2025-01-15T21:56:53.411+0000] {dag.py:3722} INFO - Setting next_dagrun for example_task_group to 2025-01-14T21:56:53.411477+00:00, run_after=2025-01-15T21:56:53.411477+00:00
[2025-01-15T21:56:53.429+0000] {processor.py:179} INFO - Processing /home/airflow/.local/lib/python3.10/site-packages/airflow/example_dags/example_task_group.py took 0.074 seconds
[2025-01-15T21:57:23.453+0000] {processor.py:157} INFO - Started process (PID=1048) to work on /home/airflow/.local/lib/python3.10/site-packages/airflow/example_dags/example_task_group.py
[2025-01-15T21:57:23.454+0000] {processor.py:829} INFO - Processing file /home/airflow/.local/lib/python3.10/site-packages/airflow/example_dags/example_task_group.py for tasks to queue
[2025-01-15T21:57:23.456+0000] {logging_mixin.py:154} INFO - [2025-01-15T21:57:23.456+0000] {dagbag.py:536} INFO - Filling up the DagBag from /home/airflow/.local/lib/python3.10/site-packages/airflow/example_dags/example_task_group.py
[2025-01-15T21:57:23.462+0000] {processor.py:839} INFO - DAG(s) dict_keys(['example_task_group']) retrieved from /home/airflow/.local/lib/python3.10/site-packages/airflow/example_dags/example_task_group.py
[2025-01-15T21:57:23.480+0000] {logging_mixin.py:154} INFO - [2025-01-15T21:57:23.480+0000] {dag.py:2941} INFO - Sync 1 DAGs
[2025-01-15T21:57:23.499+0000] {logging_mixin.py:154} INFO - [2025-01-15T21:57:23.499+0000] {dag.py:3722} INFO - Setting next_dagrun for example_task_group to 2025-01-14T21:57:23.499069+00:00, run_after=2025-01-15T21:57:23.499069+00:00
[2025-01-15T21:57:23.513+0000] {processor.py:179} INFO - Processing /home/airflow/.local/lib/python3.10/site-packages/airflow/example_dags/example_task_group.py took 0.062 seconds
[2025-01-15T21:57:54.691+0000] {processor.py:157} INFO - Started process (PID=1105) to work on /home/airflow/.local/lib/python3.10/site-packages/airflow/example_dags/example_task_group.py
[2025-01-15T21:57:54.692+0000] {processor.py:829} INFO - Processing file /home/airflow/.local/lib/python3.10/site-packages/airflow/example_dags/example_task_group.py for tasks to queue
[2025-01-15T21:57:54.694+0000] {logging_mixin.py:154} INFO - [2025-01-15T21:57:54.694+0000] {dagbag.py:536} INFO - Filling up the DagBag from /home/airflow/.local/lib/python3.10/site-packages/airflow/example_dags/example_task_group.py
[2025-01-15T21:57:54.702+0000] {processor.py:839} INFO - DAG(s) dict_keys(['example_task_group']) retrieved from /home/airflow/.local/lib/python3.10/site-packages/airflow/example_dags/example_task_group.py
[2025-01-15T21:57:54.723+0000] {logging_mixin.py:154} INFO - [2025-01-15T21:57:54.723+0000] {dag.py:2941} INFO - Sync 1 DAGs
[2025-01-15T21:57:54.883+0000] {logging_mixin.py:154} INFO - [2025-01-15T21:57:54.883+0000] {dag.py:3722} INFO - Setting next_dagrun for example_task_group to 2025-01-14T21:57:54.883395+00:00, run_after=2025-01-15T21:57:54.883395+00:00
[2025-01-15T21:57:54.897+0000] {processor.py:179} INFO - Processing /home/airflow/.local/lib/python3.10/site-packages/airflow/example_dags/example_task_group.py took 0.210 seconds
[2025-01-15T21:58:25.494+0000] {processor.py:157} INFO - Started process (PID=1164) to work on /home/airflow/.local/lib/python3.10/site-packages/airflow/example_dags/example_task_group.py
[2025-01-15T21:58:25.495+0000] {processor.py:829} INFO - Processing file /home/airflow/.local/lib/python3.10/site-packages/airflow/example_dags/example_task_group.py for tasks to queue
[2025-01-15T21:58:25.497+0000] {logging_mixin.py:154} INFO - [2025-01-15T21:58:25.497+0000] {dagbag.py:536} INFO - Filling up the DagBag from /home/airflow/.local/lib/python3.10/site-packages/airflow/example_dags/example_task_group.py
[2025-01-15T21:58:25.504+0000] {processor.py:839} INFO - DAG(s) dict_keys(['example_task_group']) retrieved from /home/airflow/.local/lib/python3.10/site-packages/airflow/example_dags/example_task_group.py
[2025-01-15T21:58:25.526+0000] {logging_mixin.py:154} INFO - [2025-01-15T21:58:25.526+0000] {dag.py:2941} INFO - Sync 1 DAGs
[2025-01-15T21:58:25.552+0000] {logging_mixin.py:154} INFO - [2025-01-15T21:58:25.551+0000] {dag.py:3722} INFO - Setting next_dagrun for example_task_group to 2025-01-14T21:58:25.551526+00:00, run_after=2025-01-15T21:58:25.551526+00:00
[2025-01-15T21:58:25.732+0000] {processor.py:179} INFO - Processing /home/airflow/.local/lib/python3.10/site-packages/airflow/example_dags/example_task_group.py took 0.241 seconds
[2025-01-15T21:58:56.551+0000] {processor.py:157} INFO - Started process (PID=1223) to work on /home/airflow/.local/lib/python3.10/site-packages/airflow/example_dags/example_task_group.py
[2025-01-15T21:58:56.552+0000] {processor.py:829} INFO - Processing file /home/airflow/.local/lib/python3.10/site-packages/airflow/example_dags/example_task_group.py for tasks to queue
[2025-01-15T21:58:56.554+0000] {logging_mixin.py:154} INFO - [2025-01-15T21:58:56.554+0000] {dagbag.py:536} INFO - Filling up the DagBag from /home/airflow/.local/lib/python3.10/site-packages/airflow/example_dags/example_task_group.py
[2025-01-15T21:58:56.565+0000] {processor.py:839} INFO - DAG(s) dict_keys(['example_task_group']) retrieved from /home/airflow/.local/lib/python3.10/site-packages/airflow/example_dags/example_task_group.py
[2025-01-15T21:58:56.594+0000] {logging_mixin.py:154} INFO - [2025-01-15T21:58:56.594+0000] {dag.py:2941} INFO - Sync 1 DAGs
[2025-01-15T21:58:56.624+0000] {logging_mixin.py:154} INFO - [2025-01-15T21:58:56.624+0000] {dag.py:3722} INFO - Setting next_dagrun for example_task_group to 2025-01-14T21:58:56.623830+00:00, run_after=2025-01-15T21:58:56.623830+00:00
[2025-01-15T21:58:56.646+0000] {processor.py:179} INFO - Processing /home/airflow/.local/lib/python3.10/site-packages/airflow/example_dags/example_task_group.py took 0.100 seconds
[2025-01-15T21:59:27.436+0000] {processor.py:157} INFO - Started process (PID=1279) to work on /home/airflow/.local/lib/python3.10/site-packages/airflow/example_dags/example_task_group.py
[2025-01-15T21:59:27.437+0000] {processor.py:829} INFO - Processing file /home/airflow/.local/lib/python3.10/site-packages/airflow/example_dags/example_task_group.py for tasks to queue
[2025-01-15T21:59:27.439+0000] {logging_mixin.py:154} INFO - [2025-01-15T21:59:27.439+0000] {dagbag.py:536} INFO - Filling up the DagBag from /home/airflow/.local/lib/python3.10/site-packages/airflow/example_dags/example_task_group.py
[2025-01-15T21:59:27.445+0000] {processor.py:839} INFO - DAG(s) dict_keys(['example_task_group']) retrieved from /home/airflow/.local/lib/python3.10/site-packages/airflow/example_dags/example_task_group.py
[2025-01-15T21:59:27.612+0000] {logging_mixin.py:154} INFO - [2025-01-15T21:59:27.612+0000] {dag.py:2941} INFO - Sync 1 DAGs
[2025-01-15T21:59:27.630+0000] {logging_mixin.py:154} INFO - [2025-01-15T21:59:27.630+0000] {dag.py:3722} INFO - Setting next_dagrun for example_task_group to 2025-01-14T21:59:27.630021+00:00, run_after=2025-01-15T21:59:27.630021+00:00
[2025-01-15T21:59:27.645+0000] {processor.py:179} INFO - Processing /home/airflow/.local/lib/python3.10/site-packages/airflow/example_dags/example_task_group.py took 0.212 seconds
[2025-01-15T21:59:57.900+0000] {processor.py:157} INFO - Started process (PID=1335) to work on /home/airflow/.local/lib/python3.10/site-packages/airflow/example_dags/example_task_group.py
[2025-01-15T21:59:57.900+0000] {processor.py:829} INFO - Processing file /home/airflow/.local/lib/python3.10/site-packages/airflow/example_dags/example_task_group.py for tasks to queue
[2025-01-15T21:59:57.902+0000] {logging_mixin.py:154} INFO - [2025-01-15T21:59:57.902+0000] {dagbag.py:536} INFO - Filling up the DagBag from /home/airflow/.local/lib/python3.10/site-packages/airflow/example_dags/example_task_group.py
[2025-01-15T21:59:57.908+0000] {processor.py:839} INFO - DAG(s) dict_keys(['example_task_group']) retrieved from /home/airflow/.local/lib/python3.10/site-packages/airflow/example_dags/example_task_group.py
[2025-01-15T21:59:57.926+0000] {logging_mixin.py:154} INFO - [2025-01-15T21:59:57.926+0000] {dag.py:2941} INFO - Sync 1 DAGs
[2025-01-15T21:59:57.944+0000] {logging_mixin.py:154} INFO - [2025-01-15T21:59:57.944+0000] {dag.py:3722} INFO - Setting next_dagrun for example_task_group to 2025-01-14T21:59:57.943895+00:00, run_after=2025-01-15T21:59:57.943895+00:00
[2025-01-15T21:59:58.085+0000] {processor.py:179} INFO - Processing /home/airflow/.local/lib/python3.10/site-packages/airflow/example_dags/example_task_group.py took 0.188 seconds
[2025-01-15T22:00:28.134+0000] {processor.py:157} INFO - Started process (PID=1391) to work on /home/airflow/.local/lib/python3.10/site-packages/airflow/example_dags/example_task_group.py
[2025-01-15T22:00:28.135+0000] {processor.py:829} INFO - Processing file /home/airflow/.local/lib/python3.10/site-packages/airflow/example_dags/example_task_group.py for tasks to queue
[2025-01-15T22:00:28.137+0000] {logging_mixin.py:154} INFO - [2025-01-15T22:00:28.137+0000] {dagbag.py:536} INFO - Filling up the DagBag from /home/airflow/.local/lib/python3.10/site-packages/airflow/example_dags/example_task_group.py
[2025-01-15T22:00:28.143+0000] {processor.py:839} INFO - DAG(s) dict_keys(['example_task_group']) retrieved from /home/airflow/.local/lib/python3.10/site-packages/airflow/example_dags/example_task_group.py
[2025-01-15T22:00:28.160+0000] {logging_mixin.py:154} INFO - [2025-01-15T22:00:28.159+0000] {dag.py:2941} INFO - Sync 1 DAGs
[2025-01-15T22:00:28.177+0000] {logging_mixin.py:154} INFO - [2025-01-15T22:00:28.177+0000] {dag.py:3722} INFO - Setting next_dagrun for example_task_group to 2025-01-14T22:00:28.177330+00:00, run_after=2025-01-15T22:00:28.177330+00:00
[2025-01-15T22:00:28.192+0000] {processor.py:179} INFO - Processing /home/airflow/.local/lib/python3.10/site-packages/airflow/example_dags/example_task_group.py took 0.061 seconds
[2025-01-15T22:01:00.444+0000] {processor.py:157} INFO - Started process (PID=1447) to work on /home/airflow/.local/lib/python3.10/site-packages/airflow/example_dags/example_task_group.py
[2025-01-15T22:01:00.445+0000] {processor.py:829} INFO - Processing file /home/airflow/.local/lib/python3.10/site-packages/airflow/example_dags/example_task_group.py for tasks to queue
[2025-01-15T22:01:00.447+0000] {logging_mixin.py:154} INFO - [2025-01-15T22:01:00.447+0000] {dagbag.py:536} INFO - Filling up the DagBag from /home/airflow/.local/lib/python3.10/site-packages/airflow/example_dags/example_task_group.py
[2025-01-15T22:01:00.453+0000] {processor.py:839} INFO - DAG(s) dict_keys(['example_task_group']) retrieved from /home/airflow/.local/lib/python3.10/site-packages/airflow/example_dags/example_task_group.py
[2025-01-15T22:01:00.615+0000] {logging_mixin.py:154} INFO - [2025-01-15T22:01:00.614+0000] {dag.py:2941} INFO - Sync 1 DAGs
[2025-01-15T22:01:00.633+0000] {logging_mixin.py:154} INFO - [2025-01-15T22:01:00.633+0000] {dag.py:3722} INFO - Setting next_dagrun for example_task_group to 2025-01-14T22:01:00.632872+00:00, run_after=2025-01-15T22:01:00.632872+00:00
[2025-01-15T22:01:00.648+0000] {processor.py:179} INFO - Processing /home/airflow/.local/lib/python3.10/site-packages/airflow/example_dags/example_task_group.py took 0.207 seconds
[2025-01-15T22:01:31.539+0000] {processor.py:157} INFO - Started process (PID=1503) to work on /home/airflow/.local/lib/python3.10/site-packages/airflow/example_dags/example_task_group.py
[2025-01-15T22:01:31.540+0000] {processor.py:829} INFO - Processing file /home/airflow/.local/lib/python3.10/site-packages/airflow/example_dags/example_task_group.py for tasks to queue
[2025-01-15T22:01:31.542+0000] {logging_mixin.py:154} INFO - [2025-01-15T22:01:31.541+0000] {dagbag.py:536} INFO - Filling up the DagBag from /home/airflow/.local/lib/python3.10/site-packages/airflow/example_dags/example_task_group.py
[2025-01-15T22:01:31.548+0000] {processor.py:839} INFO - DAG(s) dict_keys(['example_task_group']) retrieved from /home/airflow/.local/lib/python3.10/site-packages/airflow/example_dags/example_task_group.py
[2025-01-15T22:01:31.568+0000] {logging_mixin.py:154} INFO - [2025-01-15T22:01:31.568+0000] {dag.py:2941} INFO - Sync 1 DAGs
[2025-01-15T22:01:31.587+0000] {logging_mixin.py:154} INFO - [2025-01-15T22:01:31.587+0000] {dag.py:3722} INFO - Setting next_dagrun for example_task_group to 2025-01-14T22:01:31.587042+00:00, run_after=2025-01-15T22:01:31.587042+00:00
[2025-01-15T22:01:31.747+0000] {processor.py:179} INFO - Processing /home/airflow/.local/lib/python3.10/site-packages/airflow/example_dags/example_task_group.py took 0.211 seconds
[2025-01-15T22:02:02.088+0000] {processor.py:157} INFO - Started process (PID=1559) to work on /home/airflow/.local/lib/python3.10/site-packages/airflow/example_dags/example_task_group.py
[2025-01-15T22:02:02.089+0000] {processor.py:829} INFO - Processing file /home/airflow/.local/lib/python3.10/site-packages/airflow/example_dags/example_task_group.py for tasks to queue
[2025-01-15T22:02:02.092+0000] {logging_mixin.py:154} INFO - [2025-01-15T22:02:02.091+0000] {dagbag.py:536} INFO - Filling up the DagBag from /home/airflow/.local/lib/python3.10/site-packages/airflow/example_dags/example_task_group.py
[2025-01-15T22:02:02.100+0000] {processor.py:839} INFO - DAG(s) dict_keys(['example_task_group']) retrieved from /home/airflow/.local/lib/python3.10/site-packages/airflow/example_dags/example_task_group.py
[2025-01-15T22:02:02.124+0000] {logging_mixin.py:154} INFO - [2025-01-15T22:02:02.124+0000] {dag.py:2941} INFO - Sync 1 DAGs
[2025-01-15T22:02:02.149+0000] {logging_mixin.py:154} INFO - [2025-01-15T22:02:02.148+0000] {dag.py:3722} INFO - Setting next_dagrun for example_task_group to 2025-01-14T22:02:02.148755+00:00, run_after=2025-01-15T22:02:02.148755+00:00
[2025-01-15T22:02:02.165+0000] {processor.py:179} INFO - Processing /home/airflow/.local/lib/python3.10/site-packages/airflow/example_dags/example_task_group.py took 0.080 seconds
[2025-01-15T22:02:31.741+0000] {processor.py:157} INFO - Started process (PID=1622) to work on /home/airflow/.local/lib/python3.10/site-packages/airflow/example_dags/example_task_group.py
[2025-01-15T22:02:31.742+0000] {processor.py:829} INFO - Processing file /home/airflow/.local/lib/python3.10/site-packages/airflow/example_dags/example_task_group.py for tasks to queue
[2025-01-15T22:02:31.744+0000] {logging_mixin.py:154} INFO - [2025-01-15T22:02:31.744+0000] {dagbag.py:536} INFO - Filling up the DagBag from /home/airflow/.local/lib/python3.10/site-packages/airflow/example_dags/example_task_group.py
[2025-01-15T22:02:31.751+0000] {processor.py:839} INFO - DAG(s) dict_keys(['example_task_group']) retrieved from /home/airflow/.local/lib/python3.10/site-packages/airflow/example_dags/example_task_group.py
[2025-01-15T22:02:31.917+0000] {logging_mixin.py:154} INFO - [2025-01-15T22:02:31.917+0000] {dag.py:2941} INFO - Sync 1 DAGs
[2025-01-15T22:02:31.936+0000] {logging_mixin.py:154} INFO - [2025-01-15T22:02:31.936+0000] {dag.py:3722} INFO - Setting next_dagrun for example_task_group to 2025-01-14T22:02:31.935832+00:00, run_after=2025-01-15T22:02:31.935832+00:00
[2025-01-15T22:02:31.952+0000] {processor.py:179} INFO - Processing /home/airflow/.local/lib/python3.10/site-packages/airflow/example_dags/example_task_group.py took 0.214 seconds
[2025-01-15T22:04:09.376+0000] {processor.py:157} INFO - Started process (PID=95) to work on /home/airflow/.local/lib/python3.10/site-packages/airflow/example_dags/example_task_group.py
[2025-01-15T22:04:09.377+0000] {processor.py:829} INFO - Processing file /home/airflow/.local/lib/python3.10/site-packages/airflow/example_dags/example_task_group.py for tasks to queue
[2025-01-15T22:04:09.379+0000] {logging_mixin.py:154} INFO - [2025-01-15T22:04:09.379+0000] {dagbag.py:536} INFO - Filling up the DagBag from /home/airflow/.local/lib/python3.10/site-packages/airflow/example_dags/example_task_group.py
[2025-01-15T22:04:09.387+0000] {processor.py:839} INFO - DAG(s) dict_keys(['example_task_group']) retrieved from /home/airflow/.local/lib/python3.10/site-packages/airflow/example_dags/example_task_group.py
[2025-01-15T22:04:09.399+0000] {logging_mixin.py:154} INFO - [2025-01-15T22:04:09.399+0000] {dag.py:2941} INFO - Sync 1 DAGs
[2025-01-15T22:04:09.424+0000] {logging_mixin.py:154} INFO - [2025-01-15T22:04:09.424+0000] {dag.py:3722} INFO - Setting next_dagrun for example_task_group to 2025-01-14T22:04:09.424107+00:00, run_after=2025-01-15T22:04:09.424107+00:00
[2025-01-15T22:04:09.442+0000] {processor.py:179} INFO - Processing /home/airflow/.local/lib/python3.10/site-packages/airflow/example_dags/example_task_group.py took 0.069 seconds
[2025-01-15T22:04:40.720+0000] {processor.py:157} INFO - Started process (PID=151) to work on /home/airflow/.local/lib/python3.10/site-packages/airflow/example_dags/example_task_group.py
[2025-01-15T22:04:40.721+0000] {processor.py:829} INFO - Processing file /home/airflow/.local/lib/python3.10/site-packages/airflow/example_dags/example_task_group.py for tasks to queue
[2025-01-15T22:04:40.723+0000] {logging_mixin.py:154} INFO - [2025-01-15T22:04:40.723+0000] {dagbag.py:536} INFO - Filling up the DagBag from /home/airflow/.local/lib/python3.10/site-packages/airflow/example_dags/example_task_group.py
[2025-01-15T22:04:40.730+0000] {processor.py:839} INFO - DAG(s) dict_keys(['example_task_group']) retrieved from /home/airflow/.local/lib/python3.10/site-packages/airflow/example_dags/example_task_group.py
[2025-01-15T22:04:40.755+0000] {logging_mixin.py:154} INFO - [2025-01-15T22:04:40.755+0000] {dag.py:2941} INFO - Sync 1 DAGs
[2025-01-15T22:04:40.778+0000] {logging_mixin.py:154} INFO - [2025-01-15T22:04:40.778+0000] {dag.py:3722} INFO - Setting next_dagrun for example_task_group to 2025-01-14T22:04:40.778235+00:00, run_after=2025-01-15T22:04:40.778235+00:00
[2025-01-15T22:04:40.799+0000] {processor.py:179} INFO - Processing /home/airflow/.local/lib/python3.10/site-packages/airflow/example_dags/example_task_group.py took 0.082 seconds
[2025-01-15T22:05:11.730+0000] {processor.py:157} INFO - Started process (PID=207) to work on /home/airflow/.local/lib/python3.10/site-packages/airflow/example_dags/example_task_group.py
[2025-01-15T22:05:11.731+0000] {processor.py:829} INFO - Processing file /home/airflow/.local/lib/python3.10/site-packages/airflow/example_dags/example_task_group.py for tasks to queue
[2025-01-15T22:05:11.733+0000] {logging_mixin.py:154} INFO - [2025-01-15T22:05:11.733+0000] {dagbag.py:536} INFO - Filling up the DagBag from /home/airflow/.local/lib/python3.10/site-packages/airflow/example_dags/example_task_group.py
[2025-01-15T22:05:11.739+0000] {processor.py:839} INFO - DAG(s) dict_keys(['example_task_group']) retrieved from /home/airflow/.local/lib/python3.10/site-packages/airflow/example_dags/example_task_group.py
[2025-01-15T22:05:11.759+0000] {logging_mixin.py:154} INFO - [2025-01-15T22:05:11.759+0000] {dag.py:2941} INFO - Sync 1 DAGs
[2025-01-15T22:05:11.780+0000] {logging_mixin.py:154} INFO - [2025-01-15T22:05:11.780+0000] {dag.py:3722} INFO - Setting next_dagrun for example_task_group to 2025-01-14T22:05:11.780189+00:00, run_after=2025-01-15T22:05:11.780189+00:00
[2025-01-15T22:05:11.797+0000] {processor.py:179} INFO - Processing /home/airflow/.local/lib/python3.10/site-packages/airflow/example_dags/example_task_group.py took 0.070 seconds
[2025-01-15T22:05:42.312+0000] {processor.py:157} INFO - Started process (PID=263) to work on /home/airflow/.local/lib/python3.10/site-packages/airflow/example_dags/example_task_group.py
[2025-01-15T22:05:42.313+0000] {processor.py:829} INFO - Processing file /home/airflow/.local/lib/python3.10/site-packages/airflow/example_dags/example_task_group.py for tasks to queue
[2025-01-15T22:05:42.315+0000] {logging_mixin.py:154} INFO - [2025-01-15T22:05:42.315+0000] {dagbag.py:536} INFO - Filling up the DagBag from /home/airflow/.local/lib/python3.10/site-packages/airflow/example_dags/example_task_group.py
[2025-01-15T22:05:42.322+0000] {processor.py:839} INFO - DAG(s) dict_keys(['example_task_group']) retrieved from /home/airflow/.local/lib/python3.10/site-packages/airflow/example_dags/example_task_group.py
[2025-01-15T22:05:42.342+0000] {logging_mixin.py:154} INFO - [2025-01-15T22:05:42.342+0000] {dag.py:2941} INFO - Sync 1 DAGs
[2025-01-15T22:05:42.364+0000] {logging_mixin.py:154} INFO - [2025-01-15T22:05:42.364+0000] {dag.py:3722} INFO - Setting next_dagrun for example_task_group to 2025-01-14T22:05:42.363529+00:00, run_after=2025-01-15T22:05:42.363529+00:00
[2025-01-15T22:05:42.384+0000] {processor.py:179} INFO - Processing /home/airflow/.local/lib/python3.10/site-packages/airflow/example_dags/example_task_group.py took 0.075 seconds
[2025-01-15T22:06:12.984+0000] {processor.py:157} INFO - Started process (PID=319) to work on /home/airflow/.local/lib/python3.10/site-packages/airflow/example_dags/example_task_group.py
[2025-01-15T22:06:12.985+0000] {processor.py:829} INFO - Processing file /home/airflow/.local/lib/python3.10/site-packages/airflow/example_dags/example_task_group.py for tasks to queue
[2025-01-15T22:06:12.988+0000] {logging_mixin.py:154} INFO - [2025-01-15T22:06:12.987+0000] {dagbag.py:536} INFO - Filling up the DagBag from /home/airflow/.local/lib/python3.10/site-packages/airflow/example_dags/example_task_group.py
[2025-01-15T22:06:12.994+0000] {processor.py:839} INFO - DAG(s) dict_keys(['example_task_group']) retrieved from /home/airflow/.local/lib/python3.10/site-packages/airflow/example_dags/example_task_group.py
[2025-01-15T22:06:13.016+0000] {logging_mixin.py:154} INFO - [2025-01-15T22:06:13.016+0000] {dag.py:2941} INFO - Sync 1 DAGs
[2025-01-15T22:06:13.037+0000] {logging_mixin.py:154} INFO - [2025-01-15T22:06:13.037+0000] {dag.py:3722} INFO - Setting next_dagrun for example_task_group to 2025-01-14T22:06:13.037112+00:00, run_after=2025-01-15T22:06:13.037112+00:00
[2025-01-15T22:06:13.056+0000] {processor.py:179} INFO - Processing /home/airflow/.local/lib/python3.10/site-packages/airflow/example_dags/example_task_group.py took 0.075 seconds
[2025-01-15T22:06:43.825+0000] {processor.py:157} INFO - Started process (PID=375) to work on /home/airflow/.local/lib/python3.10/site-packages/airflow/example_dags/example_task_group.py
[2025-01-15T22:06:43.826+0000] {processor.py:829} INFO - Processing file /home/airflow/.local/lib/python3.10/site-packages/airflow/example_dags/example_task_group.py for tasks to queue
[2025-01-15T22:06:43.828+0000] {logging_mixin.py:154} INFO - [2025-01-15T22:06:43.828+0000] {dagbag.py:536} INFO - Filling up the DagBag from /home/airflow/.local/lib/python3.10/site-packages/airflow/example_dags/example_task_group.py
[2025-01-15T22:06:43.834+0000] {processor.py:839} INFO - DAG(s) dict_keys(['example_task_group']) retrieved from /home/airflow/.local/lib/python3.10/site-packages/airflow/example_dags/example_task_group.py
[2025-01-15T22:06:43.854+0000] {logging_mixin.py:154} INFO - [2025-01-15T22:06:43.854+0000] {dag.py:2941} INFO - Sync 1 DAGs
[2025-01-15T22:06:43.876+0000] {logging_mixin.py:154} INFO - [2025-01-15T22:06:43.875+0000] {dag.py:3722} INFO - Setting next_dagrun for example_task_group to 2025-01-14T22:06:43.875693+00:00, run_after=2025-01-15T22:06:43.875693+00:00
[2025-01-15T22:06:43.894+0000] {processor.py:179} INFO - Processing /home/airflow/.local/lib/python3.10/site-packages/airflow/example_dags/example_task_group.py took 0.072 seconds
[2025-01-15T22:07:14.332+0000] {processor.py:157} INFO - Started process (PID=431) to work on /home/airflow/.local/lib/python3.10/site-packages/airflow/example_dags/example_task_group.py
[2025-01-15T22:07:14.333+0000] {processor.py:829} INFO - Processing file /home/airflow/.local/lib/python3.10/site-packages/airflow/example_dags/example_task_group.py for tasks to queue
[2025-01-15T22:07:14.335+0000] {logging_mixin.py:154} INFO - [2025-01-15T22:07:14.335+0000] {dagbag.py:536} INFO - Filling up the DagBag from /home/airflow/.local/lib/python3.10/site-packages/airflow/example_dags/example_task_group.py
[2025-01-15T22:07:14.342+0000] {processor.py:839} INFO - DAG(s) dict_keys(['example_task_group']) retrieved from /home/airflow/.local/lib/python3.10/site-packages/airflow/example_dags/example_task_group.py
[2025-01-15T22:07:14.362+0000] {logging_mixin.py:154} INFO - [2025-01-15T22:07:14.362+0000] {dag.py:2941} INFO - Sync 1 DAGs
[2025-01-15T22:07:14.381+0000] {logging_mixin.py:154} INFO - [2025-01-15T22:07:14.381+0000] {dag.py:3722} INFO - Setting next_dagrun for example_task_group to 2025-01-14T22:07:14.381167+00:00, run_after=2025-01-15T22:07:14.381167+00:00
[2025-01-15T22:07:14.399+0000] {processor.py:179} INFO - Processing /home/airflow/.local/lib/python3.10/site-packages/airflow/example_dags/example_task_group.py took 0.070 seconds
[2025-01-15T22:08:34.703+0000] {processor.py:157} INFO - Started process (PID=97) to work on /home/airflow/.local/lib/python3.10/site-packages/airflow/example_dags/example_task_group.py
[2025-01-15T22:08:34.704+0000] {processor.py:829} INFO - Processing file /home/airflow/.local/lib/python3.10/site-packages/airflow/example_dags/example_task_group.py for tasks to queue
[2025-01-15T22:08:34.706+0000] {logging_mixin.py:154} INFO - [2025-01-15T22:08:34.706+0000] {dagbag.py:536} INFO - Filling up the DagBag from /home/airflow/.local/lib/python3.10/site-packages/airflow/example_dags/example_task_group.py
[2025-01-15T22:08:34.713+0000] {processor.py:839} INFO - DAG(s) dict_keys(['example_task_group']) retrieved from /home/airflow/.local/lib/python3.10/site-packages/airflow/example_dags/example_task_group.py
[2025-01-15T22:08:34.725+0000] {logging_mixin.py:154} INFO - [2025-01-15T22:08:34.724+0000] {dag.py:2941} INFO - Sync 1 DAGs
[2025-01-15T22:08:34.745+0000] {logging_mixin.py:154} INFO - [2025-01-15T22:08:34.745+0000] {dag.py:3722} INFO - Setting next_dagrun for example_task_group to 2025-01-14T22:08:34.745393+00:00, run_after=2025-01-15T22:08:34.745393+00:00
[2025-01-15T22:08:34.763+0000] {processor.py:179} INFO - Processing /home/airflow/.local/lib/python3.10/site-packages/airflow/example_dags/example_task_group.py took 0.062 seconds
[2025-01-15T22:09:06.951+0000] {processor.py:157} INFO - Started process (PID=153) to work on /home/airflow/.local/lib/python3.10/site-packages/airflow/example_dags/example_task_group.py
[2025-01-15T22:09:06.952+0000] {processor.py:829} INFO - Processing file /home/airflow/.local/lib/python3.10/site-packages/airflow/example_dags/example_task_group.py for tasks to queue
[2025-01-15T22:09:06.955+0000] {logging_mixin.py:154} INFO - [2025-01-15T22:09:06.955+0000] {dagbag.py:536} INFO - Filling up the DagBag from /home/airflow/.local/lib/python3.10/site-packages/airflow/example_dags/example_task_group.py
[2025-01-15T22:09:06.963+0000] {processor.py:839} INFO - DAG(s) dict_keys(['example_task_group']) retrieved from /home/airflow/.local/lib/python3.10/site-packages/airflow/example_dags/example_task_group.py
[2025-01-15T22:09:06.987+0000] {logging_mixin.py:154} INFO - [2025-01-15T22:09:06.987+0000] {dag.py:2941} INFO - Sync 1 DAGs
[2025-01-15T22:09:07.013+0000] {logging_mixin.py:154} INFO - [2025-01-15T22:09:07.012+0000] {dag.py:3722} INFO - Setting next_dagrun for example_task_group to 2025-01-14T22:09:07.012562+00:00, run_after=2025-01-15T22:09:07.012562+00:00
[2025-01-15T22:09:07.033+0000] {processor.py:179} INFO - Processing /home/airflow/.local/lib/python3.10/site-packages/airflow/example_dags/example_task_group.py took 0.086 seconds
