[2025-01-15T21:47:56.805+0000] {processor.py:157} INFO - Started process (PID=66) to work on /home/airflow/.local/lib/python3.10/site-packages/airflow/example_dags/example_complex.py
[2025-01-15T21:47:56.807+0000] {processor.py:829} INFO - Processing file /home/airflow/.local/lib/python3.10/site-packages/airflow/example_dags/example_complex.py for tasks to queue
[2025-01-15T21:47:56.809+0000] {logging_mixin.py:154} INFO - [2025-01-15T21:47:56.809+0000] {dagbag.py:536} INFO - Filling up the DagBag from /home/airflow/.local/lib/python3.10/site-packages/airflow/example_dags/example_complex.py
[2025-01-15T21:47:56.826+0000] {processor.py:839} INFO - DAG(s) dict_keys(['example_complex']) retrieved from /home/airflow/.local/lib/python3.10/site-packages/airflow/example_dags/example_complex.py
[2025-01-15T21:47:56.867+0000] {logging_mixin.py:154} INFO - [2025-01-15T21:47:56.867+0000] {dag.py:2941} INFO - Sync 1 DAGs
[2025-01-15T21:47:56.881+0000] {logging_mixin.py:154} INFO - [2025-01-15T21:47:56.880+0000] {dag.py:3722} INFO - Setting next_dagrun for example_complex to None, run_after=None
[2025-01-15T21:47:56.901+0000] {processor.py:179} INFO - Processing /home/airflow/.local/lib/python3.10/site-packages/airflow/example_dags/example_complex.py took 0.099 seconds
[2025-01-15T21:48:38.977+0000] {processor.py:157} INFO - Started process (PID=73) to work on /home/airflow/.local/lib/python3.10/site-packages/airflow/example_dags/example_complex.py
[2025-01-15T21:48:38.978+0000] {processor.py:829} INFO - Processing file /home/airflow/.local/lib/python3.10/site-packages/airflow/example_dags/example_complex.py for tasks to queue
[2025-01-15T21:48:38.981+0000] {logging_mixin.py:154} INFO - [2025-01-15T21:48:38.981+0000] {dagbag.py:536} INFO - Filling up the DagBag from /home/airflow/.local/lib/python3.10/site-packages/airflow/example_dags/example_complex.py
[2025-01-15T21:48:39.000+0000] {processor.py:839} INFO - DAG(s) dict_keys(['example_complex']) retrieved from /home/airflow/.local/lib/python3.10/site-packages/airflow/example_dags/example_complex.py
[2025-01-15T21:48:39.017+0000] {logging_mixin.py:154} INFO - [2025-01-15T21:48:39.017+0000] {dag.py:2941} INFO - Sync 1 DAGs
[2025-01-15T21:48:39.041+0000] {logging_mixin.py:154} INFO - [2025-01-15T21:48:39.040+0000] {dag.py:3722} INFO - Setting next_dagrun for example_complex to None, run_after=None
[2025-01-15T21:48:39.069+0000] {processor.py:179} INFO - Processing /home/airflow/.local/lib/python3.10/site-packages/airflow/example_dags/example_complex.py took 0.096 seconds
[2025-01-15T21:49:09.272+0000] {processor.py:157} INFO - Started process (PID=131) to work on /home/airflow/.local/lib/python3.10/site-packages/airflow/example_dags/example_complex.py
[2025-01-15T21:49:09.273+0000] {processor.py:829} INFO - Processing file /home/airflow/.local/lib/python3.10/site-packages/airflow/example_dags/example_complex.py for tasks to queue
[2025-01-15T21:49:09.275+0000] {logging_mixin.py:154} INFO - [2025-01-15T21:49:09.275+0000] {dagbag.py:536} INFO - Filling up the DagBag from /home/airflow/.local/lib/python3.10/site-packages/airflow/example_dags/example_complex.py
[2025-01-15T21:49:09.283+0000] {processor.py:839} INFO - DAG(s) dict_keys(['example_complex']) retrieved from /home/airflow/.local/lib/python3.10/site-packages/airflow/example_dags/example_complex.py
[2025-01-15T21:49:09.309+0000] {logging_mixin.py:154} INFO - [2025-01-15T21:49:09.309+0000] {dag.py:2941} INFO - Sync 1 DAGs
[2025-01-15T21:49:09.320+0000] {logging_mixin.py:154} INFO - [2025-01-15T21:49:09.319+0000] {dag.py:3722} INFO - Setting next_dagrun for example_complex to None, run_after=None
[2025-01-15T21:49:09.333+0000] {processor.py:179} INFO - Processing /home/airflow/.local/lib/python3.10/site-packages/airflow/example_dags/example_complex.py took 0.063 seconds
[2025-01-15T21:49:39.768+0000] {processor.py:157} INFO - Started process (PID=185) to work on /home/airflow/.local/lib/python3.10/site-packages/airflow/example_dags/example_complex.py
[2025-01-15T21:49:39.769+0000] {processor.py:829} INFO - Processing file /home/airflow/.local/lib/python3.10/site-packages/airflow/example_dags/example_complex.py for tasks to queue
[2025-01-15T21:49:39.771+0000] {logging_mixin.py:154} INFO - [2025-01-15T21:49:39.771+0000] {dagbag.py:536} INFO - Filling up the DagBag from /home/airflow/.local/lib/python3.10/site-packages/airflow/example_dags/example_complex.py
[2025-01-15T21:49:39.781+0000] {processor.py:839} INFO - DAG(s) dict_keys(['example_complex']) retrieved from /home/airflow/.local/lib/python3.10/site-packages/airflow/example_dags/example_complex.py
[2025-01-15T21:49:39.809+0000] {logging_mixin.py:154} INFO - [2025-01-15T21:49:39.809+0000] {dag.py:2941} INFO - Sync 1 DAGs
[2025-01-15T21:49:39.820+0000] {logging_mixin.py:154} INFO - [2025-01-15T21:49:39.820+0000] {dag.py:3722} INFO - Setting next_dagrun for example_complex to None, run_after=None
[2025-01-15T21:49:39.837+0000] {processor.py:179} INFO - Processing /home/airflow/.local/lib/python3.10/site-packages/airflow/example_dags/example_complex.py took 0.071 seconds
[2025-01-15T21:50:09.866+0000] {processor.py:157} INFO - Started process (PID=242) to work on /home/airflow/.local/lib/python3.10/site-packages/airflow/example_dags/example_complex.py
[2025-01-15T21:50:09.867+0000] {processor.py:829} INFO - Processing file /home/airflow/.local/lib/python3.10/site-packages/airflow/example_dags/example_complex.py for tasks to queue
[2025-01-15T21:50:09.869+0000] {logging_mixin.py:154} INFO - [2025-01-15T21:50:09.869+0000] {dagbag.py:536} INFO - Filling up the DagBag from /home/airflow/.local/lib/python3.10/site-packages/airflow/example_dags/example_complex.py
[2025-01-15T21:50:09.877+0000] {processor.py:839} INFO - DAG(s) dict_keys(['example_complex']) retrieved from /home/airflow/.local/lib/python3.10/site-packages/airflow/example_dags/example_complex.py
[2025-01-15T21:50:09.901+0000] {logging_mixin.py:154} INFO - [2025-01-15T21:50:09.900+0000] {dag.py:2941} INFO - Sync 1 DAGs
[2025-01-15T21:50:09.910+0000] {logging_mixin.py:154} INFO - [2025-01-15T21:50:09.910+0000] {dag.py:3722} INFO - Setting next_dagrun for example_complex to None, run_after=None
[2025-01-15T21:50:09.924+0000] {processor.py:179} INFO - Processing /home/airflow/.local/lib/python3.10/site-packages/airflow/example_dags/example_complex.py took 0.060 seconds
[2025-01-15T21:50:40.355+0000] {processor.py:157} INFO - Started process (PID=298) to work on /home/airflow/.local/lib/python3.10/site-packages/airflow/example_dags/example_complex.py
[2025-01-15T21:50:40.356+0000] {processor.py:829} INFO - Processing file /home/airflow/.local/lib/python3.10/site-packages/airflow/example_dags/example_complex.py for tasks to queue
[2025-01-15T21:50:40.358+0000] {logging_mixin.py:154} INFO - [2025-01-15T21:50:40.358+0000] {dagbag.py:536} INFO - Filling up the DagBag from /home/airflow/.local/lib/python3.10/site-packages/airflow/example_dags/example_complex.py
[2025-01-15T21:50:40.368+0000] {processor.py:839} INFO - DAG(s) dict_keys(['example_complex']) retrieved from /home/airflow/.local/lib/python3.10/site-packages/airflow/example_dags/example_complex.py
[2025-01-15T21:50:40.397+0000] {logging_mixin.py:154} INFO - [2025-01-15T21:50:40.397+0000] {dag.py:2941} INFO - Sync 1 DAGs
[2025-01-15T21:50:40.410+0000] {logging_mixin.py:154} INFO - [2025-01-15T21:50:40.409+0000] {dag.py:3722} INFO - Setting next_dagrun for example_complex to None, run_after=None
[2025-01-15T21:50:40.427+0000] {processor.py:179} INFO - Processing /home/airflow/.local/lib/python3.10/site-packages/airflow/example_dags/example_complex.py took 0.075 seconds
[2025-01-15T21:51:11.605+0000] {processor.py:157} INFO - Started process (PID=354) to work on /home/airflow/.local/lib/python3.10/site-packages/airflow/example_dags/example_complex.py
[2025-01-15T21:51:11.605+0000] {processor.py:829} INFO - Processing file /home/airflow/.local/lib/python3.10/site-packages/airflow/example_dags/example_complex.py for tasks to queue
[2025-01-15T21:51:11.608+0000] {logging_mixin.py:154} INFO - [2025-01-15T21:51:11.607+0000] {dagbag.py:536} INFO - Filling up the DagBag from /home/airflow/.local/lib/python3.10/site-packages/airflow/example_dags/example_complex.py
[2025-01-15T21:51:11.618+0000] {processor.py:839} INFO - DAG(s) dict_keys(['example_complex']) retrieved from /home/airflow/.local/lib/python3.10/site-packages/airflow/example_dags/example_complex.py
[2025-01-15T21:51:11.648+0000] {logging_mixin.py:154} INFO - [2025-01-15T21:51:11.648+0000] {dag.py:2941} INFO - Sync 1 DAGs
[2025-01-15T21:51:11.661+0000] {logging_mixin.py:154} INFO - [2025-01-15T21:51:11.661+0000] {dag.py:3722} INFO - Setting next_dagrun for example_complex to None, run_after=None
[2025-01-15T21:51:11.679+0000] {processor.py:179} INFO - Processing /home/airflow/.local/lib/python3.10/site-packages/airflow/example_dags/example_complex.py took 0.077 seconds
[2025-01-15T21:51:42.724+0000] {processor.py:157} INFO - Started process (PID=410) to work on /home/airflow/.local/lib/python3.10/site-packages/airflow/example_dags/example_complex.py
[2025-01-15T21:51:42.725+0000] {processor.py:829} INFO - Processing file /home/airflow/.local/lib/python3.10/site-packages/airflow/example_dags/example_complex.py for tasks to queue
[2025-01-15T21:51:42.727+0000] {logging_mixin.py:154} INFO - [2025-01-15T21:51:42.727+0000] {dagbag.py:536} INFO - Filling up the DagBag from /home/airflow/.local/lib/python3.10/site-packages/airflow/example_dags/example_complex.py
[2025-01-15T21:51:42.736+0000] {processor.py:839} INFO - DAG(s) dict_keys(['example_complex']) retrieved from /home/airflow/.local/lib/python3.10/site-packages/airflow/example_dags/example_complex.py
[2025-01-15T21:51:42.765+0000] {logging_mixin.py:154} INFO - [2025-01-15T21:51:42.765+0000] {dag.py:2941} INFO - Sync 1 DAGs
[2025-01-15T21:51:42.776+0000] {logging_mixin.py:154} INFO - [2025-01-15T21:51:42.776+0000] {dag.py:3722} INFO - Setting next_dagrun for example_complex to None, run_after=None
[2025-01-15T21:51:42.793+0000] {processor.py:179} INFO - Processing /home/airflow/.local/lib/python3.10/site-packages/airflow/example_dags/example_complex.py took 0.072 seconds
[2025-01-15T21:52:13.932+0000] {processor.py:157} INFO - Started process (PID=466) to work on /home/airflow/.local/lib/python3.10/site-packages/airflow/example_dags/example_complex.py
[2025-01-15T21:52:13.933+0000] {processor.py:829} INFO - Processing file /home/airflow/.local/lib/python3.10/site-packages/airflow/example_dags/example_complex.py for tasks to queue
[2025-01-15T21:52:13.936+0000] {logging_mixin.py:154} INFO - [2025-01-15T21:52:13.935+0000] {dagbag.py:536} INFO - Filling up the DagBag from /home/airflow/.local/lib/python3.10/site-packages/airflow/example_dags/example_complex.py
[2025-01-15T21:52:13.946+0000] {processor.py:839} INFO - DAG(s) dict_keys(['example_complex']) retrieved from /home/airflow/.local/lib/python3.10/site-packages/airflow/example_dags/example_complex.py
[2025-01-15T21:52:13.977+0000] {logging_mixin.py:154} INFO - [2025-01-15T21:52:13.977+0000] {dag.py:2941} INFO - Sync 1 DAGs
[2025-01-15T21:52:13.990+0000] {logging_mixin.py:154} INFO - [2025-01-15T21:52:13.989+0000] {dag.py:3722} INFO - Setting next_dagrun for example_complex to None, run_after=None
[2025-01-15T21:52:14.008+0000] {processor.py:179} INFO - Processing /home/airflow/.local/lib/python3.10/site-packages/airflow/example_dags/example_complex.py took 0.078 seconds
[2025-01-15T21:52:44.543+0000] {processor.py:157} INFO - Started process (PID=522) to work on /home/airflow/.local/lib/python3.10/site-packages/airflow/example_dags/example_complex.py
[2025-01-15T21:52:44.544+0000] {processor.py:829} INFO - Processing file /home/airflow/.local/lib/python3.10/site-packages/airflow/example_dags/example_complex.py for tasks to queue
[2025-01-15T21:52:44.546+0000] {logging_mixin.py:154} INFO - [2025-01-15T21:52:44.546+0000] {dagbag.py:536} INFO - Filling up the DagBag from /home/airflow/.local/lib/python3.10/site-packages/airflow/example_dags/example_complex.py
[2025-01-15T21:52:44.557+0000] {processor.py:839} INFO - DAG(s) dict_keys(['example_complex']) retrieved from /home/airflow/.local/lib/python3.10/site-packages/airflow/example_dags/example_complex.py
[2025-01-15T21:52:44.589+0000] {logging_mixin.py:154} INFO - [2025-01-15T21:52:44.589+0000] {dag.py:2941} INFO - Sync 1 DAGs
[2025-01-15T21:52:44.604+0000] {logging_mixin.py:154} INFO - [2025-01-15T21:52:44.604+0000] {dag.py:3722} INFO - Setting next_dagrun for example_complex to None, run_after=None
[2025-01-15T21:52:44.625+0000] {processor.py:179} INFO - Processing /home/airflow/.local/lib/python3.10/site-packages/airflow/example_dags/example_complex.py took 0.085 seconds
[2025-01-15T21:53:15.519+0000] {processor.py:157} INFO - Started process (PID=578) to work on /home/airflow/.local/lib/python3.10/site-packages/airflow/example_dags/example_complex.py
[2025-01-15T21:53:15.520+0000] {processor.py:829} INFO - Processing file /home/airflow/.local/lib/python3.10/site-packages/airflow/example_dags/example_complex.py for tasks to queue
[2025-01-15T21:53:15.523+0000] {logging_mixin.py:154} INFO - [2025-01-15T21:53:15.522+0000] {dagbag.py:536} INFO - Filling up the DagBag from /home/airflow/.local/lib/python3.10/site-packages/airflow/example_dags/example_complex.py
[2025-01-15T21:53:15.534+0000] {processor.py:839} INFO - DAG(s) dict_keys(['example_complex']) retrieved from /home/airflow/.local/lib/python3.10/site-packages/airflow/example_dags/example_complex.py
[2025-01-15T21:53:15.564+0000] {logging_mixin.py:154} INFO - [2025-01-15T21:53:15.564+0000] {dag.py:2941} INFO - Sync 1 DAGs
[2025-01-15T21:53:15.576+0000] {logging_mixin.py:154} INFO - [2025-01-15T21:53:15.576+0000] {dag.py:3722} INFO - Setting next_dagrun for example_complex to None, run_after=None
[2025-01-15T21:53:15.592+0000] {processor.py:179} INFO - Processing /home/airflow/.local/lib/python3.10/site-packages/airflow/example_dags/example_complex.py took 0.076 seconds
[2025-01-15T21:53:46.828+0000] {processor.py:157} INFO - Started process (PID=634) to work on /home/airflow/.local/lib/python3.10/site-packages/airflow/example_dags/example_complex.py
[2025-01-15T21:53:46.829+0000] {processor.py:829} INFO - Processing file /home/airflow/.local/lib/python3.10/site-packages/airflow/example_dags/example_complex.py for tasks to queue
[2025-01-15T21:53:46.831+0000] {logging_mixin.py:154} INFO - [2025-01-15T21:53:46.831+0000] {dagbag.py:536} INFO - Filling up the DagBag from /home/airflow/.local/lib/python3.10/site-packages/airflow/example_dags/example_complex.py
[2025-01-15T21:53:46.841+0000] {processor.py:839} INFO - DAG(s) dict_keys(['example_complex']) retrieved from /home/airflow/.local/lib/python3.10/site-packages/airflow/example_dags/example_complex.py
[2025-01-15T21:53:46.870+0000] {logging_mixin.py:154} INFO - [2025-01-15T21:53:46.870+0000] {dag.py:2941} INFO - Sync 1 DAGs
[2025-01-15T21:53:46.881+0000] {logging_mixin.py:154} INFO - [2025-01-15T21:53:46.881+0000] {dag.py:3722} INFO - Setting next_dagrun for example_complex to None, run_after=None
[2025-01-15T21:53:46.897+0000] {processor.py:179} INFO - Processing /home/airflow/.local/lib/python3.10/site-packages/airflow/example_dags/example_complex.py took 0.072 seconds
[2025-01-15T21:54:17.732+0000] {processor.py:157} INFO - Started process (PID=690) to work on /home/airflow/.local/lib/python3.10/site-packages/airflow/example_dags/example_complex.py
[2025-01-15T21:54:17.733+0000] {processor.py:829} INFO - Processing file /home/airflow/.local/lib/python3.10/site-packages/airflow/example_dags/example_complex.py for tasks to queue
[2025-01-15T21:54:17.735+0000] {logging_mixin.py:154} INFO - [2025-01-15T21:54:17.735+0000] {dagbag.py:536} INFO - Filling up the DagBag from /home/airflow/.local/lib/python3.10/site-packages/airflow/example_dags/example_complex.py
[2025-01-15T21:54:17.744+0000] {processor.py:839} INFO - DAG(s) dict_keys(['example_complex']) retrieved from /home/airflow/.local/lib/python3.10/site-packages/airflow/example_dags/example_complex.py
[2025-01-15T21:54:17.772+0000] {logging_mixin.py:154} INFO - [2025-01-15T21:54:17.772+0000] {dag.py:2941} INFO - Sync 1 DAGs
[2025-01-15T21:54:17.785+0000] {logging_mixin.py:154} INFO - [2025-01-15T21:54:17.784+0000] {dag.py:3722} INFO - Setting next_dagrun for example_complex to None, run_after=None
[2025-01-15T21:54:17.799+0000] {processor.py:179} INFO - Processing /home/airflow/.local/lib/python3.10/site-packages/airflow/example_dags/example_complex.py took 0.070 seconds
[2025-01-15T21:54:48.460+0000] {processor.py:157} INFO - Started process (PID=746) to work on /home/airflow/.local/lib/python3.10/site-packages/airflow/example_dags/example_complex.py
[2025-01-15T21:54:48.461+0000] {processor.py:829} INFO - Processing file /home/airflow/.local/lib/python3.10/site-packages/airflow/example_dags/example_complex.py for tasks to queue
[2025-01-15T21:54:48.463+0000] {logging_mixin.py:154} INFO - [2025-01-15T21:54:48.463+0000] {dagbag.py:536} INFO - Filling up the DagBag from /home/airflow/.local/lib/python3.10/site-packages/airflow/example_dags/example_complex.py
[2025-01-15T21:54:48.472+0000] {processor.py:839} INFO - DAG(s) dict_keys(['example_complex']) retrieved from /home/airflow/.local/lib/python3.10/site-packages/airflow/example_dags/example_complex.py
[2025-01-15T21:54:48.499+0000] {logging_mixin.py:154} INFO - [2025-01-15T21:54:48.499+0000] {dag.py:2941} INFO - Sync 1 DAGs
[2025-01-15T21:54:48.510+0000] {logging_mixin.py:154} INFO - [2025-01-15T21:54:48.510+0000] {dag.py:3722} INFO - Setting next_dagrun for example_complex to None, run_after=None
[2025-01-15T21:54:48.526+0000] {processor.py:179} INFO - Processing /home/airflow/.local/lib/python3.10/site-packages/airflow/example_dags/example_complex.py took 0.069 seconds
[2025-01-15T21:55:19.099+0000] {processor.py:157} INFO - Started process (PID=802) to work on /home/airflow/.local/lib/python3.10/site-packages/airflow/example_dags/example_complex.py
[2025-01-15T21:55:19.100+0000] {processor.py:829} INFO - Processing file /home/airflow/.local/lib/python3.10/site-packages/airflow/example_dags/example_complex.py for tasks to queue
[2025-01-15T21:55:19.102+0000] {logging_mixin.py:154} INFO - [2025-01-15T21:55:19.102+0000] {dagbag.py:536} INFO - Filling up the DagBag from /home/airflow/.local/lib/python3.10/site-packages/airflow/example_dags/example_complex.py
[2025-01-15T21:55:19.112+0000] {processor.py:839} INFO - DAG(s) dict_keys(['example_complex']) retrieved from /home/airflow/.local/lib/python3.10/site-packages/airflow/example_dags/example_complex.py
[2025-01-15T21:55:19.141+0000] {logging_mixin.py:154} INFO - [2025-01-15T21:55:19.141+0000] {dag.py:2941} INFO - Sync 1 DAGs
[2025-01-15T21:55:19.153+0000] {logging_mixin.py:154} INFO - [2025-01-15T21:55:19.153+0000] {dag.py:3722} INFO - Setting next_dagrun for example_complex to None, run_after=None
[2025-01-15T21:55:19.173+0000] {processor.py:179} INFO - Processing /home/airflow/.local/lib/python3.10/site-packages/airflow/example_dags/example_complex.py took 0.077 seconds
[2025-01-15T21:55:50.224+0000] {processor.py:157} INFO - Started process (PID=865) to work on /home/airflow/.local/lib/python3.10/site-packages/airflow/example_dags/example_complex.py
[2025-01-15T21:55:50.225+0000] {processor.py:829} INFO - Processing file /home/airflow/.local/lib/python3.10/site-packages/airflow/example_dags/example_complex.py for tasks to queue
[2025-01-15T21:55:50.227+0000] {logging_mixin.py:154} INFO - [2025-01-15T21:55:50.227+0000] {dagbag.py:536} INFO - Filling up the DagBag from /home/airflow/.local/lib/python3.10/site-packages/airflow/example_dags/example_complex.py
[2025-01-15T21:55:50.238+0000] {processor.py:839} INFO - DAG(s) dict_keys(['example_complex']) retrieved from /home/airflow/.local/lib/python3.10/site-packages/airflow/example_dags/example_complex.py
[2025-01-15T21:55:50.270+0000] {logging_mixin.py:154} INFO - [2025-01-15T21:55:50.270+0000] {dag.py:2941} INFO - Sync 1 DAGs
[2025-01-15T21:55:50.283+0000] {logging_mixin.py:154} INFO - [2025-01-15T21:55:50.283+0000] {dag.py:3722} INFO - Setting next_dagrun for example_complex to None, run_after=None
[2025-01-15T21:55:50.303+0000] {processor.py:179} INFO - Processing /home/airflow/.local/lib/python3.10/site-packages/airflow/example_dags/example_complex.py took 0.082 seconds
[2025-01-15T21:56:19.733+0000] {processor.py:157} INFO - Started process (PID=921) to work on /home/airflow/.local/lib/python3.10/site-packages/airflow/example_dags/example_complex.py
[2025-01-15T21:56:19.734+0000] {processor.py:829} INFO - Processing file /home/airflow/.local/lib/python3.10/site-packages/airflow/example_dags/example_complex.py for tasks to queue
[2025-01-15T21:56:19.736+0000] {logging_mixin.py:154} INFO - [2025-01-15T21:56:19.736+0000] {dagbag.py:536} INFO - Filling up the DagBag from /home/airflow/.local/lib/python3.10/site-packages/airflow/example_dags/example_complex.py
[2025-01-15T21:56:19.746+0000] {processor.py:839} INFO - DAG(s) dict_keys(['example_complex']) retrieved from /home/airflow/.local/lib/python3.10/site-packages/airflow/example_dags/example_complex.py
[2025-01-15T21:56:19.779+0000] {logging_mixin.py:154} INFO - [2025-01-15T21:56:19.779+0000] {dag.py:2941} INFO - Sync 1 DAGs
[2025-01-15T21:56:19.794+0000] {logging_mixin.py:154} INFO - [2025-01-15T21:56:19.794+0000] {dag.py:3722} INFO - Setting next_dagrun for example_complex to None, run_after=None
[2025-01-15T21:56:19.980+0000] {processor.py:179} INFO - Processing /home/airflow/.local/lib/python3.10/site-packages/airflow/example_dags/example_complex.py took 0.249 seconds
[2025-01-15T21:56:50.274+0000] {processor.py:157} INFO - Started process (PID=976) to work on /home/airflow/.local/lib/python3.10/site-packages/airflow/example_dags/example_complex.py
[2025-01-15T21:56:50.275+0000] {processor.py:829} INFO - Processing file /home/airflow/.local/lib/python3.10/site-packages/airflow/example_dags/example_complex.py for tasks to queue
[2025-01-15T21:56:50.277+0000] {logging_mixin.py:154} INFO - [2025-01-15T21:56:50.277+0000] {dagbag.py:536} INFO - Filling up the DagBag from /home/airflow/.local/lib/python3.10/site-packages/airflow/example_dags/example_complex.py
[2025-01-15T21:56:50.289+0000] {processor.py:839} INFO - DAG(s) dict_keys(['example_complex']) retrieved from /home/airflow/.local/lib/python3.10/site-packages/airflow/example_dags/example_complex.py
[2025-01-15T21:56:50.345+0000] {logging_mixin.py:154} INFO - [2025-01-15T21:56:50.345+0000] {dag.py:2941} INFO - Sync 1 DAGs
[2025-01-15T21:56:50.365+0000] {logging_mixin.py:154} INFO - [2025-01-15T21:56:50.364+0000] {dag.py:3722} INFO - Setting next_dagrun for example_complex to None, run_after=None
[2025-01-15T21:56:50.382+0000] {processor.py:179} INFO - Processing /home/airflow/.local/lib/python3.10/site-packages/airflow/example_dags/example_complex.py took 0.111 seconds
[2025-01-15T21:57:20.634+0000] {processor.py:157} INFO - Started process (PID=1032) to work on /home/airflow/.local/lib/python3.10/site-packages/airflow/example_dags/example_complex.py
[2025-01-15T21:57:20.635+0000] {processor.py:829} INFO - Processing file /home/airflow/.local/lib/python3.10/site-packages/airflow/example_dags/example_complex.py for tasks to queue
[2025-01-15T21:57:20.637+0000] {logging_mixin.py:154} INFO - [2025-01-15T21:57:20.637+0000] {dagbag.py:536} INFO - Filling up the DagBag from /home/airflow/.local/lib/python3.10/site-packages/airflow/example_dags/example_complex.py
[2025-01-15T21:57:20.646+0000] {processor.py:839} INFO - DAG(s) dict_keys(['example_complex']) retrieved from /home/airflow/.local/lib/python3.10/site-packages/airflow/example_dags/example_complex.py
[2025-01-15T21:57:20.676+0000] {logging_mixin.py:154} INFO - [2025-01-15T21:57:20.676+0000] {dag.py:2941} INFO - Sync 1 DAGs
[2025-01-15T21:57:20.689+0000] {logging_mixin.py:154} INFO - [2025-01-15T21:57:20.689+0000] {dag.py:3722} INFO - Setting next_dagrun for example_complex to None, run_after=None
[2025-01-15T21:57:20.706+0000] {processor.py:179} INFO - Processing /home/airflow/.local/lib/python3.10/site-packages/airflow/example_dags/example_complex.py took 0.075 seconds
[2025-01-15T21:57:51.545+0000] {processor.py:157} INFO - Started process (PID=1088) to work on /home/airflow/.local/lib/python3.10/site-packages/airflow/example_dags/example_complex.py
[2025-01-15T21:57:51.546+0000] {processor.py:829} INFO - Processing file /home/airflow/.local/lib/python3.10/site-packages/airflow/example_dags/example_complex.py for tasks to queue
[2025-01-15T21:57:51.549+0000] {logging_mixin.py:154} INFO - [2025-01-15T21:57:51.548+0000] {dagbag.py:536} INFO - Filling up the DagBag from /home/airflow/.local/lib/python3.10/site-packages/airflow/example_dags/example_complex.py
[2025-01-15T21:57:51.560+0000] {processor.py:839} INFO - DAG(s) dict_keys(['example_complex']) retrieved from /home/airflow/.local/lib/python3.10/site-packages/airflow/example_dags/example_complex.py
[2025-01-15T21:57:51.592+0000] {logging_mixin.py:154} INFO - [2025-01-15T21:57:51.592+0000] {dag.py:2941} INFO - Sync 1 DAGs
[2025-01-15T21:57:51.605+0000] {logging_mixin.py:154} INFO - [2025-01-15T21:57:51.605+0000] {dag.py:3722} INFO - Setting next_dagrun for example_complex to None, run_after=None
[2025-01-15T21:57:51.787+0000] {processor.py:179} INFO - Processing /home/airflow/.local/lib/python3.10/site-packages/airflow/example_dags/example_complex.py took 0.246 seconds
[2025-01-15T21:58:22.435+0000] {processor.py:157} INFO - Started process (PID=1144) to work on /home/airflow/.local/lib/python3.10/site-packages/airflow/example_dags/example_complex.py
[2025-01-15T21:58:22.435+0000] {processor.py:829} INFO - Processing file /home/airflow/.local/lib/python3.10/site-packages/airflow/example_dags/example_complex.py for tasks to queue
[2025-01-15T21:58:22.438+0000] {logging_mixin.py:154} INFO - [2025-01-15T21:58:22.437+0000] {dagbag.py:536} INFO - Filling up the DagBag from /home/airflow/.local/lib/python3.10/site-packages/airflow/example_dags/example_complex.py
[2025-01-15T21:58:22.447+0000] {processor.py:839} INFO - DAG(s) dict_keys(['example_complex']) retrieved from /home/airflow/.local/lib/python3.10/site-packages/airflow/example_dags/example_complex.py
[2025-01-15T21:58:22.478+0000] {logging_mixin.py:154} INFO - [2025-01-15T21:58:22.477+0000] {dag.py:2941} INFO - Sync 1 DAGs
[2025-01-15T21:58:22.490+0000] {logging_mixin.py:154} INFO - [2025-01-15T21:58:22.490+0000] {dag.py:3722} INFO - Setting next_dagrun for example_complex to None, run_after=None
[2025-01-15T21:58:22.507+0000] {processor.py:179} INFO - Processing /home/airflow/.local/lib/python3.10/site-packages/airflow/example_dags/example_complex.py took 0.076 seconds
[2025-01-15T21:58:52.539+0000] {processor.py:157} INFO - Started process (PID=1198) to work on /home/airflow/.local/lib/python3.10/site-packages/airflow/example_dags/example_complex.py
[2025-01-15T21:58:52.540+0000] {processor.py:829} INFO - Processing file /home/airflow/.local/lib/python3.10/site-packages/airflow/example_dags/example_complex.py for tasks to queue
[2025-01-15T21:58:52.541+0000] {logging_mixin.py:154} INFO - [2025-01-15T21:58:52.541+0000] {dagbag.py:536} INFO - Filling up the DagBag from /home/airflow/.local/lib/python3.10/site-packages/airflow/example_dags/example_complex.py
[2025-01-15T21:58:52.550+0000] {processor.py:839} INFO - DAG(s) dict_keys(['example_complex']) retrieved from /home/airflow/.local/lib/python3.10/site-packages/airflow/example_dags/example_complex.py
[2025-01-15T21:58:52.578+0000] {logging_mixin.py:154} INFO - [2025-01-15T21:58:52.578+0000] {dag.py:2941} INFO - Sync 1 DAGs
[2025-01-15T21:58:52.590+0000] {logging_mixin.py:154} INFO - [2025-01-15T21:58:52.590+0000] {dag.py:3722} INFO - Setting next_dagrun for example_complex to None, run_after=None
[2025-01-15T21:58:52.605+0000] {processor.py:179} INFO - Processing /home/airflow/.local/lib/python3.10/site-packages/airflow/example_dags/example_complex.py took 0.068 seconds
[2025-01-15T21:59:23.373+0000] {processor.py:157} INFO - Started process (PID=1254) to work on /home/airflow/.local/lib/python3.10/site-packages/airflow/example_dags/example_complex.py
[2025-01-15T21:59:23.373+0000] {processor.py:829} INFO - Processing file /home/airflow/.local/lib/python3.10/site-packages/airflow/example_dags/example_complex.py for tasks to queue
[2025-01-15T21:59:23.375+0000] {logging_mixin.py:154} INFO - [2025-01-15T21:59:23.375+0000] {dagbag.py:536} INFO - Filling up the DagBag from /home/airflow/.local/lib/python3.10/site-packages/airflow/example_dags/example_complex.py
[2025-01-15T21:59:23.384+0000] {processor.py:839} INFO - DAG(s) dict_keys(['example_complex']) retrieved from /home/airflow/.local/lib/python3.10/site-packages/airflow/example_dags/example_complex.py
[2025-01-15T21:59:23.412+0000] {logging_mixin.py:154} INFO - [2025-01-15T21:59:23.411+0000] {dag.py:2941} INFO - Sync 1 DAGs
[2025-01-15T21:59:23.424+0000] {logging_mixin.py:154} INFO - [2025-01-15T21:59:23.424+0000] {dag.py:3722} INFO - Setting next_dagrun for example_complex to None, run_after=None
[2025-01-15T21:59:23.572+0000] {processor.py:179} INFO - Processing /home/airflow/.local/lib/python3.10/site-packages/airflow/example_dags/example_complex.py took 0.202 seconds
[2025-01-15T21:59:54.011+0000] {processor.py:157} INFO - Started process (PID=1310) to work on /home/airflow/.local/lib/python3.10/site-packages/airflow/example_dags/example_complex.py
[2025-01-15T21:59:54.012+0000] {processor.py:829} INFO - Processing file /home/airflow/.local/lib/python3.10/site-packages/airflow/example_dags/example_complex.py for tasks to queue
[2025-01-15T21:59:54.015+0000] {logging_mixin.py:154} INFO - [2025-01-15T21:59:54.014+0000] {dagbag.py:536} INFO - Filling up the DagBag from /home/airflow/.local/lib/python3.10/site-packages/airflow/example_dags/example_complex.py
[2025-01-15T21:59:54.024+0000] {processor.py:839} INFO - DAG(s) dict_keys(['example_complex']) retrieved from /home/airflow/.local/lib/python3.10/site-packages/airflow/example_dags/example_complex.py
[2025-01-15T21:59:54.052+0000] {logging_mixin.py:154} INFO - [2025-01-15T21:59:54.051+0000] {dag.py:2941} INFO - Sync 1 DAGs
[2025-01-15T21:59:54.063+0000] {logging_mixin.py:154} INFO - [2025-01-15T21:59:54.063+0000] {dag.py:3722} INFO - Setting next_dagrun for example_complex to None, run_after=None
[2025-01-15T21:59:54.077+0000] {processor.py:179} INFO - Processing /home/airflow/.local/lib/python3.10/site-packages/airflow/example_dags/example_complex.py took 0.069 seconds
[2025-01-15T22:00:24.395+0000] {processor.py:157} INFO - Started process (PID=1366) to work on /home/airflow/.local/lib/python3.10/site-packages/airflow/example_dags/example_complex.py
[2025-01-15T22:00:24.396+0000] {processor.py:829} INFO - Processing file /home/airflow/.local/lib/python3.10/site-packages/airflow/example_dags/example_complex.py for tasks to queue
[2025-01-15T22:00:24.399+0000] {logging_mixin.py:154} INFO - [2025-01-15T22:00:24.399+0000] {dagbag.py:536} INFO - Filling up the DagBag from /home/airflow/.local/lib/python3.10/site-packages/airflow/example_dags/example_complex.py
[2025-01-15T22:00:24.411+0000] {processor.py:839} INFO - DAG(s) dict_keys(['example_complex']) retrieved from /home/airflow/.local/lib/python3.10/site-packages/airflow/example_dags/example_complex.py
[2025-01-15T22:00:24.442+0000] {logging_mixin.py:154} INFO - [2025-01-15T22:00:24.442+0000] {dag.py:2941} INFO - Sync 1 DAGs
[2025-01-15T22:00:24.455+0000] {logging_mixin.py:154} INFO - [2025-01-15T22:00:24.455+0000] {dag.py:3722} INFO - Setting next_dagrun for example_complex to None, run_after=None
[2025-01-15T22:00:24.474+0000] {processor.py:179} INFO - Processing /home/airflow/.local/lib/python3.10/site-packages/airflow/example_dags/example_complex.py took 0.083 seconds
[2025-01-15T22:00:54.705+0000] {processor.py:157} INFO - Started process (PID=1422) to work on /home/airflow/.local/lib/python3.10/site-packages/airflow/example_dags/example_complex.py
[2025-01-15T22:00:54.706+0000] {processor.py:829} INFO - Processing file /home/airflow/.local/lib/python3.10/site-packages/airflow/example_dags/example_complex.py for tasks to queue
[2025-01-15T22:00:54.708+0000] {logging_mixin.py:154} INFO - [2025-01-15T22:00:54.708+0000] {dagbag.py:536} INFO - Filling up the DagBag from /home/airflow/.local/lib/python3.10/site-packages/airflow/example_dags/example_complex.py
[2025-01-15T22:00:54.717+0000] {processor.py:839} INFO - DAG(s) dict_keys(['example_complex']) retrieved from /home/airflow/.local/lib/python3.10/site-packages/airflow/example_dags/example_complex.py
[2025-01-15T22:00:54.746+0000] {logging_mixin.py:154} INFO - [2025-01-15T22:00:54.746+0000] {dag.py:2941} INFO - Sync 1 DAGs
[2025-01-15T22:00:54.758+0000] {logging_mixin.py:154} INFO - [2025-01-15T22:00:54.758+0000] {dag.py:3722} INFO - Setting next_dagrun for example_complex to None, run_after=None
[2025-01-15T22:00:54.922+0000] {processor.py:179} INFO - Processing /home/airflow/.local/lib/python3.10/site-packages/airflow/example_dags/example_complex.py took 0.219 seconds
[2025-01-15T22:01:25.702+0000] {processor.py:157} INFO - Started process (PID=1478) to work on /home/airflow/.local/lib/python3.10/site-packages/airflow/example_dags/example_complex.py
[2025-01-15T22:01:25.703+0000] {processor.py:829} INFO - Processing file /home/airflow/.local/lib/python3.10/site-packages/airflow/example_dags/example_complex.py for tasks to queue
[2025-01-15T22:01:25.705+0000] {logging_mixin.py:154} INFO - [2025-01-15T22:01:25.705+0000] {dagbag.py:536} INFO - Filling up the DagBag from /home/airflow/.local/lib/python3.10/site-packages/airflow/example_dags/example_complex.py
[2025-01-15T22:01:25.714+0000] {processor.py:839} INFO - DAG(s) dict_keys(['example_complex']) retrieved from /home/airflow/.local/lib/python3.10/site-packages/airflow/example_dags/example_complex.py
[2025-01-15T22:01:25.742+0000] {logging_mixin.py:154} INFO - [2025-01-15T22:01:25.742+0000] {dag.py:2941} INFO - Sync 1 DAGs
[2025-01-15T22:01:25.753+0000] {logging_mixin.py:154} INFO - [2025-01-15T22:01:25.753+0000] {dag.py:3722} INFO - Setting next_dagrun for example_complex to None, run_after=None
[2025-01-15T22:01:25.769+0000] {processor.py:179} INFO - Processing /home/airflow/.local/lib/python3.10/site-packages/airflow/example_dags/example_complex.py took 0.070 seconds
[2025-01-15T22:01:56.376+0000] {processor.py:157} INFO - Started process (PID=1534) to work on /home/airflow/.local/lib/python3.10/site-packages/airflow/example_dags/example_complex.py
[2025-01-15T22:01:56.377+0000] {processor.py:829} INFO - Processing file /home/airflow/.local/lib/python3.10/site-packages/airflow/example_dags/example_complex.py for tasks to queue
[2025-01-15T22:01:56.379+0000] {logging_mixin.py:154} INFO - [2025-01-15T22:01:56.378+0000] {dagbag.py:536} INFO - Filling up the DagBag from /home/airflow/.local/lib/python3.10/site-packages/airflow/example_dags/example_complex.py
[2025-01-15T22:01:56.388+0000] {processor.py:839} INFO - DAG(s) dict_keys(['example_complex']) retrieved from /home/airflow/.local/lib/python3.10/site-packages/airflow/example_dags/example_complex.py
[2025-01-15T22:01:56.550+0000] {logging_mixin.py:154} INFO - [2025-01-15T22:01:56.550+0000] {dag.py:2941} INFO - Sync 1 DAGs
[2025-01-15T22:01:56.560+0000] {logging_mixin.py:154} INFO - [2025-01-15T22:01:56.559+0000] {dag.py:3722} INFO - Setting next_dagrun for example_complex to None, run_after=None
[2025-01-15T22:01:56.574+0000] {processor.py:179} INFO - Processing /home/airflow/.local/lib/python3.10/site-packages/airflow/example_dags/example_complex.py took 0.201 seconds
[2025-01-15T22:02:26.987+0000] {processor.py:157} INFO - Started process (PID=1592) to work on /home/airflow/.local/lib/python3.10/site-packages/airflow/example_dags/example_complex.py
[2025-01-15T22:02:26.988+0000] {processor.py:829} INFO - Processing file /home/airflow/.local/lib/python3.10/site-packages/airflow/example_dags/example_complex.py for tasks to queue
[2025-01-15T22:02:26.990+0000] {logging_mixin.py:154} INFO - [2025-01-15T22:02:26.989+0000] {dagbag.py:536} INFO - Filling up the DagBag from /home/airflow/.local/lib/python3.10/site-packages/airflow/example_dags/example_complex.py
[2025-01-15T22:02:26.999+0000] {processor.py:839} INFO - DAG(s) dict_keys(['example_complex']) retrieved from /home/airflow/.local/lib/python3.10/site-packages/airflow/example_dags/example_complex.py
[2025-01-15T22:02:27.025+0000] {logging_mixin.py:154} INFO - [2025-01-15T22:02:27.025+0000] {dag.py:2941} INFO - Sync 1 DAGs
[2025-01-15T22:02:27.176+0000] {logging_mixin.py:154} INFO - [2025-01-15T22:02:27.176+0000] {dag.py:3722} INFO - Setting next_dagrun for example_complex to None, run_after=None
[2025-01-15T22:02:27.199+0000] {processor.py:179} INFO - Processing /home/airflow/.local/lib/python3.10/site-packages/airflow/example_dags/example_complex.py took 0.215 seconds
[2025-01-15T22:04:08.148+0000] {processor.py:157} INFO - Started process (PID=73) to work on /home/airflow/.local/lib/python3.10/site-packages/airflow/example_dags/example_complex.py
[2025-01-15T22:04:08.149+0000] {processor.py:829} INFO - Processing file /home/airflow/.local/lib/python3.10/site-packages/airflow/example_dags/example_complex.py for tasks to queue
[2025-01-15T22:04:08.152+0000] {logging_mixin.py:154} INFO - [2025-01-15T22:04:08.151+0000] {dagbag.py:536} INFO - Filling up the DagBag from /home/airflow/.local/lib/python3.10/site-packages/airflow/example_dags/example_complex.py
[2025-01-15T22:04:08.171+0000] {processor.py:839} INFO - DAG(s) dict_keys(['example_complex']) retrieved from /home/airflow/.local/lib/python3.10/site-packages/airflow/example_dags/example_complex.py
[2025-01-15T22:04:08.186+0000] {logging_mixin.py:154} INFO - [2025-01-15T22:04:08.186+0000] {dag.py:2941} INFO - Sync 1 DAGs
[2025-01-15T22:04:08.207+0000] {logging_mixin.py:154} INFO - [2025-01-15T22:04:08.206+0000] {dag.py:3722} INFO - Setting next_dagrun for example_complex to None, run_after=None
[2025-01-15T22:04:08.229+0000] {processor.py:179} INFO - Processing /home/airflow/.local/lib/python3.10/site-packages/airflow/example_dags/example_complex.py took 0.084 seconds
[2025-01-15T22:04:39.507+0000] {processor.py:157} INFO - Started process (PID=129) to work on /home/airflow/.local/lib/python3.10/site-packages/airflow/example_dags/example_complex.py
[2025-01-15T22:04:39.507+0000] {processor.py:829} INFO - Processing file /home/airflow/.local/lib/python3.10/site-packages/airflow/example_dags/example_complex.py for tasks to queue
[2025-01-15T22:04:39.510+0000] {logging_mixin.py:154} INFO - [2025-01-15T22:04:39.509+0000] {dagbag.py:536} INFO - Filling up the DagBag from /home/airflow/.local/lib/python3.10/site-packages/airflow/example_dags/example_complex.py
[2025-01-15T22:04:39.519+0000] {processor.py:839} INFO - DAG(s) dict_keys(['example_complex']) retrieved from /home/airflow/.local/lib/python3.10/site-packages/airflow/example_dags/example_complex.py
[2025-01-15T22:04:39.549+0000] {logging_mixin.py:154} INFO - [2025-01-15T22:04:39.549+0000] {dag.py:2941} INFO - Sync 1 DAGs
[2025-01-15T22:04:39.561+0000] {logging_mixin.py:154} INFO - [2025-01-15T22:04:39.561+0000] {dag.py:3722} INFO - Setting next_dagrun for example_complex to None, run_after=None
[2025-01-15T22:04:39.578+0000] {processor.py:179} INFO - Processing /home/airflow/.local/lib/python3.10/site-packages/airflow/example_dags/example_complex.py took 0.075 seconds
[2025-01-15T22:05:10.646+0000] {processor.py:157} INFO - Started process (PID=185) to work on /home/airflow/.local/lib/python3.10/site-packages/airflow/example_dags/example_complex.py
[2025-01-15T22:05:10.647+0000] {processor.py:829} INFO - Processing file /home/airflow/.local/lib/python3.10/site-packages/airflow/example_dags/example_complex.py for tasks to queue
[2025-01-15T22:05:10.649+0000] {logging_mixin.py:154} INFO - [2025-01-15T22:05:10.648+0000] {dagbag.py:536} INFO - Filling up the DagBag from /home/airflow/.local/lib/python3.10/site-packages/airflow/example_dags/example_complex.py
[2025-01-15T22:05:10.658+0000] {processor.py:839} INFO - DAG(s) dict_keys(['example_complex']) retrieved from /home/airflow/.local/lib/python3.10/site-packages/airflow/example_dags/example_complex.py
[2025-01-15T22:05:10.687+0000] {logging_mixin.py:154} INFO - [2025-01-15T22:05:10.687+0000] {dag.py:2941} INFO - Sync 1 DAGs
[2025-01-15T22:05:10.699+0000] {logging_mixin.py:154} INFO - [2025-01-15T22:05:10.699+0000] {dag.py:3722} INFO - Setting next_dagrun for example_complex to None, run_after=None
[2025-01-15T22:05:10.718+0000] {processor.py:179} INFO - Processing /home/airflow/.local/lib/python3.10/site-packages/airflow/example_dags/example_complex.py took 0.075 seconds
[2025-01-15T22:05:41.236+0000] {processor.py:157} INFO - Started process (PID=241) to work on /home/airflow/.local/lib/python3.10/site-packages/airflow/example_dags/example_complex.py
[2025-01-15T22:05:41.237+0000] {processor.py:829} INFO - Processing file /home/airflow/.local/lib/python3.10/site-packages/airflow/example_dags/example_complex.py for tasks to queue
[2025-01-15T22:05:41.239+0000] {logging_mixin.py:154} INFO - [2025-01-15T22:05:41.239+0000] {dagbag.py:536} INFO - Filling up the DagBag from /home/airflow/.local/lib/python3.10/site-packages/airflow/example_dags/example_complex.py
[2025-01-15T22:05:41.249+0000] {processor.py:839} INFO - DAG(s) dict_keys(['example_complex']) retrieved from /home/airflow/.local/lib/python3.10/site-packages/airflow/example_dags/example_complex.py
[2025-01-15T22:05:41.277+0000] {logging_mixin.py:154} INFO - [2025-01-15T22:05:41.277+0000] {dag.py:2941} INFO - Sync 1 DAGs
[2025-01-15T22:05:41.290+0000] {logging_mixin.py:154} INFO - [2025-01-15T22:05:41.289+0000] {dag.py:3722} INFO - Setting next_dagrun for example_complex to None, run_after=None
[2025-01-15T22:05:41.308+0000] {processor.py:179} INFO - Processing /home/airflow/.local/lib/python3.10/site-packages/airflow/example_dags/example_complex.py took 0.075 seconds
[2025-01-15T22:06:11.854+0000] {processor.py:157} INFO - Started process (PID=297) to work on /home/airflow/.local/lib/python3.10/site-packages/airflow/example_dags/example_complex.py
[2025-01-15T22:06:11.856+0000] {processor.py:829} INFO - Processing file /home/airflow/.local/lib/python3.10/site-packages/airflow/example_dags/example_complex.py for tasks to queue
[2025-01-15T22:06:11.858+0000] {logging_mixin.py:154} INFO - [2025-01-15T22:06:11.858+0000] {dagbag.py:536} INFO - Filling up the DagBag from /home/airflow/.local/lib/python3.10/site-packages/airflow/example_dags/example_complex.py
[2025-01-15T22:06:11.869+0000] {processor.py:839} INFO - DAG(s) dict_keys(['example_complex']) retrieved from /home/airflow/.local/lib/python3.10/site-packages/airflow/example_dags/example_complex.py
[2025-01-15T22:06:11.903+0000] {logging_mixin.py:154} INFO - [2025-01-15T22:06:11.902+0000] {dag.py:2941} INFO - Sync 1 DAGs
[2025-01-15T22:06:11.915+0000] {logging_mixin.py:154} INFO - [2025-01-15T22:06:11.915+0000] {dag.py:3722} INFO - Setting next_dagrun for example_complex to None, run_after=None
[2025-01-15T22:06:11.933+0000] {processor.py:179} INFO - Processing /home/airflow/.local/lib/python3.10/site-packages/airflow/example_dags/example_complex.py took 0.082 seconds
[2025-01-15T22:06:42.336+0000] {processor.py:157} INFO - Started process (PID=353) to work on /home/airflow/.local/lib/python3.10/site-packages/airflow/example_dags/example_complex.py
[2025-01-15T22:06:42.337+0000] {processor.py:829} INFO - Processing file /home/airflow/.local/lib/python3.10/site-packages/airflow/example_dags/example_complex.py for tasks to queue
[2025-01-15T22:06:42.339+0000] {logging_mixin.py:154} INFO - [2025-01-15T22:06:42.339+0000] {dagbag.py:536} INFO - Filling up the DagBag from /home/airflow/.local/lib/python3.10/site-packages/airflow/example_dags/example_complex.py
[2025-01-15T22:06:42.349+0000] {processor.py:839} INFO - DAG(s) dict_keys(['example_complex']) retrieved from /home/airflow/.local/lib/python3.10/site-packages/airflow/example_dags/example_complex.py
[2025-01-15T22:06:42.382+0000] {logging_mixin.py:154} INFO - [2025-01-15T22:06:42.381+0000] {dag.py:2941} INFO - Sync 1 DAGs
[2025-01-15T22:06:42.395+0000] {logging_mixin.py:154} INFO - [2025-01-15T22:06:42.395+0000] {dag.py:3722} INFO - Setting next_dagrun for example_complex to None, run_after=None
[2025-01-15T22:06:42.418+0000] {processor.py:179} INFO - Processing /home/airflow/.local/lib/python3.10/site-packages/airflow/example_dags/example_complex.py took 0.086 seconds
[2025-01-15T22:07:12.907+0000] {processor.py:157} INFO - Started process (PID=407) to work on /home/airflow/.local/lib/python3.10/site-packages/airflow/example_dags/example_complex.py
[2025-01-15T22:07:12.908+0000] {processor.py:829} INFO - Processing file /home/airflow/.local/lib/python3.10/site-packages/airflow/example_dags/example_complex.py for tasks to queue
[2025-01-15T22:07:12.911+0000] {logging_mixin.py:154} INFO - [2025-01-15T22:07:12.910+0000] {dagbag.py:536} INFO - Filling up the DagBag from /home/airflow/.local/lib/python3.10/site-packages/airflow/example_dags/example_complex.py
[2025-01-15T22:07:12.922+0000] {processor.py:839} INFO - DAG(s) dict_keys(['example_complex']) retrieved from /home/airflow/.local/lib/python3.10/site-packages/airflow/example_dags/example_complex.py
[2025-01-15T22:07:12.953+0000] {logging_mixin.py:154} INFO - [2025-01-15T22:07:12.952+0000] {dag.py:2941} INFO - Sync 1 DAGs
[2025-01-15T22:07:12.964+0000] {logging_mixin.py:154} INFO - [2025-01-15T22:07:12.964+0000] {dag.py:3722} INFO - Setting next_dagrun for example_complex to None, run_after=None
[2025-01-15T22:07:12.984+0000] {processor.py:179} INFO - Processing /home/airflow/.local/lib/python3.10/site-packages/airflow/example_dags/example_complex.py took 0.081 seconds
[2025-01-15T22:08:33.455+0000] {processor.py:157} INFO - Started process (PID=75) to work on /home/airflow/.local/lib/python3.10/site-packages/airflow/example_dags/example_complex.py
[2025-01-15T22:08:33.456+0000] {processor.py:829} INFO - Processing file /home/airflow/.local/lib/python3.10/site-packages/airflow/example_dags/example_complex.py for tasks to queue
[2025-01-15T22:08:33.458+0000] {logging_mixin.py:154} INFO - [2025-01-15T22:08:33.457+0000] {dagbag.py:536} INFO - Filling up the DagBag from /home/airflow/.local/lib/python3.10/site-packages/airflow/example_dags/example_complex.py
[2025-01-15T22:08:33.471+0000] {processor.py:839} INFO - DAG(s) dict_keys(['example_complex']) retrieved from /home/airflow/.local/lib/python3.10/site-packages/airflow/example_dags/example_complex.py
[2025-01-15T22:08:33.485+0000] {logging_mixin.py:154} INFO - [2025-01-15T22:08:33.484+0000] {dag.py:2941} INFO - Sync 1 DAGs
[2025-01-15T22:08:33.501+0000] {logging_mixin.py:154} INFO - [2025-01-15T22:08:33.500+0000] {dag.py:3722} INFO - Setting next_dagrun for example_complex to None, run_after=None
[2025-01-15T22:08:33.524+0000] {processor.py:179} INFO - Processing /home/airflow/.local/lib/python3.10/site-packages/airflow/example_dags/example_complex.py took 0.072 seconds
[2025-01-15T22:09:04.846+0000] {processor.py:157} INFO - Started process (PID=131) to work on /home/airflow/.local/lib/python3.10/site-packages/airflow/example_dags/example_complex.py
[2025-01-15T22:09:04.848+0000] {processor.py:829} INFO - Processing file /home/airflow/.local/lib/python3.10/site-packages/airflow/example_dags/example_complex.py for tasks to queue
[2025-01-15T22:09:04.850+0000] {logging_mixin.py:154} INFO - [2025-01-15T22:09:04.850+0000] {dagbag.py:536} INFO - Filling up the DagBag from /home/airflow/.local/lib/python3.10/site-packages/airflow/example_dags/example_complex.py
[2025-01-15T22:09:04.860+0000] {processor.py:839} INFO - DAG(s) dict_keys(['example_complex']) retrieved from /home/airflow/.local/lib/python3.10/site-packages/airflow/example_dags/example_complex.py
[2025-01-15T22:09:04.890+0000] {logging_mixin.py:154} INFO - [2025-01-15T22:09:04.890+0000] {dag.py:2941} INFO - Sync 1 DAGs
[2025-01-15T22:09:04.902+0000] {logging_mixin.py:154} INFO - [2025-01-15T22:09:04.902+0000] {dag.py:3722} INFO - Setting next_dagrun for example_complex to None, run_after=None
[2025-01-15T22:09:04.924+0000] {processor.py:179} INFO - Processing /home/airflow/.local/lib/python3.10/site-packages/airflow/example_dags/example_complex.py took 0.081 seconds
