[2025-01-15T21:48:40.625+0000] {processor.py:157} INFO - Started process (PID=92) to work on /home/airflow/.local/lib/python3.10/site-packages/airflow/example_dags/example_branch_datetime_operator.py
[2025-01-15T21:48:40.627+0000] {processor.py:829} INFO - Processing file /home/airflow/.local/lib/python3.10/site-packages/airflow/example_dags/example_branch_datetime_operator.py for tasks to queue
[2025-01-15T21:48:40.630+0000] {logging_mixin.py:154} INFO - [2025-01-15T21:48:40.630+0000] {dagbag.py:536} INFO - Filling up the DagBag from /home/airflow/.local/lib/python3.10/site-packages/airflow/example_dags/example_branch_datetime_operator.py
[2025-01-15T21:48:40.643+0000] {processor.py:839} INFO - DAG(s) dict_keys(['example_branch_datetime_operator_3', 'example_branch_datetime_operator', 'example_branch_datetime_operator_2']) retrieved from /home/airflow/.local/lib/python3.10/site-packages/airflow/example_dags/example_branch_datetime_operator.py
[2025-01-15T21:48:40.661+0000] {logging_mixin.py:154} INFO - [2025-01-15T21:48:40.661+0000] {dag.py:2941} INFO - Sync 3 DAGs
[2025-01-15T21:48:40.692+0000] {logging_mixin.py:154} INFO - [2025-01-15T21:48:40.692+0000] {dag.py:3722} INFO - Setting next_dagrun for example_branch_datetime_operator to 2025-01-14T00:00:00+00:00, run_after=2025-01-15T00:00:00+00:00
[2025-01-15T21:48:40.700+0000] {logging_mixin.py:154} INFO - [2025-01-15T21:48:40.699+0000] {dag.py:3722} INFO - Setting next_dagrun for example_branch_datetime_operator_2 to 2025-01-14T00:00:00+00:00, run_after=2025-01-15T00:00:00+00:00
[2025-01-15T21:48:40.706+0000] {logging_mixin.py:154} INFO - [2025-01-15T21:48:40.706+0000] {dag.py:3722} INFO - Setting next_dagrun for example_branch_datetime_operator_3 to 2025-01-14T00:00:00+00:00, run_after=2025-01-15T00:00:00+00:00
[2025-01-15T21:48:40.728+0000] {processor.py:179} INFO - Processing /home/airflow/.local/lib/python3.10/site-packages/airflow/example_dags/example_branch_datetime_operator.py took 0.107 seconds
[2025-01-15T21:49:11.160+0000] {processor.py:157} INFO - Started process (PID=148) to work on /home/airflow/.local/lib/python3.10/site-packages/airflow/example_dags/example_branch_datetime_operator.py
[2025-01-15T21:49:11.161+0000] {processor.py:829} INFO - Processing file /home/airflow/.local/lib/python3.10/site-packages/airflow/example_dags/example_branch_datetime_operator.py for tasks to queue
[2025-01-15T21:49:11.164+0000] {logging_mixin.py:154} INFO - [2025-01-15T21:49:11.163+0000] {dagbag.py:536} INFO - Filling up the DagBag from /home/airflow/.local/lib/python3.10/site-packages/airflow/example_dags/example_branch_datetime_operator.py
[2025-01-15T21:49:11.173+0000] {processor.py:839} INFO - DAG(s) dict_keys(['example_branch_datetime_operator_3', 'example_branch_datetime_operator', 'example_branch_datetime_operator_2']) retrieved from /home/airflow/.local/lib/python3.10/site-packages/airflow/example_dags/example_branch_datetime_operator.py
[2025-01-15T21:49:11.207+0000] {logging_mixin.py:154} INFO - [2025-01-15T21:49:11.206+0000] {dag.py:2941} INFO - Sync 3 DAGs
[2025-01-15T21:49:11.229+0000] {logging_mixin.py:154} INFO - [2025-01-15T21:49:11.229+0000] {dag.py:3722} INFO - Setting next_dagrun for example_branch_datetime_operator to 2025-01-14T00:00:00+00:00, run_after=2025-01-15T00:00:00+00:00
[2025-01-15T21:49:11.234+0000] {logging_mixin.py:154} INFO - [2025-01-15T21:49:11.234+0000] {dag.py:3722} INFO - Setting next_dagrun for example_branch_datetime_operator_2 to 2025-01-14T00:00:00+00:00, run_after=2025-01-15T00:00:00+00:00
[2025-01-15T21:49:11.238+0000] {logging_mixin.py:154} INFO - [2025-01-15T21:49:11.238+0000] {dag.py:3722} INFO - Setting next_dagrun for example_branch_datetime_operator_3 to 2025-01-14T00:00:00+00:00, run_after=2025-01-15T00:00:00+00:00
[2025-01-15T21:49:11.255+0000] {processor.py:179} INFO - Processing /home/airflow/.local/lib/python3.10/site-packages/airflow/example_dags/example_branch_datetime_operator.py took 0.098 seconds
[2025-01-15T21:49:41.784+0000] {processor.py:157} INFO - Started process (PID=204) to work on /home/airflow/.local/lib/python3.10/site-packages/airflow/example_dags/example_branch_datetime_operator.py
[2025-01-15T21:49:41.785+0000] {processor.py:829} INFO - Processing file /home/airflow/.local/lib/python3.10/site-packages/airflow/example_dags/example_branch_datetime_operator.py for tasks to queue
[2025-01-15T21:49:41.787+0000] {logging_mixin.py:154} INFO - [2025-01-15T21:49:41.787+0000] {dagbag.py:536} INFO - Filling up the DagBag from /home/airflow/.local/lib/python3.10/site-packages/airflow/example_dags/example_branch_datetime_operator.py
[2025-01-15T21:49:41.795+0000] {processor.py:839} INFO - DAG(s) dict_keys(['example_branch_datetime_operator', 'example_branch_datetime_operator_3', 'example_branch_datetime_operator_2']) retrieved from /home/airflow/.local/lib/python3.10/site-packages/airflow/example_dags/example_branch_datetime_operator.py
[2025-01-15T21:49:41.820+0000] {logging_mixin.py:154} INFO - [2025-01-15T21:49:41.820+0000] {dag.py:2941} INFO - Sync 3 DAGs
[2025-01-15T21:49:41.843+0000] {logging_mixin.py:154} INFO - [2025-01-15T21:49:41.843+0000] {dag.py:3722} INFO - Setting next_dagrun for example_branch_datetime_operator to 2025-01-14T00:00:00+00:00, run_after=2025-01-15T00:00:00+00:00
[2025-01-15T21:49:41.849+0000] {logging_mixin.py:154} INFO - [2025-01-15T21:49:41.849+0000] {dag.py:3722} INFO - Setting next_dagrun for example_branch_datetime_operator_2 to 2025-01-14T00:00:00+00:00, run_after=2025-01-15T00:00:00+00:00
[2025-01-15T21:49:41.852+0000] {logging_mixin.py:154} INFO - [2025-01-15T21:49:41.852+0000] {dag.py:3722} INFO - Setting next_dagrun for example_branch_datetime_operator_3 to 2025-01-14T00:00:00+00:00, run_after=2025-01-15T00:00:00+00:00
[2025-01-15T21:49:41.869+0000] {processor.py:179} INFO - Processing /home/airflow/.local/lib/python3.10/site-packages/airflow/example_dags/example_branch_datetime_operator.py took 0.088 seconds
[2025-01-15T21:50:12.690+0000] {processor.py:157} INFO - Started process (PID=261) to work on /home/airflow/.local/lib/python3.10/site-packages/airflow/example_dags/example_branch_datetime_operator.py
[2025-01-15T21:50:12.691+0000] {processor.py:829} INFO - Processing file /home/airflow/.local/lib/python3.10/site-packages/airflow/example_dags/example_branch_datetime_operator.py for tasks to queue
[2025-01-15T21:50:12.694+0000] {logging_mixin.py:154} INFO - [2025-01-15T21:50:12.694+0000] {dagbag.py:536} INFO - Filling up the DagBag from /home/airflow/.local/lib/python3.10/site-packages/airflow/example_dags/example_branch_datetime_operator.py
[2025-01-15T21:50:12.706+0000] {processor.py:839} INFO - DAG(s) dict_keys(['example_branch_datetime_operator_3', 'example_branch_datetime_operator', 'example_branch_datetime_operator_2']) retrieved from /home/airflow/.local/lib/python3.10/site-packages/airflow/example_dags/example_branch_datetime_operator.py
[2025-01-15T21:50:12.735+0000] {logging_mixin.py:154} INFO - [2025-01-15T21:50:12.735+0000] {dag.py:2941} INFO - Sync 3 DAGs
[2025-01-15T21:50:12.761+0000] {logging_mixin.py:154} INFO - [2025-01-15T21:50:12.761+0000] {dag.py:3722} INFO - Setting next_dagrun for example_branch_datetime_operator to 2025-01-14T00:00:00+00:00, run_after=2025-01-15T00:00:00+00:00
[2025-01-15T21:50:12.769+0000] {logging_mixin.py:154} INFO - [2025-01-15T21:50:12.768+0000] {dag.py:3722} INFO - Setting next_dagrun for example_branch_datetime_operator_2 to 2025-01-14T00:00:00+00:00, run_after=2025-01-15T00:00:00+00:00
[2025-01-15T21:50:12.773+0000] {logging_mixin.py:154} INFO - [2025-01-15T21:50:12.773+0000] {dag.py:3722} INFO - Setting next_dagrun for example_branch_datetime_operator_3 to 2025-01-14T00:00:00+00:00, run_after=2025-01-15T00:00:00+00:00
[2025-01-15T21:50:12.791+0000] {processor.py:179} INFO - Processing /home/airflow/.local/lib/python3.10/site-packages/airflow/example_dags/example_branch_datetime_operator.py took 0.105 seconds
[2025-01-15T21:50:43.340+0000] {processor.py:157} INFO - Started process (PID=317) to work on /home/airflow/.local/lib/python3.10/site-packages/airflow/example_dags/example_branch_datetime_operator.py
[2025-01-15T21:50:43.341+0000] {processor.py:829} INFO - Processing file /home/airflow/.local/lib/python3.10/site-packages/airflow/example_dags/example_branch_datetime_operator.py for tasks to queue
[2025-01-15T21:50:43.344+0000] {logging_mixin.py:154} INFO - [2025-01-15T21:50:43.343+0000] {dagbag.py:536} INFO - Filling up the DagBag from /home/airflow/.local/lib/python3.10/site-packages/airflow/example_dags/example_branch_datetime_operator.py
[2025-01-15T21:50:43.353+0000] {processor.py:839} INFO - DAG(s) dict_keys(['example_branch_datetime_operator', 'example_branch_datetime_operator_3', 'example_branch_datetime_operator_2']) retrieved from /home/airflow/.local/lib/python3.10/site-packages/airflow/example_dags/example_branch_datetime_operator.py
[2025-01-15T21:50:43.380+0000] {logging_mixin.py:154} INFO - [2025-01-15T21:50:43.380+0000] {dag.py:2941} INFO - Sync 3 DAGs
[2025-01-15T21:50:43.403+0000] {logging_mixin.py:154} INFO - [2025-01-15T21:50:43.403+0000] {dag.py:3722} INFO - Setting next_dagrun for example_branch_datetime_operator to 2025-01-14T00:00:00+00:00, run_after=2025-01-15T00:00:00+00:00
[2025-01-15T21:50:43.408+0000] {logging_mixin.py:154} INFO - [2025-01-15T21:50:43.408+0000] {dag.py:3722} INFO - Setting next_dagrun for example_branch_datetime_operator_2 to 2025-01-14T00:00:00+00:00, run_after=2025-01-15T00:00:00+00:00
[2025-01-15T21:50:43.411+0000] {logging_mixin.py:154} INFO - [2025-01-15T21:50:43.411+0000] {dag.py:3722} INFO - Setting next_dagrun for example_branch_datetime_operator_3 to 2025-01-14T00:00:00+00:00, run_after=2025-01-15T00:00:00+00:00
[2025-01-15T21:50:43.428+0000] {processor.py:179} INFO - Processing /home/airflow/.local/lib/python3.10/site-packages/airflow/example_dags/example_branch_datetime_operator.py took 0.091 seconds
[2025-01-15T21:51:13.563+0000] {processor.py:157} INFO - Started process (PID=373) to work on /home/airflow/.local/lib/python3.10/site-packages/airflow/example_dags/example_branch_datetime_operator.py
[2025-01-15T21:51:13.564+0000] {processor.py:829} INFO - Processing file /home/airflow/.local/lib/python3.10/site-packages/airflow/example_dags/example_branch_datetime_operator.py for tasks to queue
[2025-01-15T21:51:13.566+0000] {logging_mixin.py:154} INFO - [2025-01-15T21:51:13.566+0000] {dagbag.py:536} INFO - Filling up the DagBag from /home/airflow/.local/lib/python3.10/site-packages/airflow/example_dags/example_branch_datetime_operator.py
[2025-01-15T21:51:13.576+0000] {processor.py:839} INFO - DAG(s) dict_keys(['example_branch_datetime_operator', 'example_branch_datetime_operator_3', 'example_branch_datetime_operator_2']) retrieved from /home/airflow/.local/lib/python3.10/site-packages/airflow/example_dags/example_branch_datetime_operator.py
[2025-01-15T21:51:13.604+0000] {logging_mixin.py:154} INFO - [2025-01-15T21:51:13.604+0000] {dag.py:2941} INFO - Sync 3 DAGs
[2025-01-15T21:51:13.627+0000] {logging_mixin.py:154} INFO - [2025-01-15T21:51:13.627+0000] {dag.py:3722} INFO - Setting next_dagrun for example_branch_datetime_operator to 2025-01-14T00:00:00+00:00, run_after=2025-01-15T00:00:00+00:00
[2025-01-15T21:51:13.632+0000] {logging_mixin.py:154} INFO - [2025-01-15T21:51:13.632+0000] {dag.py:3722} INFO - Setting next_dagrun for example_branch_datetime_operator_2 to 2025-01-14T00:00:00+00:00, run_after=2025-01-15T00:00:00+00:00
[2025-01-15T21:51:13.635+0000] {logging_mixin.py:154} INFO - [2025-01-15T21:51:13.635+0000] {dag.py:3722} INFO - Setting next_dagrun for example_branch_datetime_operator_3 to 2025-01-14T00:00:00+00:00, run_after=2025-01-15T00:00:00+00:00
[2025-01-15T21:51:13.651+0000] {processor.py:179} INFO - Processing /home/airflow/.local/lib/python3.10/site-packages/airflow/example_dags/example_branch_datetime_operator.py took 0.091 seconds
[2025-01-15T21:51:43.765+0000] {processor.py:157} INFO - Started process (PID=429) to work on /home/airflow/.local/lib/python3.10/site-packages/airflow/example_dags/example_branch_datetime_operator.py
[2025-01-15T21:51:43.766+0000] {processor.py:829} INFO - Processing file /home/airflow/.local/lib/python3.10/site-packages/airflow/example_dags/example_branch_datetime_operator.py for tasks to queue
[2025-01-15T21:51:43.769+0000] {logging_mixin.py:154} INFO - [2025-01-15T21:51:43.768+0000] {dagbag.py:536} INFO - Filling up the DagBag from /home/airflow/.local/lib/python3.10/site-packages/airflow/example_dags/example_branch_datetime_operator.py
[2025-01-15T21:51:43.777+0000] {processor.py:839} INFO - DAG(s) dict_keys(['example_branch_datetime_operator_3', 'example_branch_datetime_operator', 'example_branch_datetime_operator_2']) retrieved from /home/airflow/.local/lib/python3.10/site-packages/airflow/example_dags/example_branch_datetime_operator.py
[2025-01-15T21:51:43.800+0000] {logging_mixin.py:154} INFO - [2025-01-15T21:51:43.800+0000] {dag.py:2941} INFO - Sync 3 DAGs
[2025-01-15T21:51:43.821+0000] {logging_mixin.py:154} INFO - [2025-01-15T21:51:43.821+0000] {dag.py:3722} INFO - Setting next_dagrun for example_branch_datetime_operator to 2025-01-14T00:00:00+00:00, run_after=2025-01-15T00:00:00+00:00
[2025-01-15T21:51:43.825+0000] {logging_mixin.py:154} INFO - [2025-01-15T21:51:43.825+0000] {dag.py:3722} INFO - Setting next_dagrun for example_branch_datetime_operator_2 to 2025-01-14T00:00:00+00:00, run_after=2025-01-15T00:00:00+00:00
[2025-01-15T21:51:43.827+0000] {logging_mixin.py:154} INFO - [2025-01-15T21:51:43.827+0000] {dag.py:3722} INFO - Setting next_dagrun for example_branch_datetime_operator_3 to 2025-01-14T00:00:00+00:00, run_after=2025-01-15T00:00:00+00:00
[2025-01-15T21:51:43.841+0000] {processor.py:179} INFO - Processing /home/airflow/.local/lib/python3.10/site-packages/airflow/example_dags/example_branch_datetime_operator.py took 0.078 seconds
[2025-01-15T21:52:14.783+0000] {processor.py:157} INFO - Started process (PID=485) to work on /home/airflow/.local/lib/python3.10/site-packages/airflow/example_dags/example_branch_datetime_operator.py
[2025-01-15T21:52:14.784+0000] {processor.py:829} INFO - Processing file /home/airflow/.local/lib/python3.10/site-packages/airflow/example_dags/example_branch_datetime_operator.py for tasks to queue
[2025-01-15T21:52:14.786+0000] {logging_mixin.py:154} INFO - [2025-01-15T21:52:14.785+0000] {dagbag.py:536} INFO - Filling up the DagBag from /home/airflow/.local/lib/python3.10/site-packages/airflow/example_dags/example_branch_datetime_operator.py
[2025-01-15T21:52:14.794+0000] {processor.py:839} INFO - DAG(s) dict_keys(['example_branch_datetime_operator_3', 'example_branch_datetime_operator_2', 'example_branch_datetime_operator']) retrieved from /home/airflow/.local/lib/python3.10/site-packages/airflow/example_dags/example_branch_datetime_operator.py
[2025-01-15T21:52:14.817+0000] {logging_mixin.py:154} INFO - [2025-01-15T21:52:14.817+0000] {dag.py:2941} INFO - Sync 3 DAGs
[2025-01-15T21:52:14.838+0000] {logging_mixin.py:154} INFO - [2025-01-15T21:52:14.838+0000] {dag.py:3722} INFO - Setting next_dagrun for example_branch_datetime_operator to 2025-01-14T00:00:00+00:00, run_after=2025-01-15T00:00:00+00:00
[2025-01-15T21:52:14.843+0000] {logging_mixin.py:154} INFO - [2025-01-15T21:52:14.843+0000] {dag.py:3722} INFO - Setting next_dagrun for example_branch_datetime_operator_2 to 2025-01-14T00:00:00+00:00, run_after=2025-01-15T00:00:00+00:00
[2025-01-15T21:52:14.845+0000] {logging_mixin.py:154} INFO - [2025-01-15T21:52:14.845+0000] {dag.py:3722} INFO - Setting next_dagrun for example_branch_datetime_operator_3 to 2025-01-14T00:00:00+00:00, run_after=2025-01-15T00:00:00+00:00
[2025-01-15T21:52:14.860+0000] {processor.py:179} INFO - Processing /home/airflow/.local/lib/python3.10/site-packages/airflow/example_dags/example_branch_datetime_operator.py took 0.080 seconds
[2025-01-15T21:52:45.626+0000] {processor.py:157} INFO - Started process (PID=541) to work on /home/airflow/.local/lib/python3.10/site-packages/airflow/example_dags/example_branch_datetime_operator.py
[2025-01-15T21:52:45.627+0000] {processor.py:829} INFO - Processing file /home/airflow/.local/lib/python3.10/site-packages/airflow/example_dags/example_branch_datetime_operator.py for tasks to queue
[2025-01-15T21:52:45.629+0000] {logging_mixin.py:154} INFO - [2025-01-15T21:52:45.629+0000] {dagbag.py:536} INFO - Filling up the DagBag from /home/airflow/.local/lib/python3.10/site-packages/airflow/example_dags/example_branch_datetime_operator.py
[2025-01-15T21:52:45.638+0000] {processor.py:839} INFO - DAG(s) dict_keys(['example_branch_datetime_operator_2', 'example_branch_datetime_operator', 'example_branch_datetime_operator_3']) retrieved from /home/airflow/.local/lib/python3.10/site-packages/airflow/example_dags/example_branch_datetime_operator.py
[2025-01-15T21:52:45.663+0000] {logging_mixin.py:154} INFO - [2025-01-15T21:52:45.662+0000] {dag.py:2941} INFO - Sync 3 DAGs
[2025-01-15T21:52:45.685+0000] {logging_mixin.py:154} INFO - [2025-01-15T21:52:45.685+0000] {dag.py:3722} INFO - Setting next_dagrun for example_branch_datetime_operator to 2025-01-14T00:00:00+00:00, run_after=2025-01-15T00:00:00+00:00
[2025-01-15T21:52:45.690+0000] {logging_mixin.py:154} INFO - [2025-01-15T21:52:45.690+0000] {dag.py:3722} INFO - Setting next_dagrun for example_branch_datetime_operator_2 to 2025-01-14T00:00:00+00:00, run_after=2025-01-15T00:00:00+00:00
[2025-01-15T21:52:45.692+0000] {logging_mixin.py:154} INFO - [2025-01-15T21:52:45.692+0000] {dag.py:3722} INFO - Setting next_dagrun for example_branch_datetime_operator_3 to 2025-01-14T00:00:00+00:00, run_after=2025-01-15T00:00:00+00:00
[2025-01-15T21:52:45.708+0000] {processor.py:179} INFO - Processing /home/airflow/.local/lib/python3.10/site-packages/airflow/example_dags/example_branch_datetime_operator.py took 0.085 seconds
[2025-01-15T21:53:16.470+0000] {processor.py:157} INFO - Started process (PID=597) to work on /home/airflow/.local/lib/python3.10/site-packages/airflow/example_dags/example_branch_datetime_operator.py
[2025-01-15T21:53:16.471+0000] {processor.py:829} INFO - Processing file /home/airflow/.local/lib/python3.10/site-packages/airflow/example_dags/example_branch_datetime_operator.py for tasks to queue
[2025-01-15T21:53:16.473+0000] {logging_mixin.py:154} INFO - [2025-01-15T21:53:16.473+0000] {dagbag.py:536} INFO - Filling up the DagBag from /home/airflow/.local/lib/python3.10/site-packages/airflow/example_dags/example_branch_datetime_operator.py
[2025-01-15T21:53:16.482+0000] {processor.py:839} INFO - DAG(s) dict_keys(['example_branch_datetime_operator_2', 'example_branch_datetime_operator', 'example_branch_datetime_operator_3']) retrieved from /home/airflow/.local/lib/python3.10/site-packages/airflow/example_dags/example_branch_datetime_operator.py
[2025-01-15T21:53:16.505+0000] {logging_mixin.py:154} INFO - [2025-01-15T21:53:16.505+0000] {dag.py:2941} INFO - Sync 3 DAGs
[2025-01-15T21:53:16.526+0000] {logging_mixin.py:154} INFO - [2025-01-15T21:53:16.525+0000] {dag.py:3722} INFO - Setting next_dagrun for example_branch_datetime_operator to 2025-01-14T00:00:00+00:00, run_after=2025-01-15T00:00:00+00:00
[2025-01-15T21:53:16.530+0000] {logging_mixin.py:154} INFO - [2025-01-15T21:53:16.530+0000] {dag.py:3722} INFO - Setting next_dagrun for example_branch_datetime_operator_2 to 2025-01-14T00:00:00+00:00, run_after=2025-01-15T00:00:00+00:00
[2025-01-15T21:53:16.533+0000] {logging_mixin.py:154} INFO - [2025-01-15T21:53:16.533+0000] {dag.py:3722} INFO - Setting next_dagrun for example_branch_datetime_operator_3 to 2025-01-14T00:00:00+00:00, run_after=2025-01-15T00:00:00+00:00
[2025-01-15T21:53:16.546+0000] {processor.py:179} INFO - Processing /home/airflow/.local/lib/python3.10/site-packages/airflow/example_dags/example_branch_datetime_operator.py took 0.079 seconds
[2025-01-15T21:53:47.828+0000] {processor.py:157} INFO - Started process (PID=653) to work on /home/airflow/.local/lib/python3.10/site-packages/airflow/example_dags/example_branch_datetime_operator.py
[2025-01-15T21:53:47.829+0000] {processor.py:829} INFO - Processing file /home/airflow/.local/lib/python3.10/site-packages/airflow/example_dags/example_branch_datetime_operator.py for tasks to queue
[2025-01-15T21:53:47.831+0000] {logging_mixin.py:154} INFO - [2025-01-15T21:53:47.831+0000] {dagbag.py:536} INFO - Filling up the DagBag from /home/airflow/.local/lib/python3.10/site-packages/airflow/example_dags/example_branch_datetime_operator.py
[2025-01-15T21:53:47.840+0000] {processor.py:839} INFO - DAG(s) dict_keys(['example_branch_datetime_operator_3', 'example_branch_datetime_operator_2', 'example_branch_datetime_operator']) retrieved from /home/airflow/.local/lib/python3.10/site-packages/airflow/example_dags/example_branch_datetime_operator.py
[2025-01-15T21:53:47.867+0000] {logging_mixin.py:154} INFO - [2025-01-15T21:53:47.866+0000] {dag.py:2941} INFO - Sync 3 DAGs
[2025-01-15T21:53:47.890+0000] {logging_mixin.py:154} INFO - [2025-01-15T21:53:47.889+0000] {dag.py:3722} INFO - Setting next_dagrun for example_branch_datetime_operator to 2025-01-14T00:00:00+00:00, run_after=2025-01-15T00:00:00+00:00
[2025-01-15T21:53:47.895+0000] {logging_mixin.py:154} INFO - [2025-01-15T21:53:47.895+0000] {dag.py:3722} INFO - Setting next_dagrun for example_branch_datetime_operator_2 to 2025-01-14T00:00:00+00:00, run_after=2025-01-15T00:00:00+00:00
[2025-01-15T21:53:47.898+0000] {logging_mixin.py:154} INFO - [2025-01-15T21:53:47.898+0000] {dag.py:3722} INFO - Setting next_dagrun for example_branch_datetime_operator_3 to 2025-01-14T00:00:00+00:00, run_after=2025-01-15T00:00:00+00:00
[2025-01-15T21:53:47.914+0000] {processor.py:179} INFO - Processing /home/airflow/.local/lib/python3.10/site-packages/airflow/example_dags/example_branch_datetime_operator.py took 0.089 seconds
[2025-01-15T21:54:18.711+0000] {processor.py:157} INFO - Started process (PID=709) to work on /home/airflow/.local/lib/python3.10/site-packages/airflow/example_dags/example_branch_datetime_operator.py
[2025-01-15T21:54:18.712+0000] {processor.py:829} INFO - Processing file /home/airflow/.local/lib/python3.10/site-packages/airflow/example_dags/example_branch_datetime_operator.py for tasks to queue
[2025-01-15T21:54:18.714+0000] {logging_mixin.py:154} INFO - [2025-01-15T21:54:18.714+0000] {dagbag.py:536} INFO - Filling up the DagBag from /home/airflow/.local/lib/python3.10/site-packages/airflow/example_dags/example_branch_datetime_operator.py
[2025-01-15T21:54:18.723+0000] {processor.py:839} INFO - DAG(s) dict_keys(['example_branch_datetime_operator_2', 'example_branch_datetime_operator', 'example_branch_datetime_operator_3']) retrieved from /home/airflow/.local/lib/python3.10/site-packages/airflow/example_dags/example_branch_datetime_operator.py
[2025-01-15T21:54:18.747+0000] {logging_mixin.py:154} INFO - [2025-01-15T21:54:18.747+0000] {dag.py:2941} INFO - Sync 3 DAGs
[2025-01-15T21:54:18.768+0000] {logging_mixin.py:154} INFO - [2025-01-15T21:54:18.768+0000] {dag.py:3722} INFO - Setting next_dagrun for example_branch_datetime_operator to 2025-01-14T00:00:00+00:00, run_after=2025-01-15T00:00:00+00:00
[2025-01-15T21:54:18.773+0000] {logging_mixin.py:154} INFO - [2025-01-15T21:54:18.772+0000] {dag.py:3722} INFO - Setting next_dagrun for example_branch_datetime_operator_2 to 2025-01-14T00:00:00+00:00, run_after=2025-01-15T00:00:00+00:00
[2025-01-15T21:54:18.775+0000] {logging_mixin.py:154} INFO - [2025-01-15T21:54:18.775+0000] {dag.py:3722} INFO - Setting next_dagrun for example_branch_datetime_operator_3 to 2025-01-14T00:00:00+00:00, run_after=2025-01-15T00:00:00+00:00
[2025-01-15T21:54:18.791+0000] {processor.py:179} INFO - Processing /home/airflow/.local/lib/python3.10/site-packages/airflow/example_dags/example_branch_datetime_operator.py took 0.083 seconds
[2025-01-15T21:54:49.803+0000] {processor.py:157} INFO - Started process (PID=765) to work on /home/airflow/.local/lib/python3.10/site-packages/airflow/example_dags/example_branch_datetime_operator.py
[2025-01-15T21:54:49.804+0000] {processor.py:829} INFO - Processing file /home/airflow/.local/lib/python3.10/site-packages/airflow/example_dags/example_branch_datetime_operator.py for tasks to queue
[2025-01-15T21:54:49.806+0000] {logging_mixin.py:154} INFO - [2025-01-15T21:54:49.806+0000] {dagbag.py:536} INFO - Filling up the DagBag from /home/airflow/.local/lib/python3.10/site-packages/airflow/example_dags/example_branch_datetime_operator.py
[2025-01-15T21:54:49.815+0000] {processor.py:839} INFO - DAG(s) dict_keys(['example_branch_datetime_operator', 'example_branch_datetime_operator_3', 'example_branch_datetime_operator_2']) retrieved from /home/airflow/.local/lib/python3.10/site-packages/airflow/example_dags/example_branch_datetime_operator.py
[2025-01-15T21:54:49.841+0000] {logging_mixin.py:154} INFO - [2025-01-15T21:54:49.841+0000] {dag.py:2941} INFO - Sync 3 DAGs
[2025-01-15T21:54:49.863+0000] {logging_mixin.py:154} INFO - [2025-01-15T21:54:49.863+0000] {dag.py:3722} INFO - Setting next_dagrun for example_branch_datetime_operator to 2025-01-14T00:00:00+00:00, run_after=2025-01-15T00:00:00+00:00
[2025-01-15T21:54:49.868+0000] {logging_mixin.py:154} INFO - [2025-01-15T21:54:49.868+0000] {dag.py:3722} INFO - Setting next_dagrun for example_branch_datetime_operator_2 to 2025-01-14T00:00:00+00:00, run_after=2025-01-15T00:00:00+00:00
[2025-01-15T21:54:49.870+0000] {logging_mixin.py:154} INFO - [2025-01-15T21:54:49.870+0000] {dag.py:3722} INFO - Setting next_dagrun for example_branch_datetime_operator_3 to 2025-01-14T00:00:00+00:00, run_after=2025-01-15T00:00:00+00:00
[2025-01-15T21:54:49.884+0000] {processor.py:179} INFO - Processing /home/airflow/.local/lib/python3.10/site-packages/airflow/example_dags/example_branch_datetime_operator.py took 0.085 seconds
[2025-01-15T21:55:20.227+0000] {processor.py:157} INFO - Started process (PID=821) to work on /home/airflow/.local/lib/python3.10/site-packages/airflow/example_dags/example_branch_datetime_operator.py
[2025-01-15T21:55:20.228+0000] {processor.py:829} INFO - Processing file /home/airflow/.local/lib/python3.10/site-packages/airflow/example_dags/example_branch_datetime_operator.py for tasks to queue
[2025-01-15T21:55:20.230+0000] {logging_mixin.py:154} INFO - [2025-01-15T21:55:20.230+0000] {dagbag.py:536} INFO - Filling up the DagBag from /home/airflow/.local/lib/python3.10/site-packages/airflow/example_dags/example_branch_datetime_operator.py
[2025-01-15T21:55:20.238+0000] {processor.py:839} INFO - DAG(s) dict_keys(['example_branch_datetime_operator_3', 'example_branch_datetime_operator_2', 'example_branch_datetime_operator']) retrieved from /home/airflow/.local/lib/python3.10/site-packages/airflow/example_dags/example_branch_datetime_operator.py
[2025-01-15T21:55:20.264+0000] {logging_mixin.py:154} INFO - [2025-01-15T21:55:20.264+0000] {dag.py:2941} INFO - Sync 3 DAGs
[2025-01-15T21:55:20.284+0000] {logging_mixin.py:154} INFO - [2025-01-15T21:55:20.284+0000] {dag.py:3722} INFO - Setting next_dagrun for example_branch_datetime_operator to 2025-01-14T00:00:00+00:00, run_after=2025-01-15T00:00:00+00:00
[2025-01-15T21:55:20.289+0000] {logging_mixin.py:154} INFO - [2025-01-15T21:55:20.289+0000] {dag.py:3722} INFO - Setting next_dagrun for example_branch_datetime_operator_2 to 2025-01-14T00:00:00+00:00, run_after=2025-01-15T00:00:00+00:00
[2025-01-15T21:55:20.292+0000] {logging_mixin.py:154} INFO - [2025-01-15T21:55:20.292+0000] {dag.py:3722} INFO - Setting next_dagrun for example_branch_datetime_operator_3 to 2025-01-14T00:00:00+00:00, run_after=2025-01-15T00:00:00+00:00
[2025-01-15T21:55:20.307+0000] {processor.py:179} INFO - Processing /home/airflow/.local/lib/python3.10/site-packages/airflow/example_dags/example_branch_datetime_operator.py took 0.082 seconds
[2025-01-15T21:55:51.595+0000] {processor.py:157} INFO - Started process (PID=884) to work on /home/airflow/.local/lib/python3.10/site-packages/airflow/example_dags/example_branch_datetime_operator.py
[2025-01-15T21:55:51.596+0000] {processor.py:829} INFO - Processing file /home/airflow/.local/lib/python3.10/site-packages/airflow/example_dags/example_branch_datetime_operator.py for tasks to queue
[2025-01-15T21:55:51.598+0000] {logging_mixin.py:154} INFO - [2025-01-15T21:55:51.598+0000] {dagbag.py:536} INFO - Filling up the DagBag from /home/airflow/.local/lib/python3.10/site-packages/airflow/example_dags/example_branch_datetime_operator.py
[2025-01-15T21:55:51.607+0000] {processor.py:839} INFO - DAG(s) dict_keys(['example_branch_datetime_operator_3', 'example_branch_datetime_operator', 'example_branch_datetime_operator_2']) retrieved from /home/airflow/.local/lib/python3.10/site-packages/airflow/example_dags/example_branch_datetime_operator.py
[2025-01-15T21:55:51.633+0000] {logging_mixin.py:154} INFO - [2025-01-15T21:55:51.633+0000] {dag.py:2941} INFO - Sync 3 DAGs
[2025-01-15T21:55:51.654+0000] {logging_mixin.py:154} INFO - [2025-01-15T21:55:51.654+0000] {dag.py:3722} INFO - Setting next_dagrun for example_branch_datetime_operator to 2025-01-14T00:00:00+00:00, run_after=2025-01-15T00:00:00+00:00
[2025-01-15T21:55:51.658+0000] {logging_mixin.py:154} INFO - [2025-01-15T21:55:51.658+0000] {dag.py:3722} INFO - Setting next_dagrun for example_branch_datetime_operator_2 to 2025-01-14T00:00:00+00:00, run_after=2025-01-15T00:00:00+00:00
[2025-01-15T21:55:51.660+0000] {logging_mixin.py:154} INFO - [2025-01-15T21:55:51.660+0000] {dag.py:3722} INFO - Setting next_dagrun for example_branch_datetime_operator_3 to 2025-01-14T00:00:00+00:00, run_after=2025-01-15T00:00:00+00:00
[2025-01-15T21:55:51.673+0000] {processor.py:179} INFO - Processing /home/airflow/.local/lib/python3.10/site-packages/airflow/example_dags/example_branch_datetime_operator.py took 0.081 seconds
[2025-01-15T21:56:22.666+0000] {processor.py:157} INFO - Started process (PID=945) to work on /home/airflow/.local/lib/python3.10/site-packages/airflow/example_dags/example_branch_datetime_operator.py
[2025-01-15T21:56:22.667+0000] {processor.py:829} INFO - Processing file /home/airflow/.local/lib/python3.10/site-packages/airflow/example_dags/example_branch_datetime_operator.py for tasks to queue
[2025-01-15T21:56:22.669+0000] {logging_mixin.py:154} INFO - [2025-01-15T21:56:22.669+0000] {dagbag.py:536} INFO - Filling up the DagBag from /home/airflow/.local/lib/python3.10/site-packages/airflow/example_dags/example_branch_datetime_operator.py
[2025-01-15T21:56:22.677+0000] {processor.py:839} INFO - DAG(s) dict_keys(['example_branch_datetime_operator_3', 'example_branch_datetime_operator_2', 'example_branch_datetime_operator']) retrieved from /home/airflow/.local/lib/python3.10/site-packages/airflow/example_dags/example_branch_datetime_operator.py
[2025-01-15T21:56:22.702+0000] {logging_mixin.py:154} INFO - [2025-01-15T21:56:22.702+0000] {dag.py:2941} INFO - Sync 3 DAGs
[2025-01-15T21:56:22.724+0000] {logging_mixin.py:154} INFO - [2025-01-15T21:56:22.723+0000] {dag.py:3722} INFO - Setting next_dagrun for example_branch_datetime_operator to 2025-01-14T00:00:00+00:00, run_after=2025-01-15T00:00:00+00:00
[2025-01-15T21:56:22.729+0000] {logging_mixin.py:154} INFO - [2025-01-15T21:56:22.729+0000] {dag.py:3722} INFO - Setting next_dagrun for example_branch_datetime_operator_2 to 2025-01-14T00:00:00+00:00, run_after=2025-01-15T00:00:00+00:00
[2025-01-15T21:56:22.732+0000] {logging_mixin.py:154} INFO - [2025-01-15T21:56:22.732+0000] {dag.py:3722} INFO - Setting next_dagrun for example_branch_datetime_operator_3 to 2025-01-14T00:00:00+00:00, run_after=2025-01-15T00:00:00+00:00
[2025-01-15T21:56:22.746+0000] {processor.py:179} INFO - Processing /home/airflow/.local/lib/python3.10/site-packages/airflow/example_dags/example_branch_datetime_operator.py took 0.084 seconds
[2025-01-15T21:56:54.095+0000] {processor.py:157} INFO - Started process (PID=1001) to work on /home/airflow/.local/lib/python3.10/site-packages/airflow/example_dags/example_branch_datetime_operator.py
[2025-01-15T21:56:54.096+0000] {processor.py:829} INFO - Processing file /home/airflow/.local/lib/python3.10/site-packages/airflow/example_dags/example_branch_datetime_operator.py for tasks to queue
[2025-01-15T21:56:54.098+0000] {logging_mixin.py:154} INFO - [2025-01-15T21:56:54.098+0000] {dagbag.py:536} INFO - Filling up the DagBag from /home/airflow/.local/lib/python3.10/site-packages/airflow/example_dags/example_branch_datetime_operator.py
[2025-01-15T21:56:54.108+0000] {processor.py:839} INFO - DAG(s) dict_keys(['example_branch_datetime_operator', 'example_branch_datetime_operator_2', 'example_branch_datetime_operator_3']) retrieved from /home/airflow/.local/lib/python3.10/site-packages/airflow/example_dags/example_branch_datetime_operator.py
[2025-01-15T21:56:54.135+0000] {logging_mixin.py:154} INFO - [2025-01-15T21:56:54.135+0000] {dag.py:2941} INFO - Sync 3 DAGs
[2025-01-15T21:56:54.158+0000] {logging_mixin.py:154} INFO - [2025-01-15T21:56:54.157+0000] {dag.py:3722} INFO - Setting next_dagrun for example_branch_datetime_operator to 2025-01-14T00:00:00+00:00, run_after=2025-01-15T00:00:00+00:00
[2025-01-15T21:56:54.313+0000] {logging_mixin.py:154} INFO - [2025-01-15T21:56:54.313+0000] {dag.py:3722} INFO - Setting next_dagrun for example_branch_datetime_operator_2 to 2025-01-14T00:00:00+00:00, run_after=2025-01-15T00:00:00+00:00
[2025-01-15T21:56:54.316+0000] {logging_mixin.py:154} INFO - [2025-01-15T21:56:54.316+0000] {dag.py:3722} INFO - Setting next_dagrun for example_branch_datetime_operator_3 to 2025-01-14T00:00:00+00:00, run_after=2025-01-15T00:00:00+00:00
[2025-01-15T21:56:54.331+0000] {processor.py:179} INFO - Processing /home/airflow/.local/lib/python3.10/site-packages/airflow/example_dags/example_branch_datetime_operator.py took 0.240 seconds
[2025-01-15T21:57:24.743+0000] {processor.py:157} INFO - Started process (PID=1053) to work on /home/airflow/.local/lib/python3.10/site-packages/airflow/example_dags/example_branch_datetime_operator.py
[2025-01-15T21:57:24.744+0000] {processor.py:829} INFO - Processing file /home/airflow/.local/lib/python3.10/site-packages/airflow/example_dags/example_branch_datetime_operator.py for tasks to queue
[2025-01-15T21:57:24.746+0000] {logging_mixin.py:154} INFO - [2025-01-15T21:57:24.745+0000] {dagbag.py:536} INFO - Filling up the DagBag from /home/airflow/.local/lib/python3.10/site-packages/airflow/example_dags/example_branch_datetime_operator.py
[2025-01-15T21:57:24.755+0000] {processor.py:839} INFO - DAG(s) dict_keys(['example_branch_datetime_operator_2', 'example_branch_datetime_operator', 'example_branch_datetime_operator_3']) retrieved from /home/airflow/.local/lib/python3.10/site-packages/airflow/example_dags/example_branch_datetime_operator.py
[2025-01-15T21:57:24.778+0000] {logging_mixin.py:154} INFO - [2025-01-15T21:57:24.778+0000] {dag.py:2941} INFO - Sync 3 DAGs
[2025-01-15T21:57:24.798+0000] {logging_mixin.py:154} INFO - [2025-01-15T21:57:24.798+0000] {dag.py:3722} INFO - Setting next_dagrun for example_branch_datetime_operator to 2025-01-14T00:00:00+00:00, run_after=2025-01-15T00:00:00+00:00
[2025-01-15T21:57:24.803+0000] {logging_mixin.py:154} INFO - [2025-01-15T21:57:24.803+0000] {dag.py:3722} INFO - Setting next_dagrun for example_branch_datetime_operator_2 to 2025-01-14T00:00:00+00:00, run_after=2025-01-15T00:00:00+00:00
[2025-01-15T21:57:24.805+0000] {logging_mixin.py:154} INFO - [2025-01-15T21:57:24.805+0000] {dag.py:3722} INFO - Setting next_dagrun for example_branch_datetime_operator_3 to 2025-01-14T00:00:00+00:00, run_after=2025-01-15T00:00:00+00:00
[2025-01-15T21:57:24.821+0000] {processor.py:179} INFO - Processing /home/airflow/.local/lib/python3.10/site-packages/airflow/example_dags/example_branch_datetime_operator.py took 0.081 seconds
[2025-01-15T21:57:55.009+0000] {processor.py:157} INFO - Started process (PID=1109) to work on /home/airflow/.local/lib/python3.10/site-packages/airflow/example_dags/example_branch_datetime_operator.py
[2025-01-15T21:57:55.010+0000] {processor.py:829} INFO - Processing file /home/airflow/.local/lib/python3.10/site-packages/airflow/example_dags/example_branch_datetime_operator.py for tasks to queue
[2025-01-15T21:57:55.012+0000] {logging_mixin.py:154} INFO - [2025-01-15T21:57:55.012+0000] {dagbag.py:536} INFO - Filling up the DagBag from /home/airflow/.local/lib/python3.10/site-packages/airflow/example_dags/example_branch_datetime_operator.py
[2025-01-15T21:57:55.020+0000] {processor.py:839} INFO - DAG(s) dict_keys(['example_branch_datetime_operator_2', 'example_branch_datetime_operator_3', 'example_branch_datetime_operator']) retrieved from /home/airflow/.local/lib/python3.10/site-packages/airflow/example_dags/example_branch_datetime_operator.py
[2025-01-15T21:57:55.045+0000] {logging_mixin.py:154} INFO - [2025-01-15T21:57:55.044+0000] {dag.py:2941} INFO - Sync 3 DAGs
[2025-01-15T21:57:55.066+0000] {logging_mixin.py:154} INFO - [2025-01-15T21:57:55.066+0000] {dag.py:3722} INFO - Setting next_dagrun for example_branch_datetime_operator to 2025-01-14T00:00:00+00:00, run_after=2025-01-15T00:00:00+00:00
[2025-01-15T21:57:55.071+0000] {logging_mixin.py:154} INFO - [2025-01-15T21:57:55.071+0000] {dag.py:3722} INFO - Setting next_dagrun for example_branch_datetime_operator_2 to 2025-01-14T00:00:00+00:00, run_after=2025-01-15T00:00:00+00:00
[2025-01-15T21:57:55.073+0000] {logging_mixin.py:154} INFO - [2025-01-15T21:57:55.073+0000] {dag.py:3722} INFO - Setting next_dagrun for example_branch_datetime_operator_3 to 2025-01-14T00:00:00+00:00, run_after=2025-01-15T00:00:00+00:00
[2025-01-15T21:57:55.086+0000] {processor.py:179} INFO - Processing /home/airflow/.local/lib/python3.10/site-packages/airflow/example_dags/example_branch_datetime_operator.py took 0.080 seconds
[2025-01-15T21:58:25.227+0000] {processor.py:157} INFO - Started process (PID=1163) to work on /home/airflow/.local/lib/python3.10/site-packages/airflow/example_dags/example_branch_datetime_operator.py
[2025-01-15T21:58:25.228+0000] {processor.py:829} INFO - Processing file /home/airflow/.local/lib/python3.10/site-packages/airflow/example_dags/example_branch_datetime_operator.py for tasks to queue
[2025-01-15T21:58:25.231+0000] {logging_mixin.py:154} INFO - [2025-01-15T21:58:25.230+0000] {dagbag.py:536} INFO - Filling up the DagBag from /home/airflow/.local/lib/python3.10/site-packages/airflow/example_dags/example_branch_datetime_operator.py
[2025-01-15T21:58:25.240+0000] {processor.py:839} INFO - DAG(s) dict_keys(['example_branch_datetime_operator_3', 'example_branch_datetime_operator', 'example_branch_datetime_operator_2']) retrieved from /home/airflow/.local/lib/python3.10/site-packages/airflow/example_dags/example_branch_datetime_operator.py
[2025-01-15T21:58:25.266+0000] {logging_mixin.py:154} INFO - [2025-01-15T21:58:25.266+0000] {dag.py:2941} INFO - Sync 3 DAGs
[2025-01-15T21:58:25.288+0000] {logging_mixin.py:154} INFO - [2025-01-15T21:58:25.288+0000] {dag.py:3722} INFO - Setting next_dagrun for example_branch_datetime_operator to 2025-01-14T00:00:00+00:00, run_after=2025-01-15T00:00:00+00:00
[2025-01-15T21:58:25.294+0000] {logging_mixin.py:154} INFO - [2025-01-15T21:58:25.294+0000] {dag.py:3722} INFO - Setting next_dagrun for example_branch_datetime_operator_2 to 2025-01-14T00:00:00+00:00, run_after=2025-01-15T00:00:00+00:00
[2025-01-15T21:58:25.297+0000] {logging_mixin.py:154} INFO - [2025-01-15T21:58:25.297+0000] {dag.py:3722} INFO - Setting next_dagrun for example_branch_datetime_operator_3 to 2025-01-14T00:00:00+00:00, run_after=2025-01-15T00:00:00+00:00
[2025-01-15T21:58:25.460+0000] {processor.py:179} INFO - Processing /home/airflow/.local/lib/python3.10/site-packages/airflow/example_dags/example_branch_datetime_operator.py took 0.236 seconds
[2025-01-15T21:58:56.349+0000] {processor.py:157} INFO - Started process (PID=1220) to work on /home/airflow/.local/lib/python3.10/site-packages/airflow/example_dags/example_branch_datetime_operator.py
[2025-01-15T21:58:56.350+0000] {processor.py:829} INFO - Processing file /home/airflow/.local/lib/python3.10/site-packages/airflow/example_dags/example_branch_datetime_operator.py for tasks to queue
[2025-01-15T21:58:56.354+0000] {logging_mixin.py:154} INFO - [2025-01-15T21:58:56.353+0000] {dagbag.py:536} INFO - Filling up the DagBag from /home/airflow/.local/lib/python3.10/site-packages/airflow/example_dags/example_branch_datetime_operator.py
[2025-01-15T21:58:56.367+0000] {processor.py:839} INFO - DAG(s) dict_keys(['example_branch_datetime_operator', 'example_branch_datetime_operator_2', 'example_branch_datetime_operator_3']) retrieved from /home/airflow/.local/lib/python3.10/site-packages/airflow/example_dags/example_branch_datetime_operator.py
[2025-01-15T21:58:56.395+0000] {logging_mixin.py:154} INFO - [2025-01-15T21:58:56.395+0000] {dag.py:2941} INFO - Sync 3 DAGs
[2025-01-15T21:58:56.422+0000] {logging_mixin.py:154} INFO - [2025-01-15T21:58:56.422+0000] {dag.py:3722} INFO - Setting next_dagrun for example_branch_datetime_operator to 2025-01-14T00:00:00+00:00, run_after=2025-01-15T00:00:00+00:00
[2025-01-15T21:58:56.428+0000] {logging_mixin.py:154} INFO - [2025-01-15T21:58:56.428+0000] {dag.py:3722} INFO - Setting next_dagrun for example_branch_datetime_operator_2 to 2025-01-14T00:00:00+00:00, run_after=2025-01-15T00:00:00+00:00
[2025-01-15T21:58:56.431+0000] {logging_mixin.py:154} INFO - [2025-01-15T21:58:56.431+0000] {dag.py:3722} INFO - Setting next_dagrun for example_branch_datetime_operator_3 to 2025-01-14T00:00:00+00:00, run_after=2025-01-15T00:00:00+00:00
[2025-01-15T21:58:56.449+0000] {processor.py:179} INFO - Processing /home/airflow/.local/lib/python3.10/site-packages/airflow/example_dags/example_branch_datetime_operator.py took 0.104 seconds
[2025-01-15T21:59:27.150+0000] {processor.py:157} INFO - Started process (PID=1276) to work on /home/airflow/.local/lib/python3.10/site-packages/airflow/example_dags/example_branch_datetime_operator.py
[2025-01-15T21:59:27.151+0000] {processor.py:829} INFO - Processing file /home/airflow/.local/lib/python3.10/site-packages/airflow/example_dags/example_branch_datetime_operator.py for tasks to queue
[2025-01-15T21:59:27.154+0000] {logging_mixin.py:154} INFO - [2025-01-15T21:59:27.154+0000] {dagbag.py:536} INFO - Filling up the DagBag from /home/airflow/.local/lib/python3.10/site-packages/airflow/example_dags/example_branch_datetime_operator.py
[2025-01-15T21:59:27.163+0000] {processor.py:839} INFO - DAG(s) dict_keys(['example_branch_datetime_operator_2', 'example_branch_datetime_operator', 'example_branch_datetime_operator_3']) retrieved from /home/airflow/.local/lib/python3.10/site-packages/airflow/example_dags/example_branch_datetime_operator.py
[2025-01-15T21:59:27.190+0000] {logging_mixin.py:154} INFO - [2025-01-15T21:59:27.189+0000] {dag.py:2941} INFO - Sync 3 DAGs
[2025-01-15T21:59:27.363+0000] {logging_mixin.py:154} INFO - [2025-01-15T21:59:27.363+0000] {dag.py:3722} INFO - Setting next_dagrun for example_branch_datetime_operator to 2025-01-14T00:00:00+00:00, run_after=2025-01-15T00:00:00+00:00
[2025-01-15T21:59:27.368+0000] {logging_mixin.py:154} INFO - [2025-01-15T21:59:27.368+0000] {dag.py:3722} INFO - Setting next_dagrun for example_branch_datetime_operator_2 to 2025-01-14T00:00:00+00:00, run_after=2025-01-15T00:00:00+00:00
[2025-01-15T21:59:27.371+0000] {logging_mixin.py:154} INFO - [2025-01-15T21:59:27.371+0000] {dag.py:3722} INFO - Setting next_dagrun for example_branch_datetime_operator_3 to 2025-01-14T00:00:00+00:00, run_after=2025-01-15T00:00:00+00:00
[2025-01-15T21:59:27.384+0000] {processor.py:179} INFO - Processing /home/airflow/.local/lib/python3.10/site-packages/airflow/example_dags/example_branch_datetime_operator.py took 0.238 seconds
[2025-01-15T21:59:57.421+0000] {processor.py:157} INFO - Started process (PID=1332) to work on /home/airflow/.local/lib/python3.10/site-packages/airflow/example_dags/example_branch_datetime_operator.py
[2025-01-15T21:59:57.422+0000] {processor.py:829} INFO - Processing file /home/airflow/.local/lib/python3.10/site-packages/airflow/example_dags/example_branch_datetime_operator.py for tasks to queue
[2025-01-15T21:59:57.424+0000] {logging_mixin.py:154} INFO - [2025-01-15T21:59:57.424+0000] {dagbag.py:536} INFO - Filling up the DagBag from /home/airflow/.local/lib/python3.10/site-packages/airflow/example_dags/example_branch_datetime_operator.py
[2025-01-15T21:59:57.432+0000] {processor.py:839} INFO - DAG(s) dict_keys(['example_branch_datetime_operator_2', 'example_branch_datetime_operator', 'example_branch_datetime_operator_3']) retrieved from /home/airflow/.local/lib/python3.10/site-packages/airflow/example_dags/example_branch_datetime_operator.py
[2025-01-15T21:59:57.455+0000] {logging_mixin.py:154} INFO - [2025-01-15T21:59:57.455+0000] {dag.py:2941} INFO - Sync 3 DAGs
[2025-01-15T21:59:57.475+0000] {logging_mixin.py:154} INFO - [2025-01-15T21:59:57.475+0000] {dag.py:3722} INFO - Setting next_dagrun for example_branch_datetime_operator to 2025-01-14T00:00:00+00:00, run_after=2025-01-15T00:00:00+00:00
[2025-01-15T21:59:57.624+0000] {logging_mixin.py:154} INFO - [2025-01-15T21:59:57.624+0000] {dag.py:3722} INFO - Setting next_dagrun for example_branch_datetime_operator_2 to 2025-01-14T00:00:00+00:00, run_after=2025-01-15T00:00:00+00:00
[2025-01-15T21:59:57.627+0000] {logging_mixin.py:154} INFO - [2025-01-15T21:59:57.627+0000] {dag.py:3722} INFO - Setting next_dagrun for example_branch_datetime_operator_3 to 2025-01-14T00:00:00+00:00, run_after=2025-01-15T00:00:00+00:00
[2025-01-15T21:59:57.646+0000] {processor.py:179} INFO - Processing /home/airflow/.local/lib/python3.10/site-packages/airflow/example_dags/example_branch_datetime_operator.py took 0.228 seconds
[2025-01-15T22:00:27.935+0000] {processor.py:157} INFO - Started process (PID=1388) to work on /home/airflow/.local/lib/python3.10/site-packages/airflow/example_dags/example_branch_datetime_operator.py
[2025-01-15T22:00:27.936+0000] {processor.py:829} INFO - Processing file /home/airflow/.local/lib/python3.10/site-packages/airflow/example_dags/example_branch_datetime_operator.py for tasks to queue
[2025-01-15T22:00:27.938+0000] {logging_mixin.py:154} INFO - [2025-01-15T22:00:27.938+0000] {dagbag.py:536} INFO - Filling up the DagBag from /home/airflow/.local/lib/python3.10/site-packages/airflow/example_dags/example_branch_datetime_operator.py
[2025-01-15T22:00:27.947+0000] {processor.py:839} INFO - DAG(s) dict_keys(['example_branch_datetime_operator_2', 'example_branch_datetime_operator_3', 'example_branch_datetime_operator']) retrieved from /home/airflow/.local/lib/python3.10/site-packages/airflow/example_dags/example_branch_datetime_operator.py
[2025-01-15T22:00:27.971+0000] {logging_mixin.py:154} INFO - [2025-01-15T22:00:27.971+0000] {dag.py:2941} INFO - Sync 3 DAGs
[2025-01-15T22:00:27.992+0000] {logging_mixin.py:154} INFO - [2025-01-15T22:00:27.992+0000] {dag.py:3722} INFO - Setting next_dagrun for example_branch_datetime_operator to 2025-01-14T00:00:00+00:00, run_after=2025-01-15T00:00:00+00:00
[2025-01-15T22:00:27.997+0000] {logging_mixin.py:154} INFO - [2025-01-15T22:00:27.997+0000] {dag.py:3722} INFO - Setting next_dagrun for example_branch_datetime_operator_2 to 2025-01-14T00:00:00+00:00, run_after=2025-01-15T00:00:00+00:00
[2025-01-15T22:00:28.000+0000] {logging_mixin.py:154} INFO - [2025-01-15T22:00:28.000+0000] {dag.py:3722} INFO - Setting next_dagrun for example_branch_datetime_operator_3 to 2025-01-14T00:00:00+00:00, run_after=2025-01-15T00:00:00+00:00
[2025-01-15T22:00:28.014+0000] {processor.py:179} INFO - Processing /home/airflow/.local/lib/python3.10/site-packages/airflow/example_dags/example_branch_datetime_operator.py took 0.081 seconds
[2025-01-15T22:00:59.915+0000] {processor.py:157} INFO - Started process (PID=1444) to work on /home/airflow/.local/lib/python3.10/site-packages/airflow/example_dags/example_branch_datetime_operator.py
[2025-01-15T22:00:59.916+0000] {processor.py:829} INFO - Processing file /home/airflow/.local/lib/python3.10/site-packages/airflow/example_dags/example_branch_datetime_operator.py for tasks to queue
[2025-01-15T22:00:59.918+0000] {logging_mixin.py:154} INFO - [2025-01-15T22:00:59.918+0000] {dagbag.py:536} INFO - Filling up the DagBag from /home/airflow/.local/lib/python3.10/site-packages/airflow/example_dags/example_branch_datetime_operator.py
[2025-01-15T22:00:59.926+0000] {processor.py:839} INFO - DAG(s) dict_keys(['example_branch_datetime_operator', 'example_branch_datetime_operator_2', 'example_branch_datetime_operator_3']) retrieved from /home/airflow/.local/lib/python3.10/site-packages/airflow/example_dags/example_branch_datetime_operator.py
[2025-01-15T22:00:59.951+0000] {logging_mixin.py:154} INFO - [2025-01-15T22:00:59.951+0000] {dag.py:2941} INFO - Sync 3 DAGs
[2025-01-15T22:01:00.118+0000] {logging_mixin.py:154} INFO - [2025-01-15T22:01:00.118+0000] {dag.py:3722} INFO - Setting next_dagrun for example_branch_datetime_operator to 2025-01-14T00:00:00+00:00, run_after=2025-01-15T00:00:00+00:00
[2025-01-15T22:01:00.125+0000] {logging_mixin.py:154} INFO - [2025-01-15T22:01:00.124+0000] {dag.py:3722} INFO - Setting next_dagrun for example_branch_datetime_operator_2 to 2025-01-14T00:00:00+00:00, run_after=2025-01-15T00:00:00+00:00
[2025-01-15T22:01:00.130+0000] {logging_mixin.py:154} INFO - [2025-01-15T22:01:00.130+0000] {dag.py:3722} INFO - Setting next_dagrun for example_branch_datetime_operator_3 to 2025-01-14T00:00:00+00:00, run_after=2025-01-15T00:00:00+00:00
[2025-01-15T22:01:00.146+0000] {processor.py:179} INFO - Processing /home/airflow/.local/lib/python3.10/site-packages/airflow/example_dags/example_branch_datetime_operator.py took 0.234 seconds
[2025-01-15T22:01:31.043+0000] {processor.py:157} INFO - Started process (PID=1500) to work on /home/airflow/.local/lib/python3.10/site-packages/airflow/example_dags/example_branch_datetime_operator.py
[2025-01-15T22:01:31.043+0000] {processor.py:829} INFO - Processing file /home/airflow/.local/lib/python3.10/site-packages/airflow/example_dags/example_branch_datetime_operator.py for tasks to queue
[2025-01-15T22:01:31.045+0000] {logging_mixin.py:154} INFO - [2025-01-15T22:01:31.045+0000] {dagbag.py:536} INFO - Filling up the DagBag from /home/airflow/.local/lib/python3.10/site-packages/airflow/example_dags/example_branch_datetime_operator.py
[2025-01-15T22:01:31.054+0000] {processor.py:839} INFO - DAG(s) dict_keys(['example_branch_datetime_operator_3', 'example_branch_datetime_operator_2', 'example_branch_datetime_operator']) retrieved from /home/airflow/.local/lib/python3.10/site-packages/airflow/example_dags/example_branch_datetime_operator.py
[2025-01-15T22:01:31.078+0000] {logging_mixin.py:154} INFO - [2025-01-15T22:01:31.077+0000] {dag.py:2941} INFO - Sync 3 DAGs
[2025-01-15T22:01:31.099+0000] {logging_mixin.py:154} INFO - [2025-01-15T22:01:31.099+0000] {dag.py:3722} INFO - Setting next_dagrun for example_branch_datetime_operator to 2025-01-14T00:00:00+00:00, run_after=2025-01-15T00:00:00+00:00
[2025-01-15T22:01:31.243+0000] {logging_mixin.py:154} INFO - [2025-01-15T22:01:31.243+0000] {dag.py:3722} INFO - Setting next_dagrun for example_branch_datetime_operator_2 to 2025-01-14T00:00:00+00:00, run_after=2025-01-15T00:00:00+00:00
[2025-01-15T22:01:31.245+0000] {logging_mixin.py:154} INFO - [2025-01-15T22:01:31.245+0000] {dag.py:3722} INFO - Setting next_dagrun for example_branch_datetime_operator_3 to 2025-01-14T00:00:00+00:00, run_after=2025-01-15T00:00:00+00:00
[2025-01-15T22:01:31.259+0000] {processor.py:179} INFO - Processing /home/airflow/.local/lib/python3.10/site-packages/airflow/example_dags/example_branch_datetime_operator.py took 0.219 seconds
[2025-01-15T22:02:01.859+0000] {processor.py:157} INFO - Started process (PID=1556) to work on /home/airflow/.local/lib/python3.10/site-packages/airflow/example_dags/example_branch_datetime_operator.py
[2025-01-15T22:02:01.860+0000] {processor.py:829} INFO - Processing file /home/airflow/.local/lib/python3.10/site-packages/airflow/example_dags/example_branch_datetime_operator.py for tasks to queue
[2025-01-15T22:02:01.862+0000] {logging_mixin.py:154} INFO - [2025-01-15T22:02:01.862+0000] {dagbag.py:536} INFO - Filling up the DagBag from /home/airflow/.local/lib/python3.10/site-packages/airflow/example_dags/example_branch_datetime_operator.py
[2025-01-15T22:02:01.873+0000] {processor.py:839} INFO - DAG(s) dict_keys(['example_branch_datetime_operator_2', 'example_branch_datetime_operator_3', 'example_branch_datetime_operator']) retrieved from /home/airflow/.local/lib/python3.10/site-packages/airflow/example_dags/example_branch_datetime_operator.py
[2025-01-15T22:02:01.899+0000] {logging_mixin.py:154} INFO - [2025-01-15T22:02:01.899+0000] {dag.py:2941} INFO - Sync 3 DAGs
[2025-01-15T22:02:01.920+0000] {logging_mixin.py:154} INFO - [2025-01-15T22:02:01.920+0000] {dag.py:3722} INFO - Setting next_dagrun for example_branch_datetime_operator to 2025-01-14T00:00:00+00:00, run_after=2025-01-15T00:00:00+00:00
[2025-01-15T22:02:01.925+0000] {logging_mixin.py:154} INFO - [2025-01-15T22:02:01.925+0000] {dag.py:3722} INFO - Setting next_dagrun for example_branch_datetime_operator_2 to 2025-01-14T00:00:00+00:00, run_after=2025-01-15T00:00:00+00:00
[2025-01-15T22:02:01.928+0000] {logging_mixin.py:154} INFO - [2025-01-15T22:02:01.927+0000] {dag.py:3722} INFO - Setting next_dagrun for example_branch_datetime_operator_3 to 2025-01-14T00:00:00+00:00, run_after=2025-01-15T00:00:00+00:00
[2025-01-15T22:02:01.944+0000] {processor.py:179} INFO - Processing /home/airflow/.local/lib/python3.10/site-packages/airflow/example_dags/example_branch_datetime_operator.py took 0.088 seconds
[2025-01-15T22:02:32.672+0000] {processor.py:157} INFO - Started process (PID=1619) to work on /home/airflow/.local/lib/python3.10/site-packages/airflow/example_dags/example_branch_datetime_operator.py
[2025-01-15T22:02:32.673+0000] {processor.py:829} INFO - Processing file /home/airflow/.local/lib/python3.10/site-packages/airflow/example_dags/example_branch_datetime_operator.py for tasks to queue
[2025-01-15T22:02:32.675+0000] {logging_mixin.py:154} INFO - [2025-01-15T22:02:32.675+0000] {dagbag.py:536} INFO - Filling up the DagBag from /home/airflow/.local/lib/python3.10/site-packages/airflow/example_dags/example_branch_datetime_operator.py
[2025-01-15T22:02:32.684+0000] {processor.py:839} INFO - DAG(s) dict_keys(['example_branch_datetime_operator_3', 'example_branch_datetime_operator_2', 'example_branch_datetime_operator']) retrieved from /home/airflow/.local/lib/python3.10/site-packages/airflow/example_dags/example_branch_datetime_operator.py
[2025-01-15T22:02:32.709+0000] {logging_mixin.py:154} INFO - [2025-01-15T22:02:32.709+0000] {dag.py:2941} INFO - Sync 3 DAGs
[2025-01-15T22:02:32.872+0000] {logging_mixin.py:154} INFO - [2025-01-15T22:02:32.871+0000] {dag.py:3722} INFO - Setting next_dagrun for example_branch_datetime_operator to 2025-01-14T00:00:00+00:00, run_after=2025-01-15T00:00:00+00:00
[2025-01-15T22:02:32.876+0000] {logging_mixin.py:154} INFO - [2025-01-15T22:02:32.876+0000] {dag.py:3722} INFO - Setting next_dagrun for example_branch_datetime_operator_2 to 2025-01-14T00:00:00+00:00, run_after=2025-01-15T00:00:00+00:00
[2025-01-15T22:02:32.879+0000] {logging_mixin.py:154} INFO - [2025-01-15T22:02:32.879+0000] {dag.py:3722} INFO - Setting next_dagrun for example_branch_datetime_operator_3 to 2025-01-14T00:00:00+00:00, run_after=2025-01-15T00:00:00+00:00
[2025-01-15T22:02:32.617+0000] {processor.py:179} INFO - Processing /home/airflow/.local/lib/python3.10/site-packages/airflow/example_dags/example_branch_datetime_operator.py took 0.230 seconds
[2025-01-15T22:04:09.234+0000] {processor.py:157} INFO - Started process (PID=92) to work on /home/airflow/.local/lib/python3.10/site-packages/airflow/example_dags/example_branch_datetime_operator.py
[2025-01-15T22:04:09.235+0000] {processor.py:829} INFO - Processing file /home/airflow/.local/lib/python3.10/site-packages/airflow/example_dags/example_branch_datetime_operator.py for tasks to queue
[2025-01-15T22:04:09.238+0000] {logging_mixin.py:154} INFO - [2025-01-15T22:04:09.237+0000] {dagbag.py:536} INFO - Filling up the DagBag from /home/airflow/.local/lib/python3.10/site-packages/airflow/example_dags/example_branch_datetime_operator.py
[2025-01-15T22:04:09.249+0000] {processor.py:839} INFO - DAG(s) dict_keys(['example_branch_datetime_operator_3', 'example_branch_datetime_operator', 'example_branch_datetime_operator_2']) retrieved from /home/airflow/.local/lib/python3.10/site-packages/airflow/example_dags/example_branch_datetime_operator.py
[2025-01-15T22:04:09.266+0000] {logging_mixin.py:154} INFO - [2025-01-15T22:04:09.266+0000] {dag.py:2941} INFO - Sync 3 DAGs
[2025-01-15T22:04:09.291+0000] {logging_mixin.py:154} INFO - [2025-01-15T22:04:09.291+0000] {dag.py:3722} INFO - Setting next_dagrun for example_branch_datetime_operator to 2025-01-14T00:00:00+00:00, run_after=2025-01-15T00:00:00+00:00
[2025-01-15T22:04:09.297+0000] {logging_mixin.py:154} INFO - [2025-01-15T22:04:09.297+0000] {dag.py:3722} INFO - Setting next_dagrun for example_branch_datetime_operator_2 to 2025-01-14T00:00:00+00:00, run_after=2025-01-15T00:00:00+00:00
[2025-01-15T22:04:09.300+0000] {logging_mixin.py:154} INFO - [2025-01-15T22:04:09.300+0000] {dag.py:3722} INFO - Setting next_dagrun for example_branch_datetime_operator_3 to 2025-01-14T00:00:00+00:00, run_after=2025-01-15T00:00:00+00:00
[2025-01-15T22:04:09.317+0000] {processor.py:179} INFO - Processing /home/airflow/.local/lib/python3.10/site-packages/airflow/example_dags/example_branch_datetime_operator.py took 0.086 seconds
[2025-01-15T22:04:40.531+0000] {processor.py:157} INFO - Started process (PID=148) to work on /home/airflow/.local/lib/python3.10/site-packages/airflow/example_dags/example_branch_datetime_operator.py
[2025-01-15T22:04:40.532+0000] {processor.py:829} INFO - Processing file /home/airflow/.local/lib/python3.10/site-packages/airflow/example_dags/example_branch_datetime_operator.py for tasks to queue
[2025-01-15T22:04:40.535+0000] {logging_mixin.py:154} INFO - [2025-01-15T22:04:40.534+0000] {dagbag.py:536} INFO - Filling up the DagBag from /home/airflow/.local/lib/python3.10/site-packages/airflow/example_dags/example_branch_datetime_operator.py
[2025-01-15T22:04:40.544+0000] {processor.py:839} INFO - DAG(s) dict_keys(['example_branch_datetime_operator_3', 'example_branch_datetime_operator', 'example_branch_datetime_operator_2']) retrieved from /home/airflow/.local/lib/python3.10/site-packages/airflow/example_dags/example_branch_datetime_operator.py
[2025-01-15T22:04:40.575+0000] {logging_mixin.py:154} INFO - [2025-01-15T22:04:40.575+0000] {dag.py:2941} INFO - Sync 3 DAGs
[2025-01-15T22:04:40.600+0000] {logging_mixin.py:154} INFO - [2025-01-15T22:04:40.600+0000] {dag.py:3722} INFO - Setting next_dagrun for example_branch_datetime_operator to 2025-01-14T00:00:00+00:00, run_after=2025-01-15T00:00:00+00:00
[2025-01-15T22:04:40.606+0000] {logging_mixin.py:154} INFO - [2025-01-15T22:04:40.606+0000] {dag.py:3722} INFO - Setting next_dagrun for example_branch_datetime_operator_2 to 2025-01-14T00:00:00+00:00, run_after=2025-01-15T00:00:00+00:00
[2025-01-15T22:04:40.610+0000] {logging_mixin.py:154} INFO - [2025-01-15T22:04:40.609+0000] {dag.py:3722} INFO - Setting next_dagrun for example_branch_datetime_operator_3 to 2025-01-14T00:00:00+00:00, run_after=2025-01-15T00:00:00+00:00
[2025-01-15T22:04:40.628+0000] {processor.py:179} INFO - Processing /home/airflow/.local/lib/python3.10/site-packages/airflow/example_dags/example_branch_datetime_operator.py took 0.100 seconds
[2025-01-15T22:05:11.563+0000] {processor.py:157} INFO - Started process (PID=204) to work on /home/airflow/.local/lib/python3.10/site-packages/airflow/example_dags/example_branch_datetime_operator.py
[2025-01-15T22:05:11.564+0000] {processor.py:829} INFO - Processing file /home/airflow/.local/lib/python3.10/site-packages/airflow/example_dags/example_branch_datetime_operator.py for tasks to queue
[2025-01-15T22:05:11.566+0000] {logging_mixin.py:154} INFO - [2025-01-15T22:05:11.566+0000] {dagbag.py:536} INFO - Filling up the DagBag from /home/airflow/.local/lib/python3.10/site-packages/airflow/example_dags/example_branch_datetime_operator.py
[2025-01-15T22:05:11.575+0000] {processor.py:839} INFO - DAG(s) dict_keys(['example_branch_datetime_operator_3', 'example_branch_datetime_operator_2', 'example_branch_datetime_operator']) retrieved from /home/airflow/.local/lib/python3.10/site-packages/airflow/example_dags/example_branch_datetime_operator.py
[2025-01-15T22:05:11.601+0000] {logging_mixin.py:154} INFO - [2025-01-15T22:05:11.600+0000] {dag.py:2941} INFO - Sync 3 DAGs
[2025-01-15T22:05:11.624+0000] {logging_mixin.py:154} INFO - [2025-01-15T22:05:11.623+0000] {dag.py:3722} INFO - Setting next_dagrun for example_branch_datetime_operator to 2025-01-14T00:00:00+00:00, run_after=2025-01-15T00:00:00+00:00
[2025-01-15T22:05:11.629+0000] {logging_mixin.py:154} INFO - [2025-01-15T22:05:11.629+0000] {dag.py:3722} INFO - Setting next_dagrun for example_branch_datetime_operator_2 to 2025-01-14T00:00:00+00:00, run_after=2025-01-15T00:00:00+00:00
[2025-01-15T22:05:11.632+0000] {logging_mixin.py:154} INFO - [2025-01-15T22:05:11.632+0000] {dag.py:3722} INFO - Setting next_dagrun for example_branch_datetime_operator_3 to 2025-01-14T00:00:00+00:00, run_after=2025-01-15T00:00:00+00:00
[2025-01-15T22:05:11.649+0000] {processor.py:179} INFO - Processing /home/airflow/.local/lib/python3.10/site-packages/airflow/example_dags/example_branch_datetime_operator.py took 0.089 seconds
[2025-01-15T22:05:42.149+0000] {processor.py:157} INFO - Started process (PID=260) to work on /home/airflow/.local/lib/python3.10/site-packages/airflow/example_dags/example_branch_datetime_operator.py
[2025-01-15T22:05:42.150+0000] {processor.py:829} INFO - Processing file /home/airflow/.local/lib/python3.10/site-packages/airflow/example_dags/example_branch_datetime_operator.py for tasks to queue
[2025-01-15T22:05:42.152+0000] {logging_mixin.py:154} INFO - [2025-01-15T22:05:42.152+0000] {dagbag.py:536} INFO - Filling up the DagBag from /home/airflow/.local/lib/python3.10/site-packages/airflow/example_dags/example_branch_datetime_operator.py
[2025-01-15T22:05:42.161+0000] {processor.py:839} INFO - DAG(s) dict_keys(['example_branch_datetime_operator', 'example_branch_datetime_operator_3', 'example_branch_datetime_operator_2']) retrieved from /home/airflow/.local/lib/python3.10/site-packages/airflow/example_dags/example_branch_datetime_operator.py
[2025-01-15T22:05:42.187+0000] {logging_mixin.py:154} INFO - [2025-01-15T22:05:42.187+0000] {dag.py:2941} INFO - Sync 3 DAGs
[2025-01-15T22:05:42.209+0000] {logging_mixin.py:154} INFO - [2025-01-15T22:05:42.209+0000] {dag.py:3722} INFO - Setting next_dagrun for example_branch_datetime_operator to 2025-01-14T00:00:00+00:00, run_after=2025-01-15T00:00:00+00:00
[2025-01-15T22:05:42.216+0000] {logging_mixin.py:154} INFO - [2025-01-15T22:05:42.215+0000] {dag.py:3722} INFO - Setting next_dagrun for example_branch_datetime_operator_2 to 2025-01-14T00:00:00+00:00, run_after=2025-01-15T00:00:00+00:00
[2025-01-15T22:05:42.219+0000] {logging_mixin.py:154} INFO - [2025-01-15T22:05:42.219+0000] {dag.py:3722} INFO - Setting next_dagrun for example_branch_datetime_operator_3 to 2025-01-14T00:00:00+00:00, run_after=2025-01-15T00:00:00+00:00
[2025-01-15T22:05:42.237+0000] {processor.py:179} INFO - Processing /home/airflow/.local/lib/python3.10/site-packages/airflow/example_dags/example_branch_datetime_operator.py took 0.091 seconds
[2025-01-15T22:06:12.810+0000] {processor.py:157} INFO - Started process (PID=316) to work on /home/airflow/.local/lib/python3.10/site-packages/airflow/example_dags/example_branch_datetime_operator.py
[2025-01-15T22:06:12.811+0000] {processor.py:829} INFO - Processing file /home/airflow/.local/lib/python3.10/site-packages/airflow/example_dags/example_branch_datetime_operator.py for tasks to queue
[2025-01-15T22:06:12.813+0000] {logging_mixin.py:154} INFO - [2025-01-15T22:06:12.813+0000] {dagbag.py:536} INFO - Filling up the DagBag from /home/airflow/.local/lib/python3.10/site-packages/airflow/example_dags/example_branch_datetime_operator.py
[2025-01-15T22:06:12.822+0000] {processor.py:839} INFO - DAG(s) dict_keys(['example_branch_datetime_operator_3', 'example_branch_datetime_operator_2', 'example_branch_datetime_operator']) retrieved from /home/airflow/.local/lib/python3.10/site-packages/airflow/example_dags/example_branch_datetime_operator.py
[2025-01-15T22:06:12.848+0000] {logging_mixin.py:154} INFO - [2025-01-15T22:06:12.848+0000] {dag.py:2941} INFO - Sync 3 DAGs
[2025-01-15T22:06:12.870+0000] {logging_mixin.py:154} INFO - [2025-01-15T22:06:12.870+0000] {dag.py:3722} INFO - Setting next_dagrun for example_branch_datetime_operator to 2025-01-14T00:00:00+00:00, run_after=2025-01-15T00:00:00+00:00
[2025-01-15T22:06:12.876+0000] {logging_mixin.py:154} INFO - [2025-01-15T22:06:12.876+0000] {dag.py:3722} INFO - Setting next_dagrun for example_branch_datetime_operator_2 to 2025-01-14T00:00:00+00:00, run_after=2025-01-15T00:00:00+00:00
[2025-01-15T22:06:12.880+0000] {logging_mixin.py:154} INFO - [2025-01-15T22:06:12.880+0000] {dag.py:3722} INFO - Setting next_dagrun for example_branch_datetime_operator_3 to 2025-01-14T00:00:00+00:00, run_after=2025-01-15T00:00:00+00:00
[2025-01-15T22:06:12.899+0000] {processor.py:179} INFO - Processing /home/airflow/.local/lib/python3.10/site-packages/airflow/example_dags/example_branch_datetime_operator.py took 0.093 seconds
[2025-01-15T22:06:43.641+0000] {processor.py:157} INFO - Started process (PID=372) to work on /home/airflow/.local/lib/python3.10/site-packages/airflow/example_dags/example_branch_datetime_operator.py
[2025-01-15T22:06:43.642+0000] {processor.py:829} INFO - Processing file /home/airflow/.local/lib/python3.10/site-packages/airflow/example_dags/example_branch_datetime_operator.py for tasks to queue
[2025-01-15T22:06:43.645+0000] {logging_mixin.py:154} INFO - [2025-01-15T22:06:43.645+0000] {dagbag.py:536} INFO - Filling up the DagBag from /home/airflow/.local/lib/python3.10/site-packages/airflow/example_dags/example_branch_datetime_operator.py
[2025-01-15T22:06:43.654+0000] {processor.py:839} INFO - DAG(s) dict_keys(['example_branch_datetime_operator_2', 'example_branch_datetime_operator_3', 'example_branch_datetime_operator']) retrieved from /home/airflow/.local/lib/python3.10/site-packages/airflow/example_dags/example_branch_datetime_operator.py
[2025-01-15T22:06:43.679+0000] {logging_mixin.py:154} INFO - [2025-01-15T22:06:43.678+0000] {dag.py:2941} INFO - Sync 3 DAGs
[2025-01-15T22:06:43.702+0000] {logging_mixin.py:154} INFO - [2025-01-15T22:06:43.702+0000] {dag.py:3722} INFO - Setting next_dagrun for example_branch_datetime_operator to 2025-01-14T00:00:00+00:00, run_after=2025-01-15T00:00:00+00:00
[2025-01-15T22:06:43.708+0000] {logging_mixin.py:154} INFO - [2025-01-15T22:06:43.707+0000] {dag.py:3722} INFO - Setting next_dagrun for example_branch_datetime_operator_2 to 2025-01-14T00:00:00+00:00, run_after=2025-01-15T00:00:00+00:00
[2025-01-15T22:06:43.711+0000] {logging_mixin.py:154} INFO - [2025-01-15T22:06:43.711+0000] {dag.py:3722} INFO - Setting next_dagrun for example_branch_datetime_operator_3 to 2025-01-14T00:00:00+00:00, run_after=2025-01-15T00:00:00+00:00
[2025-01-15T22:06:43.730+0000] {processor.py:179} INFO - Processing /home/airflow/.local/lib/python3.10/site-packages/airflow/example_dags/example_branch_datetime_operator.py took 0.094 seconds
[2025-01-15T22:07:14.165+0000] {processor.py:157} INFO - Started process (PID=428) to work on /home/airflow/.local/lib/python3.10/site-packages/airflow/example_dags/example_branch_datetime_operator.py
[2025-01-15T22:07:14.166+0000] {processor.py:829} INFO - Processing file /home/airflow/.local/lib/python3.10/site-packages/airflow/example_dags/example_branch_datetime_operator.py for tasks to queue
[2025-01-15T22:07:14.169+0000] {logging_mixin.py:154} INFO - [2025-01-15T22:07:14.168+0000] {dagbag.py:536} INFO - Filling up the DagBag from /home/airflow/.local/lib/python3.10/site-packages/airflow/example_dags/example_branch_datetime_operator.py
[2025-01-15T22:07:14.180+0000] {processor.py:839} INFO - DAG(s) dict_keys(['example_branch_datetime_operator_2', 'example_branch_datetime_operator_3', 'example_branch_datetime_operator']) retrieved from /home/airflow/.local/lib/python3.10/site-packages/airflow/example_dags/example_branch_datetime_operator.py
[2025-01-15T22:07:14.214+0000] {logging_mixin.py:154} INFO - [2025-01-15T22:07:14.214+0000] {dag.py:2941} INFO - Sync 3 DAGs
[2025-01-15T22:07:14.243+0000] {logging_mixin.py:154} INFO - [2025-01-15T22:07:14.242+0000] {dag.py:3722} INFO - Setting next_dagrun for example_branch_datetime_operator to 2025-01-14T00:00:00+00:00, run_after=2025-01-15T00:00:00+00:00
[2025-01-15T22:07:14.248+0000] {logging_mixin.py:154} INFO - [2025-01-15T22:07:14.248+0000] {dag.py:3722} INFO - Setting next_dagrun for example_branch_datetime_operator_2 to 2025-01-14T00:00:00+00:00, run_after=2025-01-15T00:00:00+00:00
[2025-01-15T22:07:14.252+0000] {logging_mixin.py:154} INFO - [2025-01-15T22:07:14.251+0000] {dag.py:3722} INFO - Setting next_dagrun for example_branch_datetime_operator_3 to 2025-01-14T00:00:00+00:00, run_after=2025-01-15T00:00:00+00:00
[2025-01-15T22:07:14.272+0000] {processor.py:179} INFO - Processing /home/airflow/.local/lib/python3.10/site-packages/airflow/example_dags/example_branch_datetime_operator.py took 0.113 seconds
[2025-01-15T22:08:34.521+0000] {processor.py:157} INFO - Started process (PID=94) to work on /home/airflow/.local/lib/python3.10/site-packages/airflow/example_dags/example_branch_datetime_operator.py
[2025-01-15T22:08:34.522+0000] {processor.py:829} INFO - Processing file /home/airflow/.local/lib/python3.10/site-packages/airflow/example_dags/example_branch_datetime_operator.py for tasks to queue
[2025-01-15T22:08:34.524+0000] {logging_mixin.py:154} INFO - [2025-01-15T22:08:34.524+0000] {dagbag.py:536} INFO - Filling up the DagBag from /home/airflow/.local/lib/python3.10/site-packages/airflow/example_dags/example_branch_datetime_operator.py
[2025-01-15T22:08:34.535+0000] {processor.py:839} INFO - DAG(s) dict_keys(['example_branch_datetime_operator', 'example_branch_datetime_operator_3', 'example_branch_datetime_operator_2']) retrieved from /home/airflow/.local/lib/python3.10/site-packages/airflow/example_dags/example_branch_datetime_operator.py
[2025-01-15T22:08:34.549+0000] {logging_mixin.py:154} INFO - [2025-01-15T22:08:34.549+0000] {dag.py:2941} INFO - Sync 3 DAGs
[2025-01-15T22:08:34.571+0000] {logging_mixin.py:154} INFO - [2025-01-15T22:08:34.571+0000] {dag.py:3722} INFO - Setting next_dagrun for example_branch_datetime_operator to 2025-01-14T00:00:00+00:00, run_after=2025-01-15T00:00:00+00:00
[2025-01-15T22:08:34.576+0000] {logging_mixin.py:154} INFO - [2025-01-15T22:08:34.576+0000] {dag.py:3722} INFO - Setting next_dagrun for example_branch_datetime_operator_2 to 2025-01-14T00:00:00+00:00, run_after=2025-01-15T00:00:00+00:00
[2025-01-15T22:08:34.579+0000] {logging_mixin.py:154} INFO - [2025-01-15T22:08:34.579+0000] {dag.py:3722} INFO - Setting next_dagrun for example_branch_datetime_operator_3 to 2025-01-14T00:00:00+00:00, run_after=2025-01-15T00:00:00+00:00
[2025-01-15T22:08:34.595+0000] {processor.py:179} INFO - Processing /home/airflow/.local/lib/python3.10/site-packages/airflow/example_dags/example_branch_datetime_operator.py took 0.078 seconds
[2025-01-15T22:09:06.677+0000] {processor.py:157} INFO - Started process (PID=150) to work on /home/airflow/.local/lib/python3.10/site-packages/airflow/example_dags/example_branch_datetime_operator.py
[2025-01-15T22:09:06.678+0000] {processor.py:829} INFO - Processing file /home/airflow/.local/lib/python3.10/site-packages/airflow/example_dags/example_branch_datetime_operator.py for tasks to queue
[2025-01-15T22:09:06.682+0000] {logging_mixin.py:154} INFO - [2025-01-15T22:09:06.681+0000] {dagbag.py:536} INFO - Filling up the DagBag from /home/airflow/.local/lib/python3.10/site-packages/airflow/example_dags/example_branch_datetime_operator.py
[2025-01-15T22:09:06.694+0000] {processor.py:839} INFO - DAG(s) dict_keys(['example_branch_datetime_operator_2', 'example_branch_datetime_operator', 'example_branch_datetime_operator_3']) retrieved from /home/airflow/.local/lib/python3.10/site-packages/airflow/example_dags/example_branch_datetime_operator.py
[2025-01-15T22:09:06.728+0000] {logging_mixin.py:154} INFO - [2025-01-15T22:09:06.727+0000] {dag.py:2941} INFO - Sync 3 DAGs
[2025-01-15T22:09:06.762+0000] {logging_mixin.py:154} INFO - [2025-01-15T22:09:06.761+0000] {dag.py:3722} INFO - Setting next_dagrun for example_branch_datetime_operator to 2025-01-14T00:00:00+00:00, run_after=2025-01-15T00:00:00+00:00
[2025-01-15T22:09:06.767+0000] {logging_mixin.py:154} INFO - [2025-01-15T22:09:06.767+0000] {dag.py:3722} INFO - Setting next_dagrun for example_branch_datetime_operator_2 to 2025-01-14T00:00:00+00:00, run_after=2025-01-15T00:00:00+00:00
[2025-01-15T22:09:06.771+0000] {logging_mixin.py:154} INFO - [2025-01-15T22:09:06.771+0000] {dag.py:3722} INFO - Setting next_dagrun for example_branch_datetime_operator_3 to 2025-01-14T00:00:00+00:00, run_after=2025-01-15T00:00:00+00:00
[2025-01-15T22:09:06.797+0000] {processor.py:179} INFO - Processing /home/airflow/.local/lib/python3.10/site-packages/airflow/example_dags/example_branch_datetime_operator.py took 0.125 seconds
