[2025-01-15T21:47:57.016+0000] {processor.py:157} INFO - Started process (PID=69) to work on /home/airflow/.local/lib/python3.10/site-packages/airflow/example_dags/example_setup_teardown_taskflow.py
[2025-01-15T21:47:57.017+0000] {processor.py:829} INFO - Processing file /home/airflow/.local/lib/python3.10/site-packages/airflow/example_dags/example_setup_teardown_taskflow.py for tasks to queue
[2025-01-15T21:47:57.020+0000] {logging_mixin.py:154} INFO - [2025-01-15T21:47:57.020+0000] {dagbag.py:536} INFO - Filling up the DagBag from /home/airflow/.local/lib/python3.10/site-packages/airflow/example_dags/example_setup_teardown_taskflow.py
[2025-01-15T21:47:57.034+0000] {processor.py:839} INFO - DAG(s) dict_keys(['example_setup_teardown_taskflow']) retrieved from /home/airflow/.local/lib/python3.10/site-packages/airflow/example_dags/example_setup_teardown_taskflow.py
[2025-01-15T21:47:57.069+0000] {logging_mixin.py:154} INFO - [2025-01-15T21:47:57.069+0000] {dag.py:2941} INFO - Sync 1 DAGs
[2025-01-15T21:47:57.095+0000] {logging_mixin.py:154} INFO - [2025-01-15T21:47:57.095+0000] {dag.py:3722} INFO - Setting next_dagrun for example_setup_teardown_taskflow to 2025-01-14T21:47:57.095067+00:00, run_after=2025-01-15T21:47:57.095067+00:00
[2025-01-15T21:47:57.117+0000] {processor.py:179} INFO - Processing /home/airflow/.local/lib/python3.10/site-packages/airflow/example_dags/example_setup_teardown_taskflow.py took 0.105 seconds
[2025-01-15T21:48:39.040+0000] {processor.py:157} INFO - Started process (PID=76) to work on /home/airflow/.local/lib/python3.10/site-packages/airflow/example_dags/example_setup_teardown_taskflow.py
[2025-01-15T21:48:39.042+0000] {processor.py:829} INFO - Processing file /home/airflow/.local/lib/python3.10/site-packages/airflow/example_dags/example_setup_teardown_taskflow.py for tasks to queue
[2025-01-15T21:48:39.048+0000] {logging_mixin.py:154} INFO - [2025-01-15T21:48:39.047+0000] {dagbag.py:536} INFO - Filling up the DagBag from /home/airflow/.local/lib/python3.10/site-packages/airflow/example_dags/example_setup_teardown_taskflow.py
[2025-01-15T21:48:39.068+0000] {processor.py:839} INFO - DAG(s) dict_keys(['example_setup_teardown_taskflow']) retrieved from /home/airflow/.local/lib/python3.10/site-packages/airflow/example_dags/example_setup_teardown_taskflow.py
[2025-01-15T21:48:39.095+0000] {logging_mixin.py:154} INFO - [2025-01-15T21:48:39.095+0000] {dag.py:2941} INFO - Sync 1 DAGs
[2025-01-15T21:48:39.139+0000] {logging_mixin.py:154} INFO - [2025-01-15T21:48:39.139+0000] {dag.py:3722} INFO - Setting next_dagrun for example_setup_teardown_taskflow to 2025-01-14T21:48:39.138440+00:00, run_after=2025-01-15T21:48:39.138440+00:00
[2025-01-15T21:48:39.172+0000] {processor.py:179} INFO - Processing /home/airflow/.local/lib/python3.10/site-packages/airflow/example_dags/example_setup_teardown_taskflow.py took 0.138 seconds
[2025-01-15T21:49:09.359+0000] {processor.py:157} INFO - Started process (PID=132) to work on /home/airflow/.local/lib/python3.10/site-packages/airflow/example_dags/example_setup_teardown_taskflow.py
[2025-01-15T21:49:09.360+0000] {processor.py:829} INFO - Processing file /home/airflow/.local/lib/python3.10/site-packages/airflow/example_dags/example_setup_teardown_taskflow.py for tasks to queue
[2025-01-15T21:49:09.362+0000] {logging_mixin.py:154} INFO - [2025-01-15T21:49:09.362+0000] {dagbag.py:536} INFO - Filling up the DagBag from /home/airflow/.local/lib/python3.10/site-packages/airflow/example_dags/example_setup_teardown_taskflow.py
[2025-01-15T21:49:09.369+0000] {processor.py:839} INFO - DAG(s) dict_keys(['example_setup_teardown_taskflow']) retrieved from /home/airflow/.local/lib/python3.10/site-packages/airflow/example_dags/example_setup_teardown_taskflow.py
[2025-01-15T21:49:09.386+0000] {logging_mixin.py:154} INFO - [2025-01-15T21:49:09.386+0000] {dag.py:2941} INFO - Sync 1 DAGs
[2025-01-15T21:49:09.404+0000] {logging_mixin.py:154} INFO - [2025-01-15T21:49:09.404+0000] {dag.py:3722} INFO - Setting next_dagrun for example_setup_teardown_taskflow to 2025-01-14T21:49:09.403885+00:00, run_after=2025-01-15T21:49:09.403885+00:00
[2025-01-15T21:49:09.417+0000] {processor.py:179} INFO - Processing /home/airflow/.local/lib/python3.10/site-packages/airflow/example_dags/example_setup_teardown_taskflow.py took 0.060 seconds
[2025-01-15T21:49:39.868+0000] {processor.py:157} INFO - Started process (PID=188) to work on /home/airflow/.local/lib/python3.10/site-packages/airflow/example_dags/example_setup_teardown_taskflow.py
[2025-01-15T21:49:39.869+0000] {processor.py:829} INFO - Processing file /home/airflow/.local/lib/python3.10/site-packages/airflow/example_dags/example_setup_teardown_taskflow.py for tasks to queue
[2025-01-15T21:49:39.871+0000] {logging_mixin.py:154} INFO - [2025-01-15T21:49:39.871+0000] {dagbag.py:536} INFO - Filling up the DagBag from /home/airflow/.local/lib/python3.10/site-packages/airflow/example_dags/example_setup_teardown_taskflow.py
[2025-01-15T21:49:39.879+0000] {processor.py:839} INFO - DAG(s) dict_keys(['example_setup_teardown_taskflow']) retrieved from /home/airflow/.local/lib/python3.10/site-packages/airflow/example_dags/example_setup_teardown_taskflow.py
[2025-01-15T21:49:39.897+0000] {logging_mixin.py:154} INFO - [2025-01-15T21:49:39.897+0000] {dag.py:2941} INFO - Sync 1 DAGs
[2025-01-15T21:49:39.916+0000] {logging_mixin.py:154} INFO - [2025-01-15T21:49:39.916+0000] {dag.py:3722} INFO - Setting next_dagrun for example_setup_teardown_taskflow to 2025-01-14T21:49:39.916088+00:00, run_after=2025-01-15T21:49:39.916088+00:00
[2025-01-15T21:49:39.932+0000] {processor.py:179} INFO - Processing /home/airflow/.local/lib/python3.10/site-packages/airflow/example_dags/example_setup_teardown_taskflow.py took 0.066 seconds
[2025-01-15T21:50:10.885+0000] {processor.py:157} INFO - Started process (PID=245) to work on /home/airflow/.local/lib/python3.10/site-packages/airflow/example_dags/example_setup_teardown_taskflow.py
[2025-01-15T21:50:10.886+0000] {processor.py:829} INFO - Processing file /home/airflow/.local/lib/python3.10/site-packages/airflow/example_dags/example_setup_teardown_taskflow.py for tasks to queue
[2025-01-15T21:50:10.887+0000] {logging_mixin.py:154} INFO - [2025-01-15T21:50:10.887+0000] {dagbag.py:536} INFO - Filling up the DagBag from /home/airflow/.local/lib/python3.10/site-packages/airflow/example_dags/example_setup_teardown_taskflow.py
[2025-01-15T21:50:10.894+0000] {processor.py:839} INFO - DAG(s) dict_keys(['example_setup_teardown_taskflow']) retrieved from /home/airflow/.local/lib/python3.10/site-packages/airflow/example_dags/example_setup_teardown_taskflow.py
[2025-01-15T21:50:10.909+0000] {logging_mixin.py:154} INFO - [2025-01-15T21:50:10.909+0000] {dag.py:2941} INFO - Sync 1 DAGs
[2025-01-15T21:50:10.925+0000] {logging_mixin.py:154} INFO - [2025-01-15T21:50:10.925+0000] {dag.py:3722} INFO - Setting next_dagrun for example_setup_teardown_taskflow to 2025-01-14T21:50:10.924864+00:00, run_after=2025-01-15T21:50:10.924864+00:00
[2025-01-15T21:50:10.944+0000] {processor.py:179} INFO - Processing /home/airflow/.local/lib/python3.10/site-packages/airflow/example_dags/example_setup_teardown_taskflow.py took 0.061 seconds
[2025-01-15T21:50:41.382+0000] {processor.py:157} INFO - Started process (PID=301) to work on /home/airflow/.local/lib/python3.10/site-packages/airflow/example_dags/example_setup_teardown_taskflow.py
[2025-01-15T21:50:41.383+0000] {processor.py:829} INFO - Processing file /home/airflow/.local/lib/python3.10/site-packages/airflow/example_dags/example_setup_teardown_taskflow.py for tasks to queue
[2025-01-15T21:50:41.385+0000] {logging_mixin.py:154} INFO - [2025-01-15T21:50:41.385+0000] {dagbag.py:536} INFO - Filling up the DagBag from /home/airflow/.local/lib/python3.10/site-packages/airflow/example_dags/example_setup_teardown_taskflow.py
[2025-01-15T21:50:41.394+0000] {processor.py:839} INFO - DAG(s) dict_keys(['example_setup_teardown_taskflow']) retrieved from /home/airflow/.local/lib/python3.10/site-packages/airflow/example_dags/example_setup_teardown_taskflow.py
[2025-01-15T21:50:41.412+0000] {logging_mixin.py:154} INFO - [2025-01-15T21:50:41.412+0000] {dag.py:2941} INFO - Sync 1 DAGs
[2025-01-15T21:50:41.430+0000] {logging_mixin.py:154} INFO - [2025-01-15T21:50:41.430+0000] {dag.py:3722} INFO - Setting next_dagrun for example_setup_teardown_taskflow to 2025-01-14T21:50:41.430071+00:00, run_after=2025-01-15T21:50:41.430071+00:00
[2025-01-15T21:50:41.447+0000] {processor.py:179} INFO - Processing /home/airflow/.local/lib/python3.10/site-packages/airflow/example_dags/example_setup_teardown_taskflow.py took 0.067 seconds
[2025-01-15T21:51:11.748+0000] {processor.py:157} INFO - Started process (PID=357) to work on /home/airflow/.local/lib/python3.10/site-packages/airflow/example_dags/example_setup_teardown_taskflow.py
[2025-01-15T21:51:11.749+0000] {processor.py:829} INFO - Processing file /home/airflow/.local/lib/python3.10/site-packages/airflow/example_dags/example_setup_teardown_taskflow.py for tasks to queue
[2025-01-15T21:51:11.751+0000] {logging_mixin.py:154} INFO - [2025-01-15T21:51:11.751+0000] {dagbag.py:536} INFO - Filling up the DagBag from /home/airflow/.local/lib/python3.10/site-packages/airflow/example_dags/example_setup_teardown_taskflow.py
[2025-01-15T21:51:11.761+0000] {processor.py:839} INFO - DAG(s) dict_keys(['example_setup_teardown_taskflow']) retrieved from /home/airflow/.local/lib/python3.10/site-packages/airflow/example_dags/example_setup_teardown_taskflow.py
[2025-01-15T21:51:11.782+0000] {logging_mixin.py:154} INFO - [2025-01-15T21:51:11.782+0000] {dag.py:2941} INFO - Sync 1 DAGs
[2025-01-15T21:51:11.803+0000] {logging_mixin.py:154} INFO - [2025-01-15T21:51:11.803+0000] {dag.py:3722} INFO - Setting next_dagrun for example_setup_teardown_taskflow to 2025-01-14T21:51:11.803453+00:00, run_after=2025-01-15T21:51:11.803453+00:00
[2025-01-15T21:51:11.822+0000] {processor.py:179} INFO - Processing /home/airflow/.local/lib/python3.10/site-packages/airflow/example_dags/example_setup_teardown_taskflow.py took 0.078 seconds
[2025-01-15T21:51:42.841+0000] {processor.py:157} INFO - Started process (PID=413) to work on /home/airflow/.local/lib/python3.10/site-packages/airflow/example_dags/example_setup_teardown_taskflow.py
[2025-01-15T21:51:42.842+0000] {processor.py:829} INFO - Processing file /home/airflow/.local/lib/python3.10/site-packages/airflow/example_dags/example_setup_teardown_taskflow.py for tasks to queue
[2025-01-15T21:51:42.843+0000] {logging_mixin.py:154} INFO - [2025-01-15T21:51:42.843+0000] {dagbag.py:536} INFO - Filling up the DagBag from /home/airflow/.local/lib/python3.10/site-packages/airflow/example_dags/example_setup_teardown_taskflow.py
[2025-01-15T21:51:42.851+0000] {processor.py:839} INFO - DAG(s) dict_keys(['example_setup_teardown_taskflow']) retrieved from /home/airflow/.local/lib/python3.10/site-packages/airflow/example_dags/example_setup_teardown_taskflow.py
[2025-01-15T21:51:42.870+0000] {logging_mixin.py:154} INFO - [2025-01-15T21:51:42.870+0000] {dag.py:2941} INFO - Sync 1 DAGs
[2025-01-15T21:51:42.891+0000] {logging_mixin.py:154} INFO - [2025-01-15T21:51:42.891+0000] {dag.py:3722} INFO - Setting next_dagrun for example_setup_teardown_taskflow to 2025-01-14T21:51:42.891139+00:00, run_after=2025-01-15T21:51:42.891139+00:00
[2025-01-15T21:51:42.909+0000] {processor.py:179} INFO - Processing /home/airflow/.local/lib/python3.10/site-packages/airflow/example_dags/example_setup_teardown_taskflow.py took 0.071 seconds
[2025-01-15T21:52:14.090+0000] {processor.py:157} INFO - Started process (PID=469) to work on /home/airflow/.local/lib/python3.10/site-packages/airflow/example_dags/example_setup_teardown_taskflow.py
[2025-01-15T21:52:14.090+0000] {processor.py:829} INFO - Processing file /home/airflow/.local/lib/python3.10/site-packages/airflow/example_dags/example_setup_teardown_taskflow.py for tasks to queue
[2025-01-15T21:52:14.093+0000] {logging_mixin.py:154} INFO - [2025-01-15T21:52:14.092+0000] {dagbag.py:536} INFO - Filling up the DagBag from /home/airflow/.local/lib/python3.10/site-packages/airflow/example_dags/example_setup_teardown_taskflow.py
[2025-01-15T21:52:14.100+0000] {processor.py:839} INFO - DAG(s) dict_keys(['example_setup_teardown_taskflow']) retrieved from /home/airflow/.local/lib/python3.10/site-packages/airflow/example_dags/example_setup_teardown_taskflow.py
[2025-01-15T21:52:14.121+0000] {logging_mixin.py:154} INFO - [2025-01-15T21:52:14.121+0000] {dag.py:2941} INFO - Sync 1 DAGs
[2025-01-15T21:52:14.141+0000] {logging_mixin.py:154} INFO - [2025-01-15T21:52:14.141+0000] {dag.py:3722} INFO - Setting next_dagrun for example_setup_teardown_taskflow to 2025-01-14T21:52:14.141295+00:00, run_after=2025-01-15T21:52:14.141295+00:00
[2025-01-15T21:52:14.158+0000] {processor.py:179} INFO - Processing /home/airflow/.local/lib/python3.10/site-packages/airflow/example_dags/example_setup_teardown_taskflow.py took 0.071 seconds
[2025-01-15T21:52:44.795+0000] {processor.py:157} INFO - Started process (PID=525) to work on /home/airflow/.local/lib/python3.10/site-packages/airflow/example_dags/example_setup_teardown_taskflow.py
[2025-01-15T21:52:44.796+0000] {processor.py:829} INFO - Processing file /home/airflow/.local/lib/python3.10/site-packages/airflow/example_dags/example_setup_teardown_taskflow.py for tasks to queue
[2025-01-15T21:52:44.798+0000] {logging_mixin.py:154} INFO - [2025-01-15T21:52:44.797+0000] {dagbag.py:536} INFO - Filling up the DagBag from /home/airflow/.local/lib/python3.10/site-packages/airflow/example_dags/example_setup_teardown_taskflow.py
[2025-01-15T21:52:44.806+0000] {processor.py:839} INFO - DAG(s) dict_keys(['example_setup_teardown_taskflow']) retrieved from /home/airflow/.local/lib/python3.10/site-packages/airflow/example_dags/example_setup_teardown_taskflow.py
[2025-01-15T21:52:44.826+0000] {logging_mixin.py:154} INFO - [2025-01-15T21:52:44.826+0000] {dag.py:2941} INFO - Sync 1 DAGs
[2025-01-15T21:52:44.847+0000] {logging_mixin.py:154} INFO - [2025-01-15T21:52:44.847+0000] {dag.py:3722} INFO - Setting next_dagrun for example_setup_teardown_taskflow to 2025-01-14T21:52:44.846814+00:00, run_after=2025-01-15T21:52:44.846814+00:00
[2025-01-15T21:52:44.863+0000] {processor.py:179} INFO - Processing /home/airflow/.local/lib/python3.10/site-packages/airflow/example_dags/example_setup_teardown_taskflow.py took 0.071 seconds
[2025-01-15T21:53:15.664+0000] {processor.py:157} INFO - Started process (PID=581) to work on /home/airflow/.local/lib/python3.10/site-packages/airflow/example_dags/example_setup_teardown_taskflow.py
[2025-01-15T21:53:15.665+0000] {processor.py:829} INFO - Processing file /home/airflow/.local/lib/python3.10/site-packages/airflow/example_dags/example_setup_teardown_taskflow.py for tasks to queue
[2025-01-15T21:53:15.667+0000] {logging_mixin.py:154} INFO - [2025-01-15T21:53:15.666+0000] {dagbag.py:536} INFO - Filling up the DagBag from /home/airflow/.local/lib/python3.10/site-packages/airflow/example_dags/example_setup_teardown_taskflow.py
[2025-01-15T21:53:15.675+0000] {processor.py:839} INFO - DAG(s) dict_keys(['example_setup_teardown_taskflow']) retrieved from /home/airflow/.local/lib/python3.10/site-packages/airflow/example_dags/example_setup_teardown_taskflow.py
[2025-01-15T21:53:15.695+0000] {logging_mixin.py:154} INFO - [2025-01-15T21:53:15.694+0000] {dag.py:2941} INFO - Sync 1 DAGs
[2025-01-15T21:53:15.716+0000] {logging_mixin.py:154} INFO - [2025-01-15T21:53:15.716+0000] {dag.py:3722} INFO - Setting next_dagrun for example_setup_teardown_taskflow to 2025-01-14T21:53:15.716303+00:00, run_after=2025-01-15T21:53:15.716303+00:00
[2025-01-15T21:53:15.733+0000] {processor.py:179} INFO - Processing /home/airflow/.local/lib/python3.10/site-packages/airflow/example_dags/example_setup_teardown_taskflow.py took 0.072 seconds
[2025-01-15T21:53:46.953+0000] {processor.py:157} INFO - Started process (PID=637) to work on /home/airflow/.local/lib/python3.10/site-packages/airflow/example_dags/example_setup_teardown_taskflow.py
[2025-01-15T21:53:46.954+0000] {processor.py:829} INFO - Processing file /home/airflow/.local/lib/python3.10/site-packages/airflow/example_dags/example_setup_teardown_taskflow.py for tasks to queue
[2025-01-15T21:53:46.956+0000] {logging_mixin.py:154} INFO - [2025-01-15T21:53:46.956+0000] {dagbag.py:536} INFO - Filling up the DagBag from /home/airflow/.local/lib/python3.10/site-packages/airflow/example_dags/example_setup_teardown_taskflow.py
[2025-01-15T21:53:46.964+0000] {processor.py:839} INFO - DAG(s) dict_keys(['example_setup_teardown_taskflow']) retrieved from /home/airflow/.local/lib/python3.10/site-packages/airflow/example_dags/example_setup_teardown_taskflow.py
[2025-01-15T21:53:46.984+0000] {logging_mixin.py:154} INFO - [2025-01-15T21:53:46.984+0000] {dag.py:2941} INFO - Sync 1 DAGs
[2025-01-15T21:53:47.004+0000] {logging_mixin.py:154} INFO - [2025-01-15T21:53:47.004+0000] {dag.py:3722} INFO - Setting next_dagrun for example_setup_teardown_taskflow to 2025-01-14T21:53:47.004063+00:00, run_after=2025-01-15T21:53:47.004063+00:00
[2025-01-15T21:53:47.024+0000] {processor.py:179} INFO - Processing /home/airflow/.local/lib/python3.10/site-packages/airflow/example_dags/example_setup_teardown_taskflow.py took 0.073 seconds
[2025-01-15T21:54:17.873+0000] {processor.py:157} INFO - Started process (PID=693) to work on /home/airflow/.local/lib/python3.10/site-packages/airflow/example_dags/example_setup_teardown_taskflow.py
[2025-01-15T21:54:17.874+0000] {processor.py:829} INFO - Processing file /home/airflow/.local/lib/python3.10/site-packages/airflow/example_dags/example_setup_teardown_taskflow.py for tasks to queue
[2025-01-15T21:54:17.876+0000] {logging_mixin.py:154} INFO - [2025-01-15T21:54:17.875+0000] {dagbag.py:536} INFO - Filling up the DagBag from /home/airflow/.local/lib/python3.10/site-packages/airflow/example_dags/example_setup_teardown_taskflow.py
[2025-01-15T21:54:17.884+0000] {processor.py:839} INFO - DAG(s) dict_keys(['example_setup_teardown_taskflow']) retrieved from /home/airflow/.local/lib/python3.10/site-packages/airflow/example_dags/example_setup_teardown_taskflow.py
[2025-01-15T21:54:17.904+0000] {logging_mixin.py:154} INFO - [2025-01-15T21:54:17.904+0000] {dag.py:2941} INFO - Sync 1 DAGs
[2025-01-15T21:54:17.925+0000] {logging_mixin.py:154} INFO - [2025-01-15T21:54:17.925+0000] {dag.py:3722} INFO - Setting next_dagrun for example_setup_teardown_taskflow to 2025-01-14T21:54:17.925246+00:00, run_after=2025-01-15T21:54:17.925246+00:00
[2025-01-15T21:54:17.946+0000] {processor.py:179} INFO - Processing /home/airflow/.local/lib/python3.10/site-packages/airflow/example_dags/example_setup_teardown_taskflow.py took 0.076 seconds
[2025-01-15T21:54:48.795+0000] {processor.py:157} INFO - Started process (PID=749) to work on /home/airflow/.local/lib/python3.10/site-packages/airflow/example_dags/example_setup_teardown_taskflow.py
[2025-01-15T21:54:48.796+0000] {processor.py:829} INFO - Processing file /home/airflow/.local/lib/python3.10/site-packages/airflow/example_dags/example_setup_teardown_taskflow.py for tasks to queue
[2025-01-15T21:54:48.798+0000] {logging_mixin.py:154} INFO - [2025-01-15T21:54:48.798+0000] {dagbag.py:536} INFO - Filling up the DagBag from /home/airflow/.local/lib/python3.10/site-packages/airflow/example_dags/example_setup_teardown_taskflow.py
[2025-01-15T21:54:48.806+0000] {processor.py:839} INFO - DAG(s) dict_keys(['example_setup_teardown_taskflow']) retrieved from /home/airflow/.local/lib/python3.10/site-packages/airflow/example_dags/example_setup_teardown_taskflow.py
[2025-01-15T21:54:48.826+0000] {logging_mixin.py:154} INFO - [2025-01-15T21:54:48.826+0000] {dag.py:2941} INFO - Sync 1 DAGs
[2025-01-15T21:54:48.845+0000] {logging_mixin.py:154} INFO - [2025-01-15T21:54:48.845+0000] {dag.py:3722} INFO - Setting next_dagrun for example_setup_teardown_taskflow to 2025-01-14T21:54:48.844986+00:00, run_after=2025-01-15T21:54:48.844986+00:00
[2025-01-15T21:54:49.026+0000] {processor.py:179} INFO - Processing /home/airflow/.local/lib/python3.10/site-packages/airflow/example_dags/example_setup_teardown_taskflow.py took 0.234 seconds
[2025-01-15T21:55:19.396+0000] {processor.py:157} INFO - Started process (PID=805) to work on /home/airflow/.local/lib/python3.10/site-packages/airflow/example_dags/example_setup_teardown_taskflow.py
[2025-01-15T21:55:19.397+0000] {processor.py:829} INFO - Processing file /home/airflow/.local/lib/python3.10/site-packages/airflow/example_dags/example_setup_teardown_taskflow.py for tasks to queue
[2025-01-15T21:55:19.399+0000] {logging_mixin.py:154} INFO - [2025-01-15T21:55:19.399+0000] {dagbag.py:536} INFO - Filling up the DagBag from /home/airflow/.local/lib/python3.10/site-packages/airflow/example_dags/example_setup_teardown_taskflow.py
[2025-01-15T21:55:19.407+0000] {processor.py:839} INFO - DAG(s) dict_keys(['example_setup_teardown_taskflow']) retrieved from /home/airflow/.local/lib/python3.10/site-packages/airflow/example_dags/example_setup_teardown_taskflow.py
[2025-01-15T21:55:19.426+0000] {logging_mixin.py:154} INFO - [2025-01-15T21:55:19.426+0000] {dag.py:2941} INFO - Sync 1 DAGs
[2025-01-15T21:55:19.445+0000] {logging_mixin.py:154} INFO - [2025-01-15T21:55:19.445+0000] {dag.py:3722} INFO - Setting next_dagrun for example_setup_teardown_taskflow to 2025-01-14T21:55:19.445115+00:00, run_after=2025-01-15T21:55:19.445115+00:00
[2025-01-15T21:55:19.460+0000] {processor.py:179} INFO - Processing /home/airflow/.local/lib/python3.10/site-packages/airflow/example_dags/example_setup_teardown_taskflow.py took 0.067 seconds
[2025-01-15T21:55:50.479+0000] {processor.py:157} INFO - Started process (PID=868) to work on /home/airflow/.local/lib/python3.10/site-packages/airflow/example_dags/example_setup_teardown_taskflow.py
[2025-01-15T21:55:50.480+0000] {processor.py:829} INFO - Processing file /home/airflow/.local/lib/python3.10/site-packages/airflow/example_dags/example_setup_teardown_taskflow.py for tasks to queue
[2025-01-15T21:55:50.484+0000] {logging_mixin.py:154} INFO - [2025-01-15T21:55:50.483+0000] {dagbag.py:536} INFO - Filling up the DagBag from /home/airflow/.local/lib/python3.10/site-packages/airflow/example_dags/example_setup_teardown_taskflow.py
[2025-01-15T21:55:50.498+0000] {processor.py:839} INFO - DAG(s) dict_keys(['example_setup_teardown_taskflow']) retrieved from /home/airflow/.local/lib/python3.10/site-packages/airflow/example_dags/example_setup_teardown_taskflow.py
[2025-01-15T21:55:50.530+0000] {logging_mixin.py:154} INFO - [2025-01-15T21:55:50.530+0000] {dag.py:2941} INFO - Sync 1 DAGs
[2025-01-15T21:55:50.577+0000] {logging_mixin.py:154} INFO - [2025-01-15T21:55:50.577+0000] {dag.py:3722} INFO - Setting next_dagrun for example_setup_teardown_taskflow to 2025-01-14T21:55:50.577101+00:00, run_after=2025-01-15T21:55:50.577101+00:00
[2025-01-15T21:55:50.618+0000] {processor.py:179} INFO - Processing /home/airflow/.local/lib/python3.10/site-packages/airflow/example_dags/example_setup_teardown_taskflow.py took 0.144 seconds
[2025-01-15T21:56:21.211+0000] {processor.py:157} INFO - Started process (PID=924) to work on /home/airflow/.local/lib/python3.10/site-packages/airflow/example_dags/example_setup_teardown_taskflow.py
[2025-01-15T21:56:21.212+0000] {processor.py:829} INFO - Processing file /home/airflow/.local/lib/python3.10/site-packages/airflow/example_dags/example_setup_teardown_taskflow.py for tasks to queue
[2025-01-15T21:56:21.214+0000] {logging_mixin.py:154} INFO - [2025-01-15T21:56:21.214+0000] {dagbag.py:536} INFO - Filling up the DagBag from /home/airflow/.local/lib/python3.10/site-packages/airflow/example_dags/example_setup_teardown_taskflow.py
[2025-01-15T21:56:21.222+0000] {processor.py:839} INFO - DAG(s) dict_keys(['example_setup_teardown_taskflow']) retrieved from /home/airflow/.local/lib/python3.10/site-packages/airflow/example_dags/example_setup_teardown_taskflow.py
[2025-01-15T21:56:21.242+0000] {logging_mixin.py:154} INFO - [2025-01-15T21:56:21.241+0000] {dag.py:2941} INFO - Sync 1 DAGs
[2025-01-15T21:56:21.410+0000] {logging_mixin.py:154} INFO - [2025-01-15T21:56:21.409+0000] {dag.py:3722} INFO - Setting next_dagrun for example_setup_teardown_taskflow to 2025-01-14T21:56:21.409682+00:00, run_after=2025-01-15T21:56:21.409682+00:00
[2025-01-15T21:56:21.425+0000] {processor.py:179} INFO - Processing /home/airflow/.local/lib/python3.10/site-packages/airflow/example_dags/example_setup_teardown_taskflow.py took 0.217 seconds
[2025-01-15T21:56:51.484+0000] {processor.py:157} INFO - Started process (PID=980) to work on /home/airflow/.local/lib/python3.10/site-packages/airflow/example_dags/example_setup_teardown_taskflow.py
[2025-01-15T21:56:51.485+0000] {processor.py:829} INFO - Processing file /home/airflow/.local/lib/python3.10/site-packages/airflow/example_dags/example_setup_teardown_taskflow.py for tasks to queue
[2025-01-15T21:56:51.487+0000] {logging_mixin.py:154} INFO - [2025-01-15T21:56:51.486+0000] {dagbag.py:536} INFO - Filling up the DagBag from /home/airflow/.local/lib/python3.10/site-packages/airflow/example_dags/example_setup_teardown_taskflow.py
[2025-01-15T21:56:51.495+0000] {processor.py:839} INFO - DAG(s) dict_keys(['example_setup_teardown_taskflow']) retrieved from /home/airflow/.local/lib/python3.10/site-packages/airflow/example_dags/example_setup_teardown_taskflow.py
[2025-01-15T21:56:51.514+0000] {logging_mixin.py:154} INFO - [2025-01-15T21:56:51.513+0000] {dag.py:2941} INFO - Sync 1 DAGs
[2025-01-15T21:56:51.533+0000] {logging_mixin.py:154} INFO - [2025-01-15T21:56:51.533+0000] {dag.py:3722} INFO - Setting next_dagrun for example_setup_teardown_taskflow to 2025-01-14T21:56:51.533238+00:00, run_after=2025-01-15T21:56:51.533238+00:00
[2025-01-15T21:56:51.549+0000] {processor.py:179} INFO - Processing /home/airflow/.local/lib/python3.10/site-packages/airflow/example_dags/example_setup_teardown_taskflow.py took 0.068 seconds
[2025-01-15T21:57:21.920+0000] {processor.py:157} INFO - Started process (PID=1036) to work on /home/airflow/.local/lib/python3.10/site-packages/airflow/example_dags/example_setup_teardown_taskflow.py
[2025-01-15T21:57:21.921+0000] {processor.py:829} INFO - Processing file /home/airflow/.local/lib/python3.10/site-packages/airflow/example_dags/example_setup_teardown_taskflow.py for tasks to queue
[2025-01-15T21:57:21.923+0000] {logging_mixin.py:154} INFO - [2025-01-15T21:57:21.923+0000] {dagbag.py:536} INFO - Filling up the DagBag from /home/airflow/.local/lib/python3.10/site-packages/airflow/example_dags/example_setup_teardown_taskflow.py
[2025-01-15T21:57:21.931+0000] {processor.py:839} INFO - DAG(s) dict_keys(['example_setup_teardown_taskflow']) retrieved from /home/airflow/.local/lib/python3.10/site-packages/airflow/example_dags/example_setup_teardown_taskflow.py
[2025-01-15T21:57:21.950+0000] {logging_mixin.py:154} INFO - [2025-01-15T21:57:21.950+0000] {dag.py:2941} INFO - Sync 1 DAGs
[2025-01-15T21:57:21.968+0000] {logging_mixin.py:154} INFO - [2025-01-15T21:57:21.968+0000] {dag.py:3722} INFO - Setting next_dagrun for example_setup_teardown_taskflow to 2025-01-14T21:57:21.968413+00:00, run_after=2025-01-15T21:57:21.968413+00:00
[2025-01-15T21:57:21.985+0000] {processor.py:179} INFO - Processing /home/airflow/.local/lib/python3.10/site-packages/airflow/example_dags/example_setup_teardown_taskflow.py took 0.067 seconds
[2025-01-15T21:57:53.082+0000] {processor.py:157} INFO - Started process (PID=1092) to work on /home/airflow/.local/lib/python3.10/site-packages/airflow/example_dags/example_setup_teardown_taskflow.py
[2025-01-15T21:57:53.083+0000] {processor.py:829} INFO - Processing file /home/airflow/.local/lib/python3.10/site-packages/airflow/example_dags/example_setup_teardown_taskflow.py for tasks to queue
[2025-01-15T21:57:53.085+0000] {logging_mixin.py:154} INFO - [2025-01-15T21:57:53.085+0000] {dagbag.py:536} INFO - Filling up the DagBag from /home/airflow/.local/lib/python3.10/site-packages/airflow/example_dags/example_setup_teardown_taskflow.py
[2025-01-15T21:57:53.094+0000] {processor.py:839} INFO - DAG(s) dict_keys(['example_setup_teardown_taskflow']) retrieved from /home/airflow/.local/lib/python3.10/site-packages/airflow/example_dags/example_setup_teardown_taskflow.py
[2025-01-15T21:57:53.115+0000] {logging_mixin.py:154} INFO - [2025-01-15T21:57:53.115+0000] {dag.py:2941} INFO - Sync 1 DAGs
[2025-01-15T21:57:53.290+0000] {logging_mixin.py:154} INFO - [2025-01-15T21:57:53.290+0000] {dag.py:3722} INFO - Setting next_dagrun for example_setup_teardown_taskflow to 2025-01-14T21:57:53.290003+00:00, run_after=2025-01-15T21:57:53.290003+00:00
[2025-01-15T21:57:53.306+0000] {processor.py:179} INFO - Processing /home/airflow/.local/lib/python3.10/site-packages/airflow/example_dags/example_setup_teardown_taskflow.py took 0.227 seconds
[2025-01-15T21:58:23.756+0000] {processor.py:157} INFO - Started process (PID=1148) to work on /home/airflow/.local/lib/python3.10/site-packages/airflow/example_dags/example_setup_teardown_taskflow.py
[2025-01-15T21:58:23.756+0000] {processor.py:829} INFO - Processing file /home/airflow/.local/lib/python3.10/site-packages/airflow/example_dags/example_setup_teardown_taskflow.py for tasks to queue
[2025-01-15T21:58:23.758+0000] {logging_mixin.py:154} INFO - [2025-01-15T21:58:23.758+0000] {dagbag.py:536} INFO - Filling up the DagBag from /home/airflow/.local/lib/python3.10/site-packages/airflow/example_dags/example_setup_teardown_taskflow.py
[2025-01-15T21:58:23.767+0000] {processor.py:839} INFO - DAG(s) dict_keys(['example_setup_teardown_taskflow']) retrieved from /home/airflow/.local/lib/python3.10/site-packages/airflow/example_dags/example_setup_teardown_taskflow.py
[2025-01-15T21:58:23.789+0000] {logging_mixin.py:154} INFO - [2025-01-15T21:58:23.788+0000] {dag.py:2941} INFO - Sync 1 DAGs
[2025-01-15T21:58:23.809+0000] {logging_mixin.py:154} INFO - [2025-01-15T21:58:23.809+0000] {dag.py:3722} INFO - Setting next_dagrun for example_setup_teardown_taskflow to 2025-01-14T21:58:23.809273+00:00, run_after=2025-01-15T21:58:23.809273+00:00
[2025-01-15T21:58:23.826+0000] {processor.py:179} INFO - Processing /home/airflow/.local/lib/python3.10/site-packages/airflow/example_dags/example_setup_teardown_taskflow.py took 0.073 seconds
[2025-01-15T21:58:54.417+0000] {processor.py:157} INFO - Started process (PID=1204) to work on /home/airflow/.local/lib/python3.10/site-packages/airflow/example_dags/example_setup_teardown_taskflow.py
[2025-01-15T21:58:54.418+0000] {processor.py:829} INFO - Processing file /home/airflow/.local/lib/python3.10/site-packages/airflow/example_dags/example_setup_teardown_taskflow.py for tasks to queue
[2025-01-15T21:58:54.421+0000] {logging_mixin.py:154} INFO - [2025-01-15T21:58:54.421+0000] {dagbag.py:536} INFO - Filling up the DagBag from /home/airflow/.local/lib/python3.10/site-packages/airflow/example_dags/example_setup_teardown_taskflow.py
[2025-01-15T21:58:54.433+0000] {processor.py:839} INFO - DAG(s) dict_keys(['example_setup_teardown_taskflow']) retrieved from /home/airflow/.local/lib/python3.10/site-packages/airflow/example_dags/example_setup_teardown_taskflow.py
[2025-01-15T21:58:54.461+0000] {logging_mixin.py:154} INFO - [2025-01-15T21:58:54.461+0000] {dag.py:2941} INFO - Sync 1 DAGs
[2025-01-15T21:58:54.488+0000] {logging_mixin.py:154} INFO - [2025-01-15T21:58:54.488+0000] {dag.py:3722} INFO - Setting next_dagrun for example_setup_teardown_taskflow to 2025-01-14T21:58:54.488341+00:00, run_after=2025-01-15T21:58:54.488341+00:00
[2025-01-15T21:58:54.513+0000] {processor.py:179} INFO - Processing /home/airflow/.local/lib/python3.10/site-packages/airflow/example_dags/example_setup_teardown_taskflow.py took 0.101 seconds
[2025-01-15T21:59:25.134+0000] {processor.py:157} INFO - Started process (PID=1260) to work on /home/airflow/.local/lib/python3.10/site-packages/airflow/example_dags/example_setup_teardown_taskflow.py
[2025-01-15T21:59:25.135+0000] {processor.py:829} INFO - Processing file /home/airflow/.local/lib/python3.10/site-packages/airflow/example_dags/example_setup_teardown_taskflow.py for tasks to queue
[2025-01-15T21:59:25.137+0000] {logging_mixin.py:154} INFO - [2025-01-15T21:59:25.136+0000] {dagbag.py:536} INFO - Filling up the DagBag from /home/airflow/.local/lib/python3.10/site-packages/airflow/example_dags/example_setup_teardown_taskflow.py
[2025-01-15T21:59:25.144+0000] {processor.py:839} INFO - DAG(s) dict_keys(['example_setup_teardown_taskflow']) retrieved from /home/airflow/.local/lib/python3.10/site-packages/airflow/example_dags/example_setup_teardown_taskflow.py
[2025-01-15T21:59:25.163+0000] {logging_mixin.py:154} INFO - [2025-01-15T21:59:25.163+0000] {dag.py:2941} INFO - Sync 1 DAGs
[2025-01-15T21:59:25.346+0000] {logging_mixin.py:154} INFO - [2025-01-15T21:59:25.346+0000] {dag.py:3722} INFO - Setting next_dagrun for example_setup_teardown_taskflow to 2025-01-14T21:59:25.346521+00:00, run_after=2025-01-15T21:59:25.346521+00:00
[2025-01-15T21:59:25.363+0000] {processor.py:179} INFO - Processing /home/airflow/.local/lib/python3.10/site-packages/airflow/example_dags/example_setup_teardown_taskflow.py took 0.232 seconds
[2025-01-15T21:59:55.708+0000] {processor.py:157} INFO - Started process (PID=1316) to work on /home/airflow/.local/lib/python3.10/site-packages/airflow/example_dags/example_setup_teardown_taskflow.py
[2025-01-15T21:59:55.709+0000] {processor.py:829} INFO - Processing file /home/airflow/.local/lib/python3.10/site-packages/airflow/example_dags/example_setup_teardown_taskflow.py for tasks to queue
[2025-01-15T21:59:55.710+0000] {logging_mixin.py:154} INFO - [2025-01-15T21:59:55.710+0000] {dagbag.py:536} INFO - Filling up the DagBag from /home/airflow/.local/lib/python3.10/site-packages/airflow/example_dags/example_setup_teardown_taskflow.py
[2025-01-15T21:59:55.719+0000] {processor.py:839} INFO - DAG(s) dict_keys(['example_setup_teardown_taskflow']) retrieved from /home/airflow/.local/lib/python3.10/site-packages/airflow/example_dags/example_setup_teardown_taskflow.py
[2025-01-15T21:59:55.739+0000] {logging_mixin.py:154} INFO - [2025-01-15T21:59:55.739+0000] {dag.py:2941} INFO - Sync 1 DAGs
[2025-01-15T21:59:55.761+0000] {logging_mixin.py:154} INFO - [2025-01-15T21:59:55.761+0000] {dag.py:3722} INFO - Setting next_dagrun for example_setup_teardown_taskflow to 2025-01-14T21:59:55.760860+00:00, run_after=2025-01-15T21:59:55.760860+00:00
[2025-01-15T21:59:55.778+0000] {processor.py:179} INFO - Processing /home/airflow/.local/lib/python3.10/site-packages/airflow/example_dags/example_setup_teardown_taskflow.py took 0.073 seconds
[2025-01-15T22:00:27.002+0000] {processor.py:157} INFO - Started process (PID=1372) to work on /home/airflow/.local/lib/python3.10/site-packages/airflow/example_dags/example_setup_teardown_taskflow.py
[2025-01-15T22:00:27.003+0000] {processor.py:829} INFO - Processing file /home/airflow/.local/lib/python3.10/site-packages/airflow/example_dags/example_setup_teardown_taskflow.py for tasks to queue
[2025-01-15T22:00:27.005+0000] {logging_mixin.py:154} INFO - [2025-01-15T22:00:27.005+0000] {dagbag.py:536} INFO - Filling up the DagBag from /home/airflow/.local/lib/python3.10/site-packages/airflow/example_dags/example_setup_teardown_taskflow.py
[2025-01-15T22:00:27.014+0000] {processor.py:839} INFO - DAG(s) dict_keys(['example_setup_teardown_taskflow']) retrieved from /home/airflow/.local/lib/python3.10/site-packages/airflow/example_dags/example_setup_teardown_taskflow.py
[2025-01-15T22:00:27.035+0000] {logging_mixin.py:154} INFO - [2025-01-15T22:00:27.035+0000] {dag.py:2941} INFO - Sync 1 DAGs
[2025-01-15T22:00:27.055+0000] {logging_mixin.py:154} INFO - [2025-01-15T22:00:27.055+0000] {dag.py:3722} INFO - Setting next_dagrun for example_setup_teardown_taskflow to 2025-01-14T22:00:27.054797+00:00, run_after=2025-01-15T22:00:27.054797+00:00
[2025-01-15T22:00:27.072+0000] {processor.py:179} INFO - Processing /home/airflow/.local/lib/python3.10/site-packages/airflow/example_dags/example_setup_teardown_taskflow.py took 0.073 seconds
[2025-01-15T22:00:57.647+0000] {processor.py:157} INFO - Started process (PID=1428) to work on /home/airflow/.local/lib/python3.10/site-packages/airflow/example_dags/example_setup_teardown_taskflow.py
[2025-01-15T22:00:57.649+0000] {processor.py:829} INFO - Processing file /home/airflow/.local/lib/python3.10/site-packages/airflow/example_dags/example_setup_teardown_taskflow.py for tasks to queue
[2025-01-15T22:00:57.651+0000] {logging_mixin.py:154} INFO - [2025-01-15T22:00:57.650+0000] {dagbag.py:536} INFO - Filling up the DagBag from /home/airflow/.local/lib/python3.10/site-packages/airflow/example_dags/example_setup_teardown_taskflow.py
[2025-01-15T22:00:57.659+0000] {processor.py:839} INFO - DAG(s) dict_keys(['example_setup_teardown_taskflow']) retrieved from /home/airflow/.local/lib/python3.10/site-packages/airflow/example_dags/example_setup_teardown_taskflow.py
[2025-01-15T22:00:57.679+0000] {logging_mixin.py:154} INFO - [2025-01-15T22:00:57.679+0000] {dag.py:2941} INFO - Sync 1 DAGs
[2025-01-15T22:00:57.927+0000] {logging_mixin.py:154} INFO - [2025-01-15T22:00:57.927+0000] {dag.py:3722} INFO - Setting next_dagrun for example_setup_teardown_taskflow to 2025-01-14T22:00:57.927282+00:00, run_after=2025-01-15T22:00:57.927282+00:00
[2025-01-15T22:00:57.946+0000] {processor.py:179} INFO - Processing /home/airflow/.local/lib/python3.10/site-packages/airflow/example_dags/example_setup_teardown_taskflow.py took 0.301 seconds
[2025-01-15T22:01:28.287+0000] {processor.py:157} INFO - Started process (PID=1484) to work on /home/airflow/.local/lib/python3.10/site-packages/airflow/example_dags/example_setup_teardown_taskflow.py
[2025-01-15T22:01:28.288+0000] {processor.py:829} INFO - Processing file /home/airflow/.local/lib/python3.10/site-packages/airflow/example_dags/example_setup_teardown_taskflow.py for tasks to queue
[2025-01-15T22:01:28.291+0000] {logging_mixin.py:154} INFO - [2025-01-15T22:01:28.291+0000] {dagbag.py:536} INFO - Filling up the DagBag from /home/airflow/.local/lib/python3.10/site-packages/airflow/example_dags/example_setup_teardown_taskflow.py
[2025-01-15T22:01:28.300+0000] {processor.py:839} INFO - DAG(s) dict_keys(['example_setup_teardown_taskflow']) retrieved from /home/airflow/.local/lib/python3.10/site-packages/airflow/example_dags/example_setup_teardown_taskflow.py
[2025-01-15T22:01:28.324+0000] {logging_mixin.py:154} INFO - [2025-01-15T22:01:28.324+0000] {dag.py:2941} INFO - Sync 1 DAGs
[2025-01-15T22:01:28.347+0000] {logging_mixin.py:154} INFO - [2025-01-15T22:01:28.347+0000] {dag.py:3722} INFO - Setting next_dagrun for example_setup_teardown_taskflow to 2025-01-14T22:01:28.346951+00:00, run_after=2025-01-15T22:01:28.346951+00:00
[2025-01-15T22:01:28.371+0000] {processor.py:179} INFO - Processing /home/airflow/.local/lib/python3.10/site-packages/airflow/example_dags/example_setup_teardown_taskflow.py took 0.088 seconds
[2025-01-15T22:01:59.135+0000] {processor.py:157} INFO - Started process (PID=1540) to work on /home/airflow/.local/lib/python3.10/site-packages/airflow/example_dags/example_setup_teardown_taskflow.py
[2025-01-15T22:01:59.136+0000] {processor.py:829} INFO - Processing file /home/airflow/.local/lib/python3.10/site-packages/airflow/example_dags/example_setup_teardown_taskflow.py for tasks to queue
[2025-01-15T22:01:59.138+0000] {logging_mixin.py:154} INFO - [2025-01-15T22:01:59.138+0000] {dagbag.py:536} INFO - Filling up the DagBag from /home/airflow/.local/lib/python3.10/site-packages/airflow/example_dags/example_setup_teardown_taskflow.py
[2025-01-15T22:01:59.147+0000] {processor.py:839} INFO - DAG(s) dict_keys(['example_setup_teardown_taskflow']) retrieved from /home/airflow/.local/lib/python3.10/site-packages/airflow/example_dags/example_setup_teardown_taskflow.py
[2025-01-15T22:01:59.167+0000] {logging_mixin.py:154} INFO - [2025-01-15T22:01:59.166+0000] {dag.py:2941} INFO - Sync 1 DAGs
[2025-01-15T22:01:59.186+0000] {logging_mixin.py:154} INFO - [2025-01-15T22:01:59.186+0000] {dag.py:3722} INFO - Setting next_dagrun for example_setup_teardown_taskflow to 2025-01-14T22:01:59.186000+00:00, run_after=2025-01-15T22:01:59.186000+00:00
[2025-01-15T22:01:59.203+0000] {processor.py:179} INFO - Processing /home/airflow/.local/lib/python3.10/site-packages/airflow/example_dags/example_setup_teardown_taskflow.py took 0.071 seconds
[2025-01-15T22:02:29.586+0000] {processor.py:157} INFO - Started process (PID=1596) to work on /home/airflow/.local/lib/python3.10/site-packages/airflow/example_dags/example_setup_teardown_taskflow.py
[2025-01-15T22:02:29.587+0000] {processor.py:829} INFO - Processing file /home/airflow/.local/lib/python3.10/site-packages/airflow/example_dags/example_setup_teardown_taskflow.py for tasks to queue
[2025-01-15T22:02:29.589+0000] {logging_mixin.py:154} INFO - [2025-01-15T22:02:29.589+0000] {dagbag.py:536} INFO - Filling up the DagBag from /home/airflow/.local/lib/python3.10/site-packages/airflow/example_dags/example_setup_teardown_taskflow.py
[2025-01-15T22:02:29.598+0000] {processor.py:839} INFO - DAG(s) dict_keys(['example_setup_teardown_taskflow']) retrieved from /home/airflow/.local/lib/python3.10/site-packages/airflow/example_dags/example_setup_teardown_taskflow.py
[2025-01-15T22:02:29.619+0000] {logging_mixin.py:154} INFO - [2025-01-15T22:02:29.619+0000] {dag.py:2941} INFO - Sync 1 DAGs
[2025-01-15T22:02:29.806+0000] {logging_mixin.py:154} INFO - [2025-01-15T22:02:29.806+0000] {dag.py:3722} INFO - Setting next_dagrun for example_setup_teardown_taskflow to 2025-01-14T22:02:29.805986+00:00, run_after=2025-01-15T22:02:29.805986+00:00
[2025-01-15T22:02:29.822+0000] {processor.py:179} INFO - Processing /home/airflow/.local/lib/python3.10/site-packages/airflow/example_dags/example_setup_teardown_taskflow.py took 0.240 seconds
[2025-01-15T22:04:08.293+0000] {processor.py:157} INFO - Started process (PID=76) to work on /home/airflow/.local/lib/python3.10/site-packages/airflow/example_dags/example_setup_teardown_taskflow.py
[2025-01-15T22:04:08.294+0000] {processor.py:829} INFO - Processing file /home/airflow/.local/lib/python3.10/site-packages/airflow/example_dags/example_setup_teardown_taskflow.py for tasks to queue
[2025-01-15T22:04:08.296+0000] {logging_mixin.py:154} INFO - [2025-01-15T22:04:08.296+0000] {dagbag.py:536} INFO - Filling up the DagBag from /home/airflow/.local/lib/python3.10/site-packages/airflow/example_dags/example_setup_teardown_taskflow.py
[2025-01-15T22:04:08.308+0000] {processor.py:839} INFO - DAG(s) dict_keys(['example_setup_teardown_taskflow']) retrieved from /home/airflow/.local/lib/python3.10/site-packages/airflow/example_dags/example_setup_teardown_taskflow.py
[2025-01-15T22:04:08.325+0000] {logging_mixin.py:154} INFO - [2025-01-15T22:04:08.325+0000] {dag.py:2941} INFO - Sync 1 DAGs
[2025-01-15T22:04:08.352+0000] {logging_mixin.py:154} INFO - [2025-01-15T22:04:08.351+0000] {dag.py:3722} INFO - Setting next_dagrun for example_setup_teardown_taskflow to 2025-01-14T22:04:08.351482+00:00, run_after=2025-01-15T22:04:08.351482+00:00
[2025-01-15T22:04:08.375+0000] {processor.py:179} INFO - Processing /home/airflow/.local/lib/python3.10/site-packages/airflow/example_dags/example_setup_teardown_taskflow.py took 0.085 seconds
[2025-01-15T22:04:39.653+0000] {processor.py:157} INFO - Started process (PID=132) to work on /home/airflow/.local/lib/python3.10/site-packages/airflow/example_dags/example_setup_teardown_taskflow.py
[2025-01-15T22:04:39.655+0000] {processor.py:829} INFO - Processing file /home/airflow/.local/lib/python3.10/site-packages/airflow/example_dags/example_setup_teardown_taskflow.py for tasks to queue
[2025-01-15T22:04:39.657+0000] {logging_mixin.py:154} INFO - [2025-01-15T22:04:39.657+0000] {dagbag.py:536} INFO - Filling up the DagBag from /home/airflow/.local/lib/python3.10/site-packages/airflow/example_dags/example_setup_teardown_taskflow.py
[2025-01-15T22:04:39.665+0000] {processor.py:839} INFO - DAG(s) dict_keys(['example_setup_teardown_taskflow']) retrieved from /home/airflow/.local/lib/python3.10/site-packages/airflow/example_dags/example_setup_teardown_taskflow.py
[2025-01-15T22:04:39.685+0000] {logging_mixin.py:154} INFO - [2025-01-15T22:04:39.685+0000] {dag.py:2941} INFO - Sync 1 DAGs
[2025-01-15T22:04:39.707+0000] {logging_mixin.py:154} INFO - [2025-01-15T22:04:39.707+0000] {dag.py:3722} INFO - Setting next_dagrun for example_setup_teardown_taskflow to 2025-01-14T22:04:39.706965+00:00, run_after=2025-01-15T22:04:39.706965+00:00
[2025-01-15T22:04:39.724+0000] {processor.py:179} INFO - Processing /home/airflow/.local/lib/python3.10/site-packages/airflow/example_dags/example_setup_teardown_taskflow.py took 0.074 seconds
[2025-01-15T22:05:10.795+0000] {processor.py:157} INFO - Started process (PID=188) to work on /home/airflow/.local/lib/python3.10/site-packages/airflow/example_dags/example_setup_teardown_taskflow.py
[2025-01-15T22:05:10.796+0000] {processor.py:829} INFO - Processing file /home/airflow/.local/lib/python3.10/site-packages/airflow/example_dags/example_setup_teardown_taskflow.py for tasks to queue
[2025-01-15T22:05:10.798+0000] {logging_mixin.py:154} INFO - [2025-01-15T22:05:10.798+0000] {dagbag.py:536} INFO - Filling up the DagBag from /home/airflow/.local/lib/python3.10/site-packages/airflow/example_dags/example_setup_teardown_taskflow.py
[2025-01-15T22:05:10.806+0000] {processor.py:839} INFO - DAG(s) dict_keys(['example_setup_teardown_taskflow']) retrieved from /home/airflow/.local/lib/python3.10/site-packages/airflow/example_dags/example_setup_teardown_taskflow.py
[2025-01-15T22:05:10.829+0000] {logging_mixin.py:154} INFO - [2025-01-15T22:05:10.829+0000] {dag.py:2941} INFO - Sync 1 DAGs
[2025-01-15T22:05:10.850+0000] {logging_mixin.py:154} INFO - [2025-01-15T22:05:10.850+0000] {dag.py:3722} INFO - Setting next_dagrun for example_setup_teardown_taskflow to 2025-01-14T22:05:10.850480+00:00, run_after=2025-01-15T22:05:10.850480+00:00
[2025-01-15T22:05:10.869+0000] {processor.py:179} INFO - Processing /home/airflow/.local/lib/python3.10/site-packages/airflow/example_dags/example_setup_teardown_taskflow.py took 0.077 seconds
[2025-01-15T22:05:41.393+0000] {processor.py:157} INFO - Started process (PID=244) to work on /home/airflow/.local/lib/python3.10/site-packages/airflow/example_dags/example_setup_teardown_taskflow.py
[2025-01-15T22:05:41.394+0000] {processor.py:829} INFO - Processing file /home/airflow/.local/lib/python3.10/site-packages/airflow/example_dags/example_setup_teardown_taskflow.py for tasks to queue
[2025-01-15T22:05:41.396+0000] {logging_mixin.py:154} INFO - [2025-01-15T22:05:41.396+0000] {dagbag.py:536} INFO - Filling up the DagBag from /home/airflow/.local/lib/python3.10/site-packages/airflow/example_dags/example_setup_teardown_taskflow.py
[2025-01-15T22:05:41.404+0000] {processor.py:839} INFO - DAG(s) dict_keys(['example_setup_teardown_taskflow']) retrieved from /home/airflow/.local/lib/python3.10/site-packages/airflow/example_dags/example_setup_teardown_taskflow.py
[2025-01-15T22:05:41.425+0000] {logging_mixin.py:154} INFO - [2025-01-15T22:05:41.425+0000] {dag.py:2941} INFO - Sync 1 DAGs
[2025-01-15T22:05:41.446+0000] {logging_mixin.py:154} INFO - [2025-01-15T22:05:41.446+0000] {dag.py:3722} INFO - Setting next_dagrun for example_setup_teardown_taskflow to 2025-01-14T22:05:41.446275+00:00, run_after=2025-01-15T22:05:41.446275+00:00
[2025-01-15T22:05:41.465+0000] {processor.py:179} INFO - Processing /home/airflow/.local/lib/python3.10/site-packages/airflow/example_dags/example_setup_teardown_taskflow.py took 0.075 seconds
[2025-01-15T22:06:12.016+0000] {processor.py:157} INFO - Started process (PID=300) to work on /home/airflow/.local/lib/python3.10/site-packages/airflow/example_dags/example_setup_teardown_taskflow.py
[2025-01-15T22:06:12.017+0000] {processor.py:829} INFO - Processing file /home/airflow/.local/lib/python3.10/site-packages/airflow/example_dags/example_setup_teardown_taskflow.py for tasks to queue
[2025-01-15T22:06:12.020+0000] {logging_mixin.py:154} INFO - [2025-01-15T22:06:12.019+0000] {dagbag.py:536} INFO - Filling up the DagBag from /home/airflow/.local/lib/python3.10/site-packages/airflow/example_dags/example_setup_teardown_taskflow.py
[2025-01-15T22:06:12.030+0000] {processor.py:839} INFO - DAG(s) dict_keys(['example_setup_teardown_taskflow']) retrieved from /home/airflow/.local/lib/python3.10/site-packages/airflow/example_dags/example_setup_teardown_taskflow.py
[2025-01-15T22:06:12.052+0000] {logging_mixin.py:154} INFO - [2025-01-15T22:06:12.052+0000] {dag.py:2941} INFO - Sync 1 DAGs
[2025-01-15T22:06:12.076+0000] {logging_mixin.py:154} INFO - [2025-01-15T22:06:12.075+0000] {dag.py:3722} INFO - Setting next_dagrun for example_setup_teardown_taskflow to 2025-01-14T22:06:12.075640+00:00, run_after=2025-01-15T22:06:12.075640+00:00
[2025-01-15T22:06:12.099+0000] {processor.py:179} INFO - Processing /home/airflow/.local/lib/python3.10/site-packages/airflow/example_dags/example_setup_teardown_taskflow.py took 0.087 seconds
[2025-01-15T22:06:42.719+0000] {processor.py:157} INFO - Started process (PID=356) to work on /home/airflow/.local/lib/python3.10/site-packages/airflow/example_dags/example_setup_teardown_taskflow.py
[2025-01-15T22:06:42.720+0000] {processor.py:829} INFO - Processing file /home/airflow/.local/lib/python3.10/site-packages/airflow/example_dags/example_setup_teardown_taskflow.py for tasks to queue
[2025-01-15T22:06:42.722+0000] {logging_mixin.py:154} INFO - [2025-01-15T22:06:42.722+0000] {dagbag.py:536} INFO - Filling up the DagBag from /home/airflow/.local/lib/python3.10/site-packages/airflow/example_dags/example_setup_teardown_taskflow.py
[2025-01-15T22:06:42.732+0000] {processor.py:839} INFO - DAG(s) dict_keys(['example_setup_teardown_taskflow']) retrieved from /home/airflow/.local/lib/python3.10/site-packages/airflow/example_dags/example_setup_teardown_taskflow.py
[2025-01-15T22:06:42.754+0000] {logging_mixin.py:154} INFO - [2025-01-15T22:06:42.754+0000] {dag.py:2941} INFO - Sync 1 DAGs
[2025-01-15T22:06:42.776+0000] {logging_mixin.py:154} INFO - [2025-01-15T22:06:42.776+0000] {dag.py:3722} INFO - Setting next_dagrun for example_setup_teardown_taskflow to 2025-01-14T22:06:42.776299+00:00, run_after=2025-01-15T22:06:42.776299+00:00
[2025-01-15T22:06:42.796+0000] {processor.py:179} INFO - Processing /home/airflow/.local/lib/python3.10/site-packages/airflow/example_dags/example_setup_teardown_taskflow.py took 0.081 seconds
[2025-01-15T22:07:13.219+0000] {processor.py:157} INFO - Started process (PID=412) to work on /home/airflow/.local/lib/python3.10/site-packages/airflow/example_dags/example_setup_teardown_taskflow.py
[2025-01-15T22:07:13.220+0000] {processor.py:829} INFO - Processing file /home/airflow/.local/lib/python3.10/site-packages/airflow/example_dags/example_setup_teardown_taskflow.py for tasks to queue
[2025-01-15T22:07:13.222+0000] {logging_mixin.py:154} INFO - [2025-01-15T22:07:13.222+0000] {dagbag.py:536} INFO - Filling up the DagBag from /home/airflow/.local/lib/python3.10/site-packages/airflow/example_dags/example_setup_teardown_taskflow.py
[2025-01-15T22:07:13.230+0000] {processor.py:839} INFO - DAG(s) dict_keys(['example_setup_teardown_taskflow']) retrieved from /home/airflow/.local/lib/python3.10/site-packages/airflow/example_dags/example_setup_teardown_taskflow.py
[2025-01-15T22:07:13.251+0000] {logging_mixin.py:154} INFO - [2025-01-15T22:07:13.251+0000] {dag.py:2941} INFO - Sync 1 DAGs
[2025-01-15T22:07:13.274+0000] {logging_mixin.py:154} INFO - [2025-01-15T22:07:13.274+0000] {dag.py:3722} INFO - Setting next_dagrun for example_setup_teardown_taskflow to 2025-01-14T22:07:13.274372+00:00, run_after=2025-01-15T22:07:13.274372+00:00
[2025-01-15T22:07:13.295+0000] {processor.py:179} INFO - Processing /home/airflow/.local/lib/python3.10/site-packages/airflow/example_dags/example_setup_teardown_taskflow.py took 0.079 seconds
[2025-01-15T22:08:33.630+0000] {processor.py:157} INFO - Started process (PID=78) to work on /home/airflow/.local/lib/python3.10/site-packages/airflow/example_dags/example_setup_teardown_taskflow.py
[2025-01-15T22:08:33.632+0000] {processor.py:829} INFO - Processing file /home/airflow/.local/lib/python3.10/site-packages/airflow/example_dags/example_setup_teardown_taskflow.py for tasks to queue
[2025-01-15T22:08:33.634+0000] {logging_mixin.py:154} INFO - [2025-01-15T22:08:33.633+0000] {dagbag.py:536} INFO - Filling up the DagBag from /home/airflow/.local/lib/python3.10/site-packages/airflow/example_dags/example_setup_teardown_taskflow.py
[2025-01-15T22:08:33.645+0000] {processor.py:839} INFO - DAG(s) dict_keys(['example_setup_teardown_taskflow']) retrieved from /home/airflow/.local/lib/python3.10/site-packages/airflow/example_dags/example_setup_teardown_taskflow.py
[2025-01-15T22:08:33.659+0000] {logging_mixin.py:154} INFO - [2025-01-15T22:08:33.658+0000] {dag.py:2941} INFO - Sync 1 DAGs
[2025-01-15T22:08:33.683+0000] {logging_mixin.py:154} INFO - [2025-01-15T22:08:33.682+0000] {dag.py:3722} INFO - Setting next_dagrun for example_setup_teardown_taskflow to 2025-01-14T22:08:33.682655+00:00, run_after=2025-01-15T22:08:33.682655+00:00
[2025-01-15T22:08:33.705+0000] {processor.py:179} INFO - Processing /home/airflow/.local/lib/python3.10/site-packages/airflow/example_dags/example_setup_teardown_taskflow.py took 0.078 seconds
[2025-01-15T22:09:05.180+0000] {processor.py:157} INFO - Started process (PID=134) to work on /home/airflow/.local/lib/python3.10/site-packages/airflow/example_dags/example_setup_teardown_taskflow.py
[2025-01-15T22:09:05.181+0000] {processor.py:829} INFO - Processing file /home/airflow/.local/lib/python3.10/site-packages/airflow/example_dags/example_setup_teardown_taskflow.py for tasks to queue
[2025-01-15T22:09:05.183+0000] {logging_mixin.py:154} INFO - [2025-01-15T22:09:05.183+0000] {dagbag.py:536} INFO - Filling up the DagBag from /home/airflow/.local/lib/python3.10/site-packages/airflow/example_dags/example_setup_teardown_taskflow.py
[2025-01-15T22:09:05.194+0000] {processor.py:839} INFO - DAG(s) dict_keys(['example_setup_teardown_taskflow']) retrieved from /home/airflow/.local/lib/python3.10/site-packages/airflow/example_dags/example_setup_teardown_taskflow.py
[2025-01-15T22:09:05.220+0000] {logging_mixin.py:154} INFO - [2025-01-15T22:09:05.220+0000] {dag.py:2941} INFO - Sync 1 DAGs
[2025-01-15T22:09:05.244+0000] {logging_mixin.py:154} INFO - [2025-01-15T22:09:05.244+0000] {dag.py:3722} INFO - Setting next_dagrun for example_setup_teardown_taskflow to 2025-01-14T22:09:05.243950+00:00, run_after=2025-01-15T22:09:05.243950+00:00
[2025-01-15T22:09:05.268+0000] {processor.py:179} INFO - Processing /home/airflow/.local/lib/python3.10/site-packages/airflow/example_dags/example_setup_teardown_taskflow.py took 0.092 seconds
