[2025-01-15T21:47:56.771+0000] {processor.py:157} INFO - Started process (PID=65) to work on /home/airflow/.local/lib/python3.10/site-packages/airflow/example_dags/example_task_group_decorator.py
[2025-01-15T21:47:56.772+0000] {processor.py:829} INFO - Processing file /home/airflow/.local/lib/python3.10/site-packages/airflow/example_dags/example_task_group_decorator.py for tasks to queue
[2025-01-15T21:47:56.775+0000] {logging_mixin.py:154} INFO - [2025-01-15T21:47:56.775+0000] {dagbag.py:536} INFO - Filling up the DagBag from /home/airflow/.local/lib/python3.10/site-packages/airflow/example_dags/example_task_group_decorator.py
[2025-01-15T21:47:56.793+0000] {processor.py:839} INFO - DAG(s) dict_keys(['example_task_group_decorator']) retrieved from /home/airflow/.local/lib/python3.10/site-packages/airflow/example_dags/example_task_group_decorator.py
[2025-01-15T21:47:56.825+0000] {logging_mixin.py:154} INFO - [2025-01-15T21:47:56.824+0000] {dag.py:2941} INFO - Sync 1 DAGs
[2025-01-15T21:47:56.847+0000] {logging_mixin.py:154} INFO - [2025-01-15T21:47:56.846+0000] {dag.py:3722} INFO - Setting next_dagrun for example_task_group_decorator to 2025-01-14T21:47:56.846589+00:00, run_after=2025-01-15T21:47:56.846589+00:00
[2025-01-15T21:47:56.866+0000] {processor.py:179} INFO - Processing /home/airflow/.local/lib/python3.10/site-packages/airflow/example_dags/example_task_group_decorator.py took 0.098 seconds
[2025-01-15T21:48:38.905+0000] {processor.py:157} INFO - Started process (PID=72) to work on /home/airflow/.local/lib/python3.10/site-packages/airflow/example_dags/example_task_group_decorator.py
[2025-01-15T21:48:38.908+0000] {processor.py:829} INFO - Processing file /home/airflow/.local/lib/python3.10/site-packages/airflow/example_dags/example_task_group_decorator.py for tasks to queue
[2025-01-15T21:48:38.914+0000] {logging_mixin.py:154} INFO - [2025-01-15T21:48:38.913+0000] {dagbag.py:536} INFO - Filling up the DagBag from /home/airflow/.local/lib/python3.10/site-packages/airflow/example_dags/example_task_group_decorator.py
[2025-01-15T21:48:38.942+0000] {processor.py:839} INFO - DAG(s) dict_keys(['example_task_group_decorator']) retrieved from /home/airflow/.local/lib/python3.10/site-packages/airflow/example_dags/example_task_group_decorator.py
[2025-01-15T21:48:38.960+0000] {logging_mixin.py:154} INFO - [2025-01-15T21:48:38.960+0000] {dag.py:2941} INFO - Sync 1 DAGs
[2025-01-15T21:48:38.999+0000] {logging_mixin.py:154} INFO - [2025-01-15T21:48:38.999+0000] {dag.py:3722} INFO - Setting next_dagrun for example_task_group_decorator to 2025-01-14T21:48:38.998562+00:00, run_after=2025-01-15T21:48:38.998562+00:00
[2025-01-15T21:48:39.025+0000] {processor.py:179} INFO - Processing /home/airflow/.local/lib/python3.10/site-packages/airflow/example_dags/example_task_group_decorator.py took 0.126 seconds
[2025-01-15T21:49:09.087+0000] {processor.py:157} INFO - Started process (PID=128) to work on /home/airflow/.local/lib/python3.10/site-packages/airflow/example_dags/example_task_group_decorator.py
[2025-01-15T21:49:09.088+0000] {processor.py:829} INFO - Processing file /home/airflow/.local/lib/python3.10/site-packages/airflow/example_dags/example_task_group_decorator.py for tasks to queue
[2025-01-15T21:49:09.090+0000] {logging_mixin.py:154} INFO - [2025-01-15T21:49:09.090+0000] {dagbag.py:536} INFO - Filling up the DagBag from /home/airflow/.local/lib/python3.10/site-packages/airflow/example_dags/example_task_group_decorator.py
[2025-01-15T21:49:09.101+0000] {processor.py:839} INFO - DAG(s) dict_keys(['example_task_group_decorator']) retrieved from /home/airflow/.local/lib/python3.10/site-packages/airflow/example_dags/example_task_group_decorator.py
[2025-01-15T21:49:09.124+0000] {logging_mixin.py:154} INFO - [2025-01-15T21:49:09.123+0000] {dag.py:2941} INFO - Sync 1 DAGs
[2025-01-15T21:49:09.141+0000] {logging_mixin.py:154} INFO - [2025-01-15T21:49:09.140+0000] {dag.py:3722} INFO - Setting next_dagrun for example_task_group_decorator to 2025-01-14T21:49:09.140754+00:00, run_after=2025-01-15T21:49:09.140754+00:00
[2025-01-15T21:49:09.156+0000] {processor.py:179} INFO - Processing /home/airflow/.local/lib/python3.10/site-packages/airflow/example_dags/example_task_group_decorator.py took 0.071 seconds
[2025-01-15T21:49:39.666+0000] {processor.py:157} INFO - Started process (PID=184) to work on /home/airflow/.local/lib/python3.10/site-packages/airflow/example_dags/example_task_group_decorator.py
[2025-01-15T21:49:39.667+0000] {processor.py:829} INFO - Processing file /home/airflow/.local/lib/python3.10/site-packages/airflow/example_dags/example_task_group_decorator.py for tasks to queue
[2025-01-15T21:49:39.670+0000] {logging_mixin.py:154} INFO - [2025-01-15T21:49:39.669+0000] {dagbag.py:536} INFO - Filling up the DagBag from /home/airflow/.local/lib/python3.10/site-packages/airflow/example_dags/example_task_group_decorator.py
[2025-01-15T21:49:39.681+0000] {processor.py:839} INFO - DAG(s) dict_keys(['example_task_group_decorator']) retrieved from /home/airflow/.local/lib/python3.10/site-packages/airflow/example_dags/example_task_group_decorator.py
[2025-01-15T21:49:39.704+0000] {logging_mixin.py:154} INFO - [2025-01-15T21:49:39.704+0000] {dag.py:2941} INFO - Sync 1 DAGs
[2025-01-15T21:49:39.724+0000] {logging_mixin.py:154} INFO - [2025-01-15T21:49:39.724+0000] {dag.py:3722} INFO - Setting next_dagrun for example_task_group_decorator to 2025-01-14T21:49:39.724055+00:00, run_after=2025-01-15T21:49:39.724055+00:00
[2025-01-15T21:49:39.740+0000] {processor.py:179} INFO - Processing /home/airflow/.local/lib/python3.10/site-packages/airflow/example_dags/example_task_group_decorator.py took 0.076 seconds
[2025-01-15T21:50:09.779+0000] {processor.py:157} INFO - Started process (PID=241) to work on /home/airflow/.local/lib/python3.10/site-packages/airflow/example_dags/example_task_group_decorator.py
[2025-01-15T21:50:09.779+0000] {processor.py:829} INFO - Processing file /home/airflow/.local/lib/python3.10/site-packages/airflow/example_dags/example_task_group_decorator.py for tasks to queue
[2025-01-15T21:50:09.781+0000] {logging_mixin.py:154} INFO - [2025-01-15T21:50:09.781+0000] {dagbag.py:536} INFO - Filling up the DagBag from /home/airflow/.local/lib/python3.10/site-packages/airflow/example_dags/example_task_group_decorator.py
[2025-01-15T21:50:09.792+0000] {processor.py:839} INFO - DAG(s) dict_keys(['example_task_group_decorator']) retrieved from /home/airflow/.local/lib/python3.10/site-packages/airflow/example_dags/example_task_group_decorator.py
[2025-01-15T21:50:09.810+0000] {logging_mixin.py:154} INFO - [2025-01-15T21:50:09.810+0000] {dag.py:2941} INFO - Sync 1 DAGs
[2025-01-15T21:50:09.827+0000] {logging_mixin.py:154} INFO - [2025-01-15T21:50:09.826+0000] {dag.py:3722} INFO - Setting next_dagrun for example_task_group_decorator to 2025-01-14T21:50:09.826775+00:00, run_after=2025-01-15T21:50:09.826775+00:00
[2025-01-15T21:50:09.840+0000] {processor.py:179} INFO - Processing /home/airflow/.local/lib/python3.10/site-packages/airflow/example_dags/example_task_group_decorator.py took 0.064 seconds
[2025-01-15T21:50:40.250+0000] {processor.py:157} INFO - Started process (PID=297) to work on /home/airflow/.local/lib/python3.10/site-packages/airflow/example_dags/example_task_group_decorator.py
[2025-01-15T21:50:40.251+0000] {processor.py:829} INFO - Processing file /home/airflow/.local/lib/python3.10/site-packages/airflow/example_dags/example_task_group_decorator.py for tasks to queue
[2025-01-15T21:50:40.253+0000] {logging_mixin.py:154} INFO - [2025-01-15T21:50:40.253+0000] {dagbag.py:536} INFO - Filling up the DagBag from /home/airflow/.local/lib/python3.10/site-packages/airflow/example_dags/example_task_group_decorator.py
[2025-01-15T21:50:40.266+0000] {processor.py:839} INFO - DAG(s) dict_keys(['example_task_group_decorator']) retrieved from /home/airflow/.local/lib/python3.10/site-packages/airflow/example_dags/example_task_group_decorator.py
[2025-01-15T21:50:40.291+0000] {logging_mixin.py:154} INFO - [2025-01-15T21:50:40.291+0000] {dag.py:2941} INFO - Sync 1 DAGs
[2025-01-15T21:50:40.310+0000] {logging_mixin.py:154} INFO - [2025-01-15T21:50:40.310+0000] {dag.py:3722} INFO - Setting next_dagrun for example_task_group_decorator to 2025-01-14T21:50:40.310580+00:00, run_after=2025-01-15T21:50:40.310580+00:00
[2025-01-15T21:50:40.325+0000] {processor.py:179} INFO - Processing /home/airflow/.local/lib/python3.10/site-packages/airflow/example_dags/example_task_group_decorator.py took 0.079 seconds
[2025-01-15T21:51:11.523+0000] {processor.py:157} INFO - Started process (PID=353) to work on /home/airflow/.local/lib/python3.10/site-packages/airflow/example_dags/example_task_group_decorator.py
[2025-01-15T21:51:11.524+0000] {processor.py:829} INFO - Processing file /home/airflow/.local/lib/python3.10/site-packages/airflow/example_dags/example_task_group_decorator.py for tasks to queue
[2025-01-15T21:51:11.526+0000] {logging_mixin.py:154} INFO - [2025-01-15T21:51:11.526+0000] {dagbag.py:536} INFO - Filling up the DagBag from /home/airflow/.local/lib/python3.10/site-packages/airflow/example_dags/example_task_group_decorator.py
[2025-01-15T21:51:11.539+0000] {processor.py:839} INFO - DAG(s) dict_keys(['example_task_group_decorator']) retrieved from /home/airflow/.local/lib/python3.10/site-packages/airflow/example_dags/example_task_group_decorator.py
[2025-01-15T21:51:11.566+0000] {logging_mixin.py:154} INFO - [2025-01-15T21:51:11.566+0000] {dag.py:2941} INFO - Sync 1 DAGs
[2025-01-15T21:51:11.589+0000] {logging_mixin.py:154} INFO - [2025-01-15T21:51:11.589+0000] {dag.py:3722} INFO - Setting next_dagrun for example_task_group_decorator to 2025-01-14T21:51:11.589351+00:00, run_after=2025-01-15T21:51:11.589351+00:00
[2025-01-15T21:51:11.609+0000] {processor.py:179} INFO - Processing /home/airflow/.local/lib/python3.10/site-packages/airflow/example_dags/example_task_group_decorator.py took 0.089 seconds
[2025-01-15T21:51:42.649+0000] {processor.py:157} INFO - Started process (PID=409) to work on /home/airflow/.local/lib/python3.10/site-packages/airflow/example_dags/example_task_group_decorator.py
[2025-01-15T21:51:42.650+0000] {processor.py:829} INFO - Processing file /home/airflow/.local/lib/python3.10/site-packages/airflow/example_dags/example_task_group_decorator.py for tasks to queue
[2025-01-15T21:51:42.652+0000] {logging_mixin.py:154} INFO - [2025-01-15T21:51:42.652+0000] {dagbag.py:536} INFO - Filling up the DagBag from /home/airflow/.local/lib/python3.10/site-packages/airflow/example_dags/example_task_group_decorator.py
[2025-01-15T21:51:42.664+0000] {processor.py:839} INFO - DAG(s) dict_keys(['example_task_group_decorator']) retrieved from /home/airflow/.local/lib/python3.10/site-packages/airflow/example_dags/example_task_group_decorator.py
[2025-01-15T21:51:42.687+0000] {logging_mixin.py:154} INFO - [2025-01-15T21:51:42.686+0000] {dag.py:2941} INFO - Sync 1 DAGs
[2025-01-15T21:51:42.708+0000] {logging_mixin.py:154} INFO - [2025-01-15T21:51:42.708+0000] {dag.py:3722} INFO - Setting next_dagrun for example_task_group_decorator to 2025-01-14T21:51:42.708374+00:00, run_after=2025-01-15T21:51:42.708374+00:00
[2025-01-15T21:51:42.724+0000] {processor.py:179} INFO - Processing /home/airflow/.local/lib/python3.10/site-packages/airflow/example_dags/example_task_group_decorator.py took 0.078 seconds
[2025-01-15T21:52:13.875+0000] {processor.py:157} INFO - Started process (PID=465) to work on /home/airflow/.local/lib/python3.10/site-packages/airflow/example_dags/example_task_group_decorator.py
[2025-01-15T21:52:13.876+0000] {processor.py:829} INFO - Processing file /home/airflow/.local/lib/python3.10/site-packages/airflow/example_dags/example_task_group_decorator.py for tasks to queue
[2025-01-15T21:52:13.878+0000] {logging_mixin.py:154} INFO - [2025-01-15T21:52:13.877+0000] {dagbag.py:536} INFO - Filling up the DagBag from /home/airflow/.local/lib/python3.10/site-packages/airflow/example_dags/example_task_group_decorator.py
[2025-01-15T21:52:13.890+0000] {processor.py:839} INFO - DAG(s) dict_keys(['example_task_group_decorator']) retrieved from /home/airflow/.local/lib/python3.10/site-packages/airflow/example_dags/example_task_group_decorator.py
[2025-01-15T21:52:13.911+0000] {logging_mixin.py:154} INFO - [2025-01-15T21:52:13.911+0000] {dag.py:2941} INFO - Sync 1 DAGs
[2025-01-15T21:52:13.935+0000] {logging_mixin.py:154} INFO - [2025-01-15T21:52:13.935+0000] {dag.py:3722} INFO - Setting next_dagrun for example_task_group_decorator to 2025-01-14T21:52:13.935009+00:00, run_after=2025-01-15T21:52:13.935009+00:00
[2025-01-15T21:52:13.954+0000] {processor.py:179} INFO - Processing /home/airflow/.local/lib/python3.10/site-packages/airflow/example_dags/example_task_group_decorator.py took 0.082 seconds
[2025-01-15T21:52:44.434+0000] {processor.py:157} INFO - Started process (PID=521) to work on /home/airflow/.local/lib/python3.10/site-packages/airflow/example_dags/example_task_group_decorator.py
[2025-01-15T21:52:44.435+0000] {processor.py:829} INFO - Processing file /home/airflow/.local/lib/python3.10/site-packages/airflow/example_dags/example_task_group_decorator.py for tasks to queue
[2025-01-15T21:52:44.437+0000] {logging_mixin.py:154} INFO - [2025-01-15T21:52:44.437+0000] {dagbag.py:536} INFO - Filling up the DagBag from /home/airflow/.local/lib/python3.10/site-packages/airflow/example_dags/example_task_group_decorator.py
[2025-01-15T21:52:44.449+0000] {processor.py:839} INFO - DAG(s) dict_keys(['example_task_group_decorator']) retrieved from /home/airflow/.local/lib/python3.10/site-packages/airflow/example_dags/example_task_group_decorator.py
[2025-01-15T21:52:44.473+0000] {logging_mixin.py:154} INFO - [2025-01-15T21:52:44.473+0000] {dag.py:2941} INFO - Sync 1 DAGs
[2025-01-15T21:52:44.495+0000] {logging_mixin.py:154} INFO - [2025-01-15T21:52:44.495+0000] {dag.py:3722} INFO - Setting next_dagrun for example_task_group_decorator to 2025-01-14T21:52:44.494777+00:00, run_after=2025-01-15T21:52:44.494777+00:00
[2025-01-15T21:52:44.514+0000] {processor.py:179} INFO - Processing /home/airflow/.local/lib/python3.10/site-packages/airflow/example_dags/example_task_group_decorator.py took 0.083 seconds
[2025-01-15T21:53:15.458+0000] {processor.py:157} INFO - Started process (PID=577) to work on /home/airflow/.local/lib/python3.10/site-packages/airflow/example_dags/example_task_group_decorator.py
[2025-01-15T21:53:15.459+0000] {processor.py:829} INFO - Processing file /home/airflow/.local/lib/python3.10/site-packages/airflow/example_dags/example_task_group_decorator.py for tasks to queue
[2025-01-15T21:53:15.461+0000] {logging_mixin.py:154} INFO - [2025-01-15T21:53:15.461+0000] {dagbag.py:536} INFO - Filling up the DagBag from /home/airflow/.local/lib/python3.10/site-packages/airflow/example_dags/example_task_group_decorator.py
[2025-01-15T21:53:15.475+0000] {processor.py:839} INFO - DAG(s) dict_keys(['example_task_group_decorator']) retrieved from /home/airflow/.local/lib/python3.10/site-packages/airflow/example_dags/example_task_group_decorator.py
[2025-01-15T21:53:15.500+0000] {logging_mixin.py:154} INFO - [2025-01-15T21:53:15.500+0000] {dag.py:2941} INFO - Sync 1 DAGs
[2025-01-15T21:53:15.522+0000] {logging_mixin.py:154} INFO - [2025-01-15T21:53:15.522+0000] {dag.py:3722} INFO - Setting next_dagrun for example_task_group_decorator to 2025-01-14T21:53:15.522227+00:00, run_after=2025-01-15T21:53:15.522227+00:00
[2025-01-15T21:53:15.541+0000] {processor.py:179} INFO - Processing /home/airflow/.local/lib/python3.10/site-packages/airflow/example_dags/example_task_group_decorator.py took 0.087 seconds
[2025-01-15T21:53:46.757+0000] {processor.py:157} INFO - Started process (PID=633) to work on /home/airflow/.local/lib/python3.10/site-packages/airflow/example_dags/example_task_group_decorator.py
[2025-01-15T21:53:46.757+0000] {processor.py:829} INFO - Processing file /home/airflow/.local/lib/python3.10/site-packages/airflow/example_dags/example_task_group_decorator.py for tasks to queue
[2025-01-15T21:53:46.759+0000] {logging_mixin.py:154} INFO - [2025-01-15T21:53:46.759+0000] {dagbag.py:536} INFO - Filling up the DagBag from /home/airflow/.local/lib/python3.10/site-packages/airflow/example_dags/example_task_group_decorator.py
[2025-01-15T21:53:46.772+0000] {processor.py:839} INFO - DAG(s) dict_keys(['example_task_group_decorator']) retrieved from /home/airflow/.local/lib/python3.10/site-packages/airflow/example_dags/example_task_group_decorator.py
[2025-01-15T21:53:46.794+0000] {logging_mixin.py:154} INFO - [2025-01-15T21:53:46.794+0000] {dag.py:2941} INFO - Sync 1 DAGs
[2025-01-15T21:53:46.814+0000] {logging_mixin.py:154} INFO - [2025-01-15T21:53:46.813+0000] {dag.py:3722} INFO - Setting next_dagrun for example_task_group_decorator to 2025-01-14T21:53:46.813740+00:00, run_after=2025-01-15T21:53:46.813740+00:00
[2025-01-15T21:53:46.830+0000] {processor.py:179} INFO - Processing /home/airflow/.local/lib/python3.10/site-packages/airflow/example_dags/example_task_group_decorator.py took 0.076 seconds
[2025-01-15T21:54:17.685+0000] {processor.py:157} INFO - Started process (PID=689) to work on /home/airflow/.local/lib/python3.10/site-packages/airflow/example_dags/example_task_group_decorator.py
[2025-01-15T21:54:17.686+0000] {processor.py:829} INFO - Processing file /home/airflow/.local/lib/python3.10/site-packages/airflow/example_dags/example_task_group_decorator.py for tasks to queue
[2025-01-15T21:54:17.687+0000] {logging_mixin.py:154} INFO - [2025-01-15T21:54:17.687+0000] {dagbag.py:536} INFO - Filling up the DagBag from /home/airflow/.local/lib/python3.10/site-packages/airflow/example_dags/example_task_group_decorator.py
[2025-01-15T21:54:17.699+0000] {processor.py:839} INFO - DAG(s) dict_keys(['example_task_group_decorator']) retrieved from /home/airflow/.local/lib/python3.10/site-packages/airflow/example_dags/example_task_group_decorator.py
[2025-01-15T21:54:17.721+0000] {logging_mixin.py:154} INFO - [2025-01-15T21:54:17.721+0000] {dag.py:2941} INFO - Sync 1 DAGs
[2025-01-15T21:54:17.741+0000] {logging_mixin.py:154} INFO - [2025-01-15T21:54:17.741+0000] {dag.py:3722} INFO - Setting next_dagrun for example_task_group_decorator to 2025-01-14T21:54:17.740977+00:00, run_after=2025-01-15T21:54:17.740977+00:00
[2025-01-15T21:54:17.756+0000] {processor.py:179} INFO - Processing /home/airflow/.local/lib/python3.10/site-packages/airflow/example_dags/example_task_group_decorator.py took 0.075 seconds
[2025-01-15T21:54:48.384+0000] {processor.py:157} INFO - Started process (PID=745) to work on /home/airflow/.local/lib/python3.10/site-packages/airflow/example_dags/example_task_group_decorator.py
[2025-01-15T21:54:48.385+0000] {processor.py:829} INFO - Processing file /home/airflow/.local/lib/python3.10/site-packages/airflow/example_dags/example_task_group_decorator.py for tasks to queue
[2025-01-15T21:54:48.387+0000] {logging_mixin.py:154} INFO - [2025-01-15T21:54:48.387+0000] {dagbag.py:536} INFO - Filling up the DagBag from /home/airflow/.local/lib/python3.10/site-packages/airflow/example_dags/example_task_group_decorator.py
[2025-01-15T21:54:48.398+0000] {processor.py:839} INFO - DAG(s) dict_keys(['example_task_group_decorator']) retrieved from /home/airflow/.local/lib/python3.10/site-packages/airflow/example_dags/example_task_group_decorator.py
[2025-01-15T21:54:48.420+0000] {logging_mixin.py:154} INFO - [2025-01-15T21:54:48.419+0000] {dag.py:2941} INFO - Sync 1 DAGs
[2025-01-15T21:54:48.440+0000] {logging_mixin.py:154} INFO - [2025-01-15T21:54:48.440+0000] {dag.py:3722} INFO - Setting next_dagrun for example_task_group_decorator to 2025-01-14T21:54:48.440038+00:00, run_after=2025-01-15T21:54:48.440038+00:00
[2025-01-15T21:54:48.610+0000] {processor.py:179} INFO - Processing /home/airflow/.local/lib/python3.10/site-packages/airflow/example_dags/example_task_group_decorator.py took 0.228 seconds
[2025-01-15T21:55:18.984+0000] {processor.py:157} INFO - Started process (PID=801) to work on /home/airflow/.local/lib/python3.10/site-packages/airflow/example_dags/example_task_group_decorator.py
[2025-01-15T21:55:18.985+0000] {processor.py:829} INFO - Processing file /home/airflow/.local/lib/python3.10/site-packages/airflow/example_dags/example_task_group_decorator.py for tasks to queue
[2025-01-15T21:55:18.989+0000] {logging_mixin.py:154} INFO - [2025-01-15T21:55:18.988+0000] {dagbag.py:536} INFO - Filling up the DagBag from /home/airflow/.local/lib/python3.10/site-packages/airflow/example_dags/example_task_group_decorator.py
[2025-01-15T21:55:19.002+0000] {processor.py:839} INFO - DAG(s) dict_keys(['example_task_group_decorator']) retrieved from /home/airflow/.local/lib/python3.10/site-packages/airflow/example_dags/example_task_group_decorator.py
[2025-01-15T21:55:19.026+0000] {logging_mixin.py:154} INFO - [2025-01-15T21:55:19.026+0000] {dag.py:2941} INFO - Sync 1 DAGs
[2025-01-15T21:55:19.049+0000] {logging_mixin.py:154} INFO - [2025-01-15T21:55:19.049+0000] {dag.py:3722} INFO - Setting next_dagrun for example_task_group_decorator to 2025-01-14T21:55:19.048940+00:00, run_after=2025-01-15T21:55:19.048940+00:00
[2025-01-15T21:55:19.068+0000] {processor.py:179} INFO - Processing /home/airflow/.local/lib/python3.10/site-packages/airflow/example_dags/example_task_group_decorator.py took 0.088 seconds
[2025-01-15T21:55:50.218+0000] {processor.py:157} INFO - Started process (PID=864) to work on /home/airflow/.local/lib/python3.10/site-packages/airflow/example_dags/example_task_group_decorator.py
[2025-01-15T21:55:50.219+0000] {processor.py:829} INFO - Processing file /home/airflow/.local/lib/python3.10/site-packages/airflow/example_dags/example_task_group_decorator.py for tasks to queue
[2025-01-15T21:55:50.221+0000] {logging_mixin.py:154} INFO - [2025-01-15T21:55:50.221+0000] {dagbag.py:536} INFO - Filling up the DagBag from /home/airflow/.local/lib/python3.10/site-packages/airflow/example_dags/example_task_group_decorator.py
[2025-01-15T21:55:50.235+0000] {processor.py:839} INFO - DAG(s) dict_keys(['example_task_group_decorator']) retrieved from /home/airflow/.local/lib/python3.10/site-packages/airflow/example_dags/example_task_group_decorator.py
[2025-01-15T21:55:50.261+0000] {logging_mixin.py:154} INFO - [2025-01-15T21:55:50.261+0000] {dag.py:2941} INFO - Sync 1 DAGs
[2025-01-15T21:55:50.287+0000] {logging_mixin.py:154} INFO - [2025-01-15T21:55:50.286+0000] {dag.py:3722} INFO - Setting next_dagrun for example_task_group_decorator to 2025-01-14T21:55:50.286558+00:00, run_after=2025-01-15T21:55:50.286558+00:00
[2025-01-15T21:55:50.309+0000] {processor.py:179} INFO - Processing /home/airflow/.local/lib/python3.10/site-packages/airflow/example_dags/example_task_group_decorator.py took 0.094 seconds
[2025-01-15T21:56:19.676+0000] {processor.py:157} INFO - Started process (PID=920) to work on /home/airflow/.local/lib/python3.10/site-packages/airflow/example_dags/example_task_group_decorator.py
[2025-01-15T21:56:19.678+0000] {processor.py:829} INFO - Processing file /home/airflow/.local/lib/python3.10/site-packages/airflow/example_dags/example_task_group_decorator.py for tasks to queue
[2025-01-15T21:56:19.681+0000] {logging_mixin.py:154} INFO - [2025-01-15T21:56:19.681+0000] {dagbag.py:536} INFO - Filling up the DagBag from /home/airflow/.local/lib/python3.10/site-packages/airflow/example_dags/example_task_group_decorator.py
[2025-01-15T21:56:19.695+0000] {processor.py:839} INFO - DAG(s) dict_keys(['example_task_group_decorator']) retrieved from /home/airflow/.local/lib/python3.10/site-packages/airflow/example_dags/example_task_group_decorator.py
[2025-01-15T21:56:19.720+0000] {logging_mixin.py:154} INFO - [2025-01-15T21:56:19.719+0000] {dag.py:2941} INFO - Sync 1 DAGs
[2025-01-15T21:56:19.898+0000] {logging_mixin.py:154} INFO - [2025-01-15T21:56:19.898+0000] {dag.py:3722} INFO - Setting next_dagrun for example_task_group_decorator to 2025-01-14T21:56:19.898226+00:00, run_after=2025-01-15T21:56:19.898226+00:00
[2025-01-15T21:56:19.916+0000] {processor.py:179} INFO - Processing /home/airflow/.local/lib/python3.10/site-packages/airflow/example_dags/example_task_group_decorator.py took 0.244 seconds
[2025-01-15T21:56:50.270+0000] {processor.py:157} INFO - Started process (PID=975) to work on /home/airflow/.local/lib/python3.10/site-packages/airflow/example_dags/example_task_group_decorator.py
[2025-01-15T21:56:50.270+0000] {processor.py:829} INFO - Processing file /home/airflow/.local/lib/python3.10/site-packages/airflow/example_dags/example_task_group_decorator.py for tasks to queue
[2025-01-15T21:56:50.273+0000] {logging_mixin.py:154} INFO - [2025-01-15T21:56:50.273+0000] {dagbag.py:536} INFO - Filling up the DagBag from /home/airflow/.local/lib/python3.10/site-packages/airflow/example_dags/example_task_group_decorator.py
[2025-01-15T21:56:50.288+0000] {processor.py:839} INFO - DAG(s) dict_keys(['example_task_group_decorator']) retrieved from /home/airflow/.local/lib/python3.10/site-packages/airflow/example_dags/example_task_group_decorator.py
[2025-01-15T21:56:50.323+0000] {logging_mixin.py:154} INFO - [2025-01-15T21:56:50.322+0000] {dag.py:2941} INFO - Sync 1 DAGs
[2025-01-15T21:56:50.364+0000] {logging_mixin.py:154} INFO - [2025-01-15T21:56:50.363+0000] {dag.py:3722} INFO - Setting next_dagrun for example_task_group_decorator to 2025-01-14T21:56:50.363550+00:00, run_after=2025-01-15T21:56:50.363550+00:00
[2025-01-15T21:56:50.382+0000] {processor.py:179} INFO - Processing /home/airflow/.local/lib/python3.10/site-packages/airflow/example_dags/example_task_group_decorator.py took 0.116 seconds
[2025-01-15T21:57:20.535+0000] {processor.py:157} INFO - Started process (PID=1031) to work on /home/airflow/.local/lib/python3.10/site-packages/airflow/example_dags/example_task_group_decorator.py
[2025-01-15T21:57:20.536+0000] {processor.py:829} INFO - Processing file /home/airflow/.local/lib/python3.10/site-packages/airflow/example_dags/example_task_group_decorator.py for tasks to queue
[2025-01-15T21:57:20.537+0000] {logging_mixin.py:154} INFO - [2025-01-15T21:57:20.537+0000] {dagbag.py:536} INFO - Filling up the DagBag from /home/airflow/.local/lib/python3.10/site-packages/airflow/example_dags/example_task_group_decorator.py
[2025-01-15T21:57:20.549+0000] {processor.py:839} INFO - DAG(s) dict_keys(['example_task_group_decorator']) retrieved from /home/airflow/.local/lib/python3.10/site-packages/airflow/example_dags/example_task_group_decorator.py
[2025-01-15T21:57:20.572+0000] {logging_mixin.py:154} INFO - [2025-01-15T21:57:20.572+0000] {dag.py:2941} INFO - Sync 1 DAGs
[2025-01-15T21:57:20.592+0000] {logging_mixin.py:154} INFO - [2025-01-15T21:57:20.591+0000] {dag.py:3722} INFO - Setting next_dagrun for example_task_group_decorator to 2025-01-14T21:57:20.591615+00:00, run_after=2025-01-15T21:57:20.591615+00:00
[2025-01-15T21:57:20.607+0000] {processor.py:179} INFO - Processing /home/airflow/.local/lib/python3.10/site-packages/airflow/example_dags/example_task_group_decorator.py took 0.075 seconds
[2025-01-15T21:57:51.394+0000] {processor.py:157} INFO - Started process (PID=1087) to work on /home/airflow/.local/lib/python3.10/site-packages/airflow/example_dags/example_task_group_decorator.py
[2025-01-15T21:57:51.395+0000] {processor.py:829} INFO - Processing file /home/airflow/.local/lib/python3.10/site-packages/airflow/example_dags/example_task_group_decorator.py for tasks to queue
[2025-01-15T21:57:51.398+0000] {logging_mixin.py:154} INFO - [2025-01-15T21:57:51.397+0000] {dagbag.py:536} INFO - Filling up the DagBag from /home/airflow/.local/lib/python3.10/site-packages/airflow/example_dags/example_task_group_decorator.py
[2025-01-15T21:57:51.414+0000] {processor.py:839} INFO - DAG(s) dict_keys(['example_task_group_decorator']) retrieved from /home/airflow/.local/lib/python3.10/site-packages/airflow/example_dags/example_task_group_decorator.py
[2025-01-15T21:57:51.440+0000] {logging_mixin.py:154} INFO - [2025-01-15T21:57:51.439+0000] {dag.py:2941} INFO - Sync 1 DAGs
[2025-01-15T21:57:51.644+0000] {logging_mixin.py:154} INFO - [2025-01-15T21:57:51.643+0000] {dag.py:3722} INFO - Setting next_dagrun for example_task_group_decorator to 2025-01-14T21:57:51.643643+00:00, run_after=2025-01-15T21:57:51.643643+00:00
[2025-01-15T21:57:51.663+0000] {processor.py:179} INFO - Processing /home/airflow/.local/lib/python3.10/site-packages/airflow/example_dags/example_task_group_decorator.py took 0.272 seconds
[2025-01-15T21:58:22.316+0000] {processor.py:157} INFO - Started process (PID=1143) to work on /home/airflow/.local/lib/python3.10/site-packages/airflow/example_dags/example_task_group_decorator.py
[2025-01-15T21:58:22.317+0000] {processor.py:829} INFO - Processing file /home/airflow/.local/lib/python3.10/site-packages/airflow/example_dags/example_task_group_decorator.py for tasks to queue
[2025-01-15T21:58:22.320+0000] {logging_mixin.py:154} INFO - [2025-01-15T21:58:22.320+0000] {dagbag.py:536} INFO - Filling up the DagBag from /home/airflow/.local/lib/python3.10/site-packages/airflow/example_dags/example_task_group_decorator.py
[2025-01-15T21:58:22.335+0000] {processor.py:839} INFO - DAG(s) dict_keys(['example_task_group_decorator']) retrieved from /home/airflow/.local/lib/python3.10/site-packages/airflow/example_dags/example_task_group_decorator.py
[2025-01-15T21:58:22.362+0000] {logging_mixin.py:154} INFO - [2025-01-15T21:58:22.362+0000] {dag.py:2941} INFO - Sync 1 DAGs
[2025-01-15T21:58:22.385+0000] {logging_mixin.py:154} INFO - [2025-01-15T21:58:22.385+0000] {dag.py:3722} INFO - Setting next_dagrun for example_task_group_decorator to 2025-01-14T21:58:22.385416+00:00, run_after=2025-01-15T21:58:22.385416+00:00
[2025-01-15T21:58:22.405+0000] {processor.py:179} INFO - Processing /home/airflow/.local/lib/python3.10/site-packages/airflow/example_dags/example_task_group_decorator.py took 0.093 seconds
[2025-01-15T21:58:52.438+0000] {processor.py:157} INFO - Started process (PID=1197) to work on /home/airflow/.local/lib/python3.10/site-packages/airflow/example_dags/example_task_group_decorator.py
[2025-01-15T21:58:52.439+0000] {processor.py:829} INFO - Processing file /home/airflow/.local/lib/python3.10/site-packages/airflow/example_dags/example_task_group_decorator.py for tasks to queue
[2025-01-15T21:58:52.441+0000] {logging_mixin.py:154} INFO - [2025-01-15T21:58:52.441+0000] {dagbag.py:536} INFO - Filling up the DagBag from /home/airflow/.local/lib/python3.10/site-packages/airflow/example_dags/example_task_group_decorator.py
[2025-01-15T21:58:52.453+0000] {processor.py:839} INFO - DAG(s) dict_keys(['example_task_group_decorator']) retrieved from /home/airflow/.local/lib/python3.10/site-packages/airflow/example_dags/example_task_group_decorator.py
[2025-01-15T21:58:52.476+0000] {logging_mixin.py:154} INFO - [2025-01-15T21:58:52.476+0000] {dag.py:2941} INFO - Sync 1 DAGs
[2025-01-15T21:58:52.495+0000] {logging_mixin.py:154} INFO - [2025-01-15T21:58:52.495+0000] {dag.py:3722} INFO - Setting next_dagrun for example_task_group_decorator to 2025-01-14T21:58:52.495446+00:00, run_after=2025-01-15T21:58:52.495446+00:00
[2025-01-15T21:58:52.511+0000] {processor.py:179} INFO - Processing /home/airflow/.local/lib/python3.10/site-packages/airflow/example_dags/example_task_group_decorator.py took 0.076 seconds
[2025-01-15T21:59:23.131+0000] {processor.py:157} INFO - Started process (PID=1253) to work on /home/airflow/.local/lib/python3.10/site-packages/airflow/example_dags/example_task_group_decorator.py
[2025-01-15T21:59:23.132+0000] {processor.py:829} INFO - Processing file /home/airflow/.local/lib/python3.10/site-packages/airflow/example_dags/example_task_group_decorator.py for tasks to queue
[2025-01-15T21:59:23.134+0000] {logging_mixin.py:154} INFO - [2025-01-15T21:59:23.134+0000] {dagbag.py:536} INFO - Filling up the DagBag from /home/airflow/.local/lib/python3.10/site-packages/airflow/example_dags/example_task_group_decorator.py
[2025-01-15T21:59:23.145+0000] {processor.py:839} INFO - DAG(s) dict_keys(['example_task_group_decorator']) retrieved from /home/airflow/.local/lib/python3.10/site-packages/airflow/example_dags/example_task_group_decorator.py
[2025-01-15T21:59:23.165+0000] {logging_mixin.py:154} INFO - [2025-01-15T21:59:23.165+0000] {dag.py:2941} INFO - Sync 1 DAGs
[2025-01-15T21:59:23.341+0000] {logging_mixin.py:154} INFO - [2025-01-15T21:59:23.341+0000] {dag.py:3722} INFO - Setting next_dagrun for example_task_group_decorator to 2025-01-14T21:59:23.341419+00:00, run_after=2025-01-15T21:59:23.341419+00:00
[2025-01-15T21:59:23.356+0000] {processor.py:179} INFO - Processing /home/airflow/.local/lib/python3.10/site-packages/airflow/example_dags/example_task_group_decorator.py took 0.227 seconds
[2025-01-15T21:59:53.918+0000] {processor.py:157} INFO - Started process (PID=1309) to work on /home/airflow/.local/lib/python3.10/site-packages/airflow/example_dags/example_task_group_decorator.py
[2025-01-15T21:59:53.919+0000] {processor.py:829} INFO - Processing file /home/airflow/.local/lib/python3.10/site-packages/airflow/example_dags/example_task_group_decorator.py for tasks to queue
[2025-01-15T21:59:53.921+0000] {logging_mixin.py:154} INFO - [2025-01-15T21:59:53.921+0000] {dagbag.py:536} INFO - Filling up the DagBag from /home/airflow/.local/lib/python3.10/site-packages/airflow/example_dags/example_task_group_decorator.py
[2025-01-15T21:59:53.936+0000] {processor.py:839} INFO - DAG(s) dict_keys(['example_task_group_decorator']) retrieved from /home/airflow/.local/lib/python3.10/site-packages/airflow/example_dags/example_task_group_decorator.py
[2025-01-15T21:59:53.962+0000] {logging_mixin.py:154} INFO - [2025-01-15T21:59:53.962+0000] {dag.py:2941} INFO - Sync 1 DAGs
[2025-01-15T21:59:53.983+0000] {logging_mixin.py:154} INFO - [2025-01-15T21:59:53.983+0000] {dag.py:3722} INFO - Setting next_dagrun for example_task_group_decorator to 2025-01-14T21:59:53.983214+00:00, run_after=2025-01-15T21:59:53.983214+00:00
[2025-01-15T21:59:54.000+0000] {processor.py:179} INFO - Processing /home/airflow/.local/lib/python3.10/site-packages/airflow/example_dags/example_task_group_decorator.py took 0.085 seconds
[2025-01-15T22:00:24.069+0000] {processor.py:157} INFO - Started process (PID=1365) to work on /home/airflow/.local/lib/python3.10/site-packages/airflow/example_dags/example_task_group_decorator.py
[2025-01-15T22:00:24.070+0000] {processor.py:829} INFO - Processing file /home/airflow/.local/lib/python3.10/site-packages/airflow/example_dags/example_task_group_decorator.py for tasks to queue
[2025-01-15T22:00:24.073+0000] {logging_mixin.py:154} INFO - [2025-01-15T22:00:24.072+0000] {dagbag.py:536} INFO - Filling up the DagBag from /home/airflow/.local/lib/python3.10/site-packages/airflow/example_dags/example_task_group_decorator.py
[2025-01-15T22:00:24.085+0000] {processor.py:839} INFO - DAG(s) dict_keys(['example_task_group_decorator']) retrieved from /home/airflow/.local/lib/python3.10/site-packages/airflow/example_dags/example_task_group_decorator.py
[2025-01-15T22:00:24.322+0000] {logging_mixin.py:154} INFO - [2025-01-15T22:00:24.321+0000] {dag.py:2941} INFO - Sync 1 DAGs
[2025-01-15T22:00:24.343+0000] {logging_mixin.py:154} INFO - [2025-01-15T22:00:24.343+0000] {dag.py:3722} INFO - Setting next_dagrun for example_task_group_decorator to 2025-01-14T22:00:24.343150+00:00, run_after=2025-01-15T22:00:24.343150+00:00
[2025-01-15T22:00:24.363+0000] {processor.py:179} INFO - Processing /home/airflow/.local/lib/python3.10/site-packages/airflow/example_dags/example_task_group_decorator.py took 0.297 seconds
[2025-01-15T22:00:54.421+0000] {processor.py:157} INFO - Started process (PID=1421) to work on /home/airflow/.local/lib/python3.10/site-packages/airflow/example_dags/example_task_group_decorator.py
[2025-01-15T22:00:54.422+0000] {processor.py:829} INFO - Processing file /home/airflow/.local/lib/python3.10/site-packages/airflow/example_dags/example_task_group_decorator.py for tasks to queue
[2025-01-15T22:00:54.424+0000] {logging_mixin.py:154} INFO - [2025-01-15T22:00:54.424+0000] {dagbag.py:536} INFO - Filling up the DagBag from /home/airflow/.local/lib/python3.10/site-packages/airflow/example_dags/example_task_group_decorator.py
[2025-01-15T22:00:54.437+0000] {processor.py:839} INFO - DAG(s) dict_keys(['example_task_group_decorator']) retrieved from /home/airflow/.local/lib/python3.10/site-packages/airflow/example_dags/example_task_group_decorator.py
[2025-01-15T22:00:54.461+0000] {logging_mixin.py:154} INFO - [2025-01-15T22:00:54.461+0000] {dag.py:2941} INFO - Sync 1 DAGs
[2025-01-15T22:00:54.666+0000] {logging_mixin.py:154} INFO - [2025-01-15T22:00:54.666+0000] {dag.py:3722} INFO - Setting next_dagrun for example_task_group_decorator to 2025-01-14T22:00:54.665911+00:00, run_after=2025-01-15T22:00:54.665911+00:00
[2025-01-15T22:00:54.684+0000] {processor.py:179} INFO - Processing /home/airflow/.local/lib/python3.10/site-packages/airflow/example_dags/example_task_group_decorator.py took 0.266 seconds
[2025-01-15T22:01:25.617+0000] {processor.py:157} INFO - Started process (PID=1477) to work on /home/airflow/.local/lib/python3.10/site-packages/airflow/example_dags/example_task_group_decorator.py
[2025-01-15T22:01:25.618+0000] {processor.py:829} INFO - Processing file /home/airflow/.local/lib/python3.10/site-packages/airflow/example_dags/example_task_group_decorator.py for tasks to queue
[2025-01-15T22:01:25.620+0000] {logging_mixin.py:154} INFO - [2025-01-15T22:01:25.620+0000] {dagbag.py:536} INFO - Filling up the DagBag from /home/airflow/.local/lib/python3.10/site-packages/airflow/example_dags/example_task_group_decorator.py
[2025-01-15T22:01:25.632+0000] {processor.py:839} INFO - DAG(s) dict_keys(['example_task_group_decorator']) retrieved from /home/airflow/.local/lib/python3.10/site-packages/airflow/example_dags/example_task_group_decorator.py
[2025-01-15T22:01:25.654+0000] {logging_mixin.py:154} INFO - [2025-01-15T22:01:25.653+0000] {dag.py:2941} INFO - Sync 1 DAGs
[2025-01-15T22:01:25.673+0000] {logging_mixin.py:154} INFO - [2025-01-15T22:01:25.673+0000] {dag.py:3722} INFO - Setting next_dagrun for example_task_group_decorator to 2025-01-14T22:01:25.673448+00:00, run_after=2025-01-15T22:01:25.673448+00:00
[2025-01-15T22:01:25.690+0000] {processor.py:179} INFO - Processing /home/airflow/.local/lib/python3.10/site-packages/airflow/example_dags/example_task_group_decorator.py took 0.076 seconds
[2025-01-15T22:01:56.117+0000] {processor.py:157} INFO - Started process (PID=1533) to work on /home/airflow/.local/lib/python3.10/site-packages/airflow/example_dags/example_task_group_decorator.py
[2025-01-15T22:01:56.118+0000] {processor.py:829} INFO - Processing file /home/airflow/.local/lib/python3.10/site-packages/airflow/example_dags/example_task_group_decorator.py for tasks to queue
[2025-01-15T22:01:56.120+0000] {logging_mixin.py:154} INFO - [2025-01-15T22:01:56.120+0000] {dagbag.py:536} INFO - Filling up the DagBag from /home/airflow/.local/lib/python3.10/site-packages/airflow/example_dags/example_task_group_decorator.py
[2025-01-15T22:01:56.132+0000] {processor.py:839} INFO - DAG(s) dict_keys(['example_task_group_decorator']) retrieved from /home/airflow/.local/lib/python3.10/site-packages/airflow/example_dags/example_task_group_decorator.py
[2025-01-15T22:01:56.319+0000] {logging_mixin.py:154} INFO - [2025-01-15T22:01:56.318+0000] {dag.py:2941} INFO - Sync 1 DAGs
[2025-01-15T22:01:56.336+0000] {logging_mixin.py:154} INFO - [2025-01-15T22:01:56.336+0000] {dag.py:3722} INFO - Setting next_dagrun for example_task_group_decorator to 2025-01-14T22:01:56.336373+00:00, run_after=2025-01-15T22:01:56.336373+00:00
[2025-01-15T22:01:56.350+0000] {processor.py:179} INFO - Processing /home/airflow/.local/lib/python3.10/site-packages/airflow/example_dags/example_task_group_decorator.py took 0.235 seconds
[2025-01-15T22:02:26.741+0000] {processor.py:157} INFO - Started process (PID=1591) to work on /home/airflow/.local/lib/python3.10/site-packages/airflow/example_dags/example_task_group_decorator.py
[2025-01-15T22:02:26.742+0000] {processor.py:829} INFO - Processing file /home/airflow/.local/lib/python3.10/site-packages/airflow/example_dags/example_task_group_decorator.py for tasks to queue
[2025-01-15T22:02:26.744+0000] {logging_mixin.py:154} INFO - [2025-01-15T22:02:26.744+0000] {dagbag.py:536} INFO - Filling up the DagBag from /home/airflow/.local/lib/python3.10/site-packages/airflow/example_dags/example_task_group_decorator.py
[2025-01-15T22:02:26.755+0000] {processor.py:839} INFO - DAG(s) dict_keys(['example_task_group_decorator']) retrieved from /home/airflow/.local/lib/python3.10/site-packages/airflow/example_dags/example_task_group_decorator.py
[2025-01-15T22:02:26.775+0000] {logging_mixin.py:154} INFO - [2025-01-15T22:02:26.775+0000] {dag.py:2941} INFO - Sync 1 DAGs
[2025-01-15T22:02:26.948+0000] {logging_mixin.py:154} INFO - [2025-01-15T22:02:26.947+0000] {dag.py:3722} INFO - Setting next_dagrun for example_task_group_decorator to 2025-01-14T22:02:26.947570+00:00, run_after=2025-01-15T22:02:26.947570+00:00
[2025-01-15T22:02:26.963+0000] {processor.py:179} INFO - Processing /home/airflow/.local/lib/python3.10/site-packages/airflow/example_dags/example_task_group_decorator.py took 0.224 seconds
[2025-01-15T22:04:08.048+0000] {processor.py:157} INFO - Started process (PID=72) to work on /home/airflow/.local/lib/python3.10/site-packages/airflow/example_dags/example_task_group_decorator.py
[2025-01-15T22:04:08.049+0000] {processor.py:829} INFO - Processing file /home/airflow/.local/lib/python3.10/site-packages/airflow/example_dags/example_task_group_decorator.py for tasks to queue
[2025-01-15T22:04:08.052+0000] {logging_mixin.py:154} INFO - [2025-01-15T22:04:08.052+0000] {dagbag.py:536} INFO - Filling up the DagBag from /home/airflow/.local/lib/python3.10/site-packages/airflow/example_dags/example_task_group_decorator.py
[2025-01-15T22:04:08.070+0000] {processor.py:839} INFO - DAG(s) dict_keys(['example_task_group_decorator']) retrieved from /home/airflow/.local/lib/python3.10/site-packages/airflow/example_dags/example_task_group_decorator.py
[2025-01-15T22:04:08.084+0000] {logging_mixin.py:154} INFO - [2025-01-15T22:04:08.084+0000] {dag.py:2941} INFO - Sync 1 DAGs
[2025-01-15T22:04:08.114+0000] {logging_mixin.py:154} INFO - [2025-01-15T22:04:08.113+0000] {dag.py:3722} INFO - Setting next_dagrun for example_task_group_decorator to 2025-01-14T22:04:08.113606+00:00, run_after=2025-01-15T22:04:08.113606+00:00
[2025-01-15T22:04:08.141+0000] {processor.py:179} INFO - Processing /home/airflow/.local/lib/python3.10/site-packages/airflow/example_dags/example_task_group_decorator.py took 0.096 seconds
[2025-01-15T22:04:39.449+0000] {processor.py:157} INFO - Started process (PID=128) to work on /home/airflow/.local/lib/python3.10/site-packages/airflow/example_dags/example_task_group_decorator.py
[2025-01-15T22:04:39.450+0000] {processor.py:829} INFO - Processing file /home/airflow/.local/lib/python3.10/site-packages/airflow/example_dags/example_task_group_decorator.py for tasks to queue
[2025-01-15T22:04:39.452+0000] {logging_mixin.py:154} INFO - [2025-01-15T22:04:39.452+0000] {dagbag.py:536} INFO - Filling up the DagBag from /home/airflow/.local/lib/python3.10/site-packages/airflow/example_dags/example_task_group_decorator.py
[2025-01-15T22:04:39.466+0000] {processor.py:839} INFO - DAG(s) dict_keys(['example_task_group_decorator']) retrieved from /home/airflow/.local/lib/python3.10/site-packages/airflow/example_dags/example_task_group_decorator.py
[2025-01-15T22:04:39.489+0000] {logging_mixin.py:154} INFO - [2025-01-15T22:04:39.488+0000] {dag.py:2941} INFO - Sync 1 DAGs
[2025-01-15T22:04:39.511+0000] {logging_mixin.py:154} INFO - [2025-01-15T22:04:39.510+0000] {dag.py:3722} INFO - Setting next_dagrun for example_task_group_decorator to 2025-01-14T22:04:39.510626+00:00, run_after=2025-01-15T22:04:39.510626+00:00
[2025-01-15T22:04:39.528+0000] {processor.py:179} INFO - Processing /home/airflow/.local/lib/python3.10/site-packages/airflow/example_dags/example_task_group_decorator.py took 0.082 seconds
[2025-01-15T22:05:10.591+0000] {processor.py:157} INFO - Started process (PID=184) to work on /home/airflow/.local/lib/python3.10/site-packages/airflow/example_dags/example_task_group_decorator.py
[2025-01-15T22:05:10.592+0000] {processor.py:829} INFO - Processing file /home/airflow/.local/lib/python3.10/site-packages/airflow/example_dags/example_task_group_decorator.py for tasks to queue
[2025-01-15T22:05:10.594+0000] {logging_mixin.py:154} INFO - [2025-01-15T22:05:10.593+0000] {dagbag.py:536} INFO - Filling up the DagBag from /home/airflow/.local/lib/python3.10/site-packages/airflow/example_dags/example_task_group_decorator.py
[2025-01-15T22:05:10.607+0000] {processor.py:839} INFO - DAG(s) dict_keys(['example_task_group_decorator']) retrieved from /home/airflow/.local/lib/python3.10/site-packages/airflow/example_dags/example_task_group_decorator.py
[2025-01-15T22:05:10.632+0000] {logging_mixin.py:154} INFO - [2025-01-15T22:05:10.631+0000] {dag.py:2941} INFO - Sync 1 DAGs
[2025-01-15T22:05:10.654+0000] {logging_mixin.py:154} INFO - [2025-01-15T22:05:10.653+0000] {dag.py:3722} INFO - Setting next_dagrun for example_task_group_decorator to 2025-01-14T22:05:10.653704+00:00, run_after=2025-01-15T22:05:10.653704+00:00
[2025-01-15T22:05:10.672+0000] {processor.py:179} INFO - Processing /home/airflow/.local/lib/python3.10/site-packages/airflow/example_dags/example_task_group_decorator.py took 0.084 seconds
[2025-01-15T22:05:41.189+0000] {processor.py:157} INFO - Started process (PID=240) to work on /home/airflow/.local/lib/python3.10/site-packages/airflow/example_dags/example_task_group_decorator.py
[2025-01-15T22:05:41.190+0000] {processor.py:829} INFO - Processing file /home/airflow/.local/lib/python3.10/site-packages/airflow/example_dags/example_task_group_decorator.py for tasks to queue
[2025-01-15T22:05:41.192+0000] {logging_mixin.py:154} INFO - [2025-01-15T22:05:41.192+0000] {dagbag.py:536} INFO - Filling up the DagBag from /home/airflow/.local/lib/python3.10/site-packages/airflow/example_dags/example_task_group_decorator.py
[2025-01-15T22:05:41.205+0000] {processor.py:839} INFO - DAG(s) dict_keys(['example_task_group_decorator']) retrieved from /home/airflow/.local/lib/python3.10/site-packages/airflow/example_dags/example_task_group_decorator.py
[2025-01-15T22:05:41.229+0000] {logging_mixin.py:154} INFO - [2025-01-15T22:05:41.229+0000] {dag.py:2941} INFO - Sync 1 DAGs
[2025-01-15T22:05:41.251+0000] {logging_mixin.py:154} INFO - [2025-01-15T22:05:41.250+0000] {dag.py:3722} INFO - Setting next_dagrun for example_task_group_decorator to 2025-01-14T22:05:41.250644+00:00, run_after=2025-01-15T22:05:41.250644+00:00
[2025-01-15T22:05:41.268+0000] {processor.py:179} INFO - Processing /home/airflow/.local/lib/python3.10/site-packages/airflow/example_dags/example_task_group_decorator.py took 0.082 seconds
[2025-01-15T22:06:11.740+0000] {processor.py:157} INFO - Started process (PID=296) to work on /home/airflow/.local/lib/python3.10/site-packages/airflow/example_dags/example_task_group_decorator.py
[2025-01-15T22:06:11.741+0000] {processor.py:829} INFO - Processing file /home/airflow/.local/lib/python3.10/site-packages/airflow/example_dags/example_task_group_decorator.py for tasks to queue
[2025-01-15T22:06:11.743+0000] {logging_mixin.py:154} INFO - [2025-01-15T22:06:11.743+0000] {dagbag.py:536} INFO - Filling up the DagBag from /home/airflow/.local/lib/python3.10/site-packages/airflow/example_dags/example_task_group_decorator.py
[2025-01-15T22:06:11.755+0000] {processor.py:839} INFO - DAG(s) dict_keys(['example_task_group_decorator']) retrieved from /home/airflow/.local/lib/python3.10/site-packages/airflow/example_dags/example_task_group_decorator.py
[2025-01-15T22:06:11.780+0000] {logging_mixin.py:154} INFO - [2025-01-15T22:06:11.780+0000] {dag.py:2941} INFO - Sync 1 DAGs
[2025-01-15T22:06:11.802+0000] {logging_mixin.py:154} INFO - [2025-01-15T22:06:11.802+0000] {dag.py:3722} INFO - Setting next_dagrun for example_task_group_decorator to 2025-01-14T22:06:11.802333+00:00, run_after=2025-01-15T22:06:11.802333+00:00
[2025-01-15T22:06:11.822+0000] {processor.py:179} INFO - Processing /home/airflow/.local/lib/python3.10/site-packages/airflow/example_dags/example_task_group_decorator.py took 0.085 seconds
[2025-01-15T22:06:42.207+0000] {processor.py:157} INFO - Started process (PID=352) to work on /home/airflow/.local/lib/python3.10/site-packages/airflow/example_dags/example_task_group_decorator.py
[2025-01-15T22:06:42.208+0000] {processor.py:829} INFO - Processing file /home/airflow/.local/lib/python3.10/site-packages/airflow/example_dags/example_task_group_decorator.py for tasks to queue
[2025-01-15T22:06:42.210+0000] {logging_mixin.py:154} INFO - [2025-01-15T22:06:42.210+0000] {dagbag.py:536} INFO - Filling up the DagBag from /home/airflow/.local/lib/python3.10/site-packages/airflow/example_dags/example_task_group_decorator.py
[2025-01-15T22:06:42.223+0000] {processor.py:839} INFO - DAG(s) dict_keys(['example_task_group_decorator']) retrieved from /home/airflow/.local/lib/python3.10/site-packages/airflow/example_dags/example_task_group_decorator.py
[2025-01-15T22:06:42.247+0000] {logging_mixin.py:154} INFO - [2025-01-15T22:06:42.247+0000] {dag.py:2941} INFO - Sync 1 DAGs
[2025-01-15T22:06:42.272+0000] {logging_mixin.py:154} INFO - [2025-01-15T22:06:42.272+0000] {dag.py:3722} INFO - Setting next_dagrun for example_task_group_decorator to 2025-01-14T22:06:42.271651+00:00, run_after=2025-01-15T22:06:42.271651+00:00
[2025-01-15T22:06:42.301+0000] {processor.py:179} INFO - Processing /home/airflow/.local/lib/python3.10/site-packages/airflow/example_dags/example_task_group_decorator.py took 0.097 seconds
[2025-01-15T22:07:12.847+0000] {processor.py:157} INFO - Started process (PID=406) to work on /home/airflow/.local/lib/python3.10/site-packages/airflow/example_dags/example_task_group_decorator.py
[2025-01-15T22:07:12.848+0000] {processor.py:829} INFO - Processing file /home/airflow/.local/lib/python3.10/site-packages/airflow/example_dags/example_task_group_decorator.py for tasks to queue
[2025-01-15T22:07:12.850+0000] {logging_mixin.py:154} INFO - [2025-01-15T22:07:12.850+0000] {dagbag.py:536} INFO - Filling up the DagBag from /home/airflow/.local/lib/python3.10/site-packages/airflow/example_dags/example_task_group_decorator.py
[2025-01-15T22:07:12.862+0000] {processor.py:839} INFO - DAG(s) dict_keys(['example_task_group_decorator']) retrieved from /home/airflow/.local/lib/python3.10/site-packages/airflow/example_dags/example_task_group_decorator.py
[2025-01-15T22:07:12.885+0000] {logging_mixin.py:154} INFO - [2025-01-15T22:07:12.885+0000] {dag.py:2941} INFO - Sync 1 DAGs
[2025-01-15T22:07:12.907+0000] {logging_mixin.py:154} INFO - [2025-01-15T22:07:12.907+0000] {dag.py:3722} INFO - Setting next_dagrun for example_task_group_decorator to 2025-01-14T22:07:12.907069+00:00, run_after=2025-01-15T22:07:12.907069+00:00
[2025-01-15T22:07:12.928+0000] {processor.py:179} INFO - Processing /home/airflow/.local/lib/python3.10/site-packages/airflow/example_dags/example_task_group_decorator.py took 0.084 seconds
[2025-01-15T22:08:33.414+0000] {processor.py:157} INFO - Started process (PID=74) to work on /home/airflow/.local/lib/python3.10/site-packages/airflow/example_dags/example_task_group_decorator.py
[2025-01-15T22:08:33.415+0000] {processor.py:829} INFO - Processing file /home/airflow/.local/lib/python3.10/site-packages/airflow/example_dags/example_task_group_decorator.py for tasks to queue
[2025-01-15T22:08:33.418+0000] {logging_mixin.py:154} INFO - [2025-01-15T22:08:33.417+0000] {dagbag.py:536} INFO - Filling up the DagBag from /home/airflow/.local/lib/python3.10/site-packages/airflow/example_dags/example_task_group_decorator.py
[2025-01-15T22:08:33.433+0000] {processor.py:839} INFO - DAG(s) dict_keys(['example_task_group_decorator']) retrieved from /home/airflow/.local/lib/python3.10/site-packages/airflow/example_dags/example_task_group_decorator.py
[2025-01-15T22:08:33.446+0000] {logging_mixin.py:154} INFO - [2025-01-15T22:08:33.446+0000] {dag.py:2941} INFO - Sync 1 DAGs
[2025-01-15T22:08:33.470+0000] {logging_mixin.py:154} INFO - [2025-01-15T22:08:33.470+0000] {dag.py:3722} INFO - Setting next_dagrun for example_task_group_decorator to 2025-01-14T22:08:33.470034+00:00, run_after=2025-01-15T22:08:33.470034+00:00
[2025-01-15T22:08:33.493+0000] {processor.py:179} INFO - Processing /home/airflow/.local/lib/python3.10/site-packages/airflow/example_dags/example_task_group_decorator.py took 0.081 seconds
[2025-01-15T22:09:04.729+0000] {processor.py:157} INFO - Started process (PID=130) to work on /home/airflow/.local/lib/python3.10/site-packages/airflow/example_dags/example_task_group_decorator.py
[2025-01-15T22:09:04.730+0000] {processor.py:829} INFO - Processing file /home/airflow/.local/lib/python3.10/site-packages/airflow/example_dags/example_task_group_decorator.py for tasks to queue
[2025-01-15T22:09:04.732+0000] {logging_mixin.py:154} INFO - [2025-01-15T22:09:04.732+0000] {dagbag.py:536} INFO - Filling up the DagBag from /home/airflow/.local/lib/python3.10/site-packages/airflow/example_dags/example_task_group_decorator.py
[2025-01-15T22:09:04.745+0000] {processor.py:839} INFO - DAG(s) dict_keys(['example_task_group_decorator']) retrieved from /home/airflow/.local/lib/python3.10/site-packages/airflow/example_dags/example_task_group_decorator.py
[2025-01-15T22:09:04.769+0000] {logging_mixin.py:154} INFO - [2025-01-15T22:09:04.769+0000] {dag.py:2941} INFO - Sync 1 DAGs
[2025-01-15T22:09:04.790+0000] {logging_mixin.py:154} INFO - [2025-01-15T22:09:04.790+0000] {dag.py:3722} INFO - Setting next_dagrun for example_task_group_decorator to 2025-01-14T22:09:04.790044+00:00, run_after=2025-01-15T22:09:04.790044+00:00
[2025-01-15T22:09:04.820+0000] {processor.py:179} INFO - Processing /home/airflow/.local/lib/python3.10/site-packages/airflow/example_dags/example_task_group_decorator.py took 0.094 seconds
