[2025-01-15T21:47:56.431+0000] {processor.py:157} INFO - Started process (PID=62) to work on /home/airflow/.local/lib/python3.10/site-packages/airflow/example_dags/example_datasets.py
[2025-01-15T21:47:56.432+0000] {processor.py:829} INFO - Processing file /home/airflow/.local/lib/python3.10/site-packages/airflow/example_dags/example_datasets.py for tasks to queue
[2025-01-15T21:47:56.437+0000] {logging_mixin.py:154} INFO - [2025-01-15T21:47:56.436+0000] {dagbag.py:536} INFO - Filling up the DagBag from /home/airflow/.local/lib/python3.10/site-packages/airflow/example_dags/example_datasets.py
[2025-01-15T21:47:56.459+0000] {processor.py:839} INFO - DAG(s) dict_keys(['dataset_produces_1', 'dataset_consumes_1_and_2', 'dataset_consumes_1', 'dataset_consumes_unknown_never_scheduled', 'dataset_produces_2', 'dataset_consumes_1_never_scheduled']) retrieved from /home/airflow/.local/lib/python3.10/site-packages/airflow/example_dags/example_datasets.py
[2025-01-15T21:47:56.520+0000] {logging_mixin.py:154} INFO - [2025-01-15T21:47:56.520+0000] {dag.py:2941} INFO - Sync 6 DAGs
[2025-01-15T21:47:56.548+0000] {logging_mixin.py:154} INFO - [2025-01-15T21:47:56.548+0000] {dag.py:3722} INFO - Setting next_dagrun for dataset_consumes_1 to None, run_after=None
[2025-01-15T21:47:56.553+0000] {logging_mixin.py:154} INFO - [2025-01-15T21:47:56.553+0000] {dag.py:3722} INFO - Setting next_dagrun for dataset_consumes_1_and_2 to None, run_after=None
[2025-01-15T21:47:56.555+0000] {logging_mixin.py:154} INFO - [2025-01-15T21:47:56.555+0000] {dag.py:3722} INFO - Setting next_dagrun for dataset_consumes_1_never_scheduled to None, run_after=None
[2025-01-15T21:47:56.557+0000] {logging_mixin.py:154} INFO - [2025-01-15T21:47:56.557+0000] {dag.py:3722} INFO - Setting next_dagrun for dataset_consumes_unknown_never_scheduled to None, run_after=None
[2025-01-15T21:47:56.561+0000] {logging_mixin.py:154} INFO - [2025-01-15T21:47:56.560+0000] {dag.py:3722} INFO - Setting next_dagrun for dataset_produces_1 to 2025-01-14T00:00:00+00:00, run_after=2025-01-15T00:00:00+00:00
[2025-01-15T21:47:56.563+0000] {logging_mixin.py:154} INFO - [2025-01-15T21:47:56.562+0000] {dag.py:3722} INFO - Setting next_dagrun for dataset_produces_2 to None, run_after=None
[2025-01-15T21:47:56.608+0000] {processor.py:179} INFO - Processing /home/airflow/.local/lib/python3.10/site-packages/airflow/example_dags/example_datasets.py took 0.183 seconds
[2025-01-15T21:48:38.610+0000] {processor.py:157} INFO - Started process (PID=69) to work on /home/airflow/.local/lib/python3.10/site-packages/airflow/example_dags/example_datasets.py
[2025-01-15T21:48:38.611+0000] {processor.py:829} INFO - Processing file /home/airflow/.local/lib/python3.10/site-packages/airflow/example_dags/example_datasets.py for tasks to queue
[2025-01-15T21:48:38.615+0000] {logging_mixin.py:154} INFO - [2025-01-15T21:48:38.615+0000] {dagbag.py:536} INFO - Filling up the DagBag from /home/airflow/.local/lib/python3.10/site-packages/airflow/example_dags/example_datasets.py
[2025-01-15T21:48:38.633+0000] {processor.py:839} INFO - DAG(s) dict_keys(['dataset_produces_1', 'dataset_consumes_unknown_never_scheduled', 'dataset_consumes_1_and_2', 'dataset_consumes_1_never_scheduled', 'dataset_produces_2', 'dataset_consumes_1']) retrieved from /home/airflow/.local/lib/python3.10/site-packages/airflow/example_dags/example_datasets.py
[2025-01-15T21:48:38.654+0000] {logging_mixin.py:154} INFO - [2025-01-15T21:48:38.654+0000] {dag.py:2941} INFO - Sync 6 DAGs
[2025-01-15T21:48:38.695+0000] {logging_mixin.py:154} INFO - [2025-01-15T21:48:38.695+0000] {dag.py:3722} INFO - Setting next_dagrun for dataset_consumes_1 to None, run_after=None
[2025-01-15T21:48:38.709+0000] {logging_mixin.py:154} INFO - [2025-01-15T21:48:38.701+0000] {dag.py:3722} INFO - Setting next_dagrun for dataset_consumes_1_and_2 to None, run_after=None
[2025-01-15T21:48:38.713+0000] {logging_mixin.py:154} INFO - [2025-01-15T21:48:38.712+0000] {dag.py:3722} INFO - Setting next_dagrun for dataset_consumes_1_never_scheduled to None, run_after=None
[2025-01-15T21:48:38.715+0000] {logging_mixin.py:154} INFO - [2025-01-15T21:48:38.715+0000] {dag.py:3722} INFO - Setting next_dagrun for dataset_consumes_unknown_never_scheduled to None, run_after=None
[2025-01-15T21:48:38.720+0000] {logging_mixin.py:154} INFO - [2025-01-15T21:48:38.719+0000] {dag.py:3722} INFO - Setting next_dagrun for dataset_produces_1 to 2025-01-14T00:00:00+00:00, run_after=2025-01-15T00:00:00+00:00
[2025-01-15T21:48:38.722+0000] {logging_mixin.py:154} INFO - [2025-01-15T21:48:38.722+0000] {dag.py:3722} INFO - Setting next_dagrun for dataset_produces_2 to None, run_after=None
[2025-01-15T21:48:38.774+0000] {processor.py:179} INFO - Processing /home/airflow/.local/lib/python3.10/site-packages/airflow/example_dags/example_datasets.py took 0.169 seconds
[2025-01-15T21:49:07.605+0000] {processor.py:157} INFO - Started process (PID=125) to work on /home/airflow/.local/lib/python3.10/site-packages/airflow/example_dags/example_datasets.py
[2025-01-15T21:49:07.606+0000] {processor.py:829} INFO - Processing file /home/airflow/.local/lib/python3.10/site-packages/airflow/example_dags/example_datasets.py for tasks to queue
[2025-01-15T21:49:07.608+0000] {logging_mixin.py:154} INFO - [2025-01-15T21:49:07.607+0000] {dagbag.py:536} INFO - Filling up the DagBag from /home/airflow/.local/lib/python3.10/site-packages/airflow/example_dags/example_datasets.py
[2025-01-15T21:49:07.615+0000] {processor.py:839} INFO - DAG(s) dict_keys(['dataset_consumes_unknown_never_scheduled', 'dataset_consumes_1_and_2', 'dataset_produces_1', 'dataset_consumes_1_never_scheduled', 'dataset_produces_2', 'dataset_consumes_1']) retrieved from /home/airflow/.local/lib/python3.10/site-packages/airflow/example_dags/example_datasets.py
[2025-01-15T21:49:07.642+0000] {logging_mixin.py:154} INFO - [2025-01-15T21:49:07.642+0000] {dag.py:2941} INFO - Sync 6 DAGs
[2025-01-15T21:49:07.661+0000] {logging_mixin.py:154} INFO - [2025-01-15T21:49:07.661+0000] {dag.py:3722} INFO - Setting next_dagrun for dataset_consumes_1 to None, run_after=None
[2025-01-15T21:49:07.664+0000] {logging_mixin.py:154} INFO - [2025-01-15T21:49:07.664+0000] {dag.py:3722} INFO - Setting next_dagrun for dataset_consumes_1_and_2 to None, run_after=None
[2025-01-15T21:49:07.665+0000] {logging_mixin.py:154} INFO - [2025-01-15T21:49:07.665+0000] {dag.py:3722} INFO - Setting next_dagrun for dataset_consumes_1_never_scheduled to None, run_after=None
[2025-01-15T21:49:07.666+0000] {logging_mixin.py:154} INFO - [2025-01-15T21:49:07.666+0000] {dag.py:3722} INFO - Setting next_dagrun for dataset_consumes_unknown_never_scheduled to None, run_after=None
[2025-01-15T21:49:07.669+0000] {logging_mixin.py:154} INFO - [2025-01-15T21:49:07.669+0000] {dag.py:3722} INFO - Setting next_dagrun for dataset_produces_1 to 2025-01-14T00:00:00+00:00, run_after=2025-01-15T00:00:00+00:00
[2025-01-15T21:49:07.670+0000] {logging_mixin.py:154} INFO - [2025-01-15T21:49:07.670+0000] {dag.py:3722} INFO - Setting next_dagrun for dataset_produces_2 to None, run_after=None
[2025-01-15T21:49:07.696+0000] {processor.py:179} INFO - Processing /home/airflow/.local/lib/python3.10/site-packages/airflow/example_dags/example_datasets.py took 0.094 seconds
[2025-01-15T21:49:38.118+0000] {processor.py:157} INFO - Started process (PID=177) to work on /home/airflow/.local/lib/python3.10/site-packages/airflow/example_dags/example_datasets.py
[2025-01-15T21:49:38.119+0000] {processor.py:829} INFO - Processing file /home/airflow/.local/lib/python3.10/site-packages/airflow/example_dags/example_datasets.py for tasks to queue
[2025-01-15T21:49:38.121+0000] {logging_mixin.py:154} INFO - [2025-01-15T21:49:38.121+0000] {dagbag.py:536} INFO - Filling up the DagBag from /home/airflow/.local/lib/python3.10/site-packages/airflow/example_dags/example_datasets.py
[2025-01-15T21:49:38.130+0000] {processor.py:839} INFO - DAG(s) dict_keys(['dataset_consumes_1_and_2', 'dataset_consumes_1_never_scheduled', 'dataset_consumes_1', 'dataset_produces_1', 'dataset_produces_2', 'dataset_consumes_unknown_never_scheduled']) retrieved from /home/airflow/.local/lib/python3.10/site-packages/airflow/example_dags/example_datasets.py
[2025-01-15T21:49:38.167+0000] {logging_mixin.py:154} INFO - [2025-01-15T21:49:38.167+0000] {dag.py:2941} INFO - Sync 6 DAGs
[2025-01-15T21:49:38.197+0000] {logging_mixin.py:154} INFO - [2025-01-15T21:49:38.197+0000] {dag.py:3722} INFO - Setting next_dagrun for dataset_consumes_1 to None, run_after=None
[2025-01-15T21:49:38.201+0000] {logging_mixin.py:154} INFO - [2025-01-15T21:49:38.201+0000] {dag.py:3722} INFO - Setting next_dagrun for dataset_consumes_1_and_2 to None, run_after=None
[2025-01-15T21:49:38.203+0000] {logging_mixin.py:154} INFO - [2025-01-15T21:49:38.203+0000] {dag.py:3722} INFO - Setting next_dagrun for dataset_consumes_1_never_scheduled to None, run_after=None
[2025-01-15T21:49:38.204+0000] {logging_mixin.py:154} INFO - [2025-01-15T21:49:38.204+0000] {dag.py:3722} INFO - Setting next_dagrun for dataset_consumes_unknown_never_scheduled to None, run_after=None
[2025-01-15T21:49:38.207+0000] {logging_mixin.py:154} INFO - [2025-01-15T21:49:38.207+0000] {dag.py:3722} INFO - Setting next_dagrun for dataset_produces_1 to 2025-01-14T00:00:00+00:00, run_after=2025-01-15T00:00:00+00:00
[2025-01-15T21:49:38.209+0000] {logging_mixin.py:154} INFO - [2025-01-15T21:49:38.209+0000] {dag.py:3722} INFO - Setting next_dagrun for dataset_produces_2 to None, run_after=None
[2025-01-15T21:49:38.244+0000] {processor.py:179} INFO - Processing /home/airflow/.local/lib/python3.10/site-packages/airflow/example_dags/example_datasets.py took 0.129 seconds
[2025-01-15T21:50:09.393+0000] {processor.py:157} INFO - Started process (PID=238) to work on /home/airflow/.local/lib/python3.10/site-packages/airflow/example_dags/example_datasets.py
[2025-01-15T21:50:09.394+0000] {processor.py:829} INFO - Processing file /home/airflow/.local/lib/python3.10/site-packages/airflow/example_dags/example_datasets.py for tasks to queue
[2025-01-15T21:50:09.396+0000] {logging_mixin.py:154} INFO - [2025-01-15T21:50:09.396+0000] {dagbag.py:536} INFO - Filling up the DagBag from /home/airflow/.local/lib/python3.10/site-packages/airflow/example_dags/example_datasets.py
[2025-01-15T21:50:09.403+0000] {processor.py:839} INFO - DAG(s) dict_keys(['dataset_consumes_1_never_scheduled', 'dataset_consumes_1_and_2', 'dataset_produces_2', 'dataset_consumes_unknown_never_scheduled', 'dataset_consumes_1', 'dataset_produces_1']) retrieved from /home/airflow/.local/lib/python3.10/site-packages/airflow/example_dags/example_datasets.py
[2025-01-15T21:50:09.430+0000] {logging_mixin.py:154} INFO - [2025-01-15T21:50:09.430+0000] {dag.py:2941} INFO - Sync 6 DAGs
[2025-01-15T21:50:09.449+0000] {logging_mixin.py:154} INFO - [2025-01-15T21:50:09.448+0000] {dag.py:3722} INFO - Setting next_dagrun for dataset_consumes_1 to None, run_after=None
[2025-01-15T21:50:09.452+0000] {logging_mixin.py:154} INFO - [2025-01-15T21:50:09.451+0000] {dag.py:3722} INFO - Setting next_dagrun for dataset_consumes_1_and_2 to None, run_after=None
[2025-01-15T21:50:09.453+0000] {logging_mixin.py:154} INFO - [2025-01-15T21:50:09.453+0000] {dag.py:3722} INFO - Setting next_dagrun for dataset_consumes_1_never_scheduled to None, run_after=None
[2025-01-15T21:50:09.454+0000] {logging_mixin.py:154} INFO - [2025-01-15T21:50:09.454+0000] {dag.py:3722} INFO - Setting next_dagrun for dataset_consumes_unknown_never_scheduled to None, run_after=None
[2025-01-15T21:50:09.456+0000] {logging_mixin.py:154} INFO - [2025-01-15T21:50:09.456+0000] {dag.py:3722} INFO - Setting next_dagrun for dataset_produces_1 to 2025-01-14T00:00:00+00:00, run_after=2025-01-15T00:00:00+00:00
[2025-01-15T21:50:09.457+0000] {logging_mixin.py:154} INFO - [2025-01-15T21:50:09.457+0000] {dag.py:3722} INFO - Setting next_dagrun for dataset_produces_2 to None, run_after=None
[2025-01-15T21:50:09.481+0000] {processor.py:179} INFO - Processing /home/airflow/.local/lib/python3.10/site-packages/airflow/example_dags/example_datasets.py took 0.090 seconds
[2025-01-15T21:50:39.531+0000] {processor.py:157} INFO - Started process (PID=293) to work on /home/airflow/.local/lib/python3.10/site-packages/airflow/example_dags/example_datasets.py
[2025-01-15T21:50:39.532+0000] {processor.py:829} INFO - Processing file /home/airflow/.local/lib/python3.10/site-packages/airflow/example_dags/example_datasets.py for tasks to queue
[2025-01-15T21:50:39.534+0000] {logging_mixin.py:154} INFO - [2025-01-15T21:50:39.534+0000] {dagbag.py:536} INFO - Filling up the DagBag from /home/airflow/.local/lib/python3.10/site-packages/airflow/example_dags/example_datasets.py
[2025-01-15T21:50:39.545+0000] {processor.py:839} INFO - DAG(s) dict_keys(['dataset_produces_2', 'dataset_consumes_unknown_never_scheduled', 'dataset_produces_1', 'dataset_consumes_1_never_scheduled', 'dataset_consumes_1_and_2', 'dataset_consumes_1']) retrieved from /home/airflow/.local/lib/python3.10/site-packages/airflow/example_dags/example_datasets.py
[2025-01-15T21:50:39.591+0000] {logging_mixin.py:154} INFO - [2025-01-15T21:50:39.590+0000] {dag.py:2941} INFO - Sync 6 DAGs
[2025-01-15T21:50:39.624+0000] {logging_mixin.py:154} INFO - [2025-01-15T21:50:39.623+0000] {dag.py:3722} INFO - Setting next_dagrun for dataset_consumes_1 to None, run_after=None
[2025-01-15T21:50:39.629+0000] {logging_mixin.py:154} INFO - [2025-01-15T21:50:39.629+0000] {dag.py:3722} INFO - Setting next_dagrun for dataset_consumes_1_and_2 to None, run_after=None
[2025-01-15T21:50:39.631+0000] {logging_mixin.py:154} INFO - [2025-01-15T21:50:39.631+0000] {dag.py:3722} INFO - Setting next_dagrun for dataset_consumes_1_never_scheduled to None, run_after=None
[2025-01-15T21:50:39.632+0000] {logging_mixin.py:154} INFO - [2025-01-15T21:50:39.632+0000] {dag.py:3722} INFO - Setting next_dagrun for dataset_consumes_unknown_never_scheduled to None, run_after=None
[2025-01-15T21:50:39.635+0000] {logging_mixin.py:154} INFO - [2025-01-15T21:50:39.635+0000] {dag.py:3722} INFO - Setting next_dagrun for dataset_produces_1 to 2025-01-14T00:00:00+00:00, run_after=2025-01-15T00:00:00+00:00
[2025-01-15T21:50:39.636+0000] {logging_mixin.py:154} INFO - [2025-01-15T21:50:39.636+0000] {dag.py:3722} INFO - Setting next_dagrun for dataset_produces_2 to None, run_after=None
[2025-01-15T21:50:39.673+0000] {processor.py:179} INFO - Processing /home/airflow/.local/lib/python3.10/site-packages/airflow/example_dags/example_datasets.py took 0.145 seconds
[2025-01-15T21:51:09.755+0000] {processor.py:157} INFO - Started process (PID=347) to work on /home/airflow/.local/lib/python3.10/site-packages/airflow/example_dags/example_datasets.py
[2025-01-15T21:51:09.756+0000] {processor.py:829} INFO - Processing file /home/airflow/.local/lib/python3.10/site-packages/airflow/example_dags/example_datasets.py for tasks to queue
[2025-01-15T21:51:09.759+0000] {logging_mixin.py:154} INFO - [2025-01-15T21:51:09.759+0000] {dagbag.py:536} INFO - Filling up the DagBag from /home/airflow/.local/lib/python3.10/site-packages/airflow/example_dags/example_datasets.py
[2025-01-15T21:51:09.769+0000] {processor.py:839} INFO - DAG(s) dict_keys(['dataset_consumes_1', 'dataset_consumes_unknown_never_scheduled', 'dataset_produces_1', 'dataset_produces_2', 'dataset_consumes_1_and_2', 'dataset_consumes_1_never_scheduled']) retrieved from /home/airflow/.local/lib/python3.10/site-packages/airflow/example_dags/example_datasets.py
[2025-01-15T21:51:09.805+0000] {logging_mixin.py:154} INFO - [2025-01-15T21:51:09.805+0000] {dag.py:2941} INFO - Sync 6 DAGs
[2025-01-15T21:51:09.827+0000] {logging_mixin.py:154} INFO - [2025-01-15T21:51:09.827+0000] {dag.py:3722} INFO - Setting next_dagrun for dataset_consumes_1 to None, run_after=None
[2025-01-15T21:51:09.832+0000] {logging_mixin.py:154} INFO - [2025-01-15T21:51:09.831+0000] {dag.py:3722} INFO - Setting next_dagrun for dataset_consumes_1_and_2 to None, run_after=None
[2025-01-15T21:51:09.833+0000] {logging_mixin.py:154} INFO - [2025-01-15T21:51:09.833+0000] {dag.py:3722} INFO - Setting next_dagrun for dataset_consumes_1_never_scheduled to None, run_after=None
[2025-01-15T21:51:09.835+0000] {logging_mixin.py:154} INFO - [2025-01-15T21:51:09.835+0000] {dag.py:3722} INFO - Setting next_dagrun for dataset_consumes_unknown_never_scheduled to None, run_after=None
[2025-01-15T21:51:09.838+0000] {logging_mixin.py:154} INFO - [2025-01-15T21:51:09.838+0000] {dag.py:3722} INFO - Setting next_dagrun for dataset_produces_1 to 2025-01-14T00:00:00+00:00, run_after=2025-01-15T00:00:00+00:00
[2025-01-15T21:51:09.839+0000] {logging_mixin.py:154} INFO - [2025-01-15T21:51:09.839+0000] {dag.py:3722} INFO - Setting next_dagrun for dataset_produces_2 to None, run_after=None
[2025-01-15T21:51:09.867+0000] {processor.py:179} INFO - Processing /home/airflow/.local/lib/python3.10/site-packages/airflow/example_dags/example_datasets.py took 0.115 seconds
[2025-01-15T21:51:40.130+0000] {processor.py:157} INFO - Started process (PID=403) to work on /home/airflow/.local/lib/python3.10/site-packages/airflow/example_dags/example_datasets.py
[2025-01-15T21:51:40.131+0000] {processor.py:829} INFO - Processing file /home/airflow/.local/lib/python3.10/site-packages/airflow/example_dags/example_datasets.py for tasks to queue
[2025-01-15T21:51:40.133+0000] {logging_mixin.py:154} INFO - [2025-01-15T21:51:40.133+0000] {dagbag.py:536} INFO - Filling up the DagBag from /home/airflow/.local/lib/python3.10/site-packages/airflow/example_dags/example_datasets.py
[2025-01-15T21:51:40.141+0000] {processor.py:839} INFO - DAG(s) dict_keys(['dataset_produces_1', 'dataset_consumes_unknown_never_scheduled', 'dataset_consumes_1', 'dataset_produces_2', 'dataset_consumes_1_never_scheduled', 'dataset_consumes_1_and_2']) retrieved from /home/airflow/.local/lib/python3.10/site-packages/airflow/example_dags/example_datasets.py
[2025-01-15T21:51:40.170+0000] {logging_mixin.py:154} INFO - [2025-01-15T21:51:40.170+0000] {dag.py:2941} INFO - Sync 6 DAGs
[2025-01-15T21:51:40.189+0000] {logging_mixin.py:154} INFO - [2025-01-15T21:51:40.189+0000] {dag.py:3722} INFO - Setting next_dagrun for dataset_consumes_1 to None, run_after=None
[2025-01-15T21:51:40.193+0000] {logging_mixin.py:154} INFO - [2025-01-15T21:51:40.193+0000] {dag.py:3722} INFO - Setting next_dagrun for dataset_consumes_1_and_2 to None, run_after=None
[2025-01-15T21:51:40.194+0000] {logging_mixin.py:154} INFO - [2025-01-15T21:51:40.194+0000] {dag.py:3722} INFO - Setting next_dagrun for dataset_consumes_1_never_scheduled to None, run_after=None
[2025-01-15T21:51:40.195+0000] {logging_mixin.py:154} INFO - [2025-01-15T21:51:40.195+0000] {dag.py:3722} INFO - Setting next_dagrun for dataset_consumes_unknown_never_scheduled to None, run_after=None
[2025-01-15T21:51:40.198+0000] {logging_mixin.py:154} INFO - [2025-01-15T21:51:40.198+0000] {dag.py:3722} INFO - Setting next_dagrun for dataset_produces_1 to 2025-01-14T00:00:00+00:00, run_after=2025-01-15T00:00:00+00:00
[2025-01-15T21:51:40.199+0000] {logging_mixin.py:154} INFO - [2025-01-15T21:51:40.199+0000] {dag.py:3722} INFO - Setting next_dagrun for dataset_produces_2 to None, run_after=None
[2025-01-15T21:51:40.225+0000] {processor.py:179} INFO - Processing /home/airflow/.local/lib/python3.10/site-packages/airflow/example_dags/example_datasets.py took 0.098 seconds
[2025-01-15T21:52:10.388+0000] {processor.py:157} INFO - Started process (PID=459) to work on /home/airflow/.local/lib/python3.10/site-packages/airflow/example_dags/example_datasets.py
[2025-01-15T21:52:10.389+0000] {processor.py:829} INFO - Processing file /home/airflow/.local/lib/python3.10/site-packages/airflow/example_dags/example_datasets.py for tasks to queue
[2025-01-15T21:52:10.391+0000] {logging_mixin.py:154} INFO - [2025-01-15T21:52:10.391+0000] {dagbag.py:536} INFO - Filling up the DagBag from /home/airflow/.local/lib/python3.10/site-packages/airflow/example_dags/example_datasets.py
[2025-01-15T21:52:10.399+0000] {processor.py:839} INFO - DAG(s) dict_keys(['dataset_consumes_unknown_never_scheduled', 'dataset_produces_2', 'dataset_produces_1', 'dataset_consumes_1', 'dataset_consumes_1_never_scheduled', 'dataset_consumes_1_and_2']) retrieved from /home/airflow/.local/lib/python3.10/site-packages/airflow/example_dags/example_datasets.py
[2025-01-15T21:52:10.431+0000] {logging_mixin.py:154} INFO - [2025-01-15T21:52:10.431+0000] {dag.py:2941} INFO - Sync 6 DAGs
[2025-01-15T21:52:10.452+0000] {logging_mixin.py:154} INFO - [2025-01-15T21:52:10.452+0000] {dag.py:3722} INFO - Setting next_dagrun for dataset_consumes_1 to None, run_after=None
[2025-01-15T21:52:10.455+0000] {logging_mixin.py:154} INFO - [2025-01-15T21:52:10.455+0000] {dag.py:3722} INFO - Setting next_dagrun for dataset_consumes_1_and_2 to None, run_after=None
[2025-01-15T21:52:10.457+0000] {logging_mixin.py:154} INFO - [2025-01-15T21:52:10.457+0000] {dag.py:3722} INFO - Setting next_dagrun for dataset_consumes_1_never_scheduled to None, run_after=None
[2025-01-15T21:52:10.458+0000] {logging_mixin.py:154} INFO - [2025-01-15T21:52:10.458+0000] {dag.py:3722} INFO - Setting next_dagrun for dataset_consumes_unknown_never_scheduled to None, run_after=None
[2025-01-15T21:52:10.460+0000] {logging_mixin.py:154} INFO - [2025-01-15T21:52:10.460+0000] {dag.py:3722} INFO - Setting next_dagrun for dataset_produces_1 to 2025-01-14T00:00:00+00:00, run_after=2025-01-15T00:00:00+00:00
[2025-01-15T21:52:10.462+0000] {logging_mixin.py:154} INFO - [2025-01-15T21:52:10.461+0000] {dag.py:3722} INFO - Setting next_dagrun for dataset_produces_2 to None, run_after=None
[2025-01-15T21:52:10.488+0000] {processor.py:179} INFO - Processing /home/airflow/.local/lib/python3.10/site-packages/airflow/example_dags/example_datasets.py took 0.103 seconds
[2025-01-15T21:52:40.658+0000] {processor.py:157} INFO - Started process (PID=515) to work on /home/airflow/.local/lib/python3.10/site-packages/airflow/example_dags/example_datasets.py
[2025-01-15T21:52:40.658+0000] {processor.py:829} INFO - Processing file /home/airflow/.local/lib/python3.10/site-packages/airflow/example_dags/example_datasets.py for tasks to queue
[2025-01-15T21:52:40.660+0000] {logging_mixin.py:154} INFO - [2025-01-15T21:52:40.660+0000] {dagbag.py:536} INFO - Filling up the DagBag from /home/airflow/.local/lib/python3.10/site-packages/airflow/example_dags/example_datasets.py
[2025-01-15T21:52:40.668+0000] {processor.py:839} INFO - DAG(s) dict_keys(['dataset_consumes_1_and_2', 'dataset_consumes_1', 'dataset_produces_1', 'dataset_consumes_unknown_never_scheduled', 'dataset_consumes_1_never_scheduled', 'dataset_produces_2']) retrieved from /home/airflow/.local/lib/python3.10/site-packages/airflow/example_dags/example_datasets.py
[2025-01-15T21:52:40.700+0000] {logging_mixin.py:154} INFO - [2025-01-15T21:52:40.699+0000] {dag.py:2941} INFO - Sync 6 DAGs
[2025-01-15T21:52:40.721+0000] {logging_mixin.py:154} INFO - [2025-01-15T21:52:40.721+0000] {dag.py:3722} INFO - Setting next_dagrun for dataset_consumes_1 to None, run_after=None
[2025-01-15T21:52:40.724+0000] {logging_mixin.py:154} INFO - [2025-01-15T21:52:40.724+0000] {dag.py:3722} INFO - Setting next_dagrun for dataset_consumes_1_and_2 to None, run_after=None
[2025-01-15T21:52:40.725+0000] {logging_mixin.py:154} INFO - [2025-01-15T21:52:40.725+0000] {dag.py:3722} INFO - Setting next_dagrun for dataset_consumes_1_never_scheduled to None, run_after=None
[2025-01-15T21:52:40.726+0000] {logging_mixin.py:154} INFO - [2025-01-15T21:52:40.726+0000] {dag.py:3722} INFO - Setting next_dagrun for dataset_consumes_unknown_never_scheduled to None, run_after=None
[2025-01-15T21:52:40.729+0000] {logging_mixin.py:154} INFO - [2025-01-15T21:52:40.729+0000] {dag.py:3722} INFO - Setting next_dagrun for dataset_produces_1 to 2025-01-14T00:00:00+00:00, run_after=2025-01-15T00:00:00+00:00
[2025-01-15T21:52:40.730+0000] {logging_mixin.py:154} INFO - [2025-01-15T21:52:40.730+0000] {dag.py:3722} INFO - Setting next_dagrun for dataset_produces_2 to None, run_after=None
[2025-01-15T21:52:40.757+0000] {processor.py:179} INFO - Processing /home/airflow/.local/lib/python3.10/site-packages/airflow/example_dags/example_datasets.py took 0.102 seconds
[2025-01-15T21:53:10.820+0000] {processor.py:157} INFO - Started process (PID=571) to work on /home/airflow/.local/lib/python3.10/site-packages/airflow/example_dags/example_datasets.py
[2025-01-15T21:53:10.821+0000] {processor.py:829} INFO - Processing file /home/airflow/.local/lib/python3.10/site-packages/airflow/example_dags/example_datasets.py for tasks to queue
[2025-01-15T21:53:10.823+0000] {logging_mixin.py:154} INFO - [2025-01-15T21:53:10.823+0000] {dagbag.py:536} INFO - Filling up the DagBag from /home/airflow/.local/lib/python3.10/site-packages/airflow/example_dags/example_datasets.py
[2025-01-15T21:53:10.832+0000] {processor.py:839} INFO - DAG(s) dict_keys(['dataset_produces_1', 'dataset_consumes_unknown_never_scheduled', 'dataset_consumes_1', 'dataset_consumes_1_never_scheduled', 'dataset_produces_2', 'dataset_consumes_1_and_2']) retrieved from /home/airflow/.local/lib/python3.10/site-packages/airflow/example_dags/example_datasets.py
[2025-01-15T21:53:10.867+0000] {logging_mixin.py:154} INFO - [2025-01-15T21:53:10.866+0000] {dag.py:2941} INFO - Sync 6 DAGs
[2025-01-15T21:53:10.886+0000] {logging_mixin.py:154} INFO - [2025-01-15T21:53:10.886+0000] {dag.py:3722} INFO - Setting next_dagrun for dataset_consumes_1 to None, run_after=None
[2025-01-15T21:53:10.890+0000] {logging_mixin.py:154} INFO - [2025-01-15T21:53:10.890+0000] {dag.py:3722} INFO - Setting next_dagrun for dataset_consumes_1_and_2 to None, run_after=None
[2025-01-15T21:53:10.891+0000] {logging_mixin.py:154} INFO - [2025-01-15T21:53:10.891+0000] {dag.py:3722} INFO - Setting next_dagrun for dataset_consumes_1_never_scheduled to None, run_after=None
[2025-01-15T21:53:10.893+0000] {logging_mixin.py:154} INFO - [2025-01-15T21:53:10.893+0000] {dag.py:3722} INFO - Setting next_dagrun for dataset_consumes_unknown_never_scheduled to None, run_after=None
[2025-01-15T21:53:10.895+0000] {logging_mixin.py:154} INFO - [2025-01-15T21:53:10.895+0000] {dag.py:3722} INFO - Setting next_dagrun for dataset_produces_1 to 2025-01-14T00:00:00+00:00, run_after=2025-01-15T00:00:00+00:00
[2025-01-15T21:53:10.897+0000] {logging_mixin.py:154} INFO - [2025-01-15T21:53:10.896+0000] {dag.py:3722} INFO - Setting next_dagrun for dataset_produces_2 to None, run_after=None
[2025-01-15T21:53:10.923+0000] {processor.py:179} INFO - Processing /home/airflow/.local/lib/python3.10/site-packages/airflow/example_dags/example_datasets.py took 0.105 seconds
[2025-01-15T21:53:41.131+0000] {processor.py:157} INFO - Started process (PID=627) to work on /home/airflow/.local/lib/python3.10/site-packages/airflow/example_dags/example_datasets.py
[2025-01-15T21:53:41.131+0000] {processor.py:829} INFO - Processing file /home/airflow/.local/lib/python3.10/site-packages/airflow/example_dags/example_datasets.py for tasks to queue
[2025-01-15T21:53:41.133+0000] {logging_mixin.py:154} INFO - [2025-01-15T21:53:41.133+0000] {dagbag.py:536} INFO - Filling up the DagBag from /home/airflow/.local/lib/python3.10/site-packages/airflow/example_dags/example_datasets.py
[2025-01-15T21:53:41.141+0000] {processor.py:839} INFO - DAG(s) dict_keys(['dataset_consumes_unknown_never_scheduled', 'dataset_consumes_1_and_2', 'dataset_consumes_1', 'dataset_produces_1', 'dataset_produces_2', 'dataset_consumes_1_never_scheduled']) retrieved from /home/airflow/.local/lib/python3.10/site-packages/airflow/example_dags/example_datasets.py
[2025-01-15T21:53:41.171+0000] {logging_mixin.py:154} INFO - [2025-01-15T21:53:41.171+0000] {dag.py:2941} INFO - Sync 6 DAGs
[2025-01-15T21:53:41.192+0000] {logging_mixin.py:154} INFO - [2025-01-15T21:53:41.191+0000] {dag.py:3722} INFO - Setting next_dagrun for dataset_consumes_1 to None, run_after=None
[2025-01-15T21:53:41.195+0000] {logging_mixin.py:154} INFO - [2025-01-15T21:53:41.195+0000] {dag.py:3722} INFO - Setting next_dagrun for dataset_consumes_1_and_2 to None, run_after=None
[2025-01-15T21:53:41.196+0000] {logging_mixin.py:154} INFO - [2025-01-15T21:53:41.196+0000] {dag.py:3722} INFO - Setting next_dagrun for dataset_consumes_1_never_scheduled to None, run_after=None
[2025-01-15T21:53:41.198+0000] {logging_mixin.py:154} INFO - [2025-01-15T21:53:41.197+0000] {dag.py:3722} INFO - Setting next_dagrun for dataset_consumes_unknown_never_scheduled to None, run_after=None
[2025-01-15T21:53:41.200+0000] {logging_mixin.py:154} INFO - [2025-01-15T21:53:41.200+0000] {dag.py:3722} INFO - Setting next_dagrun for dataset_produces_1 to 2025-01-14T00:00:00+00:00, run_after=2025-01-15T00:00:00+00:00
[2025-01-15T21:53:41.201+0000] {logging_mixin.py:154} INFO - [2025-01-15T21:53:41.201+0000] {dag.py:3722} INFO - Setting next_dagrun for dataset_produces_2 to None, run_after=None
[2025-01-15T21:53:41.228+0000] {processor.py:179} INFO - Processing /home/airflow/.local/lib/python3.10/site-packages/airflow/example_dags/example_datasets.py took 0.100 seconds
[2025-01-15T21:54:12.130+0000] {processor.py:157} INFO - Started process (PID=683) to work on /home/airflow/.local/lib/python3.10/site-packages/airflow/example_dags/example_datasets.py
[2025-01-15T21:54:12.131+0000] {processor.py:829} INFO - Processing file /home/airflow/.local/lib/python3.10/site-packages/airflow/example_dags/example_datasets.py for tasks to queue
[2025-01-15T21:54:12.133+0000] {logging_mixin.py:154} INFO - [2025-01-15T21:54:12.133+0000] {dagbag.py:536} INFO - Filling up the DagBag from /home/airflow/.local/lib/python3.10/site-packages/airflow/example_dags/example_datasets.py
[2025-01-15T21:54:12.141+0000] {processor.py:839} INFO - DAG(s) dict_keys(['dataset_produces_2', 'dataset_consumes_unknown_never_scheduled', 'dataset_consumes_1_never_scheduled', 'dataset_consumes_1', 'dataset_consumes_1_and_2', 'dataset_produces_1']) retrieved from /home/airflow/.local/lib/python3.10/site-packages/airflow/example_dags/example_datasets.py
[2025-01-15T21:54:12.170+0000] {logging_mixin.py:154} INFO - [2025-01-15T21:54:12.170+0000] {dag.py:2941} INFO - Sync 6 DAGs
[2025-01-15T21:54:12.191+0000] {logging_mixin.py:154} INFO - [2025-01-15T21:54:12.191+0000] {dag.py:3722} INFO - Setting next_dagrun for dataset_consumes_1 to None, run_after=None
[2025-01-15T21:54:12.195+0000] {logging_mixin.py:154} INFO - [2025-01-15T21:54:12.195+0000] {dag.py:3722} INFO - Setting next_dagrun for dataset_consumes_1_and_2 to None, run_after=None
[2025-01-15T21:54:12.196+0000] {logging_mixin.py:154} INFO - [2025-01-15T21:54:12.196+0000] {dag.py:3722} INFO - Setting next_dagrun for dataset_consumes_1_never_scheduled to None, run_after=None
[2025-01-15T21:54:12.197+0000] {logging_mixin.py:154} INFO - [2025-01-15T21:54:12.197+0000] {dag.py:3722} INFO - Setting next_dagrun for dataset_consumes_unknown_never_scheduled to None, run_after=None
[2025-01-15T21:54:12.199+0000] {logging_mixin.py:154} INFO - [2025-01-15T21:54:12.199+0000] {dag.py:3722} INFO - Setting next_dagrun for dataset_produces_1 to 2025-01-14T00:00:00+00:00, run_after=2025-01-15T00:00:00+00:00
[2025-01-15T21:54:12.200+0000] {logging_mixin.py:154} INFO - [2025-01-15T21:54:12.200+0000] {dag.py:3722} INFO - Setting next_dagrun for dataset_produces_2 to None, run_after=None
[2025-01-15T21:54:12.226+0000] {processor.py:179} INFO - Processing /home/airflow/.local/lib/python3.10/site-packages/airflow/example_dags/example_datasets.py took 0.099 seconds
[2025-01-15T21:54:42.848+0000] {processor.py:157} INFO - Started process (PID=739) to work on /home/airflow/.local/lib/python3.10/site-packages/airflow/example_dags/example_datasets.py
[2025-01-15T21:54:42.849+0000] {processor.py:829} INFO - Processing file /home/airflow/.local/lib/python3.10/site-packages/airflow/example_dags/example_datasets.py for tasks to queue
[2025-01-15T21:54:42.851+0000] {logging_mixin.py:154} INFO - [2025-01-15T21:54:42.851+0000] {dagbag.py:536} INFO - Filling up the DagBag from /home/airflow/.local/lib/python3.10/site-packages/airflow/example_dags/example_datasets.py
[2025-01-15T21:54:42.859+0000] {processor.py:839} INFO - DAG(s) dict_keys(['dataset_produces_2', 'dataset_consumes_unknown_never_scheduled', 'dataset_consumes_1_and_2', 'dataset_consumes_1_never_scheduled', 'dataset_consumes_1', 'dataset_produces_1']) retrieved from /home/airflow/.local/lib/python3.10/site-packages/airflow/example_dags/example_datasets.py
[2025-01-15T21:54:42.892+0000] {logging_mixin.py:154} INFO - [2025-01-15T21:54:42.892+0000] {dag.py:2941} INFO - Sync 6 DAGs
[2025-01-15T21:54:42.913+0000] {logging_mixin.py:154} INFO - [2025-01-15T21:54:42.913+0000] {dag.py:3722} INFO - Setting next_dagrun for dataset_consumes_1 to None, run_after=None
[2025-01-15T21:54:42.917+0000] {logging_mixin.py:154} INFO - [2025-01-15T21:54:42.917+0000] {dag.py:3722} INFO - Setting next_dagrun for dataset_consumes_1_and_2 to None, run_after=None
[2025-01-15T21:54:42.918+0000] {logging_mixin.py:154} INFO - [2025-01-15T21:54:42.918+0000] {dag.py:3722} INFO - Setting next_dagrun for dataset_consumes_1_never_scheduled to None, run_after=None
[2025-01-15T21:54:42.919+0000] {logging_mixin.py:154} INFO - [2025-01-15T21:54:42.919+0000] {dag.py:3722} INFO - Setting next_dagrun for dataset_consumes_unknown_never_scheduled to None, run_after=None
[2025-01-15T21:54:42.922+0000] {logging_mixin.py:154} INFO - [2025-01-15T21:54:42.922+0000] {dag.py:3722} INFO - Setting next_dagrun for dataset_produces_1 to 2025-01-14T00:00:00+00:00, run_after=2025-01-15T00:00:00+00:00
[2025-01-15T21:54:42.923+0000] {logging_mixin.py:154} INFO - [2025-01-15T21:54:42.923+0000] {dag.py:3722} INFO - Setting next_dagrun for dataset_produces_2 to None, run_after=None
[2025-01-15T21:54:43.102+0000] {processor.py:179} INFO - Processing /home/airflow/.local/lib/python3.10/site-packages/airflow/example_dags/example_datasets.py took 0.257 seconds
[2025-01-15T21:55:13.201+0000] {processor.py:157} INFO - Started process (PID=795) to work on /home/airflow/.local/lib/python3.10/site-packages/airflow/example_dags/example_datasets.py
[2025-01-15T21:55:13.202+0000] {processor.py:829} INFO - Processing file /home/airflow/.local/lib/python3.10/site-packages/airflow/example_dags/example_datasets.py for tasks to queue
[2025-01-15T21:55:13.203+0000] {logging_mixin.py:154} INFO - [2025-01-15T21:55:13.203+0000] {dagbag.py:536} INFO - Filling up the DagBag from /home/airflow/.local/lib/python3.10/site-packages/airflow/example_dags/example_datasets.py
[2025-01-15T21:55:13.211+0000] {processor.py:839} INFO - DAG(s) dict_keys(['dataset_produces_2', 'dataset_consumes_1', 'dataset_consumes_unknown_never_scheduled', 'dataset_consumes_1_never_scheduled', 'dataset_produces_1', 'dataset_consumes_1_and_2']) retrieved from /home/airflow/.local/lib/python3.10/site-packages/airflow/example_dags/example_datasets.py
[2025-01-15T21:55:13.239+0000] {logging_mixin.py:154} INFO - [2025-01-15T21:55:13.239+0000] {dag.py:2941} INFO - Sync 6 DAGs
[2025-01-15T21:55:13.257+0000] {logging_mixin.py:154} INFO - [2025-01-15T21:55:13.257+0000] {dag.py:3722} INFO - Setting next_dagrun for dataset_consumes_1 to None, run_after=None
[2025-01-15T21:55:13.260+0000] {logging_mixin.py:154} INFO - [2025-01-15T21:55:13.260+0000] {dag.py:3722} INFO - Setting next_dagrun for dataset_consumes_1_and_2 to None, run_after=None
[2025-01-15T21:55:13.261+0000] {logging_mixin.py:154} INFO - [2025-01-15T21:55:13.261+0000] {dag.py:3722} INFO - Setting next_dagrun for dataset_consumes_1_never_scheduled to None, run_after=None
[2025-01-15T21:55:13.262+0000] {logging_mixin.py:154} INFO - [2025-01-15T21:55:13.262+0000] {dag.py:3722} INFO - Setting next_dagrun for dataset_consumes_unknown_never_scheduled to None, run_after=None
[2025-01-15T21:55:13.264+0000] {logging_mixin.py:154} INFO - [2025-01-15T21:55:13.264+0000] {dag.py:3722} INFO - Setting next_dagrun for dataset_produces_1 to 2025-01-14T00:00:00+00:00, run_after=2025-01-15T00:00:00+00:00
[2025-01-15T21:55:13.265+0000] {logging_mixin.py:154} INFO - [2025-01-15T21:55:13.265+0000] {dag.py:3722} INFO - Setting next_dagrun for dataset_produces_2 to None, run_after=None
[2025-01-15T21:55:13.288+0000] {processor.py:179} INFO - Processing /home/airflow/.local/lib/python3.10/site-packages/airflow/example_dags/example_datasets.py took 0.089 seconds
[2025-01-15T21:55:43.431+0000] {processor.py:157} INFO - Started process (PID=851) to work on /home/airflow/.local/lib/python3.10/site-packages/airflow/example_dags/example_datasets.py
[2025-01-15T21:55:43.432+0000] {processor.py:829} INFO - Processing file /home/airflow/.local/lib/python3.10/site-packages/airflow/example_dags/example_datasets.py for tasks to queue
[2025-01-15T21:55:43.434+0000] {logging_mixin.py:154} INFO - [2025-01-15T21:55:43.434+0000] {dagbag.py:536} INFO - Filling up the DagBag from /home/airflow/.local/lib/python3.10/site-packages/airflow/example_dags/example_datasets.py
[2025-01-15T21:55:43.442+0000] {processor.py:839} INFO - DAG(s) dict_keys(['dataset_consumes_1_never_scheduled', 'dataset_consumes_unknown_never_scheduled', 'dataset_produces_2', 'dataset_consumes_1_and_2', 'dataset_consumes_1', 'dataset_produces_1']) retrieved from /home/airflow/.local/lib/python3.10/site-packages/airflow/example_dags/example_datasets.py
[2025-01-15T21:55:43.475+0000] {logging_mixin.py:154} INFO - [2025-01-15T21:55:43.474+0000] {dag.py:2941} INFO - Sync 6 DAGs
[2025-01-15T21:55:43.495+0000] {logging_mixin.py:154} INFO - [2025-01-15T21:55:43.495+0000] {dag.py:3722} INFO - Setting next_dagrun for dataset_consumes_1 to None, run_after=None
[2025-01-15T21:55:43.498+0000] {logging_mixin.py:154} INFO - [2025-01-15T21:55:43.498+0000] {dag.py:3722} INFO - Setting next_dagrun for dataset_consumes_1_and_2 to None, run_after=None
[2025-01-15T21:55:43.499+0000] {logging_mixin.py:154} INFO - [2025-01-15T21:55:43.499+0000] {dag.py:3722} INFO - Setting next_dagrun for dataset_consumes_1_never_scheduled to None, run_after=None
[2025-01-15T21:55:43.500+0000] {logging_mixin.py:154} INFO - [2025-01-15T21:55:43.500+0000] {dag.py:3722} INFO - Setting next_dagrun for dataset_consumes_unknown_never_scheduled to None, run_after=None
[2025-01-15T21:55:43.503+0000] {logging_mixin.py:154} INFO - [2025-01-15T21:55:43.503+0000] {dag.py:3722} INFO - Setting next_dagrun for dataset_produces_1 to 2025-01-14T00:00:00+00:00, run_after=2025-01-15T00:00:00+00:00
[2025-01-15T21:55:43.504+0000] {logging_mixin.py:154} INFO - [2025-01-15T21:55:43.504+0000] {dag.py:3722} INFO - Setting next_dagrun for dataset_produces_2 to None, run_after=None
[2025-01-15T21:55:43.529+0000] {processor.py:179} INFO - Processing /home/airflow/.local/lib/python3.10/site-packages/airflow/example_dags/example_datasets.py took 0.101 seconds
[2025-01-15T21:56:14.027+0000] {processor.py:157} INFO - Started process (PID=907) to work on /home/airflow/.local/lib/python3.10/site-packages/airflow/example_dags/example_datasets.py
[2025-01-15T21:56:14.028+0000] {processor.py:829} INFO - Processing file /home/airflow/.local/lib/python3.10/site-packages/airflow/example_dags/example_datasets.py for tasks to queue
[2025-01-15T21:56:14.030+0000] {logging_mixin.py:154} INFO - [2025-01-15T21:56:14.030+0000] {dagbag.py:536} INFO - Filling up the DagBag from /home/airflow/.local/lib/python3.10/site-packages/airflow/example_dags/example_datasets.py
[2025-01-15T21:56:14.039+0000] {processor.py:839} INFO - DAG(s) dict_keys(['dataset_produces_2', 'dataset_consumes_1_and_2', 'dataset_consumes_1_never_scheduled', 'dataset_produces_1', 'dataset_consumes_unknown_never_scheduled', 'dataset_consumes_1']) retrieved from /home/airflow/.local/lib/python3.10/site-packages/airflow/example_dags/example_datasets.py
[2025-01-15T21:56:14.072+0000] {logging_mixin.py:154} INFO - [2025-01-15T21:56:14.072+0000] {dag.py:2941} INFO - Sync 6 DAGs
[2025-01-15T21:56:14.096+0000] {logging_mixin.py:154} INFO - [2025-01-15T21:56:14.096+0000] {dag.py:3722} INFO - Setting next_dagrun for dataset_consumes_1 to None, run_after=None
[2025-01-15T21:56:14.248+0000] {logging_mixin.py:154} INFO - [2025-01-15T21:56:14.248+0000] {dag.py:3722} INFO - Setting next_dagrun for dataset_consumes_1_and_2 to None, run_after=None
[2025-01-15T21:56:14.251+0000] {logging_mixin.py:154} INFO - [2025-01-15T21:56:14.250+0000] {dag.py:3722} INFO - Setting next_dagrun for dataset_consumes_1_never_scheduled to None, run_after=None
[2025-01-15T21:56:14.252+0000] {logging_mixin.py:154} INFO - [2025-01-15T21:56:14.252+0000] {dag.py:3722} INFO - Setting next_dagrun for dataset_consumes_unknown_never_scheduled to None, run_after=None
[2025-01-15T21:56:14.255+0000] {logging_mixin.py:154} INFO - [2025-01-15T21:56:14.255+0000] {dag.py:3722} INFO - Setting next_dagrun for dataset_produces_1 to 2025-01-14T00:00:00+00:00, run_after=2025-01-15T00:00:00+00:00
[2025-01-15T21:56:14.256+0000] {logging_mixin.py:154} INFO - [2025-01-15T21:56:14.256+0000] {dag.py:3722} INFO - Setting next_dagrun for dataset_produces_2 to None, run_after=None
[2025-01-15T21:56:14.283+0000] {processor.py:179} INFO - Processing /home/airflow/.local/lib/python3.10/site-packages/airflow/example_dags/example_datasets.py took 0.260 seconds
[2025-01-15T21:56:44.811+0000] {processor.py:157} INFO - Started process (PID=963) to work on /home/airflow/.local/lib/python3.10/site-packages/airflow/example_dags/example_datasets.py
[2025-01-15T21:56:44.812+0000] {processor.py:829} INFO - Processing file /home/airflow/.local/lib/python3.10/site-packages/airflow/example_dags/example_datasets.py for tasks to queue
[2025-01-15T21:56:44.814+0000] {logging_mixin.py:154} INFO - [2025-01-15T21:56:44.814+0000] {dagbag.py:536} INFO - Filling up the DagBag from /home/airflow/.local/lib/python3.10/site-packages/airflow/example_dags/example_datasets.py
[2025-01-15T21:56:44.822+0000] {processor.py:839} INFO - DAG(s) dict_keys(['dataset_consumes_unknown_never_scheduled', 'dataset_consumes_1', 'dataset_produces_2', 'dataset_consumes_1_and_2', 'dataset_produces_1', 'dataset_consumes_1_never_scheduled']) retrieved from /home/airflow/.local/lib/python3.10/site-packages/airflow/example_dags/example_datasets.py
[2025-01-15T21:56:44.853+0000] {logging_mixin.py:154} INFO - [2025-01-15T21:56:44.853+0000] {dag.py:2941} INFO - Sync 6 DAGs
[2025-01-15T21:56:44.875+0000] {logging_mixin.py:154} INFO - [2025-01-15T21:56:44.875+0000] {dag.py:3722} INFO - Setting next_dagrun for dataset_consumes_1 to None, run_after=None
[2025-01-15T21:56:44.879+0000] {logging_mixin.py:154} INFO - [2025-01-15T21:56:44.878+0000] {dag.py:3722} INFO - Setting next_dagrun for dataset_consumes_1_and_2 to None, run_after=None
[2025-01-15T21:56:44.880+0000] {logging_mixin.py:154} INFO - [2025-01-15T21:56:44.880+0000] {dag.py:3722} INFO - Setting next_dagrun for dataset_consumes_1_never_scheduled to None, run_after=None
[2025-01-15T21:56:44.881+0000] {logging_mixin.py:154} INFO - [2025-01-15T21:56:44.881+0000] {dag.py:3722} INFO - Setting next_dagrun for dataset_consumes_unknown_never_scheduled to None, run_after=None
[2025-01-15T21:56:44.884+0000] {logging_mixin.py:154} INFO - [2025-01-15T21:56:44.884+0000] {dag.py:3722} INFO - Setting next_dagrun for dataset_produces_1 to 2025-01-14T00:00:00+00:00, run_after=2025-01-15T00:00:00+00:00
[2025-01-15T21:56:44.885+0000] {logging_mixin.py:154} INFO - [2025-01-15T21:56:44.885+0000] {dag.py:3722} INFO - Setting next_dagrun for dataset_produces_2 to None, run_after=None
[2025-01-15T21:56:44.915+0000] {processor.py:179} INFO - Processing /home/airflow/.local/lib/python3.10/site-packages/airflow/example_dags/example_datasets.py took 0.107 seconds
[2025-01-15T21:57:15.435+0000] {processor.py:157} INFO - Started process (PID=1019) to work on /home/airflow/.local/lib/python3.10/site-packages/airflow/example_dags/example_datasets.py
[2025-01-15T21:57:15.436+0000] {processor.py:829} INFO - Processing file /home/airflow/.local/lib/python3.10/site-packages/airflow/example_dags/example_datasets.py for tasks to queue
[2025-01-15T21:57:15.438+0000] {logging_mixin.py:154} INFO - [2025-01-15T21:57:15.438+0000] {dagbag.py:536} INFO - Filling up the DagBag from /home/airflow/.local/lib/python3.10/site-packages/airflow/example_dags/example_datasets.py
[2025-01-15T21:57:15.447+0000] {processor.py:839} INFO - DAG(s) dict_keys(['dataset_produces_1', 'dataset_consumes_1_and_2', 'dataset_produces_2', 'dataset_consumes_1_never_scheduled', 'dataset_consumes_unknown_never_scheduled', 'dataset_consumes_1']) retrieved from /home/airflow/.local/lib/python3.10/site-packages/airflow/example_dags/example_datasets.py
[2025-01-15T21:57:15.482+0000] {logging_mixin.py:154} INFO - [2025-01-15T21:57:15.482+0000] {dag.py:2941} INFO - Sync 6 DAGs
[2025-01-15T21:57:15.506+0000] {logging_mixin.py:154} INFO - [2025-01-15T21:57:15.506+0000] {dag.py:3722} INFO - Setting next_dagrun for dataset_consumes_1 to None, run_after=None
[2025-01-15T21:57:15.510+0000] {logging_mixin.py:154} INFO - [2025-01-15T21:57:15.509+0000] {dag.py:3722} INFO - Setting next_dagrun for dataset_consumes_1_and_2 to None, run_after=None
[2025-01-15T21:57:15.511+0000] {logging_mixin.py:154} INFO - [2025-01-15T21:57:15.511+0000] {dag.py:3722} INFO - Setting next_dagrun for dataset_consumes_1_never_scheduled to None, run_after=None
[2025-01-15T21:57:15.512+0000] {logging_mixin.py:154} INFO - [2025-01-15T21:57:15.512+0000] {dag.py:3722} INFO - Setting next_dagrun for dataset_consumes_unknown_never_scheduled to None, run_after=None
[2025-01-15T21:57:15.514+0000] {logging_mixin.py:154} INFO - [2025-01-15T21:57:15.514+0000] {dag.py:3722} INFO - Setting next_dagrun for dataset_produces_1 to 2025-01-14T00:00:00+00:00, run_after=2025-01-15T00:00:00+00:00
[2025-01-15T21:57:15.516+0000] {logging_mixin.py:154} INFO - [2025-01-15T21:57:15.515+0000] {dag.py:3722} INFO - Setting next_dagrun for dataset_produces_2 to None, run_after=None
[2025-01-15T21:57:15.541+0000] {processor.py:179} INFO - Processing /home/airflow/.local/lib/python3.10/site-packages/airflow/example_dags/example_datasets.py took 0.109 seconds
[2025-01-15T21:57:45.961+0000] {processor.py:157} INFO - Started process (PID=1082) to work on /home/airflow/.local/lib/python3.10/site-packages/airflow/example_dags/example_datasets.py
[2025-01-15T21:57:45.962+0000] {processor.py:829} INFO - Processing file /home/airflow/.local/lib/python3.10/site-packages/airflow/example_dags/example_datasets.py for tasks to queue
[2025-01-15T21:57:45.963+0000] {logging_mixin.py:154} INFO - [2025-01-15T21:57:45.963+0000] {dagbag.py:536} INFO - Filling up the DagBag from /home/airflow/.local/lib/python3.10/site-packages/airflow/example_dags/example_datasets.py
[2025-01-15T21:57:45.971+0000] {processor.py:839} INFO - DAG(s) dict_keys(['dataset_consumes_1_never_scheduled', 'dataset_produces_1', 'dataset_consumes_1', 'dataset_consumes_unknown_never_scheduled', 'dataset_produces_2', 'dataset_consumes_1_and_2']) retrieved from /home/airflow/.local/lib/python3.10/site-packages/airflow/example_dags/example_datasets.py
[2025-01-15T21:57:45.999+0000] {logging_mixin.py:154} INFO - [2025-01-15T21:57:45.999+0000] {dag.py:2941} INFO - Sync 6 DAGs
[2025-01-15T21:57:46.018+0000] {logging_mixin.py:154} INFO - [2025-01-15T21:57:46.018+0000] {dag.py:3722} INFO - Setting next_dagrun for dataset_consumes_1 to None, run_after=None
[2025-01-15T21:57:46.160+0000] {logging_mixin.py:154} INFO - [2025-01-15T21:57:46.160+0000] {dag.py:3722} INFO - Setting next_dagrun for dataset_consumes_1_and_2 to None, run_after=None
[2025-01-15T21:57:46.162+0000] {logging_mixin.py:154} INFO - [2025-01-15T21:57:46.162+0000] {dag.py:3722} INFO - Setting next_dagrun for dataset_consumes_1_never_scheduled to None, run_after=None
[2025-01-15T21:57:46.163+0000] {logging_mixin.py:154} INFO - [2025-01-15T21:57:46.163+0000] {dag.py:3722} INFO - Setting next_dagrun for dataset_consumes_unknown_never_scheduled to None, run_after=None
[2025-01-15T21:57:46.165+0000] {logging_mixin.py:154} INFO - [2025-01-15T21:57:46.165+0000] {dag.py:3722} INFO - Setting next_dagrun for dataset_produces_1 to 2025-01-14T00:00:00+00:00, run_after=2025-01-15T00:00:00+00:00
[2025-01-15T21:57:46.166+0000] {logging_mixin.py:154} INFO - [2025-01-15T21:57:46.166+0000] {dag.py:3722} INFO - Setting next_dagrun for dataset_produces_2 to None, run_after=None
[2025-01-15T21:57:46.190+0000] {processor.py:179} INFO - Processing /home/airflow/.local/lib/python3.10/site-packages/airflow/example_dags/example_datasets.py took 0.232 seconds
[2025-01-15T21:58:17.051+0000] {processor.py:157} INFO - Started process (PID=1138) to work on /home/airflow/.local/lib/python3.10/site-packages/airflow/example_dags/example_datasets.py
[2025-01-15T21:58:17.052+0000] {processor.py:829} INFO - Processing file /home/airflow/.local/lib/python3.10/site-packages/airflow/example_dags/example_datasets.py for tasks to queue
[2025-01-15T21:58:17.054+0000] {logging_mixin.py:154} INFO - [2025-01-15T21:58:17.053+0000] {dagbag.py:536} INFO - Filling up the DagBag from /home/airflow/.local/lib/python3.10/site-packages/airflow/example_dags/example_datasets.py
[2025-01-15T21:58:17.061+0000] {processor.py:839} INFO - DAG(s) dict_keys(['dataset_consumes_1_never_scheduled', 'dataset_consumes_1', 'dataset_consumes_unknown_never_scheduled', 'dataset_produces_2', 'dataset_produces_1', 'dataset_consumes_1_and_2']) retrieved from /home/airflow/.local/lib/python3.10/site-packages/airflow/example_dags/example_datasets.py
[2025-01-15T21:58:17.092+0000] {logging_mixin.py:154} INFO - [2025-01-15T21:58:17.091+0000] {dag.py:2941} INFO - Sync 6 DAGs
[2025-01-15T21:58:17.111+0000] {logging_mixin.py:154} INFO - [2025-01-15T21:58:17.111+0000] {dag.py:3722} INFO - Setting next_dagrun for dataset_consumes_1 to None, run_after=None
[2025-01-15T21:58:17.114+0000] {logging_mixin.py:154} INFO - [2025-01-15T21:58:17.114+0000] {dag.py:3722} INFO - Setting next_dagrun for dataset_consumes_1_and_2 to None, run_after=None
[2025-01-15T21:58:17.115+0000] {logging_mixin.py:154} INFO - [2025-01-15T21:58:17.115+0000] {dag.py:3722} INFO - Setting next_dagrun for dataset_consumes_1_never_scheduled to None, run_after=None
[2025-01-15T21:58:17.116+0000] {logging_mixin.py:154} INFO - [2025-01-15T21:58:17.116+0000] {dag.py:3722} INFO - Setting next_dagrun for dataset_consumes_unknown_never_scheduled to None, run_after=None
[2025-01-15T21:58:17.119+0000] {logging_mixin.py:154} INFO - [2025-01-15T21:58:17.118+0000] {dag.py:3722} INFO - Setting next_dagrun for dataset_produces_1 to 2025-01-14T00:00:00+00:00, run_after=2025-01-15T00:00:00+00:00
[2025-01-15T21:58:17.120+0000] {logging_mixin.py:154} INFO - [2025-01-15T21:58:17.119+0000] {dag.py:3722} INFO - Setting next_dagrun for dataset_produces_2 to None, run_after=None
[2025-01-15T21:58:17.146+0000] {processor.py:179} INFO - Processing /home/airflow/.local/lib/python3.10/site-packages/airflow/example_dags/example_datasets.py took 0.098 seconds
[2025-01-15T21:58:47.338+0000] {processor.py:157} INFO - Started process (PID=1194) to work on /home/airflow/.local/lib/python3.10/site-packages/airflow/example_dags/example_datasets.py
[2025-01-15T21:58:47.339+0000] {processor.py:829} INFO - Processing file /home/airflow/.local/lib/python3.10/site-packages/airflow/example_dags/example_datasets.py for tasks to queue
[2025-01-15T21:58:47.341+0000] {logging_mixin.py:154} INFO - [2025-01-15T21:58:47.341+0000] {dagbag.py:536} INFO - Filling up the DagBag from /home/airflow/.local/lib/python3.10/site-packages/airflow/example_dags/example_datasets.py
[2025-01-15T21:58:47.350+0000] {processor.py:839} INFO - DAG(s) dict_keys(['dataset_consumes_unknown_never_scheduled', 'dataset_consumes_1_and_2', 'dataset_produces_2', 'dataset_consumes_1_never_scheduled', 'dataset_consumes_1', 'dataset_produces_1']) retrieved from /home/airflow/.local/lib/python3.10/site-packages/airflow/example_dags/example_datasets.py
[2025-01-15T21:58:47.391+0000] {logging_mixin.py:154} INFO - [2025-01-15T21:58:47.391+0000] {dag.py:2941} INFO - Sync 6 DAGs
[2025-01-15T21:58:47.415+0000] {logging_mixin.py:154} INFO - [2025-01-15T21:58:47.415+0000] {dag.py:3722} INFO - Setting next_dagrun for dataset_consumes_1 to None, run_after=None
[2025-01-15T21:58:47.419+0000] {logging_mixin.py:154} INFO - [2025-01-15T21:58:47.419+0000] {dag.py:3722} INFO - Setting next_dagrun for dataset_consumes_1_and_2 to None, run_after=None
[2025-01-15T21:58:47.421+0000] {logging_mixin.py:154} INFO - [2025-01-15T21:58:47.420+0000] {dag.py:3722} INFO - Setting next_dagrun for dataset_consumes_1_never_scheduled to None, run_after=None
[2025-01-15T21:58:47.422+0000] {logging_mixin.py:154} INFO - [2025-01-15T21:58:47.422+0000] {dag.py:3722} INFO - Setting next_dagrun for dataset_consumes_unknown_never_scheduled to None, run_after=None
[2025-01-15T21:58:47.425+0000] {logging_mixin.py:154} INFO - [2025-01-15T21:58:47.425+0000] {dag.py:3722} INFO - Setting next_dagrun for dataset_produces_1 to 2025-01-14T00:00:00+00:00, run_after=2025-01-15T00:00:00+00:00
[2025-01-15T21:58:47.426+0000] {logging_mixin.py:154} INFO - [2025-01-15T21:58:47.426+0000] {dag.py:3722} INFO - Setting next_dagrun for dataset_produces_2 to None, run_after=None
[2025-01-15T21:58:47.454+0000] {processor.py:179} INFO - Processing /home/airflow/.local/lib/python3.10/site-packages/airflow/example_dags/example_datasets.py took 0.119 seconds
[2025-01-15T21:59:18.019+0000] {processor.py:157} INFO - Started process (PID=1250) to work on /home/airflow/.local/lib/python3.10/site-packages/airflow/example_dags/example_datasets.py
[2025-01-15T21:59:18.019+0000] {processor.py:829} INFO - Processing file /home/airflow/.local/lib/python3.10/site-packages/airflow/example_dags/example_datasets.py for tasks to queue
[2025-01-15T21:59:18.022+0000] {logging_mixin.py:154} INFO - [2025-01-15T21:59:18.022+0000] {dagbag.py:536} INFO - Filling up the DagBag from /home/airflow/.local/lib/python3.10/site-packages/airflow/example_dags/example_datasets.py
[2025-01-15T21:59:18.030+0000] {processor.py:839} INFO - DAG(s) dict_keys(['dataset_consumes_1', 'dataset_consumes_unknown_never_scheduled', 'dataset_produces_1', 'dataset_consumes_1_and_2', 'dataset_produces_2', 'dataset_consumes_1_never_scheduled']) retrieved from /home/airflow/.local/lib/python3.10/site-packages/airflow/example_dags/example_datasets.py
[2025-01-15T21:59:18.062+0000] {logging_mixin.py:154} INFO - [2025-01-15T21:59:18.061+0000] {dag.py:2941} INFO - Sync 6 DAGs
[2025-01-15T21:59:18.223+0000] {logging_mixin.py:154} INFO - [2025-01-15T21:59:18.223+0000] {dag.py:3722} INFO - Setting next_dagrun for dataset_consumes_1 to None, run_after=None
[2025-01-15T21:59:18.227+0000] {logging_mixin.py:154} INFO - [2025-01-15T21:59:18.226+0000] {dag.py:3722} INFO - Setting next_dagrun for dataset_consumes_1_and_2 to None, run_after=None
[2025-01-15T21:59:18.228+0000] {logging_mixin.py:154} INFO - [2025-01-15T21:59:18.228+0000] {dag.py:3722} INFO - Setting next_dagrun for dataset_consumes_1_never_scheduled to None, run_after=None
[2025-01-15T21:59:18.229+0000] {logging_mixin.py:154} INFO - [2025-01-15T21:59:18.229+0000] {dag.py:3722} INFO - Setting next_dagrun for dataset_consumes_unknown_never_scheduled to None, run_after=None
[2025-01-15T21:59:18.232+0000] {logging_mixin.py:154} INFO - [2025-01-15T21:59:18.232+0000] {dag.py:3722} INFO - Setting next_dagrun for dataset_produces_1 to 2025-01-14T00:00:00+00:00, run_after=2025-01-15T00:00:00+00:00
[2025-01-15T21:59:18.233+0000] {logging_mixin.py:154} INFO - [2025-01-15T21:59:18.233+0000] {dag.py:3722} INFO - Setting next_dagrun for dataset_produces_2 to None, run_after=None
[2025-01-15T21:59:18.259+0000] {processor.py:179} INFO - Processing /home/airflow/.local/lib/python3.10/site-packages/airflow/example_dags/example_datasets.py took 0.243 seconds
[2025-01-15T21:59:48.765+0000] {processor.py:157} INFO - Started process (PID=1306) to work on /home/airflow/.local/lib/python3.10/site-packages/airflow/example_dags/example_datasets.py
[2025-01-15T21:59:48.765+0000] {processor.py:829} INFO - Processing file /home/airflow/.local/lib/python3.10/site-packages/airflow/example_dags/example_datasets.py for tasks to queue
[2025-01-15T21:59:48.767+0000] {logging_mixin.py:154} INFO - [2025-01-15T21:59:48.767+0000] {dagbag.py:536} INFO - Filling up the DagBag from /home/airflow/.local/lib/python3.10/site-packages/airflow/example_dags/example_datasets.py
[2025-01-15T21:59:48.775+0000] {processor.py:839} INFO - DAG(s) dict_keys(['dataset_produces_1', 'dataset_consumes_1', 'dataset_consumes_1_never_scheduled', 'dataset_consumes_1_and_2', 'dataset_consumes_unknown_never_scheduled', 'dataset_produces_2']) retrieved from /home/airflow/.local/lib/python3.10/site-packages/airflow/example_dags/example_datasets.py
[2025-01-15T21:59:48.803+0000] {logging_mixin.py:154} INFO - [2025-01-15T21:59:48.803+0000] {dag.py:2941} INFO - Sync 6 DAGs
[2025-01-15T21:59:48.823+0000] {logging_mixin.py:154} INFO - [2025-01-15T21:59:48.822+0000] {dag.py:3722} INFO - Setting next_dagrun for dataset_consumes_1 to None, run_after=None
[2025-01-15T21:59:48.826+0000] {logging_mixin.py:154} INFO - [2025-01-15T21:59:48.826+0000] {dag.py:3722} INFO - Setting next_dagrun for dataset_consumes_1_and_2 to None, run_after=None
[2025-01-15T21:59:48.827+0000] {logging_mixin.py:154} INFO - [2025-01-15T21:59:48.827+0000] {dag.py:3722} INFO - Setting next_dagrun for dataset_consumes_1_never_scheduled to None, run_after=None
[2025-01-15T21:59:48.828+0000] {logging_mixin.py:154} INFO - [2025-01-15T21:59:48.828+0000] {dag.py:3722} INFO - Setting next_dagrun for dataset_consumes_unknown_never_scheduled to None, run_after=None
[2025-01-15T21:59:48.830+0000] {logging_mixin.py:154} INFO - [2025-01-15T21:59:48.830+0000] {dag.py:3722} INFO - Setting next_dagrun for dataset_produces_1 to 2025-01-14T00:00:00+00:00, run_after=2025-01-15T00:00:00+00:00
[2025-01-15T21:59:48.831+0000] {logging_mixin.py:154} INFO - [2025-01-15T21:59:48.831+0000] {dag.py:3722} INFO - Setting next_dagrun for dataset_produces_2 to None, run_after=None
[2025-01-15T21:59:48.856+0000] {processor.py:179} INFO - Processing /home/airflow/.local/lib/python3.10/site-packages/airflow/example_dags/example_datasets.py took 0.094 seconds
[2025-01-15T22:00:19.733+0000] {processor.py:157} INFO - Started process (PID=1362) to work on /home/airflow/.local/lib/python3.10/site-packages/airflow/example_dags/example_datasets.py
[2025-01-15T22:00:19.734+0000] {processor.py:829} INFO - Processing file /home/airflow/.local/lib/python3.10/site-packages/airflow/example_dags/example_datasets.py for tasks to queue
[2025-01-15T22:00:19.736+0000] {logging_mixin.py:154} INFO - [2025-01-15T22:00:19.736+0000] {dagbag.py:536} INFO - Filling up the DagBag from /home/airflow/.local/lib/python3.10/site-packages/airflow/example_dags/example_datasets.py
[2025-01-15T22:00:19.744+0000] {processor.py:839} INFO - DAG(s) dict_keys(['dataset_consumes_unknown_never_scheduled', 'dataset_produces_1', 'dataset_consumes_1', 'dataset_consumes_1_and_2', 'dataset_produces_2', 'dataset_consumes_1_never_scheduled']) retrieved from /home/airflow/.local/lib/python3.10/site-packages/airflow/example_dags/example_datasets.py
[2025-01-15T22:00:19.920+0000] {logging_mixin.py:154} INFO - [2025-01-15T22:00:19.920+0000] {dag.py:2941} INFO - Sync 6 DAGs
[2025-01-15T22:00:19.939+0000] {logging_mixin.py:154} INFO - [2025-01-15T22:00:19.939+0000] {dag.py:3722} INFO - Setting next_dagrun for dataset_consumes_1 to None, run_after=None
[2025-01-15T22:00:19.942+0000] {logging_mixin.py:154} INFO - [2025-01-15T22:00:19.942+0000] {dag.py:3722} INFO - Setting next_dagrun for dataset_consumes_1_and_2 to None, run_after=None
[2025-01-15T22:00:19.943+0000] {logging_mixin.py:154} INFO - [2025-01-15T22:00:19.943+0000] {dag.py:3722} INFO - Setting next_dagrun for dataset_consumes_1_never_scheduled to None, run_after=None
[2025-01-15T22:00:19.944+0000] {logging_mixin.py:154} INFO - [2025-01-15T22:00:19.944+0000] {dag.py:3722} INFO - Setting next_dagrun for dataset_consumes_unknown_never_scheduled to None, run_after=None
[2025-01-15T22:00:19.947+0000] {logging_mixin.py:154} INFO - [2025-01-15T22:00:19.947+0000] {dag.py:3722} INFO - Setting next_dagrun for dataset_produces_1 to 2025-01-14T00:00:00+00:00, run_after=2025-01-15T00:00:00+00:00
[2025-01-15T22:00:19.948+0000] {logging_mixin.py:154} INFO - [2025-01-15T22:00:19.948+0000] {dag.py:3722} INFO - Setting next_dagrun for dataset_produces_2 to None, run_after=None
[2025-01-15T22:00:19.974+0000] {processor.py:179} INFO - Processing /home/airflow/.local/lib/python3.10/site-packages/airflow/example_dags/example_datasets.py took 0.244 seconds
[2025-01-15T22:00:50.082+0000] {processor.py:157} INFO - Started process (PID=1418) to work on /home/airflow/.local/lib/python3.10/site-packages/airflow/example_dags/example_datasets.py
[2025-01-15T22:00:50.083+0000] {processor.py:829} INFO - Processing file /home/airflow/.local/lib/python3.10/site-packages/airflow/example_dags/example_datasets.py for tasks to queue
[2025-01-15T22:00:50.085+0000] {logging_mixin.py:154} INFO - [2025-01-15T22:00:50.085+0000] {dagbag.py:536} INFO - Filling up the DagBag from /home/airflow/.local/lib/python3.10/site-packages/airflow/example_dags/example_datasets.py
[2025-01-15T22:00:50.094+0000] {processor.py:839} INFO - DAG(s) dict_keys(['dataset_consumes_1_and_2', 'dataset_consumes_1_never_scheduled', 'dataset_consumes_1', 'dataset_consumes_unknown_never_scheduled', 'dataset_produces_1', 'dataset_produces_2']) retrieved from /home/airflow/.local/lib/python3.10/site-packages/airflow/example_dags/example_datasets.py
[2025-01-15T22:00:50.132+0000] {logging_mixin.py:154} INFO - [2025-01-15T22:00:50.131+0000] {dag.py:2941} INFO - Sync 6 DAGs
[2025-01-15T22:00:50.295+0000] {logging_mixin.py:154} INFO - [2025-01-15T22:00:50.294+0000] {dag.py:3722} INFO - Setting next_dagrun for dataset_consumes_1 to None, run_after=None
[2025-01-15T22:00:50.298+0000] {logging_mixin.py:154} INFO - [2025-01-15T22:00:50.298+0000] {dag.py:3722} INFO - Setting next_dagrun for dataset_consumes_1_and_2 to None, run_after=None
[2025-01-15T22:00:50.299+0000] {logging_mixin.py:154} INFO - [2025-01-15T22:00:50.299+0000] {dag.py:3722} INFO - Setting next_dagrun for dataset_consumes_1_never_scheduled to None, run_after=None
[2025-01-15T22:00:50.300+0000] {logging_mixin.py:154} INFO - [2025-01-15T22:00:50.300+0000] {dag.py:3722} INFO - Setting next_dagrun for dataset_consumes_unknown_never_scheduled to None, run_after=None
[2025-01-15T22:00:50.303+0000] {logging_mixin.py:154} INFO - [2025-01-15T22:00:50.303+0000] {dag.py:3722} INFO - Setting next_dagrun for dataset_produces_1 to 2025-01-14T00:00:00+00:00, run_after=2025-01-15T00:00:00+00:00
[2025-01-15T22:00:50.304+0000] {logging_mixin.py:154} INFO - [2025-01-15T22:00:50.304+0000] {dag.py:3722} INFO - Setting next_dagrun for dataset_produces_2 to None, run_after=None
[2025-01-15T22:00:50.334+0000] {processor.py:179} INFO - Processing /home/airflow/.local/lib/python3.10/site-packages/airflow/example_dags/example_datasets.py took 0.255 seconds
[2025-01-15T22:01:20.428+0000] {processor.py:157} INFO - Started process (PID=1474) to work on /home/airflow/.local/lib/python3.10/site-packages/airflow/example_dags/example_datasets.py
[2025-01-15T22:01:20.428+0000] {processor.py:829} INFO - Processing file /home/airflow/.local/lib/python3.10/site-packages/airflow/example_dags/example_datasets.py for tasks to queue
[2025-01-15T22:01:20.430+0000] {logging_mixin.py:154} INFO - [2025-01-15T22:01:20.430+0000] {dagbag.py:536} INFO - Filling up the DagBag from /home/airflow/.local/lib/python3.10/site-packages/airflow/example_dags/example_datasets.py
[2025-01-15T22:01:20.438+0000] {processor.py:839} INFO - DAG(s) dict_keys(['dataset_consumes_1', 'dataset_consumes_unknown_never_scheduled', 'dataset_consumes_1_never_scheduled', 'dataset_produces_1', 'dataset_produces_2', 'dataset_consumes_1_and_2']) retrieved from /home/airflow/.local/lib/python3.10/site-packages/airflow/example_dags/example_datasets.py
[2025-01-15T22:01:20.468+0000] {logging_mixin.py:154} INFO - [2025-01-15T22:01:20.468+0000] {dag.py:2941} INFO - Sync 6 DAGs
[2025-01-15T22:01:20.488+0000] {logging_mixin.py:154} INFO - [2025-01-15T22:01:20.487+0000] {dag.py:3722} INFO - Setting next_dagrun for dataset_consumes_1 to None, run_after=None
[2025-01-15T22:01:20.491+0000] {logging_mixin.py:154} INFO - [2025-01-15T22:01:20.490+0000] {dag.py:3722} INFO - Setting next_dagrun for dataset_consumes_1_and_2 to None, run_after=None
[2025-01-15T22:01:20.492+0000] {logging_mixin.py:154} INFO - [2025-01-15T22:01:20.492+0000] {dag.py:3722} INFO - Setting next_dagrun for dataset_consumes_1_never_scheduled to None, run_after=None
[2025-01-15T22:01:20.493+0000] {logging_mixin.py:154} INFO - [2025-01-15T22:01:20.493+0000] {dag.py:3722} INFO - Setting next_dagrun for dataset_consumes_unknown_never_scheduled to None, run_after=None
[2025-01-15T22:01:20.495+0000] {logging_mixin.py:154} INFO - [2025-01-15T22:01:20.495+0000] {dag.py:3722} INFO - Setting next_dagrun for dataset_produces_1 to 2025-01-14T00:00:00+00:00, run_after=2025-01-15T00:00:00+00:00
[2025-01-15T22:01:20.496+0000] {logging_mixin.py:154} INFO - [2025-01-15T22:01:20.496+0000] {dag.py:3722} INFO - Setting next_dagrun for dataset_produces_2 to None, run_after=None
[2025-01-15T22:01:20.522+0000] {processor.py:179} INFO - Processing /home/airflow/.local/lib/python3.10/site-packages/airflow/example_dags/example_datasets.py took 0.097 seconds
[2025-01-15T22:01:51.033+0000] {processor.py:157} INFO - Started process (PID=1530) to work on /home/airflow/.local/lib/python3.10/site-packages/airflow/example_dags/example_datasets.py
[2025-01-15T22:01:51.034+0000] {processor.py:829} INFO - Processing file /home/airflow/.local/lib/python3.10/site-packages/airflow/example_dags/example_datasets.py for tasks to queue
[2025-01-15T22:01:51.035+0000] {logging_mixin.py:154} INFO - [2025-01-15T22:01:51.035+0000] {dagbag.py:536} INFO - Filling up the DagBag from /home/airflow/.local/lib/python3.10/site-packages/airflow/example_dags/example_datasets.py
[2025-01-15T22:01:51.043+0000] {processor.py:839} INFO - DAG(s) dict_keys(['dataset_produces_2', 'dataset_consumes_1_never_scheduled', 'dataset_consumes_1_and_2', 'dataset_produces_1', 'dataset_consumes_unknown_never_scheduled', 'dataset_consumes_1']) retrieved from /home/airflow/.local/lib/python3.10/site-packages/airflow/example_dags/example_datasets.py
[2025-01-15T22:01:51.214+0000] {logging_mixin.py:154} INFO - [2025-01-15T22:01:51.214+0000] {dag.py:2941} INFO - Sync 6 DAGs
[2025-01-15T22:01:51.233+0000] {logging_mixin.py:154} INFO - [2025-01-15T22:01:51.232+0000] {dag.py:3722} INFO - Setting next_dagrun for dataset_consumes_1 to None, run_after=None
[2025-01-15T22:01:51.235+0000] {logging_mixin.py:154} INFO - [2025-01-15T22:01:51.235+0000] {dag.py:3722} INFO - Setting next_dagrun for dataset_consumes_1_and_2 to None, run_after=None
[2025-01-15T22:01:51.237+0000] {logging_mixin.py:154} INFO - [2025-01-15T22:01:51.237+0000] {dag.py:3722} INFO - Setting next_dagrun for dataset_consumes_1_never_scheduled to None, run_after=None
[2025-01-15T22:01:51.238+0000] {logging_mixin.py:154} INFO - [2025-01-15T22:01:51.238+0000] {dag.py:3722} INFO - Setting next_dagrun for dataset_consumes_unknown_never_scheduled to None, run_after=None
[2025-01-15T22:01:51.240+0000] {logging_mixin.py:154} INFO - [2025-01-15T22:01:51.240+0000] {dag.py:3722} INFO - Setting next_dagrun for dataset_produces_1 to 2025-01-14T00:00:00+00:00, run_after=2025-01-15T00:00:00+00:00
[2025-01-15T22:01:51.241+0000] {logging_mixin.py:154} INFO - [2025-01-15T22:01:51.241+0000] {dag.py:3722} INFO - Setting next_dagrun for dataset_produces_2 to None, run_after=None
[2025-01-15T22:01:51.270+0000] {processor.py:179} INFO - Processing /home/airflow/.local/lib/python3.10/site-packages/airflow/example_dags/example_datasets.py took 0.240 seconds
[2025-01-15T22:02:21.436+0000] {processor.py:157} INFO - Started process (PID=1588) to work on /home/airflow/.local/lib/python3.10/site-packages/airflow/example_dags/example_datasets.py
[2025-01-15T22:02:21.437+0000] {processor.py:829} INFO - Processing file /home/airflow/.local/lib/python3.10/site-packages/airflow/example_dags/example_datasets.py for tasks to queue
[2025-01-15T22:02:21.439+0000] {logging_mixin.py:154} INFO - [2025-01-15T22:02:21.439+0000] {dagbag.py:536} INFO - Filling up the DagBag from /home/airflow/.local/lib/python3.10/site-packages/airflow/example_dags/example_datasets.py
[2025-01-15T22:02:21.446+0000] {processor.py:839} INFO - DAG(s) dict_keys(['dataset_consumes_1_never_scheduled', 'dataset_produces_2', 'dataset_produces_1', 'dataset_consumes_unknown_never_scheduled', 'dataset_consumes_1_and_2', 'dataset_consumes_1']) retrieved from /home/airflow/.local/lib/python3.10/site-packages/airflow/example_dags/example_datasets.py
[2025-01-15T22:02:21.476+0000] {logging_mixin.py:154} INFO - [2025-01-15T22:02:21.476+0000] {dag.py:2941} INFO - Sync 6 DAGs
[2025-01-15T22:02:21.633+0000] {logging_mixin.py:154} INFO - [2025-01-15T22:02:21.633+0000] {dag.py:3722} INFO - Setting next_dagrun for dataset_consumes_1 to None, run_after=None
[2025-01-15T22:02:21.636+0000] {logging_mixin.py:154} INFO - [2025-01-15T22:02:21.636+0000] {dag.py:3722} INFO - Setting next_dagrun for dataset_consumes_1_and_2 to None, run_after=None
[2025-01-15T22:02:21.637+0000] {logging_mixin.py:154} INFO - [2025-01-15T22:02:21.637+0000] {dag.py:3722} INFO - Setting next_dagrun for dataset_consumes_1_never_scheduled to None, run_after=None
[2025-01-15T22:02:21.639+0000] {logging_mixin.py:154} INFO - [2025-01-15T22:02:21.639+0000] {dag.py:3722} INFO - Setting next_dagrun for dataset_consumes_unknown_never_scheduled to None, run_after=None
[2025-01-15T22:02:21.641+0000] {logging_mixin.py:154} INFO - [2025-01-15T22:02:21.641+0000] {dag.py:3722} INFO - Setting next_dagrun for dataset_produces_1 to 2025-01-14T00:00:00+00:00, run_after=2025-01-15T00:00:00+00:00
[2025-01-15T22:02:21.642+0000] {logging_mixin.py:154} INFO - [2025-01-15T22:02:21.642+0000] {dag.py:3722} INFO - Setting next_dagrun for dataset_produces_2 to None, run_after=None
[2025-01-15T22:02:21.665+0000] {processor.py:179} INFO - Processing /home/airflow/.local/lib/python3.10/site-packages/airflow/example_dags/example_datasets.py took 0.232 seconds
[2025-01-15T22:02:52.176+0000] {processor.py:157} INFO - Started process (PID=1644) to work on /home/airflow/.local/lib/python3.10/site-packages/airflow/example_dags/example_datasets.py
[2025-01-15T22:02:52.177+0000] {processor.py:829} INFO - Processing file /home/airflow/.local/lib/python3.10/site-packages/airflow/example_dags/example_datasets.py for tasks to queue
[2025-01-15T22:02:52.180+0000] {logging_mixin.py:154} INFO - [2025-01-15T22:02:52.179+0000] {dagbag.py:536} INFO - Filling up the DagBag from /home/airflow/.local/lib/python3.10/site-packages/airflow/example_dags/example_datasets.py
[2025-01-15T22:02:52.189+0000] {processor.py:839} INFO - DAG(s) dict_keys(['dataset_consumes_unknown_never_scheduled', 'dataset_consumes_1_never_scheduled', 'dataset_consumes_1_and_2', 'dataset_produces_1', 'dataset_produces_2', 'dataset_consumes_1']) retrieved from /home/airflow/.local/lib/python3.10/site-packages/airflow/example_dags/example_datasets.py
[2025-01-15T22:02:52.225+0000] {logging_mixin.py:154} INFO - [2025-01-15T22:02:52.225+0000] {dag.py:2941} INFO - Sync 6 DAGs
[2025-01-15T22:02:52.253+0000] {logging_mixin.py:154} INFO - [2025-01-15T22:02:52.252+0000] {dag.py:3722} INFO - Setting next_dagrun for dataset_consumes_1 to None, run_after=None
[2025-01-15T22:02:52.258+0000] {logging_mixin.py:154} INFO - [2025-01-15T22:02:52.257+0000] {dag.py:3722} INFO - Setting next_dagrun for dataset_consumes_1_and_2 to None, run_after=None
[2025-01-15T22:02:52.260+0000] {logging_mixin.py:154} INFO - [2025-01-15T22:02:52.260+0000] {dag.py:3722} INFO - Setting next_dagrun for dataset_consumes_1_never_scheduled to None, run_after=None
[2025-01-15T22:02:52.262+0000] {logging_mixin.py:154} INFO - [2025-01-15T22:02:52.262+0000] {dag.py:3722} INFO - Setting next_dagrun for dataset_consumes_unknown_never_scheduled to None, run_after=None
[2025-01-15T22:02:52.266+0000] {logging_mixin.py:154} INFO - [2025-01-15T22:02:52.266+0000] {dag.py:3722} INFO - Setting next_dagrun for dataset_produces_1 to 2025-01-14T00:00:00+00:00, run_after=2025-01-15T00:00:00+00:00
[2025-01-15T22:02:52.268+0000] {logging_mixin.py:154} INFO - [2025-01-15T22:02:52.268+0000] {dag.py:3722} INFO - Setting next_dagrun for dataset_produces_2 to None, run_after=None
[2025-01-15T22:02:52.299+0000] {processor.py:179} INFO - Processing /home/airflow/.local/lib/python3.10/site-packages/airflow/example_dags/example_datasets.py took 0.126 seconds
[2025-01-15T22:04:07.897+0000] {processor.py:157} INFO - Started process (PID=69) to work on /home/airflow/.local/lib/python3.10/site-packages/airflow/example_dags/example_datasets.py
[2025-01-15T22:04:07.899+0000] {processor.py:829} INFO - Processing file /home/airflow/.local/lib/python3.10/site-packages/airflow/example_dags/example_datasets.py for tasks to queue
[2025-01-15T22:04:07.901+0000] {logging_mixin.py:154} INFO - [2025-01-15T22:04:07.901+0000] {dagbag.py:536} INFO - Filling up the DagBag from /home/airflow/.local/lib/python3.10/site-packages/airflow/example_dags/example_datasets.py
[2025-01-15T22:04:07.915+0000] {processor.py:839} INFO - DAG(s) dict_keys(['dataset_produces_2', 'dataset_consumes_1_and_2', 'dataset_consumes_1', 'dataset_consumes_unknown_never_scheduled', 'dataset_consumes_1_never_scheduled', 'dataset_produces_1']) retrieved from /home/airflow/.local/lib/python3.10/site-packages/airflow/example_dags/example_datasets.py
[2025-01-15T22:04:07.932+0000] {logging_mixin.py:154} INFO - [2025-01-15T22:04:07.932+0000] {dag.py:2941} INFO - Sync 6 DAGs
[2025-01-15T22:04:07.965+0000] {logging_mixin.py:154} INFO - [2025-01-15T22:04:07.964+0000] {dag.py:3722} INFO - Setting next_dagrun for dataset_consumes_1 to None, run_after=None
[2025-01-15T22:04:07.970+0000] {logging_mixin.py:154} INFO - [2025-01-15T22:04:07.969+0000] {dag.py:3722} INFO - Setting next_dagrun for dataset_consumes_1_and_2 to None, run_after=None
[2025-01-15T22:04:07.972+0000] {logging_mixin.py:154} INFO - [2025-01-15T22:04:07.971+0000] {dag.py:3722} INFO - Setting next_dagrun for dataset_consumes_1_never_scheduled to None, run_after=None
[2025-01-15T22:04:07.973+0000] {logging_mixin.py:154} INFO - [2025-01-15T22:04:07.973+0000] {dag.py:3722} INFO - Setting next_dagrun for dataset_consumes_unknown_never_scheduled to None, run_after=None
[2025-01-15T22:04:07.977+0000] {logging_mixin.py:154} INFO - [2025-01-15T22:04:07.977+0000] {dag.py:3722} INFO - Setting next_dagrun for dataset_produces_1 to 2025-01-14T00:00:00+00:00, run_after=2025-01-15T00:00:00+00:00
[2025-01-15T22:04:07.979+0000] {logging_mixin.py:154} INFO - [2025-01-15T22:04:07.979+0000] {dag.py:3722} INFO - Setting next_dagrun for dataset_produces_2 to None, run_after=None
[2025-01-15T22:04:08.016+0000] {processor.py:179} INFO - Processing /home/airflow/.local/lib/python3.10/site-packages/airflow/example_dags/example_datasets.py took 0.123 seconds
[2025-01-15T22:04:39.313+0000] {processor.py:157} INFO - Started process (PID=125) to work on /home/airflow/.local/lib/python3.10/site-packages/airflow/example_dags/example_datasets.py
[2025-01-15T22:04:39.314+0000] {processor.py:829} INFO - Processing file /home/airflow/.local/lib/python3.10/site-packages/airflow/example_dags/example_datasets.py for tasks to queue
[2025-01-15T22:04:39.316+0000] {logging_mixin.py:154} INFO - [2025-01-15T22:04:39.316+0000] {dagbag.py:536} INFO - Filling up the DagBag from /home/airflow/.local/lib/python3.10/site-packages/airflow/example_dags/example_datasets.py
[2025-01-15T22:04:39.326+0000] {processor.py:839} INFO - DAG(s) dict_keys(['dataset_produces_1', 'dataset_consumes_1_and_2', 'dataset_consumes_1', 'dataset_consumes_unknown_never_scheduled', 'dataset_consumes_1_never_scheduled', 'dataset_produces_2']) retrieved from /home/airflow/.local/lib/python3.10/site-packages/airflow/example_dags/example_datasets.py
[2025-01-15T22:04:39.359+0000] {logging_mixin.py:154} INFO - [2025-01-15T22:04:39.359+0000] {dag.py:2941} INFO - Sync 6 DAGs
[2025-01-15T22:04:39.381+0000] {logging_mixin.py:154} INFO - [2025-01-15T22:04:39.381+0000] {dag.py:3722} INFO - Setting next_dagrun for dataset_consumes_1 to None, run_after=None
[2025-01-15T22:04:39.384+0000] {logging_mixin.py:154} INFO - [2025-01-15T22:04:39.384+0000] {dag.py:3722} INFO - Setting next_dagrun for dataset_consumes_1_and_2 to None, run_after=None
[2025-01-15T22:04:39.386+0000] {logging_mixin.py:154} INFO - [2025-01-15T22:04:39.386+0000] {dag.py:3722} INFO - Setting next_dagrun for dataset_consumes_1_never_scheduled to None, run_after=None
[2025-01-15T22:04:39.387+0000] {logging_mixin.py:154} INFO - [2025-01-15T22:04:39.387+0000] {dag.py:3722} INFO - Setting next_dagrun for dataset_consumes_unknown_never_scheduled to None, run_after=None
[2025-01-15T22:04:39.390+0000] {logging_mixin.py:154} INFO - [2025-01-15T22:04:39.390+0000] {dag.py:3722} INFO - Setting next_dagrun for dataset_produces_1 to 2025-01-14T00:00:00+00:00, run_after=2025-01-15T00:00:00+00:00
[2025-01-15T22:04:39.391+0000] {logging_mixin.py:154} INFO - [2025-01-15T22:04:39.391+0000] {dag.py:3722} INFO - Setting next_dagrun for dataset_produces_2 to None, run_after=None
[2025-01-15T22:04:39.423+0000] {processor.py:179} INFO - Processing /home/airflow/.local/lib/python3.10/site-packages/airflow/example_dags/example_datasets.py took 0.113 seconds
[2025-01-15T22:05:10.320+0000] {processor.py:157} INFO - Started process (PID=181) to work on /home/airflow/.local/lib/python3.10/site-packages/airflow/example_dags/example_datasets.py
[2025-01-15T22:05:10.321+0000] {processor.py:829} INFO - Processing file /home/airflow/.local/lib/python3.10/site-packages/airflow/example_dags/example_datasets.py for tasks to queue
[2025-01-15T22:05:10.323+0000] {logging_mixin.py:154} INFO - [2025-01-15T22:05:10.322+0000] {dagbag.py:536} INFO - Filling up the DagBag from /home/airflow/.local/lib/python3.10/site-packages/airflow/example_dags/example_datasets.py
[2025-01-15T22:05:10.330+0000] {processor.py:839} INFO - DAG(s) dict_keys(['dataset_consumes_unknown_never_scheduled', 'dataset_consumes_1_and_2', 'dataset_produces_2', 'dataset_produces_1', 'dataset_consumes_1_never_scheduled', 'dataset_consumes_1']) retrieved from /home/airflow/.local/lib/python3.10/site-packages/airflow/example_dags/example_datasets.py
[2025-01-15T22:05:10.363+0000] {logging_mixin.py:154} INFO - [2025-01-15T22:05:10.363+0000] {dag.py:2941} INFO - Sync 6 DAGs
[2025-01-15T22:05:10.385+0000] {logging_mixin.py:154} INFO - [2025-01-15T22:05:10.385+0000] {dag.py:3722} INFO - Setting next_dagrun for dataset_consumes_1 to None, run_after=None
[2025-01-15T22:05:10.390+0000] {logging_mixin.py:154} INFO - [2025-01-15T22:05:10.389+0000] {dag.py:3722} INFO - Setting next_dagrun for dataset_consumes_1_and_2 to None, run_after=None
[2025-01-15T22:05:10.392+0000] {logging_mixin.py:154} INFO - [2025-01-15T22:05:10.391+0000] {dag.py:3722} INFO - Setting next_dagrun for dataset_consumes_1_never_scheduled to None, run_after=None
[2025-01-15T22:05:10.393+0000] {logging_mixin.py:154} INFO - [2025-01-15T22:05:10.393+0000] {dag.py:3722} INFO - Setting next_dagrun for dataset_consumes_unknown_never_scheduled to None, run_after=None
[2025-01-15T22:05:10.396+0000] {logging_mixin.py:154} INFO - [2025-01-15T22:05:10.396+0000] {dag.py:3722} INFO - Setting next_dagrun for dataset_produces_1 to 2025-01-14T00:00:00+00:00, run_after=2025-01-15T00:00:00+00:00
[2025-01-15T22:05:10.398+0000] {logging_mixin.py:154} INFO - [2025-01-15T22:05:10.398+0000] {dag.py:3722} INFO - Setting next_dagrun for dataset_produces_2 to None, run_after=None
[2025-01-15T22:05:10.428+0000] {processor.py:179} INFO - Processing /home/airflow/.local/lib/python3.10/site-packages/airflow/example_dags/example_datasets.py took 0.112 seconds
[2025-01-15T22:05:41.005+0000] {processor.py:157} INFO - Started process (PID=237) to work on /home/airflow/.local/lib/python3.10/site-packages/airflow/example_dags/example_datasets.py
[2025-01-15T22:05:41.006+0000] {processor.py:829} INFO - Processing file /home/airflow/.local/lib/python3.10/site-packages/airflow/example_dags/example_datasets.py for tasks to queue
[2025-01-15T22:05:41.008+0000] {logging_mixin.py:154} INFO - [2025-01-15T22:05:41.008+0000] {dagbag.py:536} INFO - Filling up the DagBag from /home/airflow/.local/lib/python3.10/site-packages/airflow/example_dags/example_datasets.py
[2025-01-15T22:05:41.017+0000] {processor.py:839} INFO - DAG(s) dict_keys(['dataset_produces_1', 'dataset_consumes_1_never_scheduled', 'dataset_consumes_1', 'dataset_consumes_1_and_2', 'dataset_produces_2', 'dataset_consumes_unknown_never_scheduled']) retrieved from /home/airflow/.local/lib/python3.10/site-packages/airflow/example_dags/example_datasets.py
[2025-01-15T22:05:41.049+0000] {logging_mixin.py:154} INFO - [2025-01-15T22:05:41.049+0000] {dag.py:2941} INFO - Sync 6 DAGs
[2025-01-15T22:05:41.070+0000] {logging_mixin.py:154} INFO - [2025-01-15T22:05:41.070+0000] {dag.py:3722} INFO - Setting next_dagrun for dataset_consumes_1 to None, run_after=None
[2025-01-15T22:05:41.073+0000] {logging_mixin.py:154} INFO - [2025-01-15T22:05:41.073+0000] {dag.py:3722} INFO - Setting next_dagrun for dataset_consumes_1_and_2 to None, run_after=None
[2025-01-15T22:05:41.075+0000] {logging_mixin.py:154} INFO - [2025-01-15T22:05:41.074+0000] {dag.py:3722} INFO - Setting next_dagrun for dataset_consumes_1_never_scheduled to None, run_after=None
[2025-01-15T22:05:41.076+0000] {logging_mixin.py:154} INFO - [2025-01-15T22:05:41.076+0000] {dag.py:3722} INFO - Setting next_dagrun for dataset_consumes_unknown_never_scheduled to None, run_after=None
[2025-01-15T22:05:41.079+0000] {logging_mixin.py:154} INFO - [2025-01-15T22:05:41.078+0000] {dag.py:3722} INFO - Setting next_dagrun for dataset_produces_1 to 2025-01-14T00:00:00+00:00, run_after=2025-01-15T00:00:00+00:00
[2025-01-15T22:05:41.080+0000] {logging_mixin.py:154} INFO - [2025-01-15T22:05:41.080+0000] {dag.py:3722} INFO - Setting next_dagrun for dataset_produces_2 to None, run_after=None
[2025-01-15T22:05:41.116+0000] {processor.py:179} INFO - Processing /home/airflow/.local/lib/python3.10/site-packages/airflow/example_dags/example_datasets.py took 0.114 seconds
[2025-01-15T22:06:11.415+0000] {processor.py:157} INFO - Started process (PID=292) to work on /home/airflow/.local/lib/python3.10/site-packages/airflow/example_dags/example_datasets.py
[2025-01-15T22:06:11.416+0000] {processor.py:829} INFO - Processing file /home/airflow/.local/lib/python3.10/site-packages/airflow/example_dags/example_datasets.py for tasks to queue
[2025-01-15T22:06:11.418+0000] {logging_mixin.py:154} INFO - [2025-01-15T22:06:11.417+0000] {dagbag.py:536} INFO - Filling up the DagBag from /home/airflow/.local/lib/python3.10/site-packages/airflow/example_dags/example_datasets.py
[2025-01-15T22:06:11.426+0000] {processor.py:839} INFO - DAG(s) dict_keys(['dataset_consumes_unknown_never_scheduled', 'dataset_consumes_1', 'dataset_consumes_1_never_scheduled', 'dataset_produces_1', 'dataset_produces_2', 'dataset_consumes_1_and_2']) retrieved from /home/airflow/.local/lib/python3.10/site-packages/airflow/example_dags/example_datasets.py
[2025-01-15T22:06:11.457+0000] {logging_mixin.py:154} INFO - [2025-01-15T22:06:11.457+0000] {dag.py:2941} INFO - Sync 6 DAGs
[2025-01-15T22:06:11.479+0000] {logging_mixin.py:154} INFO - [2025-01-15T22:06:11.479+0000] {dag.py:3722} INFO - Setting next_dagrun for dataset_consumes_1 to None, run_after=None
[2025-01-15T22:06:11.482+0000] {logging_mixin.py:154} INFO - [2025-01-15T22:06:11.482+0000] {dag.py:3722} INFO - Setting next_dagrun for dataset_consumes_1_and_2 to None, run_after=None
[2025-01-15T22:06:11.484+0000] {logging_mixin.py:154} INFO - [2025-01-15T22:06:11.484+0000] {dag.py:3722} INFO - Setting next_dagrun for dataset_consumes_1_never_scheduled to None, run_after=None
[2025-01-15T22:06:11.485+0000] {logging_mixin.py:154} INFO - [2025-01-15T22:06:11.485+0000] {dag.py:3722} INFO - Setting next_dagrun for dataset_consumes_unknown_never_scheduled to None, run_after=None
[2025-01-15T22:06:11.487+0000] {logging_mixin.py:154} INFO - [2025-01-15T22:06:11.487+0000] {dag.py:3722} INFO - Setting next_dagrun for dataset_produces_1 to 2025-01-14T00:00:00+00:00, run_after=2025-01-15T00:00:00+00:00
[2025-01-15T22:06:11.489+0000] {logging_mixin.py:154} INFO - [2025-01-15T22:06:11.489+0000] {dag.py:3722} INFO - Setting next_dagrun for dataset_produces_2 to None, run_after=None
[2025-01-15T22:06:11.518+0000] {processor.py:179} INFO - Processing /home/airflow/.local/lib/python3.10/site-packages/airflow/example_dags/example_datasets.py took 0.106 seconds
[2025-01-15T22:06:41.846+0000] {processor.py:157} INFO - Started process (PID=347) to work on /home/airflow/.local/lib/python3.10/site-packages/airflow/example_dags/example_datasets.py
[2025-01-15T22:06:41.847+0000] {processor.py:829} INFO - Processing file /home/airflow/.local/lib/python3.10/site-packages/airflow/example_dags/example_datasets.py for tasks to queue
[2025-01-15T22:06:41.849+0000] {logging_mixin.py:154} INFO - [2025-01-15T22:06:41.849+0000] {dagbag.py:536} INFO - Filling up the DagBag from /home/airflow/.local/lib/python3.10/site-packages/airflow/example_dags/example_datasets.py
[2025-01-15T22:06:41.856+0000] {processor.py:839} INFO - DAG(s) dict_keys(['dataset_consumes_1', 'dataset_consumes_unknown_never_scheduled', 'dataset_produces_2', 'dataset_consumes_1_and_2', 'dataset_consumes_1_never_scheduled', 'dataset_produces_1']) retrieved from /home/airflow/.local/lib/python3.10/site-packages/airflow/example_dags/example_datasets.py
[2025-01-15T22:06:41.886+0000] {logging_mixin.py:154} INFO - [2025-01-15T22:06:41.886+0000] {dag.py:2941} INFO - Sync 6 DAGs
[2025-01-15T22:06:41.907+0000] {logging_mixin.py:154} INFO - [2025-01-15T22:06:41.907+0000] {dag.py:3722} INFO - Setting next_dagrun for dataset_consumes_1 to None, run_after=None
[2025-01-15T22:06:41.910+0000] {logging_mixin.py:154} INFO - [2025-01-15T22:06:41.910+0000] {dag.py:3722} INFO - Setting next_dagrun for dataset_consumes_1_and_2 to None, run_after=None
[2025-01-15T22:06:41.912+0000] {logging_mixin.py:154} INFO - [2025-01-15T22:06:41.912+0000] {dag.py:3722} INFO - Setting next_dagrun for dataset_consumes_1_never_scheduled to None, run_after=None
[2025-01-15T22:06:41.913+0000] {logging_mixin.py:154} INFO - [2025-01-15T22:06:41.913+0000] {dag.py:3722} INFO - Setting next_dagrun for dataset_consumes_unknown_never_scheduled to None, run_after=None
[2025-01-15T22:06:41.916+0000] {logging_mixin.py:154} INFO - [2025-01-15T22:06:41.915+0000] {dag.py:3722} INFO - Setting next_dagrun for dataset_produces_1 to 2025-01-14T00:00:00+00:00, run_after=2025-01-15T00:00:00+00:00
[2025-01-15T22:06:41.917+0000] {logging_mixin.py:154} INFO - [2025-01-15T22:06:41.917+0000] {dag.py:3722} INFO - Setting next_dagrun for dataset_produces_2 to None, run_after=None
[2025-01-15T22:06:41.951+0000] {processor.py:179} INFO - Processing /home/airflow/.local/lib/python3.10/site-packages/airflow/example_dags/example_datasets.py took 0.107 seconds
[2025-01-15T22:07:12.549+0000] {processor.py:157} INFO - Started process (PID=403) to work on /home/airflow/.local/lib/python3.10/site-packages/airflow/example_dags/example_datasets.py
[2025-01-15T22:07:12.550+0000] {processor.py:829} INFO - Processing file /home/airflow/.local/lib/python3.10/site-packages/airflow/example_dags/example_datasets.py for tasks to queue
[2025-01-15T22:07:12.551+0000] {logging_mixin.py:154} INFO - [2025-01-15T22:07:12.551+0000] {dagbag.py:536} INFO - Filling up the DagBag from /home/airflow/.local/lib/python3.10/site-packages/airflow/example_dags/example_datasets.py
[2025-01-15T22:07:12.560+0000] {processor.py:839} INFO - DAG(s) dict_keys(['dataset_consumes_1_never_scheduled', 'dataset_produces_1', 'dataset_consumes_1', 'dataset_consumes_unknown_never_scheduled', 'dataset_consumes_1_and_2', 'dataset_produces_2']) retrieved from /home/airflow/.local/lib/python3.10/site-packages/airflow/example_dags/example_datasets.py
[2025-01-15T22:07:12.590+0000] {logging_mixin.py:154} INFO - [2025-01-15T22:07:12.590+0000] {dag.py:2941} INFO - Sync 6 DAGs
[2025-01-15T22:07:12.611+0000] {logging_mixin.py:154} INFO - [2025-01-15T22:07:12.611+0000] {dag.py:3722} INFO - Setting next_dagrun for dataset_consumes_1 to None, run_after=None
[2025-01-15T22:07:12.616+0000] {logging_mixin.py:154} INFO - [2025-01-15T22:07:12.615+0000] {dag.py:3722} INFO - Setting next_dagrun for dataset_consumes_1_and_2 to None, run_after=None
[2025-01-15T22:07:12.617+0000] {logging_mixin.py:154} INFO - [2025-01-15T22:07:12.617+0000] {dag.py:3722} INFO - Setting next_dagrun for dataset_consumes_1_never_scheduled to None, run_after=None
[2025-01-15T22:07:12.618+0000] {logging_mixin.py:154} INFO - [2025-01-15T22:07:12.618+0000] {dag.py:3722} INFO - Setting next_dagrun for dataset_consumes_unknown_never_scheduled to None, run_after=None
[2025-01-15T22:07:12.621+0000] {logging_mixin.py:154} INFO - [2025-01-15T22:07:12.621+0000] {dag.py:3722} INFO - Setting next_dagrun for dataset_produces_1 to 2025-01-14T00:00:00+00:00, run_after=2025-01-15T00:00:00+00:00
[2025-01-15T22:07:12.622+0000] {logging_mixin.py:154} INFO - [2025-01-15T22:07:12.622+0000] {dag.py:3722} INFO - Setting next_dagrun for dataset_produces_2 to None, run_after=None
[2025-01-15T22:07:12.651+0000] {processor.py:179} INFO - Processing /home/airflow/.local/lib/python3.10/site-packages/airflow/example_dags/example_datasets.py took 0.105 seconds
[2025-01-15T22:08:33.230+0000] {processor.py:157} INFO - Started process (PID=71) to work on /home/airflow/.local/lib/python3.10/site-packages/airflow/example_dags/example_datasets.py
[2025-01-15T22:08:33.231+0000] {processor.py:829} INFO - Processing file /home/airflow/.local/lib/python3.10/site-packages/airflow/example_dags/example_datasets.py for tasks to queue
[2025-01-15T22:08:33.233+0000] {logging_mixin.py:154} INFO - [2025-01-15T22:08:33.233+0000] {dagbag.py:536} INFO - Filling up the DagBag from /home/airflow/.local/lib/python3.10/site-packages/airflow/example_dags/example_datasets.py
[2025-01-15T22:08:33.245+0000] {processor.py:839} INFO - DAG(s) dict_keys(['dataset_consumes_1_and_2', 'dataset_consumes_1_never_scheduled', 'dataset_consumes_1', 'dataset_consumes_unknown_never_scheduled', 'dataset_produces_2', 'dataset_produces_1']) retrieved from /home/airflow/.local/lib/python3.10/site-packages/airflow/example_dags/example_datasets.py
[2025-01-15T22:08:33.260+0000] {logging_mixin.py:154} INFO - [2025-01-15T22:08:33.260+0000] {dag.py:2941} INFO - Sync 6 DAGs
[2025-01-15T22:08:33.283+0000] {logging_mixin.py:154} INFO - [2025-01-15T22:08:33.283+0000] {dag.py:3722} INFO - Setting next_dagrun for dataset_consumes_1 to None, run_after=None
[2025-01-15T22:08:33.287+0000] {logging_mixin.py:154} INFO - [2025-01-15T22:08:33.287+0000] {dag.py:3722} INFO - Setting next_dagrun for dataset_consumes_1_and_2 to None, run_after=None
[2025-01-15T22:08:33.288+0000] {logging_mixin.py:154} INFO - [2025-01-15T22:08:33.288+0000] {dag.py:3722} INFO - Setting next_dagrun for dataset_consumes_1_never_scheduled to None, run_after=None
[2025-01-15T22:08:33.289+0000] {logging_mixin.py:154} INFO - [2025-01-15T22:08:33.289+0000] {dag.py:3722} INFO - Setting next_dagrun for dataset_consumes_unknown_never_scheduled to None, run_after=None
[2025-01-15T22:08:33.292+0000] {logging_mixin.py:154} INFO - [2025-01-15T22:08:33.292+0000] {dag.py:3722} INFO - Setting next_dagrun for dataset_produces_1 to 2025-01-14T00:00:00+00:00, run_after=2025-01-15T00:00:00+00:00
[2025-01-15T22:08:33.293+0000] {logging_mixin.py:154} INFO - [2025-01-15T22:08:33.293+0000] {dag.py:3722} INFO - Setting next_dagrun for dataset_produces_2 to None, run_after=None
[2025-01-15T22:08:33.327+0000] {processor.py:179} INFO - Processing /home/airflow/.local/lib/python3.10/site-packages/airflow/example_dags/example_datasets.py took 0.100 seconds
[2025-01-15T22:09:04.395+0000] {processor.py:157} INFO - Started process (PID=127) to work on /home/airflow/.local/lib/python3.10/site-packages/airflow/example_dags/example_datasets.py
[2025-01-15T22:09:04.396+0000] {processor.py:829} INFO - Processing file /home/airflow/.local/lib/python3.10/site-packages/airflow/example_dags/example_datasets.py for tasks to queue
[2025-01-15T22:09:04.398+0000] {logging_mixin.py:154} INFO - [2025-01-15T22:09:04.398+0000] {dagbag.py:536} INFO - Filling up the DagBag from /home/airflow/.local/lib/python3.10/site-packages/airflow/example_dags/example_datasets.py
[2025-01-15T22:09:04.407+0000] {processor.py:839} INFO - DAG(s) dict_keys(['dataset_produces_2', 'dataset_produces_1', 'dataset_consumes_1_never_scheduled', 'dataset_consumes_1', 'dataset_consumes_unknown_never_scheduled', 'dataset_consumes_1_and_2']) retrieved from /home/airflow/.local/lib/python3.10/site-packages/airflow/example_dags/example_datasets.py
[2025-01-15T22:09:04.445+0000] {logging_mixin.py:154} INFO - [2025-01-15T22:09:04.444+0000] {dag.py:2941} INFO - Sync 6 DAGs
[2025-01-15T22:09:04.469+0000] {logging_mixin.py:154} INFO - [2025-01-15T22:09:04.468+0000] {dag.py:3722} INFO - Setting next_dagrun for dataset_consumes_1 to None, run_after=None
[2025-01-15T22:09:04.473+0000] {logging_mixin.py:154} INFO - [2025-01-15T22:09:04.472+0000] {dag.py:3722} INFO - Setting next_dagrun for dataset_consumes_1_and_2 to None, run_after=None
[2025-01-15T22:09:04.474+0000] {logging_mixin.py:154} INFO - [2025-01-15T22:09:04.474+0000] {dag.py:3722} INFO - Setting next_dagrun for dataset_consumes_1_never_scheduled to None, run_after=None
[2025-01-15T22:09:04.475+0000] {logging_mixin.py:154} INFO - [2025-01-15T22:09:04.475+0000] {dag.py:3722} INFO - Setting next_dagrun for dataset_consumes_unknown_never_scheduled to None, run_after=None
[2025-01-15T22:09:04.478+0000] {logging_mixin.py:154} INFO - [2025-01-15T22:09:04.478+0000] {dag.py:3722} INFO - Setting next_dagrun for dataset_produces_1 to 2025-01-14T00:00:00+00:00, run_after=2025-01-15T00:00:00+00:00
[2025-01-15T22:09:04.480+0000] {logging_mixin.py:154} INFO - [2025-01-15T22:09:04.479+0000] {dag.py:3722} INFO - Setting next_dagrun for dataset_produces_2 to None, run_after=None
[2025-01-15T22:09:04.517+0000] {processor.py:179} INFO - Processing /home/airflow/.local/lib/python3.10/site-packages/airflow/example_dags/example_datasets.py took 0.125 seconds
