[2025-01-13T12:22:12.203+0000] {processor.py:157} INFO - Started process (PID=48) to work on /opt/airflow/dags/charn2.py
[2025-01-13T12:22:12.204+0000] {processor.py:829} INFO - Processing file /opt/airflow/dags/charn2.py for tasks to queue
[2025-01-13T12:22:12.208+0000] {logging_mixin.py:154} INFO - [2025-01-13T12:22:12.207+0000] {dagbag.py:536} INFO - Filling up the DagBag from /opt/airflow/dags/charn2.py
[2025-01-13T12:22:12.750+0000] {logging_mixin.py:154} INFO - [2025-01-13T12:22:12.750+0000] {crypto.py:82} WARNING - empty cryptography key - values will not be stored encrypted.
[2025-01-13T12:22:12.752+0000] {logging_mixin.py:154} INFO - [2025-01-13T12:22:12.751+0000] {base.py:73} INFO - Using connection ID 'destination_db' for task execution.
[2025-01-13T12:22:13.446+0000] {processor.py:839} INFO - DAG(s) dict_keys(['prepare_flats_dataset']) retrieved from /opt/airflow/dags/charn2.py
[2025-01-13T12:22:13.807+0000] {logging_mixin.py:154} INFO - [2025-01-13T12:22:13.807+0000] {manager.py:499} INFO - Created Permission View: %s
[2025-01-13T12:22:13.819+0000] {logging_mixin.py:154} INFO - [2025-01-13T12:22:13.818+0000] {manager.py:499} INFO - Created Permission View: %s
[2025-01-13T12:22:13.826+0000] {logging_mixin.py:154} INFO - [2025-01-13T12:22:13.826+0000] {manager.py:499} INFO - Created Permission View: %s
[2025-01-13T12:22:13.827+0000] {logging_mixin.py:154} INFO - [2025-01-13T12:22:13.827+0000] {dag.py:2941} INFO - Sync 1 DAGs
[2025-01-13T12:22:13.838+0000] {logging_mixin.py:154} INFO - [2025-01-13T12:22:13.838+0000] {dag.py:2963} INFO - Creating ORM DAG for prepare_flats_dataset
[2025-01-13T12:22:13.847+0000] {logging_mixin.py:154} INFO - [2025-01-13T12:22:13.847+0000] {dag.py:3722} INFO - Setting next_dagrun for prepare_flats_dataset to 2023-01-01T00:00:00+00:00, run_after=2023-01-01T00:00:00+00:00
[2025-01-13T12:22:13.865+0000] {processor.py:179} INFO - Processing /opt/airflow/dags/charn2.py took 1.667 seconds
[2025-01-13T12:22:44.015+0000] {processor.py:157} INFO - Started process (PID=114) to work on /opt/airflow/dags/charn2.py
[2025-01-13T12:22:44.016+0000] {processor.py:829} INFO - Processing file /opt/airflow/dags/charn2.py for tasks to queue
[2025-01-13T12:22:44.017+0000] {logging_mixin.py:154} INFO - [2025-01-13T12:22:44.017+0000] {dagbag.py:536} INFO - Filling up the DagBag from /opt/airflow/dags/charn2.py
[2025-01-13T12:22:44.415+0000] {logging_mixin.py:154} INFO - [2025-01-13T12:22:44.415+0000] {crypto.py:82} WARNING - empty cryptography key - values will not be stored encrypted.
[2025-01-13T12:22:44.416+0000] {logging_mixin.py:154} INFO - [2025-01-13T12:22:44.416+0000] {base.py:73} INFO - Using connection ID 'destination_db' for task execution.
[2025-01-13T12:22:44.911+0000] {processor.py:839} INFO - DAG(s) dict_keys(['prepare_flats_dataset']) retrieved from /opt/airflow/dags/charn2.py
[2025-01-13T12:22:44.926+0000] {logging_mixin.py:154} INFO - [2025-01-13T12:22:44.925+0000] {dag.py:2941} INFO - Sync 1 DAGs
[2025-01-13T12:22:44.942+0000] {logging_mixin.py:154} INFO - [2025-01-13T12:22:44.942+0000] {dag.py:3722} INFO - Setting next_dagrun for prepare_flats_dataset to 2023-01-01T00:00:00+00:00, run_after=2023-01-01T00:00:00+00:00
[2025-01-13T12:22:44.955+0000] {processor.py:179} INFO - Processing /opt/airflow/dags/charn2.py took 0.943 seconds
[2025-01-13T12:23:15.296+0000] {processor.py:157} INFO - Started process (PID=171) to work on /opt/airflow/dags/charn2.py
[2025-01-13T12:23:15.297+0000] {processor.py:829} INFO - Processing file /opt/airflow/dags/charn2.py for tasks to queue
[2025-01-13T12:23:15.299+0000] {logging_mixin.py:154} INFO - [2025-01-13T12:23:15.299+0000] {dagbag.py:536} INFO - Filling up the DagBag from /opt/airflow/dags/charn2.py
[2025-01-13T12:23:15.699+0000] {logging_mixin.py:154} INFO - [2025-01-13T12:23:15.699+0000] {crypto.py:82} WARNING - empty cryptography key - values will not be stored encrypted.
[2025-01-13T12:23:15.701+0000] {logging_mixin.py:154} INFO - [2025-01-13T12:23:15.700+0000] {base.py:73} INFO - Using connection ID 'destination_db' for task execution.
[2025-01-13T12:23:16.190+0000] {processor.py:839} INFO - DAG(s) dict_keys(['prepare_flats_dataset']) retrieved from /opt/airflow/dags/charn2.py
[2025-01-13T12:23:16.204+0000] {logging_mixin.py:154} INFO - [2025-01-13T12:23:16.203+0000] {dag.py:2941} INFO - Sync 1 DAGs
[2025-01-13T12:23:16.221+0000] {logging_mixin.py:154} INFO - [2025-01-13T12:23:16.221+0000] {dag.py:3722} INFO - Setting next_dagrun for prepare_flats_dataset to 2023-01-01T00:00:00+00:00, run_after=2023-01-01T00:00:00+00:00
[2025-01-13T12:23:16.234+0000] {processor.py:179} INFO - Processing /opt/airflow/dags/charn2.py took 0.941 seconds
[2025-01-13T12:23:46.299+0000] {processor.py:157} INFO - Started process (PID=242) to work on /opt/airflow/dags/charn2.py
[2025-01-13T12:23:46.300+0000] {processor.py:829} INFO - Processing file /opt/airflow/dags/charn2.py for tasks to queue
[2025-01-13T12:23:46.302+0000] {logging_mixin.py:154} INFO - [2025-01-13T12:23:46.302+0000] {dagbag.py:536} INFO - Filling up the DagBag from /opt/airflow/dags/charn2.py
[2025-01-13T12:23:46.731+0000] {logging_mixin.py:154} INFO - [2025-01-13T12:23:46.731+0000] {crypto.py:82} WARNING - empty cryptography key - values will not be stored encrypted.
[2025-01-13T12:23:46.733+0000] {logging_mixin.py:154} INFO - [2025-01-13T12:23:46.732+0000] {base.py:73} INFO - Using connection ID 'destination_db' for task execution.
[2025-01-13T12:23:47.195+0000] {processor.py:839} INFO - DAG(s) dict_keys(['prepare_flats_dataset']) retrieved from /opt/airflow/dags/charn2.py
[2025-01-13T12:23:47.210+0000] {logging_mixin.py:154} INFO - [2025-01-13T12:23:47.210+0000] {dag.py:2941} INFO - Sync 1 DAGs
[2025-01-13T12:23:47.228+0000] {logging_mixin.py:154} INFO - [2025-01-13T12:23:47.228+0000] {dag.py:3722} INFO - Setting next_dagrun for prepare_flats_dataset to 2023-01-01T00:00:00+00:00, run_after=2023-01-01T00:00:00+00:00
[2025-01-13T12:23:47.241+0000] {processor.py:179} INFO - Processing /opt/airflow/dags/charn2.py took 0.945 seconds
[2025-01-13T12:24:43.061+0000] {processor.py:157} INFO - Started process (PID=55) to work on /opt/airflow/dags/charn2.py
[2025-01-13T12:24:43.063+0000] {processor.py:829} INFO - Processing file /opt/airflow/dags/charn2.py for tasks to queue
[2025-01-13T12:24:43.066+0000] {logging_mixin.py:154} INFO - [2025-01-13T12:24:43.065+0000] {dagbag.py:536} INFO - Filling up the DagBag from /opt/airflow/dags/charn2.py
[2025-01-13T12:24:44.391+0000] {logging_mixin.py:154} INFO - [2025-01-13T12:24:44.391+0000] {crypto.py:82} WARNING - empty cryptography key - values will not be stored encrypted.
[2025-01-13T12:24:44.393+0000] {logging_mixin.py:154} INFO - [2025-01-13T12:24:44.393+0000] {base.py:73} INFO - Using connection ID 'destination_db' for task execution.
[2025-01-13T12:24:44.906+0000] {processor.py:839} INFO - DAG(s) dict_keys(['prepare_flats_dataset']) retrieved from /opt/airflow/dags/charn2.py
[2025-01-13T12:24:45.136+0000] {logging_mixin.py:154} INFO - [2025-01-13T12:24:45.136+0000] {dag.py:2941} INFO - Sync 1 DAGs
[2025-01-13T12:24:45.158+0000] {logging_mixin.py:154} INFO - [2025-01-13T12:24:45.158+0000] {dag.py:3722} INFO - Setting next_dagrun for prepare_flats_dataset to 2023-01-01T00:00:00+00:00, run_after=2023-01-01T00:00:00+00:00
[2025-01-13T12:24:45.181+0000] {processor.py:179} INFO - Processing /opt/airflow/dags/charn2.py took 2.125 seconds
[2025-01-13T12:25:15.272+0000] {processor.py:157} INFO - Started process (PID=129) to work on /opt/airflow/dags/charn2.py
[2025-01-13T12:25:15.273+0000] {processor.py:829} INFO - Processing file /opt/airflow/dags/charn2.py for tasks to queue
[2025-01-13T12:25:15.276+0000] {logging_mixin.py:154} INFO - [2025-01-13T12:25:15.275+0000] {dagbag.py:536} INFO - Filling up the DagBag from /opt/airflow/dags/charn2.py
[2025-01-13T12:25:15.746+0000] {logging_mixin.py:154} INFO - [2025-01-13T12:25:15.746+0000] {crypto.py:82} WARNING - empty cryptography key - values will not be stored encrypted.
[2025-01-13T12:25:15.748+0000] {logging_mixin.py:154} INFO - [2025-01-13T12:25:15.747+0000] {base.py:73} INFO - Using connection ID 'destination_db' for task execution.
[2025-01-13T12:25:16.218+0000] {processor.py:839} INFO - DAG(s) dict_keys(['prepare_flats_dataset']) retrieved from /opt/airflow/dags/charn2.py
[2025-01-13T12:25:16.241+0000] {logging_mixin.py:154} INFO - [2025-01-13T12:25:16.240+0000] {dag.py:2941} INFO - Sync 1 DAGs
[2025-01-13T12:25:16.263+0000] {logging_mixin.py:154} INFO - [2025-01-13T12:25:16.263+0000] {dag.py:3722} INFO - Setting next_dagrun for prepare_flats_dataset to 2023-01-01T00:00:00+00:00, run_after=2023-01-01T00:00:00+00:00
[2025-01-13T12:25:16.281+0000] {processor.py:179} INFO - Processing /opt/airflow/dags/charn2.py took 1.012 seconds
[2025-01-13T12:25:46.859+0000] {processor.py:157} INFO - Started process (PID=190) to work on /opt/airflow/dags/charn2.py
[2025-01-13T12:25:46.860+0000] {processor.py:829} INFO - Processing file /opt/airflow/dags/charn2.py for tasks to queue
[2025-01-13T12:25:46.862+0000] {logging_mixin.py:154} INFO - [2025-01-13T12:25:46.862+0000] {dagbag.py:536} INFO - Filling up the DagBag from /opt/airflow/dags/charn2.py
[2025-01-13T12:25:47.302+0000] {logging_mixin.py:154} INFO - [2025-01-13T12:25:47.302+0000] {crypto.py:82} WARNING - empty cryptography key - values will not be stored encrypted.
[2025-01-13T12:25:47.303+0000] {logging_mixin.py:154} INFO - [2025-01-13T12:25:47.303+0000] {base.py:73} INFO - Using connection ID 'destination_db' for task execution.
[2025-01-13T12:25:47.781+0000] {processor.py:839} INFO - DAG(s) dict_keys(['prepare_flats_dataset']) retrieved from /opt/airflow/dags/charn2.py
[2025-01-13T12:25:47.795+0000] {logging_mixin.py:154} INFO - [2025-01-13T12:25:47.795+0000] {dag.py:2941} INFO - Sync 1 DAGs
[2025-01-13T12:25:47.811+0000] {logging_mixin.py:154} INFO - [2025-01-13T12:25:47.811+0000] {dag.py:3722} INFO - Setting next_dagrun for prepare_flats_dataset to 2023-01-01T00:00:00+00:00, run_after=2023-01-01T00:00:00+00:00
[2025-01-13T12:25:47.828+0000] {processor.py:179} INFO - Processing /opt/airflow/dags/charn2.py took 0.972 seconds
[2025-01-13T12:26:17.899+0000] {processor.py:157} INFO - Started process (PID=255) to work on /opt/airflow/dags/charn2.py
[2025-01-13T12:26:17.900+0000] {processor.py:829} INFO - Processing file /opt/airflow/dags/charn2.py for tasks to queue
[2025-01-13T12:26:17.902+0000] {logging_mixin.py:154} INFO - [2025-01-13T12:26:17.901+0000] {dagbag.py:536} INFO - Filling up the DagBag from /opt/airflow/dags/charn2.py
[2025-01-13T12:26:18.324+0000] {logging_mixin.py:154} INFO - [2025-01-13T12:26:18.324+0000] {crypto.py:82} WARNING - empty cryptography key - values will not be stored encrypted.
[2025-01-13T12:26:18.326+0000] {logging_mixin.py:154} INFO - [2025-01-13T12:26:18.325+0000] {base.py:73} INFO - Using connection ID 'destination_db' for task execution.
[2025-01-13T12:26:18.775+0000] {processor.py:839} INFO - DAG(s) dict_keys(['prepare_flats_dataset']) retrieved from /opt/airflow/dags/charn2.py
[2025-01-13T12:26:18.794+0000] {logging_mixin.py:154} INFO - [2025-01-13T12:26:18.793+0000] {dag.py:2941} INFO - Sync 1 DAGs
[2025-01-13T12:26:18.815+0000] {logging_mixin.py:154} INFO - [2025-01-13T12:26:18.815+0000] {dag.py:3722} INFO - Setting next_dagrun for prepare_flats_dataset to 2023-01-01T00:00:00+00:00, run_after=2023-01-01T00:00:00+00:00
[2025-01-13T12:26:18.834+0000] {processor.py:179} INFO - Processing /opt/airflow/dags/charn2.py took 0.938 seconds
[2025-01-13T12:26:49.175+0000] {processor.py:157} INFO - Started process (PID=313) to work on /opt/airflow/dags/charn2.py
[2025-01-13T12:26:49.176+0000] {processor.py:829} INFO - Processing file /opt/airflow/dags/charn2.py for tasks to queue
[2025-01-13T12:26:49.178+0000] {logging_mixin.py:154} INFO - [2025-01-13T12:26:49.178+0000] {dagbag.py:536} INFO - Filling up the DagBag from /opt/airflow/dags/charn2.py
[2025-01-13T12:26:49.582+0000] {logging_mixin.py:154} INFO - [2025-01-13T12:26:49.582+0000] {crypto.py:82} WARNING - empty cryptography key - values will not be stored encrypted.
[2025-01-13T12:26:49.583+0000] {logging_mixin.py:154} INFO - [2025-01-13T12:26:49.582+0000] {base.py:73} INFO - Using connection ID 'destination_db' for task execution.
[2025-01-13T12:26:50.086+0000] {processor.py:839} INFO - DAG(s) dict_keys(['prepare_flats_dataset']) retrieved from /opt/airflow/dags/charn2.py
[2025-01-13T12:26:50.100+0000] {logging_mixin.py:154} INFO - [2025-01-13T12:26:50.100+0000] {dag.py:2941} INFO - Sync 1 DAGs
[2025-01-13T12:26:50.116+0000] {logging_mixin.py:154} INFO - [2025-01-13T12:26:50.116+0000] {dag.py:3722} INFO - Setting next_dagrun for prepare_flats_dataset to 2023-01-01T00:00:00+00:00, run_after=2023-01-01T00:00:00+00:00
[2025-01-13T12:26:50.130+0000] {processor.py:179} INFO - Processing /opt/airflow/dags/charn2.py took 0.957 seconds
[2025-01-13T12:27:21.113+0000] {processor.py:157} INFO - Started process (PID=384) to work on /opt/airflow/dags/charn2.py
[2025-01-13T12:27:21.117+0000] {processor.py:829} INFO - Processing file /opt/airflow/dags/charn2.py for tasks to queue
[2025-01-13T12:27:21.121+0000] {logging_mixin.py:154} INFO - [2025-01-13T12:27:21.120+0000] {dagbag.py:536} INFO - Filling up the DagBag from /opt/airflow/dags/charn2.py
[2025-01-13T12:27:21.601+0000] {logging_mixin.py:154} INFO - [2025-01-13T12:27:21.601+0000] {crypto.py:82} WARNING - empty cryptography key - values will not be stored encrypted.
[2025-01-13T12:27:21.603+0000] {logging_mixin.py:154} INFO - [2025-01-13T12:27:21.602+0000] {base.py:73} INFO - Using connection ID 'destination_db' for task execution.
[2025-01-13T12:27:22.140+0000] {processor.py:839} INFO - DAG(s) dict_keys(['prepare_flats_dataset']) retrieved from /opt/airflow/dags/charn2.py
[2025-01-13T12:27:22.162+0000] {logging_mixin.py:154} INFO - [2025-01-13T12:27:22.161+0000] {dag.py:2941} INFO - Sync 1 DAGs
[2025-01-13T12:27:22.186+0000] {logging_mixin.py:154} INFO - [2025-01-13T12:27:22.186+0000] {dag.py:3722} INFO - Setting next_dagrun for prepare_flats_dataset to None, run_after=None
[2025-01-13T12:27:22.211+0000] {processor.py:179} INFO - Processing /opt/airflow/dags/charn2.py took 1.101 seconds
[2025-01-13T12:27:52.444+0000] {processor.py:157} INFO - Started process (PID=444) to work on /opt/airflow/dags/charn2.py
[2025-01-13T12:27:52.445+0000] {processor.py:829} INFO - Processing file /opt/airflow/dags/charn2.py for tasks to queue
[2025-01-13T12:27:52.447+0000] {logging_mixin.py:154} INFO - [2025-01-13T12:27:52.447+0000] {dagbag.py:536} INFO - Filling up the DagBag from /opt/airflow/dags/charn2.py
[2025-01-13T12:27:52.900+0000] {logging_mixin.py:154} INFO - [2025-01-13T12:27:52.900+0000] {crypto.py:82} WARNING - empty cryptography key - values will not be stored encrypted.
[2025-01-13T12:27:52.902+0000] {logging_mixin.py:154} INFO - [2025-01-13T12:27:52.901+0000] {base.py:73} INFO - Using connection ID 'destination_db' for task execution.
[2025-01-13T12:27:53.579+0000] {processor.py:839} INFO - DAG(s) dict_keys(['prepare_flats_dataset']) retrieved from /opt/airflow/dags/charn2.py
[2025-01-13T12:27:53.596+0000] {logging_mixin.py:154} INFO - [2025-01-13T12:27:53.595+0000] {dag.py:2941} INFO - Sync 1 DAGs
[2025-01-13T12:27:53.613+0000] {logging_mixin.py:154} INFO - [2025-01-13T12:27:53.612+0000] {dag.py:3722} INFO - Setting next_dagrun for prepare_flats_dataset to None, run_after=None
[2025-01-13T12:27:53.628+0000] {processor.py:179} INFO - Processing /opt/airflow/dags/charn2.py took 1.188 seconds
[2025-01-13T12:28:23.959+0000] {processor.py:157} INFO - Started process (PID=502) to work on /opt/airflow/dags/charn2.py
[2025-01-13T12:28:23.960+0000] {processor.py:829} INFO - Processing file /opt/airflow/dags/charn2.py for tasks to queue
[2025-01-13T12:28:23.962+0000] {logging_mixin.py:154} INFO - [2025-01-13T12:28:23.962+0000] {dagbag.py:536} INFO - Filling up the DagBag from /opt/airflow/dags/charn2.py
[2025-01-13T12:28:24.369+0000] {logging_mixin.py:154} INFO - [2025-01-13T12:28:24.369+0000] {crypto.py:82} WARNING - empty cryptography key - values will not be stored encrypted.
[2025-01-13T12:28:24.371+0000] {logging_mixin.py:154} INFO - [2025-01-13T12:28:24.370+0000] {base.py:73} INFO - Using connection ID 'destination_db' for task execution.
[2025-01-13T12:28:24.946+0000] {processor.py:839} INFO - DAG(s) dict_keys(['prepare_flats_dataset']) retrieved from /opt/airflow/dags/charn2.py
[2025-01-13T12:28:24.963+0000] {logging_mixin.py:154} INFO - [2025-01-13T12:28:24.962+0000] {dag.py:2941} INFO - Sync 1 DAGs
[2025-01-13T12:28:24.981+0000] {logging_mixin.py:154} INFO - [2025-01-13T12:28:24.981+0000] {dag.py:3722} INFO - Setting next_dagrun for prepare_flats_dataset to None, run_after=None
[2025-01-13T12:28:24.998+0000] {processor.py:179} INFO - Processing /opt/airflow/dags/charn2.py took 1.041 seconds
[2025-01-13T12:28:55.536+0000] {processor.py:157} INFO - Started process (PID=558) to work on /opt/airflow/dags/charn2.py
[2025-01-13T12:28:55.538+0000] {processor.py:829} INFO - Processing file /opt/airflow/dags/charn2.py for tasks to queue
[2025-01-13T12:28:55.541+0000] {logging_mixin.py:154} INFO - [2025-01-13T12:28:55.540+0000] {dagbag.py:536} INFO - Filling up the DagBag from /opt/airflow/dags/charn2.py
[2025-01-13T12:28:56.049+0000] {logging_mixin.py:154} INFO - [2025-01-13T12:28:56.049+0000] {crypto.py:82} WARNING - empty cryptography key - values will not be stored encrypted.
[2025-01-13T12:28:56.051+0000] {logging_mixin.py:154} INFO - [2025-01-13T12:28:56.050+0000] {base.py:73} INFO - Using connection ID 'destination_db' for task execution.
[2025-01-13T12:28:56.566+0000] {processor.py:839} INFO - DAG(s) dict_keys(['prepare_flats_dataset']) retrieved from /opt/airflow/dags/charn2.py
[2025-01-13T12:28:56.584+0000] {logging_mixin.py:154} INFO - [2025-01-13T12:28:56.584+0000] {dag.py:2941} INFO - Sync 1 DAGs
[2025-01-13T12:28:56.603+0000] {logging_mixin.py:154} INFO - [2025-01-13T12:28:56.603+0000] {dag.py:3722} INFO - Setting next_dagrun for prepare_flats_dataset to None, run_after=None
[2025-01-13T12:28:56.620+0000] {processor.py:179} INFO - Processing /opt/airflow/dags/charn2.py took 1.087 seconds
[2025-01-13T12:29:26.946+0000] {processor.py:157} INFO - Started process (PID=614) to work on /opt/airflow/dags/charn2.py
[2025-01-13T12:29:26.946+0000] {processor.py:829} INFO - Processing file /opt/airflow/dags/charn2.py for tasks to queue
[2025-01-13T12:29:26.948+0000] {logging_mixin.py:154} INFO - [2025-01-13T12:29:26.948+0000] {dagbag.py:536} INFO - Filling up the DagBag from /opt/airflow/dags/charn2.py
[2025-01-13T12:29:27.327+0000] {logging_mixin.py:154} INFO - [2025-01-13T12:29:27.327+0000] {crypto.py:82} WARNING - empty cryptography key - values will not be stored encrypted.
[2025-01-13T12:29:27.329+0000] {logging_mixin.py:154} INFO - [2025-01-13T12:29:27.328+0000] {base.py:73} INFO - Using connection ID 'destination_db' for task execution.
[2025-01-13T12:29:27.814+0000] {processor.py:839} INFO - DAG(s) dict_keys(['prepare_flats_dataset']) retrieved from /opt/airflow/dags/charn2.py
[2025-01-13T12:29:27.831+0000] {logging_mixin.py:154} INFO - [2025-01-13T12:29:27.831+0000] {dag.py:2941} INFO - Sync 1 DAGs
[2025-01-13T12:29:27.851+0000] {logging_mixin.py:154} INFO - [2025-01-13T12:29:27.850+0000] {dag.py:3722} INFO - Setting next_dagrun for prepare_flats_dataset to None, run_after=None
[2025-01-13T12:29:27.866+0000] {processor.py:179} INFO - Processing /opt/airflow/dags/charn2.py took 0.929 seconds
[2025-01-13T12:29:58.122+0000] {processor.py:157} INFO - Started process (PID=670) to work on /opt/airflow/dags/charn2.py
[2025-01-13T12:29:58.123+0000] {processor.py:829} INFO - Processing file /opt/airflow/dags/charn2.py for tasks to queue
[2025-01-13T12:29:58.125+0000] {logging_mixin.py:154} INFO - [2025-01-13T12:29:58.125+0000] {dagbag.py:536} INFO - Filling up the DagBag from /opt/airflow/dags/charn2.py
[2025-01-13T12:29:58.557+0000] {logging_mixin.py:154} INFO - [2025-01-13T12:29:58.557+0000] {crypto.py:82} WARNING - empty cryptography key - values will not be stored encrypted.
[2025-01-13T12:29:58.558+0000] {logging_mixin.py:154} INFO - [2025-01-13T12:29:58.558+0000] {base.py:73} INFO - Using connection ID 'destination_db' for task execution.
[2025-01-13T12:29:59.053+0000] {processor.py:839} INFO - DAG(s) dict_keys(['prepare_flats_dataset']) retrieved from /opt/airflow/dags/charn2.py
[2025-01-13T12:29:59.070+0000] {logging_mixin.py:154} INFO - [2025-01-13T12:29:59.069+0000] {dag.py:2941} INFO - Sync 1 DAGs
[2025-01-13T12:29:59.087+0000] {logging_mixin.py:154} INFO - [2025-01-13T12:29:59.087+0000] {dag.py:3722} INFO - Setting next_dagrun for prepare_flats_dataset to None, run_after=None
[2025-01-13T12:29:59.110+0000] {processor.py:179} INFO - Processing /opt/airflow/dags/charn2.py took 0.992 seconds
[2025-01-13T12:30:29.507+0000] {processor.py:157} INFO - Started process (PID=726) to work on /opt/airflow/dags/charn2.py
[2025-01-13T12:30:29.508+0000] {processor.py:829} INFO - Processing file /opt/airflow/dags/charn2.py for tasks to queue
[2025-01-13T12:30:29.510+0000] {logging_mixin.py:154} INFO - [2025-01-13T12:30:29.510+0000] {dagbag.py:536} INFO - Filling up the DagBag from /opt/airflow/dags/charn2.py
[2025-01-13T12:30:29.871+0000] {logging_mixin.py:154} INFO - [2025-01-13T12:30:29.871+0000] {crypto.py:82} WARNING - empty cryptography key - values will not be stored encrypted.
[2025-01-13T12:30:29.873+0000] {logging_mixin.py:154} INFO - [2025-01-13T12:30:29.872+0000] {base.py:73} INFO - Using connection ID 'destination_db' for task execution.
[2025-01-13T12:30:30.375+0000] {processor.py:839} INFO - DAG(s) dict_keys(['prepare_flats_dataset']) retrieved from /opt/airflow/dags/charn2.py
[2025-01-13T12:30:30.393+0000] {logging_mixin.py:154} INFO - [2025-01-13T12:30:30.393+0000] {dag.py:2941} INFO - Sync 1 DAGs
[2025-01-13T12:30:30.410+0000] {logging_mixin.py:154} INFO - [2025-01-13T12:30:30.409+0000] {dag.py:3722} INFO - Setting next_dagrun for prepare_flats_dataset to None, run_after=None
[2025-01-13T12:30:30.432+0000] {processor.py:179} INFO - Processing /opt/airflow/dags/charn2.py took 0.928 seconds
[2025-01-13T12:31:00.732+0000] {processor.py:157} INFO - Started process (PID=782) to work on /opt/airflow/dags/charn2.py
[2025-01-13T12:31:00.733+0000] {processor.py:829} INFO - Processing file /opt/airflow/dags/charn2.py for tasks to queue
[2025-01-13T12:31:00.735+0000] {logging_mixin.py:154} INFO - [2025-01-13T12:31:00.734+0000] {dagbag.py:536} INFO - Filling up the DagBag from /opt/airflow/dags/charn2.py
[2025-01-13T12:31:01.117+0000] {logging_mixin.py:154} INFO - [2025-01-13T12:31:01.117+0000] {crypto.py:82} WARNING - empty cryptography key - values will not be stored encrypted.
[2025-01-13T12:31:01.118+0000] {logging_mixin.py:154} INFO - [2025-01-13T12:31:01.118+0000] {base.py:73} INFO - Using connection ID 'destination_db' for task execution.
[2025-01-13T12:31:01.632+0000] {processor.py:839} INFO - DAG(s) dict_keys(['prepare_flats_dataset']) retrieved from /opt/airflow/dags/charn2.py
[2025-01-13T12:31:01.649+0000] {logging_mixin.py:154} INFO - [2025-01-13T12:31:01.648+0000] {dag.py:2941} INFO - Sync 1 DAGs
[2025-01-13T12:31:01.666+0000] {logging_mixin.py:154} INFO - [2025-01-13T12:31:01.666+0000] {dag.py:3722} INFO - Setting next_dagrun for prepare_flats_dataset to None, run_after=None
[2025-01-13T12:31:01.688+0000] {processor.py:179} INFO - Processing /opt/airflow/dags/charn2.py took 0.959 seconds
[2025-01-13T12:31:31.861+0000] {processor.py:157} INFO - Started process (PID=838) to work on /opt/airflow/dags/charn2.py
[2025-01-13T12:31:31.862+0000] {processor.py:829} INFO - Processing file /opt/airflow/dags/charn2.py for tasks to queue
[2025-01-13T12:31:31.865+0000] {logging_mixin.py:154} INFO - [2025-01-13T12:31:31.864+0000] {dagbag.py:536} INFO - Filling up the DagBag from /opt/airflow/dags/charn2.py
[2025-01-13T12:31:32.252+0000] {logging_mixin.py:154} INFO - [2025-01-13T12:31:32.252+0000] {crypto.py:82} WARNING - empty cryptography key - values will not be stored encrypted.
[2025-01-13T12:31:32.254+0000] {logging_mixin.py:154} INFO - [2025-01-13T12:31:32.253+0000] {base.py:73} INFO - Using connection ID 'destination_db' for task execution.
[2025-01-13T12:31:32.736+0000] {processor.py:839} INFO - DAG(s) dict_keys(['prepare_flats_dataset']) retrieved from /opt/airflow/dags/charn2.py
[2025-01-13T12:31:32.753+0000] {logging_mixin.py:154} INFO - [2025-01-13T12:31:32.752+0000] {dag.py:2941} INFO - Sync 1 DAGs
[2025-01-13T12:31:32.770+0000] {logging_mixin.py:154} INFO - [2025-01-13T12:31:32.769+0000] {dag.py:3722} INFO - Setting next_dagrun for prepare_flats_dataset to None, run_after=None
[2025-01-13T12:31:32.784+0000] {processor.py:179} INFO - Processing /opt/airflow/dags/charn2.py took 0.925 seconds
